[2025-12-10T18:39:55.891+0000] {local_task_job_runner.py:123} INFO - ::group::Pre task execution logs
[2025-12-10T18:39:55.918+0000] {taskinstance.py:2612} INFO - Dependencies all met for dep_context=non-requeueable deps ti=<TaskInstance: etl_example.transform_data manual__2025-12-10T18:39:50.566484+00:00 [queued]>
[2025-12-10T18:39:55.930+0000] {taskinstance.py:2612} INFO - Dependencies all met for dep_context=requeueable deps ti=<TaskInstance: etl_example.transform_data manual__2025-12-10T18:39:50.566484+00:00 [queued]>
[2025-12-10T18:39:55.930+0000] {taskinstance.py:2865} INFO - Starting attempt 1 of 1
[2025-12-10T18:39:55.950+0000] {taskinstance.py:2888} INFO - Executing <Task(PythonOperator): transform_data> on 2025-12-10 18:39:50.566484+00:00
[2025-12-10T18:39:55.966+0000] {warnings.py:112} WARNING - /home/***/.local/lib/python3.12/site-packages/***/task/task_runner/standard_task_runner.py:70: DeprecationWarning: This process (pid=223) is multi-threaded, use of fork() may lead to deadlocks in the child.
  pid = os.fork()

[2025-12-10T18:39:55.969+0000] {standard_task_runner.py:72} INFO - Started process 225 to run task
[2025-12-10T18:39:55.970+0000] {standard_task_runner.py:104} INFO - Running: ['***', 'tasks', 'run', 'etl_example', 'transform_data', 'manual__2025-12-10T18:39:50.566484+00:00', '--job-id', '27', '--raw', '--subdir', 'DAGS_FOLDER/etl_example.py', '--cfg-path', '/tmp/tmpd_ik9g0y']
[2025-12-10T18:39:55.972+0000] {standard_task_runner.py:105} INFO - Job 27: Subtask transform_data
[2025-12-10T18:39:56.060+0000] {task_command.py:467} INFO - Running <TaskInstance: etl_example.transform_data manual__2025-12-10T18:39:50.566484+00:00 [running]> on host cd1012f6d3df
[2025-12-10T18:39:56.228+0000] {taskinstance.py:3131} INFO - Exporting env vars: AIRFLOW_CTX_DAG_OWNER='***' AIRFLOW_CTX_DAG_ID='etl_example' AIRFLOW_CTX_TASK_ID='transform_data' AIRFLOW_CTX_EXECUTION_DATE='2025-12-10T18:39:50.566484+00:00' AIRFLOW_CTX_TRY_NUMBER='1' AIRFLOW_CTX_DAG_RUN_ID='manual__2025-12-10T18:39:50.566484+00:00'
[2025-12-10T18:39:56.230+0000] {logging_mixin.py:190} INFO - Task instance is in running state
[2025-12-10T18:39:56.230+0000] {logging_mixin.py:190} INFO -  Previous state of the Task instance: queued
[2025-12-10T18:39:56.231+0000] {logging_mixin.py:190} INFO - Current task name:transform_data state:running start_date:2025-12-10 18:39:55.919455+00:00
[2025-12-10T18:39:56.231+0000] {logging_mixin.py:190} INFO - Dag name:etl_example and current dag run status:running
[2025-12-10T18:39:56.232+0000] {taskinstance.py:731} INFO - ::endgroup::
[2025-12-10T18:39:56.245+0000] {logging_mixin.py:190} INFO - Transform complete - processed.csv created.
[2025-12-10T18:39:56.254+0000] {logging_mixin.py:190} INFO -     name  age age_group
0    Ina   17     young
1  Fiona   23     adult
2  Alice   25     adult
[2025-12-10T18:39:56.254+0000] {python.py:240} INFO - Done. Returned value was: None
[2025-12-10T18:39:56.272+0000] {taskinstance.py:340} INFO - ::group::Post task execution logs
[2025-12-10T18:39:56.272+0000] {taskinstance.py:352} INFO - Marking task as SUCCESS. dag_id=etl_example, task_id=transform_data, run_id=manual__2025-12-10T18:39:50.566484+00:00, execution_date=20251210T183950, start_date=20251210T183955, end_date=20251210T183956
[2025-12-10T18:39:56.296+0000] {logging_mixin.py:190} INFO - Task instance in success state
[2025-12-10T18:39:56.297+0000] {logging_mixin.py:190} INFO -  Previous state of the Task instance: running
[2025-12-10T18:39:56.297+0000] {logging_mixin.py:190} INFO - Dag name:etl_example queued_at:2025-12-10 18:39:50.597141+00:00
[2025-12-10T18:39:56.297+0000] {logging_mixin.py:190} INFO - Task hostname:cd1012f6d3df operator:PythonOperator
[2025-12-10T18:39:56.359+0000] {local_task_job_runner.py:266} INFO - Task exited with return code 0
[2025-12-10T18:39:56.393+0000] {taskinstance.py:3900} INFO - 1 downstream tasks scheduled from follow-on schedule check
[2025-12-10T18:39:56.431+0000] {local_task_job_runner.py:245} INFO - ::endgroup::
