[2025-12-10T18:31:17.407+0000] {local_task_job_runner.py:123} INFO - ::group::Pre task execution logs
[2025-12-10T18:31:17.435+0000] {taskinstance.py:2612} INFO - Dependencies all met for dep_context=non-requeueable deps ti=<TaskInstance: etl_example.load_data manual__2025-12-10T18:31:06.145347+00:00 [queued]>
[2025-12-10T18:31:17.445+0000] {taskinstance.py:2612} INFO - Dependencies all met for dep_context=requeueable deps ti=<TaskInstance: etl_example.load_data manual__2025-12-10T18:31:06.145347+00:00 [queued]>
[2025-12-10T18:31:17.446+0000] {taskinstance.py:2865} INFO - Starting attempt 1 of 1
[2025-12-10T18:31:17.499+0000] {taskinstance.py:2888} INFO - Executing <Task(PythonOperator): load_data> on 2025-12-10 18:31:06.145347+00:00
[2025-12-10T18:31:17.516+0000] {warnings.py:112} WARNING - /home/***/.local/lib/python3.12/site-packages/***/task/task_runner/standard_task_runner.py:70: DeprecationWarning: This process (pid=95) is multi-threaded, use of fork() may lead to deadlocks in the child.
  pid = os.fork()

[2025-12-10T18:31:17.518+0000] {standard_task_runner.py:104} INFO - Running: ['***', 'tasks', 'run', 'etl_example', 'load_data', 'manual__2025-12-10T18:31:06.145347+00:00', '--job-id', '25', '--raw', '--subdir', 'DAGS_FOLDER/etl_example.py', '--cfg-path', '/tmp/tmpzswe2cie']
[2025-12-10T18:31:17.520+0000] {standard_task_runner.py:105} INFO - Job 25: Subtask load_data
[2025-12-10T18:31:17.520+0000] {standard_task_runner.py:72} INFO - Started process 97 to run task
[2025-12-10T18:31:17.608+0000] {task_command.py:467} INFO - Running <TaskInstance: etl_example.load_data manual__2025-12-10T18:31:06.145347+00:00 [running]> on host cd1012f6d3df
[2025-12-10T18:31:17.768+0000] {taskinstance.py:3131} INFO - Exporting env vars: AIRFLOW_CTX_DAG_OWNER='***' AIRFLOW_CTX_DAG_ID='etl_example' AIRFLOW_CTX_TASK_ID='load_data' AIRFLOW_CTX_EXECUTION_DATE='2025-12-10T18:31:06.145347+00:00' AIRFLOW_CTX_TRY_NUMBER='1' AIRFLOW_CTX_DAG_RUN_ID='manual__2025-12-10T18:31:06.145347+00:00'
[2025-12-10T18:31:17.771+0000] {logging_mixin.py:190} INFO - Task instance is in running state
[2025-12-10T18:31:17.771+0000] {logging_mixin.py:190} INFO -  Previous state of the Task instance: queued
[2025-12-10T18:31:17.771+0000] {logging_mixin.py:190} INFO - Current task name:load_data state:running start_date:2025-12-10 18:31:17.435723+00:00
[2025-12-10T18:31:17.772+0000] {logging_mixin.py:190} INFO - Dag name:etl_example and current dag run status:running
[2025-12-10T18:31:17.772+0000] {taskinstance.py:731} INFO - ::endgroup::
[2025-12-10T18:31:17.789+0000] {logging_mixin.py:190} INFO - Load complete - final dataset:
[2025-12-10T18:31:17.800+0000] {logging_mixin.py:190} INFO -     name  age age_group
0    Ina   17     young
1  Fiona   23     adult
2  Alice   25     adult
[2025-12-10T18:31:17.801+0000] {python.py:240} INFO - Done. Returned value was: None
[2025-12-10T18:31:17.817+0000] {taskinstance.py:340} INFO - ::group::Post task execution logs
[2025-12-10T18:31:17.817+0000] {taskinstance.py:352} INFO - Marking task as SUCCESS. dag_id=etl_example, task_id=load_data, run_id=manual__2025-12-10T18:31:06.145347+00:00, execution_date=20251210T183106, start_date=20251210T183117, end_date=20251210T183117
[2025-12-10T18:31:17.841+0000] {logging_mixin.py:190} INFO - Task instance in success state
[2025-12-10T18:31:17.842+0000] {logging_mixin.py:190} INFO -  Previous state of the Task instance: running
[2025-12-10T18:31:17.842+0000] {logging_mixin.py:190} INFO - Dag name:etl_example queued_at:2025-12-10 18:31:06.190377+00:00
[2025-12-10T18:31:17.843+0000] {logging_mixin.py:190} INFO - Task hostname:cd1012f6d3df operator:PythonOperator
[2025-12-10T18:31:17.889+0000] {local_task_job_runner.py:266} INFO - Task exited with return code 0
[2025-12-10T18:31:17.915+0000] {taskinstance.py:3900} INFO - 0 downstream tasks scheduled from follow-on schedule check
[2025-12-10T18:31:17.953+0000] {local_task_job_runner.py:245} INFO - ::endgroup::
