[2025-12-10T18:31:11.072+0000] {local_task_job_runner.py:123} INFO - ::group::Pre task execution logs
[2025-12-10T18:31:11.097+0000] {taskinstance.py:2612} INFO - Dependencies all met for dep_context=non-requeueable deps ti=<TaskInstance: etl_example.extract_data manual__2025-12-10T18:31:06.145347+00:00 [queued]>
[2025-12-10T18:31:11.107+0000] {taskinstance.py:2612} INFO - Dependencies all met for dep_context=requeueable deps ti=<TaskInstance: etl_example.extract_data manual__2025-12-10T18:31:06.145347+00:00 [queued]>
[2025-12-10T18:31:11.107+0000] {taskinstance.py:2865} INFO - Starting attempt 1 of 1
[2025-12-10T18:31:11.158+0000] {taskinstance.py:2888} INFO - Executing <Task(PythonOperator): extract_data> on 2025-12-10 18:31:06.145347+00:00
[2025-12-10T18:31:11.172+0000] {warnings.py:112} WARNING - /home/***/.local/lib/python3.12/site-packages/***/task/task_runner/standard_task_runner.py:70: DeprecationWarning: This process (pid=87) is multi-threaded, use of fork() may lead to deadlocks in the child.
  pid = os.fork()

[2025-12-10T18:31:11.175+0000] {standard_task_runner.py:72} INFO - Started process 89 to run task
[2025-12-10T18:31:11.174+0000] {standard_task_runner.py:104} INFO - Running: ['***', 'tasks', 'run', 'etl_example', 'extract_data', 'manual__2025-12-10T18:31:06.145347+00:00', '--job-id', '23', '--raw', '--subdir', 'DAGS_FOLDER/etl_example.py', '--cfg-path', '/tmp/tmpioxxwrcp']
[2025-12-10T18:31:11.176+0000] {standard_task_runner.py:105} INFO - Job 23: Subtask extract_data
[2025-12-10T18:31:11.256+0000] {task_command.py:467} INFO - Running <TaskInstance: etl_example.extract_data manual__2025-12-10T18:31:06.145347+00:00 [running]> on host cd1012f6d3df
[2025-12-10T18:31:11.383+0000] {taskinstance.py:3131} INFO - Exporting env vars: AIRFLOW_CTX_DAG_OWNER='***' AIRFLOW_CTX_DAG_ID='etl_example' AIRFLOW_CTX_TASK_ID='extract_data' AIRFLOW_CTX_EXECUTION_DATE='2025-12-10T18:31:06.145347+00:00' AIRFLOW_CTX_TRY_NUMBER='1' AIRFLOW_CTX_DAG_RUN_ID='manual__2025-12-10T18:31:06.145347+00:00'
[2025-12-10T18:31:11.385+0000] {logging_mixin.py:190} INFO - Task instance is in running state
[2025-12-10T18:31:11.386+0000] {logging_mixin.py:190} INFO -  Previous state of the Task instance: queued
[2025-12-10T18:31:11.386+0000] {logging_mixin.py:190} INFO - Current task name:extract_data state:running start_date:2025-12-10 18:31:11.097559+00:00
[2025-12-10T18:31:11.386+0000] {logging_mixin.py:190} INFO - Dag name:etl_example and current dag run status:running
[2025-12-10T18:31:11.387+0000] {taskinstance.py:731} INFO - ::endgroup::
[2025-12-10T18:31:11.406+0000] {logging_mixin.py:190} INFO - Extract complete - raw.csv created.
[2025-12-10T18:31:11.407+0000] {python.py:240} INFO - Done. Returned value was: None
[2025-12-10T18:31:11.423+0000] {taskinstance.py:340} INFO - ::group::Post task execution logs
[2025-12-10T18:31:11.423+0000] {taskinstance.py:352} INFO - Marking task as SUCCESS. dag_id=etl_example, task_id=extract_data, run_id=manual__2025-12-10T18:31:06.145347+00:00, execution_date=20251210T183106, start_date=20251210T183111, end_date=20251210T183111
[2025-12-10T18:31:11.437+0000] {logging_mixin.py:190} INFO - Task instance in success state
[2025-12-10T18:31:11.438+0000] {logging_mixin.py:190} INFO -  Previous state of the Task instance: running
[2025-12-10T18:31:11.438+0000] {logging_mixin.py:190} INFO - Dag name:etl_example queued_at:2025-12-10 18:31:06.190377+00:00
[2025-12-10T18:31:11.438+0000] {logging_mixin.py:190} INFO - Task hostname:cd1012f6d3df operator:PythonOperator
[2025-12-10T18:31:11.482+0000] {local_task_job_runner.py:266} INFO - Task exited with return code 0
[2025-12-10T18:31:11.525+0000] {taskinstance.py:3900} INFO - 1 downstream tasks scheduled from follow-on schedule check
[2025-12-10T18:31:11.562+0000] {local_task_job_runner.py:245} INFO - ::endgroup::
