[2025-12-09T19:15:31.234+0000] {processor.py:186} INFO - Started process (PID=78) to work on /home/airflow/.local/lib/python3.12/site-packages/airflow/example_dags/example_branch_operator_decorator.py
[2025-12-09T19:15:31.236+0000] {processor.py:914} INFO - Processing file /home/airflow/.local/lib/python3.12/site-packages/airflow/example_dags/example_branch_operator_decorator.py for tasks to queue
[2025-12-09T19:15:31.241+0000] {logging_mixin.py:190} INFO - [2025-12-09T19:15:31.241+0000] {dagbag.py:587} INFO - Filling up the DagBag from /home/airflow/.local/lib/python3.12/site-packages/airflow/example_dags/example_branch_operator_decorator.py
[2025-12-09T19:15:31.358+0000] {processor.py:925} INFO - DAG(s) 'example_branch_python_operator_decorator' retrieved from /home/airflow/.local/lib/python3.12/site-packages/airflow/example_dags/example_branch_operator_decorator.py
[2025-12-09T19:15:31.768+0000] {logging_mixin.py:190} INFO - [2025-12-09T19:15:31.767+0000] {override.py:1900} INFO - Created Permission View: can read on DAG:example_branch_python_operator_decorator
[2025-12-09T19:15:31.783+0000] {logging_mixin.py:190} INFO - [2025-12-09T19:15:31.782+0000] {override.py:1900} INFO - Created Permission View: can delete on DAG:example_branch_python_operator_decorator
[2025-12-09T19:15:31.793+0000] {logging_mixin.py:190} INFO - [2025-12-09T19:15:31.792+0000] {override.py:1900} INFO - Created Permission View: can edit on DAG:example_branch_python_operator_decorator
[2025-12-09T19:15:31.804+0000] {logging_mixin.py:190} INFO - [2025-12-09T19:15:31.804+0000] {override.py:1900} INFO - Created Permission View: can read on DAG Run:example_branch_python_operator_decorator
[2025-12-09T19:15:31.815+0000] {logging_mixin.py:190} INFO - [2025-12-09T19:15:31.814+0000] {override.py:1900} INFO - Created Permission View: can delete on DAG Run:example_branch_python_operator_decorator
[2025-12-09T19:15:31.826+0000] {logging_mixin.py:190} INFO - [2025-12-09T19:15:31.826+0000] {override.py:1900} INFO - Created Permission View: menu access on DAG Run:example_branch_python_operator_decorator
[2025-12-09T19:15:31.837+0000] {logging_mixin.py:190} INFO - [2025-12-09T19:15:31.836+0000] {override.py:1900} INFO - Created Permission View: can create on DAG Run:example_branch_python_operator_decorator
[2025-12-09T19:15:31.837+0000] {logging_mixin.py:190} INFO - [2025-12-09T19:15:31.837+0000] {dag.py:3229} INFO - Sync 1 DAGs
[2025-12-09T19:15:31.859+0000] {logging_mixin.py:190} INFO - [2025-12-09T19:15:31.859+0000] {dag.py:3252} INFO - Creating ORM DAG for example_branch_python_operator_decorator
[2025-12-09T19:15:31.879+0000] {logging_mixin.py:190} INFO - [2025-12-09T19:15:31.878+0000] {dag.py:4156} INFO - Setting next_dagrun for example_branch_python_operator_decorator to 2025-12-08 00:00:00+00:00, run_after=2025-12-09 00:00:00+00:00
[2025-12-09T19:15:31.913+0000] {processor.py:208} INFO - Processing /home/airflow/.local/lib/python3.12/site-packages/airflow/example_dags/example_branch_operator_decorator.py took 0.693 seconds
[2025-12-09T19:16:02.659+0000] {processor.py:186} INFO - Started process (PID=146) to work on /home/airflow/.local/lib/python3.12/site-packages/airflow/example_dags/example_branch_operator_decorator.py
[2025-12-09T19:16:02.697+0000] {processor.py:914} INFO - Processing file /home/airflow/.local/lib/python3.12/site-packages/airflow/example_dags/example_branch_operator_decorator.py for tasks to queue
[2025-12-09T19:16:02.702+0000] {logging_mixin.py:190} INFO - [2025-12-09T19:16:02.701+0000] {dagbag.py:587} INFO - Filling up the DagBag from /home/airflow/.local/lib/python3.12/site-packages/airflow/example_dags/example_branch_operator_decorator.py
[2025-12-09T19:16:02.746+0000] {processor.py:925} INFO - DAG(s) 'example_branch_python_operator_decorator' retrieved from /home/airflow/.local/lib/python3.12/site-packages/airflow/example_dags/example_branch_operator_decorator.py
[2025-12-09T19:16:02.800+0000] {logging_mixin.py:190} INFO - [2025-12-09T19:16:02.800+0000] {dag.py:3229} INFO - Sync 1 DAGs
[2025-12-09T19:16:02.845+0000] {logging_mixin.py:190} INFO - [2025-12-09T19:16:02.845+0000] {dag.py:4156} INFO - Setting next_dagrun for example_branch_python_operator_decorator to 2025-12-08 00:00:00+00:00, run_after=2025-12-09 00:00:00+00:00
[2025-12-09T19:16:02.894+0000] {processor.py:208} INFO - Processing /home/airflow/.local/lib/python3.12/site-packages/airflow/example_dags/example_branch_operator_decorator.py took 0.252 seconds
[2025-12-09T19:16:33.371+0000] {processor.py:186} INFO - Started process (PID=208) to work on /home/airflow/.local/lib/python3.12/site-packages/airflow/example_dags/example_branch_operator_decorator.py
[2025-12-09T19:16:33.403+0000] {processor.py:914} INFO - Processing file /home/airflow/.local/lib/python3.12/site-packages/airflow/example_dags/example_branch_operator_decorator.py for tasks to queue
[2025-12-09T19:16:33.409+0000] {logging_mixin.py:190} INFO - [2025-12-09T19:16:33.408+0000] {dagbag.py:587} INFO - Filling up the DagBag from /home/airflow/.local/lib/python3.12/site-packages/airflow/example_dags/example_branch_operator_decorator.py
[2025-12-09T19:16:33.455+0000] {processor.py:925} INFO - DAG(s) 'example_branch_python_operator_decorator' retrieved from /home/airflow/.local/lib/python3.12/site-packages/airflow/example_dags/example_branch_operator_decorator.py
[2025-12-09T19:16:41.421+0000] {logging_mixin.py:190} INFO - [2025-12-09T19:16:41.420+0000] {dag.py:3229} INFO - Sync 1 DAGs
[2025-12-09T19:16:33.051+0000] {logging_mixin.py:190} INFO - [2025-12-09T19:16:33.051+0000] {dag.py:4156} INFO - Setting next_dagrun for example_branch_python_operator_decorator to 2025-12-08 00:00:00+00:00, run_after=2025-12-09 00:00:00+00:00
[2025-12-09T19:16:33.104+0000] {processor.py:208} INFO - Processing /home/airflow/.local/lib/python3.12/site-packages/airflow/example_dags/example_branch_operator_decorator.py took 0.245 seconds
[2025-12-09T19:17:06.560+0000] {processor.py:186} INFO - Started process (PID=270) to work on /home/airflow/.local/lib/python3.12/site-packages/airflow/example_dags/example_branch_operator_decorator.py
[2025-12-09T19:17:06.595+0000] {processor.py:914} INFO - Processing file /home/airflow/.local/lib/python3.12/site-packages/airflow/example_dags/example_branch_operator_decorator.py for tasks to queue
[2025-12-09T19:17:06.600+0000] {logging_mixin.py:190} INFO - [2025-12-09T19:17:06.599+0000] {dagbag.py:587} INFO - Filling up the DagBag from /home/airflow/.local/lib/python3.12/site-packages/airflow/example_dags/example_branch_operator_decorator.py
[2025-12-09T19:17:06.644+0000] {processor.py:925} INFO - DAG(s) 'example_branch_python_operator_decorator' retrieved from /home/airflow/.local/lib/python3.12/site-packages/airflow/example_dags/example_branch_operator_decorator.py
[2025-12-09T19:17:06.690+0000] {logging_mixin.py:190} INFO - [2025-12-09T19:17:06.689+0000] {dag.py:3229} INFO - Sync 1 DAGs
[2025-12-09T19:17:06.728+0000] {logging_mixin.py:190} INFO - [2025-12-09T19:17:06.727+0000] {dag.py:4156} INFO - Setting next_dagrun for example_branch_python_operator_decorator to 2025-12-08 00:00:00+00:00, run_after=2025-12-09 00:00:00+00:00
[2025-12-09T19:17:06.758+0000] {processor.py:208} INFO - Processing /home/airflow/.local/lib/python3.12/site-packages/airflow/example_dags/example_branch_operator_decorator.py took 0.209 seconds
[2025-12-09T19:17:37.482+0000] {processor.py:186} INFO - Started process (PID=362) to work on /home/airflow/.local/lib/python3.12/site-packages/airflow/example_dags/example_branch_operator_decorator.py
[2025-12-09T19:17:37.513+0000] {processor.py:914} INFO - Processing file /home/airflow/.local/lib/python3.12/site-packages/airflow/example_dags/example_branch_operator_decorator.py for tasks to queue
[2025-12-09T19:17:37.517+0000] {logging_mixin.py:190} INFO - [2025-12-09T19:17:37.517+0000] {dagbag.py:587} INFO - Filling up the DagBag from /home/airflow/.local/lib/python3.12/site-packages/airflow/example_dags/example_branch_operator_decorator.py
[2025-12-09T19:17:37.552+0000] {processor.py:925} INFO - DAG(s) 'example_branch_python_operator_decorator' retrieved from /home/airflow/.local/lib/python3.12/site-packages/airflow/example_dags/example_branch_operator_decorator.py
[2025-12-09T19:17:37.601+0000] {logging_mixin.py:190} INFO - [2025-12-09T19:17:37.601+0000] {dag.py:3229} INFO - Sync 1 DAGs
[2025-12-09T19:17:37.638+0000] {logging_mixin.py:190} INFO - [2025-12-09T19:17:37.637+0000] {dag.py:4156} INFO - Setting next_dagrun for example_branch_python_operator_decorator to 2025-12-08 00:00:00+00:00, run_after=2025-12-09 00:00:00+00:00
[2025-12-09T19:17:37.663+0000] {processor.py:208} INFO - Processing /home/airflow/.local/lib/python3.12/site-packages/airflow/example_dags/example_branch_operator_decorator.py took 0.197 seconds
[2025-12-09T19:18:11.764+0000] {processor.py:186} INFO - Started process (PID=416) to work on /home/airflow/.local/lib/python3.12/site-packages/airflow/example_dags/example_branch_operator_decorator.py
[2025-12-09T19:18:11.785+0000] {processor.py:914} INFO - Processing file /home/airflow/.local/lib/python3.12/site-packages/airflow/example_dags/example_branch_operator_decorator.py for tasks to queue
[2025-12-09T19:18:11.791+0000] {logging_mixin.py:190} INFO - [2025-12-09T19:18:11.790+0000] {dagbag.py:587} INFO - Filling up the DagBag from /home/airflow/.local/lib/python3.12/site-packages/airflow/example_dags/example_branch_operator_decorator.py
[2025-12-09T19:18:11.836+0000] {processor.py:925} INFO - DAG(s) 'example_branch_python_operator_decorator' retrieved from /home/airflow/.local/lib/python3.12/site-packages/airflow/example_dags/example_branch_operator_decorator.py
[2025-12-09T19:18:11.887+0000] {logging_mixin.py:190} INFO - [2025-12-09T19:18:11.887+0000] {dag.py:3229} INFO - Sync 1 DAGs
[2025-12-09T19:18:11.933+0000] {logging_mixin.py:190} INFO - [2025-12-09T19:18:11.933+0000] {dag.py:4156} INFO - Setting next_dagrun for example_branch_python_operator_decorator to 2025-12-08 00:00:00+00:00, run_after=2025-12-09 00:00:00+00:00
[2025-12-09T19:18:11.965+0000] {processor.py:208} INFO - Processing /home/airflow/.local/lib/python3.12/site-packages/airflow/example_dags/example_branch_operator_decorator.py took 0.214 seconds
[2025-12-09T19:18:33.217+0000] {processor.py:186} INFO - Started process (PID=478) to work on /home/airflow/.local/lib/python3.12/site-packages/airflow/example_dags/example_branch_operator_decorator.py
[2025-12-09T19:18:33.220+0000] {processor.py:914} INFO - Processing file /home/airflow/.local/lib/python3.12/site-packages/airflow/example_dags/example_branch_operator_decorator.py for tasks to queue
[2025-12-09T19:18:33.225+0000] {logging_mixin.py:190} INFO - [2025-12-09T19:18:33.224+0000] {dagbag.py:587} INFO - Filling up the DagBag from /home/airflow/.local/lib/python3.12/site-packages/airflow/example_dags/example_branch_operator_decorator.py
[2025-12-09T19:18:33.263+0000] {processor.py:925} INFO - DAG(s) 'example_branch_python_operator_decorator' retrieved from /home/airflow/.local/lib/python3.12/site-packages/airflow/example_dags/example_branch_operator_decorator.py
[2025-12-09T19:18:33.322+0000] {logging_mixin.py:190} INFO - [2025-12-09T19:18:33.321+0000] {dag.py:3229} INFO - Sync 1 DAGs
[2025-12-09T19:18:33.363+0000] {logging_mixin.py:190} INFO - [2025-12-09T19:18:33.363+0000] {dag.py:4156} INFO - Setting next_dagrun for example_branch_python_operator_decorator to 2025-12-08 00:00:00+00:00, run_after=2025-12-09 00:00:00+00:00
[2025-12-09T19:18:33.410+0000] {processor.py:208} INFO - Processing /home/airflow/.local/lib/python3.12/site-packages/airflow/example_dags/example_branch_operator_decorator.py took 0.206 seconds
[2025-12-09T19:18:58.232+0000] {processor.py:186} INFO - Started process (PID=534) to work on /home/airflow/.local/lib/python3.12/site-packages/airflow/example_dags/example_branch_operator_decorator.py
[2025-12-09T19:18:58.251+0000] {processor.py:914} INFO - Processing file /home/airflow/.local/lib/python3.12/site-packages/airflow/example_dags/example_branch_operator_decorator.py for tasks to queue
[2025-12-09T19:18:58.257+0000] {logging_mixin.py:190} INFO - [2025-12-09T19:18:58.256+0000] {dagbag.py:587} INFO - Filling up the DagBag from /home/airflow/.local/lib/python3.12/site-packages/airflow/example_dags/example_branch_operator_decorator.py
[2025-12-09T19:18:58.305+0000] {processor.py:925} INFO - DAG(s) 'example_branch_python_operator_decorator' retrieved from /home/airflow/.local/lib/python3.12/site-packages/airflow/example_dags/example_branch_operator_decorator.py
[2025-12-09T19:18:58.359+0000] {logging_mixin.py:190} INFO - [2025-12-09T19:18:58.359+0000] {dag.py:3229} INFO - Sync 1 DAGs
[2025-12-09T19:18:58.397+0000] {logging_mixin.py:190} INFO - [2025-12-09T19:18:58.397+0000] {dag.py:4156} INFO - Setting next_dagrun for example_branch_python_operator_decorator to 2025-12-08 00:00:00+00:00, run_after=2025-12-09 00:00:00+00:00
[2025-12-09T19:18:58.426+0000] {processor.py:208} INFO - Processing /home/airflow/.local/lib/python3.12/site-packages/airflow/example_dags/example_branch_operator_decorator.py took 0.206 seconds
[2025-12-09T19:19:31.766+0000] {processor.py:186} INFO - Started process (PID=587) to work on /home/airflow/.local/lib/python3.12/site-packages/airflow/example_dags/example_branch_operator_decorator.py
[2025-12-09T19:19:31.800+0000] {processor.py:914} INFO - Processing file /home/airflow/.local/lib/python3.12/site-packages/airflow/example_dags/example_branch_operator_decorator.py for tasks to queue
[2025-12-09T19:19:31.804+0000] {logging_mixin.py:190} INFO - [2025-12-09T19:19:31.803+0000] {dagbag.py:587} INFO - Filling up the DagBag from /home/airflow/.local/lib/python3.12/site-packages/airflow/example_dags/example_branch_operator_decorator.py
[2025-12-09T19:19:31.832+0000] {processor.py:925} INFO - DAG(s) 'example_branch_python_operator_decorator' retrieved from /home/airflow/.local/lib/python3.12/site-packages/airflow/example_dags/example_branch_operator_decorator.py
[2025-12-09T19:19:31.879+0000] {logging_mixin.py:190} INFO - [2025-12-09T19:19:31.879+0000] {dag.py:3229} INFO - Sync 1 DAGs
[2025-12-09T19:19:31.916+0000] {logging_mixin.py:190} INFO - [2025-12-09T19:19:31.915+0000] {dag.py:4156} INFO - Setting next_dagrun for example_branch_python_operator_decorator to 2025-12-08 00:00:00+00:00, run_after=2025-12-09 00:00:00+00:00
[2025-12-09T19:19:31.942+0000] {processor.py:208} INFO - Processing /home/airflow/.local/lib/python3.12/site-packages/airflow/example_dags/example_branch_operator_decorator.py took 0.185 seconds
[2025-12-09T19:20:06.853+0000] {processor.py:186} INFO - Started process (PID=680) to work on /home/airflow/.local/lib/python3.12/site-packages/airflow/example_dags/example_branch_operator_decorator.py
[2025-12-09T19:20:06.855+0000] {processor.py:914} INFO - Processing file /home/airflow/.local/lib/python3.12/site-packages/airflow/example_dags/example_branch_operator_decorator.py for tasks to queue
[2025-12-09T19:20:06.859+0000] {logging_mixin.py:190} INFO - [2025-12-09T19:20:06.859+0000] {dagbag.py:587} INFO - Filling up the DagBag from /home/airflow/.local/lib/python3.12/site-packages/airflow/example_dags/example_branch_operator_decorator.py
[2025-12-09T19:20:06.894+0000] {processor.py:925} INFO - DAG(s) 'example_branch_python_operator_decorator' retrieved from /home/airflow/.local/lib/python3.12/site-packages/airflow/example_dags/example_branch_operator_decorator.py
[2025-12-09T19:20:06.943+0000] {logging_mixin.py:190} INFO - [2025-12-09T19:20:06.943+0000] {dag.py:3229} INFO - Sync 1 DAGs
[2025-12-09T19:20:06.974+0000] {logging_mixin.py:190} INFO - [2025-12-09T19:20:06.974+0000] {dag.py:4156} INFO - Setting next_dagrun for example_branch_python_operator_decorator to 2025-12-08 00:00:00+00:00, run_after=2025-12-09 00:00:00+00:00
[2025-12-09T19:20:07.000+0000] {processor.py:208} INFO - Processing /home/airflow/.local/lib/python3.12/site-packages/airflow/example_dags/example_branch_operator_decorator.py took 0.158 seconds
[2025-12-09T19:20:36.878+0000] {processor.py:186} INFO - Started process (PID=735) to work on /home/airflow/.local/lib/python3.12/site-packages/airflow/example_dags/example_branch_operator_decorator.py
[2025-12-09T19:20:36.912+0000] {processor.py:914} INFO - Processing file /home/airflow/.local/lib/python3.12/site-packages/airflow/example_dags/example_branch_operator_decorator.py for tasks to queue
[2025-12-09T19:20:36.917+0000] {logging_mixin.py:190} INFO - [2025-12-09T19:20:36.916+0000] {dagbag.py:587} INFO - Filling up the DagBag from /home/airflow/.local/lib/python3.12/site-packages/airflow/example_dags/example_branch_operator_decorator.py
[2025-12-09T19:20:36.953+0000] {processor.py:925} INFO - DAG(s) 'example_branch_python_operator_decorator' retrieved from /home/airflow/.local/lib/python3.12/site-packages/airflow/example_dags/example_branch_operator_decorator.py
[2025-12-09T19:20:37.001+0000] {logging_mixin.py:190} INFO - [2025-12-09T19:20:37.001+0000] {dag.py:3229} INFO - Sync 1 DAGs
[2025-12-09T19:20:37.036+0000] {logging_mixin.py:190} INFO - [2025-12-09T19:20:37.036+0000] {dag.py:4156} INFO - Setting next_dagrun for example_branch_python_operator_decorator to 2025-12-08 00:00:00+00:00, run_after=2025-12-09 00:00:00+00:00
[2025-12-09T19:20:37.065+0000] {processor.py:208} INFO - Processing /home/airflow/.local/lib/python3.12/site-packages/airflow/example_dags/example_branch_operator_decorator.py took 0.197 seconds
[2025-12-09T19:21:11.863+0000] {processor.py:186} INFO - Started process (PID=823) to work on /home/airflow/.local/lib/python3.12/site-packages/airflow/example_dags/example_branch_operator_decorator.py
[2025-12-09T19:21:11.894+0000] {processor.py:914} INFO - Processing file /home/airflow/.local/lib/python3.12/site-packages/airflow/example_dags/example_branch_operator_decorator.py for tasks to queue
[2025-12-09T19:21:11.900+0000] {logging_mixin.py:190} INFO - [2025-12-09T19:21:11.900+0000] {dagbag.py:587} INFO - Filling up the DagBag from /home/airflow/.local/lib/python3.12/site-packages/airflow/example_dags/example_branch_operator_decorator.py
[2025-12-09T19:21:11.948+0000] {processor.py:925} INFO - DAG(s) 'example_branch_python_operator_decorator' retrieved from /home/airflow/.local/lib/python3.12/site-packages/airflow/example_dags/example_branch_operator_decorator.py
[2025-12-09T19:21:12.006+0000] {logging_mixin.py:190} INFO - [2025-12-09T19:21:12.006+0000] {dag.py:3229} INFO - Sync 1 DAGs
[2025-12-09T19:21:12.050+0000] {logging_mixin.py:190} INFO - [2025-12-09T19:21:12.050+0000] {dag.py:4156} INFO - Setting next_dagrun for example_branch_python_operator_decorator to 2025-12-08 00:00:00+00:00, run_after=2025-12-09 00:00:00+00:00
[2025-12-09T19:21:12.081+0000] {processor.py:208} INFO - Processing /home/airflow/.local/lib/python3.12/site-packages/airflow/example_dags/example_branch_operator_decorator.py took 0.229 seconds
[2025-12-09T19:21:42.229+0000] {processor.py:186} INFO - Started process (PID=886) to work on /home/airflow/.local/lib/python3.12/site-packages/airflow/example_dags/example_branch_operator_decorator.py
[2025-12-09T19:21:42.260+0000] {processor.py:914} INFO - Processing file /home/airflow/.local/lib/python3.12/site-packages/airflow/example_dags/example_branch_operator_decorator.py for tasks to queue
[2025-12-09T19:21:42.264+0000] {logging_mixin.py:190} INFO - [2025-12-09T19:21:42.263+0000] {dagbag.py:587} INFO - Filling up the DagBag from /home/airflow/.local/lib/python3.12/site-packages/airflow/example_dags/example_branch_operator_decorator.py
[2025-12-09T19:21:42.293+0000] {processor.py:925} INFO - DAG(s) 'example_branch_python_operator_decorator' retrieved from /home/airflow/.local/lib/python3.12/site-packages/airflow/example_dags/example_branch_operator_decorator.py
[2025-12-09T19:21:42.339+0000] {logging_mixin.py:190} INFO - [2025-12-09T19:21:42.339+0000] {dag.py:3229} INFO - Sync 1 DAGs
[2025-12-09T19:21:42.372+0000] {logging_mixin.py:190} INFO - [2025-12-09T19:21:42.372+0000] {dag.py:4156} INFO - Setting next_dagrun for example_branch_python_operator_decorator to 2025-12-08 00:00:00+00:00, run_after=2025-12-09 00:00:00+00:00
[2025-12-09T19:21:42.406+0000] {processor.py:208} INFO - Processing /home/airflow/.local/lib/python3.12/site-packages/airflow/example_dags/example_branch_operator_decorator.py took 0.189 seconds
[2025-12-09T19:22:17.202+0000] {processor.py:186} INFO - Started process (PID=948) to work on /home/airflow/.local/lib/python3.12/site-packages/airflow/example_dags/example_branch_operator_decorator.py
[2025-12-09T19:22:17.212+0000] {processor.py:914} INFO - Processing file /home/airflow/.local/lib/python3.12/site-packages/airflow/example_dags/example_branch_operator_decorator.py for tasks to queue
[2025-12-09T19:22:17.218+0000] {logging_mixin.py:190} INFO - [2025-12-09T19:22:17.217+0000] {dagbag.py:587} INFO - Filling up the DagBag from /home/airflow/.local/lib/python3.12/site-packages/airflow/example_dags/example_branch_operator_decorator.py
[2025-12-09T19:22:17.264+0000] {processor.py:925} INFO - DAG(s) 'example_branch_python_operator_decorator' retrieved from /home/airflow/.local/lib/python3.12/site-packages/airflow/example_dags/example_branch_operator_decorator.py
[2025-12-09T19:22:17.320+0000] {logging_mixin.py:190} INFO - [2025-12-09T19:22:17.319+0000] {dag.py:3229} INFO - Sync 1 DAGs
[2025-12-09T19:22:17.363+0000] {logging_mixin.py:190} INFO - [2025-12-09T19:22:17.363+0000] {dag.py:4156} INFO - Setting next_dagrun for example_branch_python_operator_decorator to 2025-12-08 00:00:00+00:00, run_after=2025-12-09 00:00:00+00:00
[2025-12-09T19:22:17.410+0000] {processor.py:208} INFO - Processing /home/airflow/.local/lib/python3.12/site-packages/airflow/example_dags/example_branch_operator_decorator.py took 0.222 seconds
[2025-12-09T19:22:47.877+0000] {processor.py:186} INFO - Started process (PID=1010) to work on /home/airflow/.local/lib/python3.12/site-packages/airflow/example_dags/example_branch_operator_decorator.py
[2025-12-09T19:22:47.910+0000] {processor.py:914} INFO - Processing file /home/airflow/.local/lib/python3.12/site-packages/airflow/example_dags/example_branch_operator_decorator.py for tasks to queue
[2025-12-09T19:22:47.915+0000] {logging_mixin.py:190} INFO - [2025-12-09T19:22:47.914+0000] {dagbag.py:587} INFO - Filling up the DagBag from /home/airflow/.local/lib/python3.12/site-packages/airflow/example_dags/example_branch_operator_decorator.py
[2025-12-09T19:22:47.952+0000] {processor.py:925} INFO - DAG(s) 'example_branch_python_operator_decorator' retrieved from /home/airflow/.local/lib/python3.12/site-packages/airflow/example_dags/example_branch_operator_decorator.py
[2025-12-09T19:22:47.999+0000] {logging_mixin.py:190} INFO - [2025-12-09T19:22:47.998+0000] {dag.py:3229} INFO - Sync 1 DAGs
[2025-12-09T19:22:48.032+0000] {logging_mixin.py:190} INFO - [2025-12-09T19:22:48.032+0000] {dag.py:4156} INFO - Setting next_dagrun for example_branch_python_operator_decorator to 2025-12-08 00:00:00+00:00, run_after=2025-12-09 00:00:00+00:00
[2025-12-09T19:22:48.062+0000] {processor.py:208} INFO - Processing /home/airflow/.local/lib/python3.12/site-packages/airflow/example_dags/example_branch_operator_decorator.py took 0.195 seconds
[2025-12-09T19:23:18.627+0000] {processor.py:186} INFO - Started process (PID=1072) to work on /home/airflow/.local/lib/python3.12/site-packages/airflow/example_dags/example_branch_operator_decorator.py
[2025-12-09T19:23:18.630+0000] {processor.py:914} INFO - Processing file /home/airflow/.local/lib/python3.12/site-packages/airflow/example_dags/example_branch_operator_decorator.py for tasks to queue
[2025-12-09T19:23:18.635+0000] {logging_mixin.py:190} INFO - [2025-12-09T19:23:18.634+0000] {dagbag.py:587} INFO - Filling up the DagBag from /home/airflow/.local/lib/python3.12/site-packages/airflow/example_dags/example_branch_operator_decorator.py
[2025-12-09T19:23:18.683+0000] {processor.py:925} INFO - DAG(s) 'example_branch_python_operator_decorator' retrieved from /home/airflow/.local/lib/python3.12/site-packages/airflow/example_dags/example_branch_operator_decorator.py
[2025-12-09T19:23:18.744+0000] {logging_mixin.py:190} INFO - [2025-12-09T19:23:18.743+0000] {dag.py:3229} INFO - Sync 1 DAGs
[2025-12-09T19:23:18.809+0000] {logging_mixin.py:190} INFO - [2025-12-09T19:23:18.808+0000] {dag.py:4156} INFO - Setting next_dagrun for example_branch_python_operator_decorator to 2025-12-08 00:00:00+00:00, run_after=2025-12-09 00:00:00+00:00
[2025-12-09T19:23:18.872+0000] {processor.py:208} INFO - Processing /home/airflow/.local/lib/python3.12/site-packages/airflow/example_dags/example_branch_operator_decorator.py took 0.262 seconds
[2025-12-09T19:23:49.234+0000] {processor.py:186} INFO - Started process (PID=1140) to work on /home/airflow/.local/lib/python3.12/site-packages/airflow/example_dags/example_branch_operator_decorator.py
[2025-12-09T19:23:49.266+0000] {processor.py:914} INFO - Processing file /home/airflow/.local/lib/python3.12/site-packages/airflow/example_dags/example_branch_operator_decorator.py for tasks to queue
[2025-12-09T19:23:49.270+0000] {logging_mixin.py:190} INFO - [2025-12-09T19:23:49.270+0000] {dagbag.py:587} INFO - Filling up the DagBag from /home/airflow/.local/lib/python3.12/site-packages/airflow/example_dags/example_branch_operator_decorator.py
[2025-12-09T19:23:49.310+0000] {processor.py:925} INFO - DAG(s) 'example_branch_python_operator_decorator' retrieved from /home/airflow/.local/lib/python3.12/site-packages/airflow/example_dags/example_branch_operator_decorator.py
[2025-12-09T19:23:49.359+0000] {logging_mixin.py:190} INFO - [2025-12-09T19:23:49.359+0000] {dag.py:3229} INFO - Sync 1 DAGs
[2025-12-09T19:23:49.399+0000] {logging_mixin.py:190} INFO - [2025-12-09T19:23:49.398+0000] {dag.py:4156} INFO - Setting next_dagrun for example_branch_python_operator_decorator to 2025-12-08 00:00:00+00:00, run_after=2025-12-09 00:00:00+00:00
[2025-12-09T19:23:49.432+0000] {processor.py:208} INFO - Processing /home/airflow/.local/lib/python3.12/site-packages/airflow/example_dags/example_branch_operator_decorator.py took 0.208 seconds
[2025-12-09T19:24:22.538+0000] {processor.py:186} INFO - Started process (PID=1202) to work on /home/airflow/.local/lib/python3.12/site-packages/airflow/example_dags/example_branch_operator_decorator.py
[2025-12-09T19:24:13.933+0000] {processor.py:914} INFO - Processing file /home/airflow/.local/lib/python3.12/site-packages/airflow/example_dags/example_branch_operator_decorator.py for tasks to queue
[2025-12-09T19:24:13.937+0000] {logging_mixin.py:190} INFO - [2025-12-09T19:24:13.936+0000] {dagbag.py:587} INFO - Filling up the DagBag from /home/airflow/.local/lib/python3.12/site-packages/airflow/example_dags/example_branch_operator_decorator.py
[2025-12-09T19:24:13.975+0000] {processor.py:925} INFO - DAG(s) 'example_branch_python_operator_decorator' retrieved from /home/airflow/.local/lib/python3.12/site-packages/airflow/example_dags/example_branch_operator_decorator.py
[2025-12-09T19:24:14.018+0000] {logging_mixin.py:190} INFO - [2025-12-09T19:24:14.018+0000] {dag.py:3229} INFO - Sync 1 DAGs
[2025-12-09T19:24:14.051+0000] {logging_mixin.py:190} INFO - [2025-12-09T19:24:14.051+0000] {dag.py:4156} INFO - Setting next_dagrun for example_branch_python_operator_decorator to 2025-12-08 00:00:00+00:00, run_after=2025-12-09 00:00:00+00:00
[2025-12-09T19:24:14.077+0000] {processor.py:208} INFO - Processing /home/airflow/.local/lib/python3.12/site-packages/airflow/example_dags/example_branch_operator_decorator.py took 0.187 seconds
[2025-12-09T19:24:47.140+0000] {processor.py:186} INFO - Started process (PID=1257) to work on /home/airflow/.local/lib/python3.12/site-packages/airflow/example_dags/example_branch_operator_decorator.py
[2025-12-09T19:24:47.142+0000] {processor.py:914} INFO - Processing file /home/airflow/.local/lib/python3.12/site-packages/airflow/example_dags/example_branch_operator_decorator.py for tasks to queue
[2025-12-09T19:24:47.147+0000] {logging_mixin.py:190} INFO - [2025-12-09T19:24:47.147+0000] {dagbag.py:587} INFO - Filling up the DagBag from /home/airflow/.local/lib/python3.12/site-packages/airflow/example_dags/example_branch_operator_decorator.py
[2025-12-09T19:24:47.184+0000] {processor.py:925} INFO - DAG(s) 'example_branch_python_operator_decorator' retrieved from /home/airflow/.local/lib/python3.12/site-packages/airflow/example_dags/example_branch_operator_decorator.py
[2025-12-09T19:24:47.229+0000] {logging_mixin.py:190} INFO - [2025-12-09T19:24:47.228+0000] {dag.py:3229} INFO - Sync 1 DAGs
[2025-12-09T19:24:47.264+0000] {logging_mixin.py:190} INFO - [2025-12-09T19:24:47.264+0000] {dag.py:4156} INFO - Setting next_dagrun for example_branch_python_operator_decorator to 2025-12-08 00:00:00+00:00, run_after=2025-12-09 00:00:00+00:00
[2025-12-09T19:24:47.313+0000] {processor.py:208} INFO - Processing /home/airflow/.local/lib/python3.12/site-packages/airflow/example_dags/example_branch_operator_decorator.py took 0.183 seconds
[2025-12-09T19:25:21.283+0000] {processor.py:186} INFO - Started process (PID=1340) to work on /home/airflow/.local/lib/python3.12/site-packages/airflow/example_dags/example_branch_operator_decorator.py
[2025-12-09T19:25:21.288+0000] {processor.py:914} INFO - Processing file /home/airflow/.local/lib/python3.12/site-packages/airflow/example_dags/example_branch_operator_decorator.py for tasks to queue
[2025-12-09T19:25:21.294+0000] {logging_mixin.py:190} INFO - [2025-12-09T19:25:21.293+0000] {dagbag.py:587} INFO - Filling up the DagBag from /home/airflow/.local/lib/python3.12/site-packages/airflow/example_dags/example_branch_operator_decorator.py
[2025-12-09T19:25:21.326+0000] {processor.py:925} INFO - DAG(s) 'example_branch_python_operator_decorator' retrieved from /home/airflow/.local/lib/python3.12/site-packages/airflow/example_dags/example_branch_operator_decorator.py
[2025-12-09T19:25:21.366+0000] {logging_mixin.py:190} INFO - [2025-12-09T19:25:21.366+0000] {dag.py:3229} INFO - Sync 1 DAGs
[2025-12-09T19:25:21.400+0000] {logging_mixin.py:190} INFO - [2025-12-09T19:25:21.400+0000] {dag.py:4156} INFO - Setting next_dagrun for example_branch_python_operator_decorator to 2025-12-08 00:00:00+00:00, run_after=2025-12-09 00:00:00+00:00
[2025-12-09T19:25:21.448+0000] {processor.py:208} INFO - Processing /home/airflow/.local/lib/python3.12/site-packages/airflow/example_dags/example_branch_operator_decorator.py took 0.176 seconds
[2025-12-09T19:25:52.397+0000] {processor.py:186} INFO - Started process (PID=1405) to work on /home/airflow/.local/lib/python3.12/site-packages/airflow/example_dags/example_branch_operator_decorator.py
[2025-12-09T19:25:52.430+0000] {processor.py:914} INFO - Processing file /home/airflow/.local/lib/python3.12/site-packages/airflow/example_dags/example_branch_operator_decorator.py for tasks to queue
[2025-12-09T19:25:52.434+0000] {logging_mixin.py:190} INFO - [2025-12-09T19:25:52.434+0000] {dagbag.py:587} INFO - Filling up the DagBag from /home/airflow/.local/lib/python3.12/site-packages/airflow/example_dags/example_branch_operator_decorator.py
[2025-12-09T19:25:52.470+0000] {processor.py:925} INFO - DAG(s) 'example_branch_python_operator_decorator' retrieved from /home/airflow/.local/lib/python3.12/site-packages/airflow/example_dags/example_branch_operator_decorator.py
[2025-12-09T19:25:52.518+0000] {logging_mixin.py:190} INFO - [2025-12-09T19:25:52.518+0000] {dag.py:3229} INFO - Sync 1 DAGs
[2025-12-09T19:25:52.557+0000] {logging_mixin.py:190} INFO - [2025-12-09T19:25:52.557+0000] {dag.py:4156} INFO - Setting next_dagrun for example_branch_python_operator_decorator to 2025-12-08 00:00:00+00:00, run_after=2025-12-09 00:00:00+00:00
[2025-12-09T19:25:52.588+0000] {processor.py:208} INFO - Processing /home/airflow/.local/lib/python3.12/site-packages/airflow/example_dags/example_branch_operator_decorator.py took 0.205 seconds
