[2025-12-09T19:15:31.321+0000] {processor.py:186} INFO - Started process (PID=79) to work on /home/airflow/.local/lib/python3.12/site-packages/airflow/example_dags/example_xcomargs.py
[2025-12-09T19:15:31.323+0000] {processor.py:914} INFO - Processing file /home/airflow/.local/lib/python3.12/site-packages/airflow/example_dags/example_xcomargs.py for tasks to queue
[2025-12-09T19:15:31.328+0000] {logging_mixin.py:190} INFO - [2025-12-09T19:15:31.328+0000] {dagbag.py:587} INFO - Filling up the DagBag from /home/airflow/.local/lib/python3.12/site-packages/airflow/example_dags/example_xcomargs.py
[2025-12-09T19:15:31.359+0000] {processor.py:925} INFO - DAG(s) 'example_xcom_args_with_operators', 'example_xcom_args' retrieved from /home/airflow/.local/lib/python3.12/site-packages/airflow/example_dags/example_xcomargs.py
[2025-12-09T19:15:31.766+0000] {logging_mixin.py:190} INFO - [2025-12-09T19:15:31.765+0000] {override.py:1900} INFO - Created Permission View: can read on DAG:example_xcom_args_with_operators
[2025-12-09T19:15:31.781+0000] {logging_mixin.py:190} INFO - [2025-12-09T19:15:31.781+0000] {override.py:1900} INFO - Created Permission View: can delete on DAG:example_xcom_args_with_operators
[2025-12-09T19:15:31.791+0000] {logging_mixin.py:190} INFO - [2025-12-09T19:15:31.791+0000] {override.py:1900} INFO - Created Permission View: can edit on DAG:example_xcom_args_with_operators
[2025-12-09T19:15:31.802+0000] {logging_mixin.py:190} INFO - [2025-12-09T19:15:31.802+0000] {override.py:1900} INFO - Created Permission View: can read on DAG Run:example_xcom_args_with_operators
[2025-12-09T19:15:31.813+0000] {logging_mixin.py:190} INFO - [2025-12-09T19:15:31.813+0000] {override.py:1900} INFO - Created Permission View: can delete on DAG Run:example_xcom_args_with_operators
[2025-12-09T19:15:31.825+0000] {logging_mixin.py:190} INFO - [2025-12-09T19:15:31.824+0000] {override.py:1900} INFO - Created Permission View: menu access on DAG Run:example_xcom_args_with_operators
[2025-12-09T19:15:31.835+0000] {logging_mixin.py:190} INFO - [2025-12-09T19:15:31.834+0000] {override.py:1900} INFO - Created Permission View: can create on DAG Run:example_xcom_args_with_operators
[2025-12-09T19:15:31.855+0000] {logging_mixin.py:190} INFO - [2025-12-09T19:15:31.855+0000] {override.py:1900} INFO - Created Permission View: can read on DAG:example_xcom_args
[2025-12-09T19:15:31.865+0000] {logging_mixin.py:190} INFO - [2025-12-09T19:15:31.865+0000] {override.py:1900} INFO - Created Permission View: can delete on DAG:example_xcom_args
[2025-12-09T19:15:31.875+0000] {logging_mixin.py:190} INFO - [2025-12-09T19:15:31.875+0000] {override.py:1900} INFO - Created Permission View: can edit on DAG:example_xcom_args
[2025-12-09T19:15:31.887+0000] {logging_mixin.py:190} INFO - [2025-12-09T19:15:31.886+0000] {override.py:1900} INFO - Created Permission View: can read on DAG Run:example_xcom_args
[2025-12-09T19:15:31.897+0000] {logging_mixin.py:190} INFO - [2025-12-09T19:15:31.897+0000] {override.py:1900} INFO - Created Permission View: can delete on DAG Run:example_xcom_args
[2025-12-09T19:15:31.907+0000] {logging_mixin.py:190} INFO - [2025-12-09T19:15:31.907+0000] {override.py:1900} INFO - Created Permission View: menu access on DAG Run:example_xcom_args
[2025-12-09T19:15:31.918+0000] {logging_mixin.py:190} INFO - [2025-12-09T19:15:31.918+0000] {override.py:1900} INFO - Created Permission View: can create on DAG Run:example_xcom_args
[2025-12-09T19:15:31.919+0000] {logging_mixin.py:190} INFO - [2025-12-09T19:15:31.919+0000] {dag.py:3229} INFO - Sync 2 DAGs
[2025-12-09T19:15:31.938+0000] {logging_mixin.py:190} INFO - [2025-12-09T19:15:31.938+0000] {dag.py:3252} INFO - Creating ORM DAG for example_xcom_args
[2025-12-09T19:15:31.939+0000] {logging_mixin.py:190} INFO - [2025-12-09T19:15:31.939+0000] {dag.py:3252} INFO - Creating ORM DAG for example_xcom_args_with_operators
[2025-12-09T19:15:31.940+0000] {logging_mixin.py:190} INFO - [2025-12-09T19:15:31.940+0000] {dag.py:4156} INFO - Setting next_dagrun for example_xcom_args to None, run_after=None
[2025-12-09T19:15:31.941+0000] {logging_mixin.py:190} INFO - [2025-12-09T19:15:31.940+0000] {dag.py:4156} INFO - Setting next_dagrun for example_xcom_args_with_operators to None, run_after=None
[2025-12-09T19:15:31.970+0000] {processor.py:208} INFO - Processing /home/airflow/.local/lib/python3.12/site-packages/airflow/example_dags/example_xcomargs.py took 0.663 seconds
[2025-12-09T19:16:02.678+0000] {processor.py:186} INFO - Started process (PID=147) to work on /home/airflow/.local/lib/python3.12/site-packages/airflow/example_dags/example_xcomargs.py
[2025-12-09T19:16:02.697+0000] {processor.py:914} INFO - Processing file /home/airflow/.local/lib/python3.12/site-packages/airflow/example_dags/example_xcomargs.py for tasks to queue
[2025-12-09T19:16:02.702+0000] {logging_mixin.py:190} INFO - [2025-12-09T19:16:02.702+0000] {dagbag.py:587} INFO - Filling up the DagBag from /home/airflow/.local/lib/python3.12/site-packages/airflow/example_dags/example_xcomargs.py
[2025-12-09T19:16:02.725+0000] {processor.py:925} INFO - DAG(s) 'example_xcom_args_with_operators', 'example_xcom_args' retrieved from /home/airflow/.local/lib/python3.12/site-packages/airflow/example_dags/example_xcomargs.py
[2025-12-09T19:16:02.779+0000] {logging_mixin.py:190} INFO - [2025-12-09T19:16:02.778+0000] {dag.py:3229} INFO - Sync 2 DAGs
[2025-12-09T19:16:02.808+0000] {logging_mixin.py:190} INFO - [2025-12-09T19:16:02.807+0000] {dag.py:4156} INFO - Setting next_dagrun for example_xcom_args to None, run_after=None
[2025-12-09T19:16:02.814+0000] {logging_mixin.py:190} INFO - [2025-12-09T19:16:02.814+0000] {dag.py:4156} INFO - Setting next_dagrun for example_xcom_args_with_operators to None, run_after=None
[2025-12-09T19:16:02.887+0000] {processor.py:208} INFO - Processing /home/airflow/.local/lib/python3.12/site-packages/airflow/example_dags/example_xcomargs.py took 0.224 seconds
[2025-12-09T19:16:33.389+0000] {processor.py:186} INFO - Started process (PID=209) to work on /home/airflow/.local/lib/python3.12/site-packages/airflow/example_dags/example_xcomargs.py
[2025-12-09T19:16:33.403+0000] {processor.py:914} INFO - Processing file /home/airflow/.local/lib/python3.12/site-packages/airflow/example_dags/example_xcomargs.py for tasks to queue
[2025-12-09T19:16:33.409+0000] {logging_mixin.py:190} INFO - [2025-12-09T19:16:33.408+0000] {dagbag.py:587} INFO - Filling up the DagBag from /home/airflow/.local/lib/python3.12/site-packages/airflow/example_dags/example_xcomargs.py
[2025-12-09T19:16:33.431+0000] {processor.py:925} INFO - DAG(s) 'example_xcom_args_with_operators', 'example_xcom_args' retrieved from /home/airflow/.local/lib/python3.12/site-packages/airflow/example_dags/example_xcomargs.py
[2025-12-09T19:16:33.487+0000] {logging_mixin.py:190} INFO - [2025-12-09T19:16:33.486+0000] {dag.py:3229} INFO - Sync 2 DAGs
[2025-12-09T19:16:41.428+0000] {logging_mixin.py:190} INFO - [2025-12-09T19:16:41.428+0000] {dag.py:4156} INFO - Setting next_dagrun for example_xcom_args to None, run_after=None
[2025-12-09T19:16:41.433+0000] {logging_mixin.py:190} INFO - [2025-12-09T19:16:41.433+0000] {dag.py:4156} INFO - Setting next_dagrun for example_xcom_args_with_operators to None, run_after=None
[2025-12-09T19:16:33.084+0000] {processor.py:208} INFO - Processing /home/airflow/.local/lib/python3.12/site-packages/airflow/example_dags/example_xcomargs.py took 0.206 seconds
[2025-12-09T19:17:06.581+0000] {processor.py:186} INFO - Started process (PID=271) to work on /home/airflow/.local/lib/python3.12/site-packages/airflow/example_dags/example_xcomargs.py
[2025-12-09T19:17:06.595+0000] {processor.py:914} INFO - Processing file /home/airflow/.local/lib/python3.12/site-packages/airflow/example_dags/example_xcomargs.py for tasks to queue
[2025-12-09T19:17:06.600+0000] {logging_mixin.py:190} INFO - [2025-12-09T19:17:06.599+0000] {dagbag.py:587} INFO - Filling up the DagBag from /home/airflow/.local/lib/python3.12/site-packages/airflow/example_dags/example_xcomargs.py
[2025-12-09T19:17:06.620+0000] {processor.py:925} INFO - DAG(s) 'example_xcom_args', 'example_xcom_args_with_operators' retrieved from /home/airflow/.local/lib/python3.12/site-packages/airflow/example_dags/example_xcomargs.py
[2025-12-09T19:17:06.669+0000] {logging_mixin.py:190} INFO - [2025-12-09T19:17:06.668+0000] {dag.py:3229} INFO - Sync 2 DAGs
[2025-12-09T19:17:06.693+0000] {logging_mixin.py:190} INFO - [2025-12-09T19:17:06.692+0000] {dag.py:4156} INFO - Setting next_dagrun for example_xcom_args to None, run_after=None
[2025-12-09T19:17:06.700+0000] {logging_mixin.py:190} INFO - [2025-12-09T19:17:06.699+0000] {dag.py:4156} INFO - Setting next_dagrun for example_xcom_args_with_operators to None, run_after=None
[2025-12-09T19:17:06.729+0000] {processor.py:208} INFO - Processing /home/airflow/.local/lib/python3.12/site-packages/airflow/example_dags/example_xcomargs.py took 0.160 seconds
[2025-12-09T19:17:37.494+0000] {processor.py:186} INFO - Started process (PID=363) to work on /home/airflow/.local/lib/python3.12/site-packages/airflow/example_dags/example_xcomargs.py
[2025-12-09T19:17:37.513+0000] {processor.py:914} INFO - Processing file /home/airflow/.local/lib/python3.12/site-packages/airflow/example_dags/example_xcomargs.py for tasks to queue
[2025-12-09T19:17:37.517+0000] {logging_mixin.py:190} INFO - [2025-12-09T19:17:37.517+0000] {dagbag.py:587} INFO - Filling up the DagBag from /home/airflow/.local/lib/python3.12/site-packages/airflow/example_dags/example_xcomargs.py
[2025-12-09T19:17:37.536+0000] {processor.py:925} INFO - DAG(s) 'example_xcom_args', 'example_xcom_args_with_operators' retrieved from /home/airflow/.local/lib/python3.12/site-packages/airflow/example_dags/example_xcomargs.py
[2025-12-09T19:17:37.580+0000] {logging_mixin.py:190} INFO - [2025-12-09T19:17:37.580+0000] {dag.py:3229} INFO - Sync 2 DAGs
[2025-12-09T19:17:37.602+0000] {logging_mixin.py:190} INFO - [2025-12-09T19:17:37.601+0000] {dag.py:4156} INFO - Setting next_dagrun for example_xcom_args to None, run_after=None
[2025-12-09T19:17:37.606+0000] {logging_mixin.py:190} INFO - [2025-12-09T19:17:37.606+0000] {dag.py:4156} INFO - Setting next_dagrun for example_xcom_args_with_operators to None, run_after=None
[2025-12-09T19:17:37.661+0000] {processor.py:208} INFO - Processing /home/airflow/.local/lib/python3.12/site-packages/airflow/example_dags/example_xcomargs.py took 0.178 seconds
[2025-12-09T19:18:11.784+0000] {processor.py:186} INFO - Started process (PID=417) to work on /home/airflow/.local/lib/python3.12/site-packages/airflow/example_dags/example_xcomargs.py
[2025-12-09T19:18:11.790+0000] {processor.py:914} INFO - Processing file /home/airflow/.local/lib/python3.12/site-packages/airflow/example_dags/example_xcomargs.py for tasks to queue
[2025-12-09T19:18:11.796+0000] {logging_mixin.py:190} INFO - [2025-12-09T19:18:11.795+0000] {dagbag.py:587} INFO - Filling up the DagBag from /home/airflow/.local/lib/python3.12/site-packages/airflow/example_dags/example_xcomargs.py
[2025-12-09T19:18:11.818+0000] {processor.py:925} INFO - DAG(s) 'example_xcom_args_with_operators', 'example_xcom_args' retrieved from /home/airflow/.local/lib/python3.12/site-packages/airflow/example_dags/example_xcomargs.py
[2025-12-09T19:18:11.867+0000] {logging_mixin.py:190} INFO - [2025-12-09T19:18:11.867+0000] {dag.py:3229} INFO - Sync 2 DAGs
[2025-12-09T19:18:11.897+0000] {logging_mixin.py:190} INFO - [2025-12-09T19:18:11.897+0000] {dag.py:4156} INFO - Setting next_dagrun for example_xcom_args to None, run_after=None
[2025-12-09T19:18:11.903+0000] {logging_mixin.py:190} INFO - [2025-12-09T19:18:11.903+0000] {dag.py:4156} INFO - Setting next_dagrun for example_xcom_args_with_operators to None, run_after=None
[2025-12-09T19:18:11.932+0000] {processor.py:208} INFO - Processing /home/airflow/.local/lib/python3.12/site-packages/airflow/example_dags/example_xcomargs.py took 0.163 seconds
[2025-12-09T19:18:42.984+0000] {processor.py:186} INFO - Started process (PID=507) to work on /home/airflow/.local/lib/python3.12/site-packages/airflow/example_dags/example_xcomargs.py
[2025-12-09T19:18:42.987+0000] {processor.py:914} INFO - Processing file /home/airflow/.local/lib/python3.12/site-packages/airflow/example_dags/example_xcomargs.py for tasks to queue
[2025-12-09T19:18:42.992+0000] {logging_mixin.py:190} INFO - [2025-12-09T19:18:42.991+0000] {dagbag.py:587} INFO - Filling up the DagBag from /home/airflow/.local/lib/python3.12/site-packages/airflow/example_dags/example_xcomargs.py
[2025-12-09T19:18:43.011+0000] {processor.py:925} INFO - DAG(s) 'example_xcom_args_with_operators', 'example_xcom_args' retrieved from /home/airflow/.local/lib/python3.12/site-packages/airflow/example_dags/example_xcomargs.py
[2025-12-09T19:18:43.051+0000] {logging_mixin.py:190} INFO - [2025-12-09T19:18:43.051+0000] {dag.py:3229} INFO - Sync 2 DAGs
[2025-12-09T19:18:43.077+0000] {logging_mixin.py:190} INFO - [2025-12-09T19:18:43.077+0000] {dag.py:4156} INFO - Setting next_dagrun for example_xcom_args to None, run_after=None
[2025-12-09T19:18:43.082+0000] {logging_mixin.py:190} INFO - [2025-12-09T19:18:43.082+0000] {dag.py:4156} INFO - Setting next_dagrun for example_xcom_args_with_operators to None, run_after=None
[2025-12-09T19:18:43.140+0000] {processor.py:208} INFO - Processing /home/airflow/.local/lib/python3.12/site-packages/airflow/example_dags/example_xcomargs.py took 0.166 seconds
[2025-12-09T19:19:21.837+0000] {processor.py:186} INFO - Started process (PID=575) to work on /home/airflow/.local/lib/python3.12/site-packages/airflow/example_dags/example_xcomargs.py
[2025-12-09T19:19:21.865+0000] {processor.py:914} INFO - Processing file /home/airflow/.local/lib/python3.12/site-packages/airflow/example_dags/example_xcomargs.py for tasks to queue
[2025-12-09T19:19:21.869+0000] {logging_mixin.py:190} INFO - [2025-12-09T19:19:21.868+0000] {dagbag.py:587} INFO - Filling up the DagBag from /home/airflow/.local/lib/python3.12/site-packages/airflow/example_dags/example_xcomargs.py
[2025-12-09T19:19:21.884+0000] {processor.py:925} INFO - DAG(s) 'example_xcom_args', 'example_xcom_args_with_operators' retrieved from /home/airflow/.local/lib/python3.12/site-packages/airflow/example_dags/example_xcomargs.py
[2025-12-09T19:19:21.921+0000] {logging_mixin.py:190} INFO - [2025-12-09T19:19:21.921+0000] {dag.py:3229} INFO - Sync 2 DAGs
[2025-12-09T19:19:21.945+0000] {logging_mixin.py:190} INFO - [2025-12-09T19:19:21.944+0000] {dag.py:4156} INFO - Setting next_dagrun for example_xcom_args to None, run_after=None
[2025-12-09T19:19:13.396+0000] {logging_mixin.py:190} INFO - [2025-12-09T19:19:13.396+0000] {dag.py:4156} INFO - Setting next_dagrun for example_xcom_args_with_operators to None, run_after=None
[2025-12-09T19:19:13.444+0000] {processor.py:208} INFO - Processing /home/airflow/.local/lib/python3.12/site-packages/airflow/example_dags/example_xcomargs.py took 0.174 seconds
[2025-12-09T19:19:38.284+0000] {processor.py:186} INFO - Started process (PID=631) to work on /home/airflow/.local/lib/python3.12/site-packages/airflow/example_dags/example_xcomargs.py
[2025-12-09T19:19:38.309+0000] {processor.py:914} INFO - Processing file /home/airflow/.local/lib/python3.12/site-packages/airflow/example_dags/example_xcomargs.py for tasks to queue
[2025-12-09T19:19:38.313+0000] {logging_mixin.py:190} INFO - [2025-12-09T19:19:38.312+0000] {dagbag.py:587} INFO - Filling up the DagBag from /home/airflow/.local/lib/python3.12/site-packages/airflow/example_dags/example_xcomargs.py
[2025-12-09T19:19:38.331+0000] {processor.py:925} INFO - DAG(s) 'example_xcom_args_with_operators', 'example_xcom_args' retrieved from /home/airflow/.local/lib/python3.12/site-packages/airflow/example_dags/example_xcomargs.py
[2025-12-09T19:19:38.368+0000] {logging_mixin.py:190} INFO - [2025-12-09T19:19:38.368+0000] {dag.py:3229} INFO - Sync 2 DAGs
[2025-12-09T19:19:38.394+0000] {logging_mixin.py:190} INFO - [2025-12-09T19:19:38.394+0000] {dag.py:4156} INFO - Setting next_dagrun for example_xcom_args to None, run_after=None
[2025-12-09T19:19:38.400+0000] {logging_mixin.py:190} INFO - [2025-12-09T19:19:38.400+0000] {dag.py:4156} INFO - Setting next_dagrun for example_xcom_args_with_operators to None, run_after=None
[2025-12-09T19:19:38.422+0000] {processor.py:208} INFO - Processing /home/airflow/.local/lib/python3.12/site-packages/airflow/example_dags/example_xcomargs.py took 0.149 seconds
[2025-12-09T19:20:11.875+0000] {processor.py:186} INFO - Started process (PID=693) to work on /home/airflow/.local/lib/python3.12/site-packages/airflow/example_dags/example_xcomargs.py
[2025-12-09T19:20:11.887+0000] {processor.py:914} INFO - Processing file /home/airflow/.local/lib/python3.12/site-packages/airflow/example_dags/example_xcomargs.py for tasks to queue
[2025-12-09T19:20:11.891+0000] {logging_mixin.py:190} INFO - [2025-12-09T19:20:11.890+0000] {dagbag.py:587} INFO - Filling up the DagBag from /home/airflow/.local/lib/python3.12/site-packages/airflow/example_dags/example_xcomargs.py
[2025-12-09T19:20:11.907+0000] {processor.py:925} INFO - DAG(s) 'example_xcom_args', 'example_xcom_args_with_operators' retrieved from /home/airflow/.local/lib/python3.12/site-packages/airflow/example_dags/example_xcomargs.py
[2025-12-09T19:20:11.944+0000] {logging_mixin.py:190} INFO - [2025-12-09T19:20:11.944+0000] {dag.py:3229} INFO - Sync 2 DAGs
[2025-12-09T19:20:11.970+0000] {logging_mixin.py:190} INFO - [2025-12-09T19:20:11.970+0000] {dag.py:4156} INFO - Setting next_dagrun for example_xcom_args to None, run_after=None
[2025-12-09T19:20:11.976+0000] {logging_mixin.py:190} INFO - [2025-12-09T19:20:11.976+0000] {dag.py:4156} INFO - Setting next_dagrun for example_xcom_args_with_operators to None, run_after=None
[2025-12-09T19:20:12.013+0000] {processor.py:208} INFO - Processing /home/airflow/.local/lib/python3.12/site-packages/airflow/example_dags/example_xcomargs.py took 0.146 seconds
[2025-12-09T19:20:42.107+0000] {processor.py:186} INFO - Started process (PID=755) to work on /home/airflow/.local/lib/python3.12/site-packages/airflow/example_dags/example_xcomargs.py
[2025-12-09T19:20:42.110+0000] {processor.py:914} INFO - Processing file /home/airflow/.local/lib/python3.12/site-packages/airflow/example_dags/example_xcomargs.py for tasks to queue
[2025-12-09T19:20:42.115+0000] {logging_mixin.py:190} INFO - [2025-12-09T19:20:42.114+0000] {dagbag.py:587} INFO - Filling up the DagBag from /home/airflow/.local/lib/python3.12/site-packages/airflow/example_dags/example_xcomargs.py
[2025-12-09T19:20:42.135+0000] {processor.py:925} INFO - DAG(s) 'example_xcom_args', 'example_xcom_args_with_operators' retrieved from /home/airflow/.local/lib/python3.12/site-packages/airflow/example_dags/example_xcomargs.py
[2025-12-09T19:20:42.181+0000] {logging_mixin.py:190} INFO - [2025-12-09T19:20:42.181+0000] {dag.py:3229} INFO - Sync 2 DAGs
[2025-12-09T19:20:42.206+0000] {logging_mixin.py:190} INFO - [2025-12-09T19:20:42.205+0000] {dag.py:4156} INFO - Setting next_dagrun for example_xcom_args to None, run_after=None
[2025-12-09T19:20:42.212+0000] {logging_mixin.py:190} INFO - [2025-12-09T19:20:42.212+0000] {dag.py:4156} INFO - Setting next_dagrun for example_xcom_args_with_operators to None, run_after=None
[2025-12-09T19:20:33.627+0000] {processor.py:208} INFO - Processing /home/airflow/.local/lib/python3.12/site-packages/airflow/example_dags/example_xcomargs.py took 0.171 seconds
[2025-12-09T19:21:07.041+0000] {processor.py:186} INFO - Started process (PID=796) to work on /home/airflow/.local/lib/python3.12/site-packages/airflow/example_dags/example_xcomargs.py
[2025-12-09T19:21:07.076+0000] {processor.py:914} INFO - Processing file /home/airflow/.local/lib/python3.12/site-packages/airflow/example_dags/example_xcomargs.py for tasks to queue
[2025-12-09T19:21:07.081+0000] {logging_mixin.py:190} INFO - [2025-12-09T19:21:07.081+0000] {dagbag.py:587} INFO - Filling up the DagBag from /home/airflow/.local/lib/python3.12/site-packages/airflow/example_dags/example_xcomargs.py
[2025-12-09T19:21:07.097+0000] {processor.py:925} INFO - DAG(s) 'example_xcom_args_with_operators', 'example_xcom_args' retrieved from /home/airflow/.local/lib/python3.12/site-packages/airflow/example_dags/example_xcomargs.py
[2025-12-09T19:21:07.141+0000] {logging_mixin.py:190} INFO - [2025-12-09T19:21:07.140+0000] {dag.py:3229} INFO - Sync 2 DAGs
[2025-12-09T19:21:07.166+0000] {logging_mixin.py:190} INFO - [2025-12-09T19:21:07.166+0000] {dag.py:4156} INFO - Setting next_dagrun for example_xcom_args to None, run_after=None
[2025-12-09T19:21:07.172+0000] {logging_mixin.py:190} INFO - [2025-12-09T19:21:07.171+0000] {dag.py:4156} INFO - Setting next_dagrun for example_xcom_args_with_operators to None, run_after=None
[2025-12-09T19:20:58.606+0000] {processor.py:208} INFO - Processing /home/airflow/.local/lib/python3.12/site-packages/airflow/example_dags/example_xcomargs.py took 0.184 seconds
[2025-12-09T19:21:29.071+0000] {processor.py:186} INFO - Started process (PID=855) to work on /home/airflow/.local/lib/python3.12/site-packages/airflow/example_dags/example_xcomargs.py
[2025-12-09T19:21:29.105+0000] {processor.py:914} INFO - Processing file /home/airflow/.local/lib/python3.12/site-packages/airflow/example_dags/example_xcomargs.py for tasks to queue
[2025-12-09T19:21:29.108+0000] {logging_mixin.py:190} INFO - [2025-12-09T19:21:29.107+0000] {dagbag.py:587} INFO - Filling up the DagBag from /home/airflow/.local/lib/python3.12/site-packages/airflow/example_dags/example_xcomargs.py
[2025-12-09T19:21:29.125+0000] {processor.py:925} INFO - DAG(s) 'example_xcom_args_with_operators', 'example_xcom_args' retrieved from /home/airflow/.local/lib/python3.12/site-packages/airflow/example_dags/example_xcomargs.py
[2025-12-09T19:21:29.162+0000] {logging_mixin.py:190} INFO - [2025-12-09T19:21:29.161+0000] {dag.py:3229} INFO - Sync 2 DAGs
[2025-12-09T19:21:29.186+0000] {logging_mixin.py:190} INFO - [2025-12-09T19:21:29.186+0000] {dag.py:4156} INFO - Setting next_dagrun for example_xcom_args to None, run_after=None
[2025-12-09T19:21:29.191+0000] {logging_mixin.py:190} INFO - [2025-12-09T19:21:29.191+0000] {dag.py:4156} INFO - Setting next_dagrun for example_xcom_args_with_operators to None, run_after=None
[2025-12-09T19:21:29.249+0000] {processor.py:208} INFO - Processing /home/airflow/.local/lib/python3.12/site-packages/airflow/example_dags/example_xcomargs.py took 0.187 seconds
[2025-12-09T19:22:02.248+0000] {processor.py:186} INFO - Started process (PID=915) to work on /home/airflow/.local/lib/python3.12/site-packages/airflow/example_dags/example_xcomargs.py
[2025-12-09T19:22:02.270+0000] {processor.py:914} INFO - Processing file /home/airflow/.local/lib/python3.12/site-packages/airflow/example_dags/example_xcomargs.py for tasks to queue
[2025-12-09T19:22:02.274+0000] {logging_mixin.py:190} INFO - [2025-12-09T19:22:02.274+0000] {dagbag.py:587} INFO - Filling up the DagBag from /home/airflow/.local/lib/python3.12/site-packages/airflow/example_dags/example_xcomargs.py
[2025-12-09T19:22:02.292+0000] {processor.py:925} INFO - DAG(s) 'example_xcom_args', 'example_xcom_args_with_operators' retrieved from /home/airflow/.local/lib/python3.12/site-packages/airflow/example_dags/example_xcomargs.py
[2025-12-09T19:22:02.330+0000] {logging_mixin.py:190} INFO - [2025-12-09T19:22:02.330+0000] {dag.py:3229} INFO - Sync 2 DAGs
[2025-12-09T19:21:53.723+0000] {logging_mixin.py:190} INFO - [2025-12-09T19:21:53.723+0000] {dag.py:4156} INFO - Setting next_dagrun for example_xcom_args to None, run_after=None
[2025-12-09T19:21:53.744+0000] {logging_mixin.py:190} INFO - [2025-12-09T19:21:53.744+0000] {dag.py:4156} INFO - Setting next_dagrun for example_xcom_args_with_operators to None, run_after=None
[2025-12-09T19:21:53.771+0000] {processor.py:208} INFO - Processing /home/airflow/.local/lib/python3.12/site-packages/airflow/example_dags/example_xcomargs.py took 0.163 seconds
[2025-12-09T19:22:24.207+0000] {processor.py:186} INFO - Started process (PID=975) to work on /home/airflow/.local/lib/python3.12/site-packages/airflow/example_dags/example_xcomargs.py
[2025-12-09T19:22:24.239+0000] {processor.py:914} INFO - Processing file /home/airflow/.local/lib/python3.12/site-packages/airflow/example_dags/example_xcomargs.py for tasks to queue
[2025-12-09T19:22:24.243+0000] {logging_mixin.py:190} INFO - [2025-12-09T19:22:24.242+0000] {dagbag.py:587} INFO - Filling up the DagBag from /home/airflow/.local/lib/python3.12/site-packages/airflow/example_dags/example_xcomargs.py
[2025-12-09T19:22:24.258+0000] {processor.py:925} INFO - DAG(s) 'example_xcom_args_with_operators', 'example_xcom_args' retrieved from /home/airflow/.local/lib/python3.12/site-packages/airflow/example_dags/example_xcomargs.py
[2025-12-09T19:22:24.300+0000] {logging_mixin.py:190} INFO - [2025-12-09T19:22:24.300+0000] {dag.py:3229} INFO - Sync 2 DAGs
[2025-12-09T19:22:24.323+0000] {logging_mixin.py:190} INFO - [2025-12-09T19:22:24.323+0000] {dag.py:4156} INFO - Setting next_dagrun for example_xcom_args to None, run_after=None
[2025-12-09T19:22:24.329+0000] {logging_mixin.py:190} INFO - [2025-12-09T19:22:24.329+0000] {dag.py:4156} INFO - Setting next_dagrun for example_xcom_args_with_operators to None, run_after=None
[2025-12-09T19:22:24.387+0000] {processor.py:208} INFO - Processing /home/airflow/.local/lib/python3.12/site-packages/airflow/example_dags/example_xcomargs.py took 0.189 seconds
[2025-12-09T19:22:56.966+0000] {processor.py:186} INFO - Started process (PID=1012) to work on /home/airflow/.local/lib/python3.12/site-packages/airflow/example_dags/example_xcomargs.py
[2025-12-09T19:22:56.997+0000] {processor.py:914} INFO - Processing file /home/airflow/.local/lib/python3.12/site-packages/airflow/example_dags/example_xcomargs.py for tasks to queue
[2025-12-09T19:22:57.000+0000] {logging_mixin.py:190} INFO - [2025-12-09T19:22:57.000+0000] {dagbag.py:587} INFO - Filling up the DagBag from /home/airflow/.local/lib/python3.12/site-packages/airflow/example_dags/example_xcomargs.py
[2025-12-09T19:22:57.015+0000] {processor.py:925} INFO - DAG(s) 'example_xcom_args_with_operators', 'example_xcom_args' retrieved from /home/airflow/.local/lib/python3.12/site-packages/airflow/example_dags/example_xcomargs.py
[2025-12-09T19:22:57.052+0000] {logging_mixin.py:190} INFO - [2025-12-09T19:22:57.052+0000] {dag.py:3229} INFO - Sync 2 DAGs
[2025-12-09T19:22:57.073+0000] {logging_mixin.py:190} INFO - [2025-12-09T19:22:57.073+0000] {dag.py:4156} INFO - Setting next_dagrun for example_xcom_args to None, run_after=None
[2025-12-09T19:22:57.078+0000] {logging_mixin.py:190} INFO - [2025-12-09T19:22:57.078+0000] {dag.py:4156} INFO - Setting next_dagrun for example_xcom_args_with_operators to None, run_after=None
[2025-12-09T19:22:57.135+0000] {processor.py:208} INFO - Processing /home/airflow/.local/lib/python3.12/site-packages/airflow/example_dags/example_xcomargs.py took 0.182 seconds
[2025-12-09T19:23:32.120+0000] {processor.py:186} INFO - Started process (PID=1110) to work on /home/airflow/.local/lib/python3.12/site-packages/airflow/example_dags/example_xcomargs.py
[2025-12-09T19:23:32.124+0000] {processor.py:914} INFO - Processing file /home/airflow/.local/lib/python3.12/site-packages/airflow/example_dags/example_xcomargs.py for tasks to queue
[2025-12-09T19:23:32.128+0000] {logging_mixin.py:190} INFO - [2025-12-09T19:23:32.127+0000] {dagbag.py:587} INFO - Filling up the DagBag from /home/airflow/.local/lib/python3.12/site-packages/airflow/example_dags/example_xcomargs.py
[2025-12-09T19:23:32.144+0000] {processor.py:925} INFO - DAG(s) 'example_xcom_args_with_operators', 'example_xcom_args' retrieved from /home/airflow/.local/lib/python3.12/site-packages/airflow/example_dags/example_xcomargs.py
[2025-12-09T19:23:32.183+0000] {logging_mixin.py:190} INFO - [2025-12-09T19:23:32.182+0000] {dag.py:3229} INFO - Sync 2 DAGs
[2025-12-09T19:23:32.208+0000] {logging_mixin.py:190} INFO - [2025-12-09T19:23:32.208+0000] {dag.py:4156} INFO - Setting next_dagrun for example_xcom_args to None, run_after=None
[2025-12-09T19:23:32.214+0000] {logging_mixin.py:190} INFO - [2025-12-09T19:23:32.214+0000] {dag.py:4156} INFO - Setting next_dagrun for example_xcom_args_with_operators to None, run_after=None
[2025-12-09T19:23:32.273+0000] {processor.py:208} INFO - Processing /home/airflow/.local/lib/python3.12/site-packages/airflow/example_dags/example_xcomargs.py took 0.163 seconds
[2025-12-09T19:24:02.505+0000] {processor.py:186} INFO - Started process (PID=1189) to work on /home/airflow/.local/lib/python3.12/site-packages/airflow/example_dags/example_xcomargs.py
[2025-12-09T19:24:02.537+0000] {processor.py:914} INFO - Processing file /home/airflow/.local/lib/python3.12/site-packages/airflow/example_dags/example_xcomargs.py for tasks to queue
[2025-12-09T19:24:02.542+0000] {logging_mixin.py:190} INFO - [2025-12-09T19:24:02.542+0000] {dagbag.py:587} INFO - Filling up the DagBag from /home/airflow/.local/lib/python3.12/site-packages/airflow/example_dags/example_xcomargs.py
[2025-12-09T19:24:02.562+0000] {processor.py:925} INFO - DAG(s) 'example_xcom_args_with_operators', 'example_xcom_args' retrieved from /home/airflow/.local/lib/python3.12/site-packages/airflow/example_dags/example_xcomargs.py
[2025-12-09T19:24:02.612+0000] {logging_mixin.py:190} INFO - [2025-12-09T19:24:02.612+0000] {dag.py:3229} INFO - Sync 2 DAGs
[2025-12-09T19:24:02.636+0000] {logging_mixin.py:190} INFO - [2025-12-09T19:24:02.636+0000] {dag.py:4156} INFO - Setting next_dagrun for example_xcom_args to None, run_after=None
[2025-12-09T19:24:02.642+0000] {logging_mixin.py:190} INFO - [2025-12-09T19:24:02.641+0000] {dag.py:4156} INFO - Setting next_dagrun for example_xcom_args_with_operators to None, run_after=None
[2025-12-09T19:24:02.666+0000] {processor.py:208} INFO - Processing /home/airflow/.local/lib/python3.12/site-packages/airflow/example_dags/example_xcomargs.py took 0.176 seconds
[2025-12-09T19:24:37.398+0000] {processor.py:186} INFO - Started process (PID=1251) to work on /home/airflow/.local/lib/python3.12/site-packages/airflow/example_dags/example_xcomargs.py
[2025-12-09T19:24:37.400+0000] {processor.py:914} INFO - Processing file /home/airflow/.local/lib/python3.12/site-packages/airflow/example_dags/example_xcomargs.py for tasks to queue
[2025-12-09T19:24:37.406+0000] {logging_mixin.py:190} INFO - [2025-12-09T19:24:37.405+0000] {dagbag.py:587} INFO - Filling up the DagBag from /home/airflow/.local/lib/python3.12/site-packages/airflow/example_dags/example_xcomargs.py
[2025-12-09T19:24:37.422+0000] {processor.py:925} INFO - DAG(s) 'example_xcom_args_with_operators', 'example_xcom_args' retrieved from /home/airflow/.local/lib/python3.12/site-packages/airflow/example_dags/example_xcomargs.py
[2025-12-09T19:24:37.462+0000] {logging_mixin.py:190} INFO - [2025-12-09T19:24:37.462+0000] {dag.py:3229} INFO - Sync 2 DAGs
[2025-12-09T19:24:37.486+0000] {logging_mixin.py:190} INFO - [2025-12-09T19:24:37.485+0000] {dag.py:4156} INFO - Setting next_dagrun for example_xcom_args to None, run_after=None
[2025-12-09T19:24:37.492+0000] {logging_mixin.py:190} INFO - [2025-12-09T19:24:37.491+0000] {dag.py:4156} INFO - Setting next_dagrun for example_xcom_args_with_operators to None, run_after=None
[2025-12-09T19:24:37.548+0000] {processor.py:208} INFO - Processing /home/airflow/.local/lib/python3.12/site-packages/airflow/example_dags/example_xcomargs.py took 0.159 seconds
[2025-12-09T19:25:02.215+0000] {processor.py:186} INFO - Started process (PID=1311) to work on /home/airflow/.local/lib/python3.12/site-packages/airflow/example_dags/example_xcomargs.py
[2025-12-09T19:25:02.222+0000] {processor.py:914} INFO - Processing file /home/airflow/.local/lib/python3.12/site-packages/airflow/example_dags/example_xcomargs.py for tasks to queue
[2025-12-09T19:25:02.226+0000] {logging_mixin.py:190} INFO - [2025-12-09T19:25:02.225+0000] {dagbag.py:587} INFO - Filling up the DagBag from /home/airflow/.local/lib/python3.12/site-packages/airflow/example_dags/example_xcomargs.py
[2025-12-09T19:25:02.245+0000] {processor.py:925} INFO - DAG(s) 'example_xcom_args', 'example_xcom_args_with_operators' retrieved from /home/airflow/.local/lib/python3.12/site-packages/airflow/example_dags/example_xcomargs.py
[2025-12-09T19:25:02.283+0000] {logging_mixin.py:190} INFO - [2025-12-09T19:25:02.283+0000] {dag.py:3229} INFO - Sync 2 DAGs
[2025-12-09T19:25:02.304+0000] {logging_mixin.py:190} INFO - [2025-12-09T19:25:02.303+0000] {dag.py:4156} INFO - Setting next_dagrun for example_xcom_args to None, run_after=None
[2025-12-09T19:25:02.309+0000] {logging_mixin.py:190} INFO - [2025-12-09T19:25:02.309+0000] {dag.py:4156} INFO - Setting next_dagrun for example_xcom_args_with_operators to None, run_after=None
[2025-12-09T19:25:02.369+0000] {processor.py:208} INFO - Processing /home/airflow/.local/lib/python3.12/site-packages/airflow/example_dags/example_xcomargs.py took 0.163 seconds
[2025-12-09T19:25:37.249+0000] {processor.py:186} INFO - Started process (PID=1379) to work on /home/airflow/.local/lib/python3.12/site-packages/airflow/example_dags/example_xcomargs.py
[2025-12-09T19:25:37.252+0000] {processor.py:914} INFO - Processing file /home/airflow/.local/lib/python3.12/site-packages/airflow/example_dags/example_xcomargs.py for tasks to queue
[2025-12-09T19:25:37.257+0000] {logging_mixin.py:190} INFO - [2025-12-09T19:25:37.256+0000] {dagbag.py:587} INFO - Filling up the DagBag from /home/airflow/.local/lib/python3.12/site-packages/airflow/example_dags/example_xcomargs.py
[2025-12-09T19:25:37.276+0000] {processor.py:925} INFO - DAG(s) 'example_xcom_args', 'example_xcom_args_with_operators' retrieved from /home/airflow/.local/lib/python3.12/site-packages/airflow/example_dags/example_xcomargs.py
[2025-12-09T19:25:37.314+0000] {logging_mixin.py:190} INFO - [2025-12-09T19:25:37.314+0000] {dag.py:3229} INFO - Sync 2 DAGs
[2025-12-09T19:25:37.338+0000] {logging_mixin.py:190} INFO - [2025-12-09T19:25:37.337+0000] {dag.py:4156} INFO - Setting next_dagrun for example_xcom_args to None, run_after=None
[2025-12-09T19:25:37.343+0000] {logging_mixin.py:190} INFO - [2025-12-09T19:25:37.342+0000] {dag.py:4156} INFO - Setting next_dagrun for example_xcom_args_with_operators to None, run_after=None
[2025-12-09T19:25:37.400+0000] {processor.py:208} INFO - Processing /home/airflow/.local/lib/python3.12/site-packages/airflow/example_dags/example_xcomargs.py took 0.161 seconds
[2025-12-09T19:26:07.505+0000] {processor.py:186} INFO - Started process (PID=1460) to work on /home/airflow/.local/lib/python3.12/site-packages/airflow/example_dags/example_xcomargs.py
[2025-12-09T19:26:07.537+0000] {processor.py:914} INFO - Processing file /home/airflow/.local/lib/python3.12/site-packages/airflow/example_dags/example_xcomargs.py for tasks to queue
[2025-12-09T19:26:15.735+0000] {logging_mixin.py:190} INFO - [2025-12-09T19:26:15.735+0000] {dagbag.py:587} INFO - Filling up the DagBag from /home/airflow/.local/lib/python3.12/site-packages/airflow/example_dags/example_xcomargs.py
[2025-12-09T19:26:15.754+0000] {processor.py:925} INFO - DAG(s) 'example_xcom_args', 'example_xcom_args_with_operators' retrieved from /home/airflow/.local/lib/python3.12/site-packages/airflow/example_dags/example_xcomargs.py
[2025-12-09T19:26:15.799+0000] {logging_mixin.py:190} INFO - [2025-12-09T19:26:15.798+0000] {dag.py:3229} INFO - Sync 2 DAGs
[2025-12-09T19:26:15.827+0000] {logging_mixin.py:190} INFO - [2025-12-09T19:26:15.827+0000] {dag.py:4156} INFO - Setting next_dagrun for example_xcom_args to None, run_after=None
[2025-12-09T19:26:15.834+0000] {logging_mixin.py:190} INFO - [2025-12-09T19:26:15.833+0000] {dag.py:4156} INFO - Setting next_dagrun for example_xcom_args_with_operators to None, run_after=None
[2025-12-09T19:26:15.876+0000] {processor.py:208} INFO - Processing /home/airflow/.local/lib/python3.12/site-packages/airflow/example_dags/example_xcomargs.py took 0.194 seconds
