[2025-12-09T19:15:40.756+0000] {processor.py:186} INFO - Started process (PID=132) to work on /home/airflow/.local/lib/python3.12/site-packages/airflow/example_dags/example_task_group.py
[2025-12-09T19:15:40.758+0000] {processor.py:914} INFO - Processing file /home/airflow/.local/lib/python3.12/site-packages/airflow/example_dags/example_task_group.py for tasks to queue
[2025-12-09T19:15:40.761+0000] {logging_mixin.py:190} INFO - [2025-12-09T19:15:40.760+0000] {dagbag.py:587} INFO - Filling up the DagBag from /home/airflow/.local/lib/python3.12/site-packages/airflow/example_dags/example_task_group.py
[2025-12-09T19:15:40.775+0000] {processor.py:925} INFO - DAG(s) 'example_task_group' retrieved from /home/airflow/.local/lib/python3.12/site-packages/airflow/example_dags/example_task_group.py
[2025-12-09T19:15:40.937+0000] {logging_mixin.py:190} INFO - [2025-12-09T19:15:40.936+0000] {override.py:1900} INFO - Created Permission View: can read on DAG:example_task_group
[2025-12-09T19:15:40.951+0000] {logging_mixin.py:190} INFO - [2025-12-09T19:15:40.951+0000] {override.py:1900} INFO - Created Permission View: can delete on DAG:example_task_group
[2025-12-09T19:15:40.961+0000] {logging_mixin.py:190} INFO - [2025-12-09T19:15:40.960+0000] {override.py:1900} INFO - Created Permission View: can edit on DAG:example_task_group
[2025-12-09T19:15:40.972+0000] {logging_mixin.py:190} INFO - [2025-12-09T19:15:40.971+0000] {override.py:1900} INFO - Created Permission View: can read on DAG Run:example_task_group
[2025-12-09T19:15:40.981+0000] {logging_mixin.py:190} INFO - [2025-12-09T19:15:40.981+0000] {override.py:1900} INFO - Created Permission View: can delete on DAG Run:example_task_group
[2025-12-09T19:15:40.991+0000] {logging_mixin.py:190} INFO - [2025-12-09T19:15:40.990+0000] {override.py:1900} INFO - Created Permission View: menu access on DAG Run:example_task_group
[2025-12-09T19:15:41.000+0000] {logging_mixin.py:190} INFO - [2025-12-09T19:15:40.999+0000] {override.py:1900} INFO - Created Permission View: can create on DAG Run:example_task_group
[2025-12-09T19:15:41.001+0000] {logging_mixin.py:190} INFO - [2025-12-09T19:15:41.000+0000] {dag.py:3229} INFO - Sync 1 DAGs
[2025-12-09T19:15:41.019+0000] {logging_mixin.py:190} INFO - [2025-12-09T19:15:41.018+0000] {dag.py:3252} INFO - Creating ORM DAG for example_task_group
[2025-12-09T19:15:41.020+0000] {logging_mixin.py:190} INFO - [2025-12-09T19:15:41.020+0000] {dag.py:4156} INFO - Setting next_dagrun for example_task_group to None, run_after=None
[2025-12-09T19:15:41.046+0000] {processor.py:208} INFO - Processing /home/airflow/.local/lib/python3.12/site-packages/airflow/example_dags/example_task_group.py took 0.298 seconds
[2025-12-09T19:16:08.067+0000] {processor.py:186} INFO - Started process (PID=189) to work on /home/airflow/.local/lib/python3.12/site-packages/airflow/example_dags/example_task_group.py
[2025-12-09T19:16:08.069+0000] {processor.py:914} INFO - Processing file /home/airflow/.local/lib/python3.12/site-packages/airflow/example_dags/example_task_group.py for tasks to queue
[2025-12-09T19:16:08.073+0000] {logging_mixin.py:190} INFO - [2025-12-09T19:16:08.072+0000] {dagbag.py:587} INFO - Filling up the DagBag from /home/airflow/.local/lib/python3.12/site-packages/airflow/example_dags/example_task_group.py
[2025-12-09T19:16:08.087+0000] {processor.py:925} INFO - DAG(s) 'example_task_group' retrieved from /home/airflow/.local/lib/python3.12/site-packages/airflow/example_dags/example_task_group.py
[2025-12-09T19:16:08.107+0000] {logging_mixin.py:190} INFO - [2025-12-09T19:16:08.106+0000] {dag.py:3229} INFO - Sync 1 DAGs
[2025-12-09T19:16:08.127+0000] {logging_mixin.py:190} INFO - [2025-12-09T19:16:08.127+0000] {dag.py:4156} INFO - Setting next_dagrun for example_task_group to None, run_after=None
[2025-12-09T19:16:08.156+0000] {processor.py:208} INFO - Processing /home/airflow/.local/lib/python3.12/site-packages/airflow/example_dags/example_task_group.py took 0.098 seconds
[2025-12-09T19:16:38.900+0000] {processor.py:186} INFO - Started process (PID=248) to work on /home/airflow/.local/lib/python3.12/site-packages/airflow/example_dags/example_task_group.py
[2025-12-09T19:16:38.933+0000] {processor.py:914} INFO - Processing file /home/airflow/.local/lib/python3.12/site-packages/airflow/example_dags/example_task_group.py for tasks to queue
[2025-12-09T19:16:38.937+0000] {logging_mixin.py:190} INFO - [2025-12-09T19:16:38.936+0000] {dagbag.py:587} INFO - Filling up the DagBag from /home/airflow/.local/lib/python3.12/site-packages/airflow/example_dags/example_task_group.py
[2025-12-09T19:16:38.952+0000] {processor.py:925} INFO - DAG(s) 'example_task_group' retrieved from /home/airflow/.local/lib/python3.12/site-packages/airflow/example_dags/example_task_group.py
[2025-12-09T19:16:38.987+0000] {logging_mixin.py:190} INFO - [2025-12-09T19:16:38.986+0000] {dag.py:3229} INFO - Sync 1 DAGs
[2025-12-09T19:16:39.013+0000] {logging_mixin.py:190} INFO - [2025-12-09T19:16:39.012+0000] {dag.py:4156} INFO - Setting next_dagrun for example_task_group to None, run_after=None
[2025-12-09T19:16:39.041+0000] {processor.py:208} INFO - Processing /home/airflow/.local/lib/python3.12/site-packages/airflow/example_dags/example_task_group.py took 0.151 seconds
[2025-12-09T19:17:03.729+0000] {processor.py:186} INFO - Started process (PID=304) to work on /home/airflow/.local/lib/python3.12/site-packages/airflow/example_dags/example_task_group.py
[2025-12-09T19:17:03.757+0000] {processor.py:914} INFO - Processing file /home/airflow/.local/lib/python3.12/site-packages/airflow/example_dags/example_task_group.py for tasks to queue
[2025-12-09T19:17:03.761+0000] {logging_mixin.py:190} INFO - [2025-12-09T19:17:03.761+0000] {dagbag.py:587} INFO - Filling up the DagBag from /home/airflow/.local/lib/python3.12/site-packages/airflow/example_dags/example_task_group.py
[2025-12-09T19:17:03.775+0000] {processor.py:925} INFO - DAG(s) 'example_task_group' retrieved from /home/airflow/.local/lib/python3.12/site-packages/airflow/example_dags/example_task_group.py
[2025-12-09T19:17:03.811+0000] {logging_mixin.py:190} INFO - [2025-12-09T19:17:03.811+0000] {dag.py:3229} INFO - Sync 1 DAGs
[2025-12-09T19:17:03.831+0000] {logging_mixin.py:190} INFO - [2025-12-09T19:17:03.831+0000] {dag.py:4156} INFO - Setting next_dagrun for example_task_group to None, run_after=None
[2025-12-09T19:17:03.869+0000] {processor.py:208} INFO - Processing /home/airflow/.local/lib/python3.12/site-packages/airflow/example_dags/example_task_group.py took 0.150 seconds
[2025-12-09T19:17:31.553+0000] {processor.py:186} INFO - Started process (PID=360) to work on /home/airflow/.local/lib/python3.12/site-packages/airflow/example_dags/example_task_group.py
[2025-12-09T19:17:31.587+0000] {processor.py:914} INFO - Processing file /home/airflow/.local/lib/python3.12/site-packages/airflow/example_dags/example_task_group.py for tasks to queue
[2025-12-09T19:17:31.591+0000] {logging_mixin.py:190} INFO - [2025-12-09T19:17:31.590+0000] {dagbag.py:587} INFO - Filling up the DagBag from /home/airflow/.local/lib/python3.12/site-packages/airflow/example_dags/example_task_group.py
[2025-12-09T19:17:31.603+0000] {processor.py:925} INFO - DAG(s) 'example_task_group' retrieved from /home/airflow/.local/lib/python3.12/site-packages/airflow/example_dags/example_task_group.py
[2025-12-09T19:17:31.636+0000] {logging_mixin.py:190} INFO - [2025-12-09T19:17:31.636+0000] {dag.py:3229} INFO - Sync 1 DAGs
[2025-12-09T19:17:31.657+0000] {logging_mixin.py:190} INFO - [2025-12-09T19:17:31.656+0000] {dag.py:4156} INFO - Setting next_dagrun for example_task_group to None, run_after=None
[2025-12-09T19:17:31.694+0000] {processor.py:208} INFO - Processing /home/airflow/.local/lib/python3.12/site-packages/airflow/example_dags/example_task_group.py took 0.149 seconds
[2025-12-09T19:17:56.565+0000] {processor.py:186} INFO - Started process (PID=414) to work on /home/airflow/.local/lib/python3.12/site-packages/airflow/example_dags/example_task_group.py
[2025-12-09T19:17:56.567+0000] {processor.py:914} INFO - Processing file /home/airflow/.local/lib/python3.12/site-packages/airflow/example_dags/example_task_group.py for tasks to queue
[2025-12-09T19:17:56.573+0000] {logging_mixin.py:190} INFO - [2025-12-09T19:17:56.573+0000] {dagbag.py:587} INFO - Filling up the DagBag from /home/airflow/.local/lib/python3.12/site-packages/airflow/example_dags/example_task_group.py
[2025-12-09T19:17:56.591+0000] {processor.py:925} INFO - DAG(s) 'example_task_group' retrieved from /home/airflow/.local/lib/python3.12/site-packages/airflow/example_dags/example_task_group.py
[2025-12-09T19:17:56.630+0000] {logging_mixin.py:190} INFO - [2025-12-09T19:17:56.629+0000] {dag.py:3229} INFO - Sync 1 DAGs
[2025-12-09T19:17:56.654+0000] {logging_mixin.py:190} INFO - [2025-12-09T19:17:56.653+0000] {dag.py:4156} INFO - Setting next_dagrun for example_task_group to None, run_after=None
[2025-12-09T19:17:56.684+0000] {processor.py:208} INFO - Processing /home/airflow/.local/lib/python3.12/site-packages/airflow/example_dags/example_task_group.py took 0.130 seconds
[2025-12-09T19:18:26.363+0000] {processor.py:186} INFO - Started process (PID=473) to work on /home/airflow/.local/lib/python3.12/site-packages/airflow/example_dags/example_task_group.py
[2025-12-09T19:18:26.397+0000] {processor.py:914} INFO - Processing file /home/airflow/.local/lib/python3.12/site-packages/airflow/example_dags/example_task_group.py for tasks to queue
[2025-12-09T19:18:26.401+0000] {logging_mixin.py:190} INFO - [2025-12-09T19:18:26.401+0000] {dagbag.py:587} INFO - Filling up the DagBag from /home/airflow/.local/lib/python3.12/site-packages/airflow/example_dags/example_task_group.py
[2025-12-09T19:18:26.418+0000] {processor.py:925} INFO - DAG(s) 'example_task_group' retrieved from /home/airflow/.local/lib/python3.12/site-packages/airflow/example_dags/example_task_group.py
[2025-12-09T19:18:26.454+0000] {logging_mixin.py:190} INFO - [2025-12-09T19:18:26.453+0000] {dag.py:3229} INFO - Sync 1 DAGs
[2025-12-09T19:18:26.474+0000] {logging_mixin.py:190} INFO - [2025-12-09T19:18:26.474+0000] {dag.py:4156} INFO - Setting next_dagrun for example_task_group to None, run_after=None
[2025-12-09T19:18:26.534+0000] {processor.py:208} INFO - Processing /home/airflow/.local/lib/python3.12/site-packages/airflow/example_dags/example_task_group.py took 0.181 seconds
[2025-12-09T19:18:57.058+0000] {processor.py:186} INFO - Started process (PID=530) to work on /home/airflow/.local/lib/python3.12/site-packages/airflow/example_dags/example_task_group.py
[2025-12-09T19:18:57.088+0000] {processor.py:914} INFO - Processing file /home/airflow/.local/lib/python3.12/site-packages/airflow/example_dags/example_task_group.py for tasks to queue
[2025-12-09T19:18:57.093+0000] {logging_mixin.py:190} INFO - [2025-12-09T19:18:57.092+0000] {dagbag.py:587} INFO - Filling up the DagBag from /home/airflow/.local/lib/python3.12/site-packages/airflow/example_dags/example_task_group.py
[2025-12-09T19:18:57.109+0000] {processor.py:925} INFO - DAG(s) 'example_task_group' retrieved from /home/airflow/.local/lib/python3.12/site-packages/airflow/example_dags/example_task_group.py
[2025-12-09T19:18:57.146+0000] {logging_mixin.py:190} INFO - [2025-12-09T19:18:57.146+0000] {dag.py:3229} INFO - Sync 1 DAGs
[2025-12-09T19:18:57.167+0000] {logging_mixin.py:190} INFO - [2025-12-09T19:18:57.167+0000] {dag.py:4156} INFO - Setting next_dagrun for example_task_group to None, run_after=None
[2025-12-09T19:18:57.228+0000] {processor.py:208} INFO - Processing /home/airflow/.local/lib/python3.12/site-packages/airflow/example_dags/example_task_group.py took 0.181 seconds
[2025-12-09T19:19:27.938+0000] {processor.py:186} INFO - Started process (PID=618) to work on /home/airflow/.local/lib/python3.12/site-packages/airflow/example_dags/example_task_group.py
[2025-12-09T19:19:27.971+0000] {processor.py:914} INFO - Processing file /home/airflow/.local/lib/python3.12/site-packages/airflow/example_dags/example_task_group.py for tasks to queue
[2025-12-09T19:19:27.975+0000] {logging_mixin.py:190} INFO - [2025-12-09T19:19:27.975+0000] {dagbag.py:587} INFO - Filling up the DagBag from /home/airflow/.local/lib/python3.12/site-packages/airflow/example_dags/example_task_group.py
[2025-12-09T19:19:27.988+0000] {processor.py:925} INFO - DAG(s) 'example_task_group' retrieved from /home/airflow/.local/lib/python3.12/site-packages/airflow/example_dags/example_task_group.py
[2025-12-09T19:19:28.024+0000] {logging_mixin.py:190} INFO - [2025-12-09T19:19:28.023+0000] {dag.py:3229} INFO - Sync 1 DAGs
[2025-12-09T19:19:28.045+0000] {logging_mixin.py:190} INFO - [2025-12-09T19:19:28.044+0000] {dag.py:4156} INFO - Setting next_dagrun for example_task_group to None, run_after=None
[2025-12-09T19:19:28.109+0000] {processor.py:208} INFO - Processing /home/airflow/.local/lib/python3.12/site-packages/airflow/example_dags/example_task_group.py took 0.182 seconds
[2025-12-09T19:19:58.646+0000] {processor.py:186} INFO - Started process (PID=678) to work on /home/airflow/.local/lib/python3.12/site-packages/airflow/example_dags/example_task_group.py
[2025-12-09T19:19:58.651+0000] {processor.py:914} INFO - Processing file /home/airflow/.local/lib/python3.12/site-packages/airflow/example_dags/example_task_group.py for tasks to queue
[2025-12-09T19:19:58.655+0000] {logging_mixin.py:190} INFO - [2025-12-09T19:19:58.654+0000] {dagbag.py:587} INFO - Filling up the DagBag from /home/airflow/.local/lib/python3.12/site-packages/airflow/example_dags/example_task_group.py
[2025-12-09T19:19:58.668+0000] {processor.py:925} INFO - DAG(s) 'example_task_group' retrieved from /home/airflow/.local/lib/python3.12/site-packages/airflow/example_dags/example_task_group.py
[2025-12-09T19:19:58.700+0000] {logging_mixin.py:190} INFO - [2025-12-09T19:19:58.700+0000] {dag.py:3229} INFO - Sync 1 DAGs
[2025-12-09T19:19:58.719+0000] {logging_mixin.py:190} INFO - [2025-12-09T19:19:58.719+0000] {dag.py:4156} INFO - Setting next_dagrun for example_task_group to None, run_after=None
[2025-12-09T19:20:06.688+0000] {processor.py:208} INFO - Processing /home/airflow/.local/lib/python3.12/site-packages/airflow/example_dags/example_task_group.py took 0.143 seconds
[2025-12-09T19:20:29.954+0000] {processor.py:186} INFO - Started process (PID=748) to work on /home/airflow/.local/lib/python3.12/site-packages/airflow/example_dags/example_task_group.py
[2025-12-09T19:20:29.986+0000] {processor.py:914} INFO - Processing file /home/airflow/.local/lib/python3.12/site-packages/airflow/example_dags/example_task_group.py for tasks to queue
[2025-12-09T19:20:29.992+0000] {logging_mixin.py:190} INFO - [2025-12-09T19:20:29.991+0000] {dagbag.py:587} INFO - Filling up the DagBag from /home/airflow/.local/lib/python3.12/site-packages/airflow/example_dags/example_task_group.py
[2025-12-09T19:20:30.012+0000] {processor.py:925} INFO - DAG(s) 'example_task_group' retrieved from /home/airflow/.local/lib/python3.12/site-packages/airflow/example_dags/example_task_group.py
[2025-12-09T19:20:30.060+0000] {logging_mixin.py:190} INFO - [2025-12-09T19:20:30.059+0000] {dag.py:3229} INFO - Sync 1 DAGs
[2025-12-09T19:20:30.083+0000] {logging_mixin.py:190} INFO - [2025-12-09T19:20:30.082+0000] {dag.py:4156} INFO - Setting next_dagrun for example_task_group to None, run_after=None
[2025-12-09T19:20:30.151+0000] {processor.py:208} INFO - Processing /home/airflow/.local/lib/python3.12/site-packages/airflow/example_dags/example_task_group.py took 0.207 seconds
[2025-12-09T19:21:00.842+0000] {processor.py:186} INFO - Started process (PID=810) to work on /home/airflow/.local/lib/python3.12/site-packages/airflow/example_dags/example_task_group.py
[2025-12-09T19:21:00.845+0000] {processor.py:914} INFO - Processing file /home/airflow/.local/lib/python3.12/site-packages/airflow/example_dags/example_task_group.py for tasks to queue
[2025-12-09T19:21:00.850+0000] {logging_mixin.py:190} INFO - [2025-12-09T19:21:00.849+0000] {dagbag.py:587} INFO - Filling up the DagBag from /home/airflow/.local/lib/python3.12/site-packages/airflow/example_dags/example_task_group.py
[2025-12-09T19:21:00.862+0000] {processor.py:925} INFO - DAG(s) 'example_task_group' retrieved from /home/airflow/.local/lib/python3.12/site-packages/airflow/example_dags/example_task_group.py
[2025-12-09T19:21:00.898+0000] {logging_mixin.py:190} INFO - [2025-12-09T19:21:00.897+0000] {dag.py:3229} INFO - Sync 1 DAGs
[2025-12-09T19:21:00.918+0000] {logging_mixin.py:190} INFO - [2025-12-09T19:21:00.918+0000] {dag.py:4156} INFO - Setting next_dagrun for example_task_group to None, run_after=None
[2025-12-09T19:21:00.988+0000] {processor.py:208} INFO - Processing /home/airflow/.local/lib/python3.12/site-packages/airflow/example_dags/example_task_group.py took 0.155 seconds
[2025-12-09T19:21:31.226+0000] {processor.py:186} INFO - Started process (PID=868) to work on /home/airflow/.local/lib/python3.12/site-packages/airflow/example_dags/example_task_group.py
[2025-12-09T19:21:31.260+0000] {processor.py:914} INFO - Processing file /home/airflow/.local/lib/python3.12/site-packages/airflow/example_dags/example_task_group.py for tasks to queue
[2025-12-09T19:21:31.265+0000] {logging_mixin.py:190} INFO - [2025-12-09T19:21:31.264+0000] {dagbag.py:587} INFO - Filling up the DagBag from /home/airflow/.local/lib/python3.12/site-packages/airflow/example_dags/example_task_group.py
[2025-12-09T19:21:31.279+0000] {processor.py:925} INFO - DAG(s) 'example_task_group' retrieved from /home/airflow/.local/lib/python3.12/site-packages/airflow/example_dags/example_task_group.py
[2025-12-09T19:21:21.310+0000] {logging_mixin.py:190} INFO - [2025-12-09T19:21:21.309+0000] {dag.py:3229} INFO - Sync 1 DAGs
[2025-12-09T19:21:21.330+0000] {logging_mixin.py:190} INFO - [2025-12-09T19:21:21.330+0000] {dag.py:4156} INFO - Setting next_dagrun for example_task_group to None, run_after=None
[2025-12-09T19:21:21.362+0000] {processor.py:208} INFO - Processing /home/airflow/.local/lib/python3.12/site-packages/airflow/example_dags/example_task_group.py took 0.154 seconds
[2025-12-09T19:21:52.016+0000] {processor.py:186} INFO - Started process (PID=913) to work on /home/airflow/.local/lib/python3.12/site-packages/airflow/example_dags/example_task_group.py
[2025-12-09T19:21:52.050+0000] {processor.py:914} INFO - Processing file /home/airflow/.local/lib/python3.12/site-packages/airflow/example_dags/example_task_group.py for tasks to queue
[2025-12-09T19:21:52.053+0000] {logging_mixin.py:190} INFO - [2025-12-09T19:21:52.053+0000] {dagbag.py:587} INFO - Filling up the DagBag from /home/airflow/.local/lib/python3.12/site-packages/airflow/example_dags/example_task_group.py
[2025-12-09T19:21:52.066+0000] {processor.py:925} INFO - DAG(s) 'example_task_group' retrieved from /home/airflow/.local/lib/python3.12/site-packages/airflow/example_dags/example_task_group.py
[2025-12-09T19:21:52.106+0000] {logging_mixin.py:190} INFO - [2025-12-09T19:21:52.106+0000] {dag.py:3229} INFO - Sync 1 DAGs
[2025-12-09T19:21:52.128+0000] {logging_mixin.py:190} INFO - [2025-12-09T19:21:52.128+0000] {dag.py:4156} INFO - Setting next_dagrun for example_task_group to None, run_after=None
[2025-12-09T19:21:52.161+0000] {processor.py:208} INFO - Processing /home/airflow/.local/lib/python3.12/site-packages/airflow/example_dags/example_task_group.py took 0.156 seconds
[2025-12-09T19:22:23.079+0000] {processor.py:186} INFO - Started process (PID=973) to work on /home/airflow/.local/lib/python3.12/site-packages/airflow/example_dags/example_task_group.py
[2025-12-09T19:22:23.093+0000] {processor.py:914} INFO - Processing file /home/airflow/.local/lib/python3.12/site-packages/airflow/example_dags/example_task_group.py for tasks to queue
[2025-12-09T19:22:23.097+0000] {logging_mixin.py:190} INFO - [2025-12-09T19:22:23.097+0000] {dagbag.py:587} INFO - Filling up the DagBag from /home/airflow/.local/lib/python3.12/site-packages/airflow/example_dags/example_task_group.py
[2025-12-09T19:22:23.115+0000] {processor.py:925} INFO - DAG(s) 'example_task_group' retrieved from /home/airflow/.local/lib/python3.12/site-packages/airflow/example_dags/example_task_group.py
[2025-12-09T19:22:23.155+0000] {logging_mixin.py:190} INFO - [2025-12-09T19:22:23.154+0000] {dag.py:3229} INFO - Sync 1 DAGs
[2025-12-09T19:22:23.182+0000] {logging_mixin.py:190} INFO - [2025-12-09T19:22:23.181+0000] {dag.py:4156} INFO - Setting next_dagrun for example_task_group to None, run_after=None
[2025-12-09T19:22:23.241+0000] {processor.py:208} INFO - Processing /home/airflow/.local/lib/python3.12/site-packages/airflow/example_dags/example_task_group.py took 0.176 seconds
[2025-12-09T19:23:02.391+0000] {processor.py:186} INFO - Started process (PID=1058) to work on /home/airflow/.local/lib/python3.12/site-packages/airflow/example_dags/example_task_group.py
[2025-12-09T19:22:53.797+0000] {processor.py:914} INFO - Processing file /home/airflow/.local/lib/python3.12/site-packages/airflow/example_dags/example_task_group.py for tasks to queue
[2025-12-09T19:22:53.801+0000] {logging_mixin.py:190} INFO - [2025-12-09T19:22:53.800+0000] {dagbag.py:587} INFO - Filling up the DagBag from /home/airflow/.local/lib/python3.12/site-packages/airflow/example_dags/example_task_group.py
[2025-12-09T19:22:53.814+0000] {processor.py:925} INFO - DAG(s) 'example_task_group' retrieved from /home/airflow/.local/lib/python3.12/site-packages/airflow/example_dags/example_task_group.py
[2025-12-09T19:22:53.851+0000] {logging_mixin.py:190} INFO - [2025-12-09T19:22:53.851+0000] {dag.py:3229} INFO - Sync 1 DAGs
[2025-12-09T19:22:53.873+0000] {logging_mixin.py:190} INFO - [2025-12-09T19:22:53.872+0000] {dag.py:4156} INFO - Setting next_dagrun for example_task_group to None, run_after=None
[2025-12-09T19:22:53.905+0000] {processor.py:208} INFO - Processing /home/airflow/.local/lib/python3.12/site-packages/airflow/example_dags/example_task_group.py took 0.150 seconds
[2025-12-09T19:23:24.725+0000] {processor.py:186} INFO - Started process (PID=1121) to work on /home/airflow/.local/lib/python3.12/site-packages/airflow/example_dags/example_task_group.py
[2025-12-09T19:23:24.758+0000] {processor.py:914} INFO - Processing file /home/airflow/.local/lib/python3.12/site-packages/airflow/example_dags/example_task_group.py for tasks to queue
[2025-12-09T19:23:24.762+0000] {logging_mixin.py:190} INFO - [2025-12-09T19:23:24.762+0000] {dagbag.py:587} INFO - Filling up the DagBag from /home/airflow/.local/lib/python3.12/site-packages/airflow/example_dags/example_task_group.py
[2025-12-09T19:23:24.776+0000] {processor.py:925} INFO - DAG(s) 'example_task_group' retrieved from /home/airflow/.local/lib/python3.12/site-packages/airflow/example_dags/example_task_group.py
[2025-12-09T19:23:24.812+0000] {logging_mixin.py:190} INFO - [2025-12-09T19:23:24.812+0000] {dag.py:3229} INFO - Sync 1 DAGs
[2025-12-09T19:23:24.831+0000] {logging_mixin.py:190} INFO - [2025-12-09T19:23:24.831+0000] {dag.py:4156} INFO - Setting next_dagrun for example_task_group to None, run_after=None
[2025-12-09T19:23:24.888+0000] {processor.py:208} INFO - Processing /home/airflow/.local/lib/python3.12/site-packages/airflow/example_dags/example_task_group.py took 0.172 seconds
[2025-12-09T19:23:55.873+0000] {processor.py:186} INFO - Started process (PID=1181) to work on /home/airflow/.local/lib/python3.12/site-packages/airflow/example_dags/example_task_group.py
[2025-12-09T19:23:55.907+0000] {processor.py:914} INFO - Processing file /home/airflow/.local/lib/python3.12/site-packages/airflow/example_dags/example_task_group.py for tasks to queue
[2025-12-09T19:23:55.911+0000] {logging_mixin.py:190} INFO - [2025-12-09T19:23:55.911+0000] {dagbag.py:587} INFO - Filling up the DagBag from /home/airflow/.local/lib/python3.12/site-packages/airflow/example_dags/example_task_group.py
[2025-12-09T19:23:55.929+0000] {processor.py:925} INFO - DAG(s) 'example_task_group' retrieved from /home/airflow/.local/lib/python3.12/site-packages/airflow/example_dags/example_task_group.py
[2025-12-09T19:23:55.966+0000] {logging_mixin.py:190} INFO - [2025-12-09T19:23:55.966+0000] {dag.py:3229} INFO - Sync 1 DAGs
[2025-12-09T19:23:55.986+0000] {logging_mixin.py:190} INFO - [2025-12-09T19:23:55.985+0000] {dag.py:4156} INFO - Setting next_dagrun for example_task_group to None, run_after=None
[2025-12-09T19:23:56.044+0000] {processor.py:208} INFO - Processing /home/airflow/.local/lib/python3.12/site-packages/airflow/example_dags/example_task_group.py took 0.182 seconds
[2025-12-09T19:24:21.603+0000] {processor.py:186} INFO - Started process (PID=1240) to work on /home/airflow/.local/lib/python3.12/site-packages/airflow/example_dags/example_task_group.py
[2025-12-09T19:24:21.637+0000] {processor.py:914} INFO - Processing file /home/airflow/.local/lib/python3.12/site-packages/airflow/example_dags/example_task_group.py for tasks to queue
[2025-12-09T19:24:21.641+0000] {logging_mixin.py:190} INFO - [2025-12-09T19:24:21.640+0000] {dagbag.py:587} INFO - Filling up the DagBag from /home/airflow/.local/lib/python3.12/site-packages/airflow/example_dags/example_task_group.py
[2025-12-09T19:24:21.654+0000] {processor.py:925} INFO - DAG(s) 'example_task_group' retrieved from /home/airflow/.local/lib/python3.12/site-packages/airflow/example_dags/example_task_group.py
[2025-12-09T19:24:21.691+0000] {logging_mixin.py:190} INFO - [2025-12-09T19:24:21.690+0000] {dag.py:3229} INFO - Sync 1 DAGs
[2025-12-09T19:24:21.715+0000] {logging_mixin.py:190} INFO - [2025-12-09T19:24:21.715+0000] {dag.py:4156} INFO - Setting next_dagrun for example_task_group to None, run_after=None
[2025-12-09T19:24:21.777+0000] {processor.py:208} INFO - Processing /home/airflow/.local/lib/python3.12/site-packages/airflow/example_dags/example_task_group.py took 0.184 seconds
[2025-12-09T19:24:52.505+0000] {processor.py:186} INFO - Started process (PID=1303) to work on /home/airflow/.local/lib/python3.12/site-packages/airflow/example_dags/example_task_group.py
[2025-12-09T19:24:52.533+0000] {processor.py:914} INFO - Processing file /home/airflow/.local/lib/python3.12/site-packages/airflow/example_dags/example_task_group.py for tasks to queue
[2025-12-09T19:24:52.537+0000] {logging_mixin.py:190} INFO - [2025-12-09T19:24:52.536+0000] {dagbag.py:587} INFO - Filling up the DagBag from /home/airflow/.local/lib/python3.12/site-packages/airflow/example_dags/example_task_group.py
[2025-12-09T19:24:52.553+0000] {processor.py:925} INFO - DAG(s) 'example_task_group' retrieved from /home/airflow/.local/lib/python3.12/site-packages/airflow/example_dags/example_task_group.py
[2025-12-09T19:24:52.587+0000] {logging_mixin.py:190} INFO - [2025-12-09T19:24:52.586+0000] {dag.py:3229} INFO - Sync 1 DAGs
[2025-12-09T19:24:52.607+0000] {logging_mixin.py:190} INFO - [2025-12-09T19:24:52.607+0000] {dag.py:4156} INFO - Setting next_dagrun for example_task_group to None, run_after=None
[2025-12-09T19:24:52.665+0000] {processor.py:208} INFO - Processing /home/airflow/.local/lib/python3.12/site-packages/airflow/example_dags/example_task_group.py took 0.169 seconds
[2025-12-09T19:25:23.022+0000] {processor.py:186} INFO - Started process (PID=1363) to work on /home/airflow/.local/lib/python3.12/site-packages/airflow/example_dags/example_task_group.py
[2025-12-09T19:25:23.057+0000] {processor.py:914} INFO - Processing file /home/airflow/.local/lib/python3.12/site-packages/airflow/example_dags/example_task_group.py for tasks to queue
[2025-12-09T19:25:23.060+0000] {logging_mixin.py:190} INFO - [2025-12-09T19:25:23.060+0000] {dagbag.py:587} INFO - Filling up the DagBag from /home/airflow/.local/lib/python3.12/site-packages/airflow/example_dags/example_task_group.py
[2025-12-09T19:25:23.072+0000] {processor.py:925} INFO - DAG(s) 'example_task_group' retrieved from /home/airflow/.local/lib/python3.12/site-packages/airflow/example_dags/example_task_group.py
[2025-12-09T19:25:23.111+0000] {logging_mixin.py:190} INFO - [2025-12-09T19:25:23.111+0000] {dag.py:3229} INFO - Sync 1 DAGs
[2025-12-09T19:25:23.131+0000] {logging_mixin.py:190} INFO - [2025-12-09T19:25:23.130+0000] {dag.py:4156} INFO - Setting next_dagrun for example_task_group to None, run_after=None
[2025-12-09T19:25:23.191+0000] {processor.py:208} INFO - Processing /home/airflow/.local/lib/python3.12/site-packages/airflow/example_dags/example_task_group.py took 0.177 seconds
[2025-12-09T19:25:53.806+0000] {processor.py:186} INFO - Started process (PID=1425) to work on /home/airflow/.local/lib/python3.12/site-packages/airflow/example_dags/example_task_group.py
[2025-12-09T19:25:53.820+0000] {processor.py:914} INFO - Processing file /home/airflow/.local/lib/python3.12/site-packages/airflow/example_dags/example_task_group.py for tasks to queue
[2025-12-09T19:25:53.825+0000] {logging_mixin.py:190} INFO - [2025-12-09T19:25:53.825+0000] {dagbag.py:587} INFO - Filling up the DagBag from /home/airflow/.local/lib/python3.12/site-packages/airflow/example_dags/example_task_group.py
[2025-12-09T19:25:53.840+0000] {processor.py:925} INFO - DAG(s) 'example_task_group' retrieved from /home/airflow/.local/lib/python3.12/site-packages/airflow/example_dags/example_task_group.py
[2025-12-09T19:25:53.885+0000] {logging_mixin.py:190} INFO - [2025-12-09T19:25:53.884+0000] {dag.py:3229} INFO - Sync 1 DAGs
[2025-12-09T19:25:53.908+0000] {logging_mixin.py:190} INFO - [2025-12-09T19:25:53.907+0000] {dag.py:4156} INFO - Setting next_dagrun for example_task_group to None, run_after=None
[2025-12-09T19:25:53.943+0000] {processor.py:208} INFO - Processing /home/airflow/.local/lib/python3.12/site-packages/airflow/example_dags/example_task_group.py took 0.148 seconds
