[2025-12-09T19:15:38.675+0000] {processor.py:186} INFO - Started process (PID=121) to work on /home/airflow/.local/lib/python3.12/site-packages/airflow/example_dags/example_outlet_event_extra.py
[2025-12-09T19:15:38.676+0000] {processor.py:914} INFO - Processing file /home/airflow/.local/lib/python3.12/site-packages/airflow/example_dags/example_outlet_event_extra.py for tasks to queue
[2025-12-09T19:15:38.680+0000] {logging_mixin.py:190} INFO - [2025-12-09T19:15:38.679+0000] {dagbag.py:587} INFO - Filling up the DagBag from /home/airflow/.local/lib/python3.12/site-packages/airflow/example_dags/example_outlet_event_extra.py
[2025-12-09T19:15:38.903+0000] {processor.py:925} INFO - DAG(s) 'dataset_with_extra_by_yield', 'dataset_with_extra_from_classic_operator', 'dataset_with_extra_by_context' retrieved from /home/airflow/.local/lib/python3.12/site-packages/airflow/example_dags/example_outlet_event_extra.py
[2025-12-09T19:15:39.059+0000] {logging_mixin.py:190} INFO - [2025-12-09T19:15:39.058+0000] {override.py:1900} INFO - Created Permission View: can read on DAG:dataset_with_extra_by_yield
[2025-12-09T19:15:39.075+0000] {logging_mixin.py:190} INFO - [2025-12-09T19:15:39.075+0000] {override.py:1900} INFO - Created Permission View: can delete on DAG:dataset_with_extra_by_yield
[2025-12-09T19:15:39.085+0000] {logging_mixin.py:190} INFO - [2025-12-09T19:15:39.084+0000] {override.py:1900} INFO - Created Permission View: can edit on DAG:dataset_with_extra_by_yield
[2025-12-09T19:15:39.096+0000] {logging_mixin.py:190} INFO - [2025-12-09T19:15:39.095+0000] {override.py:1900} INFO - Created Permission View: can read on DAG Run:dataset_with_extra_by_yield
[2025-12-09T19:15:39.105+0000] {logging_mixin.py:190} INFO - [2025-12-09T19:15:39.105+0000] {override.py:1900} INFO - Created Permission View: can delete on DAG Run:dataset_with_extra_by_yield
[2025-12-09T19:15:39.116+0000] {logging_mixin.py:190} INFO - [2025-12-09T19:15:39.115+0000] {override.py:1900} INFO - Created Permission View: menu access on DAG Run:dataset_with_extra_by_yield
[2025-12-09T19:15:39.124+0000] {logging_mixin.py:190} INFO - [2025-12-09T19:15:39.124+0000] {override.py:1900} INFO - Created Permission View: can create on DAG Run:dataset_with_extra_by_yield
[2025-12-09T19:15:39.144+0000] {logging_mixin.py:190} INFO - [2025-12-09T19:15:39.143+0000] {override.py:1900} INFO - Created Permission View: can read on DAG:dataset_with_extra_from_classic_operator
[2025-12-09T19:15:39.153+0000] {logging_mixin.py:190} INFO - [2025-12-09T19:15:39.152+0000] {override.py:1900} INFO - Created Permission View: can delete on DAG:dataset_with_extra_from_classic_operator
[2025-12-09T19:15:39.162+0000] {logging_mixin.py:190} INFO - [2025-12-09T19:15:39.161+0000] {override.py:1900} INFO - Created Permission View: can edit on DAG:dataset_with_extra_from_classic_operator
[2025-12-09T19:15:39.172+0000] {logging_mixin.py:190} INFO - [2025-12-09T19:15:39.172+0000] {override.py:1900} INFO - Created Permission View: can read on DAG Run:dataset_with_extra_from_classic_operator
[2025-12-09T19:15:39.181+0000] {logging_mixin.py:190} INFO - [2025-12-09T19:15:39.181+0000] {override.py:1900} INFO - Created Permission View: can delete on DAG Run:dataset_with_extra_from_classic_operator
[2025-12-09T19:15:39.190+0000] {logging_mixin.py:190} INFO - [2025-12-09T19:15:39.190+0000] {override.py:1900} INFO - Created Permission View: menu access on DAG Run:dataset_with_extra_from_classic_operator
[2025-12-09T19:15:39.200+0000] {logging_mixin.py:190} INFO - [2025-12-09T19:15:39.200+0000] {override.py:1900} INFO - Created Permission View: can create on DAG Run:dataset_with_extra_from_classic_operator
[2025-12-09T19:15:39.217+0000] {logging_mixin.py:190} INFO - [2025-12-09T19:15:39.217+0000] {override.py:1900} INFO - Created Permission View: can read on DAG:dataset_with_extra_by_context
[2025-12-09T19:15:39.227+0000] {logging_mixin.py:190} INFO - [2025-12-09T19:15:39.226+0000] {override.py:1900} INFO - Created Permission View: can delete on DAG:dataset_with_extra_by_context
[2025-12-09T19:15:39.237+0000] {logging_mixin.py:190} INFO - [2025-12-09T19:15:39.237+0000] {override.py:1900} INFO - Created Permission View: can edit on DAG:dataset_with_extra_by_context
[2025-12-09T19:15:39.249+0000] {logging_mixin.py:190} INFO - [2025-12-09T19:15:39.248+0000] {override.py:1900} INFO - Created Permission View: can read on DAG Run:dataset_with_extra_by_context
[2025-12-09T19:15:39.258+0000] {logging_mixin.py:190} INFO - [2025-12-09T19:15:39.258+0000] {override.py:1900} INFO - Created Permission View: can delete on DAG Run:dataset_with_extra_by_context
[2025-12-09T19:15:39.267+0000] {logging_mixin.py:190} INFO - [2025-12-09T19:15:39.267+0000] {override.py:1900} INFO - Created Permission View: menu access on DAG Run:dataset_with_extra_by_context
[2025-12-09T19:15:39.277+0000] {logging_mixin.py:190} INFO - [2025-12-09T19:15:39.276+0000] {override.py:1900} INFO - Created Permission View: can create on DAG Run:dataset_with_extra_by_context
[2025-12-09T19:15:39.277+0000] {logging_mixin.py:190} INFO - [2025-12-09T19:15:39.277+0000] {dag.py:3229} INFO - Sync 3 DAGs
[2025-12-09T19:15:39.297+0000] {logging_mixin.py:190} INFO - [2025-12-09T19:15:39.296+0000] {dag.py:3252} INFO - Creating ORM DAG for dataset_with_extra_by_context
[2025-12-09T19:15:39.298+0000] {logging_mixin.py:190} INFO - [2025-12-09T19:15:39.297+0000] {dag.py:3252} INFO - Creating ORM DAG for dataset_with_extra_from_classic_operator
[2025-12-09T19:15:39.299+0000] {logging_mixin.py:190} INFO - [2025-12-09T19:15:39.299+0000] {dag.py:3252} INFO - Creating ORM DAG for dataset_with_extra_by_yield
[2025-12-09T19:15:39.313+0000] {logging_mixin.py:190} INFO - [2025-12-09T19:15:39.313+0000] {dag.py:4156} INFO - Setting next_dagrun for dataset_with_extra_by_context to 2025-12-08 00:00:00+00:00, run_after=2025-12-09 00:00:00+00:00
[2025-12-09T19:15:39.315+0000] {logging_mixin.py:190} INFO - [2025-12-09T19:15:39.315+0000] {dag.py:4156} INFO - Setting next_dagrun for dataset_with_extra_by_yield to 2025-12-08 00:00:00+00:00, run_after=2025-12-09 00:00:00+00:00
[2025-12-09T19:15:39.318+0000] {logging_mixin.py:190} INFO - [2025-12-09T19:15:39.318+0000] {dag.py:4156} INFO - Setting next_dagrun for dataset_with_extra_from_classic_operator to 2025-12-08 00:00:00+00:00, run_after=2025-12-09 00:00:00+00:00
[2025-12-09T19:15:39.351+0000] {processor.py:208} INFO - Processing /home/airflow/.local/lib/python3.12/site-packages/airflow/example_dags/example_outlet_event_extra.py took 0.684 seconds
[2025-12-09T19:16:07.177+0000] {processor.py:186} INFO - Started process (PID=181) to work on /home/airflow/.local/lib/python3.12/site-packages/airflow/example_dags/example_outlet_event_extra.py
[2025-12-09T19:16:07.209+0000] {processor.py:914} INFO - Processing file /home/airflow/.local/lib/python3.12/site-packages/airflow/example_dags/example_outlet_event_extra.py for tasks to queue
[2025-12-09T19:16:07.213+0000] {logging_mixin.py:190} INFO - [2025-12-09T19:16:07.212+0000] {dagbag.py:587} INFO - Filling up the DagBag from /home/airflow/.local/lib/python3.12/site-packages/airflow/example_dags/example_outlet_event_extra.py
[2025-12-09T19:16:07.274+0000] {processor.py:925} INFO - DAG(s) 'dataset_with_extra_by_context', 'dataset_with_extra_by_yield', 'dataset_with_extra_from_classic_operator' retrieved from /home/airflow/.local/lib/python3.12/site-packages/airflow/example_dags/example_outlet_event_extra.py
[2025-12-09T19:16:07.298+0000] {logging_mixin.py:190} INFO - [2025-12-09T19:16:07.297+0000] {dag.py:3229} INFO - Sync 3 DAGs
[2025-12-09T19:16:07.341+0000] {logging_mixin.py:190} INFO - [2025-12-09T19:16:07.341+0000] {dag.py:4156} INFO - Setting next_dagrun for dataset_with_extra_by_context to 2025-12-08 00:00:00+00:00, run_after=2025-12-09 00:00:00+00:00
[2025-12-09T19:16:07.347+0000] {logging_mixin.py:190} INFO - [2025-12-09T19:16:07.347+0000] {dag.py:4156} INFO - Setting next_dagrun for dataset_with_extra_by_yield to 2025-12-08 00:00:00+00:00, run_after=2025-12-09 00:00:00+00:00
[2025-12-09T19:16:07.350+0000] {logging_mixin.py:190} INFO - [2025-12-09T19:16:07.350+0000] {dag.py:4156} INFO - Setting next_dagrun for dataset_with_extra_from_classic_operator to 2025-12-08 00:00:00+00:00, run_after=2025-12-09 00:00:00+00:00
[2025-12-09T19:16:07.402+0000] {processor.py:208} INFO - Processing /home/airflow/.local/lib/python3.12/site-packages/airflow/example_dags/example_outlet_event_extra.py took 0.436 seconds
[2025-12-09T19:16:46.582+0000] {processor.py:186} INFO - Started process (PID=240) to work on /home/airflow/.local/lib/python3.12/site-packages/airflow/example_dags/example_outlet_event_extra.py
[2025-12-09T19:16:46.616+0000] {processor.py:914} INFO - Processing file /home/airflow/.local/lib/python3.12/site-packages/airflow/example_dags/example_outlet_event_extra.py for tasks to queue
[2025-12-09T19:16:46.620+0000] {logging_mixin.py:190} INFO - [2025-12-09T19:16:46.620+0000] {dagbag.py:587} INFO - Filling up the DagBag from /home/airflow/.local/lib/python3.12/site-packages/airflow/example_dags/example_outlet_event_extra.py
[2025-12-09T19:16:38.236+0000] {processor.py:925} INFO - DAG(s) 'dataset_with_extra_from_classic_operator', 'dataset_with_extra_by_yield', 'dataset_with_extra_by_context' retrieved from /home/airflow/.local/lib/python3.12/site-packages/airflow/example_dags/example_outlet_event_extra.py
[2025-12-09T19:16:38.281+0000] {logging_mixin.py:190} INFO - [2025-12-09T19:16:38.281+0000] {dag.py:3229} INFO - Sync 3 DAGs
[2025-12-09T19:16:38.319+0000] {logging_mixin.py:190} INFO - [2025-12-09T19:16:38.318+0000] {dag.py:4156} INFO - Setting next_dagrun for dataset_with_extra_by_context to 2025-12-08 00:00:00+00:00, run_after=2025-12-09 00:00:00+00:00
[2025-12-09T19:16:38.327+0000] {logging_mixin.py:190} INFO - [2025-12-09T19:16:38.327+0000] {dag.py:4156} INFO - Setting next_dagrun for dataset_with_extra_by_yield to 2025-12-08 00:00:00+00:00, run_after=2025-12-09 00:00:00+00:00
[2025-12-09T19:16:38.330+0000] {logging_mixin.py:190} INFO - [2025-12-09T19:16:38.330+0000] {dag.py:4156} INFO - Setting next_dagrun for dataset_with_extra_from_classic_operator to 2025-12-08 00:00:00+00:00, run_after=2025-12-09 00:00:00+00:00
[2025-12-09T19:16:38.362+0000] {processor.py:208} INFO - Processing /home/airflow/.local/lib/python3.12/site-packages/airflow/example_dags/example_outlet_event_extra.py took 0.399 seconds
[2025-12-09T19:17:11.431+0000] {processor.py:186} INFO - Started process (PID=296) to work on /home/airflow/.local/lib/python3.12/site-packages/airflow/example_dags/example_outlet_event_extra.py
[2025-12-09T19:17:11.433+0000] {processor.py:914} INFO - Processing file /home/airflow/.local/lib/python3.12/site-packages/airflow/example_dags/example_outlet_event_extra.py for tasks to queue
[2025-12-09T19:17:11.437+0000] {logging_mixin.py:190} INFO - [2025-12-09T19:17:11.436+0000] {dagbag.py:587} INFO - Filling up the DagBag from /home/airflow/.local/lib/python3.12/site-packages/airflow/example_dags/example_outlet_event_extra.py
[2025-12-09T19:17:11.653+0000] {processor.py:925} INFO - DAG(s) 'dataset_with_extra_by_context', 'dataset_with_extra_by_yield', 'dataset_with_extra_from_classic_operator' retrieved from /home/airflow/.local/lib/python3.12/site-packages/airflow/example_dags/example_outlet_event_extra.py
[2025-12-09T19:17:11.694+0000] {logging_mixin.py:190} INFO - [2025-12-09T19:17:11.694+0000] {dag.py:3229} INFO - Sync 3 DAGs
[2025-12-09T19:17:11.733+0000] {logging_mixin.py:190} INFO - [2025-12-09T19:17:11.733+0000] {dag.py:4156} INFO - Setting next_dagrun for dataset_with_extra_by_context to 2025-12-08 00:00:00+00:00, run_after=2025-12-09 00:00:00+00:00
[2025-12-09T19:17:11.741+0000] {logging_mixin.py:190} INFO - [2025-12-09T19:17:11.740+0000] {dag.py:4156} INFO - Setting next_dagrun for dataset_with_extra_by_yield to 2025-12-08 00:00:00+00:00, run_after=2025-12-09 00:00:00+00:00
[2025-12-09T19:17:11.744+0000] {logging_mixin.py:190} INFO - [2025-12-09T19:17:11.744+0000] {dag.py:4156} INFO - Setting next_dagrun for dataset_with_extra_from_classic_operator to 2025-12-08 00:00:00+00:00, run_after=2025-12-09 00:00:00+00:00
[2025-12-09T19:17:11.802+0000] {processor.py:208} INFO - Processing /home/airflow/.local/lib/python3.12/site-packages/airflow/example_dags/example_outlet_event_extra.py took 0.381 seconds
[2025-12-09T19:17:39.581+0000] {processor.py:186} INFO - Started process (PID=375) to work on /home/airflow/.local/lib/python3.12/site-packages/airflow/example_dags/example_outlet_event_extra.py
[2025-12-09T19:17:39.597+0000] {processor.py:914} INFO - Processing file /home/airflow/.local/lib/python3.12/site-packages/airflow/example_dags/example_outlet_event_extra.py for tasks to queue
[2025-12-09T19:17:39.601+0000] {logging_mixin.py:190} INFO - [2025-12-09T19:17:39.601+0000] {dagbag.py:587} INFO - Filling up the DagBag from /home/airflow/.local/lib/python3.12/site-packages/airflow/example_dags/example_outlet_event_extra.py
[2025-12-09T19:17:39.821+0000] {processor.py:925} INFO - DAG(s) 'dataset_with_extra_by_yield', 'dataset_with_extra_by_context', 'dataset_with_extra_from_classic_operator' retrieved from /home/airflow/.local/lib/python3.12/site-packages/airflow/example_dags/example_outlet_event_extra.py
[2025-12-09T19:17:39.866+0000] {logging_mixin.py:190} INFO - [2025-12-09T19:17:39.866+0000] {dag.py:3229} INFO - Sync 3 DAGs
[2025-12-09T19:17:39.909+0000] {logging_mixin.py:190} INFO - [2025-12-09T19:17:39.909+0000] {dag.py:4156} INFO - Setting next_dagrun for dataset_with_extra_by_context to 2025-12-08 00:00:00+00:00, run_after=2025-12-09 00:00:00+00:00
[2025-12-09T19:17:39.918+0000] {logging_mixin.py:190} INFO - [2025-12-09T19:17:39.918+0000] {dag.py:4156} INFO - Setting next_dagrun for dataset_with_extra_by_yield to 2025-12-08 00:00:00+00:00, run_after=2025-12-09 00:00:00+00:00
[2025-12-09T19:17:39.923+0000] {logging_mixin.py:190} INFO - [2025-12-09T19:17:39.922+0000] {dag.py:4156} INFO - Setting next_dagrun for dataset_with_extra_from_classic_operator to 2025-12-08 00:00:00+00:00, run_after=2025-12-09 00:00:00+00:00
[2025-12-09T19:17:39.988+0000] {processor.py:208} INFO - Processing /home/airflow/.local/lib/python3.12/site-packages/airflow/example_dags/example_outlet_event_extra.py took 0.416 seconds
[2025-12-09T19:18:05.747+0000] {processor.py:186} INFO - Started process (PID=438) to work on /home/airflow/.local/lib/python3.12/site-packages/airflow/example_dags/example_outlet_event_extra.py
[2025-12-09T19:18:05.781+0000] {processor.py:914} INFO - Processing file /home/airflow/.local/lib/python3.12/site-packages/airflow/example_dags/example_outlet_event_extra.py for tasks to queue
[2025-12-09T19:18:05.784+0000] {logging_mixin.py:190} INFO - [2025-12-09T19:18:05.784+0000] {dagbag.py:587} INFO - Filling up the DagBag from /home/airflow/.local/lib/python3.12/site-packages/airflow/example_dags/example_outlet_event_extra.py
[2025-12-09T19:18:06.010+0000] {processor.py:925} INFO - DAG(s) 'dataset_with_extra_by_context', 'dataset_with_extra_from_classic_operator', 'dataset_with_extra_by_yield' retrieved from /home/airflow/.local/lib/python3.12/site-packages/airflow/example_dags/example_outlet_event_extra.py
[2025-12-09T19:18:06.052+0000] {logging_mixin.py:190} INFO - [2025-12-09T19:18:06.051+0000] {dag.py:3229} INFO - Sync 3 DAGs
[2025-12-09T19:18:06.091+0000] {logging_mixin.py:190} INFO - [2025-12-09T19:18:06.091+0000] {dag.py:4156} INFO - Setting next_dagrun for dataset_with_extra_by_context to 2025-12-08 00:00:00+00:00, run_after=2025-12-09 00:00:00+00:00
[2025-12-09T19:18:06.098+0000] {logging_mixin.py:190} INFO - [2025-12-09T19:18:06.097+0000] {dag.py:4156} INFO - Setting next_dagrun for dataset_with_extra_by_yield to 2025-12-08 00:00:00+00:00, run_after=2025-12-09 00:00:00+00:00
[2025-12-09T19:18:06.101+0000] {logging_mixin.py:190} INFO - [2025-12-09T19:18:06.101+0000] {dag.py:4156} INFO - Setting next_dagrun for dataset_with_extra_from_classic_operator to 2025-12-08 00:00:00+00:00, run_after=2025-12-09 00:00:00+00:00
[2025-12-09T19:18:06.136+0000] {processor.py:208} INFO - Processing /home/airflow/.local/lib/python3.12/site-packages/airflow/example_dags/example_outlet_event_extra.py took 0.399 seconds
[2025-12-09T19:18:36.607+0000] {processor.py:186} INFO - Started process (PID=499) to work on /home/airflow/.local/lib/python3.12/site-packages/airflow/example_dags/example_outlet_event_extra.py
[2025-12-09T19:18:36.609+0000] {processor.py:914} INFO - Processing file /home/airflow/.local/lib/python3.12/site-packages/airflow/example_dags/example_outlet_event_extra.py for tasks to queue
[2025-12-09T19:18:36.613+0000] {logging_mixin.py:190} INFO - [2025-12-09T19:18:36.613+0000] {dagbag.py:587} INFO - Filling up the DagBag from /home/airflow/.local/lib/python3.12/site-packages/airflow/example_dags/example_outlet_event_extra.py
[2025-12-09T19:18:36.819+0000] {processor.py:925} INFO - DAG(s) 'dataset_with_extra_by_context', 'dataset_with_extra_from_classic_operator', 'dataset_with_extra_by_yield' retrieved from /home/airflow/.local/lib/python3.12/site-packages/airflow/example_dags/example_outlet_event_extra.py
[2025-12-09T19:18:36.858+0000] {logging_mixin.py:190} INFO - [2025-12-09T19:18:36.858+0000] {dag.py:3229} INFO - Sync 3 DAGs
[2025-12-09T19:18:36.893+0000] {logging_mixin.py:190} INFO - [2025-12-09T19:18:36.892+0000] {dag.py:4156} INFO - Setting next_dagrun for dataset_with_extra_by_context to 2025-12-08 00:00:00+00:00, run_after=2025-12-09 00:00:00+00:00
[2025-12-09T19:18:36.899+0000] {logging_mixin.py:190} INFO - [2025-12-09T19:18:36.899+0000] {dag.py:4156} INFO - Setting next_dagrun for dataset_with_extra_by_yield to 2025-12-08 00:00:00+00:00, run_after=2025-12-09 00:00:00+00:00
[2025-12-09T19:18:36.902+0000] {logging_mixin.py:190} INFO - [2025-12-09T19:18:36.902+0000] {dag.py:4156} INFO - Setting next_dagrun for dataset_with_extra_from_classic_operator to 2025-12-08 00:00:00+00:00, run_after=2025-12-09 00:00:00+00:00
[2025-12-09T19:18:36.936+0000] {processor.py:208} INFO - Processing /home/airflow/.local/lib/python3.12/site-packages/airflow/example_dags/example_outlet_event_extra.py took 0.339 seconds
[2025-12-09T19:19:07.080+0000] {processor.py:186} INFO - Started process (PID=561) to work on /home/airflow/.local/lib/python3.12/site-packages/airflow/example_dags/example_outlet_event_extra.py
[2025-12-09T19:19:07.111+0000] {processor.py:914} INFO - Processing file /home/airflow/.local/lib/python3.12/site-packages/airflow/example_dags/example_outlet_event_extra.py for tasks to queue
[2025-12-09T19:19:07.120+0000] {logging_mixin.py:190} INFO - [2025-12-09T19:19:07.119+0000] {dagbag.py:587} INFO - Filling up the DagBag from /home/airflow/.local/lib/python3.12/site-packages/airflow/example_dags/example_outlet_event_extra.py
[2025-12-09T19:19:07.426+0000] {processor.py:925} INFO - DAG(s) 'dataset_with_extra_from_classic_operator', 'dataset_with_extra_by_yield', 'dataset_with_extra_by_context' retrieved from /home/airflow/.local/lib/python3.12/site-packages/airflow/example_dags/example_outlet_event_extra.py
[2025-12-09T19:19:07.472+0000] {logging_mixin.py:190} INFO - [2025-12-09T19:19:07.471+0000] {dag.py:3229} INFO - Sync 3 DAGs
[2025-12-09T19:19:07.510+0000] {logging_mixin.py:190} INFO - [2025-12-09T19:19:07.509+0000] {dag.py:4156} INFO - Setting next_dagrun for dataset_with_extra_by_context to 2025-12-08 00:00:00+00:00, run_after=2025-12-09 00:00:00+00:00
[2025-12-09T19:19:07.517+0000] {logging_mixin.py:190} INFO - [2025-12-09T19:19:07.516+0000] {dag.py:4156} INFO - Setting next_dagrun for dataset_with_extra_by_yield to 2025-12-08 00:00:00+00:00, run_after=2025-12-09 00:00:00+00:00
[2025-12-09T19:19:07.521+0000] {logging_mixin.py:190} INFO - [2025-12-09T19:19:07.520+0000] {dag.py:4156} INFO - Setting next_dagrun for dataset_with_extra_from_classic_operator to 2025-12-08 00:00:00+00:00, run_after=2025-12-09 00:00:00+00:00
[2025-12-09T19:19:07.554+0000] {processor.py:208} INFO - Processing /home/airflow/.local/lib/python3.12/site-packages/airflow/example_dags/example_outlet_event_extra.py took 0.491 seconds
[2025-12-09T19:19:33.521+0000] {processor.py:186} INFO - Started process (PID=623) to work on /home/airflow/.local/lib/python3.12/site-packages/airflow/example_dags/example_outlet_event_extra.py
[2025-12-09T19:19:33.524+0000] {processor.py:914} INFO - Processing file /home/airflow/.local/lib/python3.12/site-packages/airflow/example_dags/example_outlet_event_extra.py for tasks to queue
[2025-12-09T19:19:33.529+0000] {logging_mixin.py:190} INFO - [2025-12-09T19:19:33.528+0000] {dagbag.py:587} INFO - Filling up the DagBag from /home/airflow/.local/lib/python3.12/site-packages/airflow/example_dags/example_outlet_event_extra.py
[2025-12-09T19:19:33.754+0000] {processor.py:925} INFO - DAG(s) 'dataset_with_extra_by_yield', 'dataset_with_extra_from_classic_operator', 'dataset_with_extra_by_context' retrieved from /home/airflow/.local/lib/python3.12/site-packages/airflow/example_dags/example_outlet_event_extra.py
[2025-12-09T19:19:33.793+0000] {logging_mixin.py:190} INFO - [2025-12-09T19:19:33.793+0000] {dag.py:3229} INFO - Sync 3 DAGs
[2025-12-09T19:19:33.824+0000] {logging_mixin.py:190} INFO - [2025-12-09T19:19:33.824+0000] {dag.py:4156} INFO - Setting next_dagrun for dataset_with_extra_by_context to 2025-12-08 00:00:00+00:00, run_after=2025-12-09 00:00:00+00:00
[2025-12-09T19:19:33.830+0000] {logging_mixin.py:190} INFO - [2025-12-09T19:19:33.830+0000] {dag.py:4156} INFO - Setting next_dagrun for dataset_with_extra_by_yield to 2025-12-08 00:00:00+00:00, run_after=2025-12-09 00:00:00+00:00
[2025-12-09T19:19:33.833+0000] {logging_mixin.py:190} INFO - [2025-12-09T19:19:33.833+0000] {dag.py:4156} INFO - Setting next_dagrun for dataset_with_extra_from_classic_operator to 2025-12-08 00:00:00+00:00, run_after=2025-12-09 00:00:00+00:00
[2025-12-09T19:19:33.865+0000] {processor.py:208} INFO - Processing /home/airflow/.local/lib/python3.12/site-packages/airflow/example_dags/example_outlet_event_extra.py took 0.355 seconds
[2025-12-09T19:19:58.693+0000] {processor.py:186} INFO - Started process (PID=683) to work on /home/airflow/.local/lib/python3.12/site-packages/airflow/example_dags/example_outlet_event_extra.py
[2025-12-09T19:19:58.726+0000] {processor.py:914} INFO - Processing file /home/airflow/.local/lib/python3.12/site-packages/airflow/example_dags/example_outlet_event_extra.py for tasks to queue
[2025-12-09T19:19:58.729+0000] {logging_mixin.py:190} INFO - [2025-12-09T19:19:58.729+0000] {dagbag.py:587} INFO - Filling up the DagBag from /home/airflow/.local/lib/python3.12/site-packages/airflow/example_dags/example_outlet_event_extra.py
[2025-12-09T19:19:58.964+0000] {processor.py:925} INFO - DAG(s) 'dataset_with_extra_by_context', 'dataset_with_extra_by_yield', 'dataset_with_extra_from_classic_operator' retrieved from /home/airflow/.local/lib/python3.12/site-packages/airflow/example_dags/example_outlet_event_extra.py
[2025-12-09T19:19:59.003+0000] {logging_mixin.py:190} INFO - [2025-12-09T19:19:59.003+0000] {dag.py:3229} INFO - Sync 3 DAGs
[2025-12-09T19:19:59.039+0000] {logging_mixin.py:190} INFO - [2025-12-09T19:19:59.039+0000] {dag.py:4156} INFO - Setting next_dagrun for dataset_with_extra_by_context to 2025-12-08 00:00:00+00:00, run_after=2025-12-09 00:00:00+00:00
[2025-12-09T19:19:59.045+0000] {logging_mixin.py:190} INFO - [2025-12-09T19:19:59.044+0000] {dag.py:4156} INFO - Setting next_dagrun for dataset_with_extra_by_yield to 2025-12-08 00:00:00+00:00, run_after=2025-12-09 00:00:00+00:00
[2025-12-09T19:19:59.047+0000] {logging_mixin.py:190} INFO - [2025-12-09T19:19:59.047+0000] {dag.py:4156} INFO - Setting next_dagrun for dataset_with_extra_from_classic_operator to 2025-12-08 00:00:00+00:00, run_after=2025-12-09 00:00:00+00:00
[2025-12-09T19:19:59.085+0000] {processor.py:208} INFO - Processing /home/airflow/.local/lib/python3.12/site-packages/airflow/example_dags/example_outlet_event_extra.py took 0.405 seconds
[2025-12-09T19:20:28.653+0000] {processor.py:186} INFO - Started process (PID=738) to work on /home/airflow/.local/lib/python3.12/site-packages/airflow/example_dags/example_outlet_event_extra.py
[2025-12-09T19:20:28.655+0000] {processor.py:914} INFO - Processing file /home/airflow/.local/lib/python3.12/site-packages/airflow/example_dags/example_outlet_event_extra.py for tasks to queue
[2025-12-09T19:20:28.659+0000] {logging_mixin.py:190} INFO - [2025-12-09T19:20:28.659+0000] {dagbag.py:587} INFO - Filling up the DagBag from /home/airflow/.local/lib/python3.12/site-packages/airflow/example_dags/example_outlet_event_extra.py
[2025-12-09T19:20:28.903+0000] {processor.py:925} INFO - DAG(s) 'dataset_with_extra_by_context', 'dataset_with_extra_by_yield', 'dataset_with_extra_from_classic_operator' retrieved from /home/airflow/.local/lib/python3.12/site-packages/airflow/example_dags/example_outlet_event_extra.py
[2025-12-09T19:20:28.947+0000] {logging_mixin.py:190} INFO - [2025-12-09T19:20:28.947+0000] {dag.py:3229} INFO - Sync 3 DAGs
[2025-12-09T19:20:28.988+0000] {logging_mixin.py:190} INFO - [2025-12-09T19:20:28.987+0000] {dag.py:4156} INFO - Setting next_dagrun for dataset_with_extra_by_context to 2025-12-08 00:00:00+00:00, run_after=2025-12-09 00:00:00+00:00
[2025-12-09T19:20:28.997+0000] {logging_mixin.py:190} INFO - [2025-12-09T19:20:28.997+0000] {dag.py:4156} INFO - Setting next_dagrun for dataset_with_extra_by_yield to 2025-12-08 00:00:00+00:00, run_after=2025-12-09 00:00:00+00:00
[2025-12-09T19:20:29.003+0000] {logging_mixin.py:190} INFO - [2025-12-09T19:20:29.002+0000] {dag.py:4156} INFO - Setting next_dagrun for dataset_with_extra_from_classic_operator to 2025-12-08 00:00:00+00:00, run_after=2025-12-09 00:00:00+00:00
[2025-12-09T19:20:29.058+0000] {processor.py:208} INFO - Processing /home/airflow/.local/lib/python3.12/site-packages/airflow/example_dags/example_outlet_event_extra.py took 0.419 seconds
[2025-12-09T19:20:59.117+0000] {processor.py:186} INFO - Started process (PID=800) to work on /home/airflow/.local/lib/python3.12/site-packages/airflow/example_dags/example_outlet_event_extra.py
[2025-12-09T19:20:59.148+0000] {processor.py:914} INFO - Processing file /home/airflow/.local/lib/python3.12/site-packages/airflow/example_dags/example_outlet_event_extra.py for tasks to queue
[2025-12-09T19:20:59.153+0000] {logging_mixin.py:190} INFO - [2025-12-09T19:20:59.152+0000] {dagbag.py:587} INFO - Filling up the DagBag from /home/airflow/.local/lib/python3.12/site-packages/airflow/example_dags/example_outlet_event_extra.py
[2025-12-09T19:20:59.410+0000] {processor.py:925} INFO - DAG(s) 'dataset_with_extra_from_classic_operator', 'dataset_with_extra_by_yield', 'dataset_with_extra_by_context' retrieved from /home/airflow/.local/lib/python3.12/site-packages/airflow/example_dags/example_outlet_event_extra.py
[2025-12-09T19:20:59.458+0000] {logging_mixin.py:190} INFO - [2025-12-09T19:20:59.458+0000] {dag.py:3229} INFO - Sync 3 DAGs
[2025-12-09T19:20:59.498+0000] {logging_mixin.py:190} INFO - [2025-12-09T19:20:59.498+0000] {dag.py:4156} INFO - Setting next_dagrun for dataset_with_extra_by_context to 2025-12-08 00:00:00+00:00, run_after=2025-12-09 00:00:00+00:00
[2025-12-09T19:20:59.505+0000] {logging_mixin.py:190} INFO - [2025-12-09T19:20:59.504+0000] {dag.py:4156} INFO - Setting next_dagrun for dataset_with_extra_by_yield to 2025-12-08 00:00:00+00:00, run_after=2025-12-09 00:00:00+00:00
[2025-12-09T19:20:59.508+0000] {logging_mixin.py:190} INFO - [2025-12-09T19:20:59.507+0000] {dag.py:4156} INFO - Setting next_dagrun for dataset_with_extra_from_classic_operator to 2025-12-08 00:00:00+00:00, run_after=2025-12-09 00:00:00+00:00
[2025-12-09T19:20:59.577+0000] {processor.py:208} INFO - Processing /home/airflow/.local/lib/python3.12/site-packages/airflow/example_dags/example_outlet_event_extra.py took 0.471 seconds
[2025-12-09T19:21:29.740+0000] {processor.py:186} INFO - Started process (PID=859) to work on /home/airflow/.local/lib/python3.12/site-packages/airflow/example_dags/example_outlet_event_extra.py
[2025-12-09T19:21:29.774+0000] {processor.py:914} INFO - Processing file /home/airflow/.local/lib/python3.12/site-packages/airflow/example_dags/example_outlet_event_extra.py for tasks to queue
[2025-12-09T19:21:29.778+0000] {logging_mixin.py:190} INFO - [2025-12-09T19:21:29.777+0000] {dagbag.py:587} INFO - Filling up the DagBag from /home/airflow/.local/lib/python3.12/site-packages/airflow/example_dags/example_outlet_event_extra.py
[2025-12-09T19:21:29.989+0000] {processor.py:925} INFO - DAG(s) 'dataset_with_extra_by_context', 'dataset_with_extra_by_yield', 'dataset_with_extra_from_classic_operator' retrieved from /home/airflow/.local/lib/python3.12/site-packages/airflow/example_dags/example_outlet_event_extra.py
[2025-12-09T19:21:30.030+0000] {logging_mixin.py:190} INFO - [2025-12-09T19:21:30.029+0000] {dag.py:3229} INFO - Sync 3 DAGs
[2025-12-09T19:21:30.068+0000] {logging_mixin.py:190} INFO - [2025-12-09T19:21:30.067+0000] {dag.py:4156} INFO - Setting next_dagrun for dataset_with_extra_by_context to 2025-12-08 00:00:00+00:00, run_after=2025-12-09 00:00:00+00:00
[2025-12-09T19:21:30.075+0000] {logging_mixin.py:190} INFO - [2025-12-09T19:21:30.074+0000] {dag.py:4156} INFO - Setting next_dagrun for dataset_with_extra_by_yield to 2025-12-08 00:00:00+00:00, run_after=2025-12-09 00:00:00+00:00
[2025-12-09T19:21:30.077+0000] {logging_mixin.py:190} INFO - [2025-12-09T19:21:30.077+0000] {dag.py:4156} INFO - Setting next_dagrun for dataset_with_extra_from_classic_operator to 2025-12-08 00:00:00+00:00, run_after=2025-12-09 00:00:00+00:00
[2025-12-09T19:21:30.107+0000] {processor.py:208} INFO - Processing /home/airflow/.local/lib/python3.12/site-packages/airflow/example_dags/example_outlet_event_extra.py took 0.376 seconds
[2025-12-09T19:21:54.759+0000] {processor.py:186} INFO - Started process (PID=923) to work on /home/airflow/.local/lib/python3.12/site-packages/airflow/example_dags/example_outlet_event_extra.py
[2025-12-09T19:21:54.789+0000] {processor.py:914} INFO - Processing file /home/airflow/.local/lib/python3.12/site-packages/airflow/example_dags/example_outlet_event_extra.py for tasks to queue
[2025-12-09T19:21:54.793+0000] {logging_mixin.py:190} INFO - [2025-12-09T19:21:54.793+0000] {dagbag.py:587} INFO - Filling up the DagBag from /home/airflow/.local/lib/python3.12/site-packages/airflow/example_dags/example_outlet_event_extra.py
[2025-12-09T19:21:55.019+0000] {processor.py:925} INFO - DAG(s) 'dataset_with_extra_by_yield', 'dataset_with_extra_from_classic_operator', 'dataset_with_extra_by_context' retrieved from /home/airflow/.local/lib/python3.12/site-packages/airflow/example_dags/example_outlet_event_extra.py
[2025-12-09T19:21:55.057+0000] {logging_mixin.py:190} INFO - [2025-12-09T19:21:55.056+0000] {dag.py:3229} INFO - Sync 3 DAGs
[2025-12-09T19:21:55.090+0000] {logging_mixin.py:190} INFO - [2025-12-09T19:21:55.089+0000] {dag.py:4156} INFO - Setting next_dagrun for dataset_with_extra_by_context to 2025-12-08 00:00:00+00:00, run_after=2025-12-09 00:00:00+00:00
[2025-12-09T19:21:55.096+0000] {logging_mixin.py:190} INFO - [2025-12-09T19:21:55.095+0000] {dag.py:4156} INFO - Setting next_dagrun for dataset_with_extra_by_yield to 2025-12-08 00:00:00+00:00, run_after=2025-12-09 00:00:00+00:00
[2025-12-09T19:21:55.099+0000] {logging_mixin.py:190} INFO - [2025-12-09T19:21:55.099+0000] {dag.py:4156} INFO - Setting next_dagrun for dataset_with_extra_from_classic_operator to 2025-12-08 00:00:00+00:00, run_after=2025-12-09 00:00:00+00:00
[2025-12-09T19:21:55.145+0000] {processor.py:208} INFO - Processing /home/airflow/.local/lib/python3.12/site-packages/airflow/example_dags/example_outlet_event_extra.py took 0.395 seconds
[2025-12-09T19:22:25.684+0000] {processor.py:186} INFO - Started process (PID=983) to work on /home/airflow/.local/lib/python3.12/site-packages/airflow/example_dags/example_outlet_event_extra.py
[2025-12-09T19:22:25.715+0000] {processor.py:914} INFO - Processing file /home/airflow/.local/lib/python3.12/site-packages/airflow/example_dags/example_outlet_event_extra.py for tasks to queue
[2025-12-09T19:22:25.719+0000] {logging_mixin.py:190} INFO - [2025-12-09T19:22:25.719+0000] {dagbag.py:587} INFO - Filling up the DagBag from /home/airflow/.local/lib/python3.12/site-packages/airflow/example_dags/example_outlet_event_extra.py
[2025-12-09T19:22:25.967+0000] {processor.py:925} INFO - DAG(s) 'dataset_with_extra_by_context', 'dataset_with_extra_by_yield', 'dataset_with_extra_from_classic_operator' retrieved from /home/airflow/.local/lib/python3.12/site-packages/airflow/example_dags/example_outlet_event_extra.py
[2025-12-09T19:22:26.014+0000] {logging_mixin.py:190} INFO - [2025-12-09T19:22:26.013+0000] {dag.py:3229} INFO - Sync 3 DAGs
[2025-12-09T19:22:26.056+0000] {logging_mixin.py:190} INFO - [2025-12-09T19:22:26.056+0000] {dag.py:4156} INFO - Setting next_dagrun for dataset_with_extra_by_context to 2025-12-08 00:00:00+00:00, run_after=2025-12-09 00:00:00+00:00
[2025-12-09T19:22:26.062+0000] {logging_mixin.py:190} INFO - [2025-12-09T19:22:26.062+0000] {dag.py:4156} INFO - Setting next_dagrun for dataset_with_extra_by_yield to 2025-12-08 00:00:00+00:00, run_after=2025-12-09 00:00:00+00:00
[2025-12-09T19:22:26.066+0000] {logging_mixin.py:190} INFO - [2025-12-09T19:22:26.066+0000] {dag.py:4156} INFO - Setting next_dagrun for dataset_with_extra_from_classic_operator to 2025-12-08 00:00:00+00:00, run_after=2025-12-09 00:00:00+00:00
[2025-12-09T19:22:26.097+0000] {processor.py:208} INFO - Processing /home/airflow/.local/lib/python3.12/site-packages/airflow/example_dags/example_outlet_event_extra.py took 0.425 seconds
[2025-12-09T19:22:52.895+0000] {processor.py:186} INFO - Started process (PID=1049) to work on /home/airflow/.local/lib/python3.12/site-packages/airflow/example_dags/example_outlet_event_extra.py
[2025-12-09T19:22:52.929+0000] {processor.py:914} INFO - Processing file /home/airflow/.local/lib/python3.12/site-packages/airflow/example_dags/example_outlet_event_extra.py for tasks to queue
[2025-12-09T19:22:52.933+0000] {logging_mixin.py:190} INFO - [2025-12-09T19:22:52.932+0000] {dagbag.py:587} INFO - Filling up the DagBag from /home/airflow/.local/lib/python3.12/site-packages/airflow/example_dags/example_outlet_event_extra.py
[2025-12-09T19:22:53.132+0000] {processor.py:925} INFO - DAG(s) 'dataset_with_extra_from_classic_operator', 'dataset_with_extra_by_context', 'dataset_with_extra_by_yield' retrieved from /home/airflow/.local/lib/python3.12/site-packages/airflow/example_dags/example_outlet_event_extra.py
[2025-12-09T19:22:53.171+0000] {logging_mixin.py:190} INFO - [2025-12-09T19:22:53.170+0000] {dag.py:3229} INFO - Sync 3 DAGs
[2025-12-09T19:22:53.207+0000] {logging_mixin.py:190} INFO - [2025-12-09T19:22:53.207+0000] {dag.py:4156} INFO - Setting next_dagrun for dataset_with_extra_by_context to 2025-12-08 00:00:00+00:00, run_after=2025-12-09 00:00:00+00:00
[2025-12-09T19:22:53.214+0000] {logging_mixin.py:190} INFO - [2025-12-09T19:22:53.214+0000] {dag.py:4156} INFO - Setting next_dagrun for dataset_with_extra_by_yield to 2025-12-08 00:00:00+00:00, run_after=2025-12-09 00:00:00+00:00
[2025-12-09T19:22:53.217+0000] {logging_mixin.py:190} INFO - [2025-12-09T19:22:53.217+0000] {dag.py:4156} INFO - Setting next_dagrun for dataset_with_extra_from_classic_operator to 2025-12-08 00:00:00+00:00, run_after=2025-12-09 00:00:00+00:00
[2025-12-09T19:22:53.282+0000] {processor.py:208} INFO - Processing /home/airflow/.local/lib/python3.12/site-packages/airflow/example_dags/example_outlet_event_extra.py took 0.396 seconds
[2025-12-09T19:23:23.800+0000] {processor.py:186} INFO - Started process (PID=1107) to work on /home/airflow/.local/lib/python3.12/site-packages/airflow/example_dags/example_outlet_event_extra.py
[2025-12-09T19:23:23.802+0000] {processor.py:914} INFO - Processing file /home/airflow/.local/lib/python3.12/site-packages/airflow/example_dags/example_outlet_event_extra.py for tasks to queue
[2025-12-09T19:23:23.805+0000] {logging_mixin.py:190} INFO - [2025-12-09T19:23:23.805+0000] {dagbag.py:587} INFO - Filling up the DagBag from /home/airflow/.local/lib/python3.12/site-packages/airflow/example_dags/example_outlet_event_extra.py
[2025-12-09T19:23:24.033+0000] {processor.py:925} INFO - DAG(s) 'dataset_with_extra_from_classic_operator', 'dataset_with_extra_by_yield', 'dataset_with_extra_by_context' retrieved from /home/airflow/.local/lib/python3.12/site-packages/airflow/example_dags/example_outlet_event_extra.py
[2025-12-09T19:23:31.982+0000] {logging_mixin.py:190} INFO - [2025-12-09T19:23:31.981+0000] {dag.py:3229} INFO - Sync 3 DAGs
[2025-12-09T19:23:32.020+0000] {logging_mixin.py:190} INFO - [2025-12-09T19:23:32.020+0000] {dag.py:4156} INFO - Setting next_dagrun for dataset_with_extra_by_context to 2025-12-08 00:00:00+00:00, run_after=2025-12-09 00:00:00+00:00
[2025-12-09T19:23:32.027+0000] {logging_mixin.py:190} INFO - [2025-12-09T19:23:32.027+0000] {dag.py:4156} INFO - Setting next_dagrun for dataset_with_extra_by_yield to 2025-12-08 00:00:00+00:00, run_after=2025-12-09 00:00:00+00:00
[2025-12-09T19:23:32.023+0000] {logging_mixin.py:190} INFO - [2025-12-09T19:23:32.023+0000] {dag.py:4156} INFO - Setting next_dagrun for dataset_with_extra_from_classic_operator to 2025-12-08 00:00:00+00:00, run_after=2025-12-09 00:00:00+00:00
[2025-12-09T19:23:32.059+0000] {processor.py:208} INFO - Processing /home/airflow/.local/lib/python3.12/site-packages/airflow/example_dags/example_outlet_event_extra.py took 0.369 seconds
[2025-12-09T19:23:54.946+0000] {processor.py:186} INFO - Started process (PID=1175) to work on /home/airflow/.local/lib/python3.12/site-packages/airflow/example_dags/example_outlet_event_extra.py
[2025-12-09T19:23:54.977+0000] {processor.py:914} INFO - Processing file /home/airflow/.local/lib/python3.12/site-packages/airflow/example_dags/example_outlet_event_extra.py for tasks to queue
[2025-12-09T19:23:54.981+0000] {logging_mixin.py:190} INFO - [2025-12-09T19:23:54.980+0000] {dagbag.py:587} INFO - Filling up the DagBag from /home/airflow/.local/lib/python3.12/site-packages/airflow/example_dags/example_outlet_event_extra.py
[2025-12-09T19:23:55.220+0000] {processor.py:925} INFO - DAG(s) 'dataset_with_extra_from_classic_operator', 'dataset_with_extra_by_context', 'dataset_with_extra_by_yield' retrieved from /home/airflow/.local/lib/python3.12/site-packages/airflow/example_dags/example_outlet_event_extra.py
[2025-12-09T19:23:55.267+0000] {logging_mixin.py:190} INFO - [2025-12-09T19:23:55.267+0000] {dag.py:3229} INFO - Sync 3 DAGs
[2025-12-09T19:23:55.305+0000] {logging_mixin.py:190} INFO - [2025-12-09T19:23:55.305+0000] {dag.py:4156} INFO - Setting next_dagrun for dataset_with_extra_by_context to 2025-12-08 00:00:00+00:00, run_after=2025-12-09 00:00:00+00:00
[2025-12-09T19:23:55.311+0000] {logging_mixin.py:190} INFO - [2025-12-09T19:23:55.311+0000] {dag.py:4156} INFO - Setting next_dagrun for dataset_with_extra_by_yield to 2025-12-08 00:00:00+00:00, run_after=2025-12-09 00:00:00+00:00
[2025-12-09T19:23:55.315+0000] {logging_mixin.py:190} INFO - [2025-12-09T19:23:55.315+0000] {dag.py:4156} INFO - Setting next_dagrun for dataset_with_extra_from_classic_operator to 2025-12-08 00:00:00+00:00, run_after=2025-12-09 00:00:00+00:00
[2025-12-09T19:23:55.382+0000] {processor.py:208} INFO - Processing /home/airflow/.local/lib/python3.12/site-packages/airflow/example_dags/example_outlet_event_extra.py took 0.448 seconds
[2025-12-09T19:24:20.695+0000] {processor.py:186} INFO - Started process (PID=1234) to work on /home/airflow/.local/lib/python3.12/site-packages/airflow/example_dags/example_outlet_event_extra.py
[2025-12-09T19:24:20.703+0000] {processor.py:914} INFO - Processing file /home/airflow/.local/lib/python3.12/site-packages/airflow/example_dags/example_outlet_event_extra.py for tasks to queue
[2025-12-09T19:24:20.707+0000] {logging_mixin.py:190} INFO - [2025-12-09T19:24:20.707+0000] {dagbag.py:587} INFO - Filling up the DagBag from /home/airflow/.local/lib/python3.12/site-packages/airflow/example_dags/example_outlet_event_extra.py
[2025-12-09T19:24:20.962+0000] {processor.py:925} INFO - DAG(s) 'dataset_with_extra_by_context', 'dataset_with_extra_from_classic_operator', 'dataset_with_extra_by_yield' retrieved from /home/airflow/.local/lib/python3.12/site-packages/airflow/example_dags/example_outlet_event_extra.py
[2025-12-09T19:24:21.011+0000] {logging_mixin.py:190} INFO - [2025-12-09T19:24:21.011+0000] {dag.py:3229} INFO - Sync 3 DAGs
[2025-12-09T19:24:21.058+0000] {logging_mixin.py:190} INFO - [2025-12-09T19:24:21.057+0000] {dag.py:4156} INFO - Setting next_dagrun for dataset_with_extra_by_context to 2025-12-08 00:00:00+00:00, run_after=2025-12-09 00:00:00+00:00
[2025-12-09T19:24:21.065+0000] {logging_mixin.py:190} INFO - [2025-12-09T19:24:21.065+0000] {dag.py:4156} INFO - Setting next_dagrun for dataset_with_extra_by_yield to 2025-12-08 00:00:00+00:00, run_after=2025-12-09 00:00:00+00:00
[2025-12-09T19:24:21.070+0000] {logging_mixin.py:190} INFO - [2025-12-09T19:24:21.069+0000] {dag.py:4156} INFO - Setting next_dagrun for dataset_with_extra_from_classic_operator to 2025-12-08 00:00:00+00:00, run_after=2025-12-09 00:00:00+00:00
[2025-12-09T19:24:21.107+0000] {processor.py:208} INFO - Processing /home/airflow/.local/lib/python3.12/site-packages/airflow/example_dags/example_outlet_event_extra.py took 0.422 seconds
[2025-12-09T19:24:51.204+0000] {processor.py:186} INFO - Started process (PID=1297) to work on /home/airflow/.local/lib/python3.12/site-packages/airflow/example_dags/example_outlet_event_extra.py
[2025-12-09T19:24:51.206+0000] {processor.py:914} INFO - Processing file /home/airflow/.local/lib/python3.12/site-packages/airflow/example_dags/example_outlet_event_extra.py for tasks to queue
[2025-12-09T19:24:51.210+0000] {logging_mixin.py:190} INFO - [2025-12-09T19:24:51.210+0000] {dagbag.py:587} INFO - Filling up the DagBag from /home/airflow/.local/lib/python3.12/site-packages/airflow/example_dags/example_outlet_event_extra.py
[2025-12-09T19:24:51.435+0000] {processor.py:925} INFO - DAG(s) 'dataset_with_extra_by_context', 'dataset_with_extra_by_yield', 'dataset_with_extra_from_classic_operator' retrieved from /home/airflow/.local/lib/python3.12/site-packages/airflow/example_dags/example_outlet_event_extra.py
[2025-12-09T19:24:51.471+0000] {logging_mixin.py:190} INFO - [2025-12-09T19:24:51.471+0000] {dag.py:3229} INFO - Sync 3 DAGs
[2025-12-09T19:24:51.507+0000] {logging_mixin.py:190} INFO - [2025-12-09T19:24:51.506+0000] {dag.py:4156} INFO - Setting next_dagrun for dataset_with_extra_by_context to 2025-12-08 00:00:00+00:00, run_after=2025-12-09 00:00:00+00:00
[2025-12-09T19:24:51.513+0000] {logging_mixin.py:190} INFO - [2025-12-09T19:24:51.513+0000] {dag.py:4156} INFO - Setting next_dagrun for dataset_with_extra_by_yield to 2025-12-08 00:00:00+00:00, run_after=2025-12-09 00:00:00+00:00
[2025-12-09T19:24:51.517+0000] {logging_mixin.py:190} INFO - [2025-12-09T19:24:51.516+0000] {dag.py:4156} INFO - Setting next_dagrun for dataset_with_extra_from_classic_operator to 2025-12-08 00:00:00+00:00, run_after=2025-12-09 00:00:00+00:00
[2025-12-09T19:24:51.549+0000] {processor.py:208} INFO - Processing /home/airflow/.local/lib/python3.12/site-packages/airflow/example_dags/example_outlet_event_extra.py took 0.354 seconds
[2025-12-09T19:25:21.614+0000] {processor.py:186} INFO - Started process (PID=1357) to work on /home/airflow/.local/lib/python3.12/site-packages/airflow/example_dags/example_outlet_event_extra.py
[2025-12-09T19:25:21.645+0000] {processor.py:914} INFO - Processing file /home/airflow/.local/lib/python3.12/site-packages/airflow/example_dags/example_outlet_event_extra.py for tasks to queue
[2025-12-09T19:25:21.649+0000] {logging_mixin.py:190} INFO - [2025-12-09T19:25:21.649+0000] {dagbag.py:587} INFO - Filling up the DagBag from /home/airflow/.local/lib/python3.12/site-packages/airflow/example_dags/example_outlet_event_extra.py
[2025-12-09T19:25:21.853+0000] {processor.py:925} INFO - DAG(s) 'dataset_with_extra_by_yield', 'dataset_with_extra_by_context', 'dataset_with_extra_from_classic_operator' retrieved from /home/airflow/.local/lib/python3.12/site-packages/airflow/example_dags/example_outlet_event_extra.py
[2025-12-09T19:25:21.891+0000] {logging_mixin.py:190} INFO - [2025-12-09T19:25:21.891+0000] {dag.py:3229} INFO - Sync 3 DAGs
[2025-12-09T19:25:21.927+0000] {logging_mixin.py:190} INFO - [2025-12-09T19:25:21.926+0000] {dag.py:4156} INFO - Setting next_dagrun for dataset_with_extra_by_context to 2025-12-08 00:00:00+00:00, run_after=2025-12-09 00:00:00+00:00
[2025-12-09T19:25:21.932+0000] {logging_mixin.py:190} INFO - [2025-12-09T19:25:21.932+0000] {dag.py:4156} INFO - Setting next_dagrun for dataset_with_extra_by_yield to 2025-12-08 00:00:00+00:00, run_after=2025-12-09 00:00:00+00:00
[2025-12-09T19:25:21.935+0000] {logging_mixin.py:190} INFO - [2025-12-09T19:25:21.935+0000] {dag.py:4156} INFO - Setting next_dagrun for dataset_with_extra_from_classic_operator to 2025-12-08 00:00:00+00:00, run_after=2025-12-09 00:00:00+00:00
[2025-12-09T19:25:21.998+0000] {processor.py:208} INFO - Processing /home/airflow/.local/lib/python3.12/site-packages/airflow/example_dags/example_outlet_event_extra.py took 0.395 seconds
[2025-12-09T19:25:46.213+0000] {processor.py:186} INFO - Started process (PID=1417) to work on /home/airflow/.local/lib/python3.12/site-packages/airflow/example_dags/example_outlet_event_extra.py
[2025-12-09T19:25:46.244+0000] {processor.py:914} INFO - Processing file /home/airflow/.local/lib/python3.12/site-packages/airflow/example_dags/example_outlet_event_extra.py for tasks to queue
[2025-12-09T19:25:46.248+0000] {logging_mixin.py:190} INFO - [2025-12-09T19:25:46.248+0000] {dagbag.py:587} INFO - Filling up the DagBag from /home/airflow/.local/lib/python3.12/site-packages/airflow/example_dags/example_outlet_event_extra.py
[2025-12-09T19:25:46.517+0000] {processor.py:925} INFO - DAG(s) 'dataset_with_extra_from_classic_operator', 'dataset_with_extra_by_yield', 'dataset_with_extra_by_context' retrieved from /home/airflow/.local/lib/python3.12/site-packages/airflow/example_dags/example_outlet_event_extra.py
[2025-12-09T19:25:46.572+0000] {logging_mixin.py:190} INFO - [2025-12-09T19:25:46.572+0000] {dag.py:3229} INFO - Sync 3 DAGs
[2025-12-09T19:25:46.609+0000] {logging_mixin.py:190} INFO - [2025-12-09T19:25:46.609+0000] {dag.py:4156} INFO - Setting next_dagrun for dataset_with_extra_by_context to 2025-12-08 00:00:00+00:00, run_after=2025-12-09 00:00:00+00:00
[2025-12-09T19:25:46.616+0000] {logging_mixin.py:190} INFO - [2025-12-09T19:25:46.615+0000] {dag.py:4156} INFO - Setting next_dagrun for dataset_with_extra_by_yield to 2025-12-08 00:00:00+00:00, run_after=2025-12-09 00:00:00+00:00
[2025-12-09T19:25:46.619+0000] {logging_mixin.py:190} INFO - [2025-12-09T19:25:46.619+0000] {dag.py:4156} INFO - Setting next_dagrun for dataset_with_extra_from_classic_operator to 2025-12-08 00:00:00+00:00, run_after=2025-12-09 00:00:00+00:00
[2025-12-09T19:25:46.654+0000] {processor.py:208} INFO - Processing /home/airflow/.local/lib/python3.12/site-packages/airflow/example_dags/example_outlet_event_extra.py took 0.452 seconds
