[2025-12-09T19:15:38.579+0000] {processor.py:186} INFO - Started process (PID=120) to work on /home/airflow/.local/lib/python3.12/site-packages/airflow/example_dags/example_latest_only.py
[2025-12-09T19:15:38.581+0000] {processor.py:914} INFO - Processing file /home/airflow/.local/lib/python3.12/site-packages/airflow/example_dags/example_latest_only.py for tasks to queue
[2025-12-09T19:15:38.584+0000] {logging_mixin.py:190} INFO - [2025-12-09T19:15:38.584+0000] {dagbag.py:587} INFO - Filling up the DagBag from /home/airflow/.local/lib/python3.12/site-packages/airflow/example_dags/example_latest_only.py
[2025-12-09T19:15:38.596+0000] {processor.py:925} INFO - DAG(s) 'latest_only' retrieved from /home/airflow/.local/lib/python3.12/site-packages/airflow/example_dags/example_latest_only.py
[2025-12-09T19:15:38.750+0000] {logging_mixin.py:190} INFO - [2025-12-09T19:15:38.749+0000] {override.py:1900} INFO - Created Permission View: can read on DAG:latest_only
[2025-12-09T19:15:38.764+0000] {logging_mixin.py:190} INFO - [2025-12-09T19:15:38.764+0000] {override.py:1900} INFO - Created Permission View: can delete on DAG:latest_only
[2025-12-09T19:15:38.773+0000] {logging_mixin.py:190} INFO - [2025-12-09T19:15:38.772+0000] {override.py:1900} INFO - Created Permission View: can edit on DAG:latest_only
[2025-12-09T19:15:38.783+0000] {logging_mixin.py:190} INFO - [2025-12-09T19:15:38.783+0000] {override.py:1900} INFO - Created Permission View: can read on DAG Run:latest_only
[2025-12-09T19:15:38.793+0000] {logging_mixin.py:190} INFO - [2025-12-09T19:15:38.792+0000] {override.py:1900} INFO - Created Permission View: can delete on DAG Run:latest_only
[2025-12-09T19:15:38.801+0000] {logging_mixin.py:190} INFO - [2025-12-09T19:15:38.801+0000] {override.py:1900} INFO - Created Permission View: menu access on DAG Run:latest_only
[2025-12-09T19:15:38.810+0000] {logging_mixin.py:190} INFO - [2025-12-09T19:15:38.810+0000] {override.py:1900} INFO - Created Permission View: can create on DAG Run:latest_only
[2025-12-09T19:15:38.811+0000] {logging_mixin.py:190} INFO - [2025-12-09T19:15:38.811+0000] {dag.py:3229} INFO - Sync 1 DAGs
[2025-12-09T19:15:38.829+0000] {logging_mixin.py:190} INFO - [2025-12-09T19:15:38.829+0000] {dag.py:3252} INFO - Creating ORM DAG for latest_only
[2025-12-09T19:15:38.842+0000] {logging_mixin.py:190} INFO - [2025-12-09T19:15:38.842+0000] {dag.py:4156} INFO - Setting next_dagrun for latest_only to 2025-12-09 12:00:00+00:00, run_after=2025-12-09 16:00:00+00:00
[2025-12-09T19:15:38.866+0000] {processor.py:208} INFO - Processing /home/airflow/.local/lib/python3.12/site-packages/airflow/example_dags/example_latest_only.py took 0.297 seconds
[2025-12-09T19:16:06.981+0000] {processor.py:186} INFO - Started process (PID=180) to work on /home/airflow/.local/lib/python3.12/site-packages/airflow/example_dags/example_latest_only.py
[2025-12-09T19:16:06.990+0000] {processor.py:914} INFO - Processing file /home/airflow/.local/lib/python3.12/site-packages/airflow/example_dags/example_latest_only.py for tasks to queue
[2025-12-09T19:16:06.994+0000] {logging_mixin.py:190} INFO - [2025-12-09T19:16:06.993+0000] {dagbag.py:587} INFO - Filling up the DagBag from /home/airflow/.local/lib/python3.12/site-packages/airflow/example_dags/example_latest_only.py
[2025-12-09T19:16:07.005+0000] {processor.py:925} INFO - DAG(s) 'latest_only' retrieved from /home/airflow/.local/lib/python3.12/site-packages/airflow/example_dags/example_latest_only.py
[2025-12-09T19:16:07.026+0000] {logging_mixin.py:190} INFO - [2025-12-09T19:16:07.025+0000] {dag.py:3229} INFO - Sync 1 DAGs
[2025-12-09T19:16:07.060+0000] {logging_mixin.py:190} INFO - [2025-12-09T19:16:07.059+0000] {dag.py:4156} INFO - Setting next_dagrun for latest_only to 2025-12-09 12:00:00+00:00, run_after=2025-12-09 16:00:00+00:00
[2025-12-09T19:16:07.123+0000] {processor.py:208} INFO - Processing /home/airflow/.local/lib/python3.12/site-packages/airflow/example_dags/example_latest_only.py took 0.154 seconds
[2025-12-09T19:16:46.479+0000] {processor.py:186} INFO - Started process (PID=239) to work on /home/airflow/.local/lib/python3.12/site-packages/airflow/example_dags/example_latest_only.py
[2025-12-09T19:16:46.507+0000] {processor.py:914} INFO - Processing file /home/airflow/.local/lib/python3.12/site-packages/airflow/example_dags/example_latest_only.py for tasks to queue
[2025-12-09T19:16:46.511+0000] {logging_mixin.py:190} INFO - [2025-12-09T19:16:46.510+0000] {dagbag.py:587} INFO - Filling up the DagBag from /home/airflow/.local/lib/python3.12/site-packages/airflow/example_dags/example_latest_only.py
[2025-12-09T19:16:46.522+0000] {processor.py:925} INFO - DAG(s) 'latest_only' retrieved from /home/airflow/.local/lib/python3.12/site-packages/airflow/example_dags/example_latest_only.py
[2025-12-09T19:16:46.556+0000] {logging_mixin.py:190} INFO - [2025-12-09T19:16:46.556+0000] {dag.py:3229} INFO - Sync 1 DAGs
[2025-12-09T19:16:46.591+0000] {logging_mixin.py:190} INFO - [2025-12-09T19:16:46.591+0000] {dag.py:4156} INFO - Setting next_dagrun for latest_only to 2025-12-09 12:00:00+00:00, run_after=2025-12-09 16:00:00+00:00
[2025-12-09T19:16:46.630+0000] {processor.py:208} INFO - Processing /home/airflow/.local/lib/python3.12/site-packages/airflow/example_dags/example_latest_only.py took 0.162 seconds
[2025-12-09T19:17:14.210+0000] {processor.py:186} INFO - Started process (PID=319) to work on /home/airflow/.local/lib/python3.12/site-packages/airflow/example_dags/example_latest_only.py
[2025-12-09T19:17:14.244+0000] {processor.py:914} INFO - Processing file /home/airflow/.local/lib/python3.12/site-packages/airflow/example_dags/example_latest_only.py for tasks to queue
[2025-12-09T19:17:14.249+0000] {logging_mixin.py:190} INFO - [2025-12-09T19:17:14.248+0000] {dagbag.py:587} INFO - Filling up the DagBag from /home/airflow/.local/lib/python3.12/site-packages/airflow/example_dags/example_latest_only.py
[2025-12-09T19:17:14.265+0000] {processor.py:925} INFO - DAG(s) 'latest_only' retrieved from /home/airflow/.local/lib/python3.12/site-packages/airflow/example_dags/example_latest_only.py
[2025-12-09T19:17:14.299+0000] {logging_mixin.py:190} INFO - [2025-12-09T19:17:14.299+0000] {dag.py:3229} INFO - Sync 1 DAGs
[2025-12-09T19:17:14.339+0000] {logging_mixin.py:190} INFO - [2025-12-09T19:17:14.339+0000] {dag.py:4156} INFO - Setting next_dagrun for latest_only to 2025-12-09 12:00:00+00:00, run_after=2025-12-09 16:00:00+00:00
[2025-12-09T19:17:14.390+0000] {processor.py:208} INFO - Processing /home/airflow/.local/lib/python3.12/site-packages/airflow/example_dags/example_latest_only.py took 0.191 seconds
[2025-12-09T19:17:39.567+0000] {processor.py:186} INFO - Started process (PID=374) to work on /home/airflow/.local/lib/python3.12/site-packages/airflow/example_dags/example_latest_only.py
[2025-12-09T19:17:39.597+0000] {processor.py:914} INFO - Processing file /home/airflow/.local/lib/python3.12/site-packages/airflow/example_dags/example_latest_only.py for tasks to queue
[2025-12-09T19:17:39.601+0000] {logging_mixin.py:190} INFO - [2025-12-09T19:17:39.601+0000] {dagbag.py:587} INFO - Filling up the DagBag from /home/airflow/.local/lib/python3.12/site-packages/airflow/example_dags/example_latest_only.py
[2025-12-09T19:17:39.613+0000] {processor.py:925} INFO - DAG(s) 'latest_only' retrieved from /home/airflow/.local/lib/python3.12/site-packages/airflow/example_dags/example_latest_only.py
[2025-12-09T19:17:39.649+0000] {logging_mixin.py:190} INFO - [2025-12-09T19:17:39.649+0000] {dag.py:3229} INFO - Sync 1 DAGs
[2025-12-09T19:17:39.689+0000] {logging_mixin.py:190} INFO - [2025-12-09T19:17:39.689+0000] {dag.py:4156} INFO - Setting next_dagrun for latest_only to 2025-12-09 12:00:00+00:00, run_after=2025-12-09 16:00:00+00:00
[2025-12-09T19:17:39.750+0000] {processor.py:208} INFO - Processing /home/airflow/.local/lib/python3.12/site-packages/airflow/example_dags/example_latest_only.py took 0.192 seconds
[2025-12-09T19:18:05.658+0000] {processor.py:186} INFO - Started process (PID=437) to work on /home/airflow/.local/lib/python3.12/site-packages/airflow/example_dags/example_latest_only.py
[2025-12-09T19:18:05.677+0000] {processor.py:914} INFO - Processing file /home/airflow/.local/lib/python3.12/site-packages/airflow/example_dags/example_latest_only.py for tasks to queue
[2025-12-09T19:18:05.680+0000] {logging_mixin.py:190} INFO - [2025-12-09T19:18:05.680+0000] {dagbag.py:587} INFO - Filling up the DagBag from /home/airflow/.local/lib/python3.12/site-packages/airflow/example_dags/example_latest_only.py
[2025-12-09T19:18:05.692+0000] {processor.py:925} INFO - DAG(s) 'latest_only' retrieved from /home/airflow/.local/lib/python3.12/site-packages/airflow/example_dags/example_latest_only.py
[2025-12-09T19:18:05.725+0000] {logging_mixin.py:190} INFO - [2025-12-09T19:18:05.725+0000] {dag.py:3229} INFO - Sync 1 DAGs
[2025-12-09T19:18:05.759+0000] {logging_mixin.py:190} INFO - [2025-12-09T19:18:05.759+0000] {dag.py:4156} INFO - Setting next_dagrun for latest_only to 2025-12-09 12:00:00+00:00, run_after=2025-12-09 16:00:00+00:00
[2025-12-09T19:18:05.797+0000] {processor.py:208} INFO - Processing /home/airflow/.local/lib/python3.12/site-packages/airflow/example_dags/example_latest_only.py took 0.148 seconds
[2025-12-09T19:18:36.567+0000] {processor.py:186} INFO - Started process (PID=498) to work on /home/airflow/.local/lib/python3.12/site-packages/airflow/example_dags/example_latest_only.py
[2025-12-09T19:18:36.570+0000] {processor.py:914} INFO - Processing file /home/airflow/.local/lib/python3.12/site-packages/airflow/example_dags/example_latest_only.py for tasks to queue
[2025-12-09T19:18:36.573+0000] {logging_mixin.py:190} INFO - [2025-12-09T19:18:36.573+0000] {dagbag.py:587} INFO - Filling up the DagBag from /home/airflow/.local/lib/python3.12/site-packages/airflow/example_dags/example_latest_only.py
[2025-12-09T19:18:36.588+0000] {processor.py:925} INFO - DAG(s) 'latest_only' retrieved from /home/airflow/.local/lib/python3.12/site-packages/airflow/example_dags/example_latest_only.py
[2025-12-09T19:18:36.626+0000] {logging_mixin.py:190} INFO - [2025-12-09T19:18:36.625+0000] {dag.py:3229} INFO - Sync 1 DAGs
[2025-12-09T19:18:36.661+0000] {logging_mixin.py:190} INFO - [2025-12-09T19:18:36.661+0000] {dag.py:4156} INFO - Setting next_dagrun for latest_only to 2025-12-09 12:00:00+00:00, run_after=2025-12-09 16:00:00+00:00
[2025-12-09T19:18:36.721+0000] {processor.py:208} INFO - Processing /home/airflow/.local/lib/python3.12/site-packages/airflow/example_dags/example_latest_only.py took 0.166 seconds
[2025-12-09T19:19:06.788+0000] {processor.py:186} INFO - Started process (PID=560) to work on /home/airflow/.local/lib/python3.12/site-packages/airflow/example_dags/example_latest_only.py
[2025-12-09T19:19:06.823+0000] {processor.py:914} INFO - Processing file /home/airflow/.local/lib/python3.12/site-packages/airflow/example_dags/example_latest_only.py for tasks to queue
[2025-12-09T19:19:06.829+0000] {logging_mixin.py:190} INFO - [2025-12-09T19:19:06.827+0000] {dagbag.py:587} INFO - Filling up the DagBag from /home/airflow/.local/lib/python3.12/site-packages/airflow/example_dags/example_latest_only.py
[2025-12-09T19:19:06.842+0000] {processor.py:925} INFO - DAG(s) 'latest_only' retrieved from /home/airflow/.local/lib/python3.12/site-packages/airflow/example_dags/example_latest_only.py
[2025-12-09T19:19:06.882+0000] {logging_mixin.py:190} INFO - [2025-12-09T19:19:06.881+0000] {dag.py:3229} INFO - Sync 1 DAGs
[2025-12-09T19:19:06.925+0000] {logging_mixin.py:190} INFO - [2025-12-09T19:19:06.924+0000] {dag.py:4156} INFO - Setting next_dagrun for latest_only to 2025-12-09 12:00:00+00:00, run_after=2025-12-09 16:00:00+00:00
[2025-12-09T19:19:06.998+0000] {processor.py:208} INFO - Processing /home/airflow/.local/lib/python3.12/site-packages/airflow/example_dags/example_latest_only.py took 0.223 seconds
[2025-12-09T19:19:33.504+0000] {processor.py:186} INFO - Started process (PID=622) to work on /home/airflow/.local/lib/python3.12/site-packages/airflow/example_dags/example_latest_only.py
[2025-12-09T19:19:33.506+0000] {processor.py:914} INFO - Processing file /home/airflow/.local/lib/python3.12/site-packages/airflow/example_dags/example_latest_only.py for tasks to queue
[2025-12-09T19:19:33.511+0000] {logging_mixin.py:190} INFO - [2025-12-09T19:19:33.511+0000] {dagbag.py:587} INFO - Filling up the DagBag from /home/airflow/.local/lib/python3.12/site-packages/airflow/example_dags/example_latest_only.py
[2025-12-09T19:19:33.524+0000] {processor.py:925} INFO - DAG(s) 'latest_only' retrieved from /home/airflow/.local/lib/python3.12/site-packages/airflow/example_dags/example_latest_only.py
[2025-12-09T19:19:33.561+0000] {logging_mixin.py:190} INFO - [2025-12-09T19:19:33.560+0000] {dag.py:3229} INFO - Sync 1 DAGs
[2025-12-09T19:19:33.596+0000] {logging_mixin.py:190} INFO - [2025-12-09T19:19:33.596+0000] {dag.py:4156} INFO - Setting next_dagrun for latest_only to 2025-12-09 12:00:00+00:00, run_after=2025-12-09 16:00:00+00:00
[2025-12-09T19:19:33.624+0000] {processor.py:208} INFO - Processing /home/airflow/.local/lib/python3.12/site-packages/airflow/example_dags/example_latest_only.py took 0.133 seconds
[2025-12-09T19:19:58.489+0000] {processor.py:186} INFO - Started process (PID=682) to work on /home/airflow/.local/lib/python3.12/site-packages/airflow/example_dags/example_latest_only.py
[2025-12-09T19:19:58.491+0000] {processor.py:914} INFO - Processing file /home/airflow/.local/lib/python3.12/site-packages/airflow/example_dags/example_latest_only.py for tasks to queue
[2025-12-09T19:19:58.496+0000] {logging_mixin.py:190} INFO - [2025-12-09T19:19:58.495+0000] {dagbag.py:587} INFO - Filling up the DagBag from /home/airflow/.local/lib/python3.12/site-packages/airflow/example_dags/example_latest_only.py
[2025-12-09T19:19:58.510+0000] {processor.py:925} INFO - DAG(s) 'latest_only' retrieved from /home/airflow/.local/lib/python3.12/site-packages/airflow/example_dags/example_latest_only.py
[2025-12-09T19:19:58.550+0000] {logging_mixin.py:190} INFO - [2025-12-09T19:19:58.549+0000] {dag.py:3229} INFO - Sync 1 DAGs
[2025-12-09T19:19:58.583+0000] {logging_mixin.py:190} INFO - [2025-12-09T19:19:58.582+0000] {dag.py:4156} INFO - Setting next_dagrun for latest_only to 2025-12-09 12:00:00+00:00, run_after=2025-12-09 16:00:00+00:00
[2025-12-09T19:19:58.641+0000] {processor.py:208} INFO - Processing /home/airflow/.local/lib/python3.12/site-packages/airflow/example_dags/example_latest_only.py took 0.164 seconds
[2025-12-09T19:20:28.539+0000] {processor.py:186} INFO - Started process (PID=737) to work on /home/airflow/.local/lib/python3.12/site-packages/airflow/example_dags/example_latest_only.py
[2025-12-09T19:20:28.551+0000] {processor.py:914} INFO - Processing file /home/airflow/.local/lib/python3.12/site-packages/airflow/example_dags/example_latest_only.py for tasks to queue
[2025-12-09T19:20:28.555+0000] {logging_mixin.py:190} INFO - [2025-12-09T19:20:28.555+0000] {dagbag.py:587} INFO - Filling up the DagBag from /home/airflow/.local/lib/python3.12/site-packages/airflow/example_dags/example_latest_only.py
[2025-12-09T19:20:28.568+0000] {processor.py:925} INFO - DAG(s) 'latest_only' retrieved from /home/airflow/.local/lib/python3.12/site-packages/airflow/example_dags/example_latest_only.py
[2025-12-09T19:20:28.610+0000] {logging_mixin.py:190} INFO - [2025-12-09T19:20:28.610+0000] {dag.py:3229} INFO - Sync 1 DAGs
[2025-12-09T19:20:28.658+0000] {logging_mixin.py:190} INFO - [2025-12-09T19:20:28.658+0000] {dag.py:4156} INFO - Setting next_dagrun for latest_only to 2025-12-09 12:00:00+00:00, run_after=2025-12-09 16:00:00+00:00
[2025-12-09T19:20:28.691+0000] {processor.py:208} INFO - Processing /home/airflow/.local/lib/python3.12/site-packages/airflow/example_dags/example_latest_only.py took 0.162 seconds
[2025-12-09T19:21:06.924+0000] {processor.py:186} INFO - Started process (PID=795) to work on /home/airflow/.local/lib/python3.12/site-packages/airflow/example_dags/example_latest_only.py
[2025-12-09T19:21:06.959+0000] {processor.py:914} INFO - Processing file /home/airflow/.local/lib/python3.12/site-packages/airflow/example_dags/example_latest_only.py for tasks to queue
[2025-12-09T19:21:06.965+0000] {logging_mixin.py:190} INFO - [2025-12-09T19:21:06.964+0000] {dagbag.py:587} INFO - Filling up the DagBag from /home/airflow/.local/lib/python3.12/site-packages/airflow/example_dags/example_latest_only.py
[2025-12-09T19:21:06.976+0000] {processor.py:925} INFO - DAG(s) 'latest_only' retrieved from /home/airflow/.local/lib/python3.12/site-packages/airflow/example_dags/example_latest_only.py
[2025-12-09T19:21:07.012+0000] {logging_mixin.py:190} INFO - [2025-12-09T19:21:07.012+0000] {dag.py:3229} INFO - Sync 1 DAGs
[2025-12-09T19:21:07.049+0000] {logging_mixin.py:190} INFO - [2025-12-09T19:21:07.048+0000] {dag.py:4156} INFO - Setting next_dagrun for latest_only to 2025-12-09 12:00:00+00:00, run_after=2025-12-09 16:00:00+00:00
[2025-12-09T19:21:07.093+0000] {processor.py:208} INFO - Processing /home/airflow/.local/lib/python3.12/site-packages/airflow/example_dags/example_latest_only.py took 0.179 seconds
[2025-12-09T19:21:37.365+0000] {processor.py:186} INFO - Started process (PID=885) to work on /home/airflow/.local/lib/python3.12/site-packages/airflow/example_dags/example_latest_only.py
[2025-12-09T19:21:37.396+0000] {processor.py:914} INFO - Processing file /home/airflow/.local/lib/python3.12/site-packages/airflow/example_dags/example_latest_only.py for tasks to queue
[2025-12-09T19:21:37.401+0000] {logging_mixin.py:190} INFO - [2025-12-09T19:21:37.400+0000] {dagbag.py:587} INFO - Filling up the DagBag from /home/airflow/.local/lib/python3.12/site-packages/airflow/example_dags/example_latest_only.py
[2025-12-09T19:21:37.413+0000] {processor.py:925} INFO - DAG(s) 'latest_only' retrieved from /home/airflow/.local/lib/python3.12/site-packages/airflow/example_dags/example_latest_only.py
[2025-12-09T19:21:37.446+0000] {logging_mixin.py:190} INFO - [2025-12-09T19:21:37.446+0000] {dag.py:3229} INFO - Sync 1 DAGs
[2025-12-09T19:21:37.489+0000] {logging_mixin.py:190} INFO - [2025-12-09T19:21:37.489+0000] {dag.py:4156} INFO - Setting next_dagrun for latest_only to 2025-12-09 12:00:00+00:00, run_after=2025-12-09 16:00:00+00:00
[2025-12-09T19:21:37.551+0000] {processor.py:208} INFO - Processing /home/airflow/.local/lib/python3.12/site-packages/airflow/example_dags/example_latest_only.py took 0.195 seconds
[2025-12-09T19:22:02.158+0000] {processor.py:186} INFO - Started process (PID=947) to work on /home/airflow/.local/lib/python3.12/site-packages/airflow/example_dags/example_latest_only.py
[2025-12-09T19:22:02.160+0000] {processor.py:914} INFO - Processing file /home/airflow/.local/lib/python3.12/site-packages/airflow/example_dags/example_latest_only.py for tasks to queue
[2025-12-09T19:22:02.163+0000] {logging_mixin.py:190} INFO - [2025-12-09T19:22:02.162+0000] {dagbag.py:587} INFO - Filling up the DagBag from /home/airflow/.local/lib/python3.12/site-packages/airflow/example_dags/example_latest_only.py
[2025-12-09T19:22:02.173+0000] {processor.py:925} INFO - DAG(s) 'latest_only' retrieved from /home/airflow/.local/lib/python3.12/site-packages/airflow/example_dags/example_latest_only.py
[2025-12-09T19:22:02.205+0000] {logging_mixin.py:190} INFO - [2025-12-09T19:22:02.204+0000] {dag.py:3229} INFO - Sync 1 DAGs
[2025-12-09T19:22:02.236+0000] {logging_mixin.py:190} INFO - [2025-12-09T19:22:02.236+0000] {dag.py:4156} INFO - Setting next_dagrun for latest_only to 2025-12-09 12:00:00+00:00, run_after=2025-12-09 16:00:00+00:00
[2025-12-09T19:22:02.295+0000] {processor.py:208} INFO - Processing /home/airflow/.local/lib/python3.12/site-packages/airflow/example_dags/example_latest_only.py took 0.147 seconds
[2025-12-09T19:22:22.435+0000] {processor.py:186} INFO - Started process (PID=1003) to work on /home/airflow/.local/lib/python3.12/site-packages/airflow/example_dags/example_latest_only.py
[2025-12-09T19:22:22.458+0000] {processor.py:914} INFO - Processing file /home/airflow/.local/lib/python3.12/site-packages/airflow/example_dags/example_latest_only.py for tasks to queue
[2025-12-09T19:22:22.462+0000] {logging_mixin.py:190} INFO - [2025-12-09T19:22:22.461+0000] {dagbag.py:587} INFO - Filling up the DagBag from /home/airflow/.local/lib/python3.12/site-packages/airflow/example_dags/example_latest_only.py
[2025-12-09T19:22:22.474+0000] {processor.py:925} INFO - DAG(s) 'latest_only' retrieved from /home/airflow/.local/lib/python3.12/site-packages/airflow/example_dags/example_latest_only.py
[2025-12-09T19:22:22.508+0000] {logging_mixin.py:190} INFO - [2025-12-09T19:22:22.508+0000] {dag.py:3229} INFO - Sync 1 DAGs
[2025-12-09T19:22:22.549+0000] {logging_mixin.py:190} INFO - [2025-12-09T19:22:22.548+0000] {dag.py:4156} INFO - Setting next_dagrun for latest_only to 2025-12-09 12:00:00+00:00, run_after=2025-12-09 16:00:00+00:00
[2025-12-09T19:22:22.576+0000] {processor.py:208} INFO - Processing /home/airflow/.local/lib/python3.12/site-packages/airflow/example_dags/example_latest_only.py took 0.151 seconds
[2025-12-09T19:22:52.721+0000] {processor.py:186} INFO - Started process (PID=1048) to work on /home/airflow/.local/lib/python3.12/site-packages/airflow/example_dags/example_latest_only.py
[2025-12-09T19:22:52.739+0000] {processor.py:914} INFO - Processing file /home/airflow/.local/lib/python3.12/site-packages/airflow/example_dags/example_latest_only.py for tasks to queue
[2025-12-09T19:22:52.743+0000] {logging_mixin.py:190} INFO - [2025-12-09T19:22:52.743+0000] {dagbag.py:587} INFO - Filling up the DagBag from /home/airflow/.local/lib/python3.12/site-packages/airflow/example_dags/example_latest_only.py
[2025-12-09T19:22:52.756+0000] {processor.py:925} INFO - DAG(s) 'latest_only' retrieved from /home/airflow/.local/lib/python3.12/site-packages/airflow/example_dags/example_latest_only.py
[2025-12-09T19:22:52.794+0000] {logging_mixin.py:190} INFO - [2025-12-09T19:22:52.793+0000] {dag.py:3229} INFO - Sync 1 DAGs
[2025-12-09T19:22:52.826+0000] {logging_mixin.py:190} INFO - [2025-12-09T19:22:52.825+0000] {dag.py:4156} INFO - Setting next_dagrun for latest_only to 2025-12-09 12:00:00+00:00, run_after=2025-12-09 16:00:00+00:00
[2025-12-09T19:22:52.853+0000] {processor.py:208} INFO - Processing /home/airflow/.local/lib/python3.12/site-packages/airflow/example_dags/example_latest_only.py took 0.143 seconds
[2025-12-09T19:23:23.730+0000] {processor.py:186} INFO - Started process (PID=1106) to work on /home/airflow/.local/lib/python3.12/site-packages/airflow/example_dags/example_latest_only.py
[2025-12-09T19:23:23.733+0000] {processor.py:914} INFO - Processing file /home/airflow/.local/lib/python3.12/site-packages/airflow/example_dags/example_latest_only.py for tasks to queue
[2025-12-09T19:23:23.736+0000] {logging_mixin.py:190} INFO - [2025-12-09T19:23:23.736+0000] {dagbag.py:587} INFO - Filling up the DagBag from /home/airflow/.local/lib/python3.12/site-packages/airflow/example_dags/example_latest_only.py
[2025-12-09T19:23:23.747+0000] {processor.py:925} INFO - DAG(s) 'latest_only' retrieved from /home/airflow/.local/lib/python3.12/site-packages/airflow/example_dags/example_latest_only.py
[2025-12-09T19:23:23.780+0000] {logging_mixin.py:190} INFO - [2025-12-09T19:23:23.780+0000] {dag.py:3229} INFO - Sync 1 DAGs
[2025-12-09T19:23:23.811+0000] {logging_mixin.py:190} INFO - [2025-12-09T19:23:23.811+0000] {dag.py:4156} INFO - Setting next_dagrun for latest_only to 2025-12-09 12:00:00+00:00, run_after=2025-12-09 16:00:00+00:00
[2025-12-09T19:23:23.836+0000] {processor.py:208} INFO - Processing /home/airflow/.local/lib/python3.12/site-packages/airflow/example_dags/example_latest_only.py took 0.114 seconds
[2025-12-09T19:23:54.849+0000] {processor.py:186} INFO - Started process (PID=1174) to work on /home/airflow/.local/lib/python3.12/site-packages/airflow/example_dags/example_latest_only.py
[2025-12-09T19:23:54.864+0000] {processor.py:914} INFO - Processing file /home/airflow/.local/lib/python3.12/site-packages/airflow/example_dags/example_latest_only.py for tasks to queue
[2025-12-09T19:23:54.869+0000] {logging_mixin.py:190} INFO - [2025-12-09T19:23:54.869+0000] {dagbag.py:587} INFO - Filling up the DagBag from /home/airflow/.local/lib/python3.12/site-packages/airflow/example_dags/example_latest_only.py
[2025-12-09T19:23:54.889+0000] {processor.py:925} INFO - DAG(s) 'latest_only' retrieved from /home/airflow/.local/lib/python3.12/site-packages/airflow/example_dags/example_latest_only.py
[2025-12-09T19:23:54.924+0000] {logging_mixin.py:190} INFO - [2025-12-09T19:23:54.923+0000] {dag.py:3229} INFO - Sync 1 DAGs
[2025-12-09T19:23:54.965+0000] {logging_mixin.py:190} INFO - [2025-12-09T19:23:54.964+0000] {dag.py:4156} INFO - Setting next_dagrun for latest_only to 2025-12-09 12:00:00+00:00, run_after=2025-12-09 16:00:00+00:00
[2025-12-09T19:23:54.997+0000] {processor.py:208} INFO - Processing /home/airflow/.local/lib/python3.12/site-packages/airflow/example_dags/example_latest_only.py took 0.157 seconds
[2025-12-09T19:24:20.679+0000] {processor.py:186} INFO - Started process (PID=1233) to work on /home/airflow/.local/lib/python3.12/site-packages/airflow/example_dags/example_latest_only.py
[2025-12-09T19:24:20.703+0000] {processor.py:914} INFO - Processing file /home/airflow/.local/lib/python3.12/site-packages/airflow/example_dags/example_latest_only.py for tasks to queue
[2025-12-09T19:24:20.707+0000] {logging_mixin.py:190} INFO - [2025-12-09T19:24:20.707+0000] {dagbag.py:587} INFO - Filling up the DagBag from /home/airflow/.local/lib/python3.12/site-packages/airflow/example_dags/example_latest_only.py
[2025-12-09T19:24:20.719+0000] {processor.py:925} INFO - DAG(s) 'latest_only' retrieved from /home/airflow/.local/lib/python3.12/site-packages/airflow/example_dags/example_latest_only.py
[2025-12-09T19:24:20.755+0000] {logging_mixin.py:190} INFO - [2025-12-09T19:24:20.755+0000] {dag.py:3229} INFO - Sync 1 DAGs
[2025-12-09T19:24:20.791+0000] {logging_mixin.py:190} INFO - [2025-12-09T19:24:20.790+0000] {dag.py:4156} INFO - Setting next_dagrun for latest_only to 2025-12-09 12:00:00+00:00, run_after=2025-12-09 16:00:00+00:00
[2025-12-09T19:24:20.865+0000] {processor.py:208} INFO - Processing /home/airflow/.local/lib/python3.12/site-packages/airflow/example_dags/example_latest_only.py took 0.195 seconds
[2025-12-09T19:24:51.179+0000] {processor.py:186} INFO - Started process (PID=1296) to work on /home/airflow/.local/lib/python3.12/site-packages/airflow/example_dags/example_latest_only.py
[2025-12-09T19:24:51.190+0000] {processor.py:914} INFO - Processing file /home/airflow/.local/lib/python3.12/site-packages/airflow/example_dags/example_latest_only.py for tasks to queue
[2025-12-09T19:24:51.193+0000] {logging_mixin.py:190} INFO - [2025-12-09T19:24:51.193+0000] {dagbag.py:587} INFO - Filling up the DagBag from /home/airflow/.local/lib/python3.12/site-packages/airflow/example_dags/example_latest_only.py
[2025-12-09T19:24:51.203+0000] {processor.py:925} INFO - DAG(s) 'latest_only' retrieved from /home/airflow/.local/lib/python3.12/site-packages/airflow/example_dags/example_latest_only.py
[2025-12-09T19:24:51.234+0000] {logging_mixin.py:190} INFO - [2025-12-09T19:24:51.234+0000] {dag.py:3229} INFO - Sync 1 DAGs
[2025-12-09T19:24:51.271+0000] {logging_mixin.py:190} INFO - [2025-12-09T19:24:51.270+0000] {dag.py:4156} INFO - Setting next_dagrun for latest_only to 2025-12-09 12:00:00+00:00, run_after=2025-12-09 16:00:00+00:00
[2025-12-09T19:24:51.329+0000] {processor.py:208} INFO - Processing /home/airflow/.local/lib/python3.12/site-packages/airflow/example_dags/example_latest_only.py took 0.160 seconds
[2025-12-09T19:25:21.379+0000] {processor.py:186} INFO - Started process (PID=1356) to work on /home/airflow/.local/lib/python3.12/site-packages/airflow/example_dags/example_latest_only.py
[2025-12-09T19:25:21.410+0000] {processor.py:914} INFO - Processing file /home/airflow/.local/lib/python3.12/site-packages/airflow/example_dags/example_latest_only.py for tasks to queue
[2025-12-09T19:25:21.414+0000] {logging_mixin.py:190} INFO - [2025-12-09T19:25:21.414+0000] {dagbag.py:587} INFO - Filling up the DagBag from /home/airflow/.local/lib/python3.12/site-packages/airflow/example_dags/example_latest_only.py
[2025-12-09T19:25:21.427+0000] {processor.py:925} INFO - DAG(s) 'latest_only' retrieved from /home/airflow/.local/lib/python3.12/site-packages/airflow/example_dags/example_latest_only.py
[2025-12-09T19:25:21.465+0000] {logging_mixin.py:190} INFO - [2025-12-09T19:25:21.464+0000] {dag.py:3229} INFO - Sync 1 DAGs
[2025-12-09T19:25:21.499+0000] {logging_mixin.py:190} INFO - [2025-12-09T19:25:21.499+0000] {dag.py:4156} INFO - Setting next_dagrun for latest_only to 2025-12-09 12:00:00+00:00, run_after=2025-12-09 16:00:00+00:00
[2025-12-09T19:25:21.562+0000] {processor.py:208} INFO - Processing /home/airflow/.local/lib/python3.12/site-packages/airflow/example_dags/example_latest_only.py took 0.192 seconds
[2025-12-09T19:25:46.099+0000] {processor.py:186} INFO - Started process (PID=1416) to work on /home/airflow/.local/lib/python3.12/site-packages/airflow/example_dags/example_latest_only.py
[2025-12-09T19:25:46.130+0000] {processor.py:914} INFO - Processing file /home/airflow/.local/lib/python3.12/site-packages/airflow/example_dags/example_latest_only.py for tasks to queue
[2025-12-09T19:25:46.134+0000] {logging_mixin.py:190} INFO - [2025-12-09T19:25:46.134+0000] {dagbag.py:587} INFO - Filling up the DagBag from /home/airflow/.local/lib/python3.12/site-packages/airflow/example_dags/example_latest_only.py
[2025-12-09T19:25:46.147+0000] {processor.py:925} INFO - DAG(s) 'latest_only' retrieved from /home/airflow/.local/lib/python3.12/site-packages/airflow/example_dags/example_latest_only.py
[2025-12-09T19:25:46.186+0000] {logging_mixin.py:190} INFO - [2025-12-09T19:25:46.185+0000] {dag.py:3229} INFO - Sync 1 DAGs
[2025-12-09T19:25:46.229+0000] {logging_mixin.py:190} INFO - [2025-12-09T19:25:46.228+0000] {dag.py:4156} INFO - Setting next_dagrun for latest_only to 2025-12-09 12:00:00+00:00, run_after=2025-12-09 16:00:00+00:00
[2025-12-09T19:25:46.262+0000] {processor.py:208} INFO - Processing /home/airflow/.local/lib/python3.12/site-packages/airflow/example_dags/example_latest_only.py took 0.173 seconds
