[2025-12-09T19:15:46.531+0000] {processor.py:186} INFO - Started process (PID=117) to work on /home/airflow/.local/lib/python3.12/site-packages/airflow/example_dags/example_dag_decorator.py
[2025-12-09T19:15:46.532+0000] {processor.py:914} INFO - Processing file /home/airflow/.local/lib/python3.12/site-packages/airflow/example_dags/example_dag_decorator.py for tasks to queue
[2025-12-09T19:15:46.536+0000] {logging_mixin.py:190} INFO - [2025-12-09T19:15:46.536+0000] {dagbag.py:587} INFO - Filling up the DagBag from /home/airflow/.local/lib/python3.12/site-packages/airflow/example_dags/example_dag_decorator.py
[2025-12-09T19:15:46.558+0000] {processor.py:925} INFO - DAG(s) 'example_dag_decorator' retrieved from /home/airflow/.local/lib/python3.12/site-packages/airflow/example_dags/example_dag_decorator.py
[2025-12-09T19:15:46.752+0000] {logging_mixin.py:190} INFO - [2025-12-09T19:15:46.750+0000] {override.py:1900} INFO - Created Permission View: can read on DAG:example_dag_decorator
[2025-12-09T19:15:38.159+0000] {logging_mixin.py:190} INFO - [2025-12-09T19:15:38.158+0000] {override.py:1900} INFO - Created Permission View: can delete on DAG:example_dag_decorator
[2025-12-09T19:15:38.170+0000] {logging_mixin.py:190} INFO - [2025-12-09T19:15:38.169+0000] {override.py:1900} INFO - Created Permission View: can edit on DAG:example_dag_decorator
[2025-12-09T19:15:38.185+0000] {logging_mixin.py:190} INFO - [2025-12-09T19:15:38.184+0000] {override.py:1900} INFO - Created Permission View: can read on DAG Run:example_dag_decorator
[2025-12-09T19:15:38.196+0000] {logging_mixin.py:190} INFO - [2025-12-09T19:15:38.196+0000] {override.py:1900} INFO - Created Permission View: can delete on DAG Run:example_dag_decorator
[2025-12-09T19:15:38.207+0000] {logging_mixin.py:190} INFO - [2025-12-09T19:15:38.207+0000] {override.py:1900} INFO - Created Permission View: menu access on DAG Run:example_dag_decorator
[2025-12-09T19:15:38.219+0000] {logging_mixin.py:190} INFO - [2025-12-09T19:15:38.218+0000] {override.py:1900} INFO - Created Permission View: can create on DAG Run:example_dag_decorator
[2025-12-09T19:15:38.220+0000] {logging_mixin.py:190} INFO - [2025-12-09T19:15:38.219+0000] {dag.py:3229} INFO - Sync 1 DAGs
[2025-12-09T19:15:38.242+0000] {logging_mixin.py:190} INFO - [2025-12-09T19:15:38.241+0000] {dag.py:3252} INFO - Creating ORM DAG for example_dag_decorator
[2025-12-09T19:15:38.243+0000] {logging_mixin.py:190} INFO - [2025-12-09T19:15:38.243+0000] {dag.py:4156} INFO - Setting next_dagrun for example_dag_decorator to None, run_after=None
[2025-12-09T19:15:38.268+0000] {processor.py:208} INFO - Processing /home/airflow/.local/lib/python3.12/site-packages/airflow/example_dags/example_dag_decorator.py took 0.358 seconds
[2025-12-09T19:16:06.663+0000] {processor.py:186} INFO - Started process (PID=177) to work on /home/airflow/.local/lib/python3.12/site-packages/airflow/example_dags/example_dag_decorator.py
[2025-12-09T19:16:06.669+0000] {processor.py:914} INFO - Processing file /home/airflow/.local/lib/python3.12/site-packages/airflow/example_dags/example_dag_decorator.py for tasks to queue
[2025-12-09T19:16:06.672+0000] {logging_mixin.py:190} INFO - [2025-12-09T19:16:06.672+0000] {dagbag.py:587} INFO - Filling up the DagBag from /home/airflow/.local/lib/python3.12/site-packages/airflow/example_dags/example_dag_decorator.py
[2025-12-09T19:16:06.691+0000] {processor.py:925} INFO - DAG(s) 'example_dag_decorator' retrieved from /home/airflow/.local/lib/python3.12/site-packages/airflow/example_dags/example_dag_decorator.py
[2025-12-09T19:16:06.712+0000] {logging_mixin.py:190} INFO - [2025-12-09T19:16:06.711+0000] {dag.py:3229} INFO - Sync 1 DAGs
[2025-12-09T19:16:06.733+0000] {logging_mixin.py:190} INFO - [2025-12-09T19:16:06.733+0000] {dag.py:4156} INFO - Setting next_dagrun for example_dag_decorator to None, run_after=None
[2025-12-09T19:16:06.764+0000] {processor.py:208} INFO - Processing /home/airflow/.local/lib/python3.12/site-packages/airflow/example_dags/example_dag_decorator.py took 0.111 seconds
[2025-12-09T19:16:37.617+0000] {processor.py:186} INFO - Started process (PID=236) to work on /home/airflow/.local/lib/python3.12/site-packages/airflow/example_dags/example_dag_decorator.py
[2025-12-09T19:16:37.633+0000] {processor.py:914} INFO - Processing file /home/airflow/.local/lib/python3.12/site-packages/airflow/example_dags/example_dag_decorator.py for tasks to queue
[2025-12-09T19:16:37.637+0000] {logging_mixin.py:190} INFO - [2025-12-09T19:16:37.636+0000] {dagbag.py:587} INFO - Filling up the DagBag from /home/airflow/.local/lib/python3.12/site-packages/airflow/example_dags/example_dag_decorator.py
[2025-12-09T19:16:37.657+0000] {processor.py:925} INFO - DAG(s) 'example_dag_decorator' retrieved from /home/airflow/.local/lib/python3.12/site-packages/airflow/example_dags/example_dag_decorator.py
[2025-12-09T19:16:37.849+0000] {logging_mixin.py:190} INFO - [2025-12-09T19:16:37.849+0000] {dag.py:3229} INFO - Sync 1 DAGs
[2025-12-09T19:16:37.867+0000] {logging_mixin.py:190} INFO - [2025-12-09T19:16:37.866+0000] {dag.py:4156} INFO - Setting next_dagrun for example_dag_decorator to None, run_after=None
[2025-12-09T19:16:37.927+0000] {processor.py:208} INFO - Processing /home/airflow/.local/lib/python3.12/site-packages/airflow/example_dags/example_dag_decorator.py took 0.321 seconds
[2025-12-09T19:17:02.900+0000] {processor.py:186} INFO - Started process (PID=295) to work on /home/airflow/.local/lib/python3.12/site-packages/airflow/example_dags/example_dag_decorator.py
[2025-12-09T19:17:02.902+0000] {processor.py:914} INFO - Processing file /home/airflow/.local/lib/python3.12/site-packages/airflow/example_dags/example_dag_decorator.py for tasks to queue
[2025-12-09T19:17:02.906+0000] {logging_mixin.py:190} INFO - [2025-12-09T19:17:02.905+0000] {dagbag.py:587} INFO - Filling up the DagBag from /home/airflow/.local/lib/python3.12/site-packages/airflow/example_dags/example_dag_decorator.py
[2025-12-09T19:17:02.924+0000] {processor.py:925} INFO - DAG(s) 'example_dag_decorator' retrieved from /home/airflow/.local/lib/python3.12/site-packages/airflow/example_dags/example_dag_decorator.py
[2025-12-09T19:17:11.436+0000] {logging_mixin.py:190} INFO - [2025-12-09T19:17:11.436+0000] {dag.py:3229} INFO - Sync 1 DAGs
[2025-12-09T19:17:11.456+0000] {logging_mixin.py:190} INFO - [2025-12-09T19:17:11.456+0000] {dag.py:4156} INFO - Setting next_dagrun for example_dag_decorator to None, run_after=None
[2025-12-09T19:17:11.486+0000] {processor.py:208} INFO - Processing /home/airflow/.local/lib/python3.12/site-packages/airflow/example_dags/example_dag_decorator.py took 0.104 seconds
[2025-12-09T19:17:39.059+0000] {processor.py:186} INFO - Started process (PID=371) to work on /home/airflow/.local/lib/python3.12/site-packages/airflow/example_dags/example_dag_decorator.py
[2025-12-09T19:17:39.062+0000] {processor.py:914} INFO - Processing file /home/airflow/.local/lib/python3.12/site-packages/airflow/example_dags/example_dag_decorator.py for tasks to queue
[2025-12-09T19:17:39.065+0000] {logging_mixin.py:190} INFO - [2025-12-09T19:17:39.064+0000] {dagbag.py:587} INFO - Filling up the DagBag from /home/airflow/.local/lib/python3.12/site-packages/airflow/example_dags/example_dag_decorator.py
[2025-12-09T19:17:39.084+0000] {processor.py:925} INFO - DAG(s) 'example_dag_decorator' retrieved from /home/airflow/.local/lib/python3.12/site-packages/airflow/example_dags/example_dag_decorator.py
[2025-12-09T19:17:39.250+0000] {logging_mixin.py:190} INFO - [2025-12-09T19:17:39.249+0000] {dag.py:3229} INFO - Sync 1 DAGs
[2025-12-09T19:17:39.266+0000] {logging_mixin.py:190} INFO - [2025-12-09T19:17:39.266+0000] {dag.py:4156} INFO - Setting next_dagrun for example_dag_decorator to None, run_after=None
[2025-12-09T19:17:39.296+0000] {processor.py:208} INFO - Processing /home/airflow/.local/lib/python3.12/site-packages/airflow/example_dags/example_dag_decorator.py took 0.248 seconds
[2025-12-09T19:18:05.319+0000] {processor.py:186} INFO - Started process (PID=434) to work on /home/airflow/.local/lib/python3.12/site-packages/airflow/example_dags/example_dag_decorator.py
[2025-12-09T19:18:05.353+0000] {processor.py:914} INFO - Processing file /home/airflow/.local/lib/python3.12/site-packages/airflow/example_dags/example_dag_decorator.py for tasks to queue
[2025-12-09T19:18:05.356+0000] {logging_mixin.py:190} INFO - [2025-12-09T19:18:05.356+0000] {dagbag.py:587} INFO - Filling up the DagBag from /home/airflow/.local/lib/python3.12/site-packages/airflow/example_dags/example_dag_decorator.py
[2025-12-09T19:18:05.375+0000] {processor.py:925} INFO - DAG(s) 'example_dag_decorator' retrieved from /home/airflow/.local/lib/python3.12/site-packages/airflow/example_dags/example_dag_decorator.py
[2025-12-09T19:18:05.399+0000] {logging_mixin.py:190} INFO - [2025-12-09T19:18:05.399+0000] {dag.py:3229} INFO - Sync 1 DAGs
[2025-12-09T19:18:05.426+0000] {logging_mixin.py:190} INFO - [2025-12-09T19:18:05.426+0000] {dag.py:4156} INFO - Setting next_dagrun for example_dag_decorator to None, run_after=None
[2025-12-09T19:18:05.491+0000] {processor.py:208} INFO - Processing /home/airflow/.local/lib/python3.12/site-packages/airflow/example_dags/example_dag_decorator.py took 0.182 seconds
[2025-12-09T19:18:35.949+0000] {processor.py:186} INFO - Started process (PID=495) to work on /home/airflow/.local/lib/python3.12/site-packages/airflow/example_dags/example_dag_decorator.py
[2025-12-09T19:18:35.983+0000] {processor.py:914} INFO - Processing file /home/airflow/.local/lib/python3.12/site-packages/airflow/example_dags/example_dag_decorator.py for tasks to queue
[2025-12-09T19:18:35.988+0000] {logging_mixin.py:190} INFO - [2025-12-09T19:18:35.987+0000] {dagbag.py:587} INFO - Filling up the DagBag from /home/airflow/.local/lib/python3.12/site-packages/airflow/example_dags/example_dag_decorator.py
[2025-12-09T19:18:36.009+0000] {processor.py:925} INFO - DAG(s) 'example_dag_decorator' retrieved from /home/airflow/.local/lib/python3.12/site-packages/airflow/example_dags/example_dag_decorator.py
[2025-12-09T19:18:36.181+0000] {logging_mixin.py:190} INFO - [2025-12-09T19:18:36.180+0000] {dag.py:3229} INFO - Sync 1 DAGs
[2025-12-09T19:18:36.213+0000] {logging_mixin.py:190} INFO - [2025-12-09T19:18:36.212+0000] {dag.py:4156} INFO - Setting next_dagrun for example_dag_decorator to None, run_after=None
[2025-12-09T19:18:36.271+0000] {processor.py:208} INFO - Processing /home/airflow/.local/lib/python3.12/site-packages/airflow/example_dags/example_dag_decorator.py took 0.333 seconds
[2025-12-09T19:19:00.992+0000] {processor.py:186} INFO - Started process (PID=557) to work on /home/airflow/.local/lib/python3.12/site-packages/airflow/example_dags/example_dag_decorator.py
[2025-12-09T19:19:01.023+0000] {processor.py:914} INFO - Processing file /home/airflow/.local/lib/python3.12/site-packages/airflow/example_dags/example_dag_decorator.py for tasks to queue
[2025-12-09T19:19:01.028+0000] {logging_mixin.py:190} INFO - [2025-12-09T19:19:01.028+0000] {dagbag.py:587} INFO - Filling up the DagBag from /home/airflow/.local/lib/python3.12/site-packages/airflow/example_dags/example_dag_decorator.py
[2025-12-09T19:19:01.049+0000] {processor.py:925} INFO - DAG(s) 'example_dag_decorator' retrieved from /home/airflow/.local/lib/python3.12/site-packages/airflow/example_dags/example_dag_decorator.py
[2025-12-09T19:19:01.070+0000] {logging_mixin.py:190} INFO - [2025-12-09T19:19:01.070+0000] {dag.py:3229} INFO - Sync 1 DAGs
[2025-12-09T19:19:01.095+0000] {logging_mixin.py:190} INFO - [2025-12-09T19:19:01.094+0000] {dag.py:4156} INFO - Setting next_dagrun for example_dag_decorator to None, run_after=None
[2025-12-09T19:19:01.157+0000] {processor.py:208} INFO - Processing /home/airflow/.local/lib/python3.12/site-packages/airflow/example_dags/example_dag_decorator.py took 0.176 seconds
[2025-12-09T19:19:26.736+0000] {processor.py:186} INFO - Started process (PID=610) to work on /home/airflow/.local/lib/python3.12/site-packages/airflow/example_dags/example_dag_decorator.py
[2025-12-09T19:19:26.767+0000] {processor.py:914} INFO - Processing file /home/airflow/.local/lib/python3.12/site-packages/airflow/example_dags/example_dag_decorator.py for tasks to queue
[2025-12-09T19:19:26.771+0000] {logging_mixin.py:190} INFO - [2025-12-09T19:19:26.771+0000] {dagbag.py:587} INFO - Filling up the DagBag from /home/airflow/.local/lib/python3.12/site-packages/airflow/example_dags/example_dag_decorator.py
[2025-12-09T19:19:26.790+0000] {processor.py:925} INFO - DAG(s) 'example_dag_decorator' retrieved from /home/airflow/.local/lib/python3.12/site-packages/airflow/example_dags/example_dag_decorator.py
[2025-12-09T19:19:26.985+0000] {logging_mixin.py:190} INFO - [2025-12-09T19:19:26.984+0000] {dag.py:3229} INFO - Sync 1 DAGs
[2025-12-09T19:19:27.003+0000] {logging_mixin.py:190} INFO - [2025-12-09T19:19:27.003+0000] {dag.py:4156} INFO - Setting next_dagrun for example_dag_decorator to None, run_after=None
[2025-12-09T19:19:27.045+0000] {processor.py:208} INFO - Processing /home/airflow/.local/lib/python3.12/site-packages/airflow/example_dags/example_dag_decorator.py took 0.318 seconds
[2025-12-09T19:19:57.606+0000] {processor.py:186} INFO - Started process (PID=670) to work on /home/airflow/.local/lib/python3.12/site-packages/airflow/example_dags/example_dag_decorator.py
[2025-12-09T19:19:57.624+0000] {processor.py:914} INFO - Processing file /home/airflow/.local/lib/python3.12/site-packages/airflow/example_dags/example_dag_decorator.py for tasks to queue
[2025-12-09T19:19:57.628+0000] {logging_mixin.py:190} INFO - [2025-12-09T19:19:57.628+0000] {dagbag.py:587} INFO - Filling up the DagBag from /home/airflow/.local/lib/python3.12/site-packages/airflow/example_dags/example_dag_decorator.py
[2025-12-09T19:19:57.648+0000] {processor.py:925} INFO - DAG(s) 'example_dag_decorator' retrieved from /home/airflow/.local/lib/python3.12/site-packages/airflow/example_dags/example_dag_decorator.py
[2025-12-09T19:19:57.811+0000] {logging_mixin.py:190} INFO - [2025-12-09T19:19:57.810+0000] {dag.py:3229} INFO - Sync 1 DAGs
[2025-12-09T19:19:57.829+0000] {logging_mixin.py:190} INFO - [2025-12-09T19:19:57.828+0000] {dag.py:4156} INFO - Setting next_dagrun for example_dag_decorator to None, run_after=None
[2025-12-09T19:19:57.888+0000] {processor.py:208} INFO - Processing /home/airflow/.local/lib/python3.12/site-packages/airflow/example_dags/example_dag_decorator.py took 0.291 seconds
[2025-12-09T19:20:28.341+0000] {processor.py:186} INFO - Started process (PID=732) to work on /home/airflow/.local/lib/python3.12/site-packages/airflow/example_dags/example_dag_decorator.py
[2025-12-09T19:20:28.342+0000] {processor.py:914} INFO - Processing file /home/airflow/.local/lib/python3.12/site-packages/airflow/example_dags/example_dag_decorator.py for tasks to queue
[2025-12-09T19:20:28.347+0000] {logging_mixin.py:190} INFO - [2025-12-09T19:20:28.347+0000] {dagbag.py:587} INFO - Filling up the DagBag from /home/airflow/.local/lib/python3.12/site-packages/airflow/example_dags/example_dag_decorator.py
[2025-12-09T19:20:28.373+0000] {processor.py:925} INFO - DAG(s) 'example_dag_decorator' retrieved from /home/airflow/.local/lib/python3.12/site-packages/airflow/example_dags/example_dag_decorator.py
[2025-12-09T19:20:28.573+0000] {logging_mixin.py:190} INFO - [2025-12-09T19:20:28.573+0000] {dag.py:3229} INFO - Sync 1 DAGs
[2025-12-09T19:20:28.594+0000] {logging_mixin.py:190} INFO - [2025-12-09T19:20:28.594+0000] {dag.py:4156} INFO - Setting next_dagrun for example_dag_decorator to None, run_after=None
[2025-12-09T19:20:28.661+0000] {processor.py:208} INFO - Processing /home/airflow/.local/lib/python3.12/site-packages/airflow/example_dags/example_dag_decorator.py took 0.331 seconds
[2025-12-09T19:20:58.779+0000] {processor.py:186} INFO - Started process (PID=794) to work on /home/airflow/.local/lib/python3.12/site-packages/airflow/example_dags/example_dag_decorator.py
[2025-12-09T19:20:58.795+0000] {processor.py:914} INFO - Processing file /home/airflow/.local/lib/python3.12/site-packages/airflow/example_dags/example_dag_decorator.py for tasks to queue
[2025-12-09T19:20:58.802+0000] {logging_mixin.py:190} INFO - [2025-12-09T19:20:58.801+0000] {dagbag.py:587} INFO - Filling up the DagBag from /home/airflow/.local/lib/python3.12/site-packages/airflow/example_dags/example_dag_decorator.py
[2025-12-09T19:20:58.825+0000] {processor.py:925} INFO - DAG(s) 'example_dag_decorator' retrieved from /home/airflow/.local/lib/python3.12/site-packages/airflow/example_dags/example_dag_decorator.py
[2025-12-09T19:21:06.926+0000] {logging_mixin.py:190} INFO - [2025-12-09T19:21:06.926+0000] {dag.py:3229} INFO - Sync 1 DAGs
[2025-12-09T19:21:06.945+0000] {logging_mixin.py:190} INFO - [2025-12-09T19:21:06.944+0000] {dag.py:4156} INFO - Setting next_dagrun for example_dag_decorator to None, run_after=None
[2025-12-09T19:21:06.976+0000] {processor.py:208} INFO - Processing /home/airflow/.local/lib/python3.12/site-packages/airflow/example_dags/example_dag_decorator.py took 0.301 seconds
[2025-12-09T19:21:37.144+0000] {processor.py:186} INFO - Started process (PID=884) to work on /home/airflow/.local/lib/python3.12/site-packages/airflow/example_dags/example_dag_decorator.py
[2025-12-09T19:21:37.156+0000] {processor.py:914} INFO - Processing file /home/airflow/.local/lib/python3.12/site-packages/airflow/example_dags/example_dag_decorator.py for tasks to queue
[2025-12-09T19:21:37.162+0000] {logging_mixin.py:190} INFO - [2025-12-09T19:21:37.162+0000] {dagbag.py:587} INFO - Filling up the DagBag from /home/airflow/.local/lib/python3.12/site-packages/airflow/example_dags/example_dag_decorator.py
[2025-12-09T19:21:37.188+0000] {processor.py:925} INFO - DAG(s) 'example_dag_decorator' retrieved from /home/airflow/.local/lib/python3.12/site-packages/airflow/example_dags/example_dag_decorator.py
[2025-12-09T19:21:37.399+0000] {logging_mixin.py:190} INFO - [2025-12-09T19:21:37.398+0000] {dag.py:3229} INFO - Sync 1 DAGs
[2025-12-09T19:21:37.417+0000] {logging_mixin.py:190} INFO - [2025-12-09T19:21:37.417+0000] {dag.py:4156} INFO - Setting next_dagrun for example_dag_decorator to None, run_after=None
[2025-12-09T19:21:37.461+0000] {processor.py:208} INFO - Processing /home/airflow/.local/lib/python3.12/site-packages/airflow/example_dags/example_dag_decorator.py took 0.334 seconds
[2025-12-09T19:22:10.605+0000] {processor.py:186} INFO - Started process (PID=946) to work on /home/airflow/.local/lib/python3.12/site-packages/airflow/example_dags/example_dag_decorator.py
[2025-12-09T19:22:02.020+0000] {processor.py:914} INFO - Processing file /home/airflow/.local/lib/python3.12/site-packages/airflow/example_dags/example_dag_decorator.py for tasks to queue
[2025-12-09T19:22:02.024+0000] {logging_mixin.py:190} INFO - [2025-12-09T19:22:02.024+0000] {dagbag.py:587} INFO - Filling up the DagBag from /home/airflow/.local/lib/python3.12/site-packages/airflow/example_dags/example_dag_decorator.py
[2025-12-09T19:22:02.042+0000] {processor.py:925} INFO - DAG(s) 'example_dag_decorator' retrieved from /home/airflow/.local/lib/python3.12/site-packages/airflow/example_dags/example_dag_decorator.py
[2025-12-09T19:22:02.063+0000] {logging_mixin.py:190} INFO - [2025-12-09T19:22:02.063+0000] {dag.py:3229} INFO - Sync 1 DAGs
[2025-12-09T19:22:02.085+0000] {logging_mixin.py:190} INFO - [2025-12-09T19:22:02.085+0000] {dag.py:4156} INFO - Setting next_dagrun for example_dag_decorator to None, run_after=None
[2025-12-09T19:22:02.112+0000] {processor.py:208} INFO - Processing /home/airflow/.local/lib/python3.12/site-packages/airflow/example_dags/example_dag_decorator.py took 0.119 seconds
[2025-12-09T19:22:32.197+0000] {processor.py:186} INFO - Started process (PID=1002) to work on /home/airflow/.local/lib/python3.12/site-packages/airflow/example_dags/example_dag_decorator.py
[2025-12-09T19:22:32.217+0000] {processor.py:914} INFO - Processing file /home/airflow/.local/lib/python3.12/site-packages/airflow/example_dags/example_dag_decorator.py for tasks to queue
[2025-12-09T19:22:32.221+0000] {logging_mixin.py:190} INFO - [2025-12-09T19:22:32.220+0000] {dagbag.py:587} INFO - Filling up the DagBag from /home/airflow/.local/lib/python3.12/site-packages/airflow/example_dags/example_dag_decorator.py
[2025-12-09T19:22:32.242+0000] {processor.py:925} INFO - DAG(s) 'example_dag_decorator' retrieved from /home/airflow/.local/lib/python3.12/site-packages/airflow/example_dags/example_dag_decorator.py
[2025-12-09T19:22:22.476+0000] {logging_mixin.py:190} INFO - [2025-12-09T19:22:22.475+0000] {dag.py:3229} INFO - Sync 1 DAGs
[2025-12-09T19:22:22.499+0000] {logging_mixin.py:190} INFO - [2025-12-09T19:22:22.499+0000] {dag.py:4156} INFO - Setting next_dagrun for example_dag_decorator to None, run_after=None
[2025-12-09T19:22:22.528+0000] {processor.py:208} INFO - Processing /home/airflow/.local/lib/python3.12/site-packages/airflow/example_dags/example_dag_decorator.py took 0.295 seconds
[2025-12-09T19:22:52.315+0000] {processor.py:186} INFO - Started process (PID=1045) to work on /home/airflow/.local/lib/python3.12/site-packages/airflow/example_dags/example_dag_decorator.py
[2025-12-09T19:22:52.320+0000] {processor.py:914} INFO - Processing file /home/airflow/.local/lib/python3.12/site-packages/airflow/example_dags/example_dag_decorator.py for tasks to queue
[2025-12-09T19:22:52.324+0000] {logging_mixin.py:190} INFO - [2025-12-09T19:22:52.323+0000] {dagbag.py:587} INFO - Filling up the DagBag from /home/airflow/.local/lib/python3.12/site-packages/airflow/example_dags/example_dag_decorator.py
[2025-12-09T19:22:52.341+0000] {processor.py:925} INFO - DAG(s) 'example_dag_decorator' retrieved from /home/airflow/.local/lib/python3.12/site-packages/airflow/example_dags/example_dag_decorator.py
[2025-12-09T19:22:52.362+0000] {logging_mixin.py:190} INFO - [2025-12-09T19:22:52.362+0000] {dag.py:3229} INFO - Sync 1 DAGs
[2025-12-09T19:22:52.383+0000] {logging_mixin.py:190} INFO - [2025-12-09T19:22:52.383+0000] {dag.py:4156} INFO - Setting next_dagrun for example_dag_decorator to None, run_after=None
[2025-12-09T19:22:52.443+0000] {processor.py:208} INFO - Processing /home/airflow/.local/lib/python3.12/site-packages/airflow/example_dags/example_dag_decorator.py took 0.138 seconds
[2025-12-09T19:23:23.235+0000] {processor.py:186} INFO - Started process (PID=1103) to work on /home/airflow/.local/lib/python3.12/site-packages/airflow/example_dags/example_dag_decorator.py
[2025-12-09T19:23:23.266+0000] {processor.py:914} INFO - Processing file /home/airflow/.local/lib/python3.12/site-packages/airflow/example_dags/example_dag_decorator.py for tasks to queue
[2025-12-09T19:23:23.270+0000] {logging_mixin.py:190} INFO - [2025-12-09T19:23:23.269+0000] {dagbag.py:587} INFO - Filling up the DagBag from /home/airflow/.local/lib/python3.12/site-packages/airflow/example_dags/example_dag_decorator.py
[2025-12-09T19:23:23.292+0000] {processor.py:925} INFO - DAG(s) 'example_dag_decorator' retrieved from /home/airflow/.local/lib/python3.12/site-packages/airflow/example_dags/example_dag_decorator.py
[2025-12-09T19:23:23.492+0000] {logging_mixin.py:190} INFO - [2025-12-09T19:23:23.492+0000] {dag.py:3229} INFO - Sync 1 DAGs
[2025-12-09T19:23:23.512+0000] {logging_mixin.py:190} INFO - [2025-12-09T19:23:23.512+0000] {dag.py:4156} INFO - Setting next_dagrun for example_dag_decorator to None, run_after=None
[2025-12-09T19:23:23.552+0000] {processor.py:208} INFO - Processing /home/airflow/.local/lib/python3.12/site-packages/airflow/example_dags/example_dag_decorator.py took 0.326 seconds
[2025-12-09T19:23:54.476+0000] {processor.py:186} INFO - Started process (PID=1171) to work on /home/airflow/.local/lib/python3.12/site-packages/airflow/example_dags/example_dag_decorator.py
[2025-12-09T19:23:54.506+0000] {processor.py:914} INFO - Processing file /home/airflow/.local/lib/python3.12/site-packages/airflow/example_dags/example_dag_decorator.py for tasks to queue
[2025-12-09T19:23:54.509+0000] {logging_mixin.py:190} INFO - [2025-12-09T19:23:54.509+0000] {dagbag.py:587} INFO - Filling up the DagBag from /home/airflow/.local/lib/python3.12/site-packages/airflow/example_dags/example_dag_decorator.py
[2025-12-09T19:23:54.528+0000] {processor.py:925} INFO - DAG(s) 'example_dag_decorator' retrieved from /home/airflow/.local/lib/python3.12/site-packages/airflow/example_dags/example_dag_decorator.py
[2025-12-09T19:23:54.717+0000] {logging_mixin.py:190} INFO - [2025-12-09T19:23:54.717+0000] {dag.py:3229} INFO - Sync 1 DAGs
[2025-12-09T19:23:54.737+0000] {logging_mixin.py:190} INFO - [2025-12-09T19:23:54.737+0000] {dag.py:4156} INFO - Setting next_dagrun for example_dag_decorator to None, run_after=None
[2025-12-09T19:23:54.790+0000] {processor.py:208} INFO - Processing /home/airflow/.local/lib/python3.12/site-packages/airflow/example_dags/example_dag_decorator.py took 0.325 seconds
[2025-12-09T19:24:20.252+0000] {processor.py:186} INFO - Started process (PID=1230) to work on /home/airflow/.local/lib/python3.12/site-packages/airflow/example_dags/example_dag_decorator.py
[2025-12-09T19:24:20.283+0000] {processor.py:914} INFO - Processing file /home/airflow/.local/lib/python3.12/site-packages/airflow/example_dags/example_dag_decorator.py for tasks to queue
[2025-12-09T19:24:20.287+0000] {logging_mixin.py:190} INFO - [2025-12-09T19:24:20.287+0000] {dagbag.py:587} INFO - Filling up the DagBag from /home/airflow/.local/lib/python3.12/site-packages/airflow/example_dags/example_dag_decorator.py
[2025-12-09T19:24:20.304+0000] {processor.py:925} INFO - DAG(s) 'example_dag_decorator' retrieved from /home/airflow/.local/lib/python3.12/site-packages/airflow/example_dags/example_dag_decorator.py
[2025-12-09T19:24:20.327+0000] {logging_mixin.py:190} INFO - [2025-12-09T19:24:20.326+0000] {dag.py:3229} INFO - Sync 1 DAGs
[2025-12-09T19:24:20.350+0000] {logging_mixin.py:190} INFO - [2025-12-09T19:24:20.349+0000] {dag.py:4156} INFO - Setting next_dagrun for example_dag_decorator to None, run_after=None
[2025-12-09T19:24:20.409+0000] {processor.py:208} INFO - Processing /home/airflow/.local/lib/python3.12/site-packages/airflow/example_dags/example_dag_decorator.py took 0.168 seconds
[2025-12-09T19:24:50.728+0000] {processor.py:186} INFO - Started process (PID=1293) to work on /home/airflow/.local/lib/python3.12/site-packages/airflow/example_dags/example_dag_decorator.py
[2025-12-09T19:24:50.744+0000] {processor.py:914} INFO - Processing file /home/airflow/.local/lib/python3.12/site-packages/airflow/example_dags/example_dag_decorator.py for tasks to queue
[2025-12-09T19:24:50.748+0000] {logging_mixin.py:190} INFO - [2025-12-09T19:24:50.747+0000] {dagbag.py:587} INFO - Filling up the DagBag from /home/airflow/.local/lib/python3.12/site-packages/airflow/example_dags/example_dag_decorator.py
[2025-12-09T19:24:50.764+0000] {processor.py:925} INFO - DAG(s) 'example_dag_decorator' retrieved from /home/airflow/.local/lib/python3.12/site-packages/airflow/example_dags/example_dag_decorator.py
[2025-12-09T19:24:50.950+0000] {logging_mixin.py:190} INFO - [2025-12-09T19:24:50.950+0000] {dag.py:3229} INFO - Sync 1 DAGs
[2025-12-09T19:24:50.969+0000] {logging_mixin.py:190} INFO - [2025-12-09T19:24:50.968+0000] {dag.py:4156} INFO - Setting next_dagrun for example_dag_decorator to None, run_after=None
[2025-12-09T19:24:50.998+0000] {processor.py:208} INFO - Processing /home/airflow/.local/lib/python3.12/site-packages/airflow/example_dags/example_dag_decorator.py took 0.278 seconds
[2025-12-09T19:25:14.994+0000] {processor.py:186} INFO - Started process (PID=1353) to work on /home/airflow/.local/lib/python3.12/site-packages/airflow/example_dags/example_dag_decorator.py
[2025-12-09T19:25:14.996+0000] {processor.py:914} INFO - Processing file /home/airflow/.local/lib/python3.12/site-packages/airflow/example_dags/example_dag_decorator.py for tasks to queue
[2025-12-09T19:25:15.000+0000] {logging_mixin.py:190} INFO - [2025-12-09T19:25:14.999+0000] {dagbag.py:587} INFO - Filling up the DagBag from /home/airflow/.local/lib/python3.12/site-packages/airflow/example_dags/example_dag_decorator.py
[2025-12-09T19:25:15.022+0000] {processor.py:925} INFO - DAG(s) 'example_dag_decorator' retrieved from /home/airflow/.local/lib/python3.12/site-packages/airflow/example_dags/example_dag_decorator.py
[2025-12-09T19:25:15.044+0000] {logging_mixin.py:190} INFO - [2025-12-09T19:25:15.044+0000] {dag.py:3229} INFO - Sync 1 DAGs
[2025-12-09T19:25:15.068+0000] {logging_mixin.py:190} INFO - [2025-12-09T19:25:15.068+0000] {dag.py:4156} INFO - Setting next_dagrun for example_dag_decorator to None, run_after=None
[2025-12-09T19:25:15.117+0000] {processor.py:208} INFO - Processing /home/airflow/.local/lib/python3.12/site-packages/airflow/example_dags/example_dag_decorator.py took 0.135 seconds
[2025-12-09T19:25:45.590+0000] {processor.py:186} INFO - Started process (PID=1413) to work on /home/airflow/.local/lib/python3.12/site-packages/airflow/example_dags/example_dag_decorator.py
[2025-12-09T19:25:45.607+0000] {processor.py:914} INFO - Processing file /home/airflow/.local/lib/python3.12/site-packages/airflow/example_dags/example_dag_decorator.py for tasks to queue
[2025-12-09T19:25:45.611+0000] {logging_mixin.py:190} INFO - [2025-12-09T19:25:45.610+0000] {dagbag.py:587} INFO - Filling up the DagBag from /home/airflow/.local/lib/python3.12/site-packages/airflow/example_dags/example_dag_decorator.py
[2025-12-09T19:25:45.631+0000] {processor.py:925} INFO - DAG(s) 'example_dag_decorator' retrieved from /home/airflow/.local/lib/python3.12/site-packages/airflow/example_dags/example_dag_decorator.py
[2025-12-09T19:25:45.833+0000] {logging_mixin.py:190} INFO - [2025-12-09T19:25:45.832+0000] {dag.py:3229} INFO - Sync 1 DAGs
[2025-12-09T19:25:45.852+0000] {logging_mixin.py:190} INFO - [2025-12-09T19:25:45.851+0000] {dag.py:4156} INFO - Setting next_dagrun for example_dag_decorator to None, run_after=None
[2025-12-09T19:25:45.892+0000] {processor.py:208} INFO - Processing /home/airflow/.local/lib/python3.12/site-packages/airflow/example_dags/example_dag_decorator.py took 0.312 seconds
