[2025-12-09T19:15:41.096+0000] {processor.py:186} INFO - Started process (PID=133) to work on /home/airflow/.local/lib/python3.12/site-packages/airflow/example_dags/example_branch_python_dop_operator_3.py
[2025-12-09T19:15:41.097+0000] {processor.py:914} INFO - Processing file /home/airflow/.local/lib/python3.12/site-packages/airflow/example_dags/example_branch_python_dop_operator_3.py for tasks to queue
[2025-12-09T19:15:41.101+0000] {logging_mixin.py:190} INFO - [2025-12-09T19:15:41.100+0000] {dagbag.py:587} INFO - Filling up the DagBag from /home/airflow/.local/lib/python3.12/site-packages/airflow/example_dags/example_branch_python_dop_operator_3.py
[2025-12-09T19:15:41.117+0000] {processor.py:925} INFO - DAG(s) 'example_branch_dop_operator_v3' retrieved from /home/airflow/.local/lib/python3.12/site-packages/airflow/example_dags/example_branch_python_dop_operator_3.py
[2025-12-09T19:15:41.269+0000] {logging_mixin.py:190} INFO - [2025-12-09T19:15:41.268+0000] {override.py:1900} INFO - Created Permission View: can read on DAG:example_branch_dop_operator_v3
[2025-12-09T19:15:41.281+0000] {logging_mixin.py:190} INFO - [2025-12-09T19:15:41.281+0000] {override.py:1900} INFO - Created Permission View: can delete on DAG:example_branch_dop_operator_v3
[2025-12-09T19:15:41.291+0000] {logging_mixin.py:190} INFO - [2025-12-09T19:15:41.291+0000] {override.py:1900} INFO - Created Permission View: can edit on DAG:example_branch_dop_operator_v3
[2025-12-09T19:15:41.302+0000] {logging_mixin.py:190} INFO - [2025-12-09T19:15:41.301+0000] {override.py:1900} INFO - Created Permission View: can read on DAG Run:example_branch_dop_operator_v3
[2025-12-09T19:15:41.310+0000] {logging_mixin.py:190} INFO - [2025-12-09T19:15:41.310+0000] {override.py:1900} INFO - Created Permission View: can delete on DAG Run:example_branch_dop_operator_v3
[2025-12-09T19:15:41.319+0000] {logging_mixin.py:190} INFO - [2025-12-09T19:15:41.319+0000] {override.py:1900} INFO - Created Permission View: menu access on DAG Run:example_branch_dop_operator_v3
[2025-12-09T19:15:41.329+0000] {logging_mixin.py:190} INFO - [2025-12-09T19:15:41.328+0000] {override.py:1900} INFO - Created Permission View: can create on DAG Run:example_branch_dop_operator_v3
[2025-12-09T19:15:41.329+0000] {logging_mixin.py:190} INFO - [2025-12-09T19:15:41.329+0000] {dag.py:3229} INFO - Sync 1 DAGs
[2025-12-09T19:15:41.348+0000] {logging_mixin.py:190} INFO - [2025-12-09T19:15:41.348+0000] {dag.py:3252} INFO - Creating ORM DAG for example_branch_dop_operator_v3
[2025-12-09T19:15:41.366+0000] {logging_mixin.py:190} INFO - [2025-12-09T19:15:41.366+0000] {dag.py:4156} INFO - Setting next_dagrun for example_branch_dop_operator_v3 to 2025-12-09 19:14:00+00:00, run_after=2025-12-09 19:15:00+00:00
[2025-12-09T19:15:41.389+0000] {processor.py:208} INFO - Processing /home/airflow/.local/lib/python3.12/site-packages/airflow/example_dags/example_branch_python_dop_operator_3.py took 0.301 seconds
[2025-12-09T19:16:08.194+0000] {processor.py:186} INFO - Started process (PID=190) to work on /home/airflow/.local/lib/python3.12/site-packages/airflow/example_dags/example_branch_python_dop_operator_3.py
[2025-12-09T19:16:08.202+0000] {processor.py:914} INFO - Processing file /home/airflow/.local/lib/python3.12/site-packages/airflow/example_dags/example_branch_python_dop_operator_3.py for tasks to queue
[2025-12-09T19:16:08.205+0000] {logging_mixin.py:190} INFO - [2025-12-09T19:16:08.205+0000] {dagbag.py:587} INFO - Filling up the DagBag from /home/airflow/.local/lib/python3.12/site-packages/airflow/example_dags/example_branch_python_dop_operator_3.py
[2025-12-09T19:16:08.221+0000] {processor.py:925} INFO - DAG(s) 'example_branch_dop_operator_v3' retrieved from /home/airflow/.local/lib/python3.12/site-packages/airflow/example_dags/example_branch_python_dop_operator_3.py
[2025-12-09T19:16:08.242+0000] {logging_mixin.py:190} INFO - [2025-12-09T19:16:08.242+0000] {dag.py:3229} INFO - Sync 1 DAGs
[2025-12-09T19:16:08.281+0000] {logging_mixin.py:190} INFO - [2025-12-09T19:16:08.281+0000] {dag.py:4156} INFO - Setting next_dagrun for example_branch_dop_operator_v3 to 2025-12-09 19:15:00+00:00, run_after=2025-12-09 19:16:00+00:00
[2025-12-09T19:16:08.344+0000] {processor.py:208} INFO - Processing /home/airflow/.local/lib/python3.12/site-packages/airflow/example_dags/example_branch_python_dop_operator_3.py took 0.160 seconds
[2025-12-09T19:16:39.015+0000] {processor.py:186} INFO - Started process (PID=249) to work on /home/airflow/.local/lib/python3.12/site-packages/airflow/example_dags/example_branch_python_dop_operator_3.py
[2025-12-09T19:16:39.020+0000] {processor.py:914} INFO - Processing file /home/airflow/.local/lib/python3.12/site-packages/airflow/example_dags/example_branch_python_dop_operator_3.py for tasks to queue
[2025-12-09T19:16:39.024+0000] {logging_mixin.py:190} INFO - [2025-12-09T19:16:39.023+0000] {dagbag.py:587} INFO - Filling up the DagBag from /home/airflow/.local/lib/python3.12/site-packages/airflow/example_dags/example_branch_python_dop_operator_3.py
[2025-12-09T19:16:39.042+0000] {processor.py:925} INFO - DAG(s) 'example_branch_dop_operator_v3' retrieved from /home/airflow/.local/lib/python3.12/site-packages/airflow/example_dags/example_branch_python_dop_operator_3.py
[2025-12-09T19:16:39.076+0000] {logging_mixin.py:190} INFO - [2025-12-09T19:16:39.075+0000] {dag.py:3229} INFO - Sync 1 DAGs
[2025-12-09T19:16:39.114+0000] {logging_mixin.py:190} INFO - [2025-12-09T19:16:39.114+0000] {dag.py:4156} INFO - Setting next_dagrun for example_branch_dop_operator_v3 to 2025-12-09 19:15:00+00:00, run_after=2025-12-09 19:16:00+00:00
[2025-12-09T19:16:39.178+0000] {processor.py:208} INFO - Processing /home/airflow/.local/lib/python3.12/site-packages/airflow/example_dags/example_branch_python_dop_operator_3.py took 0.171 seconds
[2025-12-09T19:17:03.859+0000] {processor.py:186} INFO - Started process (PID=305) to work on /home/airflow/.local/lib/python3.12/site-packages/airflow/example_dags/example_branch_python_dop_operator_3.py
[2025-12-09T19:17:03.861+0000] {processor.py:914} INFO - Processing file /home/airflow/.local/lib/python3.12/site-packages/airflow/example_dags/example_branch_python_dop_operator_3.py for tasks to queue
[2025-12-09T19:17:03.864+0000] {logging_mixin.py:190} INFO - [2025-12-09T19:17:03.864+0000] {dagbag.py:587} INFO - Filling up the DagBag from /home/airflow/.local/lib/python3.12/site-packages/airflow/example_dags/example_branch_python_dop_operator_3.py
[2025-12-09T19:17:03.880+0000] {processor.py:925} INFO - DAG(s) 'example_branch_dop_operator_v3' retrieved from /home/airflow/.local/lib/python3.12/site-packages/airflow/example_dags/example_branch_python_dop_operator_3.py
[2025-12-09T19:17:03.916+0000] {logging_mixin.py:190} INFO - [2025-12-09T19:17:03.915+0000] {dag.py:3229} INFO - Sync 1 DAGs
[2025-12-09T19:17:03.960+0000] {logging_mixin.py:190} INFO - [2025-12-09T19:17:03.960+0000] {dag.py:4156} INFO - Setting next_dagrun for example_branch_dop_operator_v3 to 2025-12-09 19:16:00+00:00, run_after=2025-12-09 19:17:00+00:00
[2025-12-09T19:17:04.025+0000] {processor.py:208} INFO - Processing /home/airflow/.local/lib/python3.12/site-packages/airflow/example_dags/example_branch_python_dop_operator_3.py took 0.176 seconds
[2025-12-09T19:17:31.742+0000] {processor.py:186} INFO - Started process (PID=361) to work on /home/airflow/.local/lib/python3.12/site-packages/airflow/example_dags/example_branch_python_dop_operator_3.py
[2025-12-09T19:17:31.773+0000] {processor.py:914} INFO - Processing file /home/airflow/.local/lib/python3.12/site-packages/airflow/example_dags/example_branch_python_dop_operator_3.py for tasks to queue
[2025-12-09T19:17:31.777+0000] {logging_mixin.py:190} INFO - [2025-12-09T19:17:31.776+0000] {dagbag.py:587} INFO - Filling up the DagBag from /home/airflow/.local/lib/python3.12/site-packages/airflow/example_dags/example_branch_python_dop_operator_3.py
[2025-12-09T19:17:31.794+0000] {processor.py:925} INFO - DAG(s) 'example_branch_dop_operator_v3' retrieved from /home/airflow/.local/lib/python3.12/site-packages/airflow/example_dags/example_branch_python_dop_operator_3.py
[2025-12-09T19:17:31.825+0000] {logging_mixin.py:190} INFO - [2025-12-09T19:17:31.825+0000] {dag.py:3229} INFO - Sync 1 DAGs
[2025-12-09T19:17:31.861+0000] {logging_mixin.py:190} INFO - [2025-12-09T19:17:31.861+0000] {dag.py:4156} INFO - Setting next_dagrun for example_branch_dop_operator_v3 to 2025-12-09 19:16:00+00:00, run_after=2025-12-09 19:17:00+00:00
[2025-12-09T19:17:31.921+0000] {processor.py:208} INFO - Processing /home/airflow/.local/lib/python3.12/site-packages/airflow/example_dags/example_branch_python_dop_operator_3.py took 0.188 seconds
[2025-12-09T19:17:56.619+0000] {processor.py:186} INFO - Started process (PID=415) to work on /home/airflow/.local/lib/python3.12/site-packages/airflow/example_dags/example_branch_python_dop_operator_3.py
[2025-12-09T19:17:56.622+0000] {processor.py:914} INFO - Processing file /home/airflow/.local/lib/python3.12/site-packages/airflow/example_dags/example_branch_python_dop_operator_3.py for tasks to queue
[2025-12-09T19:17:56.627+0000] {logging_mixin.py:190} INFO - [2025-12-09T19:17:56.626+0000] {dagbag.py:587} INFO - Filling up the DagBag from /home/airflow/.local/lib/python3.12/site-packages/airflow/example_dags/example_branch_python_dop_operator_3.py
[2025-12-09T19:17:56.649+0000] {processor.py:925} INFO - DAG(s) 'example_branch_dop_operator_v3' retrieved from /home/airflow/.local/lib/python3.12/site-packages/airflow/example_dags/example_branch_python_dop_operator_3.py
[2025-12-09T19:17:56.687+0000] {logging_mixin.py:190} INFO - [2025-12-09T19:17:56.686+0000] {dag.py:3229} INFO - Sync 1 DAGs
[2025-12-09T19:17:56.728+0000] {logging_mixin.py:190} INFO - [2025-12-09T19:17:56.727+0000] {dag.py:4156} INFO - Setting next_dagrun for example_branch_dop_operator_v3 to 2025-12-09 19:16:00+00:00, run_after=2025-12-09 19:17:00+00:00
[2025-12-09T19:17:56.793+0000] {processor.py:208} INFO - Processing /home/airflow/.local/lib/python3.12/site-packages/airflow/example_dags/example_branch_python_dop_operator_3.py took 0.185 seconds
[2025-12-09T19:18:26.590+0000] {processor.py:186} INFO - Started process (PID=474) to work on /home/airflow/.local/lib/python3.12/site-packages/airflow/example_dags/example_branch_python_dop_operator_3.py
[2025-12-09T19:18:26.617+0000] {processor.py:914} INFO - Processing file /home/airflow/.local/lib/python3.12/site-packages/airflow/example_dags/example_branch_python_dop_operator_3.py for tasks to queue
[2025-12-09T19:18:26.620+0000] {logging_mixin.py:190} INFO - [2025-12-09T19:18:26.619+0000] {dagbag.py:587} INFO - Filling up the DagBag from /home/airflow/.local/lib/python3.12/site-packages/airflow/example_dags/example_branch_python_dop_operator_3.py
[2025-12-09T19:18:26.638+0000] {processor.py:925} INFO - DAG(s) 'example_branch_dop_operator_v3' retrieved from /home/airflow/.local/lib/python3.12/site-packages/airflow/example_dags/example_branch_python_dop_operator_3.py
[2025-12-09T19:18:26.674+0000] {logging_mixin.py:190} INFO - [2025-12-09T19:18:26.674+0000] {dag.py:3229} INFO - Sync 1 DAGs
[2025-12-09T19:18:26.725+0000] {logging_mixin.py:190} INFO - [2025-12-09T19:18:26.725+0000] {dag.py:4156} INFO - Setting next_dagrun for example_branch_dop_operator_v3 to 2025-12-09 19:17:00+00:00, run_after=2025-12-09 19:18:00+00:00
[2025-12-09T19:18:26.758+0000] {processor.py:208} INFO - Processing /home/airflow/.local/lib/python3.12/site-packages/airflow/example_dags/example_branch_python_dop_operator_3.py took 0.180 seconds
[2025-12-09T19:18:57.283+0000] {processor.py:186} INFO - Started process (PID=531) to work on /home/airflow/.local/lib/python3.12/site-packages/airflow/example_dags/example_branch_python_dop_operator_3.py
[2025-12-09T19:18:57.314+0000] {processor.py:914} INFO - Processing file /home/airflow/.local/lib/python3.12/site-packages/airflow/example_dags/example_branch_python_dop_operator_3.py for tasks to queue
[2025-12-09T19:18:57.317+0000] {logging_mixin.py:190} INFO - [2025-12-09T19:18:57.317+0000] {dagbag.py:587} INFO - Filling up the DagBag from /home/airflow/.local/lib/python3.12/site-packages/airflow/example_dags/example_branch_python_dop_operator_3.py
[2025-12-09T19:18:57.332+0000] {processor.py:925} INFO - DAG(s) 'example_branch_dop_operator_v3' retrieved from /home/airflow/.local/lib/python3.12/site-packages/airflow/example_dags/example_branch_python_dop_operator_3.py
[2025-12-09T19:18:57.362+0000] {logging_mixin.py:190} INFO - [2025-12-09T19:18:57.362+0000] {dag.py:3229} INFO - Sync 1 DAGs
[2025-12-09T19:18:57.400+0000] {logging_mixin.py:190} INFO - [2025-12-09T19:18:57.400+0000] {dag.py:4156} INFO - Setting next_dagrun for example_branch_dop_operator_v3 to 2025-12-09 19:17:00+00:00, run_after=2025-12-09 19:18:00+00:00
[2025-12-09T19:18:57.441+0000] {processor.py:208} INFO - Processing /home/airflow/.local/lib/python3.12/site-packages/airflow/example_dags/example_branch_python_dop_operator_3.py took 0.168 seconds
[2025-12-09T19:19:28.161+0000] {processor.py:186} INFO - Started process (PID=619) to work on /home/airflow/.local/lib/python3.12/site-packages/airflow/example_dags/example_branch_python_dop_operator_3.py
[2025-12-09T19:19:28.192+0000] {processor.py:914} INFO - Processing file /home/airflow/.local/lib/python3.12/site-packages/airflow/example_dags/example_branch_python_dop_operator_3.py for tasks to queue
[2025-12-09T19:19:28.196+0000] {logging_mixin.py:190} INFO - [2025-12-09T19:19:28.195+0000] {dagbag.py:587} INFO - Filling up the DagBag from /home/airflow/.local/lib/python3.12/site-packages/airflow/example_dags/example_branch_python_dop_operator_3.py
[2025-12-09T19:19:28.212+0000] {processor.py:925} INFO - DAG(s) 'example_branch_dop_operator_v3' retrieved from /home/airflow/.local/lib/python3.12/site-packages/airflow/example_dags/example_branch_python_dop_operator_3.py
[2025-12-09T19:19:28.248+0000] {logging_mixin.py:190} INFO - [2025-12-09T19:19:28.247+0000] {dag.py:3229} INFO - Sync 1 DAGs
[2025-12-09T19:19:28.292+0000] {logging_mixin.py:190} INFO - [2025-12-09T19:19:28.291+0000] {dag.py:4156} INFO - Setting next_dagrun for example_branch_dop_operator_v3 to 2025-12-09 19:18:00+00:00, run_after=2025-12-09 19:19:00+00:00
[2025-12-09T19:19:28.335+0000] {processor.py:208} INFO - Processing /home/airflow/.local/lib/python3.12/site-packages/airflow/example_dags/example_branch_python_dop_operator_3.py took 0.185 seconds
[2025-12-09T19:19:59.263+0000] {processor.py:186} INFO - Started process (PID=688) to work on /home/airflow/.local/lib/python3.12/site-packages/airflow/example_dags/example_branch_python_dop_operator_3.py
[2025-12-09T19:19:59.265+0000] {processor.py:914} INFO - Processing file /home/airflow/.local/lib/python3.12/site-packages/airflow/example_dags/example_branch_python_dop_operator_3.py for tasks to queue
[2025-12-09T19:19:59.269+0000] {logging_mixin.py:190} INFO - [2025-12-09T19:19:59.268+0000] {dagbag.py:587} INFO - Filling up the DagBag from /home/airflow/.local/lib/python3.12/site-packages/airflow/example_dags/example_branch_python_dop_operator_3.py
[2025-12-09T19:19:59.284+0000] {processor.py:925} INFO - DAG(s) 'example_branch_dop_operator_v3' retrieved from /home/airflow/.local/lib/python3.12/site-packages/airflow/example_dags/example_branch_python_dop_operator_3.py
[2025-12-09T19:19:59.320+0000] {logging_mixin.py:190} INFO - [2025-12-09T19:19:59.319+0000] {dag.py:3229} INFO - Sync 1 DAGs
[2025-12-09T19:19:59.360+0000] {logging_mixin.py:190} INFO - [2025-12-09T19:19:59.359+0000] {dag.py:4156} INFO - Setting next_dagrun for example_branch_dop_operator_v3 to 2025-12-09 19:18:00+00:00, run_after=2025-12-09 19:19:00+00:00
[2025-12-09T19:19:59.422+0000] {processor.py:208} INFO - Processing /home/airflow/.local/lib/python3.12/site-packages/airflow/example_dags/example_branch_python_dop_operator_3.py took 0.170 seconds
[2025-12-09T19:20:30.211+0000] {processor.py:186} INFO - Started process (PID=749) to work on /home/airflow/.local/lib/python3.12/site-packages/airflow/example_dags/example_branch_python_dop_operator_3.py
[2025-12-09T19:20:30.245+0000] {processor.py:914} INFO - Processing file /home/airflow/.local/lib/python3.12/site-packages/airflow/example_dags/example_branch_python_dop_operator_3.py for tasks to queue
[2025-12-09T19:20:30.250+0000] {logging_mixin.py:190} INFO - [2025-12-09T19:20:30.249+0000] {dagbag.py:587} INFO - Filling up the DagBag from /home/airflow/.local/lib/python3.12/site-packages/airflow/example_dags/example_branch_python_dop_operator_3.py
[2025-12-09T19:20:30.267+0000] {processor.py:925} INFO - DAG(s) 'example_branch_dop_operator_v3' retrieved from /home/airflow/.local/lib/python3.12/site-packages/airflow/example_dags/example_branch_python_dop_operator_3.py
[2025-12-09T19:20:30.304+0000] {logging_mixin.py:190} INFO - [2025-12-09T19:20:30.304+0000] {dag.py:3229} INFO - Sync 1 DAGs
[2025-12-09T19:20:30.344+0000] {logging_mixin.py:190} INFO - [2025-12-09T19:20:30.344+0000] {dag.py:4156} INFO - Setting next_dagrun for example_branch_dop_operator_v3 to 2025-12-09 19:19:00+00:00, run_after=2025-12-09 19:20:00+00:00
[2025-12-09T19:20:30.384+0000] {processor.py:208} INFO - Processing /home/airflow/.local/lib/python3.12/site-packages/airflow/example_dags/example_branch_python_dop_operator_3.py took 0.183 seconds
[2025-12-09T19:21:01.053+0000] {processor.py:186} INFO - Started process (PID=811) to work on /home/airflow/.local/lib/python3.12/site-packages/airflow/example_dags/example_branch_python_dop_operator_3.py
[2025-12-09T19:21:01.084+0000] {processor.py:914} INFO - Processing file /home/airflow/.local/lib/python3.12/site-packages/airflow/example_dags/example_branch_python_dop_operator_3.py for tasks to queue
[2025-12-09T19:21:01.089+0000] {logging_mixin.py:190} INFO - [2025-12-09T19:21:01.088+0000] {dagbag.py:587} INFO - Filling up the DagBag from /home/airflow/.local/lib/python3.12/site-packages/airflow/example_dags/example_branch_python_dop_operator_3.py
[2025-12-09T19:21:01.108+0000] {processor.py:925} INFO - DAG(s) 'example_branch_dop_operator_v3' retrieved from /home/airflow/.local/lib/python3.12/site-packages/airflow/example_dags/example_branch_python_dop_operator_3.py
[2025-12-09T19:21:01.145+0000] {logging_mixin.py:190} INFO - [2025-12-09T19:21:01.145+0000] {dag.py:3229} INFO - Sync 1 DAGs
[2025-12-09T19:21:01.182+0000] {logging_mixin.py:190} INFO - [2025-12-09T19:21:01.182+0000] {dag.py:4156} INFO - Setting next_dagrun for example_branch_dop_operator_v3 to 2025-12-09 19:20:00+00:00, run_after=2025-12-09 19:21:00+00:00
[2025-12-09T19:21:01.245+0000] {processor.py:208} INFO - Processing /home/airflow/.local/lib/python3.12/site-packages/airflow/example_dags/example_branch_python_dop_operator_3.py took 0.203 seconds
[2025-12-09T19:21:31.886+0000] {processor.py:186} INFO - Started process (PID=876) to work on /home/airflow/.local/lib/python3.12/site-packages/airflow/example_dags/example_branch_python_dop_operator_3.py
[2025-12-09T19:21:31.901+0000] {processor.py:914} INFO - Processing file /home/airflow/.local/lib/python3.12/site-packages/airflow/example_dags/example_branch_python_dop_operator_3.py for tasks to queue
[2025-12-09T19:21:31.904+0000] {logging_mixin.py:190} INFO - [2025-12-09T19:21:31.904+0000] {dagbag.py:587} INFO - Filling up the DagBag from /home/airflow/.local/lib/python3.12/site-packages/airflow/example_dags/example_branch_python_dop_operator_3.py
[2025-12-09T19:21:31.918+0000] {processor.py:925} INFO - DAG(s) 'example_branch_dop_operator_v3' retrieved from /home/airflow/.local/lib/python3.12/site-packages/airflow/example_dags/example_branch_python_dop_operator_3.py
[2025-12-09T19:21:31.953+0000] {logging_mixin.py:190} INFO - [2025-12-09T19:21:31.952+0000] {dag.py:3229} INFO - Sync 1 DAGs
[2025-12-09T19:21:31.987+0000] {logging_mixin.py:190} INFO - [2025-12-09T19:21:31.987+0000] {dag.py:4156} INFO - Setting next_dagrun for example_branch_dop_operator_v3 to 2025-12-09 19:20:00+00:00, run_after=2025-12-09 19:21:00+00:00
[2025-12-09T19:21:32.045+0000] {processor.py:208} INFO - Processing /home/airflow/.local/lib/python3.12/site-packages/airflow/example_dags/example_branch_python_dop_operator_3.py took 0.170 seconds
[2025-12-09T19:21:56.082+0000] {processor.py:186} INFO - Started process (PID=931) to work on /home/airflow/.local/lib/python3.12/site-packages/airflow/example_dags/example_branch_python_dop_operator_3.py
[2025-12-09T19:21:56.097+0000] {processor.py:914} INFO - Processing file /home/airflow/.local/lib/python3.12/site-packages/airflow/example_dags/example_branch_python_dop_operator_3.py for tasks to queue
[2025-12-09T19:21:56.100+0000] {logging_mixin.py:190} INFO - [2025-12-09T19:21:56.100+0000] {dagbag.py:587} INFO - Filling up the DagBag from /home/airflow/.local/lib/python3.12/site-packages/airflow/example_dags/example_branch_python_dop_operator_3.py
[2025-12-09T19:21:56.117+0000] {processor.py:925} INFO - DAG(s) 'example_branch_dop_operator_v3' retrieved from /home/airflow/.local/lib/python3.12/site-packages/airflow/example_dags/example_branch_python_dop_operator_3.py
[2025-12-09T19:21:56.149+0000] {logging_mixin.py:190} INFO - [2025-12-09T19:21:56.149+0000] {dag.py:3229} INFO - Sync 1 DAGs
[2025-12-09T19:21:56.189+0000] {logging_mixin.py:190} INFO - [2025-12-09T19:21:56.189+0000] {dag.py:4156} INFO - Setting next_dagrun for example_branch_dop_operator_v3 to 2025-12-09 19:20:00+00:00, run_after=2025-12-09 19:21:00+00:00
[2025-12-09T19:21:56.249+0000] {processor.py:208} INFO - Processing /home/airflow/.local/lib/python3.12/site-packages/airflow/example_dags/example_branch_python_dop_operator_3.py took 0.177 seconds
[2025-12-09T19:22:27.050+0000] {processor.py:186} INFO - Started process (PID=991) to work on /home/airflow/.local/lib/python3.12/site-packages/airflow/example_dags/example_branch_python_dop_operator_3.py
[2025-12-09T19:22:27.084+0000] {processor.py:914} INFO - Processing file /home/airflow/.local/lib/python3.12/site-packages/airflow/example_dags/example_branch_python_dop_operator_3.py for tasks to queue
[2025-12-09T19:22:27.089+0000] {logging_mixin.py:190} INFO - [2025-12-09T19:22:27.088+0000] {dagbag.py:587} INFO - Filling up the DagBag from /home/airflow/.local/lib/python3.12/site-packages/airflow/example_dags/example_branch_python_dop_operator_3.py
[2025-12-09T19:22:27.109+0000] {processor.py:925} INFO - DAG(s) 'example_branch_dop_operator_v3' retrieved from /home/airflow/.local/lib/python3.12/site-packages/airflow/example_dags/example_branch_python_dop_operator_3.py
[2025-12-09T19:22:27.145+0000] {logging_mixin.py:190} INFO - [2025-12-09T19:22:27.144+0000] {dag.py:3229} INFO - Sync 1 DAGs
[2025-12-09T19:22:27.184+0000] {logging_mixin.py:190} INFO - [2025-12-09T19:22:27.183+0000] {dag.py:4156} INFO - Setting next_dagrun for example_branch_dop_operator_v3 to 2025-12-09 19:21:00+00:00, run_after=2025-12-09 19:22:00+00:00
[2025-12-09T19:22:27.247+0000] {processor.py:208} INFO - Processing /home/airflow/.local/lib/python3.12/site-packages/airflow/example_dags/example_branch_python_dop_operator_3.py took 0.207 seconds
[2025-12-09T19:22:58.254+0000] {processor.py:186} INFO - Started process (PID=1063) to work on /home/airflow/.local/lib/python3.12/site-packages/airflow/example_dags/example_branch_python_dop_operator_3.py
[2025-12-09T19:22:58.288+0000] {processor.py:914} INFO - Processing file /home/airflow/.local/lib/python3.12/site-packages/airflow/example_dags/example_branch_python_dop_operator_3.py for tasks to queue
[2025-12-09T19:22:58.293+0000] {logging_mixin.py:190} INFO - [2025-12-09T19:22:58.292+0000] {dagbag.py:587} INFO - Filling up the DagBag from /home/airflow/.local/lib/python3.12/site-packages/airflow/example_dags/example_branch_python_dop_operator_3.py
[2025-12-09T19:22:58.310+0000] {processor.py:925} INFO - DAG(s) 'example_branch_dop_operator_v3' retrieved from /home/airflow/.local/lib/python3.12/site-packages/airflow/example_dags/example_branch_python_dop_operator_3.py
[2025-12-09T19:22:58.355+0000] {logging_mixin.py:190} INFO - [2025-12-09T19:22:58.355+0000] {dag.py:3229} INFO - Sync 1 DAGs
[2025-12-09T19:22:58.400+0000] {logging_mixin.py:190} INFO - [2025-12-09T19:22:58.400+0000] {dag.py:4156} INFO - Setting next_dagrun for example_branch_dop_operator_v3 to 2025-12-09 19:21:00+00:00, run_after=2025-12-09 19:22:00+00:00
[2025-12-09T19:22:58.468+0000] {processor.py:208} INFO - Processing /home/airflow/.local/lib/python3.12/site-packages/airflow/example_dags/example_branch_python_dop_operator_3.py took 0.226 seconds
[2025-12-09T19:23:24.939+0000] {processor.py:186} INFO - Started process (PID=1122) to work on /home/airflow/.local/lib/python3.12/site-packages/airflow/example_dags/example_branch_python_dop_operator_3.py
[2025-12-09T19:23:24.970+0000] {processor.py:914} INFO - Processing file /home/airflow/.local/lib/python3.12/site-packages/airflow/example_dags/example_branch_python_dop_operator_3.py for tasks to queue
[2025-12-09T19:23:24.973+0000] {logging_mixin.py:190} INFO - [2025-12-09T19:23:24.973+0000] {dagbag.py:587} INFO - Filling up the DagBag from /home/airflow/.local/lib/python3.12/site-packages/airflow/example_dags/example_branch_python_dop_operator_3.py
[2025-12-09T19:23:24.988+0000] {processor.py:925} INFO - DAG(s) 'example_branch_dop_operator_v3' retrieved from /home/airflow/.local/lib/python3.12/site-packages/airflow/example_dags/example_branch_python_dop_operator_3.py
[2025-12-09T19:23:25.018+0000] {logging_mixin.py:190} INFO - [2025-12-09T19:23:25.018+0000] {dag.py:3229} INFO - Sync 1 DAGs
[2025-12-09T19:23:25.052+0000] {logging_mixin.py:190} INFO - [2025-12-09T19:23:25.051+0000] {dag.py:4156} INFO - Setting next_dagrun for example_branch_dop_operator_v3 to 2025-12-09 19:22:00+00:00, run_after=2025-12-09 19:23:00+00:00
[2025-12-09T19:23:25.088+0000] {processor.py:208} INFO - Processing /home/airflow/.local/lib/python3.12/site-packages/airflow/example_dags/example_branch_python_dop_operator_3.py took 0.157 seconds
[2025-12-09T19:23:56.101+0000] {processor.py:186} INFO - Started process (PID=1182) to work on /home/airflow/.local/lib/python3.12/site-packages/airflow/example_dags/example_branch_python_dop_operator_3.py
[2025-12-09T19:23:56.103+0000] {processor.py:914} INFO - Processing file /home/airflow/.local/lib/python3.12/site-packages/airflow/example_dags/example_branch_python_dop_operator_3.py for tasks to queue
[2025-12-09T19:23:56.107+0000] {logging_mixin.py:190} INFO - [2025-12-09T19:23:56.106+0000] {dagbag.py:587} INFO - Filling up the DagBag from /home/airflow/.local/lib/python3.12/site-packages/airflow/example_dags/example_branch_python_dop_operator_3.py
[2025-12-09T19:23:56.126+0000] {processor.py:925} INFO - DAG(s) 'example_branch_dop_operator_v3' retrieved from /home/airflow/.local/lib/python3.12/site-packages/airflow/example_dags/example_branch_python_dop_operator_3.py
[2025-12-09T19:23:56.160+0000] {logging_mixin.py:190} INFO - [2025-12-09T19:23:56.160+0000] {dag.py:3229} INFO - Sync 1 DAGs
[2025-12-09T19:23:56.205+0000] {logging_mixin.py:190} INFO - [2025-12-09T19:23:56.204+0000] {dag.py:4156} INFO - Setting next_dagrun for example_branch_dop_operator_v3 to 2025-12-09 19:22:00+00:00, run_after=2025-12-09 19:23:00+00:00
[2025-12-09T19:23:56.242+0000] {processor.py:208} INFO - Processing /home/airflow/.local/lib/python3.12/site-packages/airflow/example_dags/example_branch_python_dop_operator_3.py took 0.152 seconds
[2025-12-09T19:24:21.831+0000] {processor.py:186} INFO - Started process (PID=1241) to work on /home/airflow/.local/lib/python3.12/site-packages/airflow/example_dags/example_branch_python_dop_operator_3.py
[2025-12-09T19:24:21.833+0000] {processor.py:914} INFO - Processing file /home/airflow/.local/lib/python3.12/site-packages/airflow/example_dags/example_branch_python_dop_operator_3.py for tasks to queue
[2025-12-09T19:24:21.837+0000] {logging_mixin.py:190} INFO - [2025-12-09T19:24:21.836+0000] {dagbag.py:587} INFO - Filling up the DagBag from /home/airflow/.local/lib/python3.12/site-packages/airflow/example_dags/example_branch_python_dop_operator_3.py
[2025-12-09T19:24:21.855+0000] {processor.py:925} INFO - DAG(s) 'example_branch_dop_operator_v3' retrieved from /home/airflow/.local/lib/python3.12/site-packages/airflow/example_dags/example_branch_python_dop_operator_3.py
[2025-12-09T19:24:21.893+0000] {logging_mixin.py:190} INFO - [2025-12-09T19:24:21.893+0000] {dag.py:3229} INFO - Sync 1 DAGs
[2025-12-09T19:24:21.933+0000] {logging_mixin.py:190} INFO - [2025-12-09T19:24:21.933+0000] {dag.py:4156} INFO - Setting next_dagrun for example_branch_dop_operator_v3 to 2025-12-09 19:23:00+00:00, run_after=2025-12-09 19:24:00+00:00
[2025-12-09T19:24:21.962+0000] {processor.py:208} INFO - Processing /home/airflow/.local/lib/python3.12/site-packages/airflow/example_dags/example_branch_python_dop_operator_3.py took 0.141 seconds
[2025-12-09T19:24:52.516+0000] {processor.py:186} INFO - Started process (PID=1304) to work on /home/airflow/.local/lib/python3.12/site-packages/airflow/example_dags/example_branch_python_dop_operator_3.py
[2025-12-09T19:24:52.533+0000] {processor.py:914} INFO - Processing file /home/airflow/.local/lib/python3.12/site-packages/airflow/example_dags/example_branch_python_dop_operator_3.py for tasks to queue
[2025-12-09T19:24:52.537+0000] {logging_mixin.py:190} INFO - [2025-12-09T19:24:52.536+0000] {dagbag.py:587} INFO - Filling up the DagBag from /home/airflow/.local/lib/python3.12/site-packages/airflow/example_dags/example_branch_python_dop_operator_3.py
[2025-12-09T19:24:52.557+0000] {processor.py:925} INFO - DAG(s) 'example_branch_dop_operator_v3' retrieved from /home/airflow/.local/lib/python3.12/site-packages/airflow/example_dags/example_branch_python_dop_operator_3.py
[2025-12-09T19:24:52.593+0000] {logging_mixin.py:190} INFO - [2025-12-09T19:24:52.592+0000] {dag.py:3229} INFO - Sync 1 DAGs
[2025-12-09T19:24:52.631+0000] {logging_mixin.py:190} INFO - [2025-12-09T19:24:52.631+0000] {dag.py:4156} INFO - Setting next_dagrun for example_branch_dop_operator_v3 to 2025-12-09 19:23:00+00:00, run_after=2025-12-09 19:24:00+00:00
[2025-12-09T19:24:52.666+0000] {processor.py:208} INFO - Processing /home/airflow/.local/lib/python3.12/site-packages/airflow/example_dags/example_branch_python_dop_operator_3.py took 0.159 seconds
[2025-12-09T19:25:23.038+0000] {processor.py:186} INFO - Started process (PID=1364) to work on /home/airflow/.local/lib/python3.12/site-packages/airflow/example_dags/example_branch_python_dop_operator_3.py
[2025-12-09T19:25:23.057+0000] {processor.py:914} INFO - Processing file /home/airflow/.local/lib/python3.12/site-packages/airflow/example_dags/example_branch_python_dop_operator_3.py for tasks to queue
[2025-12-09T19:25:23.061+0000] {logging_mixin.py:190} INFO - [2025-12-09T19:25:23.060+0000] {dagbag.py:587} INFO - Filling up the DagBag from /home/airflow/.local/lib/python3.12/site-packages/airflow/example_dags/example_branch_python_dop_operator_3.py
[2025-12-09T19:25:23.078+0000] {processor.py:925} INFO - DAG(s) 'example_branch_dop_operator_v3' retrieved from /home/airflow/.local/lib/python3.12/site-packages/airflow/example_dags/example_branch_python_dop_operator_3.py
[2025-12-09T19:25:23.111+0000] {logging_mixin.py:190} INFO - [2025-12-09T19:25:23.111+0000] {dag.py:3229} INFO - Sync 1 DAGs
[2025-12-09T19:25:23.145+0000] {logging_mixin.py:190} INFO - [2025-12-09T19:25:23.145+0000] {dag.py:4156} INFO - Setting next_dagrun for example_branch_dop_operator_v3 to 2025-12-09 19:24:00+00:00, run_after=2025-12-09 19:25:00+00:00
[2025-12-09T19:25:23.192+0000] {processor.py:208} INFO - Processing /home/airflow/.local/lib/python3.12/site-packages/airflow/example_dags/example_branch_python_dop_operator_3.py took 0.163 seconds
[2025-12-09T19:25:54.010+0000] {processor.py:186} INFO - Started process (PID=1426) to work on /home/airflow/.local/lib/python3.12/site-packages/airflow/example_dags/example_branch_python_dop_operator_3.py
[2025-12-09T19:25:54.015+0000] {processor.py:914} INFO - Processing file /home/airflow/.local/lib/python3.12/site-packages/airflow/example_dags/example_branch_python_dop_operator_3.py for tasks to queue
[2025-12-09T19:25:54.019+0000] {logging_mixin.py:190} INFO - [2025-12-09T19:25:54.019+0000] {dagbag.py:587} INFO - Filling up the DagBag from /home/airflow/.local/lib/python3.12/site-packages/airflow/example_dags/example_branch_python_dop_operator_3.py
[2025-12-09T19:25:54.039+0000] {processor.py:925} INFO - DAG(s) 'example_branch_dop_operator_v3' retrieved from /home/airflow/.local/lib/python3.12/site-packages/airflow/example_dags/example_branch_python_dop_operator_3.py
[2025-12-09T19:26:02.205+0000] {logging_mixin.py:190} INFO - [2025-12-09T19:26:02.205+0000] {dag.py:3229} INFO - Sync 1 DAGs
[2025-12-09T19:25:53.848+0000] {logging_mixin.py:190} INFO - [2025-12-09T19:25:53.848+0000] {dag.py:4156} INFO - Setting next_dagrun for example_branch_dop_operator_v3 to 2025-12-09 19:24:00+00:00, run_after=2025-12-09 19:25:00+00:00
[2025-12-09T19:25:53.886+0000] {processor.py:208} INFO - Processing /home/airflow/.local/lib/python3.12/site-packages/airflow/example_dags/example_branch_python_dop_operator_3.py took 0.164 seconds
