[2025-12-09T19:15:33.299+0000] {processor.py:186} INFO - Started process (PID=87) to work on /home/airflow/.local/lib/python3.12/site-packages/airflow/example_dags/example_python_operator.py
[2025-12-09T19:15:33.300+0000] {processor.py:914} INFO - Processing file /home/airflow/.local/lib/python3.12/site-packages/airflow/example_dags/example_python_operator.py for tasks to queue
[2025-12-09T19:15:33.304+0000] {logging_mixin.py:190} INFO - [2025-12-09T19:15:33.303+0000] {dagbag.py:587} INFO - Filling up the DagBag from /home/airflow/.local/lib/python3.12/site-packages/airflow/example_dags/example_python_operator.py
[2025-12-09T19:15:33.324+0000] {processor.py:925} INFO - DAG(s) 'example_python_operator' retrieved from /home/airflow/.local/lib/python3.12/site-packages/airflow/example_dags/example_python_operator.py
[2025-12-09T19:15:33.015+0000] {logging_mixin.py:190} INFO - [2025-12-09T19:15:33.014+0000] {override.py:1900} INFO - Created Permission View: can read on DAG:example_python_operator
[2025-12-09T19:15:33.034+0000] {logging_mixin.py:190} INFO - [2025-12-09T19:15:33.034+0000] {override.py:1900} INFO - Created Permission View: can delete on DAG:example_python_operator
[2025-12-09T19:15:33.047+0000] {logging_mixin.py:190} INFO - [2025-12-09T19:15:33.046+0000] {override.py:1900} INFO - Created Permission View: can edit on DAG:example_python_operator
[2025-12-09T19:15:33.062+0000] {logging_mixin.py:190} INFO - [2025-12-09T19:15:33.062+0000] {override.py:1900} INFO - Created Permission View: can read on DAG Run:example_python_operator
[2025-12-09T19:15:33.071+0000] {logging_mixin.py:190} INFO - [2025-12-09T19:15:33.071+0000] {override.py:1900} INFO - Created Permission View: can delete on DAG Run:example_python_operator
[2025-12-09T19:15:33.082+0000] {logging_mixin.py:190} INFO - [2025-12-09T19:15:33.082+0000] {override.py:1900} INFO - Created Permission View: menu access on DAG Run:example_python_operator
[2025-12-09T19:15:33.091+0000] {logging_mixin.py:190} INFO - [2025-12-09T19:15:33.091+0000] {override.py:1900} INFO - Created Permission View: can create on DAG Run:example_python_operator
[2025-12-09T19:15:33.092+0000] {logging_mixin.py:190} INFO - [2025-12-09T19:15:33.091+0000] {dag.py:3229} INFO - Sync 1 DAGs
[2025-12-09T19:15:33.113+0000] {logging_mixin.py:190} INFO - [2025-12-09T19:15:33.112+0000] {dag.py:3252} INFO - Creating ORM DAG for example_python_operator
[2025-12-09T19:15:33.114+0000] {logging_mixin.py:190} INFO - [2025-12-09T19:15:33.114+0000] {dag.py:4156} INFO - Setting next_dagrun for example_python_operator to None, run_after=None
[2025-12-09T19:15:33.140+0000] {processor.py:208} INFO - Processing /home/airflow/.local/lib/python3.12/site-packages/airflow/example_dags/example_python_operator.py took 0.349 seconds
[2025-12-09T19:16:03.416+0000] {processor.py:186} INFO - Started process (PID=155) to work on /home/airflow/.local/lib/python3.12/site-packages/airflow/example_dags/example_python_operator.py
[2025-12-09T19:16:03.419+0000] {processor.py:914} INFO - Processing file /home/airflow/.local/lib/python3.12/site-packages/airflow/example_dags/example_python_operator.py for tasks to queue
[2025-12-09T19:16:03.423+0000] {logging_mixin.py:190} INFO - [2025-12-09T19:16:03.422+0000] {dagbag.py:587} INFO - Filling up the DagBag from /home/airflow/.local/lib/python3.12/site-packages/airflow/example_dags/example_python_operator.py
[2025-12-09T19:16:03.445+0000] {processor.py:925} INFO - DAG(s) 'example_python_operator' retrieved from /home/airflow/.local/lib/python3.12/site-packages/airflow/example_dags/example_python_operator.py
[2025-12-09T19:16:03.483+0000] {logging_mixin.py:190} INFO - [2025-12-09T19:16:03.483+0000] {dag.py:3229} INFO - Sync 1 DAGs
[2025-12-09T19:16:03.504+0000] {logging_mixin.py:190} INFO - [2025-12-09T19:16:03.504+0000] {dag.py:4156} INFO - Setting next_dagrun for example_python_operator to None, run_after=None
[2025-12-09T19:16:03.547+0000] {processor.py:208} INFO - Processing /home/airflow/.local/lib/python3.12/site-packages/airflow/example_dags/example_python_operator.py took 0.141 seconds
[2025-12-09T19:16:42.953+0000] {processor.py:186} INFO - Started process (PID=214) to work on /home/airflow/.local/lib/python3.12/site-packages/airflow/example_dags/example_python_operator.py
[2025-12-09T19:16:42.984+0000] {processor.py:914} INFO - Processing file /home/airflow/.local/lib/python3.12/site-packages/airflow/example_dags/example_python_operator.py for tasks to queue
[2025-12-09T19:16:42.988+0000] {logging_mixin.py:190} INFO - [2025-12-09T19:16:42.988+0000] {dagbag.py:587} INFO - Filling up the DagBag from /home/airflow/.local/lib/python3.12/site-packages/airflow/example_dags/example_python_operator.py
[2025-12-09T19:16:43.007+0000] {processor.py:925} INFO - DAG(s) 'example_python_operator' retrieved from /home/airflow/.local/lib/python3.12/site-packages/airflow/example_dags/example_python_operator.py
[2025-12-09T19:16:43.045+0000] {logging_mixin.py:190} INFO - [2025-12-09T19:16:43.044+0000] {dag.py:3229} INFO - Sync 1 DAGs
[2025-12-09T19:16:43.071+0000] {logging_mixin.py:190} INFO - [2025-12-09T19:16:43.070+0000] {dag.py:4156} INFO - Setting next_dagrun for example_python_operator to None, run_after=None
[2025-12-09T19:16:43.100+0000] {processor.py:208} INFO - Processing /home/airflow/.local/lib/python3.12/site-packages/airflow/example_dags/example_python_operator.py took 0.157 seconds
[2025-12-09T19:17:13.175+0000] {processor.py:186} INFO - Started process (PID=311) to work on /home/airflow/.local/lib/python3.12/site-packages/airflow/example_dags/example_python_operator.py
[2025-12-09T19:17:13.209+0000] {processor.py:914} INFO - Processing file /home/airflow/.local/lib/python3.12/site-packages/airflow/example_dags/example_python_operator.py for tasks to queue
[2025-12-09T19:17:13.212+0000] {logging_mixin.py:190} INFO - [2025-12-09T19:17:13.212+0000] {dagbag.py:587} INFO - Filling up the DagBag from /home/airflow/.local/lib/python3.12/site-packages/airflow/example_dags/example_python_operator.py
[2025-12-09T19:17:13.232+0000] {processor.py:925} INFO - DAG(s) 'example_python_operator' retrieved from /home/airflow/.local/lib/python3.12/site-packages/airflow/example_dags/example_python_operator.py
[2025-12-09T19:17:13.268+0000] {logging_mixin.py:190} INFO - [2025-12-09T19:17:13.267+0000] {dag.py:3229} INFO - Sync 1 DAGs
[2025-12-09T19:17:13.287+0000] {logging_mixin.py:190} INFO - [2025-12-09T19:17:13.286+0000] {dag.py:4156} INFO - Setting next_dagrun for example_python_operator to None, run_after=None
[2025-12-09T19:17:21.496+0000] {processor.py:208} INFO - Processing /home/airflow/.local/lib/python3.12/site-packages/airflow/example_dags/example_python_operator.py took 0.182 seconds
[2025-12-09T19:17:56.603+0000] {processor.py:186} INFO - Started process (PID=383) to work on /home/airflow/.local/lib/python3.12/site-packages/airflow/example_dags/example_python_operator.py
[2025-12-09T19:17:56.606+0000] {processor.py:914} INFO - Processing file /home/airflow/.local/lib/python3.12/site-packages/airflow/example_dags/example_python_operator.py for tasks to queue
[2025-12-09T19:17:56.610+0000] {logging_mixin.py:190} INFO - [2025-12-09T19:17:56.610+0000] {dagbag.py:587} INFO - Filling up the DagBag from /home/airflow/.local/lib/python3.12/site-packages/airflow/example_dags/example_python_operator.py
[2025-12-09T19:17:56.628+0000] {processor.py:925} INFO - DAG(s) 'example_python_operator' retrieved from /home/airflow/.local/lib/python3.12/site-packages/airflow/example_dags/example_python_operator.py
[2025-12-09T19:17:56.666+0000] {logging_mixin.py:190} INFO - [2025-12-09T19:17:56.666+0000] {dag.py:3229} INFO - Sync 1 DAGs
[2025-12-09T19:17:56.693+0000] {logging_mixin.py:190} INFO - [2025-12-09T19:17:56.692+0000] {dag.py:4156} INFO - Setting next_dagrun for example_python_operator to None, run_after=None
[2025-12-09T19:17:56.745+0000] {processor.py:208} INFO - Processing /home/airflow/.local/lib/python3.12/site-packages/airflow/example_dags/example_python_operator.py took 0.153 seconds
[2025-12-09T19:18:31.808+0000] {processor.py:186} INFO - Started process (PID=453) to work on /home/airflow/.local/lib/python3.12/site-packages/airflow/example_dags/example_python_operator.py
[2025-12-09T19:18:31.810+0000] {processor.py:914} INFO - Processing file /home/airflow/.local/lib/python3.12/site-packages/airflow/example_dags/example_python_operator.py for tasks to queue
[2025-12-09T19:18:31.815+0000] {logging_mixin.py:190} INFO - [2025-12-09T19:18:31.814+0000] {dagbag.py:587} INFO - Filling up the DagBag from /home/airflow/.local/lib/python3.12/site-packages/airflow/example_dags/example_python_operator.py
[2025-12-09T19:18:31.835+0000] {processor.py:925} INFO - DAG(s) 'example_python_operator' retrieved from /home/airflow/.local/lib/python3.12/site-packages/airflow/example_dags/example_python_operator.py
[2025-12-09T19:18:31.877+0000] {logging_mixin.py:190} INFO - [2025-12-09T19:18:31.877+0000] {dag.py:3229} INFO - Sync 1 DAGs
[2025-12-09T19:18:31.906+0000] {logging_mixin.py:190} INFO - [2025-12-09T19:18:31.906+0000] {dag.py:4156} INFO - Setting next_dagrun for example_python_operator to None, run_after=None
[2025-12-09T19:18:31.913+0000] {processor.py:208} INFO - Processing /home/airflow/.local/lib/python3.12/site-packages/airflow/example_dags/example_python_operator.py took 0.152 seconds
[2025-12-09T19:18:59.014+0000] {processor.py:186} INFO - Started process (PID=542) to work on /home/airflow/.local/lib/python3.12/site-packages/airflow/example_dags/example_python_operator.py
[2025-12-09T19:18:59.045+0000] {processor.py:914} INFO - Processing file /home/airflow/.local/lib/python3.12/site-packages/airflow/example_dags/example_python_operator.py for tasks to queue
[2025-12-09T19:18:59.050+0000] {logging_mixin.py:190} INFO - [2025-12-09T19:18:59.049+0000] {dagbag.py:587} INFO - Filling up the DagBag from /home/airflow/.local/lib/python3.12/site-packages/airflow/example_dags/example_python_operator.py
[2025-12-09T19:18:59.076+0000] {processor.py:925} INFO - DAG(s) 'example_python_operator' retrieved from /home/airflow/.local/lib/python3.12/site-packages/airflow/example_dags/example_python_operator.py
[2025-12-09T19:18:59.117+0000] {logging_mixin.py:190} INFO - [2025-12-09T19:18:59.117+0000] {dag.py:3229} INFO - Sync 1 DAGs
[2025-12-09T19:18:59.142+0000] {logging_mixin.py:190} INFO - [2025-12-09T19:18:59.141+0000] {dag.py:4156} INFO - Setting next_dagrun for example_python_operator to None, run_after=None
[2025-12-09T19:18:59.176+0000] {processor.py:208} INFO - Processing /home/airflow/.local/lib/python3.12/site-packages/airflow/example_dags/example_python_operator.py took 0.173 seconds
[2025-12-09T19:19:24.302+0000] {processor.py:186} INFO - Started process (PID=595) to work on /home/airflow/.local/lib/python3.12/site-packages/airflow/example_dags/example_python_operator.py
[2025-12-09T19:19:24.333+0000] {processor.py:914} INFO - Processing file /home/airflow/.local/lib/python3.12/site-packages/airflow/example_dags/example_python_operator.py for tasks to queue
[2025-12-09T19:19:24.338+0000] {logging_mixin.py:190} INFO - [2025-12-09T19:19:24.337+0000] {dagbag.py:587} INFO - Filling up the DagBag from /home/airflow/.local/lib/python3.12/site-packages/airflow/example_dags/example_python_operator.py
[2025-12-09T19:19:24.360+0000] {processor.py:925} INFO - DAG(s) 'example_python_operator' retrieved from /home/airflow/.local/lib/python3.12/site-packages/airflow/example_dags/example_python_operator.py
[2025-12-09T19:19:24.405+0000] {logging_mixin.py:190} INFO - [2025-12-09T19:19:24.404+0000] {dag.py:3229} INFO - Sync 1 DAGs
[2025-12-09T19:19:24.427+0000] {logging_mixin.py:190} INFO - [2025-12-09T19:19:24.426+0000] {dag.py:4156} INFO - Setting next_dagrun for example_python_operator to None, run_after=None
[2025-12-09T19:19:24.493+0000] {processor.py:208} INFO - Processing /home/airflow/.local/lib/python3.12/site-packages/airflow/example_dags/example_python_operator.py took 0.204 seconds
[2025-12-09T19:19:49.012+0000] {processor.py:186} INFO - Started process (PID=644) to work on /home/airflow/.local/lib/python3.12/site-packages/airflow/example_dags/example_python_operator.py
[2025-12-09T19:19:49.027+0000] {processor.py:914} INFO - Processing file /home/airflow/.local/lib/python3.12/site-packages/airflow/example_dags/example_python_operator.py for tasks to queue
[2025-12-09T19:19:49.031+0000] {logging_mixin.py:190} INFO - [2025-12-09T19:19:49.031+0000] {dagbag.py:587} INFO - Filling up the DagBag from /home/airflow/.local/lib/python3.12/site-packages/airflow/example_dags/example_python_operator.py
[2025-12-09T19:19:49.052+0000] {processor.py:925} INFO - DAG(s) 'example_python_operator' retrieved from /home/airflow/.local/lib/python3.12/site-packages/airflow/example_dags/example_python_operator.py
[2025-12-09T19:19:49.086+0000] {logging_mixin.py:190} INFO - [2025-12-09T19:19:49.085+0000] {dag.py:3229} INFO - Sync 1 DAGs
[2025-12-09T19:19:49.106+0000] {logging_mixin.py:190} INFO - [2025-12-09T19:19:49.105+0000] {dag.py:4156} INFO - Setting next_dagrun for example_python_operator to None, run_after=None
[2025-12-09T19:19:49.164+0000] {processor.py:208} INFO - Processing /home/airflow/.local/lib/python3.12/site-packages/airflow/example_dags/example_python_operator.py took 0.163 seconds
[2025-12-09T19:20:18.754+0000] {processor.py:186} INFO - Started process (PID=706) to work on /home/airflow/.local/lib/python3.12/site-packages/airflow/example_dags/example_python_operator.py
[2025-12-09T19:20:18.789+0000] {processor.py:914} INFO - Processing file /home/airflow/.local/lib/python3.12/site-packages/airflow/example_dags/example_python_operator.py for tasks to queue
[2025-12-09T19:20:18.794+0000] {logging_mixin.py:190} INFO - [2025-12-09T19:20:18.793+0000] {dagbag.py:587} INFO - Filling up the DagBag from /home/airflow/.local/lib/python3.12/site-packages/airflow/example_dags/example_python_operator.py
[2025-12-09T19:20:18.818+0000] {processor.py:925} INFO - DAG(s) 'example_python_operator' retrieved from /home/airflow/.local/lib/python3.12/site-packages/airflow/example_dags/example_python_operator.py
[2025-12-09T19:20:18.865+0000] {logging_mixin.py:190} INFO - [2025-12-09T19:20:18.864+0000] {dag.py:3229} INFO - Sync 1 DAGs
[2025-12-09T19:20:18.893+0000] {logging_mixin.py:190} INFO - [2025-12-09T19:20:18.893+0000] {dag.py:4156} INFO - Setting next_dagrun for example_python_operator to None, run_after=None
[2025-12-09T19:20:18.956+0000] {processor.py:208} INFO - Processing /home/airflow/.local/lib/python3.12/site-packages/airflow/example_dags/example_python_operator.py took 0.213 seconds
[2025-12-09T19:20:49.710+0000] {processor.py:186} INFO - Started process (PID=764) to work on /home/airflow/.local/lib/python3.12/site-packages/airflow/example_dags/example_python_operator.py
[2025-12-09T19:20:49.740+0000] {processor.py:914} INFO - Processing file /home/airflow/.local/lib/python3.12/site-packages/airflow/example_dags/example_python_operator.py for tasks to queue
[2025-12-09T19:20:49.744+0000] {logging_mixin.py:190} INFO - [2025-12-09T19:20:49.744+0000] {dagbag.py:587} INFO - Filling up the DagBag from /home/airflow/.local/lib/python3.12/site-packages/airflow/example_dags/example_python_operator.py
[2025-12-09T19:20:49.765+0000] {processor.py:925} INFO - DAG(s) 'example_python_operator' retrieved from /home/airflow/.local/lib/python3.12/site-packages/airflow/example_dags/example_python_operator.py
[2025-12-09T19:20:49.801+0000] {logging_mixin.py:190} INFO - [2025-12-09T19:20:49.801+0000] {dag.py:3229} INFO - Sync 1 DAGs
[2025-12-09T19:20:49.820+0000] {logging_mixin.py:190} INFO - [2025-12-09T19:20:49.820+0000] {dag.py:4156} INFO - Setting next_dagrun for example_python_operator to None, run_after=None
[2025-12-09T19:20:49.879+0000] {processor.py:208} INFO - Processing /home/airflow/.local/lib/python3.12/site-packages/airflow/example_dags/example_python_operator.py took 0.178 seconds
[2025-12-09T19:21:20.017+0000] {processor.py:186} INFO - Started process (PID=826) to work on /home/airflow/.local/lib/python3.12/site-packages/airflow/example_dags/example_python_operator.py
[2025-12-09T19:21:20.030+0000] {processor.py:914} INFO - Processing file /home/airflow/.local/lib/python3.12/site-packages/airflow/example_dags/example_python_operator.py for tasks to queue
[2025-12-09T19:21:20.033+0000] {logging_mixin.py:190} INFO - [2025-12-09T19:21:20.033+0000] {dagbag.py:587} INFO - Filling up the DagBag from /home/airflow/.local/lib/python3.12/site-packages/airflow/example_dags/example_python_operator.py
[2025-12-09T19:21:20.053+0000] {processor.py:925} INFO - DAG(s) 'example_python_operator' retrieved from /home/airflow/.local/lib/python3.12/site-packages/airflow/example_dags/example_python_operator.py
[2025-12-09T19:21:20.093+0000] {logging_mixin.py:190} INFO - [2025-12-09T19:21:20.092+0000] {dag.py:3229} INFO - Sync 1 DAGs
[2025-12-09T19:21:20.117+0000] {logging_mixin.py:190} INFO - [2025-12-09T19:21:20.116+0000] {dag.py:4156} INFO - Setting next_dagrun for example_python_operator to None, run_after=None
[2025-12-09T19:21:20.179+0000] {processor.py:208} INFO - Processing /home/airflow/.local/lib/python3.12/site-packages/airflow/example_dags/example_python_operator.py took 0.172 seconds
[2025-12-09T19:21:56.975+0000] {processor.py:186} INFO - Started process (PID=888) to work on /home/airflow/.local/lib/python3.12/site-packages/airflow/example_dags/example_python_operator.py
[2025-12-09T19:21:57.009+0000] {processor.py:914} INFO - Processing file /home/airflow/.local/lib/python3.12/site-packages/airflow/example_dags/example_python_operator.py for tasks to queue
[2025-12-09T19:21:57.014+0000] {logging_mixin.py:190} INFO - [2025-12-09T19:21:57.014+0000] {dagbag.py:587} INFO - Filling up the DagBag from /home/airflow/.local/lib/python3.12/site-packages/airflow/example_dags/example_python_operator.py
[2025-12-09T19:21:57.038+0000] {processor.py:925} INFO - DAG(s) 'example_python_operator' retrieved from /home/airflow/.local/lib/python3.12/site-packages/airflow/example_dags/example_python_operator.py
[2025-12-09T19:21:57.077+0000] {logging_mixin.py:190} INFO - [2025-12-09T19:21:57.077+0000] {dag.py:3229} INFO - Sync 1 DAGs
[2025-12-09T19:21:57.102+0000] {logging_mixin.py:190} INFO - [2025-12-09T19:21:57.102+0000] {dag.py:4156} INFO - Setting next_dagrun for example_python_operator to None, run_after=None
[2025-12-09T19:21:57.143+0000] {processor.py:208} INFO - Processing /home/airflow/.local/lib/python3.12/site-packages/airflow/example_dags/example_python_operator.py took 0.178 seconds
[2025-12-09T19:22:27.301+0000] {processor.py:186} INFO - Started process (PID=992) to work on /home/airflow/.local/lib/python3.12/site-packages/airflow/example_dags/example_python_operator.py
[2025-12-09T19:22:27.303+0000] {processor.py:914} INFO - Processing file /home/airflow/.local/lib/python3.12/site-packages/airflow/example_dags/example_python_operator.py for tasks to queue
[2025-12-09T19:22:27.307+0000] {logging_mixin.py:190} INFO - [2025-12-09T19:22:27.307+0000] {dagbag.py:587} INFO - Filling up the DagBag from /home/airflow/.local/lib/python3.12/site-packages/airflow/example_dags/example_python_operator.py
[2025-12-09T19:22:27.324+0000] {processor.py:925} INFO - DAG(s) 'example_python_operator' retrieved from /home/airflow/.local/lib/python3.12/site-packages/airflow/example_dags/example_python_operator.py
[2025-12-09T19:22:27.360+0000] {logging_mixin.py:190} INFO - [2025-12-09T19:22:27.360+0000] {dag.py:3229} INFO - Sync 1 DAGs
[2025-12-09T19:22:27.381+0000] {logging_mixin.py:190} INFO - [2025-12-09T19:22:27.381+0000] {dag.py:4156} INFO - Setting next_dagrun for example_python_operator to None, run_after=None
[2025-12-09T19:22:27.445+0000] {processor.py:208} INFO - Processing /home/airflow/.local/lib/python3.12/site-packages/airflow/example_dags/example_python_operator.py took 0.153 seconds
[2025-12-09T19:22:57.777+0000] {processor.py:186} INFO - Started process (PID=1060) to work on /home/airflow/.local/lib/python3.12/site-packages/airflow/example_dags/example_python_operator.py
[2025-12-09T19:22:57.809+0000] {processor.py:914} INFO - Processing file /home/airflow/.local/lib/python3.12/site-packages/airflow/example_dags/example_python_operator.py for tasks to queue
[2025-12-09T19:22:57.814+0000] {logging_mixin.py:190} INFO - [2025-12-09T19:22:57.813+0000] {dagbag.py:587} INFO - Filling up the DagBag from /home/airflow/.local/lib/python3.12/site-packages/airflow/example_dags/example_python_operator.py
[2025-12-09T19:22:57.835+0000] {processor.py:925} INFO - DAG(s) 'example_python_operator' retrieved from /home/airflow/.local/lib/python3.12/site-packages/airflow/example_dags/example_python_operator.py
[2025-12-09T19:22:57.879+0000] {logging_mixin.py:190} INFO - [2025-12-09T19:22:57.879+0000] {dag.py:3229} INFO - Sync 1 DAGs
[2025-12-09T19:22:57.901+0000] {logging_mixin.py:190} INFO - [2025-12-09T19:22:57.900+0000] {dag.py:4156} INFO - Setting next_dagrun for example_python_operator to None, run_after=None
[2025-12-09T19:22:57.964+0000] {processor.py:208} INFO - Processing /home/airflow/.local/lib/python3.12/site-packages/airflow/example_dags/example_python_operator.py took 0.197 seconds
[2025-12-09T19:23:24.065+0000] {processor.py:186} INFO - Started process (PID=1115) to work on /home/airflow/.local/lib/python3.12/site-packages/airflow/example_dags/example_python_operator.py
[2025-12-09T19:23:24.075+0000] {processor.py:914} INFO - Processing file /home/airflow/.local/lib/python3.12/site-packages/airflow/example_dags/example_python_operator.py for tasks to queue
[2025-12-09T19:23:24.079+0000] {logging_mixin.py:190} INFO - [2025-12-09T19:23:24.078+0000] {dagbag.py:587} INFO - Filling up the DagBag from /home/airflow/.local/lib/python3.12/site-packages/airflow/example_dags/example_python_operator.py
[2025-12-09T19:23:24.097+0000] {processor.py:925} INFO - DAG(s) 'example_python_operator' retrieved from /home/airflow/.local/lib/python3.12/site-packages/airflow/example_dags/example_python_operator.py
[2025-12-09T19:23:24.130+0000] {logging_mixin.py:190} INFO - [2025-12-09T19:23:24.130+0000] {dag.py:3229} INFO - Sync 1 DAGs
[2025-12-09T19:23:24.151+0000] {logging_mixin.py:190} INFO - [2025-12-09T19:23:24.151+0000] {dag.py:4156} INFO - Setting next_dagrun for example_python_operator to None, run_after=None
[2025-12-09T19:23:24.214+0000] {processor.py:208} INFO - Processing /home/airflow/.local/lib/python3.12/site-packages/airflow/example_dags/example_python_operator.py took 0.158 seconds
[2025-12-09T19:23:54.018+0000] {processor.py:186} INFO - Started process (PID=1169) to work on /home/airflow/.local/lib/python3.12/site-packages/airflow/example_dags/example_python_operator.py
[2025-12-09T19:23:54.021+0000] {processor.py:914} INFO - Processing file /home/airflow/.local/lib/python3.12/site-packages/airflow/example_dags/example_python_operator.py for tasks to queue
[2025-12-09T19:23:54.024+0000] {logging_mixin.py:190} INFO - [2025-12-09T19:23:54.024+0000] {dagbag.py:587} INFO - Filling up the DagBag from /home/airflow/.local/lib/python3.12/site-packages/airflow/example_dags/example_python_operator.py
[2025-12-09T19:23:54.043+0000] {processor.py:925} INFO - DAG(s) 'example_python_operator' retrieved from /home/airflow/.local/lib/python3.12/site-packages/airflow/example_dags/example_python_operator.py
[2025-12-09T19:23:54.078+0000] {logging_mixin.py:190} INFO - [2025-12-09T19:23:54.078+0000] {dag.py:3229} INFO - Sync 1 DAGs
[2025-12-09T19:23:54.100+0000] {logging_mixin.py:190} INFO - [2025-12-09T19:23:54.099+0000] {dag.py:4156} INFO - Setting next_dagrun for example_python_operator to None, run_after=None
[2025-12-09T19:23:54.149+0000] {processor.py:208} INFO - Processing /home/airflow/.local/lib/python3.12/site-packages/airflow/example_dags/example_python_operator.py took 0.142 seconds
[2025-12-09T19:24:27.389+0000] {processor.py:186} INFO - Started process (PID=1221) to work on /home/airflow/.local/lib/python3.12/site-packages/airflow/example_dags/example_python_operator.py
[2025-12-09T19:24:27.419+0000] {processor.py:914} INFO - Processing file /home/airflow/.local/lib/python3.12/site-packages/airflow/example_dags/example_python_operator.py for tasks to queue
[2025-12-09T19:24:27.423+0000] {logging_mixin.py:190} INFO - [2025-12-09T19:24:27.423+0000] {dagbag.py:587} INFO - Filling up the DagBag from /home/airflow/.local/lib/python3.12/site-packages/airflow/example_dags/example_python_operator.py
[2025-12-09T19:24:27.441+0000] {processor.py:925} INFO - DAG(s) 'example_python_operator' retrieved from /home/airflow/.local/lib/python3.12/site-packages/airflow/example_dags/example_python_operator.py
[2025-12-09T19:24:27.474+0000] {logging_mixin.py:190} INFO - [2025-12-09T19:24:27.474+0000] {dag.py:3229} INFO - Sync 1 DAGs
[2025-12-09T19:24:27.494+0000] {logging_mixin.py:190} INFO - [2025-12-09T19:24:27.494+0000] {dag.py:4156} INFO - Setting next_dagrun for example_python_operator to None, run_after=None
[2025-12-09T19:24:18.914+0000] {processor.py:208} INFO - Processing /home/airflow/.local/lib/python3.12/site-packages/airflow/example_dags/example_python_operator.py took 0.178 seconds
[2025-12-09T19:24:48.946+0000] {processor.py:186} INFO - Started process (PID=1283) to work on /home/airflow/.local/lib/python3.12/site-packages/airflow/example_dags/example_python_operator.py
[2025-12-09T19:24:48.977+0000] {processor.py:914} INFO - Processing file /home/airflow/.local/lib/python3.12/site-packages/airflow/example_dags/example_python_operator.py for tasks to queue
[2025-12-09T19:24:48.981+0000] {logging_mixin.py:190} INFO - [2025-12-09T19:24:48.980+0000] {dagbag.py:587} INFO - Filling up the DagBag from /home/airflow/.local/lib/python3.12/site-packages/airflow/example_dags/example_python_operator.py
[2025-12-09T19:24:48.999+0000] {processor.py:925} INFO - DAG(s) 'example_python_operator' retrieved from /home/airflow/.local/lib/python3.12/site-packages/airflow/example_dags/example_python_operator.py
[2025-12-09T19:24:49.040+0000] {logging_mixin.py:190} INFO - [2025-12-09T19:24:49.040+0000] {dag.py:3229} INFO - Sync 1 DAGs
[2025-12-09T19:24:49.066+0000] {logging_mixin.py:190} INFO - [2025-12-09T19:24:49.066+0000] {dag.py:4156} INFO - Setting next_dagrun for example_python_operator to None, run_after=None
[2025-12-09T19:24:49.090+0000] {processor.py:208} INFO - Processing /home/airflow/.local/lib/python3.12/site-packages/airflow/example_dags/example_python_operator.py took 0.154 seconds
[2025-12-09T19:25:13.079+0000] {processor.py:186} INFO - Started process (PID=1343) to work on /home/airflow/.local/lib/python3.12/site-packages/airflow/example_dags/example_python_operator.py
[2025-12-09T19:25:13.081+0000] {processor.py:914} INFO - Processing file /home/airflow/.local/lib/python3.12/site-packages/airflow/example_dags/example_python_operator.py for tasks to queue
[2025-12-09T19:25:13.085+0000] {logging_mixin.py:190} INFO - [2025-12-09T19:25:13.084+0000] {dagbag.py:587} INFO - Filling up the DagBag from /home/airflow/.local/lib/python3.12/site-packages/airflow/example_dags/example_python_operator.py
[2025-12-09T19:25:13.109+0000] {processor.py:925} INFO - DAG(s) 'example_python_operator' retrieved from /home/airflow/.local/lib/python3.12/site-packages/airflow/example_dags/example_python_operator.py
[2025-12-09T19:25:13.144+0000] {logging_mixin.py:190} INFO - [2025-12-09T19:25:13.144+0000] {dag.py:3229} INFO - Sync 1 DAGs
[2025-12-09T19:25:13.165+0000] {logging_mixin.py:190} INFO - [2025-12-09T19:25:13.164+0000] {dag.py:4156} INFO - Setting next_dagrun for example_python_operator to None, run_after=None
[2025-12-09T19:25:13.225+0000] {processor.py:208} INFO - Processing /home/airflow/.local/lib/python3.12/site-packages/airflow/example_dags/example_python_operator.py took 0.158 seconds
[2025-12-09T19:25:43.894+0000] {processor.py:186} INFO - Started process (PID=1403) to work on /home/airflow/.local/lib/python3.12/site-packages/airflow/example_dags/example_python_operator.py
[2025-12-09T19:25:43.906+0000] {processor.py:914} INFO - Processing file /home/airflow/.local/lib/python3.12/site-packages/airflow/example_dags/example_python_operator.py for tasks to queue
[2025-12-09T19:25:43.911+0000] {logging_mixin.py:190} INFO - [2025-12-09T19:25:43.910+0000] {dagbag.py:587} INFO - Filling up the DagBag from /home/airflow/.local/lib/python3.12/site-packages/airflow/example_dags/example_python_operator.py
[2025-12-09T19:25:43.942+0000] {processor.py:925} INFO - DAG(s) 'example_python_operator' retrieved from /home/airflow/.local/lib/python3.12/site-packages/airflow/example_dags/example_python_operator.py
[2025-12-09T19:25:43.981+0000] {logging_mixin.py:190} INFO - [2025-12-09T19:25:43.981+0000] {dag.py:3229} INFO - Sync 1 DAGs
[2025-12-09T19:25:44.011+0000] {logging_mixin.py:190} INFO - [2025-12-09T19:25:44.011+0000] {dag.py:4156} INFO - Setting next_dagrun for example_python_operator to None, run_after=None
[2025-12-09T19:25:44.077+0000] {processor.py:208} INFO - Processing /home/airflow/.local/lib/python3.12/site-packages/airflow/example_dags/example_python_operator.py took 0.195 seconds
[2025-12-09T19:26:16.195+0000] {processor.py:186} INFO - Started process (PID=1464) to work on /home/airflow/.local/lib/python3.12/site-packages/airflow/example_dags/example_python_operator.py
[2025-12-09T19:26:16.227+0000] {processor.py:914} INFO - Processing file /home/airflow/.local/lib/python3.12/site-packages/airflow/example_dags/example_python_operator.py for tasks to queue
[2025-12-09T19:26:16.232+0000] {logging_mixin.py:190} INFO - [2025-12-09T19:26:16.231+0000] {dagbag.py:587} INFO - Filling up the DagBag from /home/airflow/.local/lib/python3.12/site-packages/airflow/example_dags/example_python_operator.py
[2025-12-09T19:26:07.620+0000] {processor.py:925} INFO - DAG(s) 'example_python_operator' retrieved from /home/airflow/.local/lib/python3.12/site-packages/airflow/example_dags/example_python_operator.py
[2025-12-09T19:26:07.667+0000] {logging_mixin.py:190} INFO - [2025-12-09T19:26:07.667+0000] {dag.py:3229} INFO - Sync 1 DAGs
[2025-12-09T19:26:07.692+0000] {logging_mixin.py:190} INFO - [2025-12-09T19:26:07.692+0000] {dag.py:4156} INFO - Setting next_dagrun for example_python_operator to None, run_after=None
[2025-12-09T19:26:07.721+0000] {processor.py:208} INFO - Processing /home/airflow/.local/lib/python3.12/site-packages/airflow/example_dags/example_python_operator.py took 0.175 seconds
