[2025-12-09T19:15:37.119+0000] {processor.py:186} INFO - Started process (PID=112) to work on /home/airflow/.local/lib/python3.12/site-packages/airflow/example_dags/example_dataset_alias.py
[2025-12-09T19:15:37.120+0000] {processor.py:914} INFO - Processing file /home/airflow/.local/lib/python3.12/site-packages/airflow/example_dags/example_dataset_alias.py for tasks to queue
[2025-12-09T19:15:37.125+0000] {logging_mixin.py:190} INFO - [2025-12-09T19:15:37.124+0000] {dagbag.py:587} INFO - Filling up the DagBag from /home/airflow/.local/lib/python3.12/site-packages/airflow/example_dags/example_dataset_alias.py
[2025-12-09T19:15:37.357+0000] {processor.py:925} INFO - DAG(s) 'dataset_s3_bucket_consumer', 'dataset_s3_bucket_producer', 'dataset_alias_example_alias_consumer', 'dataset_alias_example_alias_producer' retrieved from /home/airflow/.local/lib/python3.12/site-packages/airflow/example_dags/example_dataset_alias.py
[2025-12-09T19:15:37.500+0000] {logging_mixin.py:190} INFO - [2025-12-09T19:15:37.499+0000] {override.py:1900} INFO - Created Permission View: can read on DAG:dataset_s3_bucket_consumer
[2025-12-09T19:15:37.515+0000] {logging_mixin.py:190} INFO - [2025-12-09T19:15:37.514+0000] {override.py:1900} INFO - Created Permission View: can delete on DAG:dataset_s3_bucket_consumer
[2025-12-09T19:15:37.524+0000] {logging_mixin.py:190} INFO - [2025-12-09T19:15:37.523+0000] {override.py:1900} INFO - Created Permission View: can edit on DAG:dataset_s3_bucket_consumer
[2025-12-09T19:15:37.535+0000] {logging_mixin.py:190} INFO - [2025-12-09T19:15:37.534+0000] {override.py:1900} INFO - Created Permission View: can read on DAG Run:dataset_s3_bucket_consumer
[2025-12-09T19:15:37.545+0000] {logging_mixin.py:190} INFO - [2025-12-09T19:15:37.544+0000] {override.py:1900} INFO - Created Permission View: can delete on DAG Run:dataset_s3_bucket_consumer
[2025-12-09T19:15:37.554+0000] {logging_mixin.py:190} INFO - [2025-12-09T19:15:37.554+0000] {override.py:1900} INFO - Created Permission View: menu access on DAG Run:dataset_s3_bucket_consumer
[2025-12-09T19:15:37.564+0000] {logging_mixin.py:190} INFO - [2025-12-09T19:15:37.564+0000] {override.py:1900} INFO - Created Permission View: can create on DAG Run:dataset_s3_bucket_consumer
[2025-12-09T19:15:37.582+0000] {logging_mixin.py:190} INFO - [2025-12-09T19:15:37.582+0000] {override.py:1900} INFO - Created Permission View: can read on DAG:dataset_s3_bucket_producer
[2025-12-09T19:15:37.591+0000] {logging_mixin.py:190} INFO - [2025-12-09T19:15:37.591+0000] {override.py:1900} INFO - Created Permission View: can delete on DAG:dataset_s3_bucket_producer
[2025-12-09T19:15:37.600+0000] {logging_mixin.py:190} INFO - [2025-12-09T19:15:37.600+0000] {override.py:1900} INFO - Created Permission View: can edit on DAG:dataset_s3_bucket_producer
[2025-12-09T19:15:37.611+0000] {logging_mixin.py:190} INFO - [2025-12-09T19:15:37.610+0000] {override.py:1900} INFO - Created Permission View: can read on DAG Run:dataset_s3_bucket_producer
[2025-12-09T19:15:37.621+0000] {logging_mixin.py:190} INFO - [2025-12-09T19:15:37.620+0000] {override.py:1900} INFO - Created Permission View: can delete on DAG Run:dataset_s3_bucket_producer
[2025-12-09T19:15:37.630+0000] {logging_mixin.py:190} INFO - [2025-12-09T19:15:37.630+0000] {override.py:1900} INFO - Created Permission View: menu access on DAG Run:dataset_s3_bucket_producer
[2025-12-09T19:15:37.640+0000] {logging_mixin.py:190} INFO - [2025-12-09T19:15:37.640+0000] {override.py:1900} INFO - Created Permission View: can create on DAG Run:dataset_s3_bucket_producer
[2025-12-09T19:15:37.660+0000] {logging_mixin.py:190} INFO - [2025-12-09T19:15:37.659+0000] {override.py:1900} INFO - Created Permission View: can read on DAG:dataset_alias_example_alias_consumer
[2025-12-09T19:15:37.670+0000] {logging_mixin.py:190} INFO - [2025-12-09T19:15:37.669+0000] {override.py:1900} INFO - Created Permission View: can delete on DAG:dataset_alias_example_alias_consumer
[2025-12-09T19:15:37.679+0000] {logging_mixin.py:190} INFO - [2025-12-09T19:15:37.679+0000] {override.py:1900} INFO - Created Permission View: can edit on DAG:dataset_alias_example_alias_consumer
[2025-12-09T19:15:37.690+0000] {logging_mixin.py:190} INFO - [2025-12-09T19:15:37.690+0000] {override.py:1900} INFO - Created Permission View: can read on DAG Run:dataset_alias_example_alias_consumer
[2025-12-09T19:15:37.700+0000] {logging_mixin.py:190} INFO - [2025-12-09T19:15:37.700+0000] {override.py:1900} INFO - Created Permission View: can delete on DAG Run:dataset_alias_example_alias_consumer
[2025-12-09T19:15:37.712+0000] {logging_mixin.py:190} INFO - [2025-12-09T19:15:37.712+0000] {override.py:1900} INFO - Created Permission View: menu access on DAG Run:dataset_alias_example_alias_consumer
[2025-12-09T19:15:37.725+0000] {logging_mixin.py:190} INFO - [2025-12-09T19:15:37.724+0000] {override.py:1900} INFO - Created Permission View: can create on DAG Run:dataset_alias_example_alias_consumer
[2025-12-09T19:15:37.750+0000] {logging_mixin.py:190} INFO - [2025-12-09T19:15:37.750+0000] {override.py:1900} INFO - Created Permission View: can read on DAG:dataset_alias_example_alias_producer
[2025-12-09T19:15:37.760+0000] {logging_mixin.py:190} INFO - [2025-12-09T19:15:37.759+0000] {override.py:1900} INFO - Created Permission View: can delete on DAG:dataset_alias_example_alias_producer
[2025-12-09T19:15:37.770+0000] {logging_mixin.py:190} INFO - [2025-12-09T19:15:37.770+0000] {override.py:1900} INFO - Created Permission View: can edit on DAG:dataset_alias_example_alias_producer
[2025-12-09T19:15:37.782+0000] {logging_mixin.py:190} INFO - [2025-12-09T19:15:37.782+0000] {override.py:1900} INFO - Created Permission View: can read on DAG Run:dataset_alias_example_alias_producer
[2025-12-09T19:15:37.793+0000] {logging_mixin.py:190} INFO - [2025-12-09T19:15:37.792+0000] {override.py:1900} INFO - Created Permission View: can delete on DAG Run:dataset_alias_example_alias_producer
[2025-12-09T19:15:37.804+0000] {logging_mixin.py:190} INFO - [2025-12-09T19:15:37.804+0000] {override.py:1900} INFO - Created Permission View: menu access on DAG Run:dataset_alias_example_alias_producer
[2025-12-09T19:15:37.816+0000] {logging_mixin.py:190} INFO - [2025-12-09T19:15:37.816+0000] {override.py:1900} INFO - Created Permission View: can create on DAG Run:dataset_alias_example_alias_producer
[2025-12-09T19:15:37.817+0000] {logging_mixin.py:190} INFO - [2025-12-09T19:15:37.816+0000] {dag.py:3229} INFO - Sync 4 DAGs
[2025-12-09T19:15:37.836+0000] {logging_mixin.py:190} INFO - [2025-12-09T19:15:37.835+0000] {dag.py:3252} INFO - Creating ORM DAG for dataset_alias_example_alias_consumer
[2025-12-09T19:15:37.837+0000] {logging_mixin.py:190} INFO - [2025-12-09T19:15:37.836+0000] {dag.py:3252} INFO - Creating ORM DAG for dataset_alias_example_alias_producer
[2025-12-09T19:15:37.837+0000] {logging_mixin.py:190} INFO - [2025-12-09T19:15:37.837+0000] {dag.py:3252} INFO - Creating ORM DAG for dataset_s3_bucket_consumer
[2025-12-09T19:15:37.838+0000] {logging_mixin.py:190} INFO - [2025-12-09T19:15:37.838+0000] {dag.py:3252} INFO - Creating ORM DAG for dataset_s3_bucket_producer
[2025-12-09T19:15:37.851+0000] {logging_mixin.py:190} INFO - [2025-12-09T19:15:37.851+0000] {dag.py:4156} INFO - Setting next_dagrun for dataset_alias_example_alias_consumer to None, run_after=None
[2025-12-09T19:15:37.852+0000] {logging_mixin.py:190} INFO - [2025-12-09T19:15:37.852+0000] {dag.py:4156} INFO - Setting next_dagrun for dataset_alias_example_alias_producer to None, run_after=None
[2025-12-09T19:15:37.853+0000] {logging_mixin.py:190} INFO - [2025-12-09T19:15:37.853+0000] {dag.py:4156} INFO - Setting next_dagrun for dataset_s3_bucket_consumer to None, run_after=None
[2025-12-09T19:15:37.853+0000] {logging_mixin.py:190} INFO - [2025-12-09T19:15:37.853+0000] {dag.py:4156} INFO - Setting next_dagrun for dataset_s3_bucket_producer to None, run_after=None
[2025-12-09T19:15:37.896+0000] {processor.py:208} INFO - Processing /home/airflow/.local/lib/python3.12/site-packages/airflow/example_dags/example_dataset_alias.py took 0.789 seconds
[2025-12-09T19:16:06.187+0000] {processor.py:186} INFO - Started process (PID=174) to work on /home/airflow/.local/lib/python3.12/site-packages/airflow/example_dags/example_dataset_alias.py
[2025-12-09T19:16:06.222+0000] {processor.py:914} INFO - Processing file /home/airflow/.local/lib/python3.12/site-packages/airflow/example_dags/example_dataset_alias.py for tasks to queue
[2025-12-09T19:16:06.227+0000] {logging_mixin.py:190} INFO - [2025-12-09T19:16:06.226+0000] {dagbag.py:587} INFO - Filling up the DagBag from /home/airflow/.local/lib/python3.12/site-packages/airflow/example_dags/example_dataset_alias.py
[2025-12-09T19:16:06.496+0000] {processor.py:925} INFO - DAG(s) 'dataset_s3_bucket_consumer', 'dataset_alias_example_alias_producer', 'dataset_s3_bucket_producer', 'dataset_alias_example_alias_consumer' retrieved from /home/airflow/.local/lib/python3.12/site-packages/airflow/example_dags/example_dataset_alias.py
[2025-12-09T19:16:06.504+0000] {logging_mixin.py:190} INFO - [2025-12-09T19:16:06.504+0000] {dag.py:3229} INFO - Sync 4 DAGs
[2025-12-09T19:16:06.542+0000] {logging_mixin.py:190} INFO - [2025-12-09T19:16:06.542+0000] {dag.py:4156} INFO - Setting next_dagrun for dataset_alias_example_alias_consumer to None, run_after=None
[2025-12-09T19:16:06.547+0000] {logging_mixin.py:190} INFO - [2025-12-09T19:16:06.547+0000] {dag.py:4156} INFO - Setting next_dagrun for dataset_alias_example_alias_producer to None, run_after=None
[2025-12-09T19:16:06.549+0000] {logging_mixin.py:190} INFO - [2025-12-09T19:16:06.549+0000] {dag.py:4156} INFO - Setting next_dagrun for dataset_s3_bucket_consumer to None, run_after=None
[2025-12-09T19:16:06.551+0000] {logging_mixin.py:190} INFO - [2025-12-09T19:16:06.550+0000] {dag.py:4156} INFO - Setting next_dagrun for dataset_s3_bucket_producer to None, run_after=None
[2025-12-09T19:16:06.610+0000] {processor.py:208} INFO - Processing /home/airflow/.local/lib/python3.12/site-packages/airflow/example_dags/example_dataset_alias.py took 0.445 seconds
[2025-12-09T19:16:37.599+0000] {processor.py:186} INFO - Started process (PID=235) to work on /home/airflow/.local/lib/python3.12/site-packages/airflow/example_dags/example_dataset_alias.py
[2025-12-09T19:16:37.633+0000] {processor.py:914} INFO - Processing file /home/airflow/.local/lib/python3.12/site-packages/airflow/example_dags/example_dataset_alias.py for tasks to queue
[2025-12-09T19:16:37.636+0000] {logging_mixin.py:190} INFO - [2025-12-09T19:16:37.636+0000] {dagbag.py:587} INFO - Filling up the DagBag from /home/airflow/.local/lib/python3.12/site-packages/airflow/example_dags/example_dataset_alias.py
[2025-12-09T19:16:37.921+0000] {processor.py:925} INFO - DAG(s) 'dataset_s3_bucket_producer', 'dataset_alias_example_alias_consumer', 'dataset_alias_example_alias_producer', 'dataset_s3_bucket_consumer' retrieved from /home/airflow/.local/lib/python3.12/site-packages/airflow/example_dags/example_dataset_alias.py
[2025-12-09T19:16:37.951+0000] {logging_mixin.py:190} INFO - [2025-12-09T19:16:37.951+0000] {dag.py:3229} INFO - Sync 4 DAGs
[2025-12-09T19:16:37.985+0000] {logging_mixin.py:190} INFO - [2025-12-09T19:16:37.984+0000] {dag.py:4156} INFO - Setting next_dagrun for dataset_alias_example_alias_consumer to None, run_after=None
[2025-12-09T19:16:37.989+0000] {logging_mixin.py:190} INFO - [2025-12-09T19:16:37.989+0000] {dag.py:4156} INFO - Setting next_dagrun for dataset_alias_example_alias_producer to None, run_after=None
[2025-12-09T19:16:37.991+0000] {logging_mixin.py:190} INFO - [2025-12-09T19:16:37.991+0000] {dag.py:4156} INFO - Setting next_dagrun for dataset_s3_bucket_consumer to None, run_after=None
[2025-12-09T19:16:37.993+0000] {logging_mixin.py:190} INFO - [2025-12-09T19:16:37.992+0000] {dag.py:4156} INFO - Setting next_dagrun for dataset_s3_bucket_producer to None, run_after=None
[2025-12-09T19:16:38.028+0000] {processor.py:208} INFO - Processing /home/airflow/.local/lib/python3.12/site-packages/airflow/example_dags/example_dataset_alias.py took 0.438 seconds
[2025-12-09T19:17:02.407+0000] {processor.py:186} INFO - Started process (PID=292) to work on /home/airflow/.local/lib/python3.12/site-packages/airflow/example_dags/example_dataset_alias.py
[2025-12-09T19:17:02.442+0000] {processor.py:914} INFO - Processing file /home/airflow/.local/lib/python3.12/site-packages/airflow/example_dags/example_dataset_alias.py for tasks to queue
[2025-12-09T19:17:02.447+0000] {logging_mixin.py:190} INFO - [2025-12-09T19:17:02.445+0000] {dagbag.py:587} INFO - Filling up the DagBag from /home/airflow/.local/lib/python3.12/site-packages/airflow/example_dags/example_dataset_alias.py
[2025-12-09T19:17:02.748+0000] {processor.py:925} INFO - DAG(s) 'dataset_s3_bucket_producer', 'dataset_alias_example_alias_producer', 'dataset_alias_example_alias_consumer', 'dataset_s3_bucket_consumer' retrieved from /home/airflow/.local/lib/python3.12/site-packages/airflow/example_dags/example_dataset_alias.py
[2025-12-09T19:17:02.790+0000] {logging_mixin.py:190} INFO - [2025-12-09T19:17:02.790+0000] {dag.py:3229} INFO - Sync 4 DAGs
[2025-12-09T19:17:02.838+0000] {logging_mixin.py:190} INFO - [2025-12-09T19:17:02.838+0000] {dag.py:4156} INFO - Setting next_dagrun for dataset_alias_example_alias_consumer to None, run_after=None
[2025-12-09T19:17:02.842+0000] {logging_mixin.py:190} INFO - [2025-12-09T19:17:02.842+0000] {dag.py:4156} INFO - Setting next_dagrun for dataset_alias_example_alias_producer to None, run_after=None
[2025-12-09T19:17:02.844+0000] {logging_mixin.py:190} INFO - [2025-12-09T19:17:02.843+0000] {dag.py:4156} INFO - Setting next_dagrun for dataset_s3_bucket_consumer to None, run_after=None
[2025-12-09T19:17:02.846+0000] {logging_mixin.py:190} INFO - [2025-12-09T19:17:02.845+0000] {dag.py:4156} INFO - Setting next_dagrun for dataset_s3_bucket_producer to None, run_after=None
[2025-12-09T19:17:02.879+0000] {processor.py:208} INFO - Processing /home/airflow/.local/lib/python3.12/site-packages/airflow/example_dags/example_dataset_alias.py took 0.484 seconds
[2025-12-09T19:17:30.217+0000] {processor.py:186} INFO - Started process (PID=351) to work on /home/airflow/.local/lib/python3.12/site-packages/airflow/example_dags/example_dataset_alias.py
[2025-12-09T19:17:30.250+0000] {processor.py:914} INFO - Processing file /home/airflow/.local/lib/python3.12/site-packages/airflow/example_dags/example_dataset_alias.py for tasks to queue
[2025-12-09T19:17:30.254+0000] {logging_mixin.py:190} INFO - [2025-12-09T19:17:30.254+0000] {dagbag.py:587} INFO - Filling up the DagBag from /home/airflow/.local/lib/python3.12/site-packages/airflow/example_dags/example_dataset_alias.py
[2025-12-09T19:17:30.521+0000] {processor.py:925} INFO - DAG(s) 'dataset_s3_bucket_consumer', 'dataset_alias_example_alias_producer', 'dataset_alias_example_alias_consumer', 'dataset_s3_bucket_producer' retrieved from /home/airflow/.local/lib/python3.12/site-packages/airflow/example_dags/example_dataset_alias.py
[2025-12-09T19:17:30.548+0000] {logging_mixin.py:190} INFO - [2025-12-09T19:17:30.547+0000] {dag.py:3229} INFO - Sync 4 DAGs
[2025-12-09T19:17:30.578+0000] {logging_mixin.py:190} INFO - [2025-12-09T19:17:30.578+0000] {dag.py:4156} INFO - Setting next_dagrun for dataset_alias_example_alias_consumer to None, run_after=None
[2025-12-09T19:17:30.584+0000] {logging_mixin.py:190} INFO - [2025-12-09T19:17:30.584+0000] {dag.py:4156} INFO - Setting next_dagrun for dataset_alias_example_alias_producer to None, run_after=None
[2025-12-09T19:17:30.585+0000] {logging_mixin.py:190} INFO - [2025-12-09T19:17:30.585+0000] {dag.py:4156} INFO - Setting next_dagrun for dataset_s3_bucket_consumer to None, run_after=None
[2025-12-09T19:17:30.587+0000] {logging_mixin.py:190} INFO - [2025-12-09T19:17:30.586+0000] {dag.py:4156} INFO - Setting next_dagrun for dataset_s3_bucket_producer to None, run_after=None
[2025-12-09T19:17:30.623+0000] {processor.py:208} INFO - Processing /home/airflow/.local/lib/python3.12/site-packages/airflow/example_dags/example_dataset_alias.py took 0.416 seconds
[2025-12-09T19:17:54.657+0000] {processor.py:186} INFO - Started process (PID=405) to work on /home/airflow/.local/lib/python3.12/site-packages/airflow/example_dags/example_dataset_alias.py
[2025-12-09T19:17:54.660+0000] {processor.py:914} INFO - Processing file /home/airflow/.local/lib/python3.12/site-packages/airflow/example_dags/example_dataset_alias.py for tasks to queue
[2025-12-09T19:17:54.664+0000] {logging_mixin.py:190} INFO - [2025-12-09T19:17:54.664+0000] {dagbag.py:587} INFO - Filling up the DagBag from /home/airflow/.local/lib/python3.12/site-packages/airflow/example_dags/example_dataset_alias.py
[2025-12-09T19:17:54.959+0000] {processor.py:925} INFO - DAG(s) 'dataset_s3_bucket_consumer', 'dataset_alias_example_alias_consumer', 'dataset_s3_bucket_producer', 'dataset_alias_example_alias_producer' retrieved from /home/airflow/.local/lib/python3.12/site-packages/airflow/example_dags/example_dataset_alias.py
[2025-12-09T19:17:54.993+0000] {logging_mixin.py:190} INFO - [2025-12-09T19:17:54.993+0000] {dag.py:3229} INFO - Sync 4 DAGs
[2025-12-09T19:17:55.031+0000] {logging_mixin.py:190} INFO - [2025-12-09T19:17:55.031+0000] {dag.py:4156} INFO - Setting next_dagrun for dataset_alias_example_alias_consumer to None, run_after=None
[2025-12-09T19:17:55.035+0000] {logging_mixin.py:190} INFO - [2025-12-09T19:17:55.034+0000] {dag.py:4156} INFO - Setting next_dagrun for dataset_alias_example_alias_producer to None, run_after=None
[2025-12-09T19:17:55.036+0000] {logging_mixin.py:190} INFO - [2025-12-09T19:17:55.036+0000] {dag.py:4156} INFO - Setting next_dagrun for dataset_s3_bucket_consumer to None, run_after=None
[2025-12-09T19:17:55.038+0000] {logging_mixin.py:190} INFO - [2025-12-09T19:17:55.037+0000] {dag.py:4156} INFO - Setting next_dagrun for dataset_s3_bucket_producer to None, run_after=None
[2025-12-09T19:17:55.082+0000] {processor.py:208} INFO - Processing /home/airflow/.local/lib/python3.12/site-packages/airflow/example_dags/example_dataset_alias.py took 0.435 seconds
[2025-12-09T19:18:24.710+0000] {processor.py:186} INFO - Started process (PID=464) to work on /home/airflow/.local/lib/python3.12/site-packages/airflow/example_dags/example_dataset_alias.py
[2025-12-09T19:18:24.741+0000] {processor.py:914} INFO - Processing file /home/airflow/.local/lib/python3.12/site-packages/airflow/example_dags/example_dataset_alias.py for tasks to queue
[2025-12-09T19:18:24.745+0000] {logging_mixin.py:190} INFO - [2025-12-09T19:18:24.744+0000] {dagbag.py:587} INFO - Filling up the DagBag from /home/airflow/.local/lib/python3.12/site-packages/airflow/example_dags/example_dataset_alias.py
[2025-12-09T19:18:24.997+0000] {processor.py:925} INFO - DAG(s) 'dataset_s3_bucket_consumer', 'dataset_alias_example_alias_consumer', 'dataset_s3_bucket_producer', 'dataset_alias_example_alias_producer' retrieved from /home/airflow/.local/lib/python3.12/site-packages/airflow/example_dags/example_dataset_alias.py
[2025-12-09T19:18:25.029+0000] {logging_mixin.py:190} INFO - [2025-12-09T19:18:25.029+0000] {dag.py:3229} INFO - Sync 4 DAGs
[2025-12-09T19:18:25.064+0000] {logging_mixin.py:190} INFO - [2025-12-09T19:18:25.064+0000] {dag.py:4156} INFO - Setting next_dagrun for dataset_alias_example_alias_consumer to None, run_after=None
[2025-12-09T19:18:25.068+0000] {logging_mixin.py:190} INFO - [2025-12-09T19:18:25.068+0000] {dag.py:4156} INFO - Setting next_dagrun for dataset_alias_example_alias_producer to None, run_after=None
[2025-12-09T19:18:25.070+0000] {logging_mixin.py:190} INFO - [2025-12-09T19:18:25.069+0000] {dag.py:4156} INFO - Setting next_dagrun for dataset_s3_bucket_consumer to None, run_after=None
[2025-12-09T19:18:25.071+0000] {logging_mixin.py:190} INFO - [2025-12-09T19:18:25.071+0000] {dag.py:4156} INFO - Setting next_dagrun for dataset_s3_bucket_producer to None, run_after=None
[2025-12-09T19:18:25.136+0000] {processor.py:208} INFO - Processing /home/airflow/.local/lib/python3.12/site-packages/airflow/example_dags/example_dataset_alias.py took 0.438 seconds
[2025-12-09T19:18:55.623+0000] {processor.py:186} INFO - Started process (PID=521) to work on /home/airflow/.local/lib/python3.12/site-packages/airflow/example_dags/example_dataset_alias.py
[2025-12-09T19:18:55.625+0000] {processor.py:914} INFO - Processing file /home/airflow/.local/lib/python3.12/site-packages/airflow/example_dags/example_dataset_alias.py for tasks to queue
[2025-12-09T19:18:55.629+0000] {logging_mixin.py:190} INFO - [2025-12-09T19:18:55.629+0000] {dagbag.py:587} INFO - Filling up the DagBag from /home/airflow/.local/lib/python3.12/site-packages/airflow/example_dags/example_dataset_alias.py
[2025-12-09T19:18:55.894+0000] {processor.py:925} INFO - DAG(s) 'dataset_alias_example_alias_producer', 'dataset_s3_bucket_consumer', 'dataset_alias_example_alias_consumer', 'dataset_s3_bucket_producer' retrieved from /home/airflow/.local/lib/python3.12/site-packages/airflow/example_dags/example_dataset_alias.py
[2025-12-09T19:18:55.925+0000] {logging_mixin.py:190} INFO - [2025-12-09T19:18:55.924+0000] {dag.py:3229} INFO - Sync 4 DAGs
[2025-12-09T19:18:55.973+0000] {logging_mixin.py:190} INFO - [2025-12-09T19:18:55.973+0000] {dag.py:4156} INFO - Setting next_dagrun for dataset_alias_example_alias_consumer to None, run_after=None
[2025-12-09T19:18:55.978+0000] {logging_mixin.py:190} INFO - [2025-12-09T19:18:55.978+0000] {dag.py:4156} INFO - Setting next_dagrun for dataset_alias_example_alias_producer to None, run_after=None
[2025-12-09T19:18:55.980+0000] {logging_mixin.py:190} INFO - [2025-12-09T19:18:55.980+0000] {dag.py:4156} INFO - Setting next_dagrun for dataset_s3_bucket_consumer to None, run_after=None
[2025-12-09T19:18:55.981+0000] {logging_mixin.py:190} INFO - [2025-12-09T19:18:55.981+0000] {dag.py:4156} INFO - Setting next_dagrun for dataset_s3_bucket_producer to None, run_after=None
[2025-12-09T19:18:56.054+0000] {processor.py:208} INFO - Processing /home/airflow/.local/lib/python3.12/site-packages/airflow/example_dags/example_dataset_alias.py took 0.443 seconds
[2025-12-09T19:19:18.740+0000] {processor.py:186} INFO - Started process (PID=583) to work on /home/airflow/.local/lib/python3.12/site-packages/airflow/example_dags/example_dataset_alias.py
[2025-12-09T19:19:18.742+0000] {processor.py:914} INFO - Processing file /home/airflow/.local/lib/python3.12/site-packages/airflow/example_dags/example_dataset_alias.py for tasks to queue
[2025-12-09T19:19:18.746+0000] {logging_mixin.py:190} INFO - [2025-12-09T19:19:18.746+0000] {dagbag.py:587} INFO - Filling up the DagBag from /home/airflow/.local/lib/python3.12/site-packages/airflow/example_dags/example_dataset_alias.py
[2025-12-09T19:19:18.975+0000] {processor.py:925} INFO - DAG(s) 'dataset_s3_bucket_consumer', 'dataset_alias_example_alias_producer', 'dataset_s3_bucket_producer', 'dataset_alias_example_alias_consumer' retrieved from /home/airflow/.local/lib/python3.12/site-packages/airflow/example_dags/example_dataset_alias.py
[2025-12-09T19:19:19.004+0000] {logging_mixin.py:190} INFO - [2025-12-09T19:19:19.004+0000] {dag.py:3229} INFO - Sync 4 DAGs
[2025-12-09T19:19:19.035+0000] {logging_mixin.py:190} INFO - [2025-12-09T19:19:19.034+0000] {dag.py:4156} INFO - Setting next_dagrun for dataset_alias_example_alias_consumer to None, run_after=None
[2025-12-09T19:19:19.040+0000] {logging_mixin.py:190} INFO - [2025-12-09T19:19:19.040+0000] {dag.py:4156} INFO - Setting next_dagrun for dataset_alias_example_alias_producer to None, run_after=None
[2025-12-09T19:19:19.042+0000] {logging_mixin.py:190} INFO - [2025-12-09T19:19:19.042+0000] {dag.py:4156} INFO - Setting next_dagrun for dataset_s3_bucket_consumer to None, run_after=None
[2025-12-09T19:19:19.043+0000] {logging_mixin.py:190} INFO - [2025-12-09T19:19:19.043+0000] {dag.py:4156} INFO - Setting next_dagrun for dataset_s3_bucket_producer to None, run_after=None
[2025-12-09T19:19:19.107+0000] {processor.py:208} INFO - Processing /home/airflow/.local/lib/python3.12/site-packages/airflow/example_dags/example_dataset_alias.py took 0.379 seconds
[2025-12-09T19:19:52.027+0000] {processor.py:186} INFO - Started process (PID=663) to work on /home/airflow/.local/lib/python3.12/site-packages/airflow/example_dags/example_dataset_alias.py
[2025-12-09T19:19:52.060+0000] {processor.py:914} INFO - Processing file /home/airflow/.local/lib/python3.12/site-packages/airflow/example_dags/example_dataset_alias.py for tasks to queue
[2025-12-09T19:19:52.064+0000] {logging_mixin.py:190} INFO - [2025-12-09T19:19:52.064+0000] {dagbag.py:587} INFO - Filling up the DagBag from /home/airflow/.local/lib/python3.12/site-packages/airflow/example_dags/example_dataset_alias.py
[2025-12-09T19:19:52.332+0000] {processor.py:925} INFO - DAG(s) 'dataset_alias_example_alias_consumer', 'dataset_s3_bucket_consumer', 'dataset_s3_bucket_producer', 'dataset_alias_example_alias_producer' retrieved from /home/airflow/.local/lib/python3.12/site-packages/airflow/example_dags/example_dataset_alias.py
[2025-12-09T19:19:52.359+0000] {logging_mixin.py:190} INFO - [2025-12-09T19:19:52.359+0000] {dag.py:3229} INFO - Sync 4 DAGs
[2025-12-09T19:19:52.388+0000] {logging_mixin.py:190} INFO - [2025-12-09T19:19:52.388+0000] {dag.py:4156} INFO - Setting next_dagrun for dataset_alias_example_alias_consumer to None, run_after=None
[2025-12-09T19:19:52.392+0000] {logging_mixin.py:190} INFO - [2025-12-09T19:19:52.391+0000] {dag.py:4156} INFO - Setting next_dagrun for dataset_alias_example_alias_producer to None, run_after=None
[2025-12-09T19:19:52.393+0000] {logging_mixin.py:190} INFO - [2025-12-09T19:19:52.393+0000] {dag.py:4156} INFO - Setting next_dagrun for dataset_s3_bucket_consumer to None, run_after=None
[2025-12-09T19:19:52.395+0000] {logging_mixin.py:190} INFO - [2025-12-09T19:19:52.394+0000] {dag.py:4156} INFO - Setting next_dagrun for dataset_s3_bucket_producer to None, run_after=None
[2025-12-09T19:19:52.423+0000] {processor.py:208} INFO - Processing /home/airflow/.local/lib/python3.12/site-packages/airflow/example_dags/example_dataset_alias.py took 0.408 seconds
[2025-12-09T19:20:21.630+0000] {processor.py:186} INFO - Started process (PID=725) to work on /home/airflow/.local/lib/python3.12/site-packages/airflow/example_dags/example_dataset_alias.py
[2025-12-09T19:20:21.661+0000] {processor.py:914} INFO - Processing file /home/airflow/.local/lib/python3.12/site-packages/airflow/example_dags/example_dataset_alias.py for tasks to queue
[2025-12-09T19:20:21.665+0000] {logging_mixin.py:190} INFO - [2025-12-09T19:20:21.665+0000] {dagbag.py:587} INFO - Filling up the DagBag from /home/airflow/.local/lib/python3.12/site-packages/airflow/example_dags/example_dataset_alias.py
[2025-12-09T19:20:21.896+0000] {processor.py:925} INFO - DAG(s) 'dataset_alias_example_alias_consumer', 'dataset_alias_example_alias_producer', 'dataset_s3_bucket_consumer', 'dataset_s3_bucket_producer' retrieved from /home/airflow/.local/lib/python3.12/site-packages/airflow/example_dags/example_dataset_alias.py
[2025-12-09T19:20:21.927+0000] {logging_mixin.py:190} INFO - [2025-12-09T19:20:21.926+0000] {dag.py:3229} INFO - Sync 4 DAGs
[2025-12-09T19:20:21.959+0000] {logging_mixin.py:190} INFO - [2025-12-09T19:20:21.958+0000] {dag.py:4156} INFO - Setting next_dagrun for dataset_alias_example_alias_consumer to None, run_after=None
[2025-12-09T19:20:21.962+0000] {logging_mixin.py:190} INFO - [2025-12-09T19:20:21.962+0000] {dag.py:4156} INFO - Setting next_dagrun for dataset_alias_example_alias_producer to None, run_after=None
[2025-12-09T19:20:21.964+0000] {logging_mixin.py:190} INFO - [2025-12-09T19:20:21.964+0000] {dag.py:4156} INFO - Setting next_dagrun for dataset_s3_bucket_consumer to None, run_after=None
[2025-12-09T19:20:21.967+0000] {logging_mixin.py:190} INFO - [2025-12-09T19:20:21.967+0000] {dag.py:4156} INFO - Setting next_dagrun for dataset_s3_bucket_producer to None, run_after=None
[2025-12-09T19:20:22.024+0000] {processor.py:208} INFO - Processing /home/airflow/.local/lib/python3.12/site-packages/airflow/example_dags/example_dataset_alias.py took 0.405 seconds
[2025-12-09T19:20:52.611+0000] {processor.py:186} INFO - Started process (PID=784) to work on /home/airflow/.local/lib/python3.12/site-packages/airflow/example_dags/example_dataset_alias.py
[2025-12-09T19:20:52.642+0000] {processor.py:914} INFO - Processing file /home/airflow/.local/lib/python3.12/site-packages/airflow/example_dags/example_dataset_alias.py for tasks to queue
[2025-12-09T19:20:52.647+0000] {logging_mixin.py:190} INFO - [2025-12-09T19:20:52.646+0000] {dagbag.py:587} INFO - Filling up the DagBag from /home/airflow/.local/lib/python3.12/site-packages/airflow/example_dags/example_dataset_alias.py
[2025-12-09T19:20:52.921+0000] {processor.py:925} INFO - DAG(s) 'dataset_s3_bucket_producer', 'dataset_alias_example_alias_consumer', 'dataset_s3_bucket_consumer', 'dataset_alias_example_alias_producer' retrieved from /home/airflow/.local/lib/python3.12/site-packages/airflow/example_dags/example_dataset_alias.py
[2025-12-09T19:20:52.961+0000] {logging_mixin.py:190} INFO - [2025-12-09T19:20:52.961+0000] {dag.py:3229} INFO - Sync 4 DAGs
[2025-12-09T19:20:52.998+0000] {logging_mixin.py:190} INFO - [2025-12-09T19:20:52.998+0000] {dag.py:4156} INFO - Setting next_dagrun for dataset_alias_example_alias_consumer to None, run_after=None
[2025-12-09T19:20:53.002+0000] {logging_mixin.py:190} INFO - [2025-12-09T19:20:53.002+0000] {dag.py:4156} INFO - Setting next_dagrun for dataset_alias_example_alias_producer to None, run_after=None
[2025-12-09T19:20:53.004+0000] {logging_mixin.py:190} INFO - [2025-12-09T19:20:53.004+0000] {dag.py:4156} INFO - Setting next_dagrun for dataset_s3_bucket_consumer to None, run_after=None
[2025-12-09T19:20:53.006+0000] {logging_mixin.py:190} INFO - [2025-12-09T19:20:53.006+0000] {dag.py:4156} INFO - Setting next_dagrun for dataset_s3_bucket_producer to None, run_after=None
[2025-12-09T19:20:53.061+0000] {processor.py:208} INFO - Processing /home/airflow/.local/lib/python3.12/site-packages/airflow/example_dags/example_dataset_alias.py took 0.462 seconds
[2025-12-09T19:21:23.499+0000] {processor.py:186} INFO - Started process (PID=846) to work on /home/airflow/.local/lib/python3.12/site-packages/airflow/example_dags/example_dataset_alias.py
[2025-12-09T19:21:23.531+0000] {processor.py:914} INFO - Processing file /home/airflow/.local/lib/python3.12/site-packages/airflow/example_dags/example_dataset_alias.py for tasks to queue
[2025-12-09T19:21:23.536+0000] {logging_mixin.py:190} INFO - [2025-12-09T19:21:23.535+0000] {dagbag.py:587} INFO - Filling up the DagBag from /home/airflow/.local/lib/python3.12/site-packages/airflow/example_dags/example_dataset_alias.py
[2025-12-09T19:21:23.815+0000] {processor.py:925} INFO - DAG(s) 'dataset_alias_example_alias_producer', 'dataset_s3_bucket_consumer', 'dataset_s3_bucket_producer', 'dataset_alias_example_alias_consumer' retrieved from /home/airflow/.local/lib/python3.12/site-packages/airflow/example_dags/example_dataset_alias.py
[2025-12-09T19:21:23.845+0000] {logging_mixin.py:190} INFO - [2025-12-09T19:21:23.844+0000] {dag.py:3229} INFO - Sync 4 DAGs
[2025-12-09T19:21:23.881+0000] {logging_mixin.py:190} INFO - [2025-12-09T19:21:23.880+0000] {dag.py:4156} INFO - Setting next_dagrun for dataset_alias_example_alias_consumer to None, run_after=None
[2025-12-09T19:21:23.884+0000] {logging_mixin.py:190} INFO - [2025-12-09T19:21:23.884+0000] {dag.py:4156} INFO - Setting next_dagrun for dataset_alias_example_alias_producer to None, run_after=None
[2025-12-09T19:21:23.886+0000] {logging_mixin.py:190} INFO - [2025-12-09T19:21:23.886+0000] {dag.py:4156} INFO - Setting next_dagrun for dataset_s3_bucket_consumer to None, run_after=None
[2025-12-09T19:21:23.888+0000] {logging_mixin.py:190} INFO - [2025-12-09T19:21:23.887+0000] {dag.py:4156} INFO - Setting next_dagrun for dataset_s3_bucket_producer to None, run_after=None
[2025-12-09T19:21:23.932+0000] {processor.py:208} INFO - Processing /home/airflow/.local/lib/python3.12/site-packages/airflow/example_dags/example_dataset_alias.py took 0.447 seconds
[2025-12-09T19:21:51.102+0000] {processor.py:186} INFO - Started process (PID=907) to work on /home/airflow/.local/lib/python3.12/site-packages/airflow/example_dags/example_dataset_alias.py
[2025-12-09T19:21:51.104+0000] {processor.py:914} INFO - Processing file /home/airflow/.local/lib/python3.12/site-packages/airflow/example_dags/example_dataset_alias.py for tasks to queue
[2025-12-09T19:21:51.108+0000] {logging_mixin.py:190} INFO - [2025-12-09T19:21:51.107+0000] {dagbag.py:587} INFO - Filling up the DagBag from /home/airflow/.local/lib/python3.12/site-packages/airflow/example_dags/example_dataset_alias.py
[2025-12-09T19:21:51.372+0000] {processor.py:925} INFO - DAG(s) 'dataset_s3_bucket_producer', 'dataset_s3_bucket_consumer', 'dataset_alias_example_alias_producer', 'dataset_alias_example_alias_consumer' retrieved from /home/airflow/.local/lib/python3.12/site-packages/airflow/example_dags/example_dataset_alias.py
[2025-12-09T19:21:51.402+0000] {logging_mixin.py:190} INFO - [2025-12-09T19:21:51.402+0000] {dag.py:3229} INFO - Sync 4 DAGs
[2025-12-09T19:21:51.438+0000] {logging_mixin.py:190} INFO - [2025-12-09T19:21:51.438+0000] {dag.py:4156} INFO - Setting next_dagrun for dataset_alias_example_alias_consumer to None, run_after=None
[2025-12-09T19:21:51.443+0000] {logging_mixin.py:190} INFO - [2025-12-09T19:21:51.442+0000] {dag.py:4156} INFO - Setting next_dagrun for dataset_alias_example_alias_producer to None, run_after=None
[2025-12-09T19:21:51.444+0000] {logging_mixin.py:190} INFO - [2025-12-09T19:21:51.444+0000] {dag.py:4156} INFO - Setting next_dagrun for dataset_s3_bucket_consumer to None, run_after=None
[2025-12-09T19:21:51.446+0000] {logging_mixin.py:190} INFO - [2025-12-09T19:21:51.446+0000] {dag.py:4156} INFO - Setting next_dagrun for dataset_s3_bucket_producer to None, run_after=None
[2025-12-09T19:21:51.505+0000] {processor.py:208} INFO - Processing /home/airflow/.local/lib/python3.12/site-packages/airflow/example_dags/example_dataset_alias.py took 0.412 seconds
[2025-12-09T19:22:22.077+0000] {processor.py:186} INFO - Started process (PID=968) to work on /home/airflow/.local/lib/python3.12/site-packages/airflow/example_dags/example_dataset_alias.py
[2025-12-09T19:22:22.083+0000] {processor.py:914} INFO - Processing file /home/airflow/.local/lib/python3.12/site-packages/airflow/example_dags/example_dataset_alias.py for tasks to queue
[2025-12-09T19:22:22.086+0000] {logging_mixin.py:190} INFO - [2025-12-09T19:22:22.086+0000] {dagbag.py:587} INFO - Filling up the DagBag from /home/airflow/.local/lib/python3.12/site-packages/airflow/example_dags/example_dataset_alias.py
[2025-12-09T19:22:22.330+0000] {processor.py:925} INFO - DAG(s) 'dataset_alias_example_alias_producer', 'dataset_alias_example_alias_consumer', 'dataset_s3_bucket_consumer', 'dataset_s3_bucket_producer' retrieved from /home/airflow/.local/lib/python3.12/site-packages/airflow/example_dags/example_dataset_alias.py
[2025-12-09T19:22:22.375+0000] {logging_mixin.py:190} INFO - [2025-12-09T19:22:22.374+0000] {dag.py:3229} INFO - Sync 4 DAGs
[2025-12-09T19:22:22.421+0000] {logging_mixin.py:190} INFO - [2025-12-09T19:22:22.420+0000] {dag.py:4156} INFO - Setting next_dagrun for dataset_alias_example_alias_consumer to None, run_after=None
[2025-12-09T19:22:22.427+0000] {logging_mixin.py:190} INFO - [2025-12-09T19:22:22.427+0000] {dag.py:4156} INFO - Setting next_dagrun for dataset_alias_example_alias_producer to None, run_after=None
[2025-12-09T19:22:22.429+0000] {logging_mixin.py:190} INFO - [2025-12-09T19:22:22.429+0000] {dag.py:4156} INFO - Setting next_dagrun for dataset_s3_bucket_consumer to None, run_after=None
[2025-12-09T19:22:22.431+0000] {logging_mixin.py:190} INFO - [2025-12-09T19:22:22.431+0000] {dag.py:4156} INFO - Setting next_dagrun for dataset_s3_bucket_producer to None, run_after=None
[2025-12-09T19:22:22.475+0000] {processor.py:208} INFO - Processing /home/airflow/.local/lib/python3.12/site-packages/airflow/example_dags/example_dataset_alias.py took 0.408 seconds
[2025-12-09T19:22:51.340+0000] {processor.py:186} INFO - Started process (PID=1034) to work on /home/airflow/.local/lib/python3.12/site-packages/airflow/example_dags/example_dataset_alias.py
[2025-12-09T19:22:51.373+0000] {processor.py:914} INFO - Processing file /home/airflow/.local/lib/python3.12/site-packages/airflow/example_dags/example_dataset_alias.py for tasks to queue
[2025-12-09T19:22:51.378+0000] {logging_mixin.py:190} INFO - [2025-12-09T19:22:51.377+0000] {dagbag.py:587} INFO - Filling up the DagBag from /home/airflow/.local/lib/python3.12/site-packages/airflow/example_dags/example_dataset_alias.py
[2025-12-09T19:22:51.641+0000] {processor.py:925} INFO - DAG(s) 'dataset_alias_example_alias_consumer', 'dataset_alias_example_alias_producer', 'dataset_s3_bucket_consumer', 'dataset_s3_bucket_producer' retrieved from /home/airflow/.local/lib/python3.12/site-packages/airflow/example_dags/example_dataset_alias.py
[2025-12-09T19:22:51.678+0000] {logging_mixin.py:190} INFO - [2025-12-09T19:22:51.677+0000] {dag.py:3229} INFO - Sync 4 DAGs
[2025-12-09T19:22:51.713+0000] {logging_mixin.py:190} INFO - [2025-12-09T19:22:51.713+0000] {dag.py:4156} INFO - Setting next_dagrun for dataset_alias_example_alias_consumer to None, run_after=None
[2025-12-09T19:22:51.718+0000] {logging_mixin.py:190} INFO - [2025-12-09T19:22:51.717+0000] {dag.py:4156} INFO - Setting next_dagrun for dataset_alias_example_alias_producer to None, run_after=None
[2025-12-09T19:22:51.719+0000] {logging_mixin.py:190} INFO - [2025-12-09T19:22:51.719+0000] {dag.py:4156} INFO - Setting next_dagrun for dataset_s3_bucket_consumer to None, run_after=None
[2025-12-09T19:22:51.721+0000] {logging_mixin.py:190} INFO - [2025-12-09T19:22:51.721+0000] {dag.py:4156} INFO - Setting next_dagrun for dataset_s3_bucket_producer to None, run_after=None
[2025-12-09T19:22:51.780+0000] {processor.py:208} INFO - Processing /home/airflow/.local/lib/python3.12/site-packages/airflow/example_dags/example_dataset_alias.py took 0.452 seconds
[2025-12-09T19:23:22.593+0000] {processor.py:186} INFO - Started process (PID=1098) to work on /home/airflow/.local/lib/python3.12/site-packages/airflow/example_dags/example_dataset_alias.py
[2025-12-09T19:23:22.622+0000] {processor.py:914} INFO - Processing file /home/airflow/.local/lib/python3.12/site-packages/airflow/example_dags/example_dataset_alias.py for tasks to queue
[2025-12-09T19:23:22.626+0000] {logging_mixin.py:190} INFO - [2025-12-09T19:23:22.625+0000] {dagbag.py:587} INFO - Filling up the DagBag from /home/airflow/.local/lib/python3.12/site-packages/airflow/example_dags/example_dataset_alias.py
[2025-12-09T19:23:22.880+0000] {processor.py:925} INFO - DAG(s) 'dataset_s3_bucket_consumer', 'dataset_s3_bucket_producer', 'dataset_alias_example_alias_producer', 'dataset_alias_example_alias_consumer' retrieved from /home/airflow/.local/lib/python3.12/site-packages/airflow/example_dags/example_dataset_alias.py
[2025-12-09T19:23:22.910+0000] {logging_mixin.py:190} INFO - [2025-12-09T19:23:22.909+0000] {dag.py:3229} INFO - Sync 4 DAGs
[2025-12-09T19:23:22.946+0000] {logging_mixin.py:190} INFO - [2025-12-09T19:23:22.945+0000] {dag.py:4156} INFO - Setting next_dagrun for dataset_alias_example_alias_consumer to None, run_after=None
[2025-12-09T19:23:22.949+0000] {logging_mixin.py:190} INFO - [2025-12-09T19:23:22.949+0000] {dag.py:4156} INFO - Setting next_dagrun for dataset_alias_example_alias_producer to None, run_after=None
[2025-12-09T19:23:22.951+0000] {logging_mixin.py:190} INFO - [2025-12-09T19:23:22.950+0000] {dag.py:4156} INFO - Setting next_dagrun for dataset_s3_bucket_consumer to None, run_after=None
[2025-12-09T19:23:22.952+0000] {logging_mixin.py:190} INFO - [2025-12-09T19:23:22.952+0000] {dag.py:4156} INFO - Setting next_dagrun for dataset_s3_bucket_producer to None, run_after=None
[2025-12-09T19:23:22.984+0000] {processor.py:208} INFO - Processing /home/airflow/.local/lib/python3.12/site-packages/airflow/example_dags/example_dataset_alias.py took 0.400 seconds
[2025-12-09T19:23:53.084+0000] {processor.py:186} INFO - Started process (PID=1161) to work on /home/airflow/.local/lib/python3.12/site-packages/airflow/example_dags/example_dataset_alias.py
[2025-12-09T19:23:53.087+0000] {processor.py:914} INFO - Processing file /home/airflow/.local/lib/python3.12/site-packages/airflow/example_dags/example_dataset_alias.py for tasks to queue
[2025-12-09T19:23:53.091+0000] {logging_mixin.py:190} INFO - [2025-12-09T19:23:53.090+0000] {dagbag.py:587} INFO - Filling up the DagBag from /home/airflow/.local/lib/python3.12/site-packages/airflow/example_dags/example_dataset_alias.py
[2025-12-09T19:23:53.347+0000] {processor.py:925} INFO - DAG(s) 'dataset_alias_example_alias_producer', 'dataset_s3_bucket_consumer', 'dataset_alias_example_alias_consumer', 'dataset_s3_bucket_producer' retrieved from /home/airflow/.local/lib/python3.12/site-packages/airflow/example_dags/example_dataset_alias.py
[2025-12-09T19:23:53.382+0000] {logging_mixin.py:190} INFO - [2025-12-09T19:23:53.382+0000] {dag.py:3229} INFO - Sync 4 DAGs
[2025-12-09T19:23:53.418+0000] {logging_mixin.py:190} INFO - [2025-12-09T19:23:53.417+0000] {dag.py:4156} INFO - Setting next_dagrun for dataset_alias_example_alias_consumer to None, run_after=None
[2025-12-09T19:23:53.422+0000] {logging_mixin.py:190} INFO - [2025-12-09T19:23:53.421+0000] {dag.py:4156} INFO - Setting next_dagrun for dataset_alias_example_alias_producer to None, run_after=None
[2025-12-09T19:23:53.423+0000] {logging_mixin.py:190} INFO - [2025-12-09T19:23:53.423+0000] {dag.py:4156} INFO - Setting next_dagrun for dataset_s3_bucket_consumer to None, run_after=None
[2025-12-09T19:23:53.425+0000] {logging_mixin.py:190} INFO - [2025-12-09T19:23:53.425+0000] {dag.py:4156} INFO - Setting next_dagrun for dataset_s3_bucket_producer to None, run_after=None
[2025-12-09T19:23:53.483+0000] {processor.py:208} INFO - Processing /home/airflow/.local/lib/python3.12/site-packages/airflow/example_dags/example_dataset_alias.py took 0.412 seconds
[2025-12-09T19:24:19.608+0000] {processor.py:186} INFO - Started process (PID=1226) to work on /home/airflow/.local/lib/python3.12/site-packages/airflow/example_dags/example_dataset_alias.py
[2025-12-09T19:24:19.621+0000] {processor.py:914} INFO - Processing file /home/airflow/.local/lib/python3.12/site-packages/airflow/example_dags/example_dataset_alias.py for tasks to queue
[2025-12-09T19:24:19.624+0000] {logging_mixin.py:190} INFO - [2025-12-09T19:24:19.624+0000] {dagbag.py:587} INFO - Filling up the DagBag from /home/airflow/.local/lib/python3.12/site-packages/airflow/example_dags/example_dataset_alias.py
[2025-12-09T19:24:19.884+0000] {processor.py:925} INFO - DAG(s) 'dataset_alias_example_alias_consumer', 'dataset_s3_bucket_consumer', 'dataset_alias_example_alias_producer', 'dataset_s3_bucket_producer' retrieved from /home/airflow/.local/lib/python3.12/site-packages/airflow/example_dags/example_dataset_alias.py
[2025-12-09T19:24:19.913+0000] {logging_mixin.py:190} INFO - [2025-12-09T19:24:19.913+0000] {dag.py:3229} INFO - Sync 4 DAGs
[2025-12-09T19:24:19.948+0000] {logging_mixin.py:190} INFO - [2025-12-09T19:24:19.948+0000] {dag.py:4156} INFO - Setting next_dagrun for dataset_alias_example_alias_consumer to None, run_after=None
[2025-12-09T19:24:19.958+0000] {logging_mixin.py:190} INFO - [2025-12-09T19:24:19.958+0000] {dag.py:4156} INFO - Setting next_dagrun for dataset_alias_example_alias_producer to None, run_after=None
[2025-12-09T19:24:19.961+0000] {logging_mixin.py:190} INFO - [2025-12-09T19:24:19.961+0000] {dag.py:4156} INFO - Setting next_dagrun for dataset_s3_bucket_consumer to None, run_after=None
[2025-12-09T19:24:19.963+0000] {logging_mixin.py:190} INFO - [2025-12-09T19:24:19.963+0000] {dag.py:4156} INFO - Setting next_dagrun for dataset_s3_bucket_producer to None, run_after=None
[2025-12-09T19:24:19.997+0000] {processor.py:208} INFO - Processing /home/airflow/.local/lib/python3.12/site-packages/airflow/example_dags/example_dataset_alias.py took 0.399 seconds
[2025-12-09T19:24:49.793+0000] {processor.py:186} INFO - Started process (PID=1288) to work on /home/airflow/.local/lib/python3.12/site-packages/airflow/example_dags/example_dataset_alias.py
[2025-12-09T19:24:49.827+0000] {processor.py:914} INFO - Processing file /home/airflow/.local/lib/python3.12/site-packages/airflow/example_dags/example_dataset_alias.py for tasks to queue
[2025-12-09T19:24:49.831+0000] {logging_mixin.py:190} INFO - [2025-12-09T19:24:49.831+0000] {dagbag.py:587} INFO - Filling up the DagBag from /home/airflow/.local/lib/python3.12/site-packages/airflow/example_dags/example_dataset_alias.py
[2025-12-09T19:24:50.094+0000] {processor.py:925} INFO - DAG(s) 'dataset_alias_example_alias_consumer', 'dataset_alias_example_alias_producer', 'dataset_s3_bucket_producer', 'dataset_s3_bucket_consumer' retrieved from /home/airflow/.local/lib/python3.12/site-packages/airflow/example_dags/example_dataset_alias.py
[2025-12-09T19:24:50.122+0000] {logging_mixin.py:190} INFO - [2025-12-09T19:24:50.121+0000] {dag.py:3229} INFO - Sync 4 DAGs
[2025-12-09T19:24:50.150+0000] {logging_mixin.py:190} INFO - [2025-12-09T19:24:50.150+0000] {dag.py:4156} INFO - Setting next_dagrun for dataset_alias_example_alias_consumer to None, run_after=None
[2025-12-09T19:24:50.154+0000] {logging_mixin.py:190} INFO - [2025-12-09T19:24:50.153+0000] {dag.py:4156} INFO - Setting next_dagrun for dataset_alias_example_alias_producer to None, run_after=None
[2025-12-09T19:24:50.155+0000] {logging_mixin.py:190} INFO - [2025-12-09T19:24:50.155+0000] {dag.py:4156} INFO - Setting next_dagrun for dataset_s3_bucket_consumer to None, run_after=None
[2025-12-09T19:24:50.157+0000] {logging_mixin.py:190} INFO - [2025-12-09T19:24:50.156+0000] {dag.py:4156} INFO - Setting next_dagrun for dataset_s3_bucket_producer to None, run_after=None
[2025-12-09T19:24:50.186+0000] {processor.py:208} INFO - Processing /home/airflow/.local/lib/python3.12/site-packages/airflow/example_dags/example_dataset_alias.py took 0.404 seconds
[2025-12-09T19:25:22.451+0000] {processor.py:186} INFO - Started process (PID=1348) to work on /home/airflow/.local/lib/python3.12/site-packages/airflow/example_dags/example_dataset_alias.py
[2025-12-09T19:25:22.484+0000] {processor.py:914} INFO - Processing file /home/airflow/.local/lib/python3.12/site-packages/airflow/example_dags/example_dataset_alias.py for tasks to queue
[2025-12-09T19:25:22.488+0000] {logging_mixin.py:190} INFO - [2025-12-09T19:25:22.488+0000] {dagbag.py:587} INFO - Filling up the DagBag from /home/airflow/.local/lib/python3.12/site-packages/airflow/example_dags/example_dataset_alias.py
[2025-12-09T19:25:14.131+0000] {processor.py:925} INFO - DAG(s) 'dataset_s3_bucket_producer', 'dataset_alias_example_alias_producer', 'dataset_s3_bucket_consumer', 'dataset_alias_example_alias_consumer' retrieved from /home/airflow/.local/lib/python3.12/site-packages/airflow/example_dags/example_dataset_alias.py
[2025-12-09T19:25:14.160+0000] {logging_mixin.py:190} INFO - [2025-12-09T19:25:14.160+0000] {dag.py:3229} INFO - Sync 4 DAGs
[2025-12-09T19:25:14.193+0000] {logging_mixin.py:190} INFO - [2025-12-09T19:25:14.192+0000] {dag.py:4156} INFO - Setting next_dagrun for dataset_alias_example_alias_consumer to None, run_after=None
[2025-12-09T19:25:14.196+0000] {logging_mixin.py:190} INFO - [2025-12-09T19:25:14.196+0000] {dag.py:4156} INFO - Setting next_dagrun for dataset_alias_example_alias_producer to None, run_after=None
[2025-12-09T19:25:14.198+0000] {logging_mixin.py:190} INFO - [2025-12-09T19:25:14.197+0000] {dag.py:4156} INFO - Setting next_dagrun for dataset_s3_bucket_consumer to None, run_after=None
[2025-12-09T19:25:14.199+0000] {logging_mixin.py:190} INFO - [2025-12-09T19:25:14.199+0000] {dag.py:4156} INFO - Setting next_dagrun for dataset_s3_bucket_producer to None, run_after=None
[2025-12-09T19:25:14.262+0000] {processor.py:208} INFO - Processing /home/airflow/.local/lib/python3.12/site-packages/airflow/example_dags/example_dataset_alias.py took 0.413 seconds
[2025-12-09T19:25:44.545+0000] {processor.py:186} INFO - Started process (PID=1408) to work on /home/airflow/.local/lib/python3.12/site-packages/airflow/example_dags/example_dataset_alias.py
[2025-12-09T19:25:44.577+0000] {processor.py:914} INFO - Processing file /home/airflow/.local/lib/python3.12/site-packages/airflow/example_dags/example_dataset_alias.py for tasks to queue
[2025-12-09T19:25:44.581+0000] {logging_mixin.py:190} INFO - [2025-12-09T19:25:44.580+0000] {dagbag.py:587} INFO - Filling up the DagBag from /home/airflow/.local/lib/python3.12/site-packages/airflow/example_dags/example_dataset_alias.py
[2025-12-09T19:25:44.869+0000] {processor.py:925} INFO - DAG(s) 'dataset_s3_bucket_producer', 'dataset_s3_bucket_consumer', 'dataset_alias_example_alias_consumer', 'dataset_alias_example_alias_producer' retrieved from /home/airflow/.local/lib/python3.12/site-packages/airflow/example_dags/example_dataset_alias.py
[2025-12-09T19:25:44.906+0000] {logging_mixin.py:190} INFO - [2025-12-09T19:25:44.906+0000] {dag.py:3229} INFO - Sync 4 DAGs
[2025-12-09T19:25:44.942+0000] {logging_mixin.py:190} INFO - [2025-12-09T19:25:44.942+0000] {dag.py:4156} INFO - Setting next_dagrun for dataset_alias_example_alias_consumer to None, run_after=None
[2025-12-09T19:25:44.946+0000] {logging_mixin.py:190} INFO - [2025-12-09T19:25:44.946+0000] {dag.py:4156} INFO - Setting next_dagrun for dataset_alias_example_alias_producer to None, run_after=None
[2025-12-09T19:25:44.948+0000] {logging_mixin.py:190} INFO - [2025-12-09T19:25:44.947+0000] {dag.py:4156} INFO - Setting next_dagrun for dataset_s3_bucket_consumer to None, run_after=None
[2025-12-09T19:25:44.949+0000] {logging_mixin.py:190} INFO - [2025-12-09T19:25:44.949+0000] {dag.py:4156} INFO - Setting next_dagrun for dataset_s3_bucket_producer to None, run_after=None
[2025-12-09T19:25:45.008+0000] {processor.py:208} INFO - Processing /home/airflow/.local/lib/python3.12/site-packages/airflow/example_dags/example_dataset_alias.py took 0.475 seconds
[2025-12-09T19:26:08.047+0000] {processor.py:186} INFO - Started process (PID=1467) to work on /home/airflow/.local/lib/python3.12/site-packages/airflow/example_dags/example_dataset_alias.py
[2025-12-09T19:26:08.080+0000] {processor.py:914} INFO - Processing file /home/airflow/.local/lib/python3.12/site-packages/airflow/example_dags/example_dataset_alias.py for tasks to queue
[2025-12-09T19:26:08.084+0000] {logging_mixin.py:190} INFO - [2025-12-09T19:26:08.084+0000] {dagbag.py:587} INFO - Filling up the DagBag from /home/airflow/.local/lib/python3.12/site-packages/airflow/example_dags/example_dataset_alias.py
[2025-12-09T19:26:08.328+0000] {processor.py:925} INFO - DAG(s) 'dataset_alias_example_alias_consumer', 'dataset_s3_bucket_producer', 'dataset_s3_bucket_consumer', 'dataset_alias_example_alias_producer' retrieved from /home/airflow/.local/lib/python3.12/site-packages/airflow/example_dags/example_dataset_alias.py
[2025-12-09T19:26:08.355+0000] {logging_mixin.py:190} INFO - [2025-12-09T19:26:08.355+0000] {dag.py:3229} INFO - Sync 4 DAGs
[2025-12-09T19:26:08.385+0000] {logging_mixin.py:190} INFO - [2025-12-09T19:26:08.385+0000] {dag.py:4156} INFO - Setting next_dagrun for dataset_alias_example_alias_consumer to None, run_after=None
[2025-12-09T19:26:08.391+0000] {logging_mixin.py:190} INFO - [2025-12-09T19:26:08.391+0000] {dag.py:4156} INFO - Setting next_dagrun for dataset_alias_example_alias_producer to None, run_after=None
[2025-12-09T19:26:08.393+0000] {logging_mixin.py:190} INFO - [2025-12-09T19:26:08.392+0000] {dag.py:4156} INFO - Setting next_dagrun for dataset_s3_bucket_consumer to None, run_after=None
[2025-12-09T19:26:08.394+0000] {logging_mixin.py:190} INFO - [2025-12-09T19:26:08.394+0000] {dag.py:4156} INFO - Setting next_dagrun for dataset_s3_bucket_producer to None, run_after=None
[2025-12-09T19:26:08.423+0000] {processor.py:208} INFO - Processing /home/airflow/.local/lib/python3.12/site-packages/airflow/example_dags/example_dataset_alias.py took 0.388 seconds
