[2025-12-09T19:15:34.051+0000] {processor.py:186} INFO - Started process (PID=99) to work on /home/airflow/.local/lib/python3.12/site-packages/airflow/example_dags/example_task_group_decorator.py
[2025-12-09T19:15:34.052+0000] {processor.py:914} INFO - Processing file /home/airflow/.local/lib/python3.12/site-packages/airflow/example_dags/example_task_group_decorator.py for tasks to queue
[2025-12-09T19:15:34.056+0000] {logging_mixin.py:190} INFO - [2025-12-09T19:15:34.055+0000] {dagbag.py:587} INFO - Filling up the DagBag from /home/airflow/.local/lib/python3.12/site-packages/airflow/example_dags/example_task_group_decorator.py
[2025-12-09T19:15:34.085+0000] {processor.py:925} INFO - DAG(s) 'example_task_group_decorator' retrieved from /home/airflow/.local/lib/python3.12/site-packages/airflow/example_dags/example_task_group_decorator.py
[2025-12-09T19:15:34.323+0000] {logging_mixin.py:190} INFO - [2025-12-09T19:15:34.322+0000] {override.py:1900} INFO - Created Permission View: can read on DAG:example_task_group_decorator
[2025-12-09T19:15:34.343+0000] {logging_mixin.py:190} INFO - [2025-12-09T19:15:34.342+0000] {override.py:1900} INFO - Created Permission View: can delete on DAG:example_task_group_decorator
[2025-12-09T19:15:34.356+0000] {logging_mixin.py:190} INFO - [2025-12-09T19:15:34.355+0000] {override.py:1900} INFO - Created Permission View: can edit on DAG:example_task_group_decorator
[2025-12-09T19:15:34.368+0000] {logging_mixin.py:190} INFO - [2025-12-09T19:15:34.368+0000] {override.py:1900} INFO - Created Permission View: can read on DAG Run:example_task_group_decorator
[2025-12-09T19:15:34.379+0000] {logging_mixin.py:190} INFO - [2025-12-09T19:15:34.379+0000] {override.py:1900} INFO - Created Permission View: can delete on DAG Run:example_task_group_decorator
[2025-12-09T19:15:34.390+0000] {logging_mixin.py:190} INFO - [2025-12-09T19:15:34.389+0000] {override.py:1900} INFO - Created Permission View: menu access on DAG Run:example_task_group_decorator
[2025-12-09T19:15:34.400+0000] {logging_mixin.py:190} INFO - [2025-12-09T19:15:34.399+0000] {override.py:1900} INFO - Created Permission View: can create on DAG Run:example_task_group_decorator
[2025-12-09T19:15:34.400+0000] {logging_mixin.py:190} INFO - [2025-12-09T19:15:34.400+0000] {dag.py:3229} INFO - Sync 1 DAGs
[2025-12-09T19:15:34.418+0000] {logging_mixin.py:190} INFO - [2025-12-09T19:15:34.418+0000] {dag.py:3252} INFO - Creating ORM DAG for example_task_group_decorator
[2025-12-09T19:15:34.419+0000] {logging_mixin.py:190} INFO - [2025-12-09T19:15:34.419+0000] {dag.py:4156} INFO - Setting next_dagrun for example_task_group_decorator to None, run_after=None
[2025-12-09T19:15:34.445+0000] {processor.py:208} INFO - Processing /home/airflow/.local/lib/python3.12/site-packages/airflow/example_dags/example_task_group_decorator.py took 0.406 seconds
[2025-12-09T19:16:04.148+0000] {processor.py:186} INFO - Started process (PID=161) to work on /home/airflow/.local/lib/python3.12/site-packages/airflow/example_dags/example_task_group_decorator.py
[2025-12-09T19:16:04.150+0000] {processor.py:914} INFO - Processing file /home/airflow/.local/lib/python3.12/site-packages/airflow/example_dags/example_task_group_decorator.py for tasks to queue
[2025-12-09T19:16:04.153+0000] {logging_mixin.py:190} INFO - [2025-12-09T19:16:04.153+0000] {dagbag.py:587} INFO - Filling up the DagBag from /home/airflow/.local/lib/python3.12/site-packages/airflow/example_dags/example_task_group_decorator.py
[2025-12-09T19:16:04.173+0000] {processor.py:925} INFO - DAG(s) 'example_task_group_decorator' retrieved from /home/airflow/.local/lib/python3.12/site-packages/airflow/example_dags/example_task_group_decorator.py
[2025-12-09T19:16:04.211+0000] {logging_mixin.py:190} INFO - [2025-12-09T19:16:04.211+0000] {dag.py:3229} INFO - Sync 1 DAGs
[2025-12-09T19:16:04.233+0000] {logging_mixin.py:190} INFO - [2025-12-09T19:16:04.232+0000] {dag.py:4156} INFO - Setting next_dagrun for example_task_group_decorator to None, run_after=None
[2025-12-09T19:16:04.283+0000] {processor.py:208} INFO - Processing /home/airflow/.local/lib/python3.12/site-packages/airflow/example_dags/example_task_group_decorator.py took 0.145 seconds
[2025-12-09T19:16:35.019+0000] {processor.py:186} INFO - Started process (PID=220) to work on /home/airflow/.local/lib/python3.12/site-packages/airflow/example_dags/example_task_group_decorator.py
[2025-12-09T19:16:35.023+0000] {processor.py:914} INFO - Processing file /home/airflow/.local/lib/python3.12/site-packages/airflow/example_dags/example_task_group_decorator.py for tasks to queue
[2025-12-09T19:16:35.028+0000] {logging_mixin.py:190} INFO - [2025-12-09T19:16:35.027+0000] {dagbag.py:587} INFO - Filling up the DagBag from /home/airflow/.local/lib/python3.12/site-packages/airflow/example_dags/example_task_group_decorator.py
[2025-12-09T19:16:35.057+0000] {processor.py:925} INFO - DAG(s) 'example_task_group_decorator' retrieved from /home/airflow/.local/lib/python3.12/site-packages/airflow/example_dags/example_task_group_decorator.py
[2025-12-09T19:16:35.100+0000] {logging_mixin.py:190} INFO - [2025-12-09T19:16:35.100+0000] {dag.py:3229} INFO - Sync 1 DAGs
[2025-12-09T19:16:35.124+0000] {logging_mixin.py:190} INFO - [2025-12-09T19:16:35.124+0000] {dag.py:4156} INFO - Setting next_dagrun for example_task_group_decorator to None, run_after=None
[2025-12-09T19:16:35.162+0000] {processor.py:208} INFO - Processing /home/airflow/.local/lib/python3.12/site-packages/airflow/example_dags/example_task_group_decorator.py took 0.154 seconds
[2025-12-09T19:16:59.054+0000] {processor.py:186} INFO - Started process (PID=279) to work on /home/airflow/.local/lib/python3.12/site-packages/airflow/example_dags/example_task_group_decorator.py
[2025-12-09T19:16:59.057+0000] {processor.py:914} INFO - Processing file /home/airflow/.local/lib/python3.12/site-packages/airflow/example_dags/example_task_group_decorator.py for tasks to queue
[2025-12-09T19:16:59.062+0000] {logging_mixin.py:190} INFO - [2025-12-09T19:16:59.061+0000] {dagbag.py:587} INFO - Filling up the DagBag from /home/airflow/.local/lib/python3.12/site-packages/airflow/example_dags/example_task_group_decorator.py
[2025-12-09T19:16:59.088+0000] {processor.py:925} INFO - DAG(s) 'example_task_group_decorator' retrieved from /home/airflow/.local/lib/python3.12/site-packages/airflow/example_dags/example_task_group_decorator.py
[2025-12-09T19:16:59.135+0000] {logging_mixin.py:190} INFO - [2025-12-09T19:16:59.134+0000] {dag.py:3229} INFO - Sync 1 DAGs
[2025-12-09T19:16:59.159+0000] {logging_mixin.py:190} INFO - [2025-12-09T19:16:59.159+0000] {dag.py:4156} INFO - Setting next_dagrun for example_task_group_decorator to None, run_after=None
[2025-12-09T19:16:59.190+0000] {processor.py:208} INFO - Processing /home/airflow/.local/lib/python3.12/site-packages/airflow/example_dags/example_task_group_decorator.py took 0.148 seconds
[2025-12-09T19:17:28.675+0000] {processor.py:186} INFO - Started process (PID=339) to work on /home/airflow/.local/lib/python3.12/site-packages/airflow/example_dags/example_task_group_decorator.py
[2025-12-09T19:17:28.706+0000] {processor.py:914} INFO - Processing file /home/airflow/.local/lib/python3.12/site-packages/airflow/example_dags/example_task_group_decorator.py for tasks to queue
[2025-12-09T19:17:28.710+0000] {logging_mixin.py:190} INFO - [2025-12-09T19:17:28.710+0000] {dagbag.py:587} INFO - Filling up the DagBag from /home/airflow/.local/lib/python3.12/site-packages/airflow/example_dags/example_task_group_decorator.py
[2025-12-09T19:17:28.732+0000] {processor.py:925} INFO - DAG(s) 'example_task_group_decorator' retrieved from /home/airflow/.local/lib/python3.12/site-packages/airflow/example_dags/example_task_group_decorator.py
[2025-12-09T19:17:28.770+0000] {logging_mixin.py:190} INFO - [2025-12-09T19:17:28.769+0000] {dag.py:3229} INFO - Sync 1 DAGs
[2025-12-09T19:17:28.789+0000] {logging_mixin.py:190} INFO - [2025-12-09T19:17:28.789+0000] {dag.py:4156} INFO - Setting next_dagrun for example_task_group_decorator to None, run_after=None
[2025-12-09T19:17:37.381+0000] {processor.py:208} INFO - Processing /home/airflow/.local/lib/python3.12/site-packages/airflow/example_dags/example_task_group_decorator.py took 0.166 seconds
[2025-12-09T19:18:04.274+0000] {processor.py:186} INFO - Started process (PID=426) to work on /home/airflow/.local/lib/python3.12/site-packages/airflow/example_dags/example_task_group_decorator.py
[2025-12-09T19:18:04.277+0000] {processor.py:914} INFO - Processing file /home/airflow/.local/lib/python3.12/site-packages/airflow/example_dags/example_task_group_decorator.py for tasks to queue
[2025-12-09T19:18:04.284+0000] {logging_mixin.py:190} INFO - [2025-12-09T19:18:04.283+0000] {dagbag.py:587} INFO - Filling up the DagBag from /home/airflow/.local/lib/python3.12/site-packages/airflow/example_dags/example_task_group_decorator.py
[2025-12-09T19:18:04.343+0000] {processor.py:925} INFO - DAG(s) 'example_task_group_decorator' retrieved from /home/airflow/.local/lib/python3.12/site-packages/airflow/example_dags/example_task_group_decorator.py
[2025-12-09T19:18:04.402+0000] {logging_mixin.py:190} INFO - [2025-12-09T19:18:04.401+0000] {dag.py:3229} INFO - Sync 1 DAGs
[2025-12-09T19:18:04.426+0000] {logging_mixin.py:190} INFO - [2025-12-09T19:18:04.426+0000] {dag.py:4156} INFO - Setting next_dagrun for example_task_group_decorator to None, run_after=None
[2025-12-09T19:18:04.492+0000] {processor.py:208} INFO - Processing /home/airflow/.local/lib/python3.12/site-packages/airflow/example_dags/example_task_group_decorator.py took 0.235 seconds
[2025-12-09T19:18:34.537+0000] {processor.py:186} INFO - Started process (PID=487) to work on /home/airflow/.local/lib/python3.12/site-packages/airflow/example_dags/example_task_group_decorator.py
[2025-12-09T19:18:34.558+0000] {processor.py:914} INFO - Processing file /home/airflow/.local/lib/python3.12/site-packages/airflow/example_dags/example_task_group_decorator.py for tasks to queue
[2025-12-09T19:18:34.563+0000] {logging_mixin.py:190} INFO - [2025-12-09T19:18:34.562+0000] {dagbag.py:587} INFO - Filling up the DagBag from /home/airflow/.local/lib/python3.12/site-packages/airflow/example_dags/example_task_group_decorator.py
[2025-12-09T19:18:34.585+0000] {processor.py:925} INFO - DAG(s) 'example_task_group_decorator' retrieved from /home/airflow/.local/lib/python3.12/site-packages/airflow/example_dags/example_task_group_decorator.py
[2025-12-09T19:18:34.627+0000] {logging_mixin.py:190} INFO - [2025-12-09T19:18:34.626+0000] {dag.py:3229} INFO - Sync 1 DAGs
[2025-12-09T19:18:34.648+0000] {logging_mixin.py:190} INFO - [2025-12-09T19:18:34.648+0000] {dag.py:4156} INFO - Setting next_dagrun for example_task_group_decorator to None, run_after=None
[2025-12-09T19:18:34.711+0000] {processor.py:208} INFO - Processing /home/airflow/.local/lib/python3.12/site-packages/airflow/example_dags/example_task_group_decorator.py took 0.184 seconds
[2025-12-09T19:18:59.692+0000] {processor.py:186} INFO - Started process (PID=548) to work on /home/airflow/.local/lib/python3.12/site-packages/airflow/example_dags/example_task_group_decorator.py
[2025-12-09T19:18:59.699+0000] {processor.py:914} INFO - Processing file /home/airflow/.local/lib/python3.12/site-packages/airflow/example_dags/example_task_group_decorator.py for tasks to queue
[2025-12-09T19:18:59.703+0000] {logging_mixin.py:190} INFO - [2025-12-09T19:18:59.703+0000] {dagbag.py:587} INFO - Filling up the DagBag from /home/airflow/.local/lib/python3.12/site-packages/airflow/example_dags/example_task_group_decorator.py
[2025-12-09T19:18:59.729+0000] {processor.py:925} INFO - DAG(s) 'example_task_group_decorator' retrieved from /home/airflow/.local/lib/python3.12/site-packages/airflow/example_dags/example_task_group_decorator.py
[2025-12-09T19:18:59.766+0000] {logging_mixin.py:190} INFO - [2025-12-09T19:18:59.766+0000] {dag.py:3229} INFO - Sync 1 DAGs
[2025-12-09T19:18:59.786+0000] {logging_mixin.py:190} INFO - [2025-12-09T19:18:59.786+0000] {dag.py:4156} INFO - Setting next_dagrun for example_task_group_decorator to None, run_after=None
[2025-12-09T19:18:59.844+0000] {processor.py:208} INFO - Processing /home/airflow/.local/lib/python3.12/site-packages/airflow/example_dags/example_task_group_decorator.py took 0.161 seconds
[2025-12-09T19:19:25.421+0000] {processor.py:186} INFO - Started process (PID=601) to work on /home/airflow/.local/lib/python3.12/site-packages/airflow/example_dags/example_task_group_decorator.py
[2025-12-09T19:19:25.446+0000] {processor.py:914} INFO - Processing file /home/airflow/.local/lib/python3.12/site-packages/airflow/example_dags/example_task_group_decorator.py for tasks to queue
[2025-12-09T19:19:25.453+0000] {logging_mixin.py:190} INFO - [2025-12-09T19:19:25.452+0000] {dagbag.py:587} INFO - Filling up the DagBag from /home/airflow/.local/lib/python3.12/site-packages/airflow/example_dags/example_task_group_decorator.py
[2025-12-09T19:19:25.486+0000] {processor.py:925} INFO - DAG(s) 'example_task_group_decorator' retrieved from /home/airflow/.local/lib/python3.12/site-packages/airflow/example_dags/example_task_group_decorator.py
[2025-12-09T19:19:25.533+0000] {logging_mixin.py:190} INFO - [2025-12-09T19:19:25.533+0000] {dag.py:3229} INFO - Sync 1 DAGs
[2025-12-09T19:19:25.557+0000] {logging_mixin.py:190} INFO - [2025-12-09T19:19:25.557+0000] {dag.py:4156} INFO - Setting next_dagrun for example_task_group_decorator to None, run_after=None
[2025-12-09T19:19:25.620+0000] {processor.py:208} INFO - Processing /home/airflow/.local/lib/python3.12/site-packages/airflow/example_dags/example_task_group_decorator.py took 0.211 seconds
[2025-12-09T19:19:49.900+0000] {processor.py:186} INFO - Started process (PID=650) to work on /home/airflow/.local/lib/python3.12/site-packages/airflow/example_dags/example_task_group_decorator.py
[2025-12-09T19:19:49.924+0000] {processor.py:914} INFO - Processing file /home/airflow/.local/lib/python3.12/site-packages/airflow/example_dags/example_task_group_decorator.py for tasks to queue
[2025-12-09T19:19:49.928+0000] {logging_mixin.py:190} INFO - [2025-12-09T19:19:49.928+0000] {dagbag.py:587} INFO - Filling up the DagBag from /home/airflow/.local/lib/python3.12/site-packages/airflow/example_dags/example_task_group_decorator.py
[2025-12-09T19:19:49.950+0000] {processor.py:925} INFO - DAG(s) 'example_task_group_decorator' retrieved from /home/airflow/.local/lib/python3.12/site-packages/airflow/example_dags/example_task_group_decorator.py
[2025-12-09T19:19:49.989+0000] {logging_mixin.py:190} INFO - [2025-12-09T19:19:49.989+0000] {dag.py:3229} INFO - Sync 1 DAGs
[2025-12-09T19:19:50.012+0000] {logging_mixin.py:190} INFO - [2025-12-09T19:19:50.011+0000] {dag.py:4156} INFO - Setting next_dagrun for example_task_group_decorator to None, run_after=None
[2025-12-09T19:19:50.071+0000] {processor.py:208} INFO - Processing /home/airflow/.local/lib/python3.12/site-packages/airflow/example_dags/example_task_group_decorator.py took 0.179 seconds
[2025-12-09T19:20:19.712+0000] {processor.py:186} INFO - Started process (PID=712) to work on /home/airflow/.local/lib/python3.12/site-packages/airflow/example_dags/example_task_group_decorator.py
[2025-12-09T19:20:19.725+0000] {processor.py:914} INFO - Processing file /home/airflow/.local/lib/python3.12/site-packages/airflow/example_dags/example_task_group_decorator.py for tasks to queue
[2025-12-09T19:20:19.729+0000] {logging_mixin.py:190} INFO - [2025-12-09T19:20:19.728+0000] {dagbag.py:587} INFO - Filling up the DagBag from /home/airflow/.local/lib/python3.12/site-packages/airflow/example_dags/example_task_group_decorator.py
[2025-12-09T19:20:19.756+0000] {processor.py:925} INFO - DAG(s) 'example_task_group_decorator' retrieved from /home/airflow/.local/lib/python3.12/site-packages/airflow/example_dags/example_task_group_decorator.py
[2025-12-09T19:20:19.792+0000] {logging_mixin.py:190} INFO - [2025-12-09T19:20:19.791+0000] {dag.py:3229} INFO - Sync 1 DAGs
[2025-12-09T19:20:19.814+0000] {logging_mixin.py:190} INFO - [2025-12-09T19:20:19.814+0000] {dag.py:4156} INFO - Setting next_dagrun for example_task_group_decorator to None, run_after=None
[2025-12-09T19:20:19.858+0000] {processor.py:208} INFO - Processing /home/airflow/.local/lib/python3.12/site-packages/airflow/example_dags/example_task_group_decorator.py took 0.156 seconds
[2025-12-09T19:20:50.565+0000] {processor.py:186} INFO - Started process (PID=770) to work on /home/airflow/.local/lib/python3.12/site-packages/airflow/example_dags/example_task_group_decorator.py
[2025-12-09T19:20:50.598+0000] {processor.py:914} INFO - Processing file /home/airflow/.local/lib/python3.12/site-packages/airflow/example_dags/example_task_group_decorator.py for tasks to queue
[2025-12-09T19:20:50.602+0000] {logging_mixin.py:190} INFO - [2025-12-09T19:20:50.602+0000] {dagbag.py:587} INFO - Filling up the DagBag from /home/airflow/.local/lib/python3.12/site-packages/airflow/example_dags/example_task_group_decorator.py
[2025-12-09T19:20:50.632+0000] {processor.py:925} INFO - DAG(s) 'example_task_group_decorator' retrieved from /home/airflow/.local/lib/python3.12/site-packages/airflow/example_dags/example_task_group_decorator.py
[2025-12-09T19:20:50.673+0000] {logging_mixin.py:190} INFO - [2025-12-09T19:20:50.673+0000] {dag.py:3229} INFO - Sync 1 DAGs
[2025-12-09T19:20:50.696+0000] {logging_mixin.py:190} INFO - [2025-12-09T19:20:50.695+0000] {dag.py:4156} INFO - Setting next_dagrun for example_task_group_decorator to None, run_after=None
[2025-12-09T19:20:50.739+0000] {processor.py:208} INFO - Processing /home/airflow/.local/lib/python3.12/site-packages/airflow/example_dags/example_task_group_decorator.py took 0.186 seconds
[2025-12-09T19:21:21.305+0000] {processor.py:186} INFO - Started process (PID=833) to work on /home/airflow/.local/lib/python3.12/site-packages/airflow/example_dags/example_task_group_decorator.py
[2025-12-09T19:21:21.339+0000] {processor.py:914} INFO - Processing file /home/airflow/.local/lib/python3.12/site-packages/airflow/example_dags/example_task_group_decorator.py for tasks to queue
[2025-12-09T19:21:21.343+0000] {logging_mixin.py:190} INFO - [2025-12-09T19:21:21.342+0000] {dagbag.py:587} INFO - Filling up the DagBag from /home/airflow/.local/lib/python3.12/site-packages/airflow/example_dags/example_task_group_decorator.py
[2025-12-09T19:21:21.363+0000] {processor.py:925} INFO - DAG(s) 'example_task_group_decorator' retrieved from /home/airflow/.local/lib/python3.12/site-packages/airflow/example_dags/example_task_group_decorator.py
[2025-12-09T19:21:21.404+0000] {logging_mixin.py:190} INFO - [2025-12-09T19:21:21.403+0000] {dag.py:3229} INFO - Sync 1 DAGs
[2025-12-09T19:21:21.427+0000] {logging_mixin.py:190} INFO - [2025-12-09T19:21:21.427+0000] {dag.py:4156} INFO - Setting next_dagrun for example_task_group_decorator to None, run_after=None
[2025-12-09T19:21:21.480+0000] {processor.py:208} INFO - Processing /home/airflow/.local/lib/python3.12/site-packages/airflow/example_dags/example_task_group_decorator.py took 0.184 seconds
[2025-12-09T19:21:49.040+0000] {processor.py:186} INFO - Started process (PID=894) to work on /home/airflow/.local/lib/python3.12/site-packages/airflow/example_dags/example_task_group_decorator.py
[2025-12-09T19:21:49.074+0000] {processor.py:914} INFO - Processing file /home/airflow/.local/lib/python3.12/site-packages/airflow/example_dags/example_task_group_decorator.py for tasks to queue
[2025-12-09T19:21:49.077+0000] {logging_mixin.py:190} INFO - [2025-12-09T19:21:49.077+0000] {dagbag.py:587} INFO - Filling up the DagBag from /home/airflow/.local/lib/python3.12/site-packages/airflow/example_dags/example_task_group_decorator.py
[2025-12-09T19:21:49.098+0000] {processor.py:925} INFO - DAG(s) 'example_task_group_decorator' retrieved from /home/airflow/.local/lib/python3.12/site-packages/airflow/example_dags/example_task_group_decorator.py
[2025-12-09T19:21:49.139+0000] {logging_mixin.py:190} INFO - [2025-12-09T19:21:49.138+0000] {dag.py:3229} INFO - Sync 1 DAGs
[2025-12-09T19:21:49.158+0000] {logging_mixin.py:190} INFO - [2025-12-09T19:21:49.158+0000] {dag.py:4156} INFO - Setting next_dagrun for example_task_group_decorator to None, run_after=None
[2025-12-09T19:21:49.219+0000] {processor.py:208} INFO - Processing /home/airflow/.local/lib/python3.12/site-packages/airflow/example_dags/example_task_group_decorator.py took 0.188 seconds
[2025-12-09T19:22:19.864+0000] {processor.py:186} INFO - Started process (PID=954) to work on /home/airflow/.local/lib/python3.12/site-packages/airflow/example_dags/example_task_group_decorator.py
[2025-12-09T19:22:19.882+0000] {processor.py:914} INFO - Processing file /home/airflow/.local/lib/python3.12/site-packages/airflow/example_dags/example_task_group_decorator.py for tasks to queue
[2025-12-09T19:22:19.886+0000] {logging_mixin.py:190} INFO - [2025-12-09T19:22:19.885+0000] {dagbag.py:587} INFO - Filling up the DagBag from /home/airflow/.local/lib/python3.12/site-packages/airflow/example_dags/example_task_group_decorator.py
[2025-12-09T19:22:19.909+0000] {processor.py:925} INFO - DAG(s) 'example_task_group_decorator' retrieved from /home/airflow/.local/lib/python3.12/site-packages/airflow/example_dags/example_task_group_decorator.py
[2025-12-09T19:22:19.947+0000] {logging_mixin.py:190} INFO - [2025-12-09T19:22:19.947+0000] {dag.py:3229} INFO - Sync 1 DAGs
[2025-12-09T19:22:19.968+0000] {logging_mixin.py:190} INFO - [2025-12-09T19:22:19.968+0000] {dag.py:4156} INFO - Setting next_dagrun for example_task_group_decorator to None, run_after=None
[2025-12-09T19:22:20.025+0000] {processor.py:208} INFO - Processing /home/airflow/.local/lib/python3.12/site-packages/airflow/example_dags/example_task_group_decorator.py took 0.171 seconds
[2025-12-09T19:22:49.378+0000] {processor.py:186} INFO - Started process (PID=1021) to work on /home/airflow/.local/lib/python3.12/site-packages/airflow/example_dags/example_task_group_decorator.py
[2025-12-09T19:22:49.410+0000] {processor.py:914} INFO - Processing file /home/airflow/.local/lib/python3.12/site-packages/airflow/example_dags/example_task_group_decorator.py for tasks to queue
[2025-12-09T19:22:49.413+0000] {logging_mixin.py:190} INFO - [2025-12-09T19:22:49.413+0000] {dagbag.py:587} INFO - Filling up the DagBag from /home/airflow/.local/lib/python3.12/site-packages/airflow/example_dags/example_task_group_decorator.py
[2025-12-09T19:22:49.434+0000] {processor.py:925} INFO - DAG(s) 'example_task_group_decorator' retrieved from /home/airflow/.local/lib/python3.12/site-packages/airflow/example_dags/example_task_group_decorator.py
[2025-12-09T19:22:49.475+0000] {logging_mixin.py:190} INFO - [2025-12-09T19:22:49.475+0000] {dag.py:3229} INFO - Sync 1 DAGs
[2025-12-09T19:22:49.494+0000] {logging_mixin.py:190} INFO - [2025-12-09T19:22:49.494+0000] {dag.py:4156} INFO - Setting next_dagrun for example_task_group_decorator to None, run_after=None
[2025-12-09T19:22:49.551+0000] {processor.py:208} INFO - Processing /home/airflow/.local/lib/python3.12/site-packages/airflow/example_dags/example_task_group_decorator.py took 0.182 seconds
[2025-12-09T19:23:20.506+0000] {processor.py:186} INFO - Started process (PID=1085) to work on /home/airflow/.local/lib/python3.12/site-packages/airflow/example_dags/example_task_group_decorator.py
[2025-12-09T19:23:20.510+0000] {processor.py:914} INFO - Processing file /home/airflow/.local/lib/python3.12/site-packages/airflow/example_dags/example_task_group_decorator.py for tasks to queue
[2025-12-09T19:23:20.515+0000] {logging_mixin.py:190} INFO - [2025-12-09T19:23:20.514+0000] {dagbag.py:587} INFO - Filling up the DagBag from /home/airflow/.local/lib/python3.12/site-packages/airflow/example_dags/example_task_group_decorator.py
[2025-12-09T19:23:20.541+0000] {processor.py:925} INFO - DAG(s) 'example_task_group_decorator' retrieved from /home/airflow/.local/lib/python3.12/site-packages/airflow/example_dags/example_task_group_decorator.py
[2025-12-09T19:23:20.587+0000] {logging_mixin.py:190} INFO - [2025-12-09T19:23:20.586+0000] {dag.py:3229} INFO - Sync 1 DAGs
[2025-12-09T19:23:20.610+0000] {logging_mixin.py:190} INFO - [2025-12-09T19:23:20.609+0000] {dag.py:4156} INFO - Setting next_dagrun for example_task_group_decorator to None, run_after=None
[2025-12-09T19:23:20.676+0000] {processor.py:208} INFO - Processing /home/airflow/.local/lib/python3.12/site-packages/airflow/example_dags/example_task_group_decorator.py took 0.181 seconds
[2025-12-09T19:23:51.062+0000] {processor.py:186} INFO - Started process (PID=1147) to work on /home/airflow/.local/lib/python3.12/site-packages/airflow/example_dags/example_task_group_decorator.py
[2025-12-09T19:23:51.093+0000] {processor.py:914} INFO - Processing file /home/airflow/.local/lib/python3.12/site-packages/airflow/example_dags/example_task_group_decorator.py for tasks to queue
[2025-12-09T19:23:51.099+0000] {logging_mixin.py:190} INFO - [2025-12-09T19:23:51.098+0000] {dagbag.py:587} INFO - Filling up the DagBag from /home/airflow/.local/lib/python3.12/site-packages/airflow/example_dags/example_task_group_decorator.py
[2025-12-09T19:23:59.299+0000] {processor.py:925} INFO - DAG(s) 'example_task_group_decorator' retrieved from /home/airflow/.local/lib/python3.12/site-packages/airflow/example_dags/example_task_group_decorator.py
[2025-12-09T19:23:50.946+0000] {logging_mixin.py:190} INFO - [2025-12-09T19:23:50.945+0000] {dag.py:3229} INFO - Sync 1 DAGs
[2025-12-09T19:23:50.995+0000] {logging_mixin.py:190} INFO - [2025-12-09T19:23:50.994+0000] {dag.py:4156} INFO - Setting next_dagrun for example_task_group_decorator to None, run_after=None
[2025-12-09T19:23:51.034+0000] {processor.py:208} INFO - Processing /home/airflow/.local/lib/python3.12/site-packages/airflow/example_dags/example_task_group_decorator.py took 0.214 seconds
[2025-12-09T19:24:14.751+0000] {processor.py:186} INFO - Started process (PID=1209) to work on /home/airflow/.local/lib/python3.12/site-packages/airflow/example_dags/example_task_group_decorator.py
[2025-12-09T19:24:14.784+0000] {processor.py:914} INFO - Processing file /home/airflow/.local/lib/python3.12/site-packages/airflow/example_dags/example_task_group_decorator.py for tasks to queue
[2025-12-09T19:24:14.788+0000] {logging_mixin.py:190} INFO - [2025-12-09T19:24:14.788+0000] {dagbag.py:587} INFO - Filling up the DagBag from /home/airflow/.local/lib/python3.12/site-packages/airflow/example_dags/example_task_group_decorator.py
[2025-12-09T19:24:14.808+0000] {processor.py:925} INFO - DAG(s) 'example_task_group_decorator' retrieved from /home/airflow/.local/lib/python3.12/site-packages/airflow/example_dags/example_task_group_decorator.py
[2025-12-09T19:24:14.846+0000] {logging_mixin.py:190} INFO - [2025-12-09T19:24:14.845+0000] {dag.py:3229} INFO - Sync 1 DAGs
[2025-12-09T19:24:14.867+0000] {logging_mixin.py:190} INFO - [2025-12-09T19:24:14.867+0000] {dag.py:4156} INFO - Setting next_dagrun for example_task_group_decorator to None, run_after=None
[2025-12-09T19:24:14.914+0000] {processor.py:208} INFO - Processing /home/airflow/.local/lib/python3.12/site-packages/airflow/example_dags/example_task_group_decorator.py took 0.173 seconds
[2025-12-09T19:24:39.403+0000] {processor.py:186} INFO - Started process (PID=1265) to work on /home/airflow/.local/lib/python3.12/site-packages/airflow/example_dags/example_task_group_decorator.py
[2025-12-09T19:24:39.433+0000] {processor.py:914} INFO - Processing file /home/airflow/.local/lib/python3.12/site-packages/airflow/example_dags/example_task_group_decorator.py for tasks to queue
[2025-12-09T19:24:39.438+0000] {logging_mixin.py:190} INFO - [2025-12-09T19:24:39.437+0000] {dagbag.py:587} INFO - Filling up the DagBag from /home/airflow/.local/lib/python3.12/site-packages/airflow/example_dags/example_task_group_decorator.py
[2025-12-09T19:24:39.462+0000] {processor.py:925} INFO - DAG(s) 'example_task_group_decorator' retrieved from /home/airflow/.local/lib/python3.12/site-packages/airflow/example_dags/example_task_group_decorator.py
[2025-12-09T19:24:39.504+0000] {logging_mixin.py:190} INFO - [2025-12-09T19:24:39.504+0000] {dag.py:3229} INFO - Sync 1 DAGs
[2025-12-09T19:24:39.533+0000] {logging_mixin.py:190} INFO - [2025-12-09T19:24:39.532+0000] {dag.py:4156} INFO - Setting next_dagrun for example_task_group_decorator to None, run_after=None
[2025-12-09T19:24:39.569+0000] {processor.py:208} INFO - Processing /home/airflow/.local/lib/python3.12/site-packages/airflow/example_dags/example_task_group_decorator.py took 0.177 seconds
[2025-12-09T19:25:04.157+0000] {processor.py:186} INFO - Started process (PID=1324) to work on /home/airflow/.local/lib/python3.12/site-packages/airflow/example_dags/example_task_group_decorator.py
[2025-12-09T19:25:04.159+0000] {processor.py:914} INFO - Processing file /home/airflow/.local/lib/python3.12/site-packages/airflow/example_dags/example_task_group_decorator.py for tasks to queue
[2025-12-09T19:25:04.163+0000] {logging_mixin.py:190} INFO - [2025-12-09T19:25:04.162+0000] {dagbag.py:587} INFO - Filling up the DagBag from /home/airflow/.local/lib/python3.12/site-packages/airflow/example_dags/example_task_group_decorator.py
[2025-12-09T19:25:04.187+0000] {processor.py:925} INFO - DAG(s) 'example_task_group_decorator' retrieved from /home/airflow/.local/lib/python3.12/site-packages/airflow/example_dags/example_task_group_decorator.py
[2025-12-09T19:25:04.228+0000] {logging_mixin.py:190} INFO - [2025-12-09T19:25:04.228+0000] {dag.py:3229} INFO - Sync 1 DAGs
[2025-12-09T19:25:04.249+0000] {logging_mixin.py:190} INFO - [2025-12-09T19:25:04.248+0000] {dag.py:4156} INFO - Setting next_dagrun for example_task_group_decorator to None, run_after=None
[2025-12-09T19:25:04.279+0000] {processor.py:208} INFO - Processing /home/airflow/.local/lib/python3.12/site-packages/airflow/example_dags/example_task_group_decorator.py took 0.131 seconds
[2025-12-09T19:25:29.127+0000] {processor.py:186} INFO - Started process (PID=1384) to work on /home/airflow/.local/lib/python3.12/site-packages/airflow/example_dags/example_task_group_decorator.py
[2025-12-09T19:25:29.129+0000] {processor.py:914} INFO - Processing file /home/airflow/.local/lib/python3.12/site-packages/airflow/example_dags/example_task_group_decorator.py for tasks to queue
[2025-12-09T19:25:29.132+0000] {logging_mixin.py:190} INFO - [2025-12-09T19:25:29.132+0000] {dagbag.py:587} INFO - Filling up the DagBag from /home/airflow/.local/lib/python3.12/site-packages/airflow/example_dags/example_task_group_decorator.py
[2025-12-09T19:25:29.155+0000] {processor.py:925} INFO - DAG(s) 'example_task_group_decorator' retrieved from /home/airflow/.local/lib/python3.12/site-packages/airflow/example_dags/example_task_group_decorator.py
[2025-12-09T19:25:29.194+0000] {logging_mixin.py:190} INFO - [2025-12-09T19:25:29.194+0000] {dag.py:3229} INFO - Sync 1 DAGs
[2025-12-09T19:25:29.215+0000] {logging_mixin.py:190} INFO - [2025-12-09T19:25:29.215+0000] {dag.py:4156} INFO - Setting next_dagrun for example_task_group_decorator to None, run_after=None
[2025-12-09T19:25:29.244+0000] {processor.py:208} INFO - Processing /home/airflow/.local/lib/python3.12/site-packages/airflow/example_dags/example_task_group_decorator.py took 0.125 seconds
[2025-12-09T19:25:59.495+0000] {processor.py:186} INFO - Started process (PID=1444) to work on /home/airflow/.local/lib/python3.12/site-packages/airflow/example_dags/example_task_group_decorator.py
[2025-12-09T19:25:59.497+0000] {processor.py:914} INFO - Processing file /home/airflow/.local/lib/python3.12/site-packages/airflow/example_dags/example_task_group_decorator.py for tasks to queue
[2025-12-09T19:25:59.503+0000] {logging_mixin.py:190} INFO - [2025-12-09T19:25:59.502+0000] {dagbag.py:587} INFO - Filling up the DagBag from /home/airflow/.local/lib/python3.12/site-packages/airflow/example_dags/example_task_group_decorator.py
[2025-12-09T19:25:59.528+0000] {processor.py:925} INFO - DAG(s) 'example_task_group_decorator' retrieved from /home/airflow/.local/lib/python3.12/site-packages/airflow/example_dags/example_task_group_decorator.py
[2025-12-09T19:25:59.573+0000] {logging_mixin.py:190} INFO - [2025-12-09T19:25:59.572+0000] {dag.py:3229} INFO - Sync 1 DAGs
[2025-12-09T19:25:59.595+0000] {logging_mixin.py:190} INFO - [2025-12-09T19:25:59.595+0000] {dag.py:4156} INFO - Setting next_dagrun for example_task_group_decorator to None, run_after=None
[2025-12-09T19:25:59.630+0000] {processor.py:208} INFO - Processing /home/airflow/.local/lib/python3.12/site-packages/airflow/example_dags/example_task_group_decorator.py took 0.147 seconds
