[2025-12-09T19:15:33.156+0000] {processor.py:186} INFO - Started process (PID=94) to work on /home/airflow/.local/lib/python3.12/site-packages/airflow/example_dags/example_python_decorator.py
[2025-12-09T19:15:33.157+0000] {processor.py:914} INFO - Processing file /home/airflow/.local/lib/python3.12/site-packages/airflow/example_dags/example_python_decorator.py for tasks to queue
[2025-12-09T19:15:33.161+0000] {logging_mixin.py:190} INFO - [2025-12-09T19:15:33.161+0000] {dagbag.py:587} INFO - Filling up the DagBag from /home/airflow/.local/lib/python3.12/site-packages/airflow/example_dags/example_python_decorator.py
[2025-12-09T19:15:33.185+0000] {processor.py:925} INFO - DAG(s) 'example_python_decorator' retrieved from /home/airflow/.local/lib/python3.12/site-packages/airflow/example_dags/example_python_decorator.py
[2025-12-09T19:15:33.343+0000] {logging_mixin.py:190} INFO - [2025-12-09T19:15:33.342+0000] {override.py:1900} INFO - Created Permission View: can read on DAG:example_python_decorator
[2025-12-09T19:15:33.359+0000] {logging_mixin.py:190} INFO - [2025-12-09T19:15:33.359+0000] {override.py:1900} INFO - Created Permission View: can delete on DAG:example_python_decorator
[2025-12-09T19:15:33.371+0000] {logging_mixin.py:190} INFO - [2025-12-09T19:15:33.370+0000] {override.py:1900} INFO - Created Permission View: can edit on DAG:example_python_decorator
[2025-12-09T19:15:33.385+0000] {logging_mixin.py:190} INFO - [2025-12-09T19:15:33.384+0000] {override.py:1900} INFO - Created Permission View: can read on DAG Run:example_python_decorator
[2025-12-09T19:15:33.395+0000] {logging_mixin.py:190} INFO - [2025-12-09T19:15:33.395+0000] {override.py:1900} INFO - Created Permission View: can delete on DAG Run:example_python_decorator
[2025-12-09T19:15:33.407+0000] {logging_mixin.py:190} INFO - [2025-12-09T19:15:33.406+0000] {override.py:1900} INFO - Created Permission View: menu access on DAG Run:example_python_decorator
[2025-12-09T19:15:33.418+0000] {logging_mixin.py:190} INFO - [2025-12-09T19:15:33.418+0000] {override.py:1900} INFO - Created Permission View: can create on DAG Run:example_python_decorator
[2025-12-09T19:15:33.419+0000] {logging_mixin.py:190} INFO - [2025-12-09T19:15:33.419+0000] {dag.py:3229} INFO - Sync 1 DAGs
[2025-12-09T19:15:33.441+0000] {logging_mixin.py:190} INFO - [2025-12-09T19:15:33.441+0000] {dag.py:3252} INFO - Creating ORM DAG for example_python_decorator
[2025-12-09T19:15:33.442+0000] {logging_mixin.py:190} INFO - [2025-12-09T19:15:33.442+0000] {dag.py:4156} INFO - Setting next_dagrun for example_python_decorator to None, run_after=None
[2025-12-09T19:15:33.475+0000] {processor.py:208} INFO - Processing /home/airflow/.local/lib/python3.12/site-packages/airflow/example_dags/example_python_decorator.py took 0.335 seconds
[2025-12-09T19:16:03.606+0000] {processor.py:186} INFO - Started process (PID=156) to work on /home/airflow/.local/lib/python3.12/site-packages/airflow/example_dags/example_python_decorator.py
[2025-12-09T19:16:03.641+0000] {processor.py:914} INFO - Processing file /home/airflow/.local/lib/python3.12/site-packages/airflow/example_dags/example_python_decorator.py for tasks to queue
[2025-12-09T19:16:03.645+0000] {logging_mixin.py:190} INFO - [2025-12-09T19:16:03.645+0000] {dagbag.py:587} INFO - Filling up the DagBag from /home/airflow/.local/lib/python3.12/site-packages/airflow/example_dags/example_python_decorator.py
[2025-12-09T19:16:03.673+0000] {processor.py:925} INFO - DAG(s) 'example_python_decorator' retrieved from /home/airflow/.local/lib/python3.12/site-packages/airflow/example_dags/example_python_decorator.py
[2025-12-09T19:16:03.712+0000] {logging_mixin.py:190} INFO - [2025-12-09T19:16:03.712+0000] {dag.py:3229} INFO - Sync 1 DAGs
[2025-12-09T19:16:03.735+0000] {logging_mixin.py:190} INFO - [2025-12-09T19:16:03.734+0000] {dag.py:4156} INFO - Setting next_dagrun for example_python_decorator to None, run_after=None
[2025-12-09T19:16:03.764+0000] {processor.py:208} INFO - Processing /home/airflow/.local/lib/python3.12/site-packages/airflow/example_dags/example_python_decorator.py took 0.168 seconds
[2025-12-09T19:16:42.967+0000] {processor.py:186} INFO - Started process (PID=215) to work on /home/airflow/.local/lib/python3.12/site-packages/airflow/example_dags/example_python_decorator.py
[2025-12-09T19:16:42.984+0000] {processor.py:914} INFO - Processing file /home/airflow/.local/lib/python3.12/site-packages/airflow/example_dags/example_python_decorator.py for tasks to queue
[2025-12-09T19:16:42.988+0000] {logging_mixin.py:190} INFO - [2025-12-09T19:16:42.988+0000] {dagbag.py:587} INFO - Filling up the DagBag from /home/airflow/.local/lib/python3.12/site-packages/airflow/example_dags/example_python_decorator.py
[2025-12-09T19:16:43.010+0000] {processor.py:925} INFO - DAG(s) 'example_python_decorator' retrieved from /home/airflow/.local/lib/python3.12/site-packages/airflow/example_dags/example_python_decorator.py
[2025-12-09T19:16:43.045+0000] {logging_mixin.py:190} INFO - [2025-12-09T19:16:43.044+0000] {dag.py:3229} INFO - Sync 1 DAGs
[2025-12-09T19:16:43.071+0000] {logging_mixin.py:190} INFO - [2025-12-09T19:16:43.070+0000] {dag.py:4156} INFO - Setting next_dagrun for example_python_decorator to None, run_after=None
[2025-12-09T19:16:43.101+0000] {processor.py:208} INFO - Processing /home/airflow/.local/lib/python3.12/site-packages/airflow/example_dags/example_python_decorator.py took 0.144 seconds
[2025-12-09T19:17:21.547+0000] {processor.py:186} INFO - Started process (PID=312) to work on /home/airflow/.local/lib/python3.12/site-packages/airflow/example_dags/example_python_decorator.py
[2025-12-09T19:17:21.570+0000] {processor.py:914} INFO - Processing file /home/airflow/.local/lib/python3.12/site-packages/airflow/example_dags/example_python_decorator.py for tasks to queue
[2025-12-09T19:17:21.574+0000] {logging_mixin.py:190} INFO - [2025-12-09T19:17:21.574+0000] {dagbag.py:587} INFO - Filling up the DagBag from /home/airflow/.local/lib/python3.12/site-packages/airflow/example_dags/example_python_decorator.py
[2025-12-09T19:17:21.602+0000] {processor.py:925} INFO - DAG(s) 'example_python_decorator' retrieved from /home/airflow/.local/lib/python3.12/site-packages/airflow/example_dags/example_python_decorator.py
[2025-12-09T19:17:21.650+0000] {logging_mixin.py:190} INFO - [2025-12-09T19:17:21.649+0000] {dag.py:3229} INFO - Sync 1 DAGs
[2025-12-09T19:17:21.680+0000] {logging_mixin.py:190} INFO - [2025-12-09T19:17:21.679+0000] {dag.py:4156} INFO - Setting next_dagrun for example_python_decorator to None, run_after=None
[2025-12-09T19:17:21.721+0000] {processor.py:208} INFO - Processing /home/airflow/.local/lib/python3.12/site-packages/airflow/example_dags/example_python_decorator.py took 0.184 seconds
[2025-12-09T19:17:56.619+0000] {processor.py:186} INFO - Started process (PID=384) to work on /home/airflow/.local/lib/python3.12/site-packages/airflow/example_dags/example_python_decorator.py
[2025-12-09T19:17:56.621+0000] {processor.py:914} INFO - Processing file /home/airflow/.local/lib/python3.12/site-packages/airflow/example_dags/example_python_decorator.py for tasks to queue
[2025-12-09T19:17:56.625+0000] {logging_mixin.py:190} INFO - [2025-12-09T19:17:56.624+0000] {dagbag.py:587} INFO - Filling up the DagBag from /home/airflow/.local/lib/python3.12/site-packages/airflow/example_dags/example_python_decorator.py
[2025-12-09T19:17:56.648+0000] {processor.py:925} INFO - DAG(s) 'example_python_decorator' retrieved from /home/airflow/.local/lib/python3.12/site-packages/airflow/example_dags/example_python_decorator.py
[2025-12-09T19:17:56.685+0000] {logging_mixin.py:190} INFO - [2025-12-09T19:17:56.684+0000] {dag.py:3229} INFO - Sync 1 DAGs
[2025-12-09T19:17:56.710+0000] {logging_mixin.py:190} INFO - [2025-12-09T19:17:56.710+0000] {dag.py:4156} INFO - Setting next_dagrun for example_python_decorator to None, run_after=None
[2025-12-09T19:17:56.746+0000] {processor.py:208} INFO - Processing /home/airflow/.local/lib/python3.12/site-packages/airflow/example_dags/example_python_decorator.py took 0.136 seconds
[2025-12-09T19:18:31.833+0000] {processor.py:186} INFO - Started process (PID=454) to work on /home/airflow/.local/lib/python3.12/site-packages/airflow/example_dags/example_python_decorator.py
[2025-12-09T19:18:31.835+0000] {processor.py:914} INFO - Processing file /home/airflow/.local/lib/python3.12/site-packages/airflow/example_dags/example_python_decorator.py for tasks to queue
[2025-12-09T19:18:31.839+0000] {logging_mixin.py:190} INFO - [2025-12-09T19:18:31.838+0000] {dagbag.py:587} INFO - Filling up the DagBag from /home/airflow/.local/lib/python3.12/site-packages/airflow/example_dags/example_python_decorator.py
[2025-12-09T19:18:31.866+0000] {processor.py:925} INFO - DAG(s) 'example_python_decorator' retrieved from /home/airflow/.local/lib/python3.12/site-packages/airflow/example_dags/example_python_decorator.py
[2025-12-09T19:18:31.916+0000] {logging_mixin.py:190} INFO - [2025-12-09T19:18:31.915+0000] {dag.py:3229} INFO - Sync 1 DAGs
[2025-12-09T19:18:31.910+0000] {logging_mixin.py:190} INFO - [2025-12-09T19:18:31.909+0000] {dag.py:4156} INFO - Setting next_dagrun for example_python_decorator to None, run_after=None
[2025-12-09T19:18:31.949+0000] {processor.py:208} INFO - Processing /home/airflow/.local/lib/python3.12/site-packages/airflow/example_dags/example_python_decorator.py took 0.164 seconds
[2025-12-09T19:18:59.115+0000] {processor.py:186} INFO - Started process (PID=543) to work on /home/airflow/.local/lib/python3.12/site-packages/airflow/example_dags/example_python_decorator.py
[2025-12-09T19:18:59.146+0000] {processor.py:914} INFO - Processing file /home/airflow/.local/lib/python3.12/site-packages/airflow/example_dags/example_python_decorator.py for tasks to queue
[2025-12-09T19:18:59.151+0000] {logging_mixin.py:190} INFO - [2025-12-09T19:18:59.151+0000] {dagbag.py:587} INFO - Filling up the DagBag from /home/airflow/.local/lib/python3.12/site-packages/airflow/example_dags/example_python_decorator.py
[2025-12-09T19:18:59.179+0000] {processor.py:925} INFO - DAG(s) 'example_python_decorator' retrieved from /home/airflow/.local/lib/python3.12/site-packages/airflow/example_dags/example_python_decorator.py
[2025-12-09T19:18:59.214+0000] {logging_mixin.py:190} INFO - [2025-12-09T19:18:59.214+0000] {dag.py:3229} INFO - Sync 1 DAGs
[2025-12-09T19:18:59.238+0000] {logging_mixin.py:190} INFO - [2025-12-09T19:18:59.238+0000] {dag.py:4156} INFO - Setting next_dagrun for example_python_decorator to None, run_after=None
[2025-12-09T19:18:59.275+0000] {processor.py:208} INFO - Processing /home/airflow/.local/lib/python3.12/site-packages/airflow/example_dags/example_python_decorator.py took 0.169 seconds
[2025-12-09T19:19:24.555+0000] {processor.py:186} INFO - Started process (PID=596) to work on /home/airflow/.local/lib/python3.12/site-packages/airflow/example_dags/example_python_decorator.py
[2025-12-09T19:19:24.586+0000] {processor.py:914} INFO - Processing file /home/airflow/.local/lib/python3.12/site-packages/airflow/example_dags/example_python_decorator.py for tasks to queue
[2025-12-09T19:19:24.590+0000] {logging_mixin.py:190} INFO - [2025-12-09T19:19:24.589+0000] {dagbag.py:587} INFO - Filling up the DagBag from /home/airflow/.local/lib/python3.12/site-packages/airflow/example_dags/example_python_decorator.py
[2025-12-09T19:19:24.613+0000] {processor.py:925} INFO - DAG(s) 'example_python_decorator' retrieved from /home/airflow/.local/lib/python3.12/site-packages/airflow/example_dags/example_python_decorator.py
[2025-12-09T19:19:24.653+0000] {logging_mixin.py:190} INFO - [2025-12-09T19:19:24.652+0000] {dag.py:3229} INFO - Sync 1 DAGs
[2025-12-09T19:19:24.675+0000] {logging_mixin.py:190} INFO - [2025-12-09T19:19:24.675+0000] {dag.py:4156} INFO - Setting next_dagrun for example_python_decorator to None, run_after=None
[2025-12-09T19:19:24.832+0000] {processor.py:208} INFO - Processing /home/airflow/.local/lib/python3.12/site-packages/airflow/example_dags/example_python_decorator.py took 0.287 seconds
[2025-12-09T19:19:49.217+0000] {processor.py:186} INFO - Started process (PID=645) to work on /home/airflow/.local/lib/python3.12/site-packages/airflow/example_dags/example_python_decorator.py
[2025-12-09T19:19:49.250+0000] {processor.py:914} INFO - Processing file /home/airflow/.local/lib/python3.12/site-packages/airflow/example_dags/example_python_decorator.py for tasks to queue
[2025-12-09T19:19:49.253+0000] {logging_mixin.py:190} INFO - [2025-12-09T19:19:49.253+0000] {dagbag.py:587} INFO - Filling up the DagBag from /home/airflow/.local/lib/python3.12/site-packages/airflow/example_dags/example_python_decorator.py
[2025-12-09T19:19:49.275+0000] {processor.py:925} INFO - DAG(s) 'example_python_decorator' retrieved from /home/airflow/.local/lib/python3.12/site-packages/airflow/example_dags/example_python_decorator.py
[2025-12-09T19:19:49.309+0000] {logging_mixin.py:190} INFO - [2025-12-09T19:19:49.309+0000] {dag.py:3229} INFO - Sync 1 DAGs
[2025-12-09T19:19:49.331+0000] {logging_mixin.py:190} INFO - [2025-12-09T19:19:49.330+0000] {dag.py:4156} INFO - Setting next_dagrun for example_python_decorator to None, run_after=None
[2025-12-09T19:19:49.388+0000] {processor.py:208} INFO - Processing /home/airflow/.local/lib/python3.12/site-packages/airflow/example_dags/example_python_decorator.py took 0.180 seconds
[2025-12-09T19:20:19.019+0000] {processor.py:186} INFO - Started process (PID=707) to work on /home/airflow/.local/lib/python3.12/site-packages/airflow/example_dags/example_python_decorator.py
[2025-12-09T19:20:19.050+0000] {processor.py:914} INFO - Processing file /home/airflow/.local/lib/python3.12/site-packages/airflow/example_dags/example_python_decorator.py for tasks to queue
[2025-12-09T19:20:19.055+0000] {logging_mixin.py:190} INFO - [2025-12-09T19:20:19.055+0000] {dagbag.py:587} INFO - Filling up the DagBag from /home/airflow/.local/lib/python3.12/site-packages/airflow/example_dags/example_python_decorator.py
[2025-12-09T19:20:19.083+0000] {processor.py:925} INFO - DAG(s) 'example_python_decorator' retrieved from /home/airflow/.local/lib/python3.12/site-packages/airflow/example_dags/example_python_decorator.py
[2025-12-09T19:20:19.122+0000] {logging_mixin.py:190} INFO - [2025-12-09T19:20:19.122+0000] {dag.py:3229} INFO - Sync 1 DAGs
[2025-12-09T19:20:19.153+0000] {logging_mixin.py:190} INFO - [2025-12-09T19:20:19.153+0000] {dag.py:4156} INFO - Setting next_dagrun for example_python_decorator to None, run_after=None
[2025-12-09T19:20:19.220+0000] {processor.py:208} INFO - Processing /home/airflow/.local/lib/python3.12/site-packages/airflow/example_dags/example_python_decorator.py took 0.212 seconds
[2025-12-09T19:20:49.722+0000] {processor.py:186} INFO - Started process (PID=765) to work on /home/airflow/.local/lib/python3.12/site-packages/airflow/example_dags/example_python_decorator.py
[2025-12-09T19:20:49.740+0000] {processor.py:914} INFO - Processing file /home/airflow/.local/lib/python3.12/site-packages/airflow/example_dags/example_python_decorator.py for tasks to queue
[2025-12-09T19:20:49.744+0000] {logging_mixin.py:190} INFO - [2025-12-09T19:20:49.743+0000] {dagbag.py:587} INFO - Filling up the DagBag from /home/airflow/.local/lib/python3.12/site-packages/airflow/example_dags/example_python_decorator.py
[2025-12-09T19:20:49.764+0000] {processor.py:925} INFO - DAG(s) 'example_python_decorator' retrieved from /home/airflow/.local/lib/python3.12/site-packages/airflow/example_dags/example_python_decorator.py
[2025-12-09T19:20:49.801+0000] {logging_mixin.py:190} INFO - [2025-12-09T19:20:49.801+0000] {dag.py:3229} INFO - Sync 1 DAGs
[2025-12-09T19:20:49.820+0000] {logging_mixin.py:190} INFO - [2025-12-09T19:20:49.820+0000] {dag.py:4156} INFO - Setting next_dagrun for example_python_decorator to None, run_after=None
[2025-12-09T19:20:49.883+0000] {processor.py:208} INFO - Processing /home/airflow/.local/lib/python3.12/site-packages/airflow/example_dags/example_python_decorator.py took 0.169 seconds
[2025-12-09T19:21:20.031+0000] {processor.py:186} INFO - Started process (PID=827) to work on /home/airflow/.local/lib/python3.12/site-packages/airflow/example_dags/example_python_decorator.py
[2025-12-09T19:21:20.032+0000] {processor.py:914} INFO - Processing file /home/airflow/.local/lib/python3.12/site-packages/airflow/example_dags/example_python_decorator.py for tasks to queue
[2025-12-09T19:21:20.036+0000] {logging_mixin.py:190} INFO - [2025-12-09T19:21:20.035+0000] {dagbag.py:587} INFO - Filling up the DagBag from /home/airflow/.local/lib/python3.12/site-packages/airflow/example_dags/example_python_decorator.py
[2025-12-09T19:21:20.060+0000] {processor.py:925} INFO - DAG(s) 'example_python_decorator' retrieved from /home/airflow/.local/lib/python3.12/site-packages/airflow/example_dags/example_python_decorator.py
[2025-12-09T19:21:20.097+0000] {logging_mixin.py:190} INFO - [2025-12-09T19:21:20.097+0000] {dag.py:3229} INFO - Sync 1 DAGs
[2025-12-09T19:21:20.120+0000] {logging_mixin.py:190} INFO - [2025-12-09T19:21:20.120+0000] {dag.py:4156} INFO - Setting next_dagrun for example_python_decorator to None, run_after=None
[2025-12-09T19:21:20.181+0000] {processor.py:208} INFO - Processing /home/airflow/.local/lib/python3.12/site-packages/airflow/example_dags/example_python_decorator.py took 0.160 seconds
[2025-12-09T19:21:56.990+0000] {processor.py:186} INFO - Started process (PID=889) to work on /home/airflow/.local/lib/python3.12/site-packages/airflow/example_dags/example_python_decorator.py
[2025-12-09T19:21:57.009+0000] {processor.py:914} INFO - Processing file /home/airflow/.local/lib/python3.12/site-packages/airflow/example_dags/example_python_decorator.py for tasks to queue
[2025-12-09T19:21:57.014+0000] {logging_mixin.py:190} INFO - [2025-12-09T19:21:57.013+0000] {dagbag.py:587} INFO - Filling up the DagBag from /home/airflow/.local/lib/python3.12/site-packages/airflow/example_dags/example_python_decorator.py
[2025-12-09T19:21:57.039+0000] {processor.py:925} INFO - DAG(s) 'example_python_decorator' retrieved from /home/airflow/.local/lib/python3.12/site-packages/airflow/example_dags/example_python_decorator.py
[2025-12-09T19:21:57.079+0000] {logging_mixin.py:190} INFO - [2025-12-09T19:21:57.079+0000] {dag.py:3229} INFO - Sync 1 DAGs
[2025-12-09T19:21:57.105+0000] {logging_mixin.py:190} INFO - [2025-12-09T19:21:57.104+0000] {dag.py:4156} INFO - Setting next_dagrun for example_python_decorator to None, run_after=None
[2025-12-09T19:21:57.144+0000] {processor.py:208} INFO - Processing /home/airflow/.local/lib/python3.12/site-packages/airflow/example_dags/example_python_decorator.py took 0.165 seconds
[2025-12-09T19:22:27.317+0000] {processor.py:186} INFO - Started process (PID=993) to work on /home/airflow/.local/lib/python3.12/site-packages/airflow/example_dags/example_python_decorator.py
[2025-12-09T19:22:27.319+0000] {processor.py:914} INFO - Processing file /home/airflow/.local/lib/python3.12/site-packages/airflow/example_dags/example_python_decorator.py for tasks to queue
[2025-12-09T19:22:27.322+0000] {logging_mixin.py:190} INFO - [2025-12-09T19:22:27.322+0000] {dagbag.py:587} INFO - Filling up the DagBag from /home/airflow/.local/lib/python3.12/site-packages/airflow/example_dags/example_python_decorator.py
[2025-12-09T19:22:27.342+0000] {processor.py:925} INFO - DAG(s) 'example_python_decorator' retrieved from /home/airflow/.local/lib/python3.12/site-packages/airflow/example_dags/example_python_decorator.py
[2025-12-09T19:22:27.375+0000] {logging_mixin.py:190} INFO - [2025-12-09T19:22:27.374+0000] {dag.py:3229} INFO - Sync 1 DAGs
[2025-12-09T19:22:27.396+0000] {logging_mixin.py:190} INFO - [2025-12-09T19:22:27.396+0000] {dag.py:4156} INFO - Setting next_dagrun for example_python_decorator to None, run_after=None
[2025-12-09T19:22:27.446+0000] {processor.py:208} INFO - Processing /home/airflow/.local/lib/python3.12/site-packages/airflow/example_dags/example_python_decorator.py took 0.138 seconds
[2025-12-09T19:22:57.793+0000] {processor.py:186} INFO - Started process (PID=1061) to work on /home/airflow/.local/lib/python3.12/site-packages/airflow/example_dags/example_python_decorator.py
[2025-12-09T19:22:57.809+0000] {processor.py:914} INFO - Processing file /home/airflow/.local/lib/python3.12/site-packages/airflow/example_dags/example_python_decorator.py for tasks to queue
[2025-12-09T19:22:57.814+0000] {logging_mixin.py:190} INFO - [2025-12-09T19:22:57.813+0000] {dagbag.py:587} INFO - Filling up the DagBag from /home/airflow/.local/lib/python3.12/site-packages/airflow/example_dags/example_python_decorator.py
[2025-12-09T19:22:57.837+0000] {processor.py:925} INFO - DAG(s) 'example_python_decorator' retrieved from /home/airflow/.local/lib/python3.12/site-packages/airflow/example_dags/example_python_decorator.py
[2025-12-09T19:22:57.879+0000] {logging_mixin.py:190} INFO - [2025-12-09T19:22:57.879+0000] {dag.py:3229} INFO - Sync 1 DAGs
[2025-12-09T19:22:57.901+0000] {logging_mixin.py:190} INFO - [2025-12-09T19:22:57.900+0000] {dag.py:4156} INFO - Setting next_dagrun for example_python_decorator to None, run_after=None
[2025-12-09T19:22:57.964+0000] {processor.py:208} INFO - Processing /home/airflow/.local/lib/python3.12/site-packages/airflow/example_dags/example_python_decorator.py took 0.181 seconds
[2025-12-09T19:23:24.164+0000] {processor.py:186} INFO - Started process (PID=1116) to work on /home/airflow/.local/lib/python3.12/site-packages/airflow/example_dags/example_python_decorator.py
[2025-12-09T19:23:24.198+0000] {processor.py:914} INFO - Processing file /home/airflow/.local/lib/python3.12/site-packages/airflow/example_dags/example_python_decorator.py for tasks to queue
[2025-12-09T19:23:24.202+0000] {logging_mixin.py:190} INFO - [2025-12-09T19:23:24.202+0000] {dagbag.py:587} INFO - Filling up the DagBag from /home/airflow/.local/lib/python3.12/site-packages/airflow/example_dags/example_python_decorator.py
[2025-12-09T19:23:24.226+0000] {processor.py:925} INFO - DAG(s) 'example_python_decorator' retrieved from /home/airflow/.local/lib/python3.12/site-packages/airflow/example_dags/example_python_decorator.py
[2025-12-09T19:23:24.264+0000] {logging_mixin.py:190} INFO - [2025-12-09T19:23:24.264+0000] {dag.py:3229} INFO - Sync 1 DAGs
[2025-12-09T19:23:24.285+0000] {logging_mixin.py:190} INFO - [2025-12-09T19:23:24.285+0000] {dag.py:4156} INFO - Setting next_dagrun for example_python_decorator to None, run_after=None
[2025-12-09T19:23:24.321+0000] {processor.py:208} INFO - Processing /home/airflow/.local/lib/python3.12/site-packages/airflow/example_dags/example_python_decorator.py took 0.167 seconds
[2025-12-09T19:23:54.202+0000] {processor.py:186} INFO - Started process (PID=1170) to work on /home/airflow/.local/lib/python3.12/site-packages/airflow/example_dags/example_python_decorator.py
[2025-12-09T19:23:54.232+0000] {processor.py:914} INFO - Processing file /home/airflow/.local/lib/python3.12/site-packages/airflow/example_dags/example_python_decorator.py for tasks to queue
[2025-12-09T19:23:54.236+0000] {logging_mixin.py:190} INFO - [2025-12-09T19:23:54.236+0000] {dagbag.py:587} INFO - Filling up the DagBag from /home/airflow/.local/lib/python3.12/site-packages/airflow/example_dags/example_python_decorator.py
[2025-12-09T19:23:54.269+0000] {processor.py:925} INFO - DAG(s) 'example_python_decorator' retrieved from /home/airflow/.local/lib/python3.12/site-packages/airflow/example_dags/example_python_decorator.py
[2025-12-09T19:23:54.323+0000] {logging_mixin.py:190} INFO - [2025-12-09T19:23:54.323+0000] {dag.py:3229} INFO - Sync 1 DAGs
[2025-12-09T19:23:54.356+0000] {logging_mixin.py:190} INFO - [2025-12-09T19:23:54.356+0000] {dag.py:4156} INFO - Setting next_dagrun for example_python_decorator to None, run_after=None
[2025-12-09T19:23:54.424+0000] {processor.py:208} INFO - Processing /home/airflow/.local/lib/python3.12/site-packages/airflow/example_dags/example_python_decorator.py took 0.231 seconds
[2025-12-09T19:24:18.964+0000] {processor.py:186} INFO - Started process (PID=1222) to work on /home/airflow/.local/lib/python3.12/site-packages/airflow/example_dags/example_python_decorator.py
[2025-12-09T19:24:18.966+0000] {processor.py:914} INFO - Processing file /home/airflow/.local/lib/python3.12/site-packages/airflow/example_dags/example_python_decorator.py for tasks to queue
[2025-12-09T19:24:18.969+0000] {logging_mixin.py:190} INFO - [2025-12-09T19:24:18.969+0000] {dagbag.py:587} INFO - Filling up the DagBag from /home/airflow/.local/lib/python3.12/site-packages/airflow/example_dags/example_python_decorator.py
[2025-12-09T19:24:18.993+0000] {processor.py:925} INFO - DAG(s) 'example_python_decorator' retrieved from /home/airflow/.local/lib/python3.12/site-packages/airflow/example_dags/example_python_decorator.py
[2025-12-09T19:24:19.030+0000] {logging_mixin.py:190} INFO - [2025-12-09T19:24:19.030+0000] {dag.py:3229} INFO - Sync 1 DAGs
[2025-12-09T19:24:19.054+0000] {logging_mixin.py:190} INFO - [2025-12-09T19:24:19.053+0000] {dag.py:4156} INFO - Setting next_dagrun for example_python_decorator to None, run_after=None
[2025-12-09T19:24:19.098+0000] {processor.py:208} INFO - Processing /home/airflow/.local/lib/python3.12/site-packages/airflow/example_dags/example_python_decorator.py took 0.143 seconds
[2025-12-09T19:24:49.140+0000] {processor.py:186} INFO - Started process (PID=1284) to work on /home/airflow/.local/lib/python3.12/site-packages/airflow/example_dags/example_python_decorator.py
[2025-12-09T19:24:49.171+0000] {processor.py:914} INFO - Processing file /home/airflow/.local/lib/python3.12/site-packages/airflow/example_dags/example_python_decorator.py for tasks to queue
[2025-12-09T19:24:49.175+0000] {logging_mixin.py:190} INFO - [2025-12-09T19:24:49.174+0000] {dagbag.py:587} INFO - Filling up the DagBag from /home/airflow/.local/lib/python3.12/site-packages/airflow/example_dags/example_python_decorator.py
[2025-12-09T19:24:49.194+0000] {processor.py:925} INFO - DAG(s) 'example_python_decorator' retrieved from /home/airflow/.local/lib/python3.12/site-packages/airflow/example_dags/example_python_decorator.py
[2025-12-09T19:24:49.231+0000] {logging_mixin.py:190} INFO - [2025-12-09T19:24:49.230+0000] {dag.py:3229} INFO - Sync 1 DAGs
[2025-12-09T19:24:49.251+0000] {logging_mixin.py:190} INFO - [2025-12-09T19:24:49.251+0000] {dag.py:4156} INFO - Setting next_dagrun for example_python_decorator to None, run_after=None
[2025-12-09T19:24:49.310+0000] {processor.py:208} INFO - Processing /home/airflow/.local/lib/python3.12/site-packages/airflow/example_dags/example_python_decorator.py took 0.182 seconds
[2025-12-09T19:25:13.091+0000] {processor.py:186} INFO - Started process (PID=1344) to work on /home/airflow/.local/lib/python3.12/site-packages/airflow/example_dags/example_python_decorator.py
[2025-12-09T19:25:13.094+0000] {processor.py:914} INFO - Processing file /home/airflow/.local/lib/python3.12/site-packages/airflow/example_dags/example_python_decorator.py for tasks to queue
[2025-12-09T19:25:13.097+0000] {logging_mixin.py:190} INFO - [2025-12-09T19:25:13.097+0000] {dagbag.py:587} INFO - Filling up the DagBag from /home/airflow/.local/lib/python3.12/site-packages/airflow/example_dags/example_python_decorator.py
[2025-12-09T19:25:13.123+0000] {processor.py:925} INFO - DAG(s) 'example_python_decorator' retrieved from /home/airflow/.local/lib/python3.12/site-packages/airflow/example_dags/example_python_decorator.py
[2025-12-09T19:25:13.159+0000] {logging_mixin.py:190} INFO - [2025-12-09T19:25:13.159+0000] {dag.py:3229} INFO - Sync 1 DAGs
[2025-12-09T19:25:13.179+0000] {logging_mixin.py:190} INFO - [2025-12-09T19:25:13.179+0000] {dag.py:4156} INFO - Setting next_dagrun for example_python_decorator to None, run_after=None
[2025-12-09T19:25:13.226+0000] {processor.py:208} INFO - Processing /home/airflow/.local/lib/python3.12/site-packages/airflow/example_dags/example_python_decorator.py took 0.145 seconds
[2025-12-09T19:25:52.179+0000] {processor.py:186} INFO - Started process (PID=1404) to work on /home/airflow/.local/lib/python3.12/site-packages/airflow/example_dags/example_python_decorator.py
[2025-12-09T19:25:52.190+0000] {processor.py:914} INFO - Processing file /home/airflow/.local/lib/python3.12/site-packages/airflow/example_dags/example_python_decorator.py for tasks to queue
[2025-12-09T19:25:52.194+0000] {logging_mixin.py:190} INFO - [2025-12-09T19:25:52.194+0000] {dagbag.py:587} INFO - Filling up the DagBag from /home/airflow/.local/lib/python3.12/site-packages/airflow/example_dags/example_python_decorator.py
[2025-12-09T19:25:52.224+0000] {processor.py:925} INFO - DAG(s) 'example_python_decorator' retrieved from /home/airflow/.local/lib/python3.12/site-packages/airflow/example_dags/example_python_decorator.py
[2025-12-09T19:25:52.267+0000] {logging_mixin.py:190} INFO - [2025-12-09T19:25:52.267+0000] {dag.py:3229} INFO - Sync 1 DAGs
[2025-12-09T19:25:52.300+0000] {logging_mixin.py:190} INFO - [2025-12-09T19:25:52.299+0000] {dag.py:4156} INFO - Setting next_dagrun for example_python_decorator to None, run_after=None
[2025-12-09T19:25:52.329+0000] {processor.py:208} INFO - Processing /home/airflow/.local/lib/python3.12/site-packages/airflow/example_dags/example_python_decorator.py took 0.163 seconds
