[2025-12-09T19:15:40.641+0000] {processor.py:186} INFO - Started process (PID=131) to work on /home/airflow/.local/lib/python3.12/site-packages/airflow/example_dags/example_datasets.py
[2025-12-09T19:15:40.642+0000] {processor.py:914} INFO - Processing file /home/airflow/.local/lib/python3.12/site-packages/airflow/example_dags/example_datasets.py for tasks to queue
[2025-12-09T19:15:40.646+0000] {logging_mixin.py:190} INFO - [2025-12-09T19:15:40.645+0000] {dagbag.py:587} INFO - Filling up the DagBag from /home/airflow/.local/lib/python3.12/site-packages/airflow/example_dags/example_datasets.py
[2025-12-09T19:15:40.893+0000] {processor.py:925} INFO - DAG(s) 'dataset_consumes_1_and_2', 'conditional_dataset_and_time_based_timetable', 'dataset_produces_2', 'dataset_produces_1', 'consume_1_or_2_with_dataset_expressions', 'consume_1_or_both_2_and_3_with_dataset_expressions', 'dataset_consumes_1_never_scheduled', 'dataset_consumes_unknown_never_scheduled', 'consume_1_and_2_with_dataset_expressions', 'dataset_consumes_1' retrieved from /home/airflow/.local/lib/python3.12/site-packages/airflow/example_dags/example_datasets.py
[2025-12-09T19:15:41.051+0000] {logging_mixin.py:190} INFO - [2025-12-09T19:15:41.050+0000] {override.py:1900} INFO - Created Permission View: can read on DAG:dataset_consumes_1_and_2
[2025-12-09T19:15:41.067+0000] {logging_mixin.py:190} INFO - [2025-12-09T19:15:41.067+0000] {override.py:1900} INFO - Created Permission View: can delete on DAG:dataset_consumes_1_and_2
[2025-12-09T19:15:41.077+0000] {logging_mixin.py:190} INFO - [2025-12-09T19:15:41.076+0000] {override.py:1900} INFO - Created Permission View: can edit on DAG:dataset_consumes_1_and_2
[2025-12-09T19:15:41.090+0000] {logging_mixin.py:190} INFO - [2025-12-09T19:15:41.089+0000] {override.py:1900} INFO - Created Permission View: can read on DAG Run:dataset_consumes_1_and_2
[2025-12-09T19:15:41.100+0000] {logging_mixin.py:190} INFO - [2025-12-09T19:15:41.100+0000] {override.py:1900} INFO - Created Permission View: can delete on DAG Run:dataset_consumes_1_and_2
[2025-12-09T19:15:41.110+0000] {logging_mixin.py:190} INFO - [2025-12-09T19:15:41.109+0000] {override.py:1900} INFO - Created Permission View: menu access on DAG Run:dataset_consumes_1_and_2
[2025-12-09T19:15:41.120+0000] {logging_mixin.py:190} INFO - [2025-12-09T19:15:41.120+0000] {override.py:1900} INFO - Created Permission View: can create on DAG Run:dataset_consumes_1_and_2
[2025-12-09T19:15:41.138+0000] {logging_mixin.py:190} INFO - [2025-12-09T19:15:41.137+0000] {override.py:1900} INFO - Created Permission View: can read on DAG:conditional_dataset_and_time_based_timetable
[2025-12-09T19:15:41.148+0000] {logging_mixin.py:190} INFO - [2025-12-09T19:15:41.147+0000] {override.py:1900} INFO - Created Permission View: can delete on DAG:conditional_dataset_and_time_based_timetable
[2025-12-09T19:15:41.157+0000] {logging_mixin.py:190} INFO - [2025-12-09T19:15:41.157+0000] {override.py:1900} INFO - Created Permission View: can edit on DAG:conditional_dataset_and_time_based_timetable
[2025-12-09T19:15:41.170+0000] {logging_mixin.py:190} INFO - [2025-12-09T19:15:41.169+0000] {override.py:1900} INFO - Created Permission View: can read on DAG Run:conditional_dataset_and_time_based_timetable
[2025-12-09T19:15:41.181+0000] {logging_mixin.py:190} INFO - [2025-12-09T19:15:41.180+0000] {override.py:1900} INFO - Created Permission View: can delete on DAG Run:conditional_dataset_and_time_based_timetable
[2025-12-09T19:15:41.190+0000] {logging_mixin.py:190} INFO - [2025-12-09T19:15:41.190+0000] {override.py:1900} INFO - Created Permission View: menu access on DAG Run:conditional_dataset_and_time_based_timetable
[2025-12-09T19:15:41.200+0000] {logging_mixin.py:190} INFO - [2025-12-09T19:15:41.199+0000] {override.py:1900} INFO - Created Permission View: can create on DAG Run:conditional_dataset_and_time_based_timetable
[2025-12-09T19:15:41.219+0000] {logging_mixin.py:190} INFO - [2025-12-09T19:15:41.219+0000] {override.py:1900} INFO - Created Permission View: can read on DAG:dataset_produces_2
[2025-12-09T19:15:41.228+0000] {logging_mixin.py:190} INFO - [2025-12-09T19:15:41.228+0000] {override.py:1900} INFO - Created Permission View: can delete on DAG:dataset_produces_2
[2025-12-09T19:15:41.239+0000] {logging_mixin.py:190} INFO - [2025-12-09T19:15:41.238+0000] {override.py:1900} INFO - Created Permission View: can edit on DAG:dataset_produces_2
[2025-12-09T19:15:41.250+0000] {logging_mixin.py:190} INFO - [2025-12-09T19:15:41.250+0000] {override.py:1900} INFO - Created Permission View: can read on DAG Run:dataset_produces_2
[2025-12-09T19:15:41.260+0000] {logging_mixin.py:190} INFO - [2025-12-09T19:15:41.259+0000] {override.py:1900} INFO - Created Permission View: can delete on DAG Run:dataset_produces_2
[2025-12-09T19:15:41.269+0000] {logging_mixin.py:190} INFO - [2025-12-09T19:15:41.269+0000] {override.py:1900} INFO - Created Permission View: menu access on DAG Run:dataset_produces_2
[2025-12-09T19:15:41.278+0000] {logging_mixin.py:190} INFO - [2025-12-09T19:15:41.278+0000] {override.py:1900} INFO - Created Permission View: can create on DAG Run:dataset_produces_2
[2025-12-09T19:15:41.294+0000] {logging_mixin.py:190} INFO - [2025-12-09T19:15:41.294+0000] {override.py:1900} INFO - Created Permission View: can read on DAG:dataset_produces_1
[2025-12-09T19:15:41.303+0000] {logging_mixin.py:190} INFO - [2025-12-09T19:15:41.303+0000] {override.py:1900} INFO - Created Permission View: can delete on DAG:dataset_produces_1
[2025-12-09T19:15:41.312+0000] {logging_mixin.py:190} INFO - [2025-12-09T19:15:41.312+0000] {override.py:1900} INFO - Created Permission View: can edit on DAG:dataset_produces_1
[2025-12-09T19:15:41.322+0000] {logging_mixin.py:190} INFO - [2025-12-09T19:15:41.322+0000] {override.py:1900} INFO - Created Permission View: can read on DAG Run:dataset_produces_1
[2025-12-09T19:15:41.331+0000] {logging_mixin.py:190} INFO - [2025-12-09T19:15:41.331+0000] {override.py:1900} INFO - Created Permission View: can delete on DAG Run:dataset_produces_1
[2025-12-09T19:15:41.340+0000] {logging_mixin.py:190} INFO - [2025-12-09T19:15:41.340+0000] {override.py:1900} INFO - Created Permission View: menu access on DAG Run:dataset_produces_1
[2025-12-09T19:15:41.349+0000] {logging_mixin.py:190} INFO - [2025-12-09T19:15:41.349+0000] {override.py:1900} INFO - Created Permission View: can create on DAG Run:dataset_produces_1
[2025-12-09T19:15:41.367+0000] {logging_mixin.py:190} INFO - [2025-12-09T19:15:41.366+0000] {override.py:1900} INFO - Created Permission View: can read on DAG:consume_1_or_2_with_dataset_expressions
[2025-12-09T19:15:41.376+0000] {logging_mixin.py:190} INFO - [2025-12-09T19:15:41.375+0000] {override.py:1900} INFO - Created Permission View: can delete on DAG:consume_1_or_2_with_dataset_expressions
[2025-12-09T19:15:41.385+0000] {logging_mixin.py:190} INFO - [2025-12-09T19:15:41.385+0000] {override.py:1900} INFO - Created Permission View: can edit on DAG:consume_1_or_2_with_dataset_expressions
[2025-12-09T19:15:41.398+0000] {logging_mixin.py:190} INFO - [2025-12-09T19:15:41.397+0000] {override.py:1900} INFO - Created Permission View: can read on DAG Run:consume_1_or_2_with_dataset_expressions
[2025-12-09T19:15:41.408+0000] {logging_mixin.py:190} INFO - [2025-12-09T19:15:41.407+0000] {override.py:1900} INFO - Created Permission View: can delete on DAG Run:consume_1_or_2_with_dataset_expressions
[2025-12-09T19:15:41.417+0000] {logging_mixin.py:190} INFO - [2025-12-09T19:15:41.417+0000] {override.py:1900} INFO - Created Permission View: menu access on DAG Run:consume_1_or_2_with_dataset_expressions
[2025-12-09T19:15:41.427+0000] {logging_mixin.py:190} INFO - [2025-12-09T19:15:41.426+0000] {override.py:1900} INFO - Created Permission View: can create on DAG Run:consume_1_or_2_with_dataset_expressions
[2025-12-09T19:15:41.445+0000] {logging_mixin.py:190} INFO - [2025-12-09T19:15:41.445+0000] {override.py:1900} INFO - Created Permission View: can read on DAG:consume_1_or_both_2_and_3_with_dataset_expressions
[2025-12-09T19:15:41.455+0000] {logging_mixin.py:190} INFO - [2025-12-09T19:15:41.454+0000] {override.py:1900} INFO - Created Permission View: can delete on DAG:consume_1_or_both_2_and_3_with_dataset_expressions
[2025-12-09T19:15:41.463+0000] {logging_mixin.py:190} INFO - [2025-12-09T19:15:41.463+0000] {override.py:1900} INFO - Created Permission View: can edit on DAG:consume_1_or_both_2_and_3_with_dataset_expressions
[2025-12-09T19:15:41.475+0000] {logging_mixin.py:190} INFO - [2025-12-09T19:15:41.474+0000] {override.py:1900} INFO - Created Permission View: can read on DAG Run:consume_1_or_both_2_and_3_with_dataset_expressions
[2025-12-09T19:15:41.484+0000] {logging_mixin.py:190} INFO - [2025-12-09T19:15:41.484+0000] {override.py:1900} INFO - Created Permission View: can delete on DAG Run:consume_1_or_both_2_and_3_with_dataset_expressions
[2025-12-09T19:15:41.494+0000] {logging_mixin.py:190} INFO - [2025-12-09T19:15:41.494+0000] {override.py:1900} INFO - Created Permission View: menu access on DAG Run:consume_1_or_both_2_and_3_with_dataset_expressions
[2025-12-09T19:15:41.503+0000] {logging_mixin.py:190} INFO - [2025-12-09T19:15:41.503+0000] {override.py:1900} INFO - Created Permission View: can create on DAG Run:consume_1_or_both_2_and_3_with_dataset_expressions
[2025-12-09T19:15:41.528+0000] {logging_mixin.py:190} INFO - [2025-12-09T19:15:41.527+0000] {override.py:1900} INFO - Created Permission View: can read on DAG:dataset_consumes_1_never_scheduled
[2025-12-09T19:15:41.538+0000] {logging_mixin.py:190} INFO - [2025-12-09T19:15:41.538+0000] {override.py:1900} INFO - Created Permission View: can delete on DAG:dataset_consumes_1_never_scheduled
[2025-12-09T19:15:41.548+0000] {logging_mixin.py:190} INFO - [2025-12-09T19:15:41.547+0000] {override.py:1900} INFO - Created Permission View: can edit on DAG:dataset_consumes_1_never_scheduled
[2025-12-09T19:15:41.560+0000] {logging_mixin.py:190} INFO - [2025-12-09T19:15:41.560+0000] {override.py:1900} INFO - Created Permission View: can read on DAG Run:dataset_consumes_1_never_scheduled
[2025-12-09T19:15:41.570+0000] {logging_mixin.py:190} INFO - [2025-12-09T19:15:41.570+0000] {override.py:1900} INFO - Created Permission View: can delete on DAG Run:dataset_consumes_1_never_scheduled
[2025-12-09T19:15:41.580+0000] {logging_mixin.py:190} INFO - [2025-12-09T19:15:41.580+0000] {override.py:1900} INFO - Created Permission View: menu access on DAG Run:dataset_consumes_1_never_scheduled
[2025-12-09T19:15:41.589+0000] {logging_mixin.py:190} INFO - [2025-12-09T19:15:41.589+0000] {override.py:1900} INFO - Created Permission View: can create on DAG Run:dataset_consumes_1_never_scheduled
[2025-12-09T19:15:41.608+0000] {logging_mixin.py:190} INFO - [2025-12-09T19:15:41.607+0000] {override.py:1900} INFO - Created Permission View: can read on DAG:dataset_consumes_unknown_never_scheduled
[2025-12-09T19:15:41.617+0000] {logging_mixin.py:190} INFO - [2025-12-09T19:15:41.617+0000] {override.py:1900} INFO - Created Permission View: can delete on DAG:dataset_consumes_unknown_never_scheduled
[2025-12-09T19:15:41.627+0000] {logging_mixin.py:190} INFO - [2025-12-09T19:15:41.626+0000] {override.py:1900} INFO - Created Permission View: can edit on DAG:dataset_consumes_unknown_never_scheduled
[2025-12-09T19:15:41.637+0000] {logging_mixin.py:190} INFO - [2025-12-09T19:15:41.637+0000] {override.py:1900} INFO - Created Permission View: can read on DAG Run:dataset_consumes_unknown_never_scheduled
[2025-12-09T19:15:41.647+0000] {logging_mixin.py:190} INFO - [2025-12-09T19:15:41.646+0000] {override.py:1900} INFO - Created Permission View: can delete on DAG Run:dataset_consumes_unknown_never_scheduled
[2025-12-09T19:15:41.656+0000] {logging_mixin.py:190} INFO - [2025-12-09T19:15:41.656+0000] {override.py:1900} INFO - Created Permission View: menu access on DAG Run:dataset_consumes_unknown_never_scheduled
[2025-12-09T19:15:41.666+0000] {logging_mixin.py:190} INFO - [2025-12-09T19:15:41.665+0000] {override.py:1900} INFO - Created Permission View: can create on DAG Run:dataset_consumes_unknown_never_scheduled
[2025-12-09T19:15:41.685+0000] {logging_mixin.py:190} INFO - [2025-12-09T19:15:41.685+0000] {override.py:1900} INFO - Created Permission View: can read on DAG:consume_1_and_2_with_dataset_expressions
[2025-12-09T19:15:41.695+0000] {logging_mixin.py:190} INFO - [2025-12-09T19:15:41.695+0000] {override.py:1900} INFO - Created Permission View: can delete on DAG:consume_1_and_2_with_dataset_expressions
[2025-12-09T19:15:41.705+0000] {logging_mixin.py:190} INFO - [2025-12-09T19:15:41.704+0000] {override.py:1900} INFO - Created Permission View: can edit on DAG:consume_1_and_2_with_dataset_expressions
[2025-12-09T19:15:41.716+0000] {logging_mixin.py:190} INFO - [2025-12-09T19:15:41.715+0000] {override.py:1900} INFO - Created Permission View: can read on DAG Run:consume_1_and_2_with_dataset_expressions
[2025-12-09T19:15:41.725+0000] {logging_mixin.py:190} INFO - [2025-12-09T19:15:41.725+0000] {override.py:1900} INFO - Created Permission View: can delete on DAG Run:consume_1_and_2_with_dataset_expressions
[2025-12-09T19:15:41.737+0000] {logging_mixin.py:190} INFO - [2025-12-09T19:15:41.736+0000] {override.py:1900} INFO - Created Permission View: menu access on DAG Run:consume_1_and_2_with_dataset_expressions
[2025-12-09T19:15:41.747+0000] {logging_mixin.py:190} INFO - [2025-12-09T19:15:41.747+0000] {override.py:1900} INFO - Created Permission View: can create on DAG Run:consume_1_and_2_with_dataset_expressions
[2025-12-09T19:15:41.767+0000] {logging_mixin.py:190} INFO - [2025-12-09T19:15:41.767+0000] {override.py:1900} INFO - Created Permission View: can read on DAG:dataset_consumes_1
[2025-12-09T19:15:41.776+0000] {logging_mixin.py:190} INFO - [2025-12-09T19:15:41.776+0000] {override.py:1900} INFO - Created Permission View: can delete on DAG:dataset_consumes_1
[2025-12-09T19:15:41.786+0000] {logging_mixin.py:190} INFO - [2025-12-09T19:15:41.786+0000] {override.py:1900} INFO - Created Permission View: can edit on DAG:dataset_consumes_1
[2025-12-09T19:15:41.797+0000] {logging_mixin.py:190} INFO - [2025-12-09T19:15:41.796+0000] {override.py:1900} INFO - Created Permission View: can read on DAG Run:dataset_consumes_1
[2025-12-09T19:15:41.806+0000] {logging_mixin.py:190} INFO - [2025-12-09T19:15:41.806+0000] {override.py:1900} INFO - Created Permission View: can delete on DAG Run:dataset_consumes_1
[2025-12-09T19:15:41.816+0000] {logging_mixin.py:190} INFO - [2025-12-09T19:15:41.816+0000] {override.py:1900} INFO - Created Permission View: menu access on DAG Run:dataset_consumes_1
[2025-12-09T19:15:41.825+0000] {logging_mixin.py:190} INFO - [2025-12-09T19:15:41.825+0000] {override.py:1900} INFO - Created Permission View: can create on DAG Run:dataset_consumes_1
[2025-12-09T19:15:41.825+0000] {logging_mixin.py:190} INFO - [2025-12-09T19:15:41.825+0000] {dag.py:3229} INFO - Sync 10 DAGs
[2025-12-09T19:15:41.842+0000] {logging_mixin.py:190} INFO - [2025-12-09T19:15:41.842+0000] {dag.py:3252} INFO - Creating ORM DAG for consume_1_and_2_with_dataset_expressions
[2025-12-09T19:15:41.843+0000] {logging_mixin.py:190} INFO - [2025-12-09T19:15:41.843+0000] {dag.py:3252} INFO - Creating ORM DAG for dataset_consumes_1_and_2
[2025-12-09T19:15:41.843+0000] {logging_mixin.py:190} INFO - [2025-12-09T19:15:41.843+0000] {dag.py:3252} INFO - Creating ORM DAG for dataset_consumes_1_never_scheduled
[2025-12-09T19:15:41.844+0000] {logging_mixin.py:190} INFO - [2025-12-09T19:15:41.844+0000] {dag.py:3252} INFO - Creating ORM DAG for dataset_produces_1
[2025-12-09T19:15:41.844+0000] {logging_mixin.py:190} INFO - [2025-12-09T19:15:41.844+0000] {dag.py:3252} INFO - Creating ORM DAG for consume_1_or_both_2_and_3_with_dataset_expressions
[2025-12-09T19:15:41.845+0000] {logging_mixin.py:190} INFO - [2025-12-09T19:15:41.845+0000] {dag.py:3252} INFO - Creating ORM DAG for conditional_dataset_and_time_based_timetable
[2025-12-09T19:15:41.845+0000] {logging_mixin.py:190} INFO - [2025-12-09T19:15:41.845+0000] {dag.py:3252} INFO - Creating ORM DAG for dataset_produces_2
[2025-12-09T19:15:41.846+0000] {logging_mixin.py:190} INFO - [2025-12-09T19:15:41.846+0000] {dag.py:3252} INFO - Creating ORM DAG for dataset_consumes_unknown_never_scheduled
[2025-12-09T19:15:41.847+0000] {logging_mixin.py:190} INFO - [2025-12-09T19:15:41.846+0000] {dag.py:3252} INFO - Creating ORM DAG for dataset_consumes_1
[2025-12-09T19:15:41.847+0000] {logging_mixin.py:190} INFO - [2025-12-09T19:15:41.847+0000] {dag.py:3252} INFO - Creating ORM DAG for consume_1_or_2_with_dataset_expressions
[2025-12-09T19:15:41.864+0000] {logging_mixin.py:190} INFO - [2025-12-09T19:15:41.863+0000] {dag.py:4156} INFO - Setting next_dagrun for conditional_dataset_and_time_based_timetable to 2025-12-03 01:00:00+00:00, run_after=2025-12-03 01:00:00+00:00
[2025-12-09T19:15:41.865+0000] {logging_mixin.py:190} INFO - [2025-12-09T19:15:41.864+0000] {dag.py:4156} INFO - Setting next_dagrun for consume_1_and_2_with_dataset_expressions to None, run_after=None
[2025-12-09T19:15:41.865+0000] {logging_mixin.py:190} INFO - [2025-12-09T19:15:41.865+0000] {dag.py:4156} INFO - Setting next_dagrun for consume_1_or_2_with_dataset_expressions to None, run_after=None
[2025-12-09T19:15:41.865+0000] {logging_mixin.py:190} INFO - [2025-12-09T19:15:41.865+0000] {dag.py:4156} INFO - Setting next_dagrun for consume_1_or_both_2_and_3_with_dataset_expressions to None, run_after=None
[2025-12-09T19:15:41.866+0000] {logging_mixin.py:190} INFO - [2025-12-09T19:15:41.865+0000] {dag.py:4156} INFO - Setting next_dagrun for dataset_consumes_1 to None, run_after=None
[2025-12-09T19:15:41.867+0000] {logging_mixin.py:190} INFO - [2025-12-09T19:15:41.866+0000] {dag.py:4156} INFO - Setting next_dagrun for dataset_consumes_1_and_2 to None, run_after=None
[2025-12-09T19:15:41.867+0000] {logging_mixin.py:190} INFO - [2025-12-09T19:15:41.867+0000] {dag.py:4156} INFO - Setting next_dagrun for dataset_consumes_1_never_scheduled to None, run_after=None
[2025-12-09T19:15:41.868+0000] {logging_mixin.py:190} INFO - [2025-12-09T19:15:41.867+0000] {dag.py:4156} INFO - Setting next_dagrun for dataset_consumes_unknown_never_scheduled to None, run_after=None
[2025-12-09T19:15:41.870+0000] {logging_mixin.py:190} INFO - [2025-12-09T19:15:41.870+0000] {dag.py:4156} INFO - Setting next_dagrun for dataset_produces_1 to 2025-12-08 00:00:00+00:00, run_after=2025-12-09 00:00:00+00:00
[2025-12-09T19:15:41.871+0000] {logging_mixin.py:190} INFO - [2025-12-09T19:15:41.870+0000] {dag.py:4156} INFO - Setting next_dagrun for dataset_produces_2 to None, run_after=None
[2025-12-09T19:15:41.933+0000] {processor.py:208} INFO - Processing /home/airflow/.local/lib/python3.12/site-packages/airflow/example_dags/example_datasets.py took 1.303 seconds
[2025-12-09T19:16:12.305+0000] {processor.py:186} INFO - Started process (PID=191) to work on /home/airflow/.local/lib/python3.12/site-packages/airflow/example_dags/example_datasets.py
[2025-12-09T19:16:12.316+0000] {processor.py:914} INFO - Processing file /home/airflow/.local/lib/python3.12/site-packages/airflow/example_dags/example_datasets.py for tasks to queue
[2025-12-09T19:16:12.321+0000] {logging_mixin.py:190} INFO - [2025-12-09T19:16:12.320+0000] {dagbag.py:587} INFO - Filling up the DagBag from /home/airflow/.local/lib/python3.12/site-packages/airflow/example_dags/example_datasets.py
[2025-12-09T19:16:12.641+0000] {processor.py:925} INFO - DAG(s) 'dataset_consumes_unknown_never_scheduled', 'conditional_dataset_and_time_based_timetable', 'dataset_consumes_1', 'dataset_produces_2', 'dataset_consumes_1_never_scheduled', 'consume_1_or_2_with_dataset_expressions', 'dataset_consumes_1_and_2', 'dataset_produces_1', 'consume_1_and_2_with_dataset_expressions', 'consume_1_or_both_2_and_3_with_dataset_expressions' retrieved from /home/airflow/.local/lib/python3.12/site-packages/airflow/example_dags/example_datasets.py
[2025-12-09T19:16:12.711+0000] {logging_mixin.py:190} INFO - [2025-12-09T19:16:12.710+0000] {dag.py:3229} INFO - Sync 10 DAGs
[2025-12-09T19:16:12.755+0000] {logging_mixin.py:190} INFO - [2025-12-09T19:16:12.755+0000] {dag.py:4156} INFO - Setting next_dagrun for conditional_dataset_and_time_based_timetable to 2025-12-03 01:00:00+00:00, run_after=2025-12-03 01:00:00+00:00
[2025-12-09T19:16:12.762+0000] {logging_mixin.py:190} INFO - [2025-12-09T19:16:12.761+0000] {dag.py:4156} INFO - Setting next_dagrun for consume_1_and_2_with_dataset_expressions to None, run_after=None
[2025-12-09T19:16:12.766+0000] {logging_mixin.py:190} INFO - [2025-12-09T19:16:12.766+0000] {dag.py:4156} INFO - Setting next_dagrun for consume_1_or_2_with_dataset_expressions to None, run_after=None
[2025-12-09T19:16:12.768+0000] {logging_mixin.py:190} INFO - [2025-12-09T19:16:12.768+0000] {dag.py:4156} INFO - Setting next_dagrun for consume_1_or_both_2_and_3_with_dataset_expressions to None, run_after=None
[2025-12-09T19:16:12.770+0000] {logging_mixin.py:190} INFO - [2025-12-09T19:16:12.769+0000] {dag.py:4156} INFO - Setting next_dagrun for dataset_consumes_1 to None, run_after=None
[2025-12-09T19:16:12.772+0000] {logging_mixin.py:190} INFO - [2025-12-09T19:16:12.771+0000] {dag.py:4156} INFO - Setting next_dagrun for dataset_consumes_1_and_2 to None, run_after=None
[2025-12-09T19:16:12.774+0000] {logging_mixin.py:190} INFO - [2025-12-09T19:16:12.774+0000] {dag.py:4156} INFO - Setting next_dagrun for dataset_consumes_1_never_scheduled to None, run_after=None
[2025-12-09T19:16:12.776+0000] {logging_mixin.py:190} INFO - [2025-12-09T19:16:12.776+0000] {dag.py:4156} INFO - Setting next_dagrun for dataset_consumes_unknown_never_scheduled to None, run_after=None
[2025-12-09T19:16:12.779+0000] {logging_mixin.py:190} INFO - [2025-12-09T19:16:12.779+0000] {dag.py:4156} INFO - Setting next_dagrun for dataset_produces_1 to 2025-12-08 00:00:00+00:00, run_after=2025-12-09 00:00:00+00:00
[2025-12-09T19:16:12.780+0000] {logging_mixin.py:190} INFO - [2025-12-09T19:16:12.780+0000] {dag.py:4156} INFO - Setting next_dagrun for dataset_produces_2 to None, run_after=None
[2025-12-09T19:16:12.868+0000] {processor.py:208} INFO - Processing /home/airflow/.local/lib/python3.12/site-packages/airflow/example_dags/example_datasets.py took 0.573 seconds
[2025-12-09T19:16:43.041+0000] {processor.py:186} INFO - Started process (PID=256) to work on /home/airflow/.local/lib/python3.12/site-packages/airflow/example_dags/example_datasets.py
[2025-12-09T19:16:43.073+0000] {processor.py:914} INFO - Processing file /home/airflow/.local/lib/python3.12/site-packages/airflow/example_dags/example_datasets.py for tasks to queue
[2025-12-09T19:16:43.079+0000] {logging_mixin.py:190} INFO - [2025-12-09T19:16:43.078+0000] {dagbag.py:587} INFO - Filling up the DagBag from /home/airflow/.local/lib/python3.12/site-packages/airflow/example_dags/example_datasets.py
[2025-12-09T19:16:51.418+0000] {processor.py:925} INFO - DAG(s) 'dataset_consumes_1_never_scheduled', 'dataset_produces_2', 'dataset_consumes_1', 'dataset_consumes_1_and_2', 'dataset_consumes_unknown_never_scheduled', 'consume_1_and_2_with_dataset_expressions', 'consume_1_or_2_with_dataset_expressions', 'conditional_dataset_and_time_based_timetable', 'dataset_produces_1', 'consume_1_or_both_2_and_3_with_dataset_expressions' retrieved from /home/airflow/.local/lib/python3.12/site-packages/airflow/example_dags/example_datasets.py
[2025-12-09T19:16:51.481+0000] {logging_mixin.py:190} INFO - [2025-12-09T19:16:51.480+0000] {dag.py:3229} INFO - Sync 10 DAGs
[2025-12-09T19:16:51.524+0000] {logging_mixin.py:190} INFO - [2025-12-09T19:16:51.524+0000] {dag.py:4156} INFO - Setting next_dagrun for conditional_dataset_and_time_based_timetable to 2025-12-03 01:00:00+00:00, run_after=2025-12-03 01:00:00+00:00
[2025-12-09T19:16:51.529+0000] {logging_mixin.py:190} INFO - [2025-12-09T19:16:51.529+0000] {dag.py:4156} INFO - Setting next_dagrun for consume_1_and_2_with_dataset_expressions to None, run_after=None
[2025-12-09T19:16:51.531+0000] {logging_mixin.py:190} INFO - [2025-12-09T19:16:51.531+0000] {dag.py:4156} INFO - Setting next_dagrun for consume_1_or_2_with_dataset_expressions to None, run_after=None
[2025-12-09T19:16:51.532+0000] {logging_mixin.py:190} INFO - [2025-12-09T19:16:51.532+0000] {dag.py:4156} INFO - Setting next_dagrun for consume_1_or_both_2_and_3_with_dataset_expressions to None, run_after=None
[2025-12-09T19:16:51.534+0000] {logging_mixin.py:190} INFO - [2025-12-09T19:16:51.533+0000] {dag.py:4156} INFO - Setting next_dagrun for dataset_consumes_1 to None, run_after=None
[2025-12-09T19:16:51.535+0000] {logging_mixin.py:190} INFO - [2025-12-09T19:16:51.535+0000] {dag.py:4156} INFO - Setting next_dagrun for dataset_consumes_1_and_2 to None, run_after=None
[2025-12-09T19:16:51.537+0000] {logging_mixin.py:190} INFO - [2025-12-09T19:16:51.536+0000] {dag.py:4156} INFO - Setting next_dagrun for dataset_consumes_1_never_scheduled to None, run_after=None
[2025-12-09T19:16:51.538+0000] {logging_mixin.py:190} INFO - [2025-12-09T19:16:51.538+0000] {dag.py:4156} INFO - Setting next_dagrun for dataset_consumes_unknown_never_scheduled to None, run_after=None
[2025-12-09T19:16:51.541+0000] {logging_mixin.py:190} INFO - [2025-12-09T19:16:51.541+0000] {dag.py:4156} INFO - Setting next_dagrun for dataset_produces_1 to 2025-12-08 00:00:00+00:00, run_after=2025-12-09 00:00:00+00:00
[2025-12-09T19:16:51.542+0000] {logging_mixin.py:190} INFO - [2025-12-09T19:16:51.542+0000] {dag.py:4156} INFO - Setting next_dagrun for dataset_produces_2 to None, run_after=None
[2025-12-09T19:16:51.620+0000] {processor.py:208} INFO - Processing /home/airflow/.local/lib/python3.12/site-packages/airflow/example_dags/example_datasets.py took 0.483 seconds
[2025-12-09T19:17:14.456+0000] {processor.py:186} INFO - Started process (PID=322) to work on /home/airflow/.local/lib/python3.12/site-packages/airflow/example_dags/example_datasets.py
[2025-12-09T19:17:14.474+0000] {processor.py:914} INFO - Processing file /home/airflow/.local/lib/python3.12/site-packages/airflow/example_dags/example_datasets.py for tasks to queue
[2025-12-09T19:17:14.478+0000] {logging_mixin.py:190} INFO - [2025-12-09T19:17:14.478+0000] {dagbag.py:587} INFO - Filling up the DagBag from /home/airflow/.local/lib/python3.12/site-packages/airflow/example_dags/example_datasets.py
[2025-12-09T19:17:14.760+0000] {processor.py:925} INFO - DAG(s) 'dataset_consumes_1_and_2', 'consume_1_and_2_with_dataset_expressions', 'consume_1_or_both_2_and_3_with_dataset_expressions', 'conditional_dataset_and_time_based_timetable', 'dataset_consumes_1', 'consume_1_or_2_with_dataset_expressions', 'dataset_consumes_unknown_never_scheduled', 'dataset_produces_1', 'dataset_produces_2', 'dataset_consumes_1_never_scheduled' retrieved from /home/airflow/.local/lib/python3.12/site-packages/airflow/example_dags/example_datasets.py
[2025-12-09T19:17:14.819+0000] {logging_mixin.py:190} INFO - [2025-12-09T19:17:14.818+0000] {dag.py:3229} INFO - Sync 10 DAGs
[2025-12-09T19:17:14.855+0000] {logging_mixin.py:190} INFO - [2025-12-09T19:17:14.855+0000] {dag.py:4156} INFO - Setting next_dagrun for conditional_dataset_and_time_based_timetable to 2025-12-03 01:00:00+00:00, run_after=2025-12-03 01:00:00+00:00
[2025-12-09T19:17:14.861+0000] {logging_mixin.py:190} INFO - [2025-12-09T19:17:14.860+0000] {dag.py:4156} INFO - Setting next_dagrun for consume_1_and_2_with_dataset_expressions to None, run_after=None
[2025-12-09T19:17:14.862+0000] {logging_mixin.py:190} INFO - [2025-12-09T19:17:14.862+0000] {dag.py:4156} INFO - Setting next_dagrun for consume_1_or_2_with_dataset_expressions to None, run_after=None
[2025-12-09T19:17:14.864+0000] {logging_mixin.py:190} INFO - [2025-12-09T19:17:14.864+0000] {dag.py:4156} INFO - Setting next_dagrun for consume_1_or_both_2_and_3_with_dataset_expressions to None, run_after=None
[2025-12-09T19:17:14.865+0000] {logging_mixin.py:190} INFO - [2025-12-09T19:17:14.865+0000] {dag.py:4156} INFO - Setting next_dagrun for dataset_consumes_1 to None, run_after=None
[2025-12-09T19:17:14.867+0000] {logging_mixin.py:190} INFO - [2025-12-09T19:17:14.866+0000] {dag.py:4156} INFO - Setting next_dagrun for dataset_consumes_1_and_2 to None, run_after=None
[2025-12-09T19:17:14.868+0000] {logging_mixin.py:190} INFO - [2025-12-09T19:17:14.868+0000] {dag.py:4156} INFO - Setting next_dagrun for dataset_consumes_1_never_scheduled to None, run_after=None
[2025-12-09T19:17:14.870+0000] {logging_mixin.py:190} INFO - [2025-12-09T19:17:14.870+0000] {dag.py:4156} INFO - Setting next_dagrun for dataset_consumes_unknown_never_scheduled to None, run_after=None
[2025-12-09T19:17:14.873+0000] {logging_mixin.py:190} INFO - [2025-12-09T19:17:14.873+0000] {dag.py:4156} INFO - Setting next_dagrun for dataset_produces_1 to 2025-12-08 00:00:00+00:00, run_after=2025-12-09 00:00:00+00:00
[2025-12-09T19:17:14.875+0000] {logging_mixin.py:190} INFO - [2025-12-09T19:17:14.875+0000] {dag.py:4156} INFO - Setting next_dagrun for dataset_produces_2 to None, run_after=None
[2025-12-09T19:17:14.957+0000] {processor.py:208} INFO - Processing /home/airflow/.local/lib/python3.12/site-packages/airflow/example_dags/example_datasets.py took 0.511 seconds
[2025-12-09T19:17:40.263+0000] {processor.py:186} INFO - Started process (PID=379) to work on /home/airflow/.local/lib/python3.12/site-packages/airflow/example_dags/example_datasets.py
[2025-12-09T19:17:40.275+0000] {processor.py:914} INFO - Processing file /home/airflow/.local/lib/python3.12/site-packages/airflow/example_dags/example_datasets.py for tasks to queue
[2025-12-09T19:17:40.279+0000] {logging_mixin.py:190} INFO - [2025-12-09T19:17:40.278+0000] {dagbag.py:587} INFO - Filling up the DagBag from /home/airflow/.local/lib/python3.12/site-packages/airflow/example_dags/example_datasets.py
[2025-12-09T19:17:40.541+0000] {processor.py:925} INFO - DAG(s) 'consume_1_or_2_with_dataset_expressions', 'dataset_produces_1', 'consume_1_or_both_2_and_3_with_dataset_expressions', 'conditional_dataset_and_time_based_timetable', 'dataset_consumes_1_never_scheduled', 'consume_1_and_2_with_dataset_expressions', 'dataset_produces_2', 'dataset_consumes_1_and_2', 'dataset_consumes_unknown_never_scheduled', 'dataset_consumes_1' retrieved from /home/airflow/.local/lib/python3.12/site-packages/airflow/example_dags/example_datasets.py
[2025-12-09T19:17:40.606+0000] {logging_mixin.py:190} INFO - [2025-12-09T19:17:40.606+0000] {dag.py:3229} INFO - Sync 10 DAGs
[2025-12-09T19:17:40.651+0000] {logging_mixin.py:190} INFO - [2025-12-09T19:17:40.651+0000] {dag.py:4156} INFO - Setting next_dagrun for conditional_dataset_and_time_based_timetable to 2025-12-03 01:00:00+00:00, run_after=2025-12-03 01:00:00+00:00
[2025-12-09T19:17:40.657+0000] {logging_mixin.py:190} INFO - [2025-12-09T19:17:40.657+0000] {dag.py:4156} INFO - Setting next_dagrun for consume_1_and_2_with_dataset_expressions to None, run_after=None
[2025-12-09T19:17:40.659+0000] {logging_mixin.py:190} INFO - [2025-12-09T19:17:40.658+0000] {dag.py:4156} INFO - Setting next_dagrun for consume_1_or_2_with_dataset_expressions to None, run_after=None
[2025-12-09T19:17:40.661+0000] {logging_mixin.py:190} INFO - [2025-12-09T19:17:40.660+0000] {dag.py:4156} INFO - Setting next_dagrun for consume_1_or_both_2_and_3_with_dataset_expressions to None, run_after=None
[2025-12-09T19:17:40.662+0000] {logging_mixin.py:190} INFO - [2025-12-09T19:17:40.662+0000] {dag.py:4156} INFO - Setting next_dagrun for dataset_consumes_1 to None, run_after=None
[2025-12-09T19:17:40.664+0000] {logging_mixin.py:190} INFO - [2025-12-09T19:17:40.664+0000] {dag.py:4156} INFO - Setting next_dagrun for dataset_consumes_1_and_2 to None, run_after=None
[2025-12-09T19:17:40.666+0000] {logging_mixin.py:190} INFO - [2025-12-09T19:17:40.665+0000] {dag.py:4156} INFO - Setting next_dagrun for dataset_consumes_1_never_scheduled to None, run_after=None
[2025-12-09T19:17:40.667+0000] {logging_mixin.py:190} INFO - [2025-12-09T19:17:40.667+0000] {dag.py:4156} INFO - Setting next_dagrun for dataset_consumes_unknown_never_scheduled to None, run_after=None
[2025-12-09T19:17:40.670+0000] {logging_mixin.py:190} INFO - [2025-12-09T19:17:40.670+0000] {dag.py:4156} INFO - Setting next_dagrun for dataset_produces_1 to 2025-12-08 00:00:00+00:00, run_after=2025-12-09 00:00:00+00:00
[2025-12-09T19:17:40.671+0000] {logging_mixin.py:190} INFO - [2025-12-09T19:17:40.671+0000] {dag.py:4156} INFO - Setting next_dagrun for dataset_produces_2 to None, run_after=None
[2025-12-09T19:17:40.740+0000] {processor.py:208} INFO - Processing /home/airflow/.local/lib/python3.12/site-packages/airflow/example_dags/example_datasets.py took 0.486 seconds
[2025-12-09T19:18:06.283+0000] {processor.py:186} INFO - Started process (PID=442) to work on /home/airflow/.local/lib/python3.12/site-packages/airflow/example_dags/example_datasets.py
[2025-12-09T19:18:06.285+0000] {processor.py:914} INFO - Processing file /home/airflow/.local/lib/python3.12/site-packages/airflow/example_dags/example_datasets.py for tasks to queue
[2025-12-09T19:18:06.290+0000] {logging_mixin.py:190} INFO - [2025-12-09T19:18:06.289+0000] {dagbag.py:587} INFO - Filling up the DagBag from /home/airflow/.local/lib/python3.12/site-packages/airflow/example_dags/example_datasets.py
[2025-12-09T19:18:06.573+0000] {processor.py:925} INFO - DAG(s) 'dataset_consumes_1', 'dataset_consumes_1_and_2', 'conditional_dataset_and_time_based_timetable', 'dataset_consumes_1_never_scheduled', 'dataset_produces_2', 'dataset_produces_1', 'consume_1_or_2_with_dataset_expressions', 'consume_1_or_both_2_and_3_with_dataset_expressions', 'dataset_consumes_unknown_never_scheduled', 'consume_1_and_2_with_dataset_expressions' retrieved from /home/airflow/.local/lib/python3.12/site-packages/airflow/example_dags/example_datasets.py
[2025-12-09T19:18:06.664+0000] {logging_mixin.py:190} INFO - [2025-12-09T19:18:06.663+0000] {dag.py:3229} INFO - Sync 10 DAGs
[2025-12-09T19:18:06.705+0000] {logging_mixin.py:190} INFO - [2025-12-09T19:18:06.705+0000] {dag.py:4156} INFO - Setting next_dagrun for conditional_dataset_and_time_based_timetable to 2025-12-03 01:00:00+00:00, run_after=2025-12-03 01:00:00+00:00
[2025-12-09T19:18:06.711+0000] {logging_mixin.py:190} INFO - [2025-12-09T19:18:06.711+0000] {dag.py:4156} INFO - Setting next_dagrun for consume_1_and_2_with_dataset_expressions to None, run_after=None
[2025-12-09T19:18:06.714+0000] {logging_mixin.py:190} INFO - [2025-12-09T19:18:06.714+0000] {dag.py:4156} INFO - Setting next_dagrun for consume_1_or_2_with_dataset_expressions to None, run_after=None
[2025-12-09T19:18:06.716+0000] {logging_mixin.py:190} INFO - [2025-12-09T19:18:06.715+0000] {dag.py:4156} INFO - Setting next_dagrun for consume_1_or_both_2_and_3_with_dataset_expressions to None, run_after=None
[2025-12-09T19:18:06.717+0000] {logging_mixin.py:190} INFO - [2025-12-09T19:18:06.717+0000] {dag.py:4156} INFO - Setting next_dagrun for dataset_consumes_1 to None, run_after=None
[2025-12-09T19:18:06.719+0000] {logging_mixin.py:190} INFO - [2025-12-09T19:18:06.719+0000] {dag.py:4156} INFO - Setting next_dagrun for dataset_consumes_1_and_2 to None, run_after=None
[2025-12-09T19:18:06.721+0000] {logging_mixin.py:190} INFO - [2025-12-09T19:18:06.720+0000] {dag.py:4156} INFO - Setting next_dagrun for dataset_consumes_1_never_scheduled to None, run_after=None
[2025-12-09T19:18:06.723+0000] {logging_mixin.py:190} INFO - [2025-12-09T19:18:06.723+0000] {dag.py:4156} INFO - Setting next_dagrun for dataset_consumes_unknown_never_scheduled to None, run_after=None
[2025-12-09T19:18:06.726+0000] {logging_mixin.py:190} INFO - [2025-12-09T19:18:06.725+0000] {dag.py:4156} INFO - Setting next_dagrun for dataset_produces_1 to 2025-12-08 00:00:00+00:00, run_after=2025-12-09 00:00:00+00:00
[2025-12-09T19:18:06.728+0000] {logging_mixin.py:190} INFO - [2025-12-09T19:18:06.728+0000] {dag.py:4156} INFO - Setting next_dagrun for dataset_produces_2 to None, run_after=None
[2025-12-09T19:18:06.789+0000] {processor.py:208} INFO - Processing /home/airflow/.local/lib/python3.12/site-packages/airflow/example_dags/example_datasets.py took 0.515 seconds
[2025-12-09T19:18:37.137+0000] {processor.py:186} INFO - Started process (PID=503) to work on /home/airflow/.local/lib/python3.12/site-packages/airflow/example_dags/example_datasets.py
[2025-12-09T19:18:37.139+0000] {processor.py:914} INFO - Processing file /home/airflow/.local/lib/python3.12/site-packages/airflow/example_dags/example_datasets.py for tasks to queue
[2025-12-09T19:18:37.142+0000] {logging_mixin.py:190} INFO - [2025-12-09T19:18:37.142+0000] {dagbag.py:587} INFO - Filling up the DagBag from /home/airflow/.local/lib/python3.12/site-packages/airflow/example_dags/example_datasets.py
[2025-12-09T19:18:37.386+0000] {processor.py:925} INFO - DAG(s) 'consume_1_or_both_2_and_3_with_dataset_expressions', 'consume_1_or_2_with_dataset_expressions', 'dataset_consumes_1_and_2', 'dataset_consumes_1', 'consume_1_and_2_with_dataset_expressions', 'dataset_consumes_1_never_scheduled', 'conditional_dataset_and_time_based_timetable', 'dataset_consumes_unknown_never_scheduled', 'dataset_produces_1', 'dataset_produces_2' retrieved from /home/airflow/.local/lib/python3.12/site-packages/airflow/example_dags/example_datasets.py
[2025-12-09T19:18:37.451+0000] {logging_mixin.py:190} INFO - [2025-12-09T19:18:37.451+0000] {dag.py:3229} INFO - Sync 10 DAGs
[2025-12-09T19:18:37.492+0000] {logging_mixin.py:190} INFO - [2025-12-09T19:18:37.492+0000] {dag.py:4156} INFO - Setting next_dagrun for conditional_dataset_and_time_based_timetable to 2025-12-03 01:00:00+00:00, run_after=2025-12-03 01:00:00+00:00
[2025-12-09T19:18:37.497+0000] {logging_mixin.py:190} INFO - [2025-12-09T19:18:37.497+0000] {dag.py:4156} INFO - Setting next_dagrun for consume_1_and_2_with_dataset_expressions to None, run_after=None
[2025-12-09T19:18:37.499+0000] {logging_mixin.py:190} INFO - [2025-12-09T19:18:37.499+0000] {dag.py:4156} INFO - Setting next_dagrun for consume_1_or_2_with_dataset_expressions to None, run_after=None
[2025-12-09T19:18:37.500+0000] {logging_mixin.py:190} INFO - [2025-12-09T19:18:37.500+0000] {dag.py:4156} INFO - Setting next_dagrun for consume_1_or_both_2_and_3_with_dataset_expressions to None, run_after=None
[2025-12-09T19:18:37.502+0000] {logging_mixin.py:190} INFO - [2025-12-09T19:18:37.502+0000] {dag.py:4156} INFO - Setting next_dagrun for dataset_consumes_1 to None, run_after=None
[2025-12-09T19:18:37.504+0000] {logging_mixin.py:190} INFO - [2025-12-09T19:18:37.504+0000] {dag.py:4156} INFO - Setting next_dagrun for dataset_consumes_1_and_2 to None, run_after=None
[2025-12-09T19:18:37.505+0000] {logging_mixin.py:190} INFO - [2025-12-09T19:18:37.505+0000] {dag.py:4156} INFO - Setting next_dagrun for dataset_consumes_1_never_scheduled to None, run_after=None
[2025-12-09T19:18:37.507+0000] {logging_mixin.py:190} INFO - [2025-12-09T19:18:37.507+0000] {dag.py:4156} INFO - Setting next_dagrun for dataset_consumes_unknown_never_scheduled to None, run_after=None
[2025-12-09T19:18:37.510+0000] {logging_mixin.py:190} INFO - [2025-12-09T19:18:37.509+0000] {dag.py:4156} INFO - Setting next_dagrun for dataset_produces_1 to 2025-12-08 00:00:00+00:00, run_after=2025-12-09 00:00:00+00:00
[2025-12-09T19:18:37.511+0000] {logging_mixin.py:190} INFO - [2025-12-09T19:18:37.511+0000] {dag.py:4156} INFO - Setting next_dagrun for dataset_produces_2 to None, run_after=None
[2025-12-09T19:18:37.563+0000] {processor.py:208} INFO - Processing /home/airflow/.local/lib/python3.12/site-packages/airflow/example_dags/example_datasets.py took 0.435 seconds
[2025-12-09T19:19:07.626+0000] {processor.py:186} INFO - Started process (PID=565) to work on /home/airflow/.local/lib/python3.12/site-packages/airflow/example_dags/example_datasets.py
[2025-12-09T19:19:07.634+0000] {processor.py:914} INFO - Processing file /home/airflow/.local/lib/python3.12/site-packages/airflow/example_dags/example_datasets.py for tasks to queue
[2025-12-09T19:19:07.639+0000] {logging_mixin.py:190} INFO - [2025-12-09T19:19:07.638+0000] {dagbag.py:587} INFO - Filling up the DagBag from /home/airflow/.local/lib/python3.12/site-packages/airflow/example_dags/example_datasets.py
[2025-12-09T19:19:07.911+0000] {processor.py:925} INFO - DAG(s) 'dataset_produces_1', 'conditional_dataset_and_time_based_timetable', 'consume_1_or_both_2_and_3_with_dataset_expressions', 'dataset_produces_2', 'dataset_consumes_1_and_2', 'dataset_consumes_unknown_never_scheduled', 'dataset_consumes_1', 'dataset_consumes_1_never_scheduled', 'consume_1_or_2_with_dataset_expressions', 'consume_1_and_2_with_dataset_expressions' retrieved from /home/airflow/.local/lib/python3.12/site-packages/airflow/example_dags/example_datasets.py
[2025-12-09T19:19:07.974+0000] {logging_mixin.py:190} INFO - [2025-12-09T19:19:07.974+0000] {dag.py:3229} INFO - Sync 10 DAGs
[2025-12-09T19:19:08.015+0000] {logging_mixin.py:190} INFO - [2025-12-09T19:19:08.015+0000] {dag.py:4156} INFO - Setting next_dagrun for conditional_dataset_and_time_based_timetable to 2025-12-03 01:00:00+00:00, run_after=2025-12-03 01:00:00+00:00
[2025-12-09T19:19:08.021+0000] {logging_mixin.py:190} INFO - [2025-12-09T19:19:08.021+0000] {dag.py:4156} INFO - Setting next_dagrun for consume_1_and_2_with_dataset_expressions to None, run_after=None
[2025-12-09T19:19:08.023+0000] {logging_mixin.py:190} INFO - [2025-12-09T19:19:08.023+0000] {dag.py:4156} INFO - Setting next_dagrun for consume_1_or_2_with_dataset_expressions to None, run_after=None
[2025-12-09T19:19:08.025+0000] {logging_mixin.py:190} INFO - [2025-12-09T19:19:08.024+0000] {dag.py:4156} INFO - Setting next_dagrun for consume_1_or_both_2_and_3_with_dataset_expressions to None, run_after=None
[2025-12-09T19:19:08.026+0000] {logging_mixin.py:190} INFO - [2025-12-09T19:19:08.026+0000] {dag.py:4156} INFO - Setting next_dagrun for dataset_consumes_1 to None, run_after=None
[2025-12-09T19:19:08.028+0000] {logging_mixin.py:190} INFO - [2025-12-09T19:19:08.027+0000] {dag.py:4156} INFO - Setting next_dagrun for dataset_consumes_1_and_2 to None, run_after=None
[2025-12-09T19:19:08.029+0000] {logging_mixin.py:190} INFO - [2025-12-09T19:19:08.029+0000] {dag.py:4156} INFO - Setting next_dagrun for dataset_consumes_1_never_scheduled to None, run_after=None
[2025-12-09T19:19:08.031+0000] {logging_mixin.py:190} INFO - [2025-12-09T19:19:08.030+0000] {dag.py:4156} INFO - Setting next_dagrun for dataset_consumes_unknown_never_scheduled to None, run_after=None
[2025-12-09T19:19:08.033+0000] {logging_mixin.py:190} INFO - [2025-12-09T19:19:08.033+0000] {dag.py:4156} INFO - Setting next_dagrun for dataset_produces_1 to 2025-12-08 00:00:00+00:00, run_after=2025-12-09 00:00:00+00:00
[2025-12-09T19:19:08.035+0000] {logging_mixin.py:190} INFO - [2025-12-09T19:19:08.035+0000] {dag.py:4156} INFO - Setting next_dagrun for dataset_produces_2 to None, run_after=None
[2025-12-09T19:19:08.089+0000] {processor.py:208} INFO - Processing /home/airflow/.local/lib/python3.12/site-packages/airflow/example_dags/example_datasets.py took 0.474 seconds
[2025-12-09T19:19:34.052+0000] {processor.py:186} INFO - Started process (PID=627) to work on /home/airflow/.local/lib/python3.12/site-packages/airflow/example_dags/example_datasets.py
[2025-12-09T19:19:34.085+0000] {processor.py:914} INFO - Processing file /home/airflow/.local/lib/python3.12/site-packages/airflow/example_dags/example_datasets.py for tasks to queue
[2025-12-09T19:19:34.090+0000] {logging_mixin.py:190} INFO - [2025-12-09T19:19:34.090+0000] {dagbag.py:587} INFO - Filling up the DagBag from /home/airflow/.local/lib/python3.12/site-packages/airflow/example_dags/example_datasets.py
[2025-12-09T19:19:34.356+0000] {processor.py:925} INFO - DAG(s) 'conditional_dataset_and_time_based_timetable', 'dataset_consumes_unknown_never_scheduled', 'consume_1_or_both_2_and_3_with_dataset_expressions', 'dataset_consumes_1_never_scheduled', 'dataset_consumes_1', 'consume_1_or_2_with_dataset_expressions', 'dataset_produces_1', 'dataset_produces_2', 'consume_1_and_2_with_dataset_expressions', 'dataset_consumes_1_and_2' retrieved from /home/airflow/.local/lib/python3.12/site-packages/airflow/example_dags/example_datasets.py
[2025-12-09T19:19:34.420+0000] {logging_mixin.py:190} INFO - [2025-12-09T19:19:34.420+0000] {dag.py:3229} INFO - Sync 10 DAGs
[2025-12-09T19:19:34.456+0000] {logging_mixin.py:190} INFO - [2025-12-09T19:19:34.456+0000] {dag.py:4156} INFO - Setting next_dagrun for conditional_dataset_and_time_based_timetable to 2025-12-03 01:00:00+00:00, run_after=2025-12-03 01:00:00+00:00
[2025-12-09T19:19:34.461+0000] {logging_mixin.py:190} INFO - [2025-12-09T19:19:34.461+0000] {dag.py:4156} INFO - Setting next_dagrun for consume_1_and_2_with_dataset_expressions to None, run_after=None
[2025-12-09T19:19:34.463+0000] {logging_mixin.py:190} INFO - [2025-12-09T19:19:34.463+0000] {dag.py:4156} INFO - Setting next_dagrun for consume_1_or_2_with_dataset_expressions to None, run_after=None
[2025-12-09T19:19:34.465+0000] {logging_mixin.py:190} INFO - [2025-12-09T19:19:34.464+0000] {dag.py:4156} INFO - Setting next_dagrun for consume_1_or_both_2_and_3_with_dataset_expressions to None, run_after=None
[2025-12-09T19:19:34.466+0000] {logging_mixin.py:190} INFO - [2025-12-09T19:19:34.466+0000] {dag.py:4156} INFO - Setting next_dagrun for dataset_consumes_1 to None, run_after=None
[2025-12-09T19:19:34.468+0000] {logging_mixin.py:190} INFO - [2025-12-09T19:19:34.467+0000] {dag.py:4156} INFO - Setting next_dagrun for dataset_consumes_1_and_2 to None, run_after=None
[2025-12-09T19:19:34.469+0000] {logging_mixin.py:190} INFO - [2025-12-09T19:19:34.469+0000] {dag.py:4156} INFO - Setting next_dagrun for dataset_consumes_1_never_scheduled to None, run_after=None
[2025-12-09T19:19:34.471+0000] {logging_mixin.py:190} INFO - [2025-12-09T19:19:34.470+0000] {dag.py:4156} INFO - Setting next_dagrun for dataset_consumes_unknown_never_scheduled to None, run_after=None
[2025-12-09T19:19:34.473+0000] {logging_mixin.py:190} INFO - [2025-12-09T19:19:34.473+0000] {dag.py:4156} INFO - Setting next_dagrun for dataset_produces_1 to 2025-12-08 00:00:00+00:00, run_after=2025-12-09 00:00:00+00:00
[2025-12-09T19:19:34.475+0000] {logging_mixin.py:190} INFO - [2025-12-09T19:19:34.474+0000] {dag.py:4156} INFO - Setting next_dagrun for dataset_produces_2 to None, run_after=None
[2025-12-09T19:19:34.552+0000] {processor.py:208} INFO - Processing /home/airflow/.local/lib/python3.12/site-packages/airflow/example_dags/example_datasets.py took 0.511 seconds
[2025-12-09T19:19:59.144+0000] {processor.py:186} INFO - Started process (PID=687) to work on /home/airflow/.local/lib/python3.12/site-packages/airflow/example_dags/example_datasets.py
[2025-12-09T19:19:59.146+0000] {processor.py:914} INFO - Processing file /home/airflow/.local/lib/python3.12/site-packages/airflow/example_dags/example_datasets.py for tasks to queue
[2025-12-09T19:19:59.149+0000] {logging_mixin.py:190} INFO - [2025-12-09T19:19:59.148+0000] {dagbag.py:587} INFO - Filling up the DagBag from /home/airflow/.local/lib/python3.12/site-packages/airflow/example_dags/example_datasets.py
[2025-12-09T19:19:59.398+0000] {processor.py:925} INFO - DAG(s) 'dataset_consumes_1', 'dataset_produces_1', 'dataset_produces_2', 'conditional_dataset_and_time_based_timetable', 'consume_1_and_2_with_dataset_expressions', 'consume_1_or_2_with_dataset_expressions', 'dataset_consumes_1_never_scheduled', 'dataset_consumes_1_and_2', 'consume_1_or_both_2_and_3_with_dataset_expressions', 'dataset_consumes_unknown_never_scheduled' retrieved from /home/airflow/.local/lib/python3.12/site-packages/airflow/example_dags/example_datasets.py
[2025-12-09T19:19:59.460+0000] {logging_mixin.py:190} INFO - [2025-12-09T19:19:59.460+0000] {dag.py:3229} INFO - Sync 10 DAGs
[2025-12-09T19:19:59.500+0000] {logging_mixin.py:190} INFO - [2025-12-09T19:19:59.500+0000] {dag.py:4156} INFO - Setting next_dagrun for conditional_dataset_and_time_based_timetable to 2025-12-03 01:00:00+00:00, run_after=2025-12-03 01:00:00+00:00
[2025-12-09T19:19:59.505+0000] {logging_mixin.py:190} INFO - [2025-12-09T19:19:59.505+0000] {dag.py:4156} INFO - Setting next_dagrun for consume_1_and_2_with_dataset_expressions to None, run_after=None
[2025-12-09T19:19:59.507+0000] {logging_mixin.py:190} INFO - [2025-12-09T19:19:59.507+0000] {dag.py:4156} INFO - Setting next_dagrun for consume_1_or_2_with_dataset_expressions to None, run_after=None
[2025-12-09T19:19:59.508+0000] {logging_mixin.py:190} INFO - [2025-12-09T19:19:59.508+0000] {dag.py:4156} INFO - Setting next_dagrun for consume_1_or_both_2_and_3_with_dataset_expressions to None, run_after=None
[2025-12-09T19:19:59.510+0000] {logging_mixin.py:190} INFO - [2025-12-09T19:19:59.510+0000] {dag.py:4156} INFO - Setting next_dagrun for dataset_consumes_1 to None, run_after=None
[2025-12-09T19:19:59.511+0000] {logging_mixin.py:190} INFO - [2025-12-09T19:19:59.511+0000] {dag.py:4156} INFO - Setting next_dagrun for dataset_consumes_1_and_2 to None, run_after=None
[2025-12-09T19:19:59.513+0000] {logging_mixin.py:190} INFO - [2025-12-09T19:19:59.513+0000] {dag.py:4156} INFO - Setting next_dagrun for dataset_consumes_1_never_scheduled to None, run_after=None
[2025-12-09T19:19:59.514+0000] {logging_mixin.py:190} INFO - [2025-12-09T19:19:59.514+0000] {dag.py:4156} INFO - Setting next_dagrun for dataset_consumes_unknown_never_scheduled to None, run_after=None
[2025-12-09T19:19:59.517+0000] {logging_mixin.py:190} INFO - [2025-12-09T19:19:59.517+0000] {dag.py:4156} INFO - Setting next_dagrun for dataset_produces_1 to 2025-12-08 00:00:00+00:00, run_after=2025-12-09 00:00:00+00:00
[2025-12-09T19:19:59.519+0000] {logging_mixin.py:190} INFO - [2025-12-09T19:19:59.518+0000] {dag.py:4156} INFO - Setting next_dagrun for dataset_produces_2 to None, run_after=None
[2025-12-09T19:19:59.568+0000] {processor.py:208} INFO - Processing /home/airflow/.local/lib/python3.12/site-packages/airflow/example_dags/example_datasets.py took 0.433 seconds
[2025-12-09T19:20:29.829+0000] {processor.py:186} INFO - Started process (PID=747) to work on /home/airflow/.local/lib/python3.12/site-packages/airflow/example_dags/example_datasets.py
[2025-12-09T19:20:29.863+0000] {processor.py:914} INFO - Processing file /home/airflow/.local/lib/python3.12/site-packages/airflow/example_dags/example_datasets.py for tasks to queue
[2025-12-09T19:20:29.867+0000] {logging_mixin.py:190} INFO - [2025-12-09T19:20:29.867+0000] {dagbag.py:587} INFO - Filling up the DagBag from /home/airflow/.local/lib/python3.12/site-packages/airflow/example_dags/example_datasets.py
[2025-12-09T19:20:30.159+0000] {processor.py:925} INFO - DAG(s) 'dataset_produces_2', 'dataset_consumes_1', 'conditional_dataset_and_time_based_timetable', 'consume_1_and_2_with_dataset_expressions', 'dataset_consumes_1_and_2', 'dataset_consumes_1_never_scheduled', 'consume_1_or_both_2_and_3_with_dataset_expressions', 'dataset_consumes_unknown_never_scheduled', 'consume_1_or_2_with_dataset_expressions', 'dataset_produces_1' retrieved from /home/airflow/.local/lib/python3.12/site-packages/airflow/example_dags/example_datasets.py
[2025-12-09T19:20:30.230+0000] {logging_mixin.py:190} INFO - [2025-12-09T19:20:30.229+0000] {dag.py:3229} INFO - Sync 10 DAGs
[2025-12-09T19:20:30.275+0000] {logging_mixin.py:190} INFO - [2025-12-09T19:20:30.274+0000] {dag.py:4156} INFO - Setting next_dagrun for conditional_dataset_and_time_based_timetable to 2025-12-03 01:00:00+00:00, run_after=2025-12-03 01:00:00+00:00
[2025-12-09T19:20:30.282+0000] {logging_mixin.py:190} INFO - [2025-12-09T19:20:30.282+0000] {dag.py:4156} INFO - Setting next_dagrun for consume_1_and_2_with_dataset_expressions to None, run_after=None
[2025-12-09T19:20:30.285+0000] {logging_mixin.py:190} INFO - [2025-12-09T19:20:30.284+0000] {dag.py:4156} INFO - Setting next_dagrun for consume_1_or_2_with_dataset_expressions to None, run_after=None
[2025-12-09T19:20:30.286+0000] {logging_mixin.py:190} INFO - [2025-12-09T19:20:30.286+0000] {dag.py:4156} INFO - Setting next_dagrun for consume_1_or_both_2_and_3_with_dataset_expressions to None, run_after=None
[2025-12-09T19:20:30.288+0000] {logging_mixin.py:190} INFO - [2025-12-09T19:20:30.288+0000] {dag.py:4156} INFO - Setting next_dagrun for dataset_consumes_1 to None, run_after=None
[2025-12-09T19:20:30.290+0000] {logging_mixin.py:190} INFO - [2025-12-09T19:20:30.289+0000] {dag.py:4156} INFO - Setting next_dagrun for dataset_consumes_1_and_2 to None, run_after=None
[2025-12-09T19:20:30.291+0000] {logging_mixin.py:190} INFO - [2025-12-09T19:20:30.291+0000] {dag.py:4156} INFO - Setting next_dagrun for dataset_consumes_1_never_scheduled to None, run_after=None
[2025-12-09T19:20:30.293+0000] {logging_mixin.py:190} INFO - [2025-12-09T19:20:30.292+0000] {dag.py:4156} INFO - Setting next_dagrun for dataset_consumes_unknown_never_scheduled to None, run_after=None
[2025-12-09T19:20:30.295+0000] {logging_mixin.py:190} INFO - [2025-12-09T19:20:30.295+0000] {dag.py:4156} INFO - Setting next_dagrun for dataset_produces_1 to 2025-12-08 00:00:00+00:00, run_after=2025-12-09 00:00:00+00:00
[2025-12-09T19:20:30.297+0000] {logging_mixin.py:190} INFO - [2025-12-09T19:20:30.297+0000] {dag.py:4156} INFO - Setting next_dagrun for dataset_produces_2 to None, run_after=None
[2025-12-09T19:20:30.382+0000] {processor.py:208} INFO - Processing /home/airflow/.local/lib/python3.12/site-packages/airflow/example_dags/example_datasets.py took 0.564 seconds
[2025-12-09T19:21:00.829+0000] {processor.py:186} INFO - Started process (PID=809) to work on /home/airflow/.local/lib/python3.12/site-packages/airflow/example_dags/example_datasets.py
[2025-12-09T19:21:00.831+0000] {processor.py:914} INFO - Processing file /home/airflow/.local/lib/python3.12/site-packages/airflow/example_dags/example_datasets.py for tasks to queue
[2025-12-09T19:21:00.835+0000] {logging_mixin.py:190} INFO - [2025-12-09T19:21:00.834+0000] {dagbag.py:587} INFO - Filling up the DagBag from /home/airflow/.local/lib/python3.12/site-packages/airflow/example_dags/example_datasets.py
[2025-12-09T19:21:01.113+0000] {processor.py:925} INFO - DAG(s) 'dataset_produces_1', 'consume_1_and_2_with_dataset_expressions', 'dataset_consumes_1_and_2', 'dataset_produces_2', 'dataset_consumes_unknown_never_scheduled', 'consume_1_or_2_with_dataset_expressions', 'dataset_consumes_1_never_scheduled', 'conditional_dataset_and_time_based_timetable', 'dataset_consumes_1', 'consume_1_or_both_2_and_3_with_dataset_expressions' retrieved from /home/airflow/.local/lib/python3.12/site-packages/airflow/example_dags/example_datasets.py
[2025-12-09T19:21:01.180+0000] {logging_mixin.py:190} INFO - [2025-12-09T19:21:01.180+0000] {dag.py:3229} INFO - Sync 10 DAGs
[2025-12-09T19:21:01.218+0000] {logging_mixin.py:190} INFO - [2025-12-09T19:21:01.218+0000] {dag.py:4156} INFO - Setting next_dagrun for conditional_dataset_and_time_based_timetable to 2025-12-03 01:00:00+00:00, run_after=2025-12-03 01:00:00+00:00
[2025-12-09T19:21:01.223+0000] {logging_mixin.py:190} INFO - [2025-12-09T19:21:01.223+0000] {dag.py:4156} INFO - Setting next_dagrun for consume_1_and_2_with_dataset_expressions to None, run_after=None
[2025-12-09T19:21:01.225+0000] {logging_mixin.py:190} INFO - [2025-12-09T19:21:01.224+0000] {dag.py:4156} INFO - Setting next_dagrun for consume_1_or_2_with_dataset_expressions to None, run_after=None
[2025-12-09T19:21:01.226+0000] {logging_mixin.py:190} INFO - [2025-12-09T19:21:01.226+0000] {dag.py:4156} INFO - Setting next_dagrun for consume_1_or_both_2_and_3_with_dataset_expressions to None, run_after=None
[2025-12-09T19:21:01.228+0000] {logging_mixin.py:190} INFO - [2025-12-09T19:21:01.227+0000] {dag.py:4156} INFO - Setting next_dagrun for dataset_consumes_1 to None, run_after=None
[2025-12-09T19:21:01.229+0000] {logging_mixin.py:190} INFO - [2025-12-09T19:21:01.229+0000] {dag.py:4156} INFO - Setting next_dagrun for dataset_consumes_1_and_2 to None, run_after=None
[2025-12-09T19:21:01.231+0000] {logging_mixin.py:190} INFO - [2025-12-09T19:21:01.231+0000] {dag.py:4156} INFO - Setting next_dagrun for dataset_consumes_1_never_scheduled to None, run_after=None
[2025-12-09T19:21:01.234+0000] {logging_mixin.py:190} INFO - [2025-12-09T19:21:01.233+0000] {dag.py:4156} INFO - Setting next_dagrun for dataset_consumes_unknown_never_scheduled to None, run_after=None
[2025-12-09T19:21:01.237+0000] {logging_mixin.py:190} INFO - [2025-12-09T19:21:01.237+0000] {dag.py:4156} INFO - Setting next_dagrun for dataset_produces_1 to 2025-12-08 00:00:00+00:00, run_after=2025-12-09 00:00:00+00:00
[2025-12-09T19:21:01.241+0000] {logging_mixin.py:190} INFO - [2025-12-09T19:21:01.240+0000] {dag.py:4156} INFO - Setting next_dagrun for dataset_produces_2 to None, run_after=None
[2025-12-09T19:21:01.330+0000] {processor.py:208} INFO - Processing /home/airflow/.local/lib/python3.12/site-packages/airflow/example_dags/example_datasets.py took 0.510 seconds
[2025-12-09T19:21:31.870+0000] {processor.py:186} INFO - Started process (PID=875) to work on /home/airflow/.local/lib/python3.12/site-packages/airflow/example_dags/example_datasets.py
[2025-12-09T19:21:31.901+0000] {processor.py:914} INFO - Processing file /home/airflow/.local/lib/python3.12/site-packages/airflow/example_dags/example_datasets.py for tasks to queue
[2025-12-09T19:21:31.905+0000] {logging_mixin.py:190} INFO - [2025-12-09T19:21:31.904+0000] {dagbag.py:587} INFO - Filling up the DagBag from /home/airflow/.local/lib/python3.12/site-packages/airflow/example_dags/example_datasets.py
[2025-12-09T19:21:32.155+0000] {processor.py:925} INFO - DAG(s) 'dataset_consumes_1_never_scheduled', 'consume_1_or_2_with_dataset_expressions', 'conditional_dataset_and_time_based_timetable', 'consume_1_or_both_2_and_3_with_dataset_expressions', 'dataset_produces_2', 'dataset_produces_1', 'dataset_consumes_1_and_2', 'dataset_consumes_1', 'consume_1_and_2_with_dataset_expressions', 'dataset_consumes_unknown_never_scheduled' retrieved from /home/airflow/.local/lib/python3.12/site-packages/airflow/example_dags/example_datasets.py
[2025-12-09T19:21:32.227+0000] {logging_mixin.py:190} INFO - [2025-12-09T19:21:32.226+0000] {dag.py:3229} INFO - Sync 10 DAGs
[2025-12-09T19:21:32.262+0000] {logging_mixin.py:190} INFO - [2025-12-09T19:21:32.262+0000] {dag.py:4156} INFO - Setting next_dagrun for conditional_dataset_and_time_based_timetable to 2025-12-03 01:00:00+00:00, run_after=2025-12-03 01:00:00+00:00
[2025-12-09T19:21:32.268+0000] {logging_mixin.py:190} INFO - [2025-12-09T19:21:32.268+0000] {dag.py:4156} INFO - Setting next_dagrun for consume_1_and_2_with_dataset_expressions to None, run_after=None
[2025-12-09T19:21:32.270+0000] {logging_mixin.py:190} INFO - [2025-12-09T19:21:32.270+0000] {dag.py:4156} INFO - Setting next_dagrun for consume_1_or_2_with_dataset_expressions to None, run_after=None
[2025-12-09T19:21:32.272+0000] {logging_mixin.py:190} INFO - [2025-12-09T19:21:32.272+0000] {dag.py:4156} INFO - Setting next_dagrun for consume_1_or_both_2_and_3_with_dataset_expressions to None, run_after=None
[2025-12-09T19:21:32.274+0000] {logging_mixin.py:190} INFO - [2025-12-09T19:21:32.273+0000] {dag.py:4156} INFO - Setting next_dagrun for dataset_consumes_1 to None, run_after=None
[2025-12-09T19:21:32.275+0000] {logging_mixin.py:190} INFO - [2025-12-09T19:21:32.275+0000] {dag.py:4156} INFO - Setting next_dagrun for dataset_consumes_1_and_2 to None, run_after=None
[2025-12-09T19:21:32.276+0000] {logging_mixin.py:190} INFO - [2025-12-09T19:21:32.276+0000] {dag.py:4156} INFO - Setting next_dagrun for dataset_consumes_1_never_scheduled to None, run_after=None
[2025-12-09T19:21:32.278+0000] {logging_mixin.py:190} INFO - [2025-12-09T19:21:32.278+0000] {dag.py:4156} INFO - Setting next_dagrun for dataset_consumes_unknown_never_scheduled to None, run_after=None
[2025-12-09T19:21:32.280+0000] {logging_mixin.py:190} INFO - [2025-12-09T19:21:32.280+0000] {dag.py:4156} INFO - Setting next_dagrun for dataset_produces_1 to 2025-12-08 00:00:00+00:00, run_after=2025-12-09 00:00:00+00:00
[2025-12-09T19:21:32.282+0000] {logging_mixin.py:190} INFO - [2025-12-09T19:21:32.282+0000] {dag.py:4156} INFO - Setting next_dagrun for dataset_produces_2 to None, run_after=None
[2025-12-09T19:21:32.366+0000] {processor.py:208} INFO - Processing /home/airflow/.local/lib/python3.12/site-packages/airflow/example_dags/example_datasets.py took 0.507 seconds
[2025-12-09T19:22:07.277+0000] {processor.py:186} INFO - Started process (PID=939) to work on /home/airflow/.local/lib/python3.12/site-packages/airflow/example_dags/example_datasets.py
[2025-12-09T19:22:07.295+0000] {processor.py:914} INFO - Processing file /home/airflow/.local/lib/python3.12/site-packages/airflow/example_dags/example_datasets.py for tasks to queue
[2025-12-09T19:22:07.300+0000] {logging_mixin.py:190} INFO - [2025-12-09T19:22:07.299+0000] {dagbag.py:587} INFO - Filling up the DagBag from /home/airflow/.local/lib/python3.12/site-packages/airflow/example_dags/example_datasets.py
[2025-12-09T19:21:58.951+0000] {processor.py:925} INFO - DAG(s) 'dataset_consumes_1_never_scheduled', 'dataset_consumes_1_and_2', 'dataset_produces_2', 'conditional_dataset_and_time_based_timetable', 'dataset_consumes_unknown_never_scheduled', 'consume_1_and_2_with_dataset_expressions', 'dataset_consumes_1', 'dataset_produces_1', 'consume_1_or_both_2_and_3_with_dataset_expressions', 'consume_1_or_2_with_dataset_expressions' retrieved from /home/airflow/.local/lib/python3.12/site-packages/airflow/example_dags/example_datasets.py
[2025-12-09T19:21:59.015+0000] {logging_mixin.py:190} INFO - [2025-12-09T19:21:59.015+0000] {dag.py:3229} INFO - Sync 10 DAGs
[2025-12-09T19:21:59.056+0000] {logging_mixin.py:190} INFO - [2025-12-09T19:21:59.056+0000] {dag.py:4156} INFO - Setting next_dagrun for conditional_dataset_and_time_based_timetable to 2025-12-03 01:00:00+00:00, run_after=2025-12-03 01:00:00+00:00
[2025-12-09T19:21:59.061+0000] {logging_mixin.py:190} INFO - [2025-12-09T19:21:59.060+0000] {dag.py:4156} INFO - Setting next_dagrun for consume_1_and_2_with_dataset_expressions to None, run_after=None
[2025-12-09T19:21:59.062+0000] {logging_mixin.py:190} INFO - [2025-12-09T19:21:59.062+0000] {dag.py:4156} INFO - Setting next_dagrun for consume_1_or_2_with_dataset_expressions to None, run_after=None
[2025-12-09T19:21:59.064+0000] {logging_mixin.py:190} INFO - [2025-12-09T19:21:59.063+0000] {dag.py:4156} INFO - Setting next_dagrun for consume_1_or_both_2_and_3_with_dataset_expressions to None, run_after=None
[2025-12-09T19:21:59.065+0000] {logging_mixin.py:190} INFO - [2025-12-09T19:21:59.065+0000] {dag.py:4156} INFO - Setting next_dagrun for dataset_consumes_1 to None, run_after=None
[2025-12-09T19:21:59.067+0000] {logging_mixin.py:190} INFO - [2025-12-09T19:21:59.067+0000] {dag.py:4156} INFO - Setting next_dagrun for dataset_consumes_1_and_2 to None, run_after=None
[2025-12-09T19:21:59.068+0000] {logging_mixin.py:190} INFO - [2025-12-09T19:21:59.068+0000] {dag.py:4156} INFO - Setting next_dagrun for dataset_consumes_1_never_scheduled to None, run_after=None
[2025-12-09T19:21:59.070+0000] {logging_mixin.py:190} INFO - [2025-12-09T19:21:59.069+0000] {dag.py:4156} INFO - Setting next_dagrun for dataset_consumes_unknown_never_scheduled to None, run_after=None
[2025-12-09T19:21:59.072+0000] {logging_mixin.py:190} INFO - [2025-12-09T19:21:59.072+0000] {dag.py:4156} INFO - Setting next_dagrun for dataset_produces_1 to 2025-12-08 00:00:00+00:00, run_after=2025-12-09 00:00:00+00:00
[2025-12-09T19:21:59.074+0000] {logging_mixin.py:190} INFO - [2025-12-09T19:21:59.074+0000] {dag.py:4156} INFO - Setting next_dagrun for dataset_produces_2 to None, run_after=None
[2025-12-09T19:21:59.123+0000] {processor.py:208} INFO - Processing /home/airflow/.local/lib/python3.12/site-packages/airflow/example_dags/example_datasets.py took 0.484 seconds
[2025-12-09T19:22:29.369+0000] {processor.py:186} INFO - Started process (PID=995) to work on /home/airflow/.local/lib/python3.12/site-packages/airflow/example_dags/example_datasets.py
[2025-12-09T19:22:29.384+0000] {processor.py:914} INFO - Processing file /home/airflow/.local/lib/python3.12/site-packages/airflow/example_dags/example_datasets.py for tasks to queue
[2025-12-09T19:22:29.389+0000] {logging_mixin.py:190} INFO - [2025-12-09T19:22:29.388+0000] {dagbag.py:587} INFO - Filling up the DagBag from /home/airflow/.local/lib/python3.12/site-packages/airflow/example_dags/example_datasets.py
[2025-12-09T19:22:29.705+0000] {processor.py:925} INFO - DAG(s) 'dataset_produces_1', 'consume_1_or_2_with_dataset_expressions', 'conditional_dataset_and_time_based_timetable', 'dataset_consumes_unknown_never_scheduled', 'dataset_consumes_1_never_scheduled', 'consume_1_or_both_2_and_3_with_dataset_expressions', 'dataset_produces_2', 'consume_1_and_2_with_dataset_expressions', 'dataset_consumes_1_and_2', 'dataset_consumes_1' retrieved from /home/airflow/.local/lib/python3.12/site-packages/airflow/example_dags/example_datasets.py
[2025-12-09T19:22:29.770+0000] {logging_mixin.py:190} INFO - [2025-12-09T19:22:29.770+0000] {dag.py:3229} INFO - Sync 10 DAGs
[2025-12-09T19:22:29.815+0000] {logging_mixin.py:190} INFO - [2025-12-09T19:22:29.815+0000] {dag.py:4156} INFO - Setting next_dagrun for conditional_dataset_and_time_based_timetable to 2025-12-03 01:00:00+00:00, run_after=2025-12-03 01:00:00+00:00
[2025-12-09T19:22:29.822+0000] {logging_mixin.py:190} INFO - [2025-12-09T19:22:29.821+0000] {dag.py:4156} INFO - Setting next_dagrun for consume_1_and_2_with_dataset_expressions to None, run_after=None
[2025-12-09T19:22:29.824+0000] {logging_mixin.py:190} INFO - [2025-12-09T19:22:29.823+0000] {dag.py:4156} INFO - Setting next_dagrun for consume_1_or_2_with_dataset_expressions to None, run_after=None
[2025-12-09T19:22:29.826+0000] {logging_mixin.py:190} INFO - [2025-12-09T19:22:29.826+0000] {dag.py:4156} INFO - Setting next_dagrun for consume_1_or_both_2_and_3_with_dataset_expressions to None, run_after=None
[2025-12-09T19:22:29.828+0000] {logging_mixin.py:190} INFO - [2025-12-09T19:22:29.827+0000] {dag.py:4156} INFO - Setting next_dagrun for dataset_consumes_1 to None, run_after=None
[2025-12-09T19:22:29.829+0000] {logging_mixin.py:190} INFO - [2025-12-09T19:22:29.829+0000] {dag.py:4156} INFO - Setting next_dagrun for dataset_consumes_1_and_2 to None, run_after=None
[2025-12-09T19:22:29.831+0000] {logging_mixin.py:190} INFO - [2025-12-09T19:22:29.831+0000] {dag.py:4156} INFO - Setting next_dagrun for dataset_consumes_1_never_scheduled to None, run_after=None
[2025-12-09T19:22:29.832+0000] {logging_mixin.py:190} INFO - [2025-12-09T19:22:29.832+0000] {dag.py:4156} INFO - Setting next_dagrun for dataset_consumes_unknown_never_scheduled to None, run_after=None
[2025-12-09T19:22:29.835+0000] {logging_mixin.py:190} INFO - [2025-12-09T19:22:29.834+0000] {dag.py:4156} INFO - Setting next_dagrun for dataset_produces_1 to 2025-12-08 00:00:00+00:00, run_after=2025-12-09 00:00:00+00:00
[2025-12-09T19:22:29.836+0000] {logging_mixin.py:190} INFO - [2025-12-09T19:22:29.836+0000] {dag.py:4156} INFO - Setting next_dagrun for dataset_produces_2 to None, run_after=None
[2025-12-09T19:22:29.888+0000] {processor.py:208} INFO - Processing /home/airflow/.local/lib/python3.12/site-packages/airflow/example_dags/example_datasets.py took 0.528 seconds
[2025-12-09T19:23:00.135+0000] {processor.py:186} INFO - Started process (PID=1065) to work on /home/airflow/.local/lib/python3.12/site-packages/airflow/example_dags/example_datasets.py
[2025-12-09T19:23:00.144+0000] {processor.py:914} INFO - Processing file /home/airflow/.local/lib/python3.12/site-packages/airflow/example_dags/example_datasets.py for tasks to queue
[2025-12-09T19:23:00.149+0000] {logging_mixin.py:190} INFO - [2025-12-09T19:23:00.148+0000] {dagbag.py:587} INFO - Filling up the DagBag from /home/airflow/.local/lib/python3.12/site-packages/airflow/example_dags/example_datasets.py
[2025-12-09T19:23:00.394+0000] {processor.py:925} INFO - DAG(s) 'consume_1_and_2_with_dataset_expressions', 'dataset_consumes_1_and_2', 'dataset_produces_1', 'dataset_consumes_1_never_scheduled', 'dataset_consumes_1', 'consume_1_or_2_with_dataset_expressions', 'conditional_dataset_and_time_based_timetable', 'consume_1_or_both_2_and_3_with_dataset_expressions', 'dataset_consumes_unknown_never_scheduled', 'dataset_produces_2' retrieved from /home/airflow/.local/lib/python3.12/site-packages/airflow/example_dags/example_datasets.py
[2025-12-09T19:23:00.456+0000] {logging_mixin.py:190} INFO - [2025-12-09T19:23:00.456+0000] {dag.py:3229} INFO - Sync 10 DAGs
[2025-12-09T19:23:00.493+0000] {logging_mixin.py:190} INFO - [2025-12-09T19:23:00.492+0000] {dag.py:4156} INFO - Setting next_dagrun for conditional_dataset_and_time_based_timetable to 2025-12-03 01:00:00+00:00, run_after=2025-12-03 01:00:00+00:00
[2025-12-09T19:23:00.503+0000] {logging_mixin.py:190} INFO - [2025-12-09T19:23:00.502+0000] {dag.py:4156} INFO - Setting next_dagrun for consume_1_and_2_with_dataset_expressions to None, run_after=None
[2025-12-09T19:23:00.506+0000] {logging_mixin.py:190} INFO - [2025-12-09T19:23:00.506+0000] {dag.py:4156} INFO - Setting next_dagrun for consume_1_or_2_with_dataset_expressions to None, run_after=None
[2025-12-09T19:23:00.508+0000] {logging_mixin.py:190} INFO - [2025-12-09T19:23:00.508+0000] {dag.py:4156} INFO - Setting next_dagrun for consume_1_or_both_2_and_3_with_dataset_expressions to None, run_after=None
[2025-12-09T19:23:00.509+0000] {logging_mixin.py:190} INFO - [2025-12-09T19:23:00.509+0000] {dag.py:4156} INFO - Setting next_dagrun for dataset_consumes_1 to None, run_after=None
[2025-12-09T19:23:00.511+0000] {logging_mixin.py:190} INFO - [2025-12-09T19:23:00.511+0000] {dag.py:4156} INFO - Setting next_dagrun for dataset_consumes_1_and_2 to None, run_after=None
[2025-12-09T19:23:00.512+0000] {logging_mixin.py:190} INFO - [2025-12-09T19:23:00.512+0000] {dag.py:4156} INFO - Setting next_dagrun for dataset_consumes_1_never_scheduled to None, run_after=None
[2025-12-09T19:23:00.514+0000] {logging_mixin.py:190} INFO - [2025-12-09T19:23:00.514+0000] {dag.py:4156} INFO - Setting next_dagrun for dataset_consumes_unknown_never_scheduled to None, run_after=None
[2025-12-09T19:23:00.517+0000] {logging_mixin.py:190} INFO - [2025-12-09T19:23:00.517+0000] {dag.py:4156} INFO - Setting next_dagrun for dataset_produces_1 to 2025-12-08 00:00:00+00:00, run_after=2025-12-09 00:00:00+00:00
[2025-12-09T19:23:00.519+0000] {logging_mixin.py:190} INFO - [2025-12-09T19:23:00.519+0000] {dag.py:4156} INFO - Setting next_dagrun for dataset_produces_2 to None, run_after=None
[2025-12-09T19:23:00.573+0000] {processor.py:208} INFO - Processing /home/airflow/.local/lib/python3.12/site-packages/airflow/example_dags/example_datasets.py took 0.450 seconds
[2025-12-09T19:23:24.621+0000] {processor.py:186} INFO - Started process (PID=1120) to work on /home/airflow/.local/lib/python3.12/site-packages/airflow/example_dags/example_datasets.py
[2025-12-09T19:23:24.652+0000] {processor.py:914} INFO - Processing file /home/airflow/.local/lib/python3.12/site-packages/airflow/example_dags/example_datasets.py for tasks to queue
[2025-12-09T19:23:24.655+0000] {logging_mixin.py:190} INFO - [2025-12-09T19:23:24.655+0000] {dagbag.py:587} INFO - Filling up the DagBag from /home/airflow/.local/lib/python3.12/site-packages/airflow/example_dags/example_datasets.py
[2025-12-09T19:23:24.882+0000] {processor.py:925} INFO - DAG(s) 'dataset_produces_1', 'dataset_produces_2', 'dataset_consumes_1_and_2', 'dataset_consumes_unknown_never_scheduled', 'dataset_consumes_1_never_scheduled', 'consume_1_or_both_2_and_3_with_dataset_expressions', 'dataset_consumes_1', 'consume_1_or_2_with_dataset_expressions', 'consume_1_and_2_with_dataset_expressions', 'conditional_dataset_and_time_based_timetable' retrieved from /home/airflow/.local/lib/python3.12/site-packages/airflow/example_dags/example_datasets.py
[2025-12-09T19:23:24.948+0000] {logging_mixin.py:190} INFO - [2025-12-09T19:23:24.947+0000] {dag.py:3229} INFO - Sync 10 DAGs
[2025-12-09T19:23:24.987+0000] {logging_mixin.py:190} INFO - [2025-12-09T19:23:24.987+0000] {dag.py:4156} INFO - Setting next_dagrun for conditional_dataset_and_time_based_timetable to 2025-12-03 01:00:00+00:00, run_after=2025-12-03 01:00:00+00:00
[2025-12-09T19:23:24.992+0000] {logging_mixin.py:190} INFO - [2025-12-09T19:23:24.991+0000] {dag.py:4156} INFO - Setting next_dagrun for consume_1_and_2_with_dataset_expressions to None, run_after=None
[2025-12-09T19:23:24.994+0000] {logging_mixin.py:190} INFO - [2025-12-09T19:23:24.993+0000] {dag.py:4156} INFO - Setting next_dagrun for consume_1_or_2_with_dataset_expressions to None, run_after=None
[2025-12-09T19:23:24.995+0000] {logging_mixin.py:190} INFO - [2025-12-09T19:23:24.995+0000] {dag.py:4156} INFO - Setting next_dagrun for consume_1_or_both_2_and_3_with_dataset_expressions to None, run_after=None
[2025-12-09T19:23:24.997+0000] {logging_mixin.py:190} INFO - [2025-12-09T19:23:24.997+0000] {dag.py:4156} INFO - Setting next_dagrun for dataset_consumes_1 to None, run_after=None
[2025-12-09T19:23:24.998+0000] {logging_mixin.py:190} INFO - [2025-12-09T19:23:24.998+0000] {dag.py:4156} INFO - Setting next_dagrun for dataset_consumes_1_and_2 to None, run_after=None
[2025-12-09T19:23:25.000+0000] {logging_mixin.py:190} INFO - [2025-12-09T19:23:25.000+0000] {dag.py:4156} INFO - Setting next_dagrun for dataset_consumes_1_never_scheduled to None, run_after=None
[2025-12-09T19:23:25.001+0000] {logging_mixin.py:190} INFO - [2025-12-09T19:23:25.001+0000] {dag.py:4156} INFO - Setting next_dagrun for dataset_consumes_unknown_never_scheduled to None, run_after=None
[2025-12-09T19:23:25.004+0000] {logging_mixin.py:190} INFO - [2025-12-09T19:23:25.004+0000] {dag.py:4156} INFO - Setting next_dagrun for dataset_produces_1 to 2025-12-08 00:00:00+00:00, run_after=2025-12-09 00:00:00+00:00
[2025-12-09T19:23:25.005+0000] {logging_mixin.py:190} INFO - [2025-12-09T19:23:25.005+0000] {dag.py:4156} INFO - Setting next_dagrun for dataset_produces_2 to None, run_after=None
[2025-12-09T19:23:25.086+0000] {processor.py:208} INFO - Processing /home/airflow/.local/lib/python3.12/site-packages/airflow/example_dags/example_datasets.py took 0.474 seconds
[2025-12-09T19:23:55.642+0000] {processor.py:186} INFO - Started process (PID=1180) to work on /home/airflow/.local/lib/python3.12/site-packages/airflow/example_dags/example_datasets.py
[2025-12-09T19:23:55.660+0000] {processor.py:914} INFO - Processing file /home/airflow/.local/lib/python3.12/site-packages/airflow/example_dags/example_datasets.py for tasks to queue
[2025-12-09T19:23:55.664+0000] {logging_mixin.py:190} INFO - [2025-12-09T19:23:55.663+0000] {dagbag.py:587} INFO - Filling up the DagBag from /home/airflow/.local/lib/python3.12/site-packages/airflow/example_dags/example_datasets.py
[2025-12-09T19:23:55.905+0000] {processor.py:925} INFO - DAG(s) 'consume_1_and_2_with_dataset_expressions', 'conditional_dataset_and_time_based_timetable', 'dataset_consumes_1_and_2', 'dataset_consumes_1', 'dataset_produces_2', 'dataset_consumes_1_never_scheduled', 'consume_1_or_both_2_and_3_with_dataset_expressions', 'dataset_consumes_unknown_never_scheduled', 'consume_1_or_2_with_dataset_expressions', 'dataset_produces_1' retrieved from /home/airflow/.local/lib/python3.12/site-packages/airflow/example_dags/example_datasets.py
[2025-12-09T19:23:55.974+0000] {logging_mixin.py:190} INFO - [2025-12-09T19:23:55.974+0000] {dag.py:3229} INFO - Sync 10 DAGs
[2025-12-09T19:23:56.013+0000] {logging_mixin.py:190} INFO - [2025-12-09T19:23:56.013+0000] {dag.py:4156} INFO - Setting next_dagrun for conditional_dataset_and_time_based_timetable to 2025-12-03 01:00:00+00:00, run_after=2025-12-03 01:00:00+00:00
[2025-12-09T19:23:56.017+0000] {logging_mixin.py:190} INFO - [2025-12-09T19:23:56.017+0000] {dag.py:4156} INFO - Setting next_dagrun for consume_1_and_2_with_dataset_expressions to None, run_after=None
[2025-12-09T19:23:56.019+0000] {logging_mixin.py:190} INFO - [2025-12-09T19:23:56.019+0000] {dag.py:4156} INFO - Setting next_dagrun for consume_1_or_2_with_dataset_expressions to None, run_after=None
[2025-12-09T19:23:56.020+0000] {logging_mixin.py:190} INFO - [2025-12-09T19:23:56.020+0000] {dag.py:4156} INFO - Setting next_dagrun for consume_1_or_both_2_and_3_with_dataset_expressions to None, run_after=None
[2025-12-09T19:23:56.022+0000] {logging_mixin.py:190} INFO - [2025-12-09T19:23:56.021+0000] {dag.py:4156} INFO - Setting next_dagrun for dataset_consumes_1 to None, run_after=None
[2025-12-09T19:23:56.023+0000] {logging_mixin.py:190} INFO - [2025-12-09T19:23:56.023+0000] {dag.py:4156} INFO - Setting next_dagrun for dataset_consumes_1_and_2 to None, run_after=None
[2025-12-09T19:23:56.025+0000] {logging_mixin.py:190} INFO - [2025-12-09T19:23:56.025+0000] {dag.py:4156} INFO - Setting next_dagrun for dataset_consumes_1_never_scheduled to None, run_after=None
[2025-12-09T19:23:56.026+0000] {logging_mixin.py:190} INFO - [2025-12-09T19:23:56.026+0000] {dag.py:4156} INFO - Setting next_dagrun for dataset_consumes_unknown_never_scheduled to None, run_after=None
[2025-12-09T19:23:56.029+0000] {logging_mixin.py:190} INFO - [2025-12-09T19:23:56.029+0000] {dag.py:4156} INFO - Setting next_dagrun for dataset_produces_1 to 2025-12-08 00:00:00+00:00, run_after=2025-12-09 00:00:00+00:00
[2025-12-09T19:23:56.030+0000] {logging_mixin.py:190} INFO - [2025-12-09T19:23:56.030+0000] {dag.py:4156} INFO - Setting next_dagrun for dataset_produces_2 to None, run_after=None
[2025-12-09T19:23:56.095+0000] {processor.py:208} INFO - Processing /home/airflow/.local/lib/python3.12/site-packages/airflow/example_dags/example_datasets.py took 0.463 seconds
[2025-12-09T19:24:21.371+0000] {processor.py:186} INFO - Started process (PID=1239) to work on /home/airflow/.local/lib/python3.12/site-packages/airflow/example_dags/example_datasets.py
[2025-12-09T19:24:21.386+0000] {processor.py:914} INFO - Processing file /home/airflow/.local/lib/python3.12/site-packages/airflow/example_dags/example_datasets.py for tasks to queue
[2025-12-09T19:24:21.389+0000] {logging_mixin.py:190} INFO - [2025-12-09T19:24:21.389+0000] {dagbag.py:587} INFO - Filling up the DagBag from /home/airflow/.local/lib/python3.12/site-packages/airflow/example_dags/example_datasets.py
[2025-12-09T19:24:21.631+0000] {processor.py:925} INFO - DAG(s) 'dataset_produces_1', 'dataset_produces_2', 'consume_1_or_both_2_and_3_with_dataset_expressions', 'conditional_dataset_and_time_based_timetable', 'consume_1_or_2_with_dataset_expressions', 'dataset_consumes_1_and_2', 'consume_1_and_2_with_dataset_expressions', 'dataset_consumes_1_never_scheduled', 'dataset_consumes_1', 'dataset_consumes_unknown_never_scheduled' retrieved from /home/airflow/.local/lib/python3.12/site-packages/airflow/example_dags/example_datasets.py
[2025-12-09T19:24:21.702+0000] {logging_mixin.py:190} INFO - [2025-12-09T19:24:21.702+0000] {dag.py:3229} INFO - Sync 10 DAGs
[2025-12-09T19:24:21.745+0000] {logging_mixin.py:190} INFO - [2025-12-09T19:24:21.744+0000] {dag.py:4156} INFO - Setting next_dagrun for conditional_dataset_and_time_based_timetable to 2025-12-03 01:00:00+00:00, run_after=2025-12-03 01:00:00+00:00
[2025-12-09T19:24:21.752+0000] {logging_mixin.py:190} INFO - [2025-12-09T19:24:21.751+0000] {dag.py:4156} INFO - Setting next_dagrun for consume_1_and_2_with_dataset_expressions to None, run_after=None
[2025-12-09T19:24:21.754+0000] {logging_mixin.py:190} INFO - [2025-12-09T19:24:21.754+0000] {dag.py:4156} INFO - Setting next_dagrun for consume_1_or_2_with_dataset_expressions to None, run_after=None
[2025-12-09T19:24:21.756+0000] {logging_mixin.py:190} INFO - [2025-12-09T19:24:21.756+0000] {dag.py:4156} INFO - Setting next_dagrun for consume_1_or_both_2_and_3_with_dataset_expressions to None, run_after=None
[2025-12-09T19:24:21.758+0000] {logging_mixin.py:190} INFO - [2025-12-09T19:24:21.758+0000] {dag.py:4156} INFO - Setting next_dagrun for dataset_consumes_1 to None, run_after=None
[2025-12-09T19:24:21.760+0000] {logging_mixin.py:190} INFO - [2025-12-09T19:24:21.759+0000] {dag.py:4156} INFO - Setting next_dagrun for dataset_consumes_1_and_2 to None, run_after=None
[2025-12-09T19:24:21.761+0000] {logging_mixin.py:190} INFO - [2025-12-09T19:24:21.761+0000] {dag.py:4156} INFO - Setting next_dagrun for dataset_consumes_1_never_scheduled to None, run_after=None
[2025-12-09T19:24:21.763+0000] {logging_mixin.py:190} INFO - [2025-12-09T19:24:21.763+0000] {dag.py:4156} INFO - Setting next_dagrun for dataset_consumes_unknown_never_scheduled to None, run_after=None
[2025-12-09T19:24:21.766+0000] {logging_mixin.py:190} INFO - [2025-12-09T19:24:21.766+0000] {dag.py:4156} INFO - Setting next_dagrun for dataset_produces_1 to 2025-12-08 00:00:00+00:00, run_after=2025-12-09 00:00:00+00:00
[2025-12-09T19:24:21.768+0000] {logging_mixin.py:190} INFO - [2025-12-09T19:24:21.768+0000] {dag.py:4156} INFO - Setting next_dagrun for dataset_produces_2 to None, run_after=None
[2025-12-09T19:24:21.833+0000] {processor.py:208} INFO - Processing /home/airflow/.local/lib/python3.12/site-packages/airflow/example_dags/example_datasets.py took 0.472 seconds
[2025-12-09T19:24:52.030+0000] {processor.py:186} INFO - Started process (PID=1302) to work on /home/airflow/.local/lib/python3.12/site-packages/airflow/example_dags/example_datasets.py
[2025-12-09T19:24:52.039+0000] {processor.py:914} INFO - Processing file /home/airflow/.local/lib/python3.12/site-packages/airflow/example_dags/example_datasets.py for tasks to queue
[2025-12-09T19:24:52.043+0000] {logging_mixin.py:190} INFO - [2025-12-09T19:24:52.042+0000] {dagbag.py:587} INFO - Filling up the DagBag from /home/airflow/.local/lib/python3.12/site-packages/airflow/example_dags/example_datasets.py
[2025-12-09T19:24:52.266+0000] {processor.py:925} INFO - DAG(s) 'dataset_produces_2', 'consume_1_or_2_with_dataset_expressions', 'consume_1_or_both_2_and_3_with_dataset_expressions', 'dataset_consumes_unknown_never_scheduled', 'conditional_dataset_and_time_based_timetable', 'dataset_produces_1', 'dataset_consumes_1_never_scheduled', 'consume_1_and_2_with_dataset_expressions', 'dataset_consumes_1_and_2', 'dataset_consumes_1' retrieved from /home/airflow/.local/lib/python3.12/site-packages/airflow/example_dags/example_datasets.py
[2025-12-09T19:24:52.325+0000] {logging_mixin.py:190} INFO - [2025-12-09T19:24:52.324+0000] {dag.py:3229} INFO - Sync 10 DAGs
[2025-12-09T19:24:52.359+0000] {logging_mixin.py:190} INFO - [2025-12-09T19:24:52.358+0000] {dag.py:4156} INFO - Setting next_dagrun for conditional_dataset_and_time_based_timetable to 2025-12-03 01:00:00+00:00, run_after=2025-12-03 01:00:00+00:00
[2025-12-09T19:24:52.363+0000] {logging_mixin.py:190} INFO - [2025-12-09T19:24:52.363+0000] {dag.py:4156} INFO - Setting next_dagrun for consume_1_and_2_with_dataset_expressions to None, run_after=None
[2025-12-09T19:24:52.365+0000] {logging_mixin.py:190} INFO - [2025-12-09T19:24:52.364+0000] {dag.py:4156} INFO - Setting next_dagrun for consume_1_or_2_with_dataset_expressions to None, run_after=None
[2025-12-09T19:24:52.366+0000] {logging_mixin.py:190} INFO - [2025-12-09T19:24:52.366+0000] {dag.py:4156} INFO - Setting next_dagrun for consume_1_or_both_2_and_3_with_dataset_expressions to None, run_after=None
[2025-12-09T19:24:52.367+0000] {logging_mixin.py:190} INFO - [2025-12-09T19:24:52.367+0000] {dag.py:4156} INFO - Setting next_dagrun for dataset_consumes_1 to None, run_after=None
[2025-12-09T19:24:52.369+0000] {logging_mixin.py:190} INFO - [2025-12-09T19:24:52.369+0000] {dag.py:4156} INFO - Setting next_dagrun for dataset_consumes_1_and_2 to None, run_after=None
[2025-12-09T19:24:52.370+0000] {logging_mixin.py:190} INFO - [2025-12-09T19:24:52.370+0000] {dag.py:4156} INFO - Setting next_dagrun for dataset_consumes_1_never_scheduled to None, run_after=None
[2025-12-09T19:24:52.372+0000] {logging_mixin.py:190} INFO - [2025-12-09T19:24:52.371+0000] {dag.py:4156} INFO - Setting next_dagrun for dataset_consumes_unknown_never_scheduled to None, run_after=None
[2025-12-09T19:24:52.374+0000] {logging_mixin.py:190} INFO - [2025-12-09T19:24:52.374+0000] {dag.py:4156} INFO - Setting next_dagrun for dataset_produces_1 to 2025-12-08 00:00:00+00:00, run_after=2025-12-09 00:00:00+00:00
[2025-12-09T19:24:52.375+0000] {logging_mixin.py:190} INFO - [2025-12-09T19:24:52.375+0000] {dag.py:4156} INFO - Setting next_dagrun for dataset_produces_2 to None, run_after=None
[2025-12-09T19:24:52.451+0000] {processor.py:208} INFO - Processing /home/airflow/.local/lib/python3.12/site-packages/airflow/example_dags/example_datasets.py took 0.430 seconds
[2025-12-09T19:25:22.502+0000] {processor.py:186} INFO - Started process (PID=1362) to work on /home/airflow/.local/lib/python3.12/site-packages/airflow/example_dags/example_datasets.py
[2025-12-09T19:25:22.507+0000] {processor.py:914} INFO - Processing file /home/airflow/.local/lib/python3.12/site-packages/airflow/example_dags/example_datasets.py for tasks to queue
[2025-12-09T19:25:22.510+0000] {logging_mixin.py:190} INFO - [2025-12-09T19:25:22.510+0000] {dagbag.py:587} INFO - Filling up the DagBag from /home/airflow/.local/lib/python3.12/site-packages/airflow/example_dags/example_datasets.py
[2025-12-09T19:25:22.770+0000] {processor.py:925} INFO - DAG(s) 'dataset_consumes_1', 'dataset_produces_2', 'consume_1_or_2_with_dataset_expressions', 'dataset_produces_1', 'consume_1_and_2_with_dataset_expressions', 'consume_1_or_both_2_and_3_with_dataset_expressions', 'conditional_dataset_and_time_based_timetable', 'dataset_consumes_1_and_2', 'dataset_consumes_1_never_scheduled', 'dataset_consumes_unknown_never_scheduled' retrieved from /home/airflow/.local/lib/python3.12/site-packages/airflow/example_dags/example_datasets.py
[2025-12-09T19:25:22.829+0000] {logging_mixin.py:190} INFO - [2025-12-09T19:25:22.829+0000] {dag.py:3229} INFO - Sync 10 DAGs
[2025-12-09T19:25:22.866+0000] {logging_mixin.py:190} INFO - [2025-12-09T19:25:22.866+0000] {dag.py:4156} INFO - Setting next_dagrun for conditional_dataset_and_time_based_timetable to 2025-12-03 01:00:00+00:00, run_after=2025-12-03 01:00:00+00:00
[2025-12-09T19:25:22.870+0000] {logging_mixin.py:190} INFO - [2025-12-09T19:25:22.870+0000] {dag.py:4156} INFO - Setting next_dagrun for consume_1_and_2_with_dataset_expressions to None, run_after=None
[2025-12-09T19:25:22.872+0000] {logging_mixin.py:190} INFO - [2025-12-09T19:25:22.871+0000] {dag.py:4156} INFO - Setting next_dagrun for consume_1_or_2_with_dataset_expressions to None, run_after=None
[2025-12-09T19:25:22.873+0000] {logging_mixin.py:190} INFO - [2025-12-09T19:25:22.873+0000] {dag.py:4156} INFO - Setting next_dagrun for consume_1_or_both_2_and_3_with_dataset_expressions to None, run_after=None
[2025-12-09T19:25:22.874+0000] {logging_mixin.py:190} INFO - [2025-12-09T19:25:22.874+0000] {dag.py:4156} INFO - Setting next_dagrun for dataset_consumes_1 to None, run_after=None
[2025-12-09T19:25:22.878+0000] {logging_mixin.py:190} INFO - [2025-12-09T19:25:22.878+0000] {dag.py:4156} INFO - Setting next_dagrun for dataset_consumes_1_and_2 to None, run_after=None
[2025-12-09T19:25:22.879+0000] {logging_mixin.py:190} INFO - [2025-12-09T19:25:22.879+0000] {dag.py:4156} INFO - Setting next_dagrun for dataset_consumes_1_never_scheduled to None, run_after=None
[2025-12-09T19:25:22.881+0000] {logging_mixin.py:190} INFO - [2025-12-09T19:25:22.881+0000] {dag.py:4156} INFO - Setting next_dagrun for dataset_consumes_unknown_never_scheduled to None, run_after=None
[2025-12-09T19:25:22.883+0000] {logging_mixin.py:190} INFO - [2025-12-09T19:25:22.883+0000] {dag.py:4156} INFO - Setting next_dagrun for dataset_produces_1 to 2025-12-08 00:00:00+00:00, run_after=2025-12-09 00:00:00+00:00
[2025-12-09T19:25:22.885+0000] {logging_mixin.py:190} INFO - [2025-12-09T19:25:22.885+0000] {dag.py:4156} INFO - Setting next_dagrun for dataset_produces_2 to None, run_after=None
[2025-12-09T19:25:22.963+0000] {processor.py:208} INFO - Processing /home/airflow/.local/lib/python3.12/site-packages/airflow/example_dags/example_datasets.py took 0.470 seconds
[2025-12-09T19:25:53.786+0000] {processor.py:186} INFO - Started process (PID=1424) to work on /home/airflow/.local/lib/python3.12/site-packages/airflow/example_dags/example_datasets.py
[2025-12-09T19:25:53.820+0000] {processor.py:914} INFO - Processing file /home/airflow/.local/lib/python3.12/site-packages/airflow/example_dags/example_datasets.py for tasks to queue
[2025-12-09T19:25:53.825+0000] {logging_mixin.py:190} INFO - [2025-12-09T19:25:53.825+0000] {dagbag.py:587} INFO - Filling up the DagBag from /home/airflow/.local/lib/python3.12/site-packages/airflow/example_dags/example_datasets.py
[2025-12-09T19:25:53.826+0000] {processor.py:925} INFO - DAG(s) 'dataset_consumes_unknown_never_scheduled', 'dataset_consumes_1', 'dataset_consumes_1_and_2', 'dataset_produces_2', 'dataset_consumes_1_never_scheduled', 'dataset_produces_1', 'consume_1_or_both_2_and_3_with_dataset_expressions', 'conditional_dataset_and_time_based_timetable', 'consume_1_or_2_with_dataset_expressions', 'consume_1_and_2_with_dataset_expressions' retrieved from /home/airflow/.local/lib/python3.12/site-packages/airflow/example_dags/example_datasets.py
[2025-12-09T19:25:53.917+0000] {logging_mixin.py:190} INFO - [2025-12-09T19:25:53.916+0000] {dag.py:3229} INFO - Sync 10 DAGs
[2025-12-09T19:25:53.966+0000] {logging_mixin.py:190} INFO - [2025-12-09T19:25:53.966+0000] {dag.py:4156} INFO - Setting next_dagrun for conditional_dataset_and_time_based_timetable to 2025-12-03 01:00:00+00:00, run_after=2025-12-03 01:00:00+00:00
[2025-12-09T19:25:53.972+0000] {logging_mixin.py:190} INFO - [2025-12-09T19:25:53.972+0000] {dag.py:4156} INFO - Setting next_dagrun for consume_1_and_2_with_dataset_expressions to None, run_after=None
[2025-12-09T19:25:53.974+0000] {logging_mixin.py:190} INFO - [2025-12-09T19:25:53.974+0000] {dag.py:4156} INFO - Setting next_dagrun for consume_1_or_2_with_dataset_expressions to None, run_after=None
[2025-12-09T19:25:53.976+0000] {logging_mixin.py:190} INFO - [2025-12-09T19:25:53.976+0000] {dag.py:4156} INFO - Setting next_dagrun for consume_1_or_both_2_and_3_with_dataset_expressions to None, run_after=None
[2025-12-09T19:25:53.978+0000] {logging_mixin.py:190} INFO - [2025-12-09T19:25:53.978+0000] {dag.py:4156} INFO - Setting next_dagrun for dataset_consumes_1 to None, run_after=None
[2025-12-09T19:25:53.979+0000] {logging_mixin.py:190} INFO - [2025-12-09T19:25:53.979+0000] {dag.py:4156} INFO - Setting next_dagrun for dataset_consumes_1_and_2 to None, run_after=None
[2025-12-09T19:25:53.981+0000] {logging_mixin.py:190} INFO - [2025-12-09T19:25:53.981+0000] {dag.py:4156} INFO - Setting next_dagrun for dataset_consumes_1_never_scheduled to None, run_after=None
[2025-12-09T19:25:53.983+0000] {logging_mixin.py:190} INFO - [2025-12-09T19:25:53.983+0000] {dag.py:4156} INFO - Setting next_dagrun for dataset_consumes_unknown_never_scheduled to None, run_after=None
[2025-12-09T19:25:53.986+0000] {logging_mixin.py:190} INFO - [2025-12-09T19:25:53.985+0000] {dag.py:4156} INFO - Setting next_dagrun for dataset_produces_1 to 2025-12-08 00:00:00+00:00, run_after=2025-12-09 00:00:00+00:00
[2025-12-09T19:25:53.987+0000] {logging_mixin.py:190} INFO - [2025-12-09T19:25:53.987+0000] {dag.py:4156} INFO - Setting next_dagrun for dataset_produces_2 to None, run_after=None
[2025-12-09T19:25:54.074+0000] {processor.py:208} INFO - Processing /home/airflow/.local/lib/python3.12/site-packages/airflow/example_dags/example_datasets.py took 0.579 seconds
