[2025-12-09T19:15:36.033+0000] {processor.py:186} INFO - Started process (PID=109) to work on /home/airflow/.local/lib/python3.12/site-packages/airflow/example_dags/example_inlet_event_extra.py
[2025-12-09T19:15:36.034+0000] {processor.py:914} INFO - Processing file /home/airflow/.local/lib/python3.12/site-packages/airflow/example_dags/example_inlet_event_extra.py for tasks to queue
[2025-12-09T19:15:36.038+0000] {logging_mixin.py:190} INFO - [2025-12-09T19:15:36.038+0000] {dagbag.py:587} INFO - Filling up the DagBag from /home/airflow/.local/lib/python3.12/site-packages/airflow/example_dags/example_inlet_event_extra.py
[2025-12-09T19:15:36.974+0000] {processor.py:925} INFO - DAG(s) 'read_dataset_event', 'read_dataset_event_from_classic' retrieved from /home/airflow/.local/lib/python3.12/site-packages/airflow/example_dags/example_inlet_event_extra.py
[2025-12-09T19:15:37.188+0000] {logging_mixin.py:190} INFO - [2025-12-09T19:15:37.187+0000] {override.py:1900} INFO - Created Permission View: can read on DAG:read_dataset_event
[2025-12-09T19:15:37.202+0000] {logging_mixin.py:190} INFO - [2025-12-09T19:15:37.202+0000] {override.py:1900} INFO - Created Permission View: can delete on DAG:read_dataset_event
[2025-12-09T19:15:37.212+0000] {logging_mixin.py:190} INFO - [2025-12-09T19:15:37.212+0000] {override.py:1900} INFO - Created Permission View: can edit on DAG:read_dataset_event
[2025-12-09T19:15:37.226+0000] {logging_mixin.py:190} INFO - [2025-12-09T19:15:37.226+0000] {override.py:1900} INFO - Created Permission View: can read on DAG Run:read_dataset_event
[2025-12-09T19:15:37.237+0000] {logging_mixin.py:190} INFO - [2025-12-09T19:15:37.237+0000] {override.py:1900} INFO - Created Permission View: can delete on DAG Run:read_dataset_event
[2025-12-09T19:15:37.248+0000] {logging_mixin.py:190} INFO - [2025-12-09T19:15:37.247+0000] {override.py:1900} INFO - Created Permission View: menu access on DAG Run:read_dataset_event
[2025-12-09T19:15:37.258+0000] {logging_mixin.py:190} INFO - [2025-12-09T19:15:37.258+0000] {override.py:1900} INFO - Created Permission View: can create on DAG Run:read_dataset_event
[2025-12-09T19:15:37.278+0000] {logging_mixin.py:190} INFO - [2025-12-09T19:15:37.278+0000] {override.py:1900} INFO - Created Permission View: can read on DAG:read_dataset_event_from_classic
[2025-12-09T19:15:37.288+0000] {logging_mixin.py:190} INFO - [2025-12-09T19:15:37.288+0000] {override.py:1900} INFO - Created Permission View: can delete on DAG:read_dataset_event_from_classic
[2025-12-09T19:15:37.299+0000] {logging_mixin.py:190} INFO - [2025-12-09T19:15:37.299+0000] {override.py:1900} INFO - Created Permission View: can edit on DAG:read_dataset_event_from_classic
[2025-12-09T19:15:37.312+0000] {logging_mixin.py:190} INFO - [2025-12-09T19:15:37.312+0000] {override.py:1900} INFO - Created Permission View: can read on DAG Run:read_dataset_event_from_classic
[2025-12-09T19:15:37.322+0000] {logging_mixin.py:190} INFO - [2025-12-09T19:15:37.322+0000] {override.py:1900} INFO - Created Permission View: can delete on DAG Run:read_dataset_event_from_classic
[2025-12-09T19:15:37.332+0000] {logging_mixin.py:190} INFO - [2025-12-09T19:15:37.332+0000] {override.py:1900} INFO - Created Permission View: menu access on DAG Run:read_dataset_event_from_classic
[2025-12-09T19:15:37.342+0000] {logging_mixin.py:190} INFO - [2025-12-09T19:15:37.341+0000] {override.py:1900} INFO - Created Permission View: can create on DAG Run:read_dataset_event_from_classic
[2025-12-09T19:15:37.342+0000] {logging_mixin.py:190} INFO - [2025-12-09T19:15:37.342+0000] {dag.py:3229} INFO - Sync 2 DAGs
[2025-12-09T19:15:37.359+0000] {logging_mixin.py:190} INFO - [2025-12-09T19:15:37.358+0000] {dag.py:3252} INFO - Creating ORM DAG for read_dataset_event_from_classic
[2025-12-09T19:15:37.359+0000] {logging_mixin.py:190} INFO - [2025-12-09T19:15:37.359+0000] {dag.py:3252} INFO - Creating ORM DAG for read_dataset_event
[2025-12-09T19:15:37.371+0000] {logging_mixin.py:190} INFO - [2025-12-09T19:15:37.371+0000] {dag.py:4156} INFO - Setting next_dagrun for read_dataset_event to 2025-12-08 00:00:00+00:00, run_after=2025-12-09 00:00:00+00:00
[2025-12-09T19:15:37.373+0000] {logging_mixin.py:190} INFO - [2025-12-09T19:15:37.373+0000] {dag.py:4156} INFO - Setting next_dagrun for read_dataset_event_from_classic to 2025-12-08 00:00:00+00:00, run_after=2025-12-09 00:00:00+00:00
[2025-12-09T19:15:37.397+0000] {processor.py:208} INFO - Processing /home/airflow/.local/lib/python3.12/site-packages/airflow/example_dags/example_inlet_event_extra.py took 1.375 seconds
[2025-12-09T19:16:05.475+0000] {processor.py:186} INFO - Started process (PID=171) to work on /home/airflow/.local/lib/python3.12/site-packages/airflow/example_dags/example_inlet_event_extra.py
[2025-12-09T19:16:05.510+0000] {processor.py:914} INFO - Processing file /home/airflow/.local/lib/python3.12/site-packages/airflow/example_dags/example_inlet_event_extra.py for tasks to queue
[2025-12-09T19:16:05.514+0000] {logging_mixin.py:190} INFO - [2025-12-09T19:16:05.514+0000] {dagbag.py:587} INFO - Filling up the DagBag from /home/airflow/.local/lib/python3.12/site-packages/airflow/example_dags/example_inlet_event_extra.py
[2025-12-09T19:16:05.735+0000] {processor.py:925} INFO - DAG(s) 'read_dataset_event_from_classic', 'read_dataset_event' retrieved from /home/airflow/.local/lib/python3.12/site-packages/airflow/example_dags/example_inlet_event_extra.py
[2025-12-09T19:16:05.758+0000] {logging_mixin.py:190} INFO - [2025-12-09T19:16:05.758+0000] {dag.py:3229} INFO - Sync 2 DAGs
[2025-12-09T19:16:05.795+0000] {logging_mixin.py:190} INFO - [2025-12-09T19:16:05.795+0000] {dag.py:4156} INFO - Setting next_dagrun for read_dataset_event to 2025-12-08 00:00:00+00:00, run_after=2025-12-09 00:00:00+00:00
[2025-12-09T19:16:05.802+0000] {logging_mixin.py:190} INFO - [2025-12-09T19:16:05.802+0000] {dag.py:4156} INFO - Setting next_dagrun for read_dataset_event_from_classic to 2025-12-08 00:00:00+00:00, run_after=2025-12-09 00:00:00+00:00
[2025-12-09T19:16:05.853+0000] {processor.py:208} INFO - Processing /home/airflow/.local/lib/python3.12/site-packages/airflow/example_dags/example_inlet_event_extra.py took 0.388 seconds
[2025-12-09T19:16:36.655+0000] {processor.py:186} INFO - Started process (PID=230) to work on /home/airflow/.local/lib/python3.12/site-packages/airflow/example_dags/example_inlet_event_extra.py
[2025-12-09T19:16:36.686+0000] {processor.py:914} INFO - Processing file /home/airflow/.local/lib/python3.12/site-packages/airflow/example_dags/example_inlet_event_extra.py for tasks to queue
[2025-12-09T19:16:36.690+0000] {logging_mixin.py:190} INFO - [2025-12-09T19:16:36.689+0000] {dagbag.py:587} INFO - Filling up the DagBag from /home/airflow/.local/lib/python3.12/site-packages/airflow/example_dags/example_inlet_event_extra.py
[2025-12-09T19:16:36.935+0000] {processor.py:925} INFO - DAG(s) 'read_dataset_event', 'read_dataset_event_from_classic' retrieved from /home/airflow/.local/lib/python3.12/site-packages/airflow/example_dags/example_inlet_event_extra.py
[2025-12-09T19:16:36.974+0000] {logging_mixin.py:190} INFO - [2025-12-09T19:16:36.973+0000] {dag.py:3229} INFO - Sync 2 DAGs
[2025-12-09T19:16:37.016+0000] {logging_mixin.py:190} INFO - [2025-12-09T19:16:37.015+0000] {dag.py:4156} INFO - Setting next_dagrun for read_dataset_event to 2025-12-08 00:00:00+00:00, run_after=2025-12-09 00:00:00+00:00
[2025-12-09T19:16:37.021+0000] {logging_mixin.py:190} INFO - [2025-12-09T19:16:37.021+0000] {dag.py:4156} INFO - Setting next_dagrun for read_dataset_event_from_classic to 2025-12-08 00:00:00+00:00, run_after=2025-12-09 00:00:00+00:00
[2025-12-09T19:16:37.083+0000] {processor.py:208} INFO - Processing /home/airflow/.local/lib/python3.12/site-packages/airflow/example_dags/example_inlet_event_extra.py took 0.436 seconds
[2025-12-09T19:17:10.321+0000] {processor.py:186} INFO - Started process (PID=289) to work on /home/airflow/.local/lib/python3.12/site-packages/airflow/example_dags/example_inlet_event_extra.py
[2025-12-09T19:17:10.341+0000] {processor.py:914} INFO - Processing file /home/airflow/.local/lib/python3.12/site-packages/airflow/example_dags/example_inlet_event_extra.py for tasks to queue
[2025-12-09T19:17:10.345+0000] {logging_mixin.py:190} INFO - [2025-12-09T19:17:10.345+0000] {dagbag.py:587} INFO - Filling up the DagBag from /home/airflow/.local/lib/python3.12/site-packages/airflow/example_dags/example_inlet_event_extra.py
[2025-12-09T19:17:01.947+0000] {processor.py:925} INFO - DAG(s) 'read_dataset_event', 'read_dataset_event_from_classic' retrieved from /home/airflow/.local/lib/python3.12/site-packages/airflow/example_dags/example_inlet_event_extra.py
[2025-12-09T19:17:01.997+0000] {logging_mixin.py:190} INFO - [2025-12-09T19:17:01.996+0000] {dag.py:3229} INFO - Sync 2 DAGs
[2025-12-09T19:17:02.052+0000] {logging_mixin.py:190} INFO - [2025-12-09T19:17:02.052+0000] {dag.py:4156} INFO - Setting next_dagrun for read_dataset_event to 2025-12-08 00:00:00+00:00, run_after=2025-12-09 00:00:00+00:00
[2025-12-09T19:17:02.063+0000] {logging_mixin.py:190} INFO - [2025-12-09T19:17:02.063+0000] {dag.py:4156} INFO - Setting next_dagrun for read_dataset_event_from_classic to 2025-12-08 00:00:00+00:00, run_after=2025-12-09 00:00:00+00:00
[2025-12-09T19:17:02.092+0000] {processor.py:208} INFO - Processing /home/airflow/.local/lib/python3.12/site-packages/airflow/example_dags/example_inlet_event_extra.py took 0.407 seconds
[2025-12-09T19:17:29.607+0000] {processor.py:186} INFO - Started process (PID=348) to work on /home/airflow/.local/lib/python3.12/site-packages/airflow/example_dags/example_inlet_event_extra.py
[2025-12-09T19:17:29.627+0000] {processor.py:914} INFO - Processing file /home/airflow/.local/lib/python3.12/site-packages/airflow/example_dags/example_inlet_event_extra.py for tasks to queue
[2025-12-09T19:17:29.631+0000] {logging_mixin.py:190} INFO - [2025-12-09T19:17:29.631+0000] {dagbag.py:587} INFO - Filling up the DagBag from /home/airflow/.local/lib/python3.12/site-packages/airflow/example_dags/example_inlet_event_extra.py
[2025-12-09T19:17:29.827+0000] {processor.py:925} INFO - DAG(s) 'read_dataset_event_from_classic', 'read_dataset_event' retrieved from /home/airflow/.local/lib/python3.12/site-packages/airflow/example_dags/example_inlet_event_extra.py
[2025-12-09T19:17:29.858+0000] {logging_mixin.py:190} INFO - [2025-12-09T19:17:29.858+0000] {dag.py:3229} INFO - Sync 2 DAGs
[2025-12-09T19:17:29.893+0000] {logging_mixin.py:190} INFO - [2025-12-09T19:17:29.892+0000] {dag.py:4156} INFO - Setting next_dagrun for read_dataset_event to 2025-12-08 00:00:00+00:00, run_after=2025-12-09 00:00:00+00:00
[2025-12-09T19:17:29.901+0000] {logging_mixin.py:190} INFO - [2025-12-09T19:17:29.900+0000] {dag.py:4156} INFO - Setting next_dagrun for read_dataset_event_from_classic to 2025-12-08 00:00:00+00:00, run_after=2025-12-09 00:00:00+00:00
[2025-12-09T19:17:29.958+0000] {processor.py:208} INFO - Processing /home/airflow/.local/lib/python3.12/site-packages/airflow/example_dags/example_inlet_event_extra.py took 0.358 seconds
[2025-12-09T19:17:53.901+0000] {processor.py:186} INFO - Started process (PID=402) to work on /home/airflow/.local/lib/python3.12/site-packages/airflow/example_dags/example_inlet_event_extra.py
[2025-12-09T19:17:53.916+0000] {processor.py:914} INFO - Processing file /home/airflow/.local/lib/python3.12/site-packages/airflow/example_dags/example_inlet_event_extra.py for tasks to queue
[2025-12-09T19:17:53.921+0000] {logging_mixin.py:190} INFO - [2025-12-09T19:17:53.920+0000] {dagbag.py:587} INFO - Filling up the DagBag from /home/airflow/.local/lib/python3.12/site-packages/airflow/example_dags/example_inlet_event_extra.py
[2025-12-09T19:17:54.225+0000] {processor.py:925} INFO - DAG(s) 'read_dataset_event', 'read_dataset_event_from_classic' retrieved from /home/airflow/.local/lib/python3.12/site-packages/airflow/example_dags/example_inlet_event_extra.py
[2025-12-09T19:17:54.264+0000] {logging_mixin.py:190} INFO - [2025-12-09T19:17:54.263+0000] {dag.py:3229} INFO - Sync 2 DAGs
[2025-12-09T19:17:54.301+0000] {logging_mixin.py:190} INFO - [2025-12-09T19:17:54.300+0000] {dag.py:4156} INFO - Setting next_dagrun for read_dataset_event to 2025-12-08 00:00:00+00:00, run_after=2025-12-09 00:00:00+00:00
[2025-12-09T19:17:54.307+0000] {logging_mixin.py:190} INFO - [2025-12-09T19:17:54.307+0000] {dag.py:4156} INFO - Setting next_dagrun for read_dataset_event_from_classic to 2025-12-08 00:00:00+00:00, run_after=2025-12-09 00:00:00+00:00
[2025-12-09T19:17:54.360+0000] {processor.py:208} INFO - Processing /home/airflow/.local/lib/python3.12/site-packages/airflow/example_dags/example_inlet_event_extra.py took 0.472 seconds
[2025-12-09T19:18:24.248+0000] {processor.py:186} INFO - Started process (PID=461) to work on /home/airflow/.local/lib/python3.12/site-packages/airflow/example_dags/example_inlet_event_extra.py
[2025-12-09T19:18:24.282+0000] {processor.py:914} INFO - Processing file /home/airflow/.local/lib/python3.12/site-packages/airflow/example_dags/example_inlet_event_extra.py for tasks to queue
[2025-12-09T19:18:24.285+0000] {logging_mixin.py:190} INFO - [2025-12-09T19:18:24.285+0000] {dagbag.py:587} INFO - Filling up the DagBag from /home/airflow/.local/lib/python3.12/site-packages/airflow/example_dags/example_inlet_event_extra.py
[2025-12-09T19:18:24.508+0000] {processor.py:925} INFO - DAG(s) 'read_dataset_event', 'read_dataset_event_from_classic' retrieved from /home/airflow/.local/lib/python3.12/site-packages/airflow/example_dags/example_inlet_event_extra.py
[2025-12-09T19:18:24.540+0000] {logging_mixin.py:190} INFO - [2025-12-09T19:18:24.540+0000] {dag.py:3229} INFO - Sync 2 DAGs
[2025-12-09T19:18:24.585+0000] {logging_mixin.py:190} INFO - [2025-12-09T19:18:24.585+0000] {dag.py:4156} INFO - Setting next_dagrun for read_dataset_event to 2025-12-08 00:00:00+00:00, run_after=2025-12-09 00:00:00+00:00
[2025-12-09T19:18:24.593+0000] {logging_mixin.py:190} INFO - [2025-12-09T19:18:24.592+0000] {dag.py:4156} INFO - Setting next_dagrun for read_dataset_event_from_classic to 2025-12-08 00:00:00+00:00, run_after=2025-12-09 00:00:00+00:00
[2025-12-09T19:18:24.653+0000] {processor.py:208} INFO - Processing /home/airflow/.local/lib/python3.12/site-packages/airflow/example_dags/example_inlet_event_extra.py took 0.414 seconds
[2025-12-09T19:18:55.196+0000] {processor.py:186} INFO - Started process (PID=518) to work on /home/airflow/.local/lib/python3.12/site-packages/airflow/example_dags/example_inlet_event_extra.py
[2025-12-09T19:18:55.198+0000] {processor.py:914} INFO - Processing file /home/airflow/.local/lib/python3.12/site-packages/airflow/example_dags/example_inlet_event_extra.py for tasks to queue
[2025-12-09T19:18:55.203+0000] {logging_mixin.py:190} INFO - [2025-12-09T19:18:55.202+0000] {dagbag.py:587} INFO - Filling up the DagBag from /home/airflow/.local/lib/python3.12/site-packages/airflow/example_dags/example_inlet_event_extra.py
[2025-12-09T19:18:55.438+0000] {processor.py:925} INFO - DAG(s) 'read_dataset_event_from_classic', 'read_dataset_event' retrieved from /home/airflow/.local/lib/python3.12/site-packages/airflow/example_dags/example_inlet_event_extra.py
[2025-12-09T19:18:55.474+0000] {logging_mixin.py:190} INFO - [2025-12-09T19:18:55.473+0000] {dag.py:3229} INFO - Sync 2 DAGs
[2025-12-09T19:18:55.510+0000] {logging_mixin.py:190} INFO - [2025-12-09T19:18:55.509+0000] {dag.py:4156} INFO - Setting next_dagrun for read_dataset_event to 2025-12-08 00:00:00+00:00, run_after=2025-12-09 00:00:00+00:00
[2025-12-09T19:18:55.519+0000] {logging_mixin.py:190} INFO - [2025-12-09T19:18:55.518+0000] {dag.py:4156} INFO - Setting next_dagrun for read_dataset_event_from_classic to 2025-12-08 00:00:00+00:00, run_after=2025-12-09 00:00:00+00:00
[2025-12-09T19:18:55.556+0000] {processor.py:208} INFO - Processing /home/airflow/.local/lib/python3.12/site-packages/airflow/example_dags/example_inlet_event_extra.py took 0.371 seconds
[2025-12-09T19:19:26.931+0000] {processor.py:186} INFO - Started process (PID=580) to work on /home/airflow/.local/lib/python3.12/site-packages/airflow/example_dags/example_inlet_event_extra.py
[2025-12-09T19:19:26.962+0000] {processor.py:914} INFO - Processing file /home/airflow/.local/lib/python3.12/site-packages/airflow/example_dags/example_inlet_event_extra.py for tasks to queue
[2025-12-09T19:19:26.966+0000] {logging_mixin.py:190} INFO - [2025-12-09T19:19:26.965+0000] {dagbag.py:587} INFO - Filling up the DagBag from /home/airflow/.local/lib/python3.12/site-packages/airflow/example_dags/example_inlet_event_extra.py
[2025-12-09T19:19:18.561+0000] {processor.py:925} INFO - DAG(s) 'read_dataset_event', 'read_dataset_event_from_classic' retrieved from /home/airflow/.local/lib/python3.12/site-packages/airflow/example_dags/example_inlet_event_extra.py
[2025-12-09T19:19:18.593+0000] {logging_mixin.py:190} INFO - [2025-12-09T19:19:18.593+0000] {dag.py:3229} INFO - Sync 2 DAGs
[2025-12-09T19:19:18.628+0000] {logging_mixin.py:190} INFO - [2025-12-09T19:19:18.628+0000] {dag.py:4156} INFO - Setting next_dagrun for read_dataset_event to 2025-12-08 00:00:00+00:00, run_after=2025-12-09 00:00:00+00:00
[2025-12-09T19:19:18.635+0000] {logging_mixin.py:190} INFO - [2025-12-09T19:19:18.634+0000] {dag.py:4156} INFO - Setting next_dagrun for read_dataset_event_from_classic to 2025-12-08 00:00:00+00:00, run_after=2025-12-09 00:00:00+00:00
[2025-12-09T19:19:18.684+0000] {processor.py:208} INFO - Processing /home/airflow/.local/lib/python3.12/site-packages/airflow/example_dags/example_inlet_event_extra.py took 0.378 seconds
[2025-12-09T19:19:51.388+0000] {processor.py:186} INFO - Started process (PID=660) to work on /home/airflow/.local/lib/python3.12/site-packages/airflow/example_dags/example_inlet_event_extra.py
[2025-12-09T19:19:51.418+0000] {processor.py:914} INFO - Processing file /home/airflow/.local/lib/python3.12/site-packages/airflow/example_dags/example_inlet_event_extra.py for tasks to queue
[2025-12-09T19:19:51.422+0000] {logging_mixin.py:190} INFO - [2025-12-09T19:19:51.421+0000] {dagbag.py:587} INFO - Filling up the DagBag from /home/airflow/.local/lib/python3.12/site-packages/airflow/example_dags/example_inlet_event_extra.py
[2025-12-09T19:19:51.620+0000] {processor.py:925} INFO - DAG(s) 'read_dataset_event_from_classic', 'read_dataset_event' retrieved from /home/airflow/.local/lib/python3.12/site-packages/airflow/example_dags/example_inlet_event_extra.py
[2025-12-09T19:19:51.656+0000] {logging_mixin.py:190} INFO - [2025-12-09T19:19:51.656+0000] {dag.py:3229} INFO - Sync 2 DAGs
[2025-12-09T19:19:51.689+0000] {logging_mixin.py:190} INFO - [2025-12-09T19:19:51.689+0000] {dag.py:4156} INFO - Setting next_dagrun for read_dataset_event to 2025-12-08 00:00:00+00:00, run_after=2025-12-09 00:00:00+00:00
[2025-12-09T19:19:51.695+0000] {logging_mixin.py:190} INFO - [2025-12-09T19:19:51.695+0000] {dag.py:4156} INFO - Setting next_dagrun for read_dataset_event_from_classic to 2025-12-08 00:00:00+00:00, run_after=2025-12-09 00:00:00+00:00
[2025-12-09T19:19:51.752+0000] {processor.py:208} INFO - Processing /home/airflow/.local/lib/python3.12/site-packages/airflow/example_dags/example_inlet_event_extra.py took 0.373 seconds
[2025-12-09T19:20:21.009+0000] {processor.py:186} INFO - Started process (PID=722) to work on /home/airflow/.local/lib/python3.12/site-packages/airflow/example_dags/example_inlet_event_extra.py
[2025-12-09T19:20:21.033+0000] {processor.py:914} INFO - Processing file /home/airflow/.local/lib/python3.12/site-packages/airflow/example_dags/example_inlet_event_extra.py for tasks to queue
[2025-12-09T19:20:21.037+0000] {logging_mixin.py:190} INFO - [2025-12-09T19:20:21.036+0000] {dagbag.py:587} INFO - Filling up the DagBag from /home/airflow/.local/lib/python3.12/site-packages/airflow/example_dags/example_inlet_event_extra.py
[2025-12-09T19:20:21.256+0000] {processor.py:925} INFO - DAG(s) 'read_dataset_event', 'read_dataset_event_from_classic' retrieved from /home/airflow/.local/lib/python3.12/site-packages/airflow/example_dags/example_inlet_event_extra.py
[2025-12-09T19:20:21.288+0000] {logging_mixin.py:190} INFO - [2025-12-09T19:20:21.288+0000] {dag.py:3229} INFO - Sync 2 DAGs
[2025-12-09T19:20:21.323+0000] {logging_mixin.py:190} INFO - [2025-12-09T19:20:21.323+0000] {dag.py:4156} INFO - Setting next_dagrun for read_dataset_event to 2025-12-08 00:00:00+00:00, run_after=2025-12-09 00:00:00+00:00
[2025-12-09T19:20:21.329+0000] {logging_mixin.py:190} INFO - [2025-12-09T19:20:21.329+0000] {dag.py:4156} INFO - Setting next_dagrun for read_dataset_event_from_classic to 2025-12-08 00:00:00+00:00, run_after=2025-12-09 00:00:00+00:00
[2025-12-09T19:20:21.386+0000] {processor.py:208} INFO - Processing /home/airflow/.local/lib/python3.12/site-packages/airflow/example_dags/example_inlet_event_extra.py took 0.386 seconds
[2025-12-09T19:20:51.942+0000] {processor.py:186} INFO - Started process (PID=780) to work on /home/airflow/.local/lib/python3.12/site-packages/airflow/example_dags/example_inlet_event_extra.py
[2025-12-09T19:20:51.976+0000] {processor.py:914} INFO - Processing file /home/airflow/.local/lib/python3.12/site-packages/airflow/example_dags/example_inlet_event_extra.py for tasks to queue
[2025-12-09T19:20:51.980+0000] {logging_mixin.py:190} INFO - [2025-12-09T19:20:51.979+0000] {dagbag.py:587} INFO - Filling up the DagBag from /home/airflow/.local/lib/python3.12/site-packages/airflow/example_dags/example_inlet_event_extra.py
[2025-12-09T19:20:52.216+0000] {processor.py:925} INFO - DAG(s) 'read_dataset_event_from_classic', 'read_dataset_event' retrieved from /home/airflow/.local/lib/python3.12/site-packages/airflow/example_dags/example_inlet_event_extra.py
[2025-12-09T19:20:52.254+0000] {logging_mixin.py:190} INFO - [2025-12-09T19:20:52.254+0000] {dag.py:3229} INFO - Sync 2 DAGs
[2025-12-09T19:20:52.290+0000] {logging_mixin.py:190} INFO - [2025-12-09T19:20:52.289+0000] {dag.py:4156} INFO - Setting next_dagrun for read_dataset_event to 2025-12-08 00:00:00+00:00, run_after=2025-12-09 00:00:00+00:00
[2025-12-09T19:20:52.295+0000] {logging_mixin.py:190} INFO - [2025-12-09T19:20:52.295+0000] {dag.py:4156} INFO - Setting next_dagrun for read_dataset_event_from_classic to 2025-12-08 00:00:00+00:00, run_after=2025-12-09 00:00:00+00:00
[2025-12-09T19:20:52.320+0000] {processor.py:208} INFO - Processing /home/airflow/.local/lib/python3.12/site-packages/airflow/example_dags/example_inlet_event_extra.py took 0.390 seconds
[2025-12-09T19:21:22.710+0000] {processor.py:186} INFO - Started process (PID=842) to work on /home/airflow/.local/lib/python3.12/site-packages/airflow/example_dags/example_inlet_event_extra.py
[2025-12-09T19:21:22.741+0000] {processor.py:914} INFO - Processing file /home/airflow/.local/lib/python3.12/site-packages/airflow/example_dags/example_inlet_event_extra.py for tasks to queue
[2025-12-09T19:21:22.745+0000] {logging_mixin.py:190} INFO - [2025-12-09T19:21:22.744+0000] {dagbag.py:587} INFO - Filling up the DagBag from /home/airflow/.local/lib/python3.12/site-packages/airflow/example_dags/example_inlet_event_extra.py
[2025-12-09T19:21:23.004+0000] {processor.py:925} INFO - DAG(s) 'read_dataset_event', 'read_dataset_event_from_classic' retrieved from /home/airflow/.local/lib/python3.12/site-packages/airflow/example_dags/example_inlet_event_extra.py
[2025-12-09T19:21:23.046+0000] {logging_mixin.py:190} INFO - [2025-12-09T19:21:23.045+0000] {dag.py:3229} INFO - Sync 2 DAGs
[2025-12-09T19:21:23.083+0000] {logging_mixin.py:190} INFO - [2025-12-09T19:21:23.083+0000] {dag.py:4156} INFO - Setting next_dagrun for read_dataset_event to 2025-12-08 00:00:00+00:00, run_after=2025-12-09 00:00:00+00:00
[2025-12-09T19:21:23.095+0000] {logging_mixin.py:190} INFO - [2025-12-09T19:21:23.095+0000] {dag.py:4156} INFO - Setting next_dagrun for read_dataset_event_from_classic to 2025-12-08 00:00:00+00:00, run_after=2025-12-09 00:00:00+00:00
[2025-12-09T19:21:23.152+0000] {processor.py:208} INFO - Processing /home/airflow/.local/lib/python3.12/site-packages/airflow/example_dags/example_inlet_event_extra.py took 0.453 seconds
[2025-12-09T19:21:50.450+0000] {processor.py:186} INFO - Started process (PID=904) to work on /home/airflow/.local/lib/python3.12/site-packages/airflow/example_dags/example_inlet_event_extra.py
[2025-12-09T19:21:50.470+0000] {processor.py:914} INFO - Processing file /home/airflow/.local/lib/python3.12/site-packages/airflow/example_dags/example_inlet_event_extra.py for tasks to queue
[2025-12-09T19:21:50.474+0000] {logging_mixin.py:190} INFO - [2025-12-09T19:21:50.474+0000] {dagbag.py:587} INFO - Filling up the DagBag from /home/airflow/.local/lib/python3.12/site-packages/airflow/example_dags/example_inlet_event_extra.py
[2025-12-09T19:21:50.683+0000] {processor.py:925} INFO - DAG(s) 'read_dataset_event', 'read_dataset_event_from_classic' retrieved from /home/airflow/.local/lib/python3.12/site-packages/airflow/example_dags/example_inlet_event_extra.py
[2025-12-09T19:21:50.720+0000] {logging_mixin.py:190} INFO - [2025-12-09T19:21:50.719+0000] {dag.py:3229} INFO - Sync 2 DAGs
[2025-12-09T19:21:50.761+0000] {logging_mixin.py:190} INFO - [2025-12-09T19:21:50.761+0000] {dag.py:4156} INFO - Setting next_dagrun for read_dataset_event to 2025-12-08 00:00:00+00:00, run_after=2025-12-09 00:00:00+00:00
[2025-12-09T19:21:50.768+0000] {logging_mixin.py:190} INFO - [2025-12-09T19:21:50.767+0000] {dag.py:4156} INFO - Setting next_dagrun for read_dataset_event_from_classic to 2025-12-08 00:00:00+00:00, run_after=2025-12-09 00:00:00+00:00
[2025-12-09T19:21:50.824+0000] {processor.py:208} INFO - Processing /home/airflow/.local/lib/python3.12/site-packages/airflow/example_dags/example_inlet_event_extra.py took 0.383 seconds
[2025-12-09T19:22:21.430+0000] {processor.py:186} INFO - Started process (PID=964) to work on /home/airflow/.local/lib/python3.12/site-packages/airflow/example_dags/example_inlet_event_extra.py
[2025-12-09T19:22:21.464+0000] {processor.py:914} INFO - Processing file /home/airflow/.local/lib/python3.12/site-packages/airflow/example_dags/example_inlet_event_extra.py for tasks to queue
[2025-12-09T19:22:21.469+0000] {logging_mixin.py:190} INFO - [2025-12-09T19:22:21.468+0000] {dagbag.py:587} INFO - Filling up the DagBag from /home/airflow/.local/lib/python3.12/site-packages/airflow/example_dags/example_inlet_event_extra.py
[2025-12-09T19:22:21.684+0000] {processor.py:925} INFO - DAG(s) 'read_dataset_event', 'read_dataset_event_from_classic' retrieved from /home/airflow/.local/lib/python3.12/site-packages/airflow/example_dags/example_inlet_event_extra.py
[2025-12-09T19:22:21.717+0000] {logging_mixin.py:190} INFO - [2025-12-09T19:22:21.717+0000] {dag.py:3229} INFO - Sync 2 DAGs
[2025-12-09T19:22:21.758+0000] {logging_mixin.py:190} INFO - [2025-12-09T19:22:21.757+0000] {dag.py:4156} INFO - Setting next_dagrun for read_dataset_event to 2025-12-08 00:00:00+00:00, run_after=2025-12-09 00:00:00+00:00
[2025-12-09T19:22:21.765+0000] {logging_mixin.py:190} INFO - [2025-12-09T19:22:21.765+0000] {dag.py:4156} INFO - Setting next_dagrun for read_dataset_event_from_classic to 2025-12-08 00:00:00+00:00, run_after=2025-12-09 00:00:00+00:00
[2025-12-09T19:22:21.791+0000] {processor.py:208} INFO - Processing /home/airflow/.local/lib/python3.12/site-packages/airflow/example_dags/example_inlet_event_extra.py took 0.371 seconds
[2025-12-09T19:22:50.730+0000] {processor.py:186} INFO - Started process (PID=1031) to work on /home/airflow/.local/lib/python3.12/site-packages/airflow/example_dags/example_inlet_event_extra.py
[2025-12-09T19:22:50.752+0000] {processor.py:914} INFO - Processing file /home/airflow/.local/lib/python3.12/site-packages/airflow/example_dags/example_inlet_event_extra.py for tasks to queue
[2025-12-09T19:22:50.755+0000] {logging_mixin.py:190} INFO - [2025-12-09T19:22:50.755+0000] {dagbag.py:587} INFO - Filling up the DagBag from /home/airflow/.local/lib/python3.12/site-packages/airflow/example_dags/example_inlet_event_extra.py
[2025-12-09T19:22:50.979+0000] {processor.py:925} INFO - DAG(s) 'read_dataset_event_from_classic', 'read_dataset_event' retrieved from /home/airflow/.local/lib/python3.12/site-packages/airflow/example_dags/example_inlet_event_extra.py
[2025-12-09T19:22:51.015+0000] {logging_mixin.py:190} INFO - [2025-12-09T19:22:51.014+0000] {dag.py:3229} INFO - Sync 2 DAGs
[2025-12-09T19:22:51.064+0000] {logging_mixin.py:190} INFO - [2025-12-09T19:22:51.063+0000] {dag.py:4156} INFO - Setting next_dagrun for read_dataset_event to 2025-12-08 00:00:00+00:00, run_after=2025-12-09 00:00:00+00:00
[2025-12-09T19:22:51.070+0000] {logging_mixin.py:190} INFO - [2025-12-09T19:22:51.070+0000] {dag.py:4156} INFO - Setting next_dagrun for read_dataset_event_from_classic to 2025-12-08 00:00:00+00:00, run_after=2025-12-09 00:00:00+00:00
[2025-12-09T19:22:51.110+0000] {processor.py:208} INFO - Processing /home/airflow/.local/lib/python3.12/site-packages/airflow/example_dags/example_inlet_event_extra.py took 0.388 seconds
[2025-12-09T19:23:21.941+0000] {processor.py:186} INFO - Started process (PID=1095) to work on /home/airflow/.local/lib/python3.12/site-packages/airflow/example_dags/example_inlet_event_extra.py
[2025-12-09T19:23:21.959+0000] {processor.py:914} INFO - Processing file /home/airflow/.local/lib/python3.12/site-packages/airflow/example_dags/example_inlet_event_extra.py for tasks to queue
[2025-12-09T19:23:21.963+0000] {logging_mixin.py:190} INFO - [2025-12-09T19:23:21.962+0000] {dagbag.py:587} INFO - Filling up the DagBag from /home/airflow/.local/lib/python3.12/site-packages/airflow/example_dags/example_inlet_event_extra.py
[2025-12-09T19:23:22.186+0000] {processor.py:925} INFO - DAG(s) 'read_dataset_event', 'read_dataset_event_from_classic' retrieved from /home/airflow/.local/lib/python3.12/site-packages/airflow/example_dags/example_inlet_event_extra.py
[2025-12-09T19:23:22.223+0000] {logging_mixin.py:190} INFO - [2025-12-09T19:23:22.223+0000] {dag.py:3229} INFO - Sync 2 DAGs
[2025-12-09T19:23:22.265+0000] {logging_mixin.py:190} INFO - [2025-12-09T19:23:22.265+0000] {dag.py:4156} INFO - Setting next_dagrun for read_dataset_event to 2025-12-08 00:00:00+00:00, run_after=2025-12-09 00:00:00+00:00
[2025-12-09T19:23:22.276+0000] {logging_mixin.py:190} INFO - [2025-12-09T19:23:22.275+0000] {dag.py:4156} INFO - Setting next_dagrun for read_dataset_event_from_classic to 2025-12-08 00:00:00+00:00, run_after=2025-12-09 00:00:00+00:00
[2025-12-09T19:23:22.333+0000] {processor.py:208} INFO - Processing /home/airflow/.local/lib/python3.12/site-packages/airflow/example_dags/example_inlet_event_extra.py took 0.400 seconds
[2025-12-09T19:23:52.441+0000] {processor.py:186} INFO - Started process (PID=1157) to work on /home/airflow/.local/lib/python3.12/site-packages/airflow/example_dags/example_inlet_event_extra.py
[2025-12-09T19:23:52.476+0000] {processor.py:914} INFO - Processing file /home/airflow/.local/lib/python3.12/site-packages/airflow/example_dags/example_inlet_event_extra.py for tasks to queue
[2025-12-09T19:23:52.479+0000] {logging_mixin.py:190} INFO - [2025-12-09T19:23:52.479+0000] {dagbag.py:587} INFO - Filling up the DagBag from /home/airflow/.local/lib/python3.12/site-packages/airflow/example_dags/example_inlet_event_extra.py
[2025-12-09T19:23:52.702+0000] {processor.py:925} INFO - DAG(s) 'read_dataset_event', 'read_dataset_event_from_classic' retrieved from /home/airflow/.local/lib/python3.12/site-packages/airflow/example_dags/example_inlet_event_extra.py
[2025-12-09T19:23:52.736+0000] {logging_mixin.py:190} INFO - [2025-12-09T19:23:52.736+0000] {dag.py:3229} INFO - Sync 2 DAGs
[2025-12-09T19:23:52.774+0000] {logging_mixin.py:190} INFO - [2025-12-09T19:23:52.773+0000] {dag.py:4156} INFO - Setting next_dagrun for read_dataset_event to 2025-12-08 00:00:00+00:00, run_after=2025-12-09 00:00:00+00:00
[2025-12-09T19:23:52.780+0000] {logging_mixin.py:190} INFO - [2025-12-09T19:23:52.779+0000] {dag.py:4156} INFO - Setting next_dagrun for read_dataset_event_from_classic to 2025-12-08 00:00:00+00:00, run_after=2025-12-09 00:00:00+00:00
[2025-12-09T19:23:52.812+0000] {processor.py:208} INFO - Processing /home/airflow/.local/lib/python3.12/site-packages/airflow/example_dags/example_inlet_event_extra.py took 0.383 seconds
[2025-12-09T19:24:18.978+0000] {processor.py:186} INFO - Started process (PID=1223) to work on /home/airflow/.local/lib/python3.12/site-packages/airflow/example_dags/example_inlet_event_extra.py
[2025-12-09T19:24:18.980+0000] {processor.py:914} INFO - Processing file /home/airflow/.local/lib/python3.12/site-packages/airflow/example_dags/example_inlet_event_extra.py for tasks to queue
[2025-12-09T19:24:18.984+0000] {logging_mixin.py:190} INFO - [2025-12-09T19:24:18.984+0000] {dagbag.py:587} INFO - Filling up the DagBag from /home/airflow/.local/lib/python3.12/site-packages/airflow/example_dags/example_inlet_event_extra.py
[2025-12-09T19:24:19.226+0000] {processor.py:925} INFO - DAG(s) 'read_dataset_event', 'read_dataset_event_from_classic' retrieved from /home/airflow/.local/lib/python3.12/site-packages/airflow/example_dags/example_inlet_event_extra.py
[2025-12-09T19:24:19.259+0000] {logging_mixin.py:190} INFO - [2025-12-09T19:24:19.258+0000] {dag.py:3229} INFO - Sync 2 DAGs
[2025-12-09T19:24:19.290+0000] {logging_mixin.py:190} INFO - [2025-12-09T19:24:19.290+0000] {dag.py:4156} INFO - Setting next_dagrun for read_dataset_event to 2025-12-08 00:00:00+00:00, run_after=2025-12-09 00:00:00+00:00
[2025-12-09T19:24:19.297+0000] {logging_mixin.py:190} INFO - [2025-12-09T19:24:19.296+0000] {dag.py:4156} INFO - Setting next_dagrun for read_dataset_event_from_classic to 2025-12-08 00:00:00+00:00, run_after=2025-12-09 00:00:00+00:00
[2025-12-09T19:24:19.336+0000] {processor.py:208} INFO - Processing /home/airflow/.local/lib/python3.12/site-packages/airflow/example_dags/example_inlet_event_extra.py took 0.369 seconds
[2025-12-09T19:24:49.149+0000] {processor.py:186} INFO - Started process (PID=1285) to work on /home/airflow/.local/lib/python3.12/site-packages/airflow/example_dags/example_inlet_event_extra.py
[2025-12-09T19:24:49.171+0000] {processor.py:914} INFO - Processing file /home/airflow/.local/lib/python3.12/site-packages/airflow/example_dags/example_inlet_event_extra.py for tasks to queue
[2025-12-09T19:24:49.175+0000] {logging_mixin.py:190} INFO - [2025-12-09T19:24:49.174+0000] {dagbag.py:587} INFO - Filling up the DagBag from /home/airflow/.local/lib/python3.12/site-packages/airflow/example_dags/example_inlet_event_extra.py
[2025-12-09T19:24:49.386+0000] {processor.py:925} INFO - DAG(s) 'read_dataset_event_from_classic', 'read_dataset_event' retrieved from /home/airflow/.local/lib/python3.12/site-packages/airflow/example_dags/example_inlet_event_extra.py
[2025-12-09T19:24:49.417+0000] {logging_mixin.py:190} INFO - [2025-12-09T19:24:49.417+0000] {dag.py:3229} INFO - Sync 2 DAGs
[2025-12-09T19:24:49.451+0000] {logging_mixin.py:190} INFO - [2025-12-09T19:24:49.451+0000] {dag.py:4156} INFO - Setting next_dagrun for read_dataset_event to 2025-12-08 00:00:00+00:00, run_after=2025-12-09 00:00:00+00:00
[2025-12-09T19:24:49.458+0000] {logging_mixin.py:190} INFO - [2025-12-09T19:24:49.458+0000] {dag.py:4156} INFO - Setting next_dagrun for read_dataset_event_from_classic to 2025-12-08 00:00:00+00:00, run_after=2025-12-09 00:00:00+00:00
[2025-12-09T19:24:49.512+0000] {processor.py:208} INFO - Processing /home/airflow/.local/lib/python3.12/site-packages/airflow/example_dags/example_inlet_event_extra.py took 0.372 seconds
[2025-12-09T19:25:13.276+0000] {processor.py:186} INFO - Started process (PID=1345) to work on /home/airflow/.local/lib/python3.12/site-packages/airflow/example_dags/example_inlet_event_extra.py
[2025-12-09T19:25:13.307+0000] {processor.py:914} INFO - Processing file /home/airflow/.local/lib/python3.12/site-packages/airflow/example_dags/example_inlet_event_extra.py for tasks to queue
[2025-12-09T19:25:13.311+0000] {logging_mixin.py:190} INFO - [2025-12-09T19:25:13.310+0000] {dagbag.py:587} INFO - Filling up the DagBag from /home/airflow/.local/lib/python3.12/site-packages/airflow/example_dags/example_inlet_event_extra.py
[2025-12-09T19:25:13.515+0000] {processor.py:925} INFO - DAG(s) 'read_dataset_event_from_classic', 'read_dataset_event' retrieved from /home/airflow/.local/lib/python3.12/site-packages/airflow/example_dags/example_inlet_event_extra.py
[2025-12-09T19:25:13.554+0000] {logging_mixin.py:190} INFO - [2025-12-09T19:25:13.553+0000] {dag.py:3229} INFO - Sync 2 DAGs
[2025-12-09T19:25:13.589+0000] {logging_mixin.py:190} INFO - [2025-12-09T19:25:13.589+0000] {dag.py:4156} INFO - Setting next_dagrun for read_dataset_event to 2025-12-08 00:00:00+00:00, run_after=2025-12-09 00:00:00+00:00
[2025-12-09T19:25:13.595+0000] {logging_mixin.py:190} INFO - [2025-12-09T19:25:13.595+0000] {dag.py:4156} INFO - Setting next_dagrun for read_dataset_event_from_classic to 2025-12-08 00:00:00+00:00, run_after=2025-12-09 00:00:00+00:00
[2025-12-09T19:25:22.171+0000] {processor.py:208} INFO - Processing /home/airflow/.local/lib/python3.12/site-packages/airflow/example_dags/example_inlet_event_extra.py took 0.386 seconds
[2025-12-09T19:25:44.030+0000] {processor.py:186} INFO - Started process (PID=1407) to work on /home/airflow/.local/lib/python3.12/site-packages/airflow/example_dags/example_inlet_event_extra.py
[2025-12-09T19:25:44.032+0000] {processor.py:914} INFO - Processing file /home/airflow/.local/lib/python3.12/site-packages/airflow/example_dags/example_inlet_event_extra.py for tasks to queue
[2025-12-09T19:25:44.037+0000] {logging_mixin.py:190} INFO - [2025-12-09T19:25:44.036+0000] {dagbag.py:587} INFO - Filling up the DagBag from /home/airflow/.local/lib/python3.12/site-packages/airflow/example_dags/example_inlet_event_extra.py
[2025-12-09T19:25:44.299+0000] {processor.py:925} INFO - DAG(s) 'read_dataset_event', 'read_dataset_event_from_classic' retrieved from /home/airflow/.local/lib/python3.12/site-packages/airflow/example_dags/example_inlet_event_extra.py
[2025-12-09T19:25:44.348+0000] {logging_mixin.py:190} INFO - [2025-12-09T19:25:44.347+0000] {dag.py:3229} INFO - Sync 2 DAGs
[2025-12-09T19:25:44.397+0000] {logging_mixin.py:190} INFO - [2025-12-09T19:25:44.397+0000] {dag.py:4156} INFO - Setting next_dagrun for read_dataset_event to 2025-12-08 00:00:00+00:00, run_after=2025-12-09 00:00:00+00:00
[2025-12-09T19:25:44.407+0000] {logging_mixin.py:190} INFO - [2025-12-09T19:25:44.407+0000] {dag.py:4156} INFO - Setting next_dagrun for read_dataset_event_from_classic to 2025-12-08 00:00:00+00:00, run_after=2025-12-09 00:00:00+00:00
[2025-12-09T19:25:44.476+0000] {processor.py:208} INFO - Processing /home/airflow/.local/lib/python3.12/site-packages/airflow/example_dags/example_inlet_event_extra.py took 0.458 seconds
[2025-12-09T19:26:07.792+0000] {processor.py:186} INFO - Started process (PID=1466) to work on /home/airflow/.local/lib/python3.12/site-packages/airflow/example_dags/example_inlet_event_extra.py
[2025-12-09T19:26:07.811+0000] {processor.py:914} INFO - Processing file /home/airflow/.local/lib/python3.12/site-packages/airflow/example_dags/example_inlet_event_extra.py for tasks to queue
[2025-12-09T19:26:07.814+0000] {logging_mixin.py:190} INFO - [2025-12-09T19:26:07.814+0000] {dagbag.py:587} INFO - Filling up the DagBag from /home/airflow/.local/lib/python3.12/site-packages/airflow/example_dags/example_inlet_event_extra.py
[2025-12-09T19:26:08.049+0000] {processor.py:925} INFO - DAG(s) 'read_dataset_event', 'read_dataset_event_from_classic' retrieved from /home/airflow/.local/lib/python3.12/site-packages/airflow/example_dags/example_inlet_event_extra.py
[2025-12-09T19:26:08.084+0000] {logging_mixin.py:190} INFO - [2025-12-09T19:26:08.084+0000] {dag.py:3229} INFO - Sync 2 DAGs
[2025-12-09T19:26:08.119+0000] {logging_mixin.py:190} INFO - [2025-12-09T19:26:08.119+0000] {dag.py:4156} INFO - Setting next_dagrun for read_dataset_event to 2025-12-08 00:00:00+00:00, run_after=2025-12-09 00:00:00+00:00
[2025-12-09T19:26:08.126+0000] {logging_mixin.py:190} INFO - [2025-12-09T19:26:08.126+0000] {dag.py:4156} INFO - Setting next_dagrun for read_dataset_event_from_classic to 2025-12-08 00:00:00+00:00, run_after=2025-12-09 00:00:00+00:00
[2025-12-09T19:26:08.185+0000] {processor.py:208} INFO - Processing /home/airflow/.local/lib/python3.12/site-packages/airflow/example_dags/example_inlet_event_extra.py took 0.403 seconds
