[2025-12-09T19:15:32.860+0000] {processor.py:186} INFO - Started process (PID=84) to work on /home/airflow/.local/lib/python3.12/site-packages/airflow/example_dags/example_xcom.py
[2025-12-09T19:15:32.861+0000] {processor.py:914} INFO - Processing file /home/airflow/.local/lib/python3.12/site-packages/airflow/example_dags/example_xcom.py for tasks to queue
[2025-12-09T19:15:32.864+0000] {logging_mixin.py:190} INFO - [2025-12-09T19:15:32.864+0000] {dagbag.py:587} INFO - Filling up the DagBag from /home/airflow/.local/lib/python3.12/site-packages/airflow/example_dags/example_xcom.py
[2025-12-09T19:15:32.883+0000] {processor.py:925} INFO - DAG(s) 'example_xcom' retrieved from /home/airflow/.local/lib/python3.12/site-packages/airflow/example_dags/example_xcom.py
[2025-12-09T19:15:33.078+0000] {logging_mixin.py:190} INFO - [2025-12-09T19:15:33.076+0000] {override.py:1900} INFO - Created Permission View: can read on DAG:example_xcom
[2025-12-09T19:15:33.093+0000] {logging_mixin.py:190} INFO - [2025-12-09T19:15:33.093+0000] {override.py:1900} INFO - Created Permission View: can delete on DAG:example_xcom
[2025-12-09T19:15:33.103+0000] {logging_mixin.py:190} INFO - [2025-12-09T19:15:33.102+0000] {override.py:1900} INFO - Created Permission View: can edit on DAG:example_xcom
[2025-12-09T19:15:33.114+0000] {logging_mixin.py:190} INFO - [2025-12-09T19:15:33.114+0000] {override.py:1900} INFO - Created Permission View: can read on DAG Run:example_xcom
[2025-12-09T19:15:33.124+0000] {logging_mixin.py:190} INFO - [2025-12-09T19:15:33.123+0000] {override.py:1900} INFO - Created Permission View: can delete on DAG Run:example_xcom
[2025-12-09T19:15:33.134+0000] {logging_mixin.py:190} INFO - [2025-12-09T19:15:33.133+0000] {override.py:1900} INFO - Created Permission View: menu access on DAG Run:example_xcom
[2025-12-09T19:15:33.143+0000] {logging_mixin.py:190} INFO - [2025-12-09T19:15:33.143+0000] {override.py:1900} INFO - Created Permission View: can create on DAG Run:example_xcom
[2025-12-09T19:15:33.144+0000] {logging_mixin.py:190} INFO - [2025-12-09T19:15:33.143+0000] {dag.py:3229} INFO - Sync 1 DAGs
[2025-12-09T19:15:33.162+0000] {logging_mixin.py:190} INFO - [2025-12-09T19:15:33.161+0000] {dag.py:3252} INFO - Creating ORM DAG for example_xcom
[2025-12-09T19:15:33.175+0000] {logging_mixin.py:190} INFO - [2025-12-09T19:15:33.174+0000] {dag.py:4156} INFO - Setting next_dagrun for example_xcom to 2021-01-01 00:00:00+00:00, run_after=2021-01-01 00:00:00+00:00
[2025-12-09T19:15:33.202+0000] {processor.py:208} INFO - Processing /home/airflow/.local/lib/python3.12/site-packages/airflow/example_dags/example_xcom.py took 0.351 seconds
[2025-12-09T19:16:11.822+0000] {processor.py:186} INFO - Started process (PID=152) to work on /home/airflow/.local/lib/python3.12/site-packages/airflow/example_dags/example_xcom.py
[2025-12-09T19:16:03.206+0000] {processor.py:914} INFO - Processing file /home/airflow/.local/lib/python3.12/site-packages/airflow/example_dags/example_xcom.py for tasks to queue
[2025-12-09T19:16:03.211+0000] {logging_mixin.py:190} INFO - [2025-12-09T19:16:03.210+0000] {dagbag.py:587} INFO - Filling up the DagBag from /home/airflow/.local/lib/python3.12/site-packages/airflow/example_dags/example_xcom.py
[2025-12-09T19:16:03.226+0000] {processor.py:925} INFO - DAG(s) 'example_xcom' retrieved from /home/airflow/.local/lib/python3.12/site-packages/airflow/example_dags/example_xcom.py
[2025-12-09T19:16:03.263+0000] {logging_mixin.py:190} INFO - [2025-12-09T19:16:03.263+0000] {dag.py:3229} INFO - Sync 1 DAGs
[2025-12-09T19:16:03.301+0000] {logging_mixin.py:190} INFO - [2025-12-09T19:16:03.300+0000] {dag.py:4156} INFO - Setting next_dagrun for example_xcom to 2021-01-01 00:00:00+00:00, run_after=2021-01-01 00:00:00+00:00
[2025-12-09T19:16:03.329+0000] {processor.py:208} INFO - Processing /home/airflow/.local/lib/python3.12/site-packages/airflow/example_dags/example_xcom.py took 0.144 seconds
[2025-12-09T19:16:34.193+0000] {processor.py:186} INFO - Started process (PID=211) to work on /home/airflow/.local/lib/python3.12/site-packages/airflow/example_dags/example_xcom.py
[2025-12-09T19:16:34.225+0000] {processor.py:914} INFO - Processing file /home/airflow/.local/lib/python3.12/site-packages/airflow/example_dags/example_xcom.py for tasks to queue
[2025-12-09T19:16:34.231+0000] {logging_mixin.py:190} INFO - [2025-12-09T19:16:34.230+0000] {dagbag.py:587} INFO - Filling up the DagBag from /home/airflow/.local/lib/python3.12/site-packages/airflow/example_dags/example_xcom.py
[2025-12-09T19:16:34.254+0000] {processor.py:925} INFO - DAG(s) 'example_xcom' retrieved from /home/airflow/.local/lib/python3.12/site-packages/airflow/example_dags/example_xcom.py
[2025-12-09T19:16:34.306+0000] {logging_mixin.py:190} INFO - [2025-12-09T19:16:34.305+0000] {dag.py:3229} INFO - Sync 1 DAGs
[2025-12-09T19:16:34.354+0000] {logging_mixin.py:190} INFO - [2025-12-09T19:16:34.353+0000] {dag.py:4156} INFO - Setting next_dagrun for example_xcom to 2021-01-01 00:00:00+00:00, run_after=2021-01-01 00:00:00+00:00
[2025-12-09T19:16:34.416+0000] {processor.py:208} INFO - Processing /home/airflow/.local/lib/python3.12/site-packages/airflow/example_dags/example_xcom.py took 0.240 seconds
[2025-12-09T19:17:06.821+0000] {processor.py:186} INFO - Started process (PID=273) to work on /home/airflow/.local/lib/python3.12/site-packages/airflow/example_dags/example_xcom.py
[2025-12-09T19:17:06.823+0000] {processor.py:914} INFO - Processing file /home/airflow/.local/lib/python3.12/site-packages/airflow/example_dags/example_xcom.py for tasks to queue
[2025-12-09T19:17:06.827+0000] {logging_mixin.py:190} INFO - [2025-12-09T19:17:06.827+0000] {dagbag.py:587} INFO - Filling up the DagBag from /home/airflow/.local/lib/python3.12/site-packages/airflow/example_dags/example_xcom.py
[2025-12-09T19:17:06.842+0000] {processor.py:925} INFO - DAG(s) 'example_xcom' retrieved from /home/airflow/.local/lib/python3.12/site-packages/airflow/example_dags/example_xcom.py
[2025-12-09T19:17:06.879+0000] {logging_mixin.py:190} INFO - [2025-12-09T19:17:06.878+0000] {dag.py:3229} INFO - Sync 1 DAGs
[2025-12-09T19:17:06.914+0000] {logging_mixin.py:190} INFO - [2025-12-09T19:17:06.913+0000] {dag.py:4156} INFO - Setting next_dagrun for example_xcom to 2021-01-01 00:00:00+00:00, run_after=2021-01-01 00:00:00+00:00
[2025-12-09T19:16:58.299+0000] {processor.py:208} INFO - Processing /home/airflow/.local/lib/python3.12/site-packages/airflow/example_dags/example_xcom.py took 0.133 seconds
[2025-12-09T19:17:36.467+0000] {processor.py:186} INFO - Started process (PID=333) to work on /home/airflow/.local/lib/python3.12/site-packages/airflow/example_dags/example_xcom.py
[2025-12-09T19:17:36.480+0000] {processor.py:914} INFO - Processing file /home/airflow/.local/lib/python3.12/site-packages/airflow/example_dags/example_xcom.py for tasks to queue
[2025-12-09T19:17:36.483+0000] {logging_mixin.py:190} INFO - [2025-12-09T19:17:36.483+0000] {dagbag.py:587} INFO - Filling up the DagBag from /home/airflow/.local/lib/python3.12/site-packages/airflow/example_dags/example_xcom.py
[2025-12-09T19:17:36.496+0000] {processor.py:925} INFO - DAG(s) 'example_xcom' retrieved from /home/airflow/.local/lib/python3.12/site-packages/airflow/example_dags/example_xcom.py
[2025-12-09T19:17:36.530+0000] {logging_mixin.py:190} INFO - [2025-12-09T19:17:36.529+0000] {dag.py:3229} INFO - Sync 1 DAGs
[2025-12-09T19:17:36.563+0000] {logging_mixin.py:190} INFO - [2025-12-09T19:17:36.563+0000] {dag.py:4156} INFO - Setting next_dagrun for example_xcom to 2021-01-01 00:00:00+00:00, run_after=2021-01-01 00:00:00+00:00
[2025-12-09T19:17:36.617+0000] {processor.py:208} INFO - Processing /home/airflow/.local/lib/python3.12/site-packages/airflow/example_dags/example_xcom.py took 0.159 seconds
[2025-12-09T19:18:03.837+0000] {processor.py:186} INFO - Started process (PID=422) to work on /home/airflow/.local/lib/python3.12/site-packages/airflow/example_dags/example_xcom.py
[2025-12-09T19:18:03.840+0000] {processor.py:914} INFO - Processing file /home/airflow/.local/lib/python3.12/site-packages/airflow/example_dags/example_xcom.py for tasks to queue
[2025-12-09T19:18:03.844+0000] {logging_mixin.py:190} INFO - [2025-12-09T19:18:03.843+0000] {dagbag.py:587} INFO - Filling up the DagBag from /home/airflow/.local/lib/python3.12/site-packages/airflow/example_dags/example_xcom.py
[2025-12-09T19:18:03.860+0000] {processor.py:925} INFO - DAG(s) 'example_xcom' retrieved from /home/airflow/.local/lib/python3.12/site-packages/airflow/example_dags/example_xcom.py
[2025-12-09T19:18:03.897+0000] {logging_mixin.py:190} INFO - [2025-12-09T19:18:03.896+0000] {dag.py:3229} INFO - Sync 1 DAGs
[2025-12-09T19:18:03.934+0000] {logging_mixin.py:190} INFO - [2025-12-09T19:18:03.933+0000] {dag.py:4156} INFO - Setting next_dagrun for example_xcom to 2021-01-01 00:00:00+00:00, run_after=2021-01-01 00:00:00+00:00
[2025-12-09T19:18:03.969+0000] {processor.py:208} INFO - Processing /home/airflow/.local/lib/python3.12/site-packages/airflow/example_dags/example_xcom.py took 0.144 seconds
[2025-12-09T19:18:34.018+0000] {processor.py:186} INFO - Started process (PID=483) to work on /home/airflow/.local/lib/python3.12/site-packages/airflow/example_dags/example_xcom.py
[2025-12-09T19:18:34.052+0000] {processor.py:914} INFO - Processing file /home/airflow/.local/lib/python3.12/site-packages/airflow/example_dags/example_xcom.py for tasks to queue
[2025-12-09T19:18:34.056+0000] {logging_mixin.py:190} INFO - [2025-12-09T19:18:34.055+0000] {dagbag.py:587} INFO - Filling up the DagBag from /home/airflow/.local/lib/python3.12/site-packages/airflow/example_dags/example_xcom.py
[2025-12-09T19:18:34.070+0000] {processor.py:925} INFO - DAG(s) 'example_xcom' retrieved from /home/airflow/.local/lib/python3.12/site-packages/airflow/example_dags/example_xcom.py
[2025-12-09T19:18:34.107+0000] {logging_mixin.py:190} INFO - [2025-12-09T19:18:34.106+0000] {dag.py:3229} INFO - Sync 1 DAGs
[2025-12-09T19:18:34.142+0000] {logging_mixin.py:190} INFO - [2025-12-09T19:18:34.141+0000] {dag.py:4156} INFO - Setting next_dagrun for example_xcom to 2021-01-01 00:00:00+00:00, run_after=2021-01-01 00:00:00+00:00
[2025-12-09T19:18:34.170+0000] {processor.py:208} INFO - Processing /home/airflow/.local/lib/python3.12/site-packages/airflow/example_dags/example_xcom.py took 0.165 seconds
[2025-12-09T19:18:58.699+0000] {processor.py:186} INFO - Started process (PID=539) to work on /home/airflow/.local/lib/python3.12/site-packages/airflow/example_dags/example_xcom.py
[2025-12-09T19:18:58.707+0000] {processor.py:914} INFO - Processing file /home/airflow/.local/lib/python3.12/site-packages/airflow/example_dags/example_xcom.py for tasks to queue
[2025-12-09T19:18:58.711+0000] {logging_mixin.py:190} INFO - [2025-12-09T19:18:58.710+0000] {dagbag.py:587} INFO - Filling up the DagBag from /home/airflow/.local/lib/python3.12/site-packages/airflow/example_dags/example_xcom.py
[2025-12-09T19:18:58.725+0000] {processor.py:925} INFO - DAG(s) 'example_xcom' retrieved from /home/airflow/.local/lib/python3.12/site-packages/airflow/example_dags/example_xcom.py
[2025-12-09T19:18:58.757+0000] {logging_mixin.py:190} INFO - [2025-12-09T19:18:58.757+0000] {dag.py:3229} INFO - Sync 1 DAGs
[2025-12-09T19:18:58.793+0000] {logging_mixin.py:190} INFO - [2025-12-09T19:18:58.793+0000] {dag.py:4156} INFO - Setting next_dagrun for example_xcom to 2021-01-01 00:00:00+00:00, run_after=2021-01-01 00:00:00+00:00
[2025-12-09T19:18:58.853+0000] {processor.py:208} INFO - Processing /home/airflow/.local/lib/python3.12/site-packages/airflow/example_dags/example_xcom.py took 0.165 seconds
[2025-12-09T19:19:23.784+0000] {processor.py:186} INFO - Started process (PID=592) to work on /home/airflow/.local/lib/python3.12/site-packages/airflow/example_dags/example_xcom.py
[2025-12-09T19:19:23.818+0000] {processor.py:914} INFO - Processing file /home/airflow/.local/lib/python3.12/site-packages/airflow/example_dags/example_xcom.py for tasks to queue
[2025-12-09T19:19:23.821+0000] {logging_mixin.py:190} INFO - [2025-12-09T19:19:23.821+0000] {dagbag.py:587} INFO - Filling up the DagBag from /home/airflow/.local/lib/python3.12/site-packages/airflow/example_dags/example_xcom.py
[2025-12-09T19:19:23.836+0000] {processor.py:925} INFO - DAG(s) 'example_xcom' retrieved from /home/airflow/.local/lib/python3.12/site-packages/airflow/example_dags/example_xcom.py
[2025-12-09T19:19:23.873+0000] {logging_mixin.py:190} INFO - [2025-12-09T19:19:23.872+0000] {dag.py:3229} INFO - Sync 1 DAGs
[2025-12-09T19:19:23.906+0000] {logging_mixin.py:190} INFO - [2025-12-09T19:19:23.906+0000] {dag.py:4156} INFO - Setting next_dagrun for example_xcom to 2021-01-01 00:00:00+00:00, run_after=2021-01-01 00:00:00+00:00
[2025-12-09T19:19:23.966+0000] {processor.py:208} INFO - Processing /home/airflow/.local/lib/python3.12/site-packages/airflow/example_dags/example_xcom.py took 0.191 seconds
[2025-12-09T19:19:48.769+0000] {processor.py:186} INFO - Started process (PID=641) to work on /home/airflow/.local/lib/python3.12/site-packages/airflow/example_dags/example_xcom.py
[2025-12-09T19:19:48.803+0000] {processor.py:914} INFO - Processing file /home/airflow/.local/lib/python3.12/site-packages/airflow/example_dags/example_xcom.py for tasks to queue
[2025-12-09T19:19:48.808+0000] {logging_mixin.py:190} INFO - [2025-12-09T19:19:48.808+0000] {dagbag.py:587} INFO - Filling up the DagBag from /home/airflow/.local/lib/python3.12/site-packages/airflow/example_dags/example_xcom.py
[2025-12-09T19:19:48.821+0000] {processor.py:925} INFO - DAG(s) 'example_xcom' retrieved from /home/airflow/.local/lib/python3.12/site-packages/airflow/example_dags/example_xcom.py
[2025-12-09T19:19:48.856+0000] {logging_mixin.py:190} INFO - [2025-12-09T19:19:48.855+0000] {dag.py:3229} INFO - Sync 1 DAGs
[2025-12-09T19:19:48.887+0000] {logging_mixin.py:190} INFO - [2025-12-09T19:19:48.887+0000] {dag.py:4156} INFO - Setting next_dagrun for example_xcom to 2021-01-01 00:00:00+00:00, run_after=2021-01-01 00:00:00+00:00
[2025-12-09T19:19:48.945+0000] {processor.py:208} INFO - Processing /home/airflow/.local/lib/python3.12/site-packages/airflow/example_dags/example_xcom.py took 0.186 seconds
[2025-12-09T19:20:26.971+0000] {processor.py:186} INFO - Started process (PID=703) to work on /home/airflow/.local/lib/python3.12/site-packages/airflow/example_dags/example_xcom.py
[2025-12-09T19:20:26.973+0000] {processor.py:914} INFO - Processing file /home/airflow/.local/lib/python3.12/site-packages/airflow/example_dags/example_xcom.py for tasks to queue
[2025-12-09T19:20:26.977+0000] {logging_mixin.py:190} INFO - [2025-12-09T19:20:26.977+0000] {dagbag.py:587} INFO - Filling up the DagBag from /home/airflow/.local/lib/python3.12/site-packages/airflow/example_dags/example_xcom.py
[2025-12-09T19:20:26.993+0000] {processor.py:925} INFO - DAG(s) 'example_xcom' retrieved from /home/airflow/.local/lib/python3.12/site-packages/airflow/example_dags/example_xcom.py
[2025-12-09T19:20:27.031+0000] {logging_mixin.py:190} INFO - [2025-12-09T19:20:27.031+0000] {dag.py:3229} INFO - Sync 1 DAGs
[2025-12-09T19:20:27.066+0000] {logging_mixin.py:190} INFO - [2025-12-09T19:20:27.066+0000] {dag.py:4156} INFO - Setting next_dagrun for example_xcom to 2021-01-01 00:00:00+00:00, run_after=2021-01-01 00:00:00+00:00
[2025-12-09T19:20:27.099+0000] {processor.py:208} INFO - Processing /home/airflow/.local/lib/python3.12/site-packages/airflow/example_dags/example_xcom.py took 0.138 seconds
[2025-12-09T19:20:57.730+0000] {processor.py:186} INFO - Started process (PID=792) to work on /home/airflow/.local/lib/python3.12/site-packages/airflow/example_dags/example_xcom.py
[2025-12-09T19:20:57.764+0000] {processor.py:914} INFO - Processing file /home/airflow/.local/lib/python3.12/site-packages/airflow/example_dags/example_xcom.py for tasks to queue
[2025-12-09T19:20:57.771+0000] {logging_mixin.py:190} INFO - [2025-12-09T19:20:57.770+0000] {dagbag.py:587} INFO - Filling up the DagBag from /home/airflow/.local/lib/python3.12/site-packages/airflow/example_dags/example_xcom.py
[2025-12-09T19:20:57.785+0000] {processor.py:925} INFO - DAG(s) 'example_xcom' retrieved from /home/airflow/.local/lib/python3.12/site-packages/airflow/example_dags/example_xcom.py
[2025-12-09T19:20:57.825+0000] {logging_mixin.py:190} INFO - [2025-12-09T19:20:57.824+0000] {dag.py:3229} INFO - Sync 1 DAGs
[2025-12-09T19:20:57.860+0000] {logging_mixin.py:190} INFO - [2025-12-09T19:20:57.860+0000] {dag.py:4156} INFO - Setting next_dagrun for example_xcom to 2021-01-01 00:00:00+00:00, run_after=2021-01-01 00:00:00+00:00
[2025-12-09T19:20:57.925+0000] {processor.py:208} INFO - Processing /home/airflow/.local/lib/python3.12/site-packages/airflow/example_dags/example_xcom.py took 0.206 seconds
[2025-12-09T19:21:28.845+0000] {processor.py:186} INFO - Started process (PID=854) to work on /home/airflow/.local/lib/python3.12/site-packages/airflow/example_dags/example_xcom.py
[2025-12-09T19:21:28.879+0000] {processor.py:914} INFO - Processing file /home/airflow/.local/lib/python3.12/site-packages/airflow/example_dags/example_xcom.py for tasks to queue
[2025-12-09T19:21:28.882+0000] {logging_mixin.py:190} INFO - [2025-12-09T19:21:28.882+0000] {dagbag.py:587} INFO - Filling up the DagBag from /home/airflow/.local/lib/python3.12/site-packages/airflow/example_dags/example_xcom.py
[2025-12-09T19:21:28.895+0000] {processor.py:925} INFO - DAG(s) 'example_xcom' retrieved from /home/airflow/.local/lib/python3.12/site-packages/airflow/example_dags/example_xcom.py
[2025-12-09T19:21:28.927+0000] {logging_mixin.py:190} INFO - [2025-12-09T19:21:28.927+0000] {dag.py:3229} INFO - Sync 1 DAGs
[2025-12-09T19:21:28.956+0000] {logging_mixin.py:190} INFO - [2025-12-09T19:21:28.956+0000] {dag.py:4156} INFO - Setting next_dagrun for example_xcom to 2021-01-01 00:00:00+00:00, run_after=2021-01-01 00:00:00+00:00
[2025-12-09T19:21:29.013+0000] {processor.py:208} INFO - Processing /home/airflow/.local/lib/python3.12/site-packages/airflow/example_dags/example_xcom.py took 0.176 seconds
[2025-12-09T19:21:54.066+0000] {processor.py:186} INFO - Started process (PID=919) to work on /home/airflow/.local/lib/python3.12/site-packages/airflow/example_dags/example_xcom.py
[2025-12-09T19:21:54.100+0000] {processor.py:914} INFO - Processing file /home/airflow/.local/lib/python3.12/site-packages/airflow/example_dags/example_xcom.py for tasks to queue
[2025-12-09T19:21:54.104+0000] {logging_mixin.py:190} INFO - [2025-12-09T19:21:54.103+0000] {dagbag.py:587} INFO - Filling up the DagBag from /home/airflow/.local/lib/python3.12/site-packages/airflow/example_dags/example_xcom.py
[2025-12-09T19:21:54.128+0000] {processor.py:925} INFO - DAG(s) 'example_xcom' retrieved from /home/airflow/.local/lib/python3.12/site-packages/airflow/example_dags/example_xcom.py
[2025-12-09T19:21:54.174+0000] {logging_mixin.py:190} INFO - [2025-12-09T19:21:54.174+0000] {dag.py:3229} INFO - Sync 1 DAGs
[2025-12-09T19:21:54.211+0000] {logging_mixin.py:190} INFO - [2025-12-09T19:21:54.211+0000] {dag.py:4156} INFO - Setting next_dagrun for example_xcom to 2021-01-01 00:00:00+00:00, run_after=2021-01-01 00:00:00+00:00
[2025-12-09T19:21:54.270+0000] {processor.py:208} INFO - Processing /home/airflow/.local/lib/python3.12/site-packages/airflow/example_dags/example_xcom.py took 0.215 seconds
[2025-12-09T19:22:24.955+0000] {processor.py:186} INFO - Started process (PID=979) to work on /home/airflow/.local/lib/python3.12/site-packages/airflow/example_dags/example_xcom.py
[2025-12-09T19:22:24.989+0000] {processor.py:914} INFO - Processing file /home/airflow/.local/lib/python3.12/site-packages/airflow/example_dags/example_xcom.py for tasks to queue
[2025-12-09T19:22:24.993+0000] {logging_mixin.py:190} INFO - [2025-12-09T19:22:24.992+0000] {dagbag.py:587} INFO - Filling up the DagBag from /home/airflow/.local/lib/python3.12/site-packages/airflow/example_dags/example_xcom.py
[2025-12-09T19:22:25.007+0000] {processor.py:925} INFO - DAG(s) 'example_xcom' retrieved from /home/airflow/.local/lib/python3.12/site-packages/airflow/example_dags/example_xcom.py
[2025-12-09T19:22:25.046+0000] {logging_mixin.py:190} INFO - [2025-12-09T19:22:25.046+0000] {dag.py:3229} INFO - Sync 1 DAGs
[2025-12-09T19:22:25.089+0000] {logging_mixin.py:190} INFO - [2025-12-09T19:22:25.089+0000] {dag.py:4156} INFO - Setting next_dagrun for example_xcom to 2021-01-01 00:00:00+00:00, run_after=2021-01-01 00:00:00+00:00
[2025-12-09T19:22:25.152+0000] {processor.py:208} INFO - Processing /home/airflow/.local/lib/python3.12/site-packages/airflow/example_dags/example_xcom.py took 0.206 seconds
[2025-12-09T19:22:57.402+0000] {processor.py:186} INFO - Started process (PID=1016) to work on /home/airflow/.local/lib/python3.12/site-packages/airflow/example_dags/example_xcom.py
[2025-12-09T19:22:48.800+0000] {processor.py:914} INFO - Processing file /home/airflow/.local/lib/python3.12/site-packages/airflow/example_dags/example_xcom.py for tasks to queue
[2025-12-09T19:22:48.803+0000] {logging_mixin.py:190} INFO - [2025-12-09T19:22:48.803+0000] {dagbag.py:587} INFO - Filling up the DagBag from /home/airflow/.local/lib/python3.12/site-packages/airflow/example_dags/example_xcom.py
[2025-12-09T19:22:48.817+0000] {processor.py:925} INFO - DAG(s) 'example_xcom' retrieved from /home/airflow/.local/lib/python3.12/site-packages/airflow/example_dags/example_xcom.py
[2025-12-09T19:22:48.858+0000] {logging_mixin.py:190} INFO - [2025-12-09T19:22:48.857+0000] {dag.py:3229} INFO - Sync 1 DAGs
[2025-12-09T19:22:48.895+0000] {logging_mixin.py:190} INFO - [2025-12-09T19:22:48.895+0000] {dag.py:4156} INFO - Setting next_dagrun for example_xcom to 2021-01-01 00:00:00+00:00, run_after=2021-01-01 00:00:00+00:00
[2025-12-09T19:22:48.922+0000] {processor.py:208} INFO - Processing /home/airflow/.local/lib/python3.12/site-packages/airflow/example_dags/example_xcom.py took 0.162 seconds
[2025-12-09T19:23:19.695+0000] {processor.py:186} INFO - Started process (PID=1080) to work on /home/airflow/.local/lib/python3.12/site-packages/airflow/example_dags/example_xcom.py
[2025-12-09T19:23:19.726+0000] {processor.py:914} INFO - Processing file /home/airflow/.local/lib/python3.12/site-packages/airflow/example_dags/example_xcom.py for tasks to queue
[2025-12-09T19:23:19.732+0000] {logging_mixin.py:190} INFO - [2025-12-09T19:23:19.731+0000] {dagbag.py:587} INFO - Filling up the DagBag from /home/airflow/.local/lib/python3.12/site-packages/airflow/example_dags/example_xcom.py
[2025-12-09T19:23:19.750+0000] {processor.py:925} INFO - DAG(s) 'example_xcom' retrieved from /home/airflow/.local/lib/python3.12/site-packages/airflow/example_dags/example_xcom.py
[2025-12-09T19:23:19.791+0000] {logging_mixin.py:190} INFO - [2025-12-09T19:23:19.790+0000] {dag.py:3229} INFO - Sync 1 DAGs
[2025-12-09T19:23:19.836+0000] {logging_mixin.py:190} INFO - [2025-12-09T19:23:19.836+0000] {dag.py:4156} INFO - Setting next_dagrun for example_xcom to 2021-01-01 00:00:00+00:00, run_after=2021-01-01 00:00:00+00:00
[2025-12-09T19:23:19.883+0000] {processor.py:208} INFO - Processing /home/airflow/.local/lib/python3.12/site-packages/airflow/example_dags/example_xcom.py took 0.200 seconds
[2025-12-09T19:23:50.297+0000] {processor.py:186} INFO - Started process (PID=1142) to work on /home/airflow/.local/lib/python3.12/site-packages/airflow/example_dags/example_xcom.py
[2025-12-09T19:23:50.330+0000] {processor.py:914} INFO - Processing file /home/airflow/.local/lib/python3.12/site-packages/airflow/example_dags/example_xcom.py for tasks to queue
[2025-12-09T19:23:50.335+0000] {logging_mixin.py:190} INFO - [2025-12-09T19:23:50.334+0000] {dagbag.py:587} INFO - Filling up the DagBag from /home/airflow/.local/lib/python3.12/site-packages/airflow/example_dags/example_xcom.py
[2025-12-09T19:23:50.353+0000] {processor.py:925} INFO - DAG(s) 'example_xcom' retrieved from /home/airflow/.local/lib/python3.12/site-packages/airflow/example_dags/example_xcom.py
[2025-12-09T19:23:50.393+0000] {logging_mixin.py:190} INFO - [2025-12-09T19:23:50.392+0000] {dag.py:3229} INFO - Sync 1 DAGs
[2025-12-09T19:23:50.430+0000] {logging_mixin.py:190} INFO - [2025-12-09T19:23:50.430+0000] {dag.py:4156} INFO - Setting next_dagrun for example_xcom to 2021-01-01 00:00:00+00:00, run_after=2021-01-01 00:00:00+00:00
[2025-12-09T19:23:50.489+0000] {processor.py:208} INFO - Processing /home/airflow/.local/lib/python3.12/site-packages/airflow/example_dags/example_xcom.py took 0.204 seconds
[2025-12-09T19:24:13.914+0000] {processor.py:186} INFO - Started process (PID=1203) to work on /home/airflow/.local/lib/python3.12/site-packages/airflow/example_dags/example_xcom.py
[2025-12-09T19:24:13.933+0000] {processor.py:914} INFO - Processing file /home/airflow/.local/lib/python3.12/site-packages/airflow/example_dags/example_xcom.py for tasks to queue
[2025-12-09T19:24:13.937+0000] {logging_mixin.py:190} INFO - [2025-12-09T19:24:13.936+0000] {dagbag.py:587} INFO - Filling up the DagBag from /home/airflow/.local/lib/python3.12/site-packages/airflow/example_dags/example_xcom.py
[2025-12-09T19:24:13.951+0000] {processor.py:925} INFO - DAG(s) 'example_xcom' retrieved from /home/airflow/.local/lib/python3.12/site-packages/airflow/example_dags/example_xcom.py
[2025-12-09T19:24:13.992+0000] {logging_mixin.py:190} INFO - [2025-12-09T19:24:13.991+0000] {dag.py:3229} INFO - Sync 1 DAGs
[2025-12-09T19:24:14.023+0000] {logging_mixin.py:190} INFO - [2025-12-09T19:24:14.023+0000] {dag.py:4156} INFO - Setting next_dagrun for example_xcom to 2021-01-01 00:00:00+00:00, run_after=2021-01-01 00:00:00+00:00
[2025-12-09T19:24:14.052+0000] {processor.py:208} INFO - Processing /home/airflow/.local/lib/python3.12/site-packages/airflow/example_dags/example_xcom.py took 0.148 seconds
[2025-12-09T19:24:47.360+0000] {processor.py:186} INFO - Started process (PID=1259) to work on /home/airflow/.local/lib/python3.12/site-packages/airflow/example_dags/example_xcom.py
[2025-12-09T19:24:47.362+0000] {processor.py:914} INFO - Processing file /home/airflow/.local/lib/python3.12/site-packages/airflow/example_dags/example_xcom.py for tasks to queue
[2025-12-09T19:24:47.366+0000] {logging_mixin.py:190} INFO - [2025-12-09T19:24:47.365+0000] {dagbag.py:587} INFO - Filling up the DagBag from /home/airflow/.local/lib/python3.12/site-packages/airflow/example_dags/example_xcom.py
[2025-12-09T19:24:47.382+0000] {processor.py:925} INFO - DAG(s) 'example_xcom' retrieved from /home/airflow/.local/lib/python3.12/site-packages/airflow/example_dags/example_xcom.py
[2025-12-09T19:24:47.417+0000] {logging_mixin.py:190} INFO - [2025-12-09T19:24:47.416+0000] {dag.py:3229} INFO - Sync 1 DAGs
[2025-12-09T19:24:47.449+0000] {logging_mixin.py:190} INFO - [2025-12-09T19:24:47.448+0000] {dag.py:4156} INFO - Setting next_dagrun for example_xcom to 2021-01-01 00:00:00+00:00, run_after=2021-01-01 00:00:00+00:00
[2025-12-09T19:24:47.508+0000] {processor.py:208} INFO - Processing /home/airflow/.local/lib/python3.12/site-packages/airflow/example_dags/example_xcom.py took 0.158 seconds
[2025-12-09T19:25:21.491+0000] {processor.py:186} INFO - Started process (PID=1342) to work on /home/airflow/.local/lib/python3.12/site-packages/airflow/example_dags/example_xcom.py
[2025-12-09T19:25:21.493+0000] {processor.py:914} INFO - Processing file /home/airflow/.local/lib/python3.12/site-packages/airflow/example_dags/example_xcom.py for tasks to queue
[2025-12-09T19:25:21.497+0000] {logging_mixin.py:190} INFO - [2025-12-09T19:25:21.496+0000] {dagbag.py:587} INFO - Filling up the DagBag from /home/airflow/.local/lib/python3.12/site-packages/airflow/example_dags/example_xcom.py
[2025-12-09T19:25:21.510+0000] {processor.py:925} INFO - DAG(s) 'example_xcom' retrieved from /home/airflow/.local/lib/python3.12/site-packages/airflow/example_dags/example_xcom.py
[2025-12-09T19:25:21.544+0000] {logging_mixin.py:190} INFO - [2025-12-09T19:25:21.543+0000] {dag.py:3229} INFO - Sync 1 DAGs
[2025-12-09T19:25:21.575+0000] {logging_mixin.py:190} INFO - [2025-12-09T19:25:21.575+0000] {dag.py:4156} INFO - Setting next_dagrun for example_xcom to 2021-01-01 00:00:00+00:00, run_after=2021-01-01 00:00:00+00:00
[2025-12-09T19:25:21.634+0000] {processor.py:208} INFO - Processing /home/airflow/.local/lib/python3.12/site-packages/airflow/example_dags/example_xcom.py took 0.152 seconds
[2025-12-09T19:25:43.871+0000] {processor.py:186} INFO - Started process (PID=1402) to work on /home/airflow/.local/lib/python3.12/site-packages/airflow/example_dags/example_xcom.py
[2025-12-09T19:25:43.906+0000] {processor.py:914} INFO - Processing file /home/airflow/.local/lib/python3.12/site-packages/airflow/example_dags/example_xcom.py for tasks to queue
[2025-12-09T19:25:43.911+0000] {logging_mixin.py:190} INFO - [2025-12-09T19:25:43.910+0000] {dagbag.py:587} INFO - Filling up the DagBag from /home/airflow/.local/lib/python3.12/site-packages/airflow/example_dags/example_xcom.py
[2025-12-09T19:25:43.932+0000] {processor.py:925} INFO - DAG(s) 'example_xcom' retrieved from /home/airflow/.local/lib/python3.12/site-packages/airflow/example_dags/example_xcom.py
[2025-12-09T19:25:43.979+0000] {logging_mixin.py:190} INFO - [2025-12-09T19:25:43.978+0000] {dag.py:3229} INFO - Sync 1 DAGs
[2025-12-09T19:25:44.019+0000] {logging_mixin.py:190} INFO - [2025-12-09T19:25:44.018+0000] {dag.py:4156} INFO - Setting next_dagrun for example_xcom to 2021-01-01 00:00:00+00:00, run_after=2021-01-01 00:00:00+00:00
[2025-12-09T19:25:44.077+0000] {processor.py:208} INFO - Processing /home/airflow/.local/lib/python3.12/site-packages/airflow/example_dags/example_xcom.py took 0.220 seconds
[2025-12-09T19:26:15.945+0000] {processor.py:186} INFO - Started process (PID=1462) to work on /home/airflow/.local/lib/python3.12/site-packages/airflow/example_dags/example_xcom.py
[2025-12-09T19:26:15.976+0000] {processor.py:914} INFO - Processing file /home/airflow/.local/lib/python3.12/site-packages/airflow/example_dags/example_xcom.py for tasks to queue
[2025-12-09T19:26:15.981+0000] {logging_mixin.py:190} INFO - [2025-12-09T19:26:15.980+0000] {dagbag.py:587} INFO - Filling up the DagBag from /home/airflow/.local/lib/python3.12/site-packages/airflow/example_dags/example_xcom.py
[2025-12-09T19:26:15.997+0000] {processor.py:925} INFO - DAG(s) 'example_xcom' retrieved from /home/airflow/.local/lib/python3.12/site-packages/airflow/example_dags/example_xcom.py
[2025-12-09T19:26:16.040+0000] {logging_mixin.py:190} INFO - [2025-12-09T19:26:16.039+0000] {dag.py:3229} INFO - Sync 1 DAGs
[2025-12-09T19:26:16.078+0000] {logging_mixin.py:190} INFO - [2025-12-09T19:26:16.078+0000] {dag.py:4156} INFO - Setting next_dagrun for example_xcom to 2021-01-01 00:00:00+00:00, run_after=2021-01-01 00:00:00+00:00
[2025-12-09T19:26:16.125+0000] {processor.py:208} INFO - Processing /home/airflow/.local/lib/python3.12/site-packages/airflow/example_dags/example_xcom.py took 0.193 seconds
