[2025-12-09T19:15:40.373+0000] {processor.py:186} INFO - Started process (PID=130) to work on /home/airflow/.local/lib/python3.12/site-packages/airflow/example_dags/example_params_ui_tutorial.py
[2025-12-09T19:15:40.374+0000] {processor.py:914} INFO - Processing file /home/airflow/.local/lib/python3.12/site-packages/airflow/example_dags/example_params_ui_tutorial.py for tasks to queue
[2025-12-09T19:15:40.378+0000] {logging_mixin.py:190} INFO - [2025-12-09T19:15:40.378+0000] {dagbag.py:587} INFO - Filling up the DagBag from /home/airflow/.local/lib/python3.12/site-packages/airflow/example_dags/example_params_ui_tutorial.py
[2025-12-09T19:15:40.398+0000] {processor.py:925} INFO - DAG(s) 'example_params_ui_tutorial' retrieved from /home/airflow/.local/lib/python3.12/site-packages/airflow/example_dags/example_params_ui_tutorial.py
[2025-12-09T19:15:40.597+0000] {logging_mixin.py:190} INFO - [2025-12-09T19:15:40.596+0000] {override.py:1900} INFO - Created Permission View: can read on DAG:example_params_ui_tutorial
[2025-12-09T19:15:40.612+0000] {logging_mixin.py:190} INFO - [2025-12-09T19:15:40.612+0000] {override.py:1900} INFO - Created Permission View: can delete on DAG:example_params_ui_tutorial
[2025-12-09T19:15:40.621+0000] {logging_mixin.py:190} INFO - [2025-12-09T19:15:40.621+0000] {override.py:1900} INFO - Created Permission View: can edit on DAG:example_params_ui_tutorial
[2025-12-09T19:15:40.633+0000] {logging_mixin.py:190} INFO - [2025-12-09T19:15:40.632+0000] {override.py:1900} INFO - Created Permission View: can read on DAG Run:example_params_ui_tutorial
[2025-12-09T19:15:40.642+0000] {logging_mixin.py:190} INFO - [2025-12-09T19:15:40.642+0000] {override.py:1900} INFO - Created Permission View: can delete on DAG Run:example_params_ui_tutorial
[2025-12-09T19:15:40.652+0000] {logging_mixin.py:190} INFO - [2025-12-09T19:15:40.651+0000] {override.py:1900} INFO - Created Permission View: menu access on DAG Run:example_params_ui_tutorial
[2025-12-09T19:15:40.661+0000] {logging_mixin.py:190} INFO - [2025-12-09T19:15:40.661+0000] {override.py:1900} INFO - Created Permission View: can create on DAG Run:example_params_ui_tutorial
[2025-12-09T19:15:40.662+0000] {logging_mixin.py:190} INFO - [2025-12-09T19:15:40.661+0000] {dag.py:3229} INFO - Sync 1 DAGs
[2025-12-09T19:15:40.678+0000] {logging_mixin.py:190} INFO - [2025-12-09T19:15:40.677+0000] {dag.py:3252} INFO - Creating ORM DAG for example_params_ui_tutorial
[2025-12-09T19:15:40.679+0000] {logging_mixin.py:190} INFO - [2025-12-09T19:15:40.678+0000] {dag.py:4156} INFO - Setting next_dagrun for example_params_ui_tutorial to None, run_after=None
[2025-12-09T19:15:40.702+0000] {processor.py:208} INFO - Processing /home/airflow/.local/lib/python3.12/site-packages/airflow/example_dags/example_params_ui_tutorial.py took 0.339 seconds
[2025-12-09T19:16:08.055+0000] {processor.py:186} INFO - Started process (PID=188) to work on /home/airflow/.local/lib/python3.12/site-packages/airflow/example_dags/example_params_ui_tutorial.py
[2025-12-09T19:16:08.056+0000] {processor.py:914} INFO - Processing file /home/airflow/.local/lib/python3.12/site-packages/airflow/example_dags/example_params_ui_tutorial.py for tasks to queue
[2025-12-09T19:16:08.059+0000] {logging_mixin.py:190} INFO - [2025-12-09T19:16:08.059+0000] {dagbag.py:587} INFO - Filling up the DagBag from /home/airflow/.local/lib/python3.12/site-packages/airflow/example_dags/example_params_ui_tutorial.py
[2025-12-09T19:16:08.072+0000] {processor.py:925} INFO - DAG(s) 'example_params_ui_tutorial' retrieved from /home/airflow/.local/lib/python3.12/site-packages/airflow/example_dags/example_params_ui_tutorial.py
[2025-12-09T19:16:08.094+0000] {logging_mixin.py:190} INFO - [2025-12-09T19:16:08.093+0000] {dag.py:3229} INFO - Sync 1 DAGs
[2025-12-09T19:16:08.115+0000] {logging_mixin.py:190} INFO - [2025-12-09T19:16:08.115+0000] {dag.py:4156} INFO - Setting next_dagrun for example_params_ui_tutorial to None, run_after=None
[2025-12-09T19:16:08.143+0000] {processor.py:208} INFO - Processing /home/airflow/.local/lib/python3.12/site-packages/airflow/example_dags/example_params_ui_tutorial.py took 0.099 seconds
[2025-12-09T19:16:38.832+0000] {processor.py:186} INFO - Started process (PID=247) to work on /home/airflow/.local/lib/python3.12/site-packages/airflow/example_dags/example_params_ui_tutorial.py
[2025-12-09T19:16:38.834+0000] {processor.py:914} INFO - Processing file /home/airflow/.local/lib/python3.12/site-packages/airflow/example_dags/example_params_ui_tutorial.py for tasks to queue
[2025-12-09T19:16:38.838+0000] {logging_mixin.py:190} INFO - [2025-12-09T19:16:38.837+0000] {dagbag.py:587} INFO - Filling up the DagBag from /home/airflow/.local/lib/python3.12/site-packages/airflow/example_dags/example_params_ui_tutorial.py
[2025-12-09T19:16:38.852+0000] {processor.py:925} INFO - DAG(s) 'example_params_ui_tutorial' retrieved from /home/airflow/.local/lib/python3.12/site-packages/airflow/example_dags/example_params_ui_tutorial.py
[2025-12-09T19:16:38.917+0000] {logging_mixin.py:190} INFO - [2025-12-09T19:16:38.916+0000] {dag.py:3229} INFO - Sync 1 DAGs
[2025-12-09T19:16:38.935+0000] {logging_mixin.py:190} INFO - [2025-12-09T19:16:38.935+0000] {dag.py:4156} INFO - Setting next_dagrun for example_params_ui_tutorial to None, run_after=None
[2025-12-09T19:16:38.965+0000] {processor.py:208} INFO - Processing /home/airflow/.local/lib/python3.12/site-packages/airflow/example_dags/example_params_ui_tutorial.py took 0.142 seconds
[2025-12-09T19:17:03.629+0000] {processor.py:186} INFO - Started process (PID=303) to work on /home/airflow/.local/lib/python3.12/site-packages/airflow/example_dags/example_params_ui_tutorial.py
[2025-12-09T19:17:03.663+0000] {processor.py:914} INFO - Processing file /home/airflow/.local/lib/python3.12/site-packages/airflow/example_dags/example_params_ui_tutorial.py for tasks to queue
[2025-12-09T19:17:03.666+0000] {logging_mixin.py:190} INFO - [2025-12-09T19:17:03.666+0000] {dagbag.py:587} INFO - Filling up the DagBag from /home/airflow/.local/lib/python3.12/site-packages/airflow/example_dags/example_params_ui_tutorial.py
[2025-12-09T19:17:03.680+0000] {processor.py:925} INFO - DAG(s) 'example_params_ui_tutorial' retrieved from /home/airflow/.local/lib/python3.12/site-packages/airflow/example_dags/example_params_ui_tutorial.py
[2025-12-09T19:17:03.758+0000] {logging_mixin.py:190} INFO - [2025-12-09T19:17:03.757+0000] {dag.py:3229} INFO - Sync 1 DAGs
[2025-12-09T19:17:03.780+0000] {logging_mixin.py:190} INFO - [2025-12-09T19:17:03.779+0000] {dag.py:4156} INFO - Setting next_dagrun for example_params_ui_tutorial to None, run_after=None
[2025-12-09T19:17:03.809+0000] {processor.py:208} INFO - Processing /home/airflow/.local/lib/python3.12/site-packages/airflow/example_dags/example_params_ui_tutorial.py took 0.188 seconds
[2025-12-09T19:17:31.352+0000] {processor.py:186} INFO - Started process (PID=359) to work on /home/airflow/.local/lib/python3.12/site-packages/airflow/example_dags/example_params_ui_tutorial.py
[2025-12-09T19:17:31.368+0000] {processor.py:914} INFO - Processing file /home/airflow/.local/lib/python3.12/site-packages/airflow/example_dags/example_params_ui_tutorial.py for tasks to queue
[2025-12-09T19:17:31.372+0000] {logging_mixin.py:190} INFO - [2025-12-09T19:17:31.372+0000] {dagbag.py:587} INFO - Filling up the DagBag from /home/airflow/.local/lib/python3.12/site-packages/airflow/example_dags/example_params_ui_tutorial.py
[2025-12-09T19:17:31.391+0000] {processor.py:925} INFO - DAG(s) 'example_params_ui_tutorial' retrieved from /home/airflow/.local/lib/python3.12/site-packages/airflow/example_dags/example_params_ui_tutorial.py
[2025-12-09T19:17:31.465+0000] {logging_mixin.py:190} INFO - [2025-12-09T19:17:31.464+0000] {dag.py:3229} INFO - Sync 1 DAGs
[2025-12-09T19:17:31.485+0000] {logging_mixin.py:190} INFO - [2025-12-09T19:17:31.484+0000] {dag.py:4156} INFO - Setting next_dagrun for example_params_ui_tutorial to None, run_after=None
[2025-12-09T19:17:31.510+0000] {processor.py:208} INFO - Processing /home/airflow/.local/lib/python3.12/site-packages/airflow/example_dags/example_params_ui_tutorial.py took 0.167 seconds
[2025-12-09T19:18:04.997+0000] {processor.py:186} INFO - Started process (PID=413) to work on /home/airflow/.local/lib/python3.12/site-packages/airflow/example_dags/example_params_ui_tutorial.py
[2025-12-09T19:18:04.999+0000] {processor.py:914} INFO - Processing file /home/airflow/.local/lib/python3.12/site-packages/airflow/example_dags/example_params_ui_tutorial.py for tasks to queue
[2025-12-09T19:18:05.005+0000] {logging_mixin.py:190} INFO - [2025-12-09T19:18:05.004+0000] {dagbag.py:587} INFO - Filling up the DagBag from /home/airflow/.local/lib/python3.12/site-packages/airflow/example_dags/example_params_ui_tutorial.py
[2025-12-09T19:18:05.023+0000] {processor.py:925} INFO - DAG(s) 'example_params_ui_tutorial' retrieved from /home/airflow/.local/lib/python3.12/site-packages/airflow/example_dags/example_params_ui_tutorial.py
[2025-12-09T19:17:56.475+0000] {logging_mixin.py:190} INFO - [2025-12-09T19:17:56.475+0000] {dag.py:3229} INFO - Sync 1 DAGs
[2025-12-09T19:17:56.506+0000] {logging_mixin.py:190} INFO - [2025-12-09T19:17:56.505+0000] {dag.py:4156} INFO - Setting next_dagrun for example_params_ui_tutorial to None, run_after=None
[2025-12-09T19:17:56.542+0000] {processor.py:208} INFO - Processing /home/airflow/.local/lib/python3.12/site-packages/airflow/example_dags/example_params_ui_tutorial.py took 0.175 seconds
[2025-12-09T19:18:26.144+0000] {processor.py:186} INFO - Started process (PID=472) to work on /home/airflow/.local/lib/python3.12/site-packages/airflow/example_dags/example_params_ui_tutorial.py
[2025-12-09T19:18:26.161+0000] {processor.py:914} INFO - Processing file /home/airflow/.local/lib/python3.12/site-packages/airflow/example_dags/example_params_ui_tutorial.py for tasks to queue
[2025-12-09T19:18:26.166+0000] {logging_mixin.py:190} INFO - [2025-12-09T19:18:26.165+0000] {dagbag.py:587} INFO - Filling up the DagBag from /home/airflow/.local/lib/python3.12/site-packages/airflow/example_dags/example_params_ui_tutorial.py
[2025-12-09T19:18:26.184+0000] {processor.py:925} INFO - DAG(s) 'example_params_ui_tutorial' retrieved from /home/airflow/.local/lib/python3.12/site-packages/airflow/example_dags/example_params_ui_tutorial.py
[2025-12-09T19:18:26.250+0000] {logging_mixin.py:190} INFO - [2025-12-09T19:18:26.249+0000] {dag.py:3229} INFO - Sync 1 DAGs
[2025-12-09T19:18:26.275+0000] {logging_mixin.py:190} INFO - [2025-12-09T19:18:26.274+0000] {dag.py:4156} INFO - Setting next_dagrun for example_params_ui_tutorial to None, run_after=None
[2025-12-09T19:18:26.311+0000] {processor.py:208} INFO - Processing /home/airflow/.local/lib/python3.12/site-packages/airflow/example_dags/example_params_ui_tutorial.py took 0.177 seconds
[2025-12-09T19:18:56.858+0000] {processor.py:186} INFO - Started process (PID=529) to work on /home/airflow/.local/lib/python3.12/site-packages/airflow/example_dags/example_params_ui_tutorial.py
[2025-12-09T19:18:56.871+0000] {processor.py:914} INFO - Processing file /home/airflow/.local/lib/python3.12/site-packages/airflow/example_dags/example_params_ui_tutorial.py for tasks to queue
[2025-12-09T19:18:56.875+0000] {logging_mixin.py:190} INFO - [2025-12-09T19:18:56.874+0000] {dagbag.py:587} INFO - Filling up the DagBag from /home/airflow/.local/lib/python3.12/site-packages/airflow/example_dags/example_params_ui_tutorial.py
[2025-12-09T19:18:56.890+0000] {processor.py:925} INFO - DAG(s) 'example_params_ui_tutorial' retrieved from /home/airflow/.local/lib/python3.12/site-packages/airflow/example_dags/example_params_ui_tutorial.py
[2025-12-09T19:18:56.957+0000] {logging_mixin.py:190} INFO - [2025-12-09T19:18:56.957+0000] {dag.py:3229} INFO - Sync 1 DAGs
[2025-12-09T19:18:56.980+0000] {logging_mixin.py:190} INFO - [2025-12-09T19:18:56.980+0000] {dag.py:4156} INFO - Setting next_dagrun for example_params_ui_tutorial to None, run_after=None
[2025-12-09T19:18:57.016+0000] {processor.py:208} INFO - Processing /home/airflow/.local/lib/python3.12/site-packages/airflow/example_dags/example_params_ui_tutorial.py took 0.170 seconds
[2025-12-09T19:19:27.723+0000] {processor.py:186} INFO - Started process (PID=617) to work on /home/airflow/.local/lib/python3.12/site-packages/airflow/example_dags/example_params_ui_tutorial.py
[2025-12-09T19:19:27.740+0000] {processor.py:914} INFO - Processing file /home/airflow/.local/lib/python3.12/site-packages/airflow/example_dags/example_params_ui_tutorial.py for tasks to queue
[2025-12-09T19:19:27.744+0000] {logging_mixin.py:190} INFO - [2025-12-09T19:19:27.744+0000] {dagbag.py:587} INFO - Filling up the DagBag from /home/airflow/.local/lib/python3.12/site-packages/airflow/example_dags/example_params_ui_tutorial.py
[2025-12-09T19:19:27.757+0000] {processor.py:925} INFO - DAG(s) 'example_params_ui_tutorial' retrieved from /home/airflow/.local/lib/python3.12/site-packages/airflow/example_dags/example_params_ui_tutorial.py
[2025-12-09T19:19:27.819+0000] {logging_mixin.py:190} INFO - [2025-12-09T19:19:27.819+0000] {dag.py:3229} INFO - Sync 1 DAGs
[2025-12-09T19:19:27.845+0000] {logging_mixin.py:190} INFO - [2025-12-09T19:19:27.844+0000] {dag.py:4156} INFO - Setting next_dagrun for example_params_ui_tutorial to None, run_after=None
[2025-12-09T19:19:27.881+0000] {processor.py:208} INFO - Processing /home/airflow/.local/lib/python3.12/site-packages/airflow/example_dags/example_params_ui_tutorial.py took 0.168 seconds
[2025-12-09T19:19:58.601+0000] {processor.py:186} INFO - Started process (PID=677) to work on /home/airflow/.local/lib/python3.12/site-packages/airflow/example_dags/example_params_ui_tutorial.py
[2025-12-09T19:19:58.603+0000] {processor.py:914} INFO - Processing file /home/airflow/.local/lib/python3.12/site-packages/airflow/example_dags/example_params_ui_tutorial.py for tasks to queue
[2025-12-09T19:19:58.607+0000] {logging_mixin.py:190} INFO - [2025-12-09T19:19:58.607+0000] {dagbag.py:587} INFO - Filling up the DagBag from /home/airflow/.local/lib/python3.12/site-packages/airflow/example_dags/example_params_ui_tutorial.py
[2025-12-09T19:19:58.623+0000] {processor.py:925} INFO - DAG(s) 'example_params_ui_tutorial' retrieved from /home/airflow/.local/lib/python3.12/site-packages/airflow/example_dags/example_params_ui_tutorial.py
[2025-12-09T19:19:58.693+0000] {logging_mixin.py:190} INFO - [2025-12-09T19:19:58.693+0000] {dag.py:3229} INFO - Sync 1 DAGs
[2025-12-09T19:19:58.718+0000] {logging_mixin.py:190} INFO - [2025-12-09T19:19:58.717+0000] {dag.py:4156} INFO - Setting next_dagrun for example_params_ui_tutorial to None, run_after=None
[2025-12-09T19:20:06.686+0000] {processor.py:208} INFO - Processing /home/airflow/.local/lib/python3.12/site-packages/airflow/example_dags/example_params_ui_tutorial.py took 0.187 seconds
[2025-12-09T19:20:29.715+0000] {processor.py:186} INFO - Started process (PID=746) to work on /home/airflow/.local/lib/python3.12/site-packages/airflow/example_dags/example_params_ui_tutorial.py
[2025-12-09T19:20:29.749+0000] {processor.py:914} INFO - Processing file /home/airflow/.local/lib/python3.12/site-packages/airflow/example_dags/example_params_ui_tutorial.py for tasks to queue
[2025-12-09T19:20:29.753+0000] {logging_mixin.py:190} INFO - [2025-12-09T19:20:29.752+0000] {dagbag.py:587} INFO - Filling up the DagBag from /home/airflow/.local/lib/python3.12/site-packages/airflow/example_dags/example_params_ui_tutorial.py
[2025-12-09T19:20:29.768+0000] {processor.py:925} INFO - DAG(s) 'example_params_ui_tutorial' retrieved from /home/airflow/.local/lib/python3.12/site-packages/airflow/example_dags/example_params_ui_tutorial.py
[2025-12-09T19:20:29.834+0000] {logging_mixin.py:190} INFO - [2025-12-09T19:20:29.834+0000] {dag.py:3229} INFO - Sync 1 DAGs
[2025-12-09T19:20:29.857+0000] {logging_mixin.py:190} INFO - [2025-12-09T19:20:29.857+0000] {dag.py:4156} INFO - Setting next_dagrun for example_params_ui_tutorial to None, run_after=None
[2025-12-09T19:20:29.888+0000] {processor.py:208} INFO - Processing /home/airflow/.local/lib/python3.12/site-packages/airflow/example_dags/example_params_ui_tutorial.py took 0.184 seconds
[2025-12-09T19:21:00.606+0000] {processor.py:186} INFO - Started process (PID=808) to work on /home/airflow/.local/lib/python3.12/site-packages/airflow/example_dags/example_params_ui_tutorial.py
[2025-12-09T19:21:00.612+0000] {processor.py:914} INFO - Processing file /home/airflow/.local/lib/python3.12/site-packages/airflow/example_dags/example_params_ui_tutorial.py for tasks to queue
[2025-12-09T19:21:00.616+0000] {logging_mixin.py:190} INFO - [2025-12-09T19:21:00.616+0000] {dagbag.py:587} INFO - Filling up the DagBag from /home/airflow/.local/lib/python3.12/site-packages/airflow/example_dags/example_params_ui_tutorial.py
[2025-12-09T19:21:00.633+0000] {processor.py:925} INFO - DAG(s) 'example_params_ui_tutorial' retrieved from /home/airflow/.local/lib/python3.12/site-packages/airflow/example_dags/example_params_ui_tutorial.py
[2025-12-09T19:21:00.694+0000] {logging_mixin.py:190} INFO - [2025-12-09T19:21:00.693+0000] {dag.py:3229} INFO - Sync 1 DAGs
[2025-12-09T19:21:00.714+0000] {logging_mixin.py:190} INFO - [2025-12-09T19:21:00.714+0000] {dag.py:4156} INFO - Setting next_dagrun for example_params_ui_tutorial to None, run_after=None
[2025-12-09T19:21:00.777+0000] {processor.py:208} INFO - Processing /home/airflow/.local/lib/python3.12/site-packages/airflow/example_dags/example_params_ui_tutorial.py took 0.182 seconds
[2025-12-09T19:21:31.100+0000] {processor.py:186} INFO - Started process (PID=867) to work on /home/airflow/.local/lib/python3.12/site-packages/airflow/example_dags/example_params_ui_tutorial.py
[2025-12-09T19:21:31.104+0000] {processor.py:914} INFO - Processing file /home/airflow/.local/lib/python3.12/site-packages/airflow/example_dags/example_params_ui_tutorial.py for tasks to queue
[2025-12-09T19:21:31.109+0000] {logging_mixin.py:190} INFO - [2025-12-09T19:21:31.108+0000] {dagbag.py:587} INFO - Filling up the DagBag from /home/airflow/.local/lib/python3.12/site-packages/airflow/example_dags/example_params_ui_tutorial.py
[2025-12-09T19:21:31.124+0000] {processor.py:925} INFO - DAG(s) 'example_params_ui_tutorial' retrieved from /home/airflow/.local/lib/python3.12/site-packages/airflow/example_dags/example_params_ui_tutorial.py
[2025-12-09T19:21:31.195+0000] {logging_mixin.py:190} INFO - [2025-12-09T19:21:31.195+0000] {dag.py:3229} INFO - Sync 1 DAGs
[2025-12-09T19:21:31.218+0000] {logging_mixin.py:190} INFO - [2025-12-09T19:21:31.218+0000] {dag.py:4156} INFO - Setting next_dagrun for example_params_ui_tutorial to None, run_after=None
[2025-12-09T19:21:31.274+0000] {processor.py:208} INFO - Processing /home/airflow/.local/lib/python3.12/site-packages/airflow/example_dags/example_params_ui_tutorial.py took 0.184 seconds
[2025-12-09T19:21:51.788+0000] {processor.py:186} INFO - Started process (PID=912) to work on /home/airflow/.local/lib/python3.12/site-packages/airflow/example_dags/example_params_ui_tutorial.py
[2025-12-09T19:21:51.805+0000] {processor.py:914} INFO - Processing file /home/airflow/.local/lib/python3.12/site-packages/airflow/example_dags/example_params_ui_tutorial.py for tasks to queue
[2025-12-09T19:21:51.808+0000] {logging_mixin.py:190} INFO - [2025-12-09T19:21:51.808+0000] {dagbag.py:587} INFO - Filling up the DagBag from /home/airflow/.local/lib/python3.12/site-packages/airflow/example_dags/example_params_ui_tutorial.py
[2025-12-09T19:21:51.821+0000] {processor.py:925} INFO - DAG(s) 'example_params_ui_tutorial' retrieved from /home/airflow/.local/lib/python3.12/site-packages/airflow/example_dags/example_params_ui_tutorial.py
[2025-12-09T19:21:51.879+0000] {logging_mixin.py:190} INFO - [2025-12-09T19:21:51.878+0000] {dag.py:3229} INFO - Sync 1 DAGs
[2025-12-09T19:21:51.901+0000] {logging_mixin.py:190} INFO - [2025-12-09T19:21:51.901+0000] {dag.py:4156} INFO - Setting next_dagrun for example_params_ui_tutorial to None, run_after=None
[2025-12-09T19:21:51.962+0000] {processor.py:208} INFO - Processing /home/airflow/.local/lib/python3.12/site-packages/airflow/example_dags/example_params_ui_tutorial.py took 0.184 seconds
[2025-12-09T19:22:22.812+0000] {processor.py:186} INFO - Started process (PID=972) to work on /home/airflow/.local/lib/python3.12/site-packages/airflow/example_dags/example_params_ui_tutorial.py
[2025-12-09T19:22:22.846+0000] {processor.py:914} INFO - Processing file /home/airflow/.local/lib/python3.12/site-packages/airflow/example_dags/example_params_ui_tutorial.py for tasks to queue
[2025-12-09T19:22:22.850+0000] {logging_mixin.py:190} INFO - [2025-12-09T19:22:22.850+0000] {dagbag.py:587} INFO - Filling up the DagBag from /home/airflow/.local/lib/python3.12/site-packages/airflow/example_dags/example_params_ui_tutorial.py
[2025-12-09T19:22:22.864+0000] {processor.py:925} INFO - DAG(s) 'example_params_ui_tutorial' retrieved from /home/airflow/.local/lib/python3.12/site-packages/airflow/example_dags/example_params_ui_tutorial.py
[2025-12-09T19:22:22.923+0000] {logging_mixin.py:190} INFO - [2025-12-09T19:22:22.922+0000] {dag.py:3229} INFO - Sync 1 DAGs
[2025-12-09T19:22:22.944+0000] {logging_mixin.py:190} INFO - [2025-12-09T19:22:22.943+0000] {dag.py:4156} INFO - Setting next_dagrun for example_params_ui_tutorial to None, run_after=None
[2025-12-09T19:22:23.012+0000] {processor.py:208} INFO - Processing /home/airflow/.local/lib/python3.12/site-packages/airflow/example_dags/example_params_ui_tutorial.py took 0.210 seconds
[2025-12-09T19:23:02.294+0000] {processor.py:186} INFO - Started process (PID=1057) to work on /home/airflow/.local/lib/python3.12/site-packages/airflow/example_dags/example_params_ui_tutorial.py
[2025-12-09T19:23:02.323+0000] {processor.py:914} INFO - Processing file /home/airflow/.local/lib/python3.12/site-packages/airflow/example_dags/example_params_ui_tutorial.py for tasks to queue
[2025-12-09T19:23:02.327+0000] {logging_mixin.py:190} INFO - [2025-12-09T19:23:02.327+0000] {dagbag.py:587} INFO - Filling up the DagBag from /home/airflow/.local/lib/python3.12/site-packages/airflow/example_dags/example_params_ui_tutorial.py
[2025-12-09T19:23:02.341+0000] {processor.py:925} INFO - DAG(s) 'example_params_ui_tutorial' retrieved from /home/airflow/.local/lib/python3.12/site-packages/airflow/example_dags/example_params_ui_tutorial.py
[2025-12-09T19:23:02.401+0000] {logging_mixin.py:190} INFO - [2025-12-09T19:23:02.400+0000] {dag.py:3229} INFO - Sync 1 DAGs
[2025-12-09T19:22:53.797+0000] {logging_mixin.py:190} INFO - [2025-12-09T19:22:53.796+0000] {dag.py:4156} INFO - Setting next_dagrun for example_params_ui_tutorial to None, run_after=None
[2025-12-09T19:22:53.826+0000] {processor.py:208} INFO - Processing /home/airflow/.local/lib/python3.12/site-packages/airflow/example_dags/example_params_ui_tutorial.py took 0.168 seconds
[2025-12-09T19:23:24.521+0000] {processor.py:186} INFO - Started process (PID=1119) to work on /home/airflow/.local/lib/python3.12/site-packages/airflow/example_dags/example_params_ui_tutorial.py
[2025-12-09T19:23:24.552+0000] {processor.py:914} INFO - Processing file /home/airflow/.local/lib/python3.12/site-packages/airflow/example_dags/example_params_ui_tutorial.py for tasks to queue
[2025-12-09T19:23:24.556+0000] {logging_mixin.py:190} INFO - [2025-12-09T19:23:24.556+0000] {dagbag.py:587} INFO - Filling up the DagBag from /home/airflow/.local/lib/python3.12/site-packages/airflow/example_dags/example_params_ui_tutorial.py
[2025-12-09T19:23:24.569+0000] {processor.py:925} INFO - DAG(s) 'example_params_ui_tutorial' retrieved from /home/airflow/.local/lib/python3.12/site-packages/airflow/example_dags/example_params_ui_tutorial.py
[2025-12-09T19:23:24.627+0000] {logging_mixin.py:190} INFO - [2025-12-09T19:23:24.627+0000] {dag.py:3229} INFO - Sync 1 DAGs
[2025-12-09T19:23:24.647+0000] {logging_mixin.py:190} INFO - [2025-12-09T19:23:24.647+0000] {dag.py:4156} INFO - Setting next_dagrun for example_params_ui_tutorial to None, run_after=None
[2025-12-09T19:23:24.673+0000] {processor.py:208} INFO - Processing /home/airflow/.local/lib/python3.12/site-packages/airflow/example_dags/example_params_ui_tutorial.py took 0.161 seconds
[2025-12-09T19:23:55.627+0000] {processor.py:186} INFO - Started process (PID=1179) to work on /home/airflow/.local/lib/python3.12/site-packages/airflow/example_dags/example_params_ui_tutorial.py
[2025-12-09T19:23:55.660+0000] {processor.py:914} INFO - Processing file /home/airflow/.local/lib/python3.12/site-packages/airflow/example_dags/example_params_ui_tutorial.py for tasks to queue
[2025-12-09T19:23:55.664+0000] {logging_mixin.py:190} INFO - [2025-12-09T19:23:55.663+0000] {dagbag.py:587} INFO - Filling up the DagBag from /home/airflow/.local/lib/python3.12/site-packages/airflow/example_dags/example_params_ui_tutorial.py
[2025-12-09T19:23:55.676+0000] {processor.py:925} INFO - DAG(s) 'example_params_ui_tutorial' retrieved from /home/airflow/.local/lib/python3.12/site-packages/airflow/example_dags/example_params_ui_tutorial.py
[2025-12-09T19:23:55.734+0000] {logging_mixin.py:190} INFO - [2025-12-09T19:23:55.733+0000] {dag.py:3229} INFO - Sync 1 DAGs
[2025-12-09T19:23:55.756+0000] {logging_mixin.py:190} INFO - [2025-12-09T19:23:55.756+0000] {dag.py:4156} INFO - Setting next_dagrun for example_params_ui_tutorial to None, run_after=None
[2025-12-09T19:23:55.820+0000] {processor.py:208} INFO - Processing /home/airflow/.local/lib/python3.12/site-packages/airflow/example_dags/example_params_ui_tutorial.py took 0.204 seconds
[2025-12-09T19:24:21.355+0000] {processor.py:186} INFO - Started process (PID=1238) to work on /home/airflow/.local/lib/python3.12/site-packages/airflow/example_dags/example_params_ui_tutorial.py
[2025-12-09T19:24:21.386+0000] {processor.py:914} INFO - Processing file /home/airflow/.local/lib/python3.12/site-packages/airflow/example_dags/example_params_ui_tutorial.py for tasks to queue
[2025-12-09T19:24:21.389+0000] {logging_mixin.py:190} INFO - [2025-12-09T19:24:21.389+0000] {dagbag.py:587} INFO - Filling up the DagBag from /home/airflow/.local/lib/python3.12/site-packages/airflow/example_dags/example_params_ui_tutorial.py
[2025-12-09T19:24:21.402+0000] {processor.py:925} INFO - DAG(s) 'example_params_ui_tutorial' retrieved from /home/airflow/.local/lib/python3.12/site-packages/airflow/example_dags/example_params_ui_tutorial.py
[2025-12-09T19:24:21.464+0000] {logging_mixin.py:190} INFO - [2025-12-09T19:24:21.464+0000] {dag.py:3229} INFO - Sync 1 DAGs
[2025-12-09T19:24:21.487+0000] {logging_mixin.py:190} INFO - [2025-12-09T19:24:21.486+0000] {dag.py:4156} INFO - Setting next_dagrun for example_params_ui_tutorial to None, run_after=None
[2025-12-09T19:24:21.550+0000] {processor.py:208} INFO - Processing /home/airflow/.local/lib/python3.12/site-packages/airflow/example_dags/example_params_ui_tutorial.py took 0.204 seconds
[2025-12-09T19:24:51.833+0000] {processor.py:186} INFO - Started process (PID=1301) to work on /home/airflow/.local/lib/python3.12/site-packages/airflow/example_dags/example_params_ui_tutorial.py
[2025-12-09T19:24:51.849+0000] {processor.py:914} INFO - Processing file /home/airflow/.local/lib/python3.12/site-packages/airflow/example_dags/example_params_ui_tutorial.py for tasks to queue
[2025-12-09T19:24:51.853+0000] {logging_mixin.py:190} INFO - [2025-12-09T19:24:51.852+0000] {dagbag.py:587} INFO - Filling up the DagBag from /home/airflow/.local/lib/python3.12/site-packages/airflow/example_dags/example_params_ui_tutorial.py
[2025-12-09T19:24:51.869+0000] {processor.py:925} INFO - DAG(s) 'example_params_ui_tutorial' retrieved from /home/airflow/.local/lib/python3.12/site-packages/airflow/example_dags/example_params_ui_tutorial.py
[2025-12-09T19:24:51.939+0000] {logging_mixin.py:190} INFO - [2025-12-09T19:24:51.938+0000] {dag.py:3229} INFO - Sync 1 DAGs
[2025-12-09T19:24:51.961+0000] {logging_mixin.py:190} INFO - [2025-12-09T19:24:51.960+0000] {dag.py:4156} INFO - Setting next_dagrun for example_params_ui_tutorial to None, run_after=None
[2025-12-09T19:24:51.987+0000] {processor.py:208} INFO - Processing /home/airflow/.local/lib/python3.12/site-packages/airflow/example_dags/example_params_ui_tutorial.py took 0.163 seconds
[2025-12-09T19:25:22.251+0000] {processor.py:186} INFO - Started process (PID=1361) to work on /home/airflow/.local/lib/python3.12/site-packages/airflow/example_dags/example_params_ui_tutorial.py
[2025-12-09T19:25:22.286+0000] {processor.py:914} INFO - Processing file /home/airflow/.local/lib/python3.12/site-packages/airflow/example_dags/example_params_ui_tutorial.py for tasks to queue
[2025-12-09T19:25:22.290+0000] {logging_mixin.py:190} INFO - [2025-12-09T19:25:22.290+0000] {dagbag.py:587} INFO - Filling up the DagBag from /home/airflow/.local/lib/python3.12/site-packages/airflow/example_dags/example_params_ui_tutorial.py
[2025-12-09T19:25:22.305+0000] {processor.py:925} INFO - DAG(s) 'example_params_ui_tutorial' retrieved from /home/airflow/.local/lib/python3.12/site-packages/airflow/example_dags/example_params_ui_tutorial.py
[2025-12-09T19:25:22.367+0000] {logging_mixin.py:190} INFO - [2025-12-09T19:25:22.366+0000] {dag.py:3229} INFO - Sync 1 DAGs
[2025-12-09T19:25:22.386+0000] {logging_mixin.py:190} INFO - [2025-12-09T19:25:22.386+0000] {dag.py:4156} INFO - Setting next_dagrun for example_params_ui_tutorial to None, run_after=None
[2025-12-09T19:25:22.447+0000] {processor.py:208} INFO - Processing /home/airflow/.local/lib/python3.12/site-packages/airflow/example_dags/example_params_ui_tutorial.py took 0.206 seconds
[2025-12-09T19:25:52.747+0000] {processor.py:186} INFO - Started process (PID=1423) to work on /home/airflow/.local/lib/python3.12/site-packages/airflow/example_dags/example_params_ui_tutorial.py
[2025-12-09T19:25:52.778+0000] {processor.py:914} INFO - Processing file /home/airflow/.local/lib/python3.12/site-packages/airflow/example_dags/example_params_ui_tutorial.py for tasks to queue
[2025-12-09T19:25:52.783+0000] {logging_mixin.py:190} INFO - [2025-12-09T19:25:52.782+0000] {dagbag.py:587} INFO - Filling up the DagBag from /home/airflow/.local/lib/python3.12/site-packages/airflow/example_dags/example_params_ui_tutorial.py
[2025-12-09T19:25:52.799+0000] {processor.py:925} INFO - DAG(s) 'example_params_ui_tutorial' retrieved from /home/airflow/.local/lib/python3.12/site-packages/airflow/example_dags/example_params_ui_tutorial.py
[2025-12-09T19:25:52.864+0000] {logging_mixin.py:190} INFO - [2025-12-09T19:25:52.864+0000] {dag.py:3229} INFO - Sync 1 DAGs
[2025-12-09T19:25:52.887+0000] {logging_mixin.py:190} INFO - [2025-12-09T19:25:52.886+0000] {dag.py:4156} INFO - Setting next_dagrun for example_params_ui_tutorial to None, run_after=None
[2025-12-09T19:25:52.953+0000] {processor.py:208} INFO - Processing /home/airflow/.local/lib/python3.12/site-packages/airflow/example_dags/example_params_ui_tutorial.py took 0.216 seconds
