[2025-12-09T19:15:36.318+0000] {processor.py:186} INFO - Started process (PID=110) to work on /home/airflow/.local/lib/python3.12/site-packages/airflow/example_dags/example_complex.py
[2025-12-09T19:15:36.319+0000] {processor.py:914} INFO - Processing file /home/airflow/.local/lib/python3.12/site-packages/airflow/example_dags/example_complex.py for tasks to queue
[2025-12-09T19:15:36.327+0000] {logging_mixin.py:190} INFO - [2025-12-09T19:15:36.325+0000] {dagbag.py:587} INFO - Filling up the DagBag from /home/airflow/.local/lib/python3.12/site-packages/airflow/example_dags/example_complex.py
[2025-12-09T19:15:36.355+0000] {processor.py:925} INFO - DAG(s) 'example_complex' retrieved from /home/airflow/.local/lib/python3.12/site-packages/airflow/example_dags/example_complex.py
[2025-12-09T19:15:36.540+0000] {logging_mixin.py:190} INFO - [2025-12-09T19:15:36.539+0000] {override.py:1900} INFO - Created Permission View: can read on DAG:example_complex
[2025-12-09T19:15:36.554+0000] {logging_mixin.py:190} INFO - [2025-12-09T19:15:36.554+0000] {override.py:1900} INFO - Created Permission View: can delete on DAG:example_complex
[2025-12-09T19:15:36.565+0000] {logging_mixin.py:190} INFO - [2025-12-09T19:15:36.565+0000] {override.py:1900} INFO - Created Permission View: can edit on DAG:example_complex
[2025-12-09T19:15:36.579+0000] {logging_mixin.py:190} INFO - [2025-12-09T19:15:36.579+0000] {override.py:1900} INFO - Created Permission View: can read on DAG Run:example_complex
[2025-12-09T19:15:36.590+0000] {logging_mixin.py:190} INFO - [2025-12-09T19:15:36.590+0000] {override.py:1900} INFO - Created Permission View: can delete on DAG Run:example_complex
[2025-12-09T19:15:36.601+0000] {logging_mixin.py:190} INFO - [2025-12-09T19:15:36.600+0000] {override.py:1900} INFO - Created Permission View: menu access on DAG Run:example_complex
[2025-12-09T19:15:36.611+0000] {logging_mixin.py:190} INFO - [2025-12-09T19:15:36.611+0000] {override.py:1900} INFO - Created Permission View: can create on DAG Run:example_complex
[2025-12-09T19:15:36.612+0000] {logging_mixin.py:190} INFO - [2025-12-09T19:15:36.612+0000] {dag.py:3229} INFO - Sync 1 DAGs
[2025-12-09T19:15:36.635+0000] {logging_mixin.py:190} INFO - [2025-12-09T19:15:36.635+0000] {dag.py:3252} INFO - Creating ORM DAG for example_complex
[2025-12-09T19:15:36.636+0000] {logging_mixin.py:190} INFO - [2025-12-09T19:15:36.636+0000] {dag.py:4156} INFO - Setting next_dagrun for example_complex to None, run_after=None
[2025-12-09T19:15:36.668+0000] {processor.py:208} INFO - Processing /home/airflow/.local/lib/python3.12/site-packages/airflow/example_dags/example_complex.py took 0.358 seconds
[2025-12-09T19:16:05.923+0000] {processor.py:186} INFO - Started process (PID=172) to work on /home/airflow/.local/lib/python3.12/site-packages/airflow/example_dags/example_complex.py
[2025-12-09T19:16:05.959+0000] {processor.py:914} INFO - Processing file /home/airflow/.local/lib/python3.12/site-packages/airflow/example_dags/example_complex.py for tasks to queue
[2025-12-09T19:16:05.963+0000] {logging_mixin.py:190} INFO - [2025-12-09T19:16:05.963+0000] {dagbag.py:587} INFO - Filling up the DagBag from /home/airflow/.local/lib/python3.12/site-packages/airflow/example_dags/example_complex.py
[2025-12-09T19:16:05.986+0000] {processor.py:925} INFO - DAG(s) 'example_complex' retrieved from /home/airflow/.local/lib/python3.12/site-packages/airflow/example_dags/example_complex.py
[2025-12-09T19:16:06.019+0000] {logging_mixin.py:190} INFO - [2025-12-09T19:16:06.018+0000] {dag.py:3229} INFO - Sync 1 DAGs
[2025-12-09T19:16:06.048+0000] {logging_mixin.py:190} INFO - [2025-12-09T19:16:06.048+0000] {dag.py:4156} INFO - Setting next_dagrun for example_complex to None, run_after=None
[2025-12-09T19:16:06.113+0000] {processor.py:208} INFO - Processing /home/airflow/.local/lib/python3.12/site-packages/airflow/example_dags/example_complex.py took 0.201 seconds
[2025-12-09T19:16:36.670+0000] {processor.py:186} INFO - Started process (PID=231) to work on /home/airflow/.local/lib/python3.12/site-packages/airflow/example_dags/example_complex.py
[2025-12-09T19:16:36.686+0000] {processor.py:914} INFO - Processing file /home/airflow/.local/lib/python3.12/site-packages/airflow/example_dags/example_complex.py for tasks to queue
[2025-12-09T19:16:36.690+0000] {logging_mixin.py:190} INFO - [2025-12-09T19:16:36.690+0000] {dagbag.py:587} INFO - Filling up the DagBag from /home/airflow/.local/lib/python3.12/site-packages/airflow/example_dags/example_complex.py
[2025-12-09T19:16:36.709+0000] {processor.py:925} INFO - DAG(s) 'example_complex' retrieved from /home/airflow/.local/lib/python3.12/site-packages/airflow/example_dags/example_complex.py
[2025-12-09T19:16:36.755+0000] {logging_mixin.py:190} INFO - [2025-12-09T19:16:36.754+0000] {dag.py:3229} INFO - Sync 1 DAGs
[2025-12-09T19:16:36.774+0000] {logging_mixin.py:190} INFO - [2025-12-09T19:16:36.773+0000] {dag.py:4156} INFO - Setting next_dagrun for example_complex to None, run_after=None
[2025-12-09T19:16:36.834+0000] {processor.py:208} INFO - Processing /home/airflow/.local/lib/python3.12/site-packages/airflow/example_dags/example_complex.py took 0.173 seconds
[2025-12-09T19:17:01.925+0000] {processor.py:186} INFO - Started process (PID=290) to work on /home/airflow/.local/lib/python3.12/site-packages/airflow/example_dags/example_complex.py
[2025-12-09T19:17:01.938+0000] {processor.py:914} INFO - Processing file /home/airflow/.local/lib/python3.12/site-packages/airflow/example_dags/example_complex.py for tasks to queue
[2025-12-09T19:17:01.943+0000] {logging_mixin.py:190} INFO - [2025-12-09T19:17:01.942+0000] {dagbag.py:587} INFO - Filling up the DagBag from /home/airflow/.local/lib/python3.12/site-packages/airflow/example_dags/example_complex.py
[2025-12-09T19:17:01.966+0000] {processor.py:925} INFO - DAG(s) 'example_complex' retrieved from /home/airflow/.local/lib/python3.12/site-packages/airflow/example_dags/example_complex.py
[2025-12-09T19:17:02.031+0000] {logging_mixin.py:190} INFO - [2025-12-09T19:17:02.030+0000] {dag.py:3229} INFO - Sync 1 DAGs
[2025-12-09T19:17:02.059+0000] {logging_mixin.py:190} INFO - [2025-12-09T19:17:02.059+0000] {dag.py:4156} INFO - Setting next_dagrun for example_complex to None, run_after=None
[2025-12-09T19:17:02.093+0000] {processor.py:208} INFO - Processing /home/airflow/.local/lib/python3.12/site-packages/airflow/example_dags/example_complex.py took 0.180 seconds
[2025-12-09T19:17:29.813+0000] {processor.py:186} INFO - Started process (PID=349) to work on /home/airflow/.local/lib/python3.12/site-packages/airflow/example_dags/example_complex.py
[2025-12-09T19:17:29.846+0000] {processor.py:914} INFO - Processing file /home/airflow/.local/lib/python3.12/site-packages/airflow/example_dags/example_complex.py for tasks to queue
[2025-12-09T19:17:29.849+0000] {logging_mixin.py:190} INFO - [2025-12-09T19:17:29.849+0000] {dagbag.py:587} INFO - Filling up the DagBag from /home/airflow/.local/lib/python3.12/site-packages/airflow/example_dags/example_complex.py
[2025-12-09T19:17:29.864+0000] {processor.py:925} INFO - DAG(s) 'example_complex' retrieved from /home/airflow/.local/lib/python3.12/site-packages/airflow/example_dags/example_complex.py
[2025-12-09T19:17:29.912+0000] {logging_mixin.py:190} INFO - [2025-12-09T19:17:29.911+0000] {dag.py:3229} INFO - Sync 1 DAGs
[2025-12-09T19:17:29.932+0000] {logging_mixin.py:190} INFO - [2025-12-09T19:17:29.932+0000] {dag.py:4156} INFO - Setting next_dagrun for example_complex to None, run_after=None
[2025-12-09T19:17:29.957+0000] {processor.py:208} INFO - Processing /home/airflow/.local/lib/python3.12/site-packages/airflow/example_dags/example_complex.py took 0.153 seconds
[2025-12-09T19:17:54.168+0000] {processor.py:186} INFO - Started process (PID=403) to work on /home/airflow/.local/lib/python3.12/site-packages/airflow/example_dags/example_complex.py
[2025-12-09T19:17:54.199+0000] {processor.py:914} INFO - Processing file /home/airflow/.local/lib/python3.12/site-packages/airflow/example_dags/example_complex.py for tasks to queue
[2025-12-09T19:17:54.204+0000] {logging_mixin.py:190} INFO - [2025-12-09T19:17:54.203+0000] {dagbag.py:587} INFO - Filling up the DagBag from /home/airflow/.local/lib/python3.12/site-packages/airflow/example_dags/example_complex.py
[2025-12-09T19:17:54.223+0000] {processor.py:925} INFO - DAG(s) 'example_complex' retrieved from /home/airflow/.local/lib/python3.12/site-packages/airflow/example_dags/example_complex.py
[2025-12-09T19:17:54.273+0000] {logging_mixin.py:190} INFO - [2025-12-09T19:17:54.273+0000] {dag.py:3229} INFO - Sync 1 DAGs
[2025-12-09T19:17:54.296+0000] {logging_mixin.py:190} INFO - [2025-12-09T19:17:54.295+0000] {dag.py:4156} INFO - Setting next_dagrun for example_complex to None, run_after=None
[2025-12-09T19:17:54.361+0000] {processor.py:208} INFO - Processing /home/airflow/.local/lib/python3.12/site-packages/airflow/example_dags/example_complex.py took 0.205 seconds
[2025-12-09T19:18:24.263+0000] {processor.py:186} INFO - Started process (PID=462) to work on /home/airflow/.local/lib/python3.12/site-packages/airflow/example_dags/example_complex.py
[2025-12-09T19:18:24.282+0000] {processor.py:914} INFO - Processing file /home/airflow/.local/lib/python3.12/site-packages/airflow/example_dags/example_complex.py for tasks to queue
[2025-12-09T19:18:24.286+0000] {logging_mixin.py:190} INFO - [2025-12-09T19:18:24.285+0000] {dagbag.py:587} INFO - Filling up the DagBag from /home/airflow/.local/lib/python3.12/site-packages/airflow/example_dags/example_complex.py
[2025-12-09T19:18:24.302+0000] {processor.py:925} INFO - DAG(s) 'example_complex' retrieved from /home/airflow/.local/lib/python3.12/site-packages/airflow/example_dags/example_complex.py
[2025-12-09T19:18:24.349+0000] {logging_mixin.py:190} INFO - [2025-12-09T19:18:24.348+0000] {dag.py:3229} INFO - Sync 1 DAGs
[2025-12-09T19:18:24.374+0000] {logging_mixin.py:190} INFO - [2025-12-09T19:18:24.374+0000] {dag.py:4156} INFO - Setting next_dagrun for example_complex to None, run_after=None
[2025-12-09T19:18:24.436+0000] {processor.py:208} INFO - Processing /home/airflow/.local/lib/python3.12/site-packages/airflow/example_dags/example_complex.py took 0.182 seconds
[2025-12-09T19:18:55.224+0000] {processor.py:186} INFO - Started process (PID=519) to work on /home/airflow/.local/lib/python3.12/site-packages/airflow/example_dags/example_complex.py
[2025-12-09T19:18:55.227+0000] {processor.py:914} INFO - Processing file /home/airflow/.local/lib/python3.12/site-packages/airflow/example_dags/example_complex.py for tasks to queue
[2025-12-09T19:18:55.232+0000] {logging_mixin.py:190} INFO - [2025-12-09T19:18:55.231+0000] {dagbag.py:587} INFO - Filling up the DagBag from /home/airflow/.local/lib/python3.12/site-packages/airflow/example_dags/example_complex.py
[2025-12-09T19:18:55.252+0000] {processor.py:925} INFO - DAG(s) 'example_complex' retrieved from /home/airflow/.local/lib/python3.12/site-packages/airflow/example_dags/example_complex.py
[2025-12-09T19:18:55.304+0000] {logging_mixin.py:190} INFO - [2025-12-09T19:18:55.303+0000] {dag.py:3229} INFO - Sync 1 DAGs
[2025-12-09T19:18:55.325+0000] {logging_mixin.py:190} INFO - [2025-12-09T19:18:55.325+0000] {dag.py:4156} INFO - Setting next_dagrun for example_complex to None, run_after=None
[2025-12-09T19:18:55.393+0000] {processor.py:208} INFO - Processing /home/airflow/.local/lib/python3.12/site-packages/airflow/example_dags/example_complex.py took 0.190 seconds
[2025-12-09T19:19:26.944+0000] {processor.py:186} INFO - Started process (PID=581) to work on /home/airflow/.local/lib/python3.12/site-packages/airflow/example_dags/example_complex.py
[2025-12-09T19:19:26.962+0000] {processor.py:914} INFO - Processing file /home/airflow/.local/lib/python3.12/site-packages/airflow/example_dags/example_complex.py for tasks to queue
[2025-12-09T19:19:26.966+0000] {logging_mixin.py:190} INFO - [2025-12-09T19:19:26.965+0000] {dagbag.py:587} INFO - Filling up the DagBag from /home/airflow/.local/lib/python3.12/site-packages/airflow/example_dags/example_complex.py
[2025-12-09T19:19:18.370+0000] {processor.py:925} INFO - DAG(s) 'example_complex' retrieved from /home/airflow/.local/lib/python3.12/site-packages/airflow/example_dags/example_complex.py
[2025-12-09T19:19:18.419+0000] {logging_mixin.py:190} INFO - [2025-12-09T19:19:18.418+0000] {dag.py:3229} INFO - Sync 1 DAGs
[2025-12-09T19:19:18.441+0000] {logging_mixin.py:190} INFO - [2025-12-09T19:19:18.441+0000] {dag.py:4156} INFO - Setting next_dagrun for example_complex to None, run_after=None
[2025-12-09T19:19:18.470+0000] {processor.py:208} INFO - Processing /home/airflow/.local/lib/python3.12/site-packages/airflow/example_dags/example_complex.py took 0.149 seconds
[2025-12-09T19:19:51.811+0000] {processor.py:186} INFO - Started process (PID=661) to work on /home/airflow/.local/lib/python3.12/site-packages/airflow/example_dags/example_complex.py
[2025-12-09T19:19:51.841+0000] {processor.py:914} INFO - Processing file /home/airflow/.local/lib/python3.12/site-packages/airflow/example_dags/example_complex.py for tasks to queue
[2025-12-09T19:19:51.845+0000] {logging_mixin.py:190} INFO - [2025-12-09T19:19:51.845+0000] {dagbag.py:587} INFO - Filling up the DagBag from /home/airflow/.local/lib/python3.12/site-packages/airflow/example_dags/example_complex.py
[2025-12-09T19:19:51.861+0000] {processor.py:925} INFO - DAG(s) 'example_complex' retrieved from /home/airflow/.local/lib/python3.12/site-packages/airflow/example_dags/example_complex.py
[2025-12-09T19:19:51.913+0000] {logging_mixin.py:190} INFO - [2025-12-09T19:19:51.912+0000] {dag.py:3229} INFO - Sync 1 DAGs
[2025-12-09T19:19:51.935+0000] {logging_mixin.py:190} INFO - [2025-12-09T19:19:51.935+0000] {dag.py:4156} INFO - Setting next_dagrun for example_complex to None, run_after=None
[2025-12-09T19:19:51.973+0000] {processor.py:208} INFO - Processing /home/airflow/.local/lib/python3.12/site-packages/airflow/example_dags/example_complex.py took 0.173 seconds
[2025-12-09T19:20:21.223+0000] {processor.py:186} INFO - Started process (PID=723) to work on /home/airflow/.local/lib/python3.12/site-packages/airflow/example_dags/example_complex.py
[2025-12-09T19:20:21.259+0000] {processor.py:914} INFO - Processing file /home/airflow/.local/lib/python3.12/site-packages/airflow/example_dags/example_complex.py for tasks to queue
[2025-12-09T19:20:21.264+0000] {logging_mixin.py:190} INFO - [2025-12-09T19:20:21.263+0000] {dagbag.py:587} INFO - Filling up the DagBag from /home/airflow/.local/lib/python3.12/site-packages/airflow/example_dags/example_complex.py
[2025-12-09T19:20:21.282+0000] {processor.py:925} INFO - DAG(s) 'example_complex' retrieved from /home/airflow/.local/lib/python3.12/site-packages/airflow/example_dags/example_complex.py
[2025-12-09T19:20:21.330+0000] {logging_mixin.py:190} INFO - [2025-12-09T19:20:21.329+0000] {dag.py:3229} INFO - Sync 1 DAGs
[2025-12-09T19:20:21.352+0000] {logging_mixin.py:190} INFO - [2025-12-09T19:20:21.352+0000] {dag.py:4156} INFO - Setting next_dagrun for example_complex to None, run_after=None
[2025-12-09T19:20:21.389+0000] {processor.py:208} INFO - Processing /home/airflow/.local/lib/python3.12/site-packages/airflow/example_dags/example_complex.py took 0.176 seconds
[2025-12-09T19:20:51.963+0000] {processor.py:186} INFO - Started process (PID=781) to work on /home/airflow/.local/lib/python3.12/site-packages/airflow/example_dags/example_complex.py
[2025-12-09T19:20:51.976+0000] {processor.py:914} INFO - Processing file /home/airflow/.local/lib/python3.12/site-packages/airflow/example_dags/example_complex.py for tasks to queue
[2025-12-09T19:20:51.980+0000] {logging_mixin.py:190} INFO - [2025-12-09T19:20:51.979+0000] {dagbag.py:587} INFO - Filling up the DagBag from /home/airflow/.local/lib/python3.12/site-packages/airflow/example_dags/example_complex.py
[2025-12-09T19:20:51.999+0000] {processor.py:925} INFO - DAG(s) 'example_complex' retrieved from /home/airflow/.local/lib/python3.12/site-packages/airflow/example_dags/example_complex.py
[2025-12-09T19:20:52.054+0000] {logging_mixin.py:190} INFO - [2025-12-09T19:20:52.053+0000] {dag.py:3229} INFO - Sync 1 DAGs
[2025-12-09T19:20:52.078+0000] {logging_mixin.py:190} INFO - [2025-12-09T19:20:52.078+0000] {dag.py:4156} INFO - Setting next_dagrun for example_complex to None, run_after=None
[2025-12-09T19:20:52.114+0000] {processor.py:208} INFO - Processing /home/airflow/.local/lib/python3.12/site-packages/airflow/example_dags/example_complex.py took 0.163 seconds
[2025-12-09T19:21:22.729+0000] {processor.py:186} INFO - Started process (PID=843) to work on /home/airflow/.local/lib/python3.12/site-packages/airflow/example_dags/example_complex.py
[2025-12-09T19:21:22.740+0000] {processor.py:914} INFO - Processing file /home/airflow/.local/lib/python3.12/site-packages/airflow/example_dags/example_complex.py for tasks to queue
[2025-12-09T19:21:22.744+0000] {logging_mixin.py:190} INFO - [2025-12-09T19:21:22.744+0000] {dagbag.py:587} INFO - Filling up the DagBag from /home/airflow/.local/lib/python3.12/site-packages/airflow/example_dags/example_complex.py
[2025-12-09T19:21:22.763+0000] {processor.py:925} INFO - DAG(s) 'example_complex' retrieved from /home/airflow/.local/lib/python3.12/site-packages/airflow/example_dags/example_complex.py
[2025-12-09T19:21:22.825+0000] {logging_mixin.py:190} INFO - [2025-12-09T19:21:22.825+0000] {dag.py:3229} INFO - Sync 1 DAGs
[2025-12-09T19:21:22.851+0000] {logging_mixin.py:190} INFO - [2025-12-09T19:21:22.851+0000] {dag.py:4156} INFO - Setting next_dagrun for example_complex to None, run_after=None
[2025-12-09T19:21:22.911+0000] {processor.py:208} INFO - Processing /home/airflow/.local/lib/python3.12/site-packages/airflow/example_dags/example_complex.py took 0.193 seconds
[2025-12-09T19:21:50.660+0000] {processor.py:186} INFO - Started process (PID=905) to work on /home/airflow/.local/lib/python3.12/site-packages/airflow/example_dags/example_complex.py
[2025-12-09T19:21:50.693+0000] {processor.py:914} INFO - Processing file /home/airflow/.local/lib/python3.12/site-packages/airflow/example_dags/example_complex.py for tasks to queue
[2025-12-09T19:21:50.697+0000] {logging_mixin.py:190} INFO - [2025-12-09T19:21:50.697+0000] {dagbag.py:587} INFO - Filling up the DagBag from /home/airflow/.local/lib/python3.12/site-packages/airflow/example_dags/example_complex.py
[2025-12-09T19:21:50.717+0000] {processor.py:925} INFO - DAG(s) 'example_complex' retrieved from /home/airflow/.local/lib/python3.12/site-packages/airflow/example_dags/example_complex.py
[2025-12-09T19:21:50.768+0000] {logging_mixin.py:190} INFO - [2025-12-09T19:21:50.767+0000] {dag.py:3229} INFO - Sync 1 DAGs
[2025-12-09T19:21:50.788+0000] {logging_mixin.py:190} INFO - [2025-12-09T19:21:50.788+0000] {dag.py:4156} INFO - Setting next_dagrun for example_complex to None, run_after=None
[2025-12-09T19:21:50.825+0000] {processor.py:208} INFO - Processing /home/airflow/.local/lib/python3.12/site-packages/airflow/example_dags/example_complex.py took 0.174 seconds
[2025-12-09T19:22:21.448+0000] {processor.py:186} INFO - Started process (PID=965) to work on /home/airflow/.local/lib/python3.12/site-packages/airflow/example_dags/example_complex.py
[2025-12-09T19:22:21.464+0000] {processor.py:914} INFO - Processing file /home/airflow/.local/lib/python3.12/site-packages/airflow/example_dags/example_complex.py for tasks to queue
[2025-12-09T19:22:21.469+0000] {logging_mixin.py:190} INFO - [2025-12-09T19:22:21.468+0000] {dagbag.py:587} INFO - Filling up the DagBag from /home/airflow/.local/lib/python3.12/site-packages/airflow/example_dags/example_complex.py
[2025-12-09T19:22:21.486+0000] {processor.py:925} INFO - DAG(s) 'example_complex' retrieved from /home/airflow/.local/lib/python3.12/site-packages/airflow/example_dags/example_complex.py
[2025-12-09T19:22:21.533+0000] {logging_mixin.py:190} INFO - [2025-12-09T19:22:21.533+0000] {dag.py:3229} INFO - Sync 1 DAGs
[2025-12-09T19:22:21.553+0000] {logging_mixin.py:190} INFO - [2025-12-09T19:22:21.552+0000] {dag.py:4156} INFO - Setting next_dagrun for example_complex to None, run_after=None
[2025-12-09T19:22:21.615+0000] {processor.py:208} INFO - Processing /home/airflow/.local/lib/python3.12/site-packages/airflow/example_dags/example_complex.py took 0.176 seconds
[2025-12-09T19:22:50.950+0000] {processor.py:186} INFO - Started process (PID=1032) to work on /home/airflow/.local/lib/python3.12/site-packages/airflow/example_dags/example_complex.py
[2025-12-09T19:22:50.984+0000] {processor.py:914} INFO - Processing file /home/airflow/.local/lib/python3.12/site-packages/airflow/example_dags/example_complex.py for tasks to queue
[2025-12-09T19:22:50.989+0000] {logging_mixin.py:190} INFO - [2025-12-09T19:22:50.988+0000] {dagbag.py:587} INFO - Filling up the DagBag from /home/airflow/.local/lib/python3.12/site-packages/airflow/example_dags/example_complex.py
[2025-12-09T19:22:51.007+0000] {processor.py:925} INFO - DAG(s) 'example_complex' retrieved from /home/airflow/.local/lib/python3.12/site-packages/airflow/example_dags/example_complex.py
[2025-12-09T19:22:51.067+0000] {logging_mixin.py:190} INFO - [2025-12-09T19:22:51.067+0000] {dag.py:3229} INFO - Sync 1 DAGs
[2025-12-09T19:22:51.095+0000] {logging_mixin.py:190} INFO - [2025-12-09T19:22:51.095+0000] {dag.py:4156} INFO - Setting next_dagrun for example_complex to None, run_after=None
[2025-12-09T19:22:51.124+0000] {processor.py:208} INFO - Processing /home/airflow/.local/lib/python3.12/site-packages/airflow/example_dags/example_complex.py took 0.188 seconds
[2025-12-09T19:23:22.150+0000] {processor.py:186} INFO - Started process (PID=1096) to work on /home/airflow/.local/lib/python3.12/site-packages/airflow/example_dags/example_complex.py
[2025-12-09T19:23:22.183+0000] {processor.py:914} INFO - Processing file /home/airflow/.local/lib/python3.12/site-packages/airflow/example_dags/example_complex.py for tasks to queue
[2025-12-09T19:23:22.188+0000] {logging_mixin.py:190} INFO - [2025-12-09T19:23:22.187+0000] {dagbag.py:587} INFO - Filling up the DagBag from /home/airflow/.local/lib/python3.12/site-packages/airflow/example_dags/example_complex.py
[2025-12-09T19:23:22.214+0000] {processor.py:925} INFO - DAG(s) 'example_complex' retrieved from /home/airflow/.local/lib/python3.12/site-packages/airflow/example_dags/example_complex.py
[2025-12-09T19:23:22.275+0000] {logging_mixin.py:190} INFO - [2025-12-09T19:23:22.275+0000] {dag.py:3229} INFO - Sync 1 DAGs
[2025-12-09T19:23:22.305+0000] {logging_mixin.py:190} INFO - [2025-12-09T19:23:22.305+0000] {dag.py:4156} INFO - Setting next_dagrun for example_complex to None, run_after=None
[2025-12-09T19:23:22.334+0000] {processor.py:208} INFO - Processing /home/airflow/.local/lib/python3.12/site-packages/airflow/example_dags/example_complex.py took 0.193 seconds
[2025-12-09T19:23:52.456+0000] {processor.py:186} INFO - Started process (PID=1158) to work on /home/airflow/.local/lib/python3.12/site-packages/airflow/example_dags/example_complex.py
[2025-12-09T19:23:52.476+0000] {processor.py:914} INFO - Processing file /home/airflow/.local/lib/python3.12/site-packages/airflow/example_dags/example_complex.py for tasks to queue
[2025-12-09T19:23:52.480+0000] {logging_mixin.py:190} INFO - [2025-12-09T19:23:52.479+0000] {dagbag.py:587} INFO - Filling up the DagBag from /home/airflow/.local/lib/python3.12/site-packages/airflow/example_dags/example_complex.py
[2025-12-09T19:23:52.495+0000] {processor.py:925} INFO - DAG(s) 'example_complex' retrieved from /home/airflow/.local/lib/python3.12/site-packages/airflow/example_dags/example_complex.py
[2025-12-09T19:23:52.545+0000] {logging_mixin.py:190} INFO - [2025-12-09T19:23:52.544+0000] {dag.py:3229} INFO - Sync 1 DAGs
[2025-12-09T19:23:52.567+0000] {logging_mixin.py:190} INFO - [2025-12-09T19:23:52.567+0000] {dag.py:4156} INFO - Setting next_dagrun for example_complex to None, run_after=None
[2025-12-09T19:23:52.593+0000] {processor.py:208} INFO - Processing /home/airflow/.local/lib/python3.12/site-packages/airflow/example_dags/example_complex.py took 0.146 seconds
[2025-12-09T19:24:19.157+0000] {processor.py:186} INFO - Started process (PID=1224) to work on /home/airflow/.local/lib/python3.12/site-packages/airflow/example_dags/example_complex.py
[2025-12-09T19:24:19.190+0000] {processor.py:914} INFO - Processing file /home/airflow/.local/lib/python3.12/site-packages/airflow/example_dags/example_complex.py for tasks to queue
[2025-12-09T19:24:19.194+0000] {logging_mixin.py:190} INFO - [2025-12-09T19:24:19.194+0000] {dagbag.py:587} INFO - Filling up the DagBag from /home/airflow/.local/lib/python3.12/site-packages/airflow/example_dags/example_complex.py
[2025-12-09T19:24:19.210+0000] {processor.py:925} INFO - DAG(s) 'example_complex' retrieved from /home/airflow/.local/lib/python3.12/site-packages/airflow/example_dags/example_complex.py
[2025-12-09T19:24:19.257+0000] {logging_mixin.py:190} INFO - [2025-12-09T19:24:19.256+0000] {dag.py:3229} INFO - Sync 1 DAGs
[2025-12-09T19:24:19.277+0000] {logging_mixin.py:190} INFO - [2025-12-09T19:24:19.277+0000] {dag.py:4156} INFO - Setting next_dagrun for example_complex to None, run_after=None
[2025-12-09T19:24:19.336+0000] {processor.py:208} INFO - Processing /home/airflow/.local/lib/python3.12/site-packages/airflow/example_dags/example_complex.py took 0.188 seconds
[2025-12-09T19:24:49.366+0000] {processor.py:186} INFO - Started process (PID=1286) to work on /home/airflow/.local/lib/python3.12/site-packages/airflow/example_dags/example_complex.py
[2025-12-09T19:24:49.396+0000] {processor.py:914} INFO - Processing file /home/airflow/.local/lib/python3.12/site-packages/airflow/example_dags/example_complex.py for tasks to queue
[2025-12-09T19:24:49.400+0000] {logging_mixin.py:190} INFO - [2025-12-09T19:24:49.400+0000] {dagbag.py:587} INFO - Filling up the DagBag from /home/airflow/.local/lib/python3.12/site-packages/airflow/example_dags/example_complex.py
[2025-12-09T19:24:49.415+0000] {processor.py:925} INFO - DAG(s) 'example_complex' retrieved from /home/airflow/.local/lib/python3.12/site-packages/airflow/example_dags/example_complex.py
[2025-12-09T19:24:49.473+0000] {logging_mixin.py:190} INFO - [2025-12-09T19:24:49.472+0000] {dag.py:3229} INFO - Sync 1 DAGs
[2025-12-09T19:24:49.494+0000] {logging_mixin.py:190} INFO - [2025-12-09T19:24:49.493+0000] {dag.py:4156} INFO - Setting next_dagrun for example_complex to None, run_after=None
[2025-12-09T19:24:49.521+0000] {processor.py:208} INFO - Processing /home/airflow/.local/lib/python3.12/site-packages/airflow/example_dags/example_complex.py took 0.164 seconds
[2025-12-09T19:25:22.236+0000] {processor.py:186} INFO - Started process (PID=1346) to work on /home/airflow/.local/lib/python3.12/site-packages/airflow/example_dags/example_complex.py
[2025-12-09T19:25:22.270+0000] {processor.py:914} INFO - Processing file /home/airflow/.local/lib/python3.12/site-packages/airflow/example_dags/example_complex.py for tasks to queue
[2025-12-09T19:25:22.274+0000] {logging_mixin.py:190} INFO - [2025-12-09T19:25:22.273+0000] {dagbag.py:587} INFO - Filling up the DagBag from /home/airflow/.local/lib/python3.12/site-packages/airflow/example_dags/example_complex.py
[2025-12-09T19:25:22.292+0000] {processor.py:925} INFO - DAG(s) 'example_complex' retrieved from /home/airflow/.local/lib/python3.12/site-packages/airflow/example_dags/example_complex.py
[2025-12-09T19:25:22.348+0000] {logging_mixin.py:190} INFO - [2025-12-09T19:25:22.348+0000] {dag.py:3229} INFO - Sync 1 DAGs
[2025-12-09T19:25:22.373+0000] {logging_mixin.py:190} INFO - [2025-12-09T19:25:22.372+0000] {dag.py:4156} INFO - Setting next_dagrun for example_complex to None, run_after=None
[2025-12-09T19:25:22.402+0000] {processor.py:208} INFO - Processing /home/airflow/.local/lib/python3.12/site-packages/airflow/example_dags/example_complex.py took 0.178 seconds
[2025-12-09T19:25:52.516+0000] {processor.py:186} INFO - Started process (PID=1421) to work on /home/airflow/.local/lib/python3.12/site-packages/airflow/example_dags/example_complex.py
[2025-12-09T19:25:52.525+0000] {processor.py:914} INFO - Processing file /home/airflow/.local/lib/python3.12/site-packages/airflow/example_dags/example_complex.py for tasks to queue
[2025-12-09T19:25:52.529+0000] {logging_mixin.py:190} INFO - [2025-12-09T19:25:52.529+0000] {dagbag.py:587} INFO - Filling up the DagBag from /home/airflow/.local/lib/python3.12/site-packages/airflow/example_dags/example_complex.py
[2025-12-09T19:25:52.549+0000] {processor.py:925} INFO - DAG(s) 'example_complex' retrieved from /home/airflow/.local/lib/python3.12/site-packages/airflow/example_dags/example_complex.py
[2025-12-09T19:25:52.610+0000] {logging_mixin.py:190} INFO - [2025-12-09T19:25:52.609+0000] {dag.py:3229} INFO - Sync 1 DAGs
[2025-12-09T19:25:52.638+0000] {logging_mixin.py:190} INFO - [2025-12-09T19:25:52.638+0000] {dag.py:4156} INFO - Setting next_dagrun for example_complex to None, run_after=None
[2025-12-09T19:25:52.689+0000] {processor.py:208} INFO - Processing /home/airflow/.local/lib/python3.12/site-packages/airflow/example_dags/example_complex.py took 0.184 seconds
