[2025-12-09T19:15:34.745+0000] {processor.py:186} INFO - Started process (PID=102) to work on /home/airflow/.local/lib/python3.12/site-packages/airflow/example_dags/example_branch_day_of_week_operator.py
[2025-12-09T19:15:34.747+0000] {processor.py:914} INFO - Processing file /home/airflow/.local/lib/python3.12/site-packages/airflow/example_dags/example_branch_day_of_week_operator.py for tasks to queue
[2025-12-09T19:15:34.753+0000] {logging_mixin.py:190} INFO - [2025-12-09T19:15:34.752+0000] {dagbag.py:587} INFO - Filling up the DagBag from /home/airflow/.local/lib/python3.12/site-packages/airflow/example_dags/example_branch_day_of_week_operator.py
[2025-12-09T19:15:34.774+0000] {processor.py:925} INFO - DAG(s) 'example_weekday_branch_operator' retrieved from /home/airflow/.local/lib/python3.12/site-packages/airflow/example_dags/example_branch_day_of_week_operator.py
[2025-12-09T19:15:34.967+0000] {logging_mixin.py:190} INFO - [2025-12-09T19:15:34.966+0000] {override.py:1900} INFO - Created Permission View: can read on DAG:example_weekday_branch_operator
[2025-12-09T19:15:34.981+0000] {logging_mixin.py:190} INFO - [2025-12-09T19:15:34.980+0000] {override.py:1900} INFO - Created Permission View: can delete on DAG:example_weekday_branch_operator
[2025-12-09T19:15:34.990+0000] {logging_mixin.py:190} INFO - [2025-12-09T19:15:34.989+0000] {override.py:1900} INFO - Created Permission View: can edit on DAG:example_weekday_branch_operator
[2025-12-09T19:15:35.000+0000] {logging_mixin.py:190} INFO - [2025-12-09T19:15:35.000+0000] {override.py:1900} INFO - Created Permission View: can read on DAG Run:example_weekday_branch_operator
[2025-12-09T19:15:35.009+0000] {logging_mixin.py:190} INFO - [2025-12-09T19:15:35.009+0000] {override.py:1900} INFO - Created Permission View: can delete on DAG Run:example_weekday_branch_operator
[2025-12-09T19:15:35.019+0000] {logging_mixin.py:190} INFO - [2025-12-09T19:15:35.018+0000] {override.py:1900} INFO - Created Permission View: menu access on DAG Run:example_weekday_branch_operator
[2025-12-09T19:15:35.028+0000] {logging_mixin.py:190} INFO - [2025-12-09T19:15:35.028+0000] {override.py:1900} INFO - Created Permission View: can create on DAG Run:example_weekday_branch_operator
[2025-12-09T19:15:35.029+0000] {logging_mixin.py:190} INFO - [2025-12-09T19:15:35.029+0000] {dag.py:3229} INFO - Sync 1 DAGs
[2025-12-09T19:15:35.047+0000] {logging_mixin.py:190} INFO - [2025-12-09T19:15:35.047+0000] {dag.py:3252} INFO - Creating ORM DAG for example_weekday_branch_operator
[2025-12-09T19:15:35.063+0000] {logging_mixin.py:190} INFO - [2025-12-09T19:15:35.063+0000] {dag.py:4156} INFO - Setting next_dagrun for example_weekday_branch_operator to 2025-12-08 00:00:00+00:00, run_after=2025-12-09 00:00:00+00:00
[2025-12-09T19:15:35.089+0000] {processor.py:208} INFO - Processing /home/airflow/.local/lib/python3.12/site-packages/airflow/example_dags/example_branch_day_of_week_operator.py took 0.357 seconds
[2025-12-09T19:16:04.563+0000] {processor.py:186} INFO - Started process (PID=164) to work on /home/airflow/.local/lib/python3.12/site-packages/airflow/example_dags/example_branch_day_of_week_operator.py
[2025-12-09T19:16:04.594+0000] {processor.py:914} INFO - Processing file /home/airflow/.local/lib/python3.12/site-packages/airflow/example_dags/example_branch_day_of_week_operator.py for tasks to queue
[2025-12-09T19:16:04.598+0000] {logging_mixin.py:190} INFO - [2025-12-09T19:16:04.598+0000] {dagbag.py:587} INFO - Filling up the DagBag from /home/airflow/.local/lib/python3.12/site-packages/airflow/example_dags/example_branch_day_of_week_operator.py
[2025-12-09T19:16:04.614+0000] {processor.py:925} INFO - DAG(s) 'example_weekday_branch_operator' retrieved from /home/airflow/.local/lib/python3.12/site-packages/airflow/example_dags/example_branch_day_of_week_operator.py
[2025-12-09T19:16:04.638+0000] {logging_mixin.py:190} INFO - [2025-12-09T19:16:04.637+0000] {dag.py:3229} INFO - Sync 1 DAGs
[2025-12-09T19:16:04.674+0000] {logging_mixin.py:190} INFO - [2025-12-09T19:16:04.674+0000] {dag.py:4156} INFO - Setting next_dagrun for example_weekday_branch_operator to 2025-12-08 00:00:00+00:00, run_after=2025-12-09 00:00:00+00:00
[2025-12-09T19:16:04.737+0000] {processor.py:208} INFO - Processing /home/airflow/.local/lib/python3.12/site-packages/airflow/example_dags/example_branch_day_of_week_operator.py took 0.183 seconds
[2025-12-09T19:16:35.464+0000] {processor.py:186} INFO - Started process (PID=223) to work on /home/airflow/.local/lib/python3.12/site-packages/airflow/example_dags/example_branch_day_of_week_operator.py
[2025-12-09T19:16:35.481+0000] {processor.py:914} INFO - Processing file /home/airflow/.local/lib/python3.12/site-packages/airflow/example_dags/example_branch_day_of_week_operator.py for tasks to queue
[2025-12-09T19:16:35.486+0000] {logging_mixin.py:190} INFO - [2025-12-09T19:16:35.485+0000] {dagbag.py:587} INFO - Filling up the DagBag from /home/airflow/.local/lib/python3.12/site-packages/airflow/example_dags/example_branch_day_of_week_operator.py
[2025-12-09T19:16:35.504+0000] {processor.py:925} INFO - DAG(s) 'example_weekday_branch_operator' retrieved from /home/airflow/.local/lib/python3.12/site-packages/airflow/example_dags/example_branch_day_of_week_operator.py
[2025-12-09T19:16:35.547+0000] {logging_mixin.py:190} INFO - [2025-12-09T19:16:35.547+0000] {dag.py:3229} INFO - Sync 1 DAGs
[2025-12-09T19:16:35.589+0000] {logging_mixin.py:190} INFO - [2025-12-09T19:16:35.589+0000] {dag.py:4156} INFO - Setting next_dagrun for example_weekday_branch_operator to 2025-12-08 00:00:00+00:00, run_after=2025-12-09 00:00:00+00:00
[2025-12-09T19:16:35.639+0000] {processor.py:208} INFO - Processing /home/airflow/.local/lib/python3.12/site-packages/airflow/example_dags/example_branch_day_of_week_operator.py took 0.186 seconds
[2025-12-09T19:16:59.300+0000] {processor.py:186} INFO - Started process (PID=282) to work on /home/airflow/.local/lib/python3.12/site-packages/airflow/example_dags/example_branch_day_of_week_operator.py
[2025-12-09T19:16:59.336+0000] {processor.py:914} INFO - Processing file /home/airflow/.local/lib/python3.12/site-packages/airflow/example_dags/example_branch_day_of_week_operator.py for tasks to queue
[2025-12-09T19:16:59.340+0000] {logging_mixin.py:190} INFO - [2025-12-09T19:16:59.339+0000] {dagbag.py:587} INFO - Filling up the DagBag from /home/airflow/.local/lib/python3.12/site-packages/airflow/example_dags/example_branch_day_of_week_operator.py
[2025-12-09T19:16:59.356+0000] {processor.py:925} INFO - DAG(s) 'example_weekday_branch_operator' retrieved from /home/airflow/.local/lib/python3.12/site-packages/airflow/example_dags/example_branch_day_of_week_operator.py
[2025-12-09T19:16:59.392+0000] {logging_mixin.py:190} INFO - [2025-12-09T19:16:59.391+0000] {dag.py:3229} INFO - Sync 1 DAGs
[2025-12-09T19:16:59.429+0000] {logging_mixin.py:190} INFO - [2025-12-09T19:16:59.429+0000] {dag.py:4156} INFO - Setting next_dagrun for example_weekday_branch_operator to 2025-12-08 00:00:00+00:00, run_after=2025-12-09 00:00:00+00:00
[2025-12-09T19:16:59.478+0000] {processor.py:208} INFO - Processing /home/airflow/.local/lib/python3.12/site-packages/airflow/example_dags/example_branch_day_of_week_operator.py took 0.190 seconds
[2025-12-09T19:17:37.628+0000] {processor.py:186} INFO - Started process (PID=342) to work on /home/airflow/.local/lib/python3.12/site-packages/airflow/example_dags/example_branch_day_of_week_operator.py
[2025-12-09T19:17:37.661+0000] {processor.py:914} INFO - Processing file /home/airflow/.local/lib/python3.12/site-packages/airflow/example_dags/example_branch_day_of_week_operator.py for tasks to queue
[2025-12-09T19:17:37.666+0000] {logging_mixin.py:190} INFO - [2025-12-09T19:17:37.665+0000] {dagbag.py:587} INFO - Filling up the DagBag from /home/airflow/.local/lib/python3.12/site-packages/airflow/example_dags/example_branch_day_of_week_operator.py
[2025-12-09T19:17:37.683+0000] {processor.py:925} INFO - DAG(s) 'example_weekday_branch_operator' retrieved from /home/airflow/.local/lib/python3.12/site-packages/airflow/example_dags/example_branch_day_of_week_operator.py
[2025-12-09T19:17:37.719+0000] {logging_mixin.py:190} INFO - [2025-12-09T19:17:37.718+0000] {dag.py:3229} INFO - Sync 1 DAGs
[2025-12-09T19:17:37.759+0000] {logging_mixin.py:190} INFO - [2025-12-09T19:17:37.758+0000] {dag.py:4156} INFO - Setting next_dagrun for example_weekday_branch_operator to 2025-12-08 00:00:00+00:00, run_after=2025-12-09 00:00:00+00:00
[2025-12-09T19:17:37.787+0000] {processor.py:208} INFO - Processing /home/airflow/.local/lib/python3.12/site-packages/airflow/example_dags/example_branch_day_of_week_operator.py took 0.168 seconds
[2025-12-09T19:18:04.668+0000] {processor.py:186} INFO - Started process (PID=429) to work on /home/airflow/.local/lib/python3.12/site-packages/airflow/example_dags/example_branch_day_of_week_operator.py
[2025-12-09T19:18:04.688+0000] {processor.py:914} INFO - Processing file /home/airflow/.local/lib/python3.12/site-packages/airflow/example_dags/example_branch_day_of_week_operator.py for tasks to queue
[2025-12-09T19:18:04.693+0000] {logging_mixin.py:190} INFO - [2025-12-09T19:18:04.693+0000] {dagbag.py:587} INFO - Filling up the DagBag from /home/airflow/.local/lib/python3.12/site-packages/airflow/example_dags/example_branch_day_of_week_operator.py
[2025-12-09T19:18:04.715+0000] {processor.py:925} INFO - DAG(s) 'example_weekday_branch_operator' retrieved from /home/airflow/.local/lib/python3.12/site-packages/airflow/example_dags/example_branch_day_of_week_operator.py
[2025-12-09T19:18:04.759+0000] {logging_mixin.py:190} INFO - [2025-12-09T19:18:04.759+0000] {dag.py:3229} INFO - Sync 1 DAGs
[2025-12-09T19:18:04.804+0000] {logging_mixin.py:190} INFO - [2025-12-09T19:18:04.803+0000] {dag.py:4156} INFO - Setting next_dagrun for example_weekday_branch_operator to 2025-12-08 00:00:00+00:00, run_after=2025-12-09 00:00:00+00:00
[2025-12-09T19:18:04.836+0000] {processor.py:208} INFO - Processing /home/airflow/.local/lib/python3.12/site-packages/airflow/example_dags/example_branch_day_of_week_operator.py took 0.183 seconds
[2025-12-09T19:18:34.990+0000] {processor.py:186} INFO - Started process (PID=490) to work on /home/airflow/.local/lib/python3.12/site-packages/airflow/example_dags/example_branch_day_of_week_operator.py
[2025-12-09T19:18:34.992+0000] {processor.py:914} INFO - Processing file /home/airflow/.local/lib/python3.12/site-packages/airflow/example_dags/example_branch_day_of_week_operator.py for tasks to queue
[2025-12-09T19:18:34.996+0000] {logging_mixin.py:190} INFO - [2025-12-09T19:18:34.996+0000] {dagbag.py:587} INFO - Filling up the DagBag from /home/airflow/.local/lib/python3.12/site-packages/airflow/example_dags/example_branch_day_of_week_operator.py
[2025-12-09T19:18:35.012+0000] {processor.py:925} INFO - DAG(s) 'example_weekday_branch_operator' retrieved from /home/airflow/.local/lib/python3.12/site-packages/airflow/example_dags/example_branch_day_of_week_operator.py
[2025-12-09T19:18:35.049+0000] {logging_mixin.py:190} INFO - [2025-12-09T19:18:35.049+0000] {dag.py:3229} INFO - Sync 1 DAGs
[2025-12-09T19:18:35.083+0000] {logging_mixin.py:190} INFO - [2025-12-09T19:18:35.083+0000] {dag.py:4156} INFO - Setting next_dagrun for example_weekday_branch_operator to 2025-12-08 00:00:00+00:00, run_after=2025-12-09 00:00:00+00:00
[2025-12-09T19:18:35.125+0000] {processor.py:208} INFO - Processing /home/airflow/.local/lib/python3.12/site-packages/airflow/example_dags/example_branch_day_of_week_operator.py took 0.146 seconds
[2025-12-09T19:19:00.119+0000] {processor.py:186} INFO - Started process (PID=551) to work on /home/airflow/.local/lib/python3.12/site-packages/airflow/example_dags/example_branch_day_of_week_operator.py
[2025-12-09T19:19:00.152+0000] {processor.py:914} INFO - Processing file /home/airflow/.local/lib/python3.12/site-packages/airflow/example_dags/example_branch_day_of_week_operator.py for tasks to queue
[2025-12-09T19:19:00.156+0000] {logging_mixin.py:190} INFO - [2025-12-09T19:19:00.155+0000] {dagbag.py:587} INFO - Filling up the DagBag from /home/airflow/.local/lib/python3.12/site-packages/airflow/example_dags/example_branch_day_of_week_operator.py
[2025-12-09T19:19:00.169+0000] {processor.py:925} INFO - DAG(s) 'example_weekday_branch_operator' retrieved from /home/airflow/.local/lib/python3.12/site-packages/airflow/example_dags/example_branch_day_of_week_operator.py
[2025-12-09T19:19:00.211+0000] {logging_mixin.py:190} INFO - [2025-12-09T19:19:00.211+0000] {dag.py:3229} INFO - Sync 1 DAGs
[2025-12-09T19:19:00.246+0000] {logging_mixin.py:190} INFO - [2025-12-09T19:19:00.246+0000] {dag.py:4156} INFO - Setting next_dagrun for example_weekday_branch_operator to 2025-12-08 00:00:00+00:00, run_after=2025-12-09 00:00:00+00:00
[2025-12-09T19:19:00.313+0000] {processor.py:208} INFO - Processing /home/airflow/.local/lib/python3.12/site-packages/airflow/example_dags/example_branch_day_of_week_operator.py took 0.204 seconds
[2025-12-09T19:19:25.875+0000] {processor.py:186} INFO - Started process (PID=604) to work on /home/airflow/.local/lib/python3.12/site-packages/airflow/example_dags/example_branch_day_of_week_operator.py
[2025-12-09T19:19:25.905+0000] {processor.py:914} INFO - Processing file /home/airflow/.local/lib/python3.12/site-packages/airflow/example_dags/example_branch_day_of_week_operator.py for tasks to queue
[2025-12-09T19:19:25.909+0000] {logging_mixin.py:190} INFO - [2025-12-09T19:19:25.908+0000] {dagbag.py:587} INFO - Filling up the DagBag from /home/airflow/.local/lib/python3.12/site-packages/airflow/example_dags/example_branch_day_of_week_operator.py
[2025-12-09T19:19:25.925+0000] {processor.py:925} INFO - DAG(s) 'example_weekday_branch_operator' retrieved from /home/airflow/.local/lib/python3.12/site-packages/airflow/example_dags/example_branch_day_of_week_operator.py
[2025-12-09T19:19:25.961+0000] {logging_mixin.py:190} INFO - [2025-12-09T19:19:25.961+0000] {dag.py:3229} INFO - Sync 1 DAGs
[2025-12-09T19:19:26.002+0000] {logging_mixin.py:190} INFO - [2025-12-09T19:19:26.002+0000] {dag.py:4156} INFO - Setting next_dagrun for example_weekday_branch_operator to 2025-12-08 00:00:00+00:00, run_after=2025-12-09 00:00:00+00:00
[2025-12-09T19:19:26.060+0000] {processor.py:208} INFO - Processing /home/airflow/.local/lib/python3.12/site-packages/airflow/example_dags/example_branch_day_of_week_operator.py took 0.196 seconds
[2025-12-09T19:19:50.303+0000] {processor.py:186} INFO - Started process (PID=653) to work on /home/airflow/.local/lib/python3.12/site-packages/airflow/example_dags/example_branch_day_of_week_operator.py
[2025-12-09T19:19:50.324+0000] {processor.py:914} INFO - Processing file /home/airflow/.local/lib/python3.12/site-packages/airflow/example_dags/example_branch_day_of_week_operator.py for tasks to queue
[2025-12-09T19:19:50.328+0000] {logging_mixin.py:190} INFO - [2025-12-09T19:19:50.328+0000] {dagbag.py:587} INFO - Filling up the DagBag from /home/airflow/.local/lib/python3.12/site-packages/airflow/example_dags/example_branch_day_of_week_operator.py
[2025-12-09T19:19:50.342+0000] {processor.py:925} INFO - DAG(s) 'example_weekday_branch_operator' retrieved from /home/airflow/.local/lib/python3.12/site-packages/airflow/example_dags/example_branch_day_of_week_operator.py
[2025-12-09T19:19:50.373+0000] {logging_mixin.py:190} INFO - [2025-12-09T19:19:50.373+0000] {dag.py:3229} INFO - Sync 1 DAGs
[2025-12-09T19:19:50.405+0000] {logging_mixin.py:190} INFO - [2025-12-09T19:19:50.404+0000] {dag.py:4156} INFO - Setting next_dagrun for example_weekday_branch_operator to 2025-12-08 00:00:00+00:00, run_after=2025-12-09 00:00:00+00:00
[2025-12-09T19:19:50.451+0000] {processor.py:208} INFO - Processing /home/airflow/.local/lib/python3.12/site-packages/airflow/example_dags/example_branch_day_of_week_operator.py took 0.157 seconds
[2025-12-09T19:20:20.122+0000] {processor.py:186} INFO - Started process (PID=715) to work on /home/airflow/.local/lib/python3.12/site-packages/airflow/example_dags/example_branch_day_of_week_operator.py
[2025-12-09T19:20:20.156+0000] {processor.py:914} INFO - Processing file /home/airflow/.local/lib/python3.12/site-packages/airflow/example_dags/example_branch_day_of_week_operator.py for tasks to queue
[2025-12-09T19:20:20.160+0000] {logging_mixin.py:190} INFO - [2025-12-09T19:20:20.159+0000] {dagbag.py:587} INFO - Filling up the DagBag from /home/airflow/.local/lib/python3.12/site-packages/airflow/example_dags/example_branch_day_of_week_operator.py
[2025-12-09T19:20:20.176+0000] {processor.py:925} INFO - DAG(s) 'example_weekday_branch_operator' retrieved from /home/airflow/.local/lib/python3.12/site-packages/airflow/example_dags/example_branch_day_of_week_operator.py
[2025-12-09T19:20:20.213+0000] {logging_mixin.py:190} INFO - [2025-12-09T19:20:20.212+0000] {dag.py:3229} INFO - Sync 1 DAGs
[2025-12-09T19:20:20.245+0000] {logging_mixin.py:190} INFO - [2025-12-09T19:20:20.245+0000] {dag.py:4156} INFO - Setting next_dagrun for example_weekday_branch_operator to 2025-12-08 00:00:00+00:00, run_after=2025-12-09 00:00:00+00:00
[2025-12-09T19:20:20.301+0000] {processor.py:208} INFO - Processing /home/airflow/.local/lib/python3.12/site-packages/airflow/example_dags/example_branch_day_of_week_operator.py took 0.187 seconds
[2025-12-09T19:20:51.029+0000] {processor.py:186} INFO - Started process (PID=773) to work on /home/airflow/.local/lib/python3.12/site-packages/airflow/example_dags/example_branch_day_of_week_operator.py
[2025-12-09T19:20:51.031+0000] {processor.py:914} INFO - Processing file /home/airflow/.local/lib/python3.12/site-packages/airflow/example_dags/example_branch_day_of_week_operator.py for tasks to queue
[2025-12-09T19:20:51.035+0000] {logging_mixin.py:190} INFO - [2025-12-09T19:20:51.034+0000] {dagbag.py:587} INFO - Filling up the DagBag from /home/airflow/.local/lib/python3.12/site-packages/airflow/example_dags/example_branch_day_of_week_operator.py
[2025-12-09T19:20:51.049+0000] {processor.py:925} INFO - DAG(s) 'example_weekday_branch_operator' retrieved from /home/airflow/.local/lib/python3.12/site-packages/airflow/example_dags/example_branch_day_of_week_operator.py
[2025-12-09T19:20:51.085+0000] {logging_mixin.py:190} INFO - [2025-12-09T19:20:51.085+0000] {dag.py:3229} INFO - Sync 1 DAGs
[2025-12-09T19:20:51.122+0000] {logging_mixin.py:190} INFO - [2025-12-09T19:20:51.121+0000] {dag.py:4156} INFO - Setting next_dagrun for example_weekday_branch_operator to 2025-12-08 00:00:00+00:00, run_after=2025-12-09 00:00:00+00:00
[2025-12-09T19:20:51.176+0000] {processor.py:208} INFO - Processing /home/airflow/.local/lib/python3.12/site-packages/airflow/example_dags/example_branch_day_of_week_operator.py took 0.157 seconds
[2025-12-09T19:21:21.529+0000] {processor.py:186} INFO - Started process (PID=835) to work on /home/airflow/.local/lib/python3.12/site-packages/airflow/example_dags/example_branch_day_of_week_operator.py
[2025-12-09T19:21:21.563+0000] {processor.py:914} INFO - Processing file /home/airflow/.local/lib/python3.12/site-packages/airflow/example_dags/example_branch_day_of_week_operator.py for tasks to queue
[2025-12-09T19:21:21.567+0000] {logging_mixin.py:190} INFO - [2025-12-09T19:21:21.567+0000] {dagbag.py:587} INFO - Filling up the DagBag from /home/airflow/.local/lib/python3.12/site-packages/airflow/example_dags/example_branch_day_of_week_operator.py
[2025-12-09T19:21:21.582+0000] {processor.py:925} INFO - DAG(s) 'example_weekday_branch_operator' retrieved from /home/airflow/.local/lib/python3.12/site-packages/airflow/example_dags/example_branch_day_of_week_operator.py
[2025-12-09T19:21:21.617+0000] {logging_mixin.py:190} INFO - [2025-12-09T19:21:21.616+0000] {dag.py:3229} INFO - Sync 1 DAGs
[2025-12-09T19:21:21.657+0000] {logging_mixin.py:190} INFO - [2025-12-09T19:21:21.657+0000] {dag.py:4156} INFO - Setting next_dagrun for example_weekday_branch_operator to 2025-12-08 00:00:00+00:00, run_after=2025-12-09 00:00:00+00:00
[2025-12-09T19:21:21.688+0000] {processor.py:208} INFO - Processing /home/airflow/.local/lib/python3.12/site-packages/airflow/example_dags/example_branch_day_of_week_operator.py took 0.169 seconds
[2025-12-09T19:21:49.503+0000] {processor.py:186} INFO - Started process (PID=897) to work on /home/airflow/.local/lib/python3.12/site-packages/airflow/example_dags/example_branch_day_of_week_operator.py
[2025-12-09T19:21:49.534+0000] {processor.py:914} INFO - Processing file /home/airflow/.local/lib/python3.12/site-packages/airflow/example_dags/example_branch_day_of_week_operator.py for tasks to queue
[2025-12-09T19:21:49.538+0000] {logging_mixin.py:190} INFO - [2025-12-09T19:21:49.538+0000] {dagbag.py:587} INFO - Filling up the DagBag from /home/airflow/.local/lib/python3.12/site-packages/airflow/example_dags/example_branch_day_of_week_operator.py
[2025-12-09T19:21:49.557+0000] {processor.py:925} INFO - DAG(s) 'example_weekday_branch_operator' retrieved from /home/airflow/.local/lib/python3.12/site-packages/airflow/example_dags/example_branch_day_of_week_operator.py
[2025-12-09T19:21:49.592+0000] {logging_mixin.py:190} INFO - [2025-12-09T19:21:49.591+0000] {dag.py:3229} INFO - Sync 1 DAGs
[2025-12-09T19:21:49.624+0000] {logging_mixin.py:190} INFO - [2025-12-09T19:21:49.624+0000] {dag.py:4156} INFO - Setting next_dagrun for example_weekday_branch_operator to 2025-12-08 00:00:00+00:00, run_after=2025-12-09 00:00:00+00:00
[2025-12-09T19:21:49.680+0000] {processor.py:208} INFO - Processing /home/airflow/.local/lib/python3.12/site-packages/airflow/example_dags/example_branch_day_of_week_operator.py took 0.188 seconds
[2025-12-09T19:22:20.298+0000] {processor.py:186} INFO - Started process (PID=957) to work on /home/airflow/.local/lib/python3.12/site-packages/airflow/example_dags/example_branch_day_of_week_operator.py
[2025-12-09T19:22:20.319+0000] {processor.py:914} INFO - Processing file /home/airflow/.local/lib/python3.12/site-packages/airflow/example_dags/example_branch_day_of_week_operator.py for tasks to queue
[2025-12-09T19:22:20.322+0000] {logging_mixin.py:190} INFO - [2025-12-09T19:22:20.322+0000] {dagbag.py:587} INFO - Filling up the DagBag from /home/airflow/.local/lib/python3.12/site-packages/airflow/example_dags/example_branch_day_of_week_operator.py
[2025-12-09T19:22:20.338+0000] {processor.py:925} INFO - DAG(s) 'example_weekday_branch_operator' retrieved from /home/airflow/.local/lib/python3.12/site-packages/airflow/example_dags/example_branch_day_of_week_operator.py
[2025-12-09T19:22:20.374+0000] {logging_mixin.py:190} INFO - [2025-12-09T19:22:20.374+0000] {dag.py:3229} INFO - Sync 1 DAGs
[2025-12-09T19:22:20.409+0000] {logging_mixin.py:190} INFO - [2025-12-09T19:22:20.409+0000] {dag.py:4156} INFO - Setting next_dagrun for example_weekday_branch_operator to 2025-12-08 00:00:00+00:00, run_after=2025-12-09 00:00:00+00:00
[2025-12-09T19:22:20.457+0000] {processor.py:208} INFO - Processing /home/airflow/.local/lib/python3.12/site-packages/airflow/example_dags/example_branch_day_of_week_operator.py took 0.167 seconds
[2025-12-09T19:22:49.756+0000] {processor.py:186} INFO - Started process (PID=1024) to work on /home/airflow/.local/lib/python3.12/site-packages/airflow/example_dags/example_branch_day_of_week_operator.py
[2025-12-09T19:22:49.759+0000] {processor.py:914} INFO - Processing file /home/airflow/.local/lib/python3.12/site-packages/airflow/example_dags/example_branch_day_of_week_operator.py for tasks to queue
[2025-12-09T19:22:49.763+0000] {logging_mixin.py:190} INFO - [2025-12-09T19:22:49.763+0000] {dagbag.py:587} INFO - Filling up the DagBag from /home/airflow/.local/lib/python3.12/site-packages/airflow/example_dags/example_branch_day_of_week_operator.py
[2025-12-09T19:22:49.781+0000] {processor.py:925} INFO - DAG(s) 'example_weekday_branch_operator' retrieved from /home/airflow/.local/lib/python3.12/site-packages/airflow/example_dags/example_branch_day_of_week_operator.py
[2025-12-09T19:22:49.819+0000] {logging_mixin.py:190} INFO - [2025-12-09T19:22:49.818+0000] {dag.py:3229} INFO - Sync 1 DAGs
[2025-12-09T19:22:49.860+0000] {logging_mixin.py:190} INFO - [2025-12-09T19:22:49.860+0000] {dag.py:4156} INFO - Setting next_dagrun for example_weekday_branch_operator to 2025-12-08 00:00:00+00:00, run_after=2025-12-09 00:00:00+00:00
[2025-12-09T19:22:49.924+0000] {processor.py:208} INFO - Processing /home/airflow/.local/lib/python3.12/site-packages/airflow/example_dags/example_branch_day_of_week_operator.py took 0.178 seconds
[2025-12-09T19:23:20.992+0000] {processor.py:186} INFO - Started process (PID=1088) to work on /home/airflow/.local/lib/python3.12/site-packages/airflow/example_dags/example_branch_day_of_week_operator.py
[2025-12-09T19:23:21.023+0000] {processor.py:914} INFO - Processing file /home/airflow/.local/lib/python3.12/site-packages/airflow/example_dags/example_branch_day_of_week_operator.py for tasks to queue
[2025-12-09T19:23:21.027+0000] {logging_mixin.py:190} INFO - [2025-12-09T19:23:21.027+0000] {dagbag.py:587} INFO - Filling up the DagBag from /home/airflow/.local/lib/python3.12/site-packages/airflow/example_dags/example_branch_day_of_week_operator.py
[2025-12-09T19:23:21.043+0000] {processor.py:925} INFO - DAG(s) 'example_weekday_branch_operator' retrieved from /home/airflow/.local/lib/python3.12/site-packages/airflow/example_dags/example_branch_day_of_week_operator.py
[2025-12-09T19:23:21.080+0000] {logging_mixin.py:190} INFO - [2025-12-09T19:23:21.080+0000] {dag.py:3229} INFO - Sync 1 DAGs
[2025-12-09T19:23:21.122+0000] {logging_mixin.py:190} INFO - [2025-12-09T19:23:21.121+0000] {dag.py:4156} INFO - Setting next_dagrun for example_weekday_branch_operator to 2025-12-08 00:00:00+00:00, run_after=2025-12-09 00:00:00+00:00
[2025-12-09T19:23:21.185+0000] {processor.py:208} INFO - Processing /home/airflow/.local/lib/python3.12/site-packages/airflow/example_dags/example_branch_day_of_week_operator.py took 0.205 seconds
[2025-12-09T19:23:51.313+0000] {processor.py:186} INFO - Started process (PID=1150) to work on /home/airflow/.local/lib/python3.12/site-packages/airflow/example_dags/example_branch_day_of_week_operator.py
[2025-12-09T19:23:51.346+0000] {processor.py:914} INFO - Processing file /home/airflow/.local/lib/python3.12/site-packages/airflow/example_dags/example_branch_day_of_week_operator.py for tasks to queue
[2025-12-09T19:23:51.350+0000] {logging_mixin.py:190} INFO - [2025-12-09T19:23:51.350+0000] {dagbag.py:587} INFO - Filling up the DagBag from /home/airflow/.local/lib/python3.12/site-packages/airflow/example_dags/example_branch_day_of_week_operator.py
[2025-12-09T19:23:51.367+0000] {processor.py:925} INFO - DAG(s) 'example_weekday_branch_operator' retrieved from /home/airflow/.local/lib/python3.12/site-packages/airflow/example_dags/example_branch_day_of_week_operator.py
[2025-12-09T19:23:51.406+0000] {logging_mixin.py:190} INFO - [2025-12-09T19:23:51.405+0000] {dag.py:3229} INFO - Sync 1 DAGs
[2025-12-09T19:23:51.446+0000] {logging_mixin.py:190} INFO - [2025-12-09T19:23:51.445+0000] {dag.py:4156} INFO - Setting next_dagrun for example_weekday_branch_operator to 2025-12-08 00:00:00+00:00, run_after=2025-12-09 00:00:00+00:00
[2025-12-09T19:23:51.511+0000] {processor.py:208} INFO - Processing /home/airflow/.local/lib/python3.12/site-packages/airflow/example_dags/example_branch_day_of_week_operator.py took 0.211 seconds
[2025-12-09T19:24:14.976+0000] {processor.py:186} INFO - Started process (PID=1212) to work on /home/airflow/.local/lib/python3.12/site-packages/airflow/example_dags/example_branch_day_of_week_operator.py
[2025-12-09T19:24:14.994+0000] {processor.py:914} INFO - Processing file /home/airflow/.local/lib/python3.12/site-packages/airflow/example_dags/example_branch_day_of_week_operator.py for tasks to queue
[2025-12-09T19:24:14.998+0000] {logging_mixin.py:190} INFO - [2025-12-09T19:24:14.998+0000] {dagbag.py:587} INFO - Filling up the DagBag from /home/airflow/.local/lib/python3.12/site-packages/airflow/example_dags/example_branch_day_of_week_operator.py
[2025-12-09T19:24:15.013+0000] {processor.py:925} INFO - DAG(s) 'example_weekday_branch_operator' retrieved from /home/airflow/.local/lib/python3.12/site-packages/airflow/example_dags/example_branch_day_of_week_operator.py
[2025-12-09T19:24:15.045+0000] {logging_mixin.py:190} INFO - [2025-12-09T19:24:15.045+0000] {dag.py:3229} INFO - Sync 1 DAGs
[2025-12-09T19:24:15.079+0000] {logging_mixin.py:190} INFO - [2025-12-09T19:24:15.079+0000] {dag.py:4156} INFO - Setting next_dagrun for example_weekday_branch_operator to 2025-12-08 00:00:00+00:00, run_after=2025-12-09 00:00:00+00:00
[2025-12-09T19:24:15.125+0000] {processor.py:208} INFO - Processing /home/airflow/.local/lib/python3.12/site-packages/airflow/example_dags/example_branch_day_of_week_operator.py took 0.160 seconds
[2025-12-09T19:24:39.737+0000] {processor.py:186} INFO - Started process (PID=1268) to work on /home/airflow/.local/lib/python3.12/site-packages/airflow/example_dags/example_branch_day_of_week_operator.py
[2025-12-09T19:24:39.768+0000] {processor.py:914} INFO - Processing file /home/airflow/.local/lib/python3.12/site-packages/airflow/example_dags/example_branch_day_of_week_operator.py for tasks to queue
[2025-12-09T19:24:39.773+0000] {logging_mixin.py:190} INFO - [2025-12-09T19:24:39.772+0000] {dagbag.py:587} INFO - Filling up the DagBag from /home/airflow/.local/lib/python3.12/site-packages/airflow/example_dags/example_branch_day_of_week_operator.py
[2025-12-09T19:24:39.789+0000] {processor.py:925} INFO - DAG(s) 'example_weekday_branch_operator' retrieved from /home/airflow/.local/lib/python3.12/site-packages/airflow/example_dags/example_branch_day_of_week_operator.py
[2025-12-09T19:24:39.831+0000] {logging_mixin.py:190} INFO - [2025-12-09T19:24:39.830+0000] {dag.py:3229} INFO - Sync 1 DAGs
[2025-12-09T19:24:39.873+0000] {logging_mixin.py:190} INFO - [2025-12-09T19:24:39.872+0000] {dag.py:4156} INFO - Setting next_dagrun for example_weekday_branch_operator to 2025-12-08 00:00:00+00:00, run_after=2025-12-09 00:00:00+00:00
[2025-12-09T19:24:39.909+0000] {processor.py:208} INFO - Processing /home/airflow/.local/lib/python3.12/site-packages/airflow/example_dags/example_branch_day_of_week_operator.py took 0.185 seconds
[2025-12-09T19:25:04.519+0000] {processor.py:186} INFO - Started process (PID=1327) to work on /home/airflow/.local/lib/python3.12/site-packages/airflow/example_dags/example_branch_day_of_week_operator.py
[2025-12-09T19:25:04.541+0000] {processor.py:914} INFO - Processing file /home/airflow/.local/lib/python3.12/site-packages/airflow/example_dags/example_branch_day_of_week_operator.py for tasks to queue
[2025-12-09T19:25:04.544+0000] {logging_mixin.py:190} INFO - [2025-12-09T19:25:04.544+0000] {dagbag.py:587} INFO - Filling up the DagBag from /home/airflow/.local/lib/python3.12/site-packages/airflow/example_dags/example_branch_day_of_week_operator.py
[2025-12-09T19:25:04.559+0000] {processor.py:925} INFO - DAG(s) 'example_weekday_branch_operator' retrieved from /home/airflow/.local/lib/python3.12/site-packages/airflow/example_dags/example_branch_day_of_week_operator.py
[2025-12-09T19:25:04.592+0000] {logging_mixin.py:190} INFO - [2025-12-09T19:25:04.591+0000] {dag.py:3229} INFO - Sync 1 DAGs
[2025-12-09T19:25:04.624+0000] {logging_mixin.py:190} INFO - [2025-12-09T19:25:04.623+0000] {dag.py:4156} INFO - Setting next_dagrun for example_weekday_branch_operator to 2025-12-08 00:00:00+00:00, run_after=2025-12-09 00:00:00+00:00
[2025-12-09T19:25:04.674+0000] {processor.py:208} INFO - Processing /home/airflow/.local/lib/python3.12/site-packages/airflow/example_dags/example_branch_day_of_week_operator.py took 0.164 seconds
[2025-12-09T19:25:29.520+0000] {processor.py:186} INFO - Started process (PID=1387) to work on /home/airflow/.local/lib/python3.12/site-packages/airflow/example_dags/example_branch_day_of_week_operator.py
[2025-12-09T19:25:29.536+0000] {processor.py:914} INFO - Processing file /home/airflow/.local/lib/python3.12/site-packages/airflow/example_dags/example_branch_day_of_week_operator.py for tasks to queue
[2025-12-09T19:25:29.539+0000] {logging_mixin.py:190} INFO - [2025-12-09T19:25:29.538+0000] {dagbag.py:587} INFO - Filling up the DagBag from /home/airflow/.local/lib/python3.12/site-packages/airflow/example_dags/example_branch_day_of_week_operator.py
[2025-12-09T19:25:29.553+0000] {processor.py:925} INFO - DAG(s) 'example_weekday_branch_operator' retrieved from /home/airflow/.local/lib/python3.12/site-packages/airflow/example_dags/example_branch_day_of_week_operator.py
[2025-12-09T19:25:29.590+0000] {logging_mixin.py:190} INFO - [2025-12-09T19:25:29.590+0000] {dag.py:3229} INFO - Sync 1 DAGs
[2025-12-09T19:25:29.626+0000] {logging_mixin.py:190} INFO - [2025-12-09T19:25:29.625+0000] {dag.py:4156} INFO - Setting next_dagrun for example_weekday_branch_operator to 2025-12-08 00:00:00+00:00, run_after=2025-12-09 00:00:00+00:00
[2025-12-09T19:25:29.683+0000] {processor.py:208} INFO - Processing /home/airflow/.local/lib/python3.12/site-packages/airflow/example_dags/example_branch_day_of_week_operator.py took 0.173 seconds
[2025-12-09T19:25:59.885+0000] {processor.py:186} INFO - Started process (PID=1447) to work on /home/airflow/.local/lib/python3.12/site-packages/airflow/example_dags/example_branch_day_of_week_operator.py
[2025-12-09T19:25:59.903+0000] {processor.py:914} INFO - Processing file /home/airflow/.local/lib/python3.12/site-packages/airflow/example_dags/example_branch_day_of_week_operator.py for tasks to queue
[2025-12-09T19:25:59.907+0000] {logging_mixin.py:190} INFO - [2025-12-09T19:25:59.906+0000] {dagbag.py:587} INFO - Filling up the DagBag from /home/airflow/.local/lib/python3.12/site-packages/airflow/example_dags/example_branch_day_of_week_operator.py
[2025-12-09T19:25:59.920+0000] {processor.py:925} INFO - DAG(s) 'example_weekday_branch_operator' retrieved from /home/airflow/.local/lib/python3.12/site-packages/airflow/example_dags/example_branch_day_of_week_operator.py
[2025-12-09T19:25:59.953+0000] {logging_mixin.py:190} INFO - [2025-12-09T19:25:59.953+0000] {dag.py:3229} INFO - Sync 1 DAGs
[2025-12-09T19:25:59.992+0000] {logging_mixin.py:190} INFO - [2025-12-09T19:25:59.991+0000] {dag.py:4156} INFO - Setting next_dagrun for example_weekday_branch_operator to 2025-12-08 00:00:00+00:00, run_after=2025-12-09 00:00:00+00:00
[2025-12-09T19:26:00.037+0000] {processor.py:208} INFO - Processing /home/airflow/.local/lib/python3.12/site-packages/airflow/example_dags/example_branch_day_of_week_operator.py took 0.162 seconds
