[2025-12-09T19:15:39.408+0000] {processor.py:186} INFO - Started process (PID=124) to work on /home/airflow/.local/lib/python3.12/site-packages/airflow/example_dags/example_bash_decorator.py
[2025-12-09T19:15:39.409+0000] {processor.py:914} INFO - Processing file /home/airflow/.local/lib/python3.12/site-packages/airflow/example_dags/example_bash_decorator.py for tasks to queue
[2025-12-09T19:15:39.412+0000] {logging_mixin.py:190} INFO - [2025-12-09T19:15:39.412+0000] {dagbag.py:587} INFO - Filling up the DagBag from /home/airflow/.local/lib/python3.12/site-packages/airflow/example_dags/example_bash_decorator.py
[2025-12-09T19:15:39.434+0000] {processor.py:925} INFO - DAG(s) 'example_bash_decorator' retrieved from /home/airflow/.local/lib/python3.12/site-packages/airflow/example_dags/example_bash_decorator.py
[2025-12-09T19:15:39.601+0000] {logging_mixin.py:190} INFO - [2025-12-09T19:15:39.600+0000] {override.py:1900} INFO - Created Permission View: can read on DAG:example_bash_decorator
[2025-12-09T19:15:39.616+0000] {logging_mixin.py:190} INFO - [2025-12-09T19:15:39.615+0000] {override.py:1900} INFO - Created Permission View: can delete on DAG:example_bash_decorator
[2025-12-09T19:15:39.625+0000] {logging_mixin.py:190} INFO - [2025-12-09T19:15:39.625+0000] {override.py:1900} INFO - Created Permission View: can edit on DAG:example_bash_decorator
[2025-12-09T19:15:39.637+0000] {logging_mixin.py:190} INFO - [2025-12-09T19:15:39.636+0000] {override.py:1900} INFO - Created Permission View: can read on DAG Run:example_bash_decorator
[2025-12-09T19:15:39.647+0000] {logging_mixin.py:190} INFO - [2025-12-09T19:15:39.646+0000] {override.py:1900} INFO - Created Permission View: can delete on DAG Run:example_bash_decorator
[2025-12-09T19:15:39.655+0000] {logging_mixin.py:190} INFO - [2025-12-09T19:15:39.655+0000] {override.py:1900} INFO - Created Permission View: menu access on DAG Run:example_bash_decorator
[2025-12-09T19:15:39.664+0000] {logging_mixin.py:190} INFO - [2025-12-09T19:15:39.664+0000] {override.py:1900} INFO - Created Permission View: can create on DAG Run:example_bash_decorator
[2025-12-09T19:15:39.665+0000] {logging_mixin.py:190} INFO - [2025-12-09T19:15:39.665+0000] {dag.py:3229} INFO - Sync 1 DAGs
[2025-12-09T19:15:39.683+0000] {logging_mixin.py:190} INFO - [2025-12-09T19:15:39.683+0000] {dag.py:3252} INFO - Creating ORM DAG for example_bash_decorator
[2025-12-09T19:15:39.684+0000] {logging_mixin.py:190} INFO - [2025-12-09T19:15:39.684+0000] {dag.py:4156} INFO - Setting next_dagrun for example_bash_decorator to None, run_after=None
[2025-12-09T19:15:39.706+0000] {processor.py:208} INFO - Processing /home/airflow/.local/lib/python3.12/site-packages/airflow/example_dags/example_bash_decorator.py took 0.307 seconds
[2025-12-09T19:16:07.457+0000] {processor.py:186} INFO - Started process (PID=184) to work on /home/airflow/.local/lib/python3.12/site-packages/airflow/example_dags/example_bash_decorator.py
[2025-12-09T19:16:07.490+0000] {processor.py:914} INFO - Processing file /home/airflow/.local/lib/python3.12/site-packages/airflow/example_dags/example_bash_decorator.py for tasks to queue
[2025-12-09T19:16:07.494+0000] {logging_mixin.py:190} INFO - [2025-12-09T19:16:07.494+0000] {dagbag.py:587} INFO - Filling up the DagBag from /home/airflow/.local/lib/python3.12/site-packages/airflow/example_dags/example_bash_decorator.py
[2025-12-09T19:16:07.514+0000] {processor.py:925} INFO - DAG(s) 'example_bash_decorator' retrieved from /home/airflow/.local/lib/python3.12/site-packages/airflow/example_dags/example_bash_decorator.py
[2025-12-09T19:16:07.536+0000] {logging_mixin.py:190} INFO - [2025-12-09T19:16:07.536+0000] {dag.py:3229} INFO - Sync 1 DAGs
[2025-12-09T19:16:07.564+0000] {logging_mixin.py:190} INFO - [2025-12-09T19:16:07.563+0000] {dag.py:4156} INFO - Setting next_dagrun for example_bash_decorator to None, run_after=None
[2025-12-09T19:16:07.629+0000] {processor.py:208} INFO - Processing /home/airflow/.local/lib/python3.12/site-packages/airflow/example_dags/example_bash_decorator.py took 0.181 seconds
[2025-12-09T19:16:38.421+0000] {processor.py:186} INFO - Started process (PID=243) to work on /home/airflow/.local/lib/python3.12/site-packages/airflow/example_dags/example_bash_decorator.py
[2025-12-09T19:16:38.455+0000] {processor.py:914} INFO - Processing file /home/airflow/.local/lib/python3.12/site-packages/airflow/example_dags/example_bash_decorator.py for tasks to queue
[2025-12-09T19:16:38.458+0000] {logging_mixin.py:190} INFO - [2025-12-09T19:16:38.458+0000] {dagbag.py:587} INFO - Filling up the DagBag from /home/airflow/.local/lib/python3.12/site-packages/airflow/example_dags/example_bash_decorator.py
[2025-12-09T19:16:38.479+0000] {processor.py:925} INFO - DAG(s) 'example_bash_decorator' retrieved from /home/airflow/.local/lib/python3.12/site-packages/airflow/example_dags/example_bash_decorator.py
[2025-12-09T19:16:38.517+0000] {logging_mixin.py:190} INFO - [2025-12-09T19:16:38.517+0000] {dag.py:3229} INFO - Sync 1 DAGs
[2025-12-09T19:16:38.537+0000] {logging_mixin.py:190} INFO - [2025-12-09T19:16:38.537+0000] {dag.py:4156} INFO - Setting next_dagrun for example_bash_decorator to None, run_after=None
[2025-12-09T19:16:38.568+0000] {processor.py:208} INFO - Processing /home/airflow/.local/lib/python3.12/site-packages/airflow/example_dags/example_bash_decorator.py took 0.158 seconds
[2025-12-09T19:17:11.859+0000] {processor.py:186} INFO - Started process (PID=299) to work on /home/airflow/.local/lib/python3.12/site-packages/airflow/example_dags/example_bash_decorator.py
[2025-12-09T19:17:11.892+0000] {processor.py:914} INFO - Processing file /home/airflow/.local/lib/python3.12/site-packages/airflow/example_dags/example_bash_decorator.py for tasks to queue
[2025-12-09T19:17:11.896+0000] {logging_mixin.py:190} INFO - [2025-12-09T19:17:11.896+0000] {dagbag.py:587} INFO - Filling up the DagBag from /home/airflow/.local/lib/python3.12/site-packages/airflow/example_dags/example_bash_decorator.py
[2025-12-09T19:17:11.919+0000] {processor.py:925} INFO - DAG(s) 'example_bash_decorator' retrieved from /home/airflow/.local/lib/python3.12/site-packages/airflow/example_dags/example_bash_decorator.py
[2025-12-09T19:17:03.325+0000] {logging_mixin.py:190} INFO - [2025-12-09T19:17:03.325+0000] {dag.py:3229} INFO - Sync 1 DAGs
[2025-12-09T19:17:03.350+0000] {logging_mixin.py:190} INFO - [2025-12-09T19:17:03.350+0000] {dag.py:4156} INFO - Setting next_dagrun for example_bash_decorator to None, run_after=None
[2025-12-09T19:17:03.380+0000] {processor.py:208} INFO - Processing /home/airflow/.local/lib/python3.12/site-packages/airflow/example_dags/example_bash_decorator.py took 0.169 seconds
[2025-12-09T19:17:30.895+0000] {processor.py:186} INFO - Started process (PID=355) to work on /home/airflow/.local/lib/python3.12/site-packages/airflow/example_dags/example_bash_decorator.py
[2025-12-09T19:17:30.926+0000] {processor.py:914} INFO - Processing file /home/airflow/.local/lib/python3.12/site-packages/airflow/example_dags/example_bash_decorator.py for tasks to queue
[2025-12-09T19:17:30.929+0000] {logging_mixin.py:190} INFO - [2025-12-09T19:17:30.929+0000] {dagbag.py:587} INFO - Filling up the DagBag from /home/airflow/.local/lib/python3.12/site-packages/airflow/example_dags/example_bash_decorator.py
[2025-12-09T19:17:30.952+0000] {processor.py:925} INFO - DAG(s) 'example_bash_decorator' retrieved from /home/airflow/.local/lib/python3.12/site-packages/airflow/example_dags/example_bash_decorator.py
[2025-12-09T19:17:30.991+0000] {logging_mixin.py:190} INFO - [2025-12-09T19:17:30.991+0000] {dag.py:3229} INFO - Sync 1 DAGs
[2025-12-09T19:17:31.013+0000] {logging_mixin.py:190} INFO - [2025-12-09T19:17:31.012+0000] {dag.py:4156} INFO - Setting next_dagrun for example_bash_decorator to None, run_after=None
[2025-12-09T19:17:31.051+0000] {processor.py:208} INFO - Processing /home/airflow/.local/lib/python3.12/site-packages/airflow/example_dags/example_bash_decorator.py took 0.171 seconds
[2025-12-09T19:17:55.426+0000] {processor.py:186} INFO - Started process (PID=409) to work on /home/airflow/.local/lib/python3.12/site-packages/airflow/example_dags/example_bash_decorator.py
[2025-12-09T19:17:55.458+0000] {processor.py:914} INFO - Processing file /home/airflow/.local/lib/python3.12/site-packages/airflow/example_dags/example_bash_decorator.py for tasks to queue
[2025-12-09T19:17:55.461+0000] {logging_mixin.py:190} INFO - [2025-12-09T19:17:55.461+0000] {dagbag.py:587} INFO - Filling up the DagBag from /home/airflow/.local/lib/python3.12/site-packages/airflow/example_dags/example_bash_decorator.py
[2025-12-09T19:17:55.483+0000] {processor.py:925} INFO - DAG(s) 'example_bash_decorator' retrieved from /home/airflow/.local/lib/python3.12/site-packages/airflow/example_dags/example_bash_decorator.py
[2025-12-09T19:17:55.521+0000] {logging_mixin.py:190} INFO - [2025-12-09T19:17:55.521+0000] {dag.py:3229} INFO - Sync 1 DAGs
[2025-12-09T19:17:55.543+0000] {logging_mixin.py:190} INFO - [2025-12-09T19:17:55.543+0000] {dag.py:4156} INFO - Setting next_dagrun for example_bash_decorator to None, run_after=None
[2025-12-09T19:17:55.597+0000] {processor.py:208} INFO - Processing /home/airflow/.local/lib/python3.12/site-packages/airflow/example_dags/example_bash_decorator.py took 0.180 seconds
[2025-12-09T19:18:25.650+0000] {processor.py:186} INFO - Started process (PID=468) to work on /home/airflow/.local/lib/python3.12/site-packages/airflow/example_dags/example_bash_decorator.py
[2025-12-09T19:18:25.683+0000] {processor.py:914} INFO - Processing file /home/airflow/.local/lib/python3.12/site-packages/airflow/example_dags/example_bash_decorator.py for tasks to queue
[2025-12-09T19:18:25.687+0000] {logging_mixin.py:190} INFO - [2025-12-09T19:18:25.687+0000] {dagbag.py:587} INFO - Filling up the DagBag from /home/airflow/.local/lib/python3.12/site-packages/airflow/example_dags/example_bash_decorator.py
[2025-12-09T19:18:25.717+0000] {processor.py:925} INFO - DAG(s) 'example_bash_decorator' retrieved from /home/airflow/.local/lib/python3.12/site-packages/airflow/example_dags/example_bash_decorator.py
[2025-12-09T19:18:25.757+0000] {logging_mixin.py:190} INFO - [2025-12-09T19:18:25.757+0000] {dag.py:3229} INFO - Sync 1 DAGs
[2025-12-09T19:18:25.783+0000] {logging_mixin.py:190} INFO - [2025-12-09T19:18:25.782+0000] {dag.py:4156} INFO - Setting next_dagrun for example_bash_decorator to None, run_after=None
[2025-12-09T19:18:25.819+0000] {processor.py:208} INFO - Processing /home/airflow/.local/lib/python3.12/site-packages/airflow/example_dags/example_bash_decorator.py took 0.178 seconds
[2025-12-09T19:18:56.412+0000] {processor.py:186} INFO - Started process (PID=525) to work on /home/airflow/.local/lib/python3.12/site-packages/airflow/example_dags/example_bash_decorator.py
[2025-12-09T19:18:56.446+0000] {processor.py:914} INFO - Processing file /home/airflow/.local/lib/python3.12/site-packages/airflow/example_dags/example_bash_decorator.py for tasks to queue
[2025-12-09T19:18:56.450+0000] {logging_mixin.py:190} INFO - [2025-12-09T19:18:56.450+0000] {dagbag.py:587} INFO - Filling up the DagBag from /home/airflow/.local/lib/python3.12/site-packages/airflow/example_dags/example_bash_decorator.py
[2025-12-09T19:18:56.478+0000] {processor.py:925} INFO - DAG(s) 'example_bash_decorator' retrieved from /home/airflow/.local/lib/python3.12/site-packages/airflow/example_dags/example_bash_decorator.py
[2025-12-09T19:18:56.518+0000] {logging_mixin.py:190} INFO - [2025-12-09T19:18:56.518+0000] {dag.py:3229} INFO - Sync 1 DAGs
[2025-12-09T19:18:56.540+0000] {logging_mixin.py:190} INFO - [2025-12-09T19:18:56.539+0000] {dag.py:4156} INFO - Setting next_dagrun for example_bash_decorator to None, run_after=None
[2025-12-09T19:18:56.571+0000] {processor.py:208} INFO - Processing /home/airflow/.local/lib/python3.12/site-packages/airflow/example_dags/example_bash_decorator.py took 0.170 seconds
[2025-12-09T19:19:27.265+0000] {processor.py:186} INFO - Started process (PID=613) to work on /home/airflow/.local/lib/python3.12/site-packages/airflow/example_dags/example_bash_decorator.py
[2025-12-09T19:19:27.267+0000] {processor.py:914} INFO - Processing file /home/airflow/.local/lib/python3.12/site-packages/airflow/example_dags/example_bash_decorator.py for tasks to queue
[2025-12-09T19:19:27.270+0000] {logging_mixin.py:190} INFO - [2025-12-09T19:19:27.270+0000] {dagbag.py:587} INFO - Filling up the DagBag from /home/airflow/.local/lib/python3.12/site-packages/airflow/example_dags/example_bash_decorator.py
[2025-12-09T19:19:27.296+0000] {processor.py:925} INFO - DAG(s) 'example_bash_decorator' retrieved from /home/airflow/.local/lib/python3.12/site-packages/airflow/example_dags/example_bash_decorator.py
[2025-12-09T19:19:27.332+0000] {logging_mixin.py:190} INFO - [2025-12-09T19:19:27.332+0000] {dag.py:3229} INFO - Sync 1 DAGs
[2025-12-09T19:19:27.358+0000] {logging_mixin.py:190} INFO - [2025-12-09T19:19:27.357+0000] {dag.py:4156} INFO - Setting next_dagrun for example_bash_decorator to None, run_after=None
[2025-12-09T19:19:27.419+0000] {processor.py:208} INFO - Processing /home/airflow/.local/lib/python3.12/site-packages/airflow/example_dags/example_bash_decorator.py took 0.165 seconds
[2025-12-09T19:19:58.166+0000] {processor.py:186} INFO - Started process (PID=673) to work on /home/airflow/.local/lib/python3.12/site-packages/airflow/example_dags/example_bash_decorator.py
[2025-12-09T19:19:58.188+0000] {processor.py:914} INFO - Processing file /home/airflow/.local/lib/python3.12/site-packages/airflow/example_dags/example_bash_decorator.py for tasks to queue
[2025-12-09T19:19:58.192+0000] {logging_mixin.py:190} INFO - [2025-12-09T19:19:58.191+0000] {dagbag.py:587} INFO - Filling up the DagBag from /home/airflow/.local/lib/python3.12/site-packages/airflow/example_dags/example_bash_decorator.py
[2025-12-09T19:19:58.213+0000] {processor.py:925} INFO - DAG(s) 'example_bash_decorator' retrieved from /home/airflow/.local/lib/python3.12/site-packages/airflow/example_dags/example_bash_decorator.py
[2025-12-09T19:19:58.250+0000] {logging_mixin.py:190} INFO - [2025-12-09T19:19:58.250+0000] {dag.py:3229} INFO - Sync 1 DAGs
[2025-12-09T19:19:58.275+0000] {logging_mixin.py:190} INFO - [2025-12-09T19:19:58.274+0000] {dag.py:4156} INFO - Setting next_dagrun for example_bash_decorator to None, run_after=None
[2025-12-09T19:19:58.303+0000] {processor.py:208} INFO - Processing /home/airflow/.local/lib/python3.12/site-packages/airflow/example_dags/example_bash_decorator.py took 0.148 seconds
[2025-12-09T19:20:29.003+0000] {processor.py:186} INFO - Started process (PID=740) to work on /home/airflow/.local/lib/python3.12/site-packages/airflow/example_dags/example_bash_decorator.py
[2025-12-09T19:20:29.038+0000] {processor.py:914} INFO - Processing file /home/airflow/.local/lib/python3.12/site-packages/airflow/example_dags/example_bash_decorator.py for tasks to queue
[2025-12-09T19:20:29.044+0000] {logging_mixin.py:190} INFO - [2025-12-09T19:20:29.044+0000] {dagbag.py:587} INFO - Filling up the DagBag from /home/airflow/.local/lib/python3.12/site-packages/airflow/example_dags/example_bash_decorator.py
[2025-12-09T19:20:29.072+0000] {processor.py:925} INFO - DAG(s) 'example_bash_decorator' retrieved from /home/airflow/.local/lib/python3.12/site-packages/airflow/example_dags/example_bash_decorator.py
[2025-12-09T19:20:29.115+0000] {logging_mixin.py:190} INFO - [2025-12-09T19:20:29.114+0000] {dag.py:3229} INFO - Sync 1 DAGs
[2025-12-09T19:20:29.138+0000] {logging_mixin.py:190} INFO - [2025-12-09T19:20:29.138+0000] {dag.py:4156} INFO - Setting next_dagrun for example_bash_decorator to None, run_after=None
[2025-12-09T19:20:29.178+0000] {processor.py:208} INFO - Processing /home/airflow/.local/lib/python3.12/site-packages/airflow/example_dags/example_bash_decorator.py took 0.190 seconds
[2025-12-09T19:20:59.665+0000] {processor.py:186} INFO - Started process (PID=802) to work on /home/airflow/.local/lib/python3.12/site-packages/airflow/example_dags/example_bash_decorator.py
[2025-12-09T19:20:59.679+0000] {processor.py:914} INFO - Processing file /home/airflow/.local/lib/python3.12/site-packages/airflow/example_dags/example_bash_decorator.py for tasks to queue
[2025-12-09T19:20:59.684+0000] {logging_mixin.py:190} INFO - [2025-12-09T19:20:59.683+0000] {dagbag.py:587} INFO - Filling up the DagBag from /home/airflow/.local/lib/python3.12/site-packages/airflow/example_dags/example_bash_decorator.py
[2025-12-09T19:20:59.710+0000] {processor.py:925} INFO - DAG(s) 'example_bash_decorator' retrieved from /home/airflow/.local/lib/python3.12/site-packages/airflow/example_dags/example_bash_decorator.py
[2025-12-09T19:20:59.750+0000] {logging_mixin.py:190} INFO - [2025-12-09T19:20:59.750+0000] {dag.py:3229} INFO - Sync 1 DAGs
[2025-12-09T19:20:59.779+0000] {logging_mixin.py:190} INFO - [2025-12-09T19:20:59.778+0000] {dag.py:4156} INFO - Setting next_dagrun for example_bash_decorator to None, run_after=None
[2025-12-09T19:20:59.826+0000] {processor.py:208} INFO - Processing /home/airflow/.local/lib/python3.12/site-packages/airflow/example_dags/example_bash_decorator.py took 0.173 seconds
[2025-12-09T19:21:30.175+0000] {processor.py:186} INFO - Started process (PID=861) to work on /home/airflow/.local/lib/python3.12/site-packages/airflow/example_dags/example_bash_decorator.py
[2025-12-09T19:21:30.197+0000] {processor.py:914} INFO - Processing file /home/airflow/.local/lib/python3.12/site-packages/airflow/example_dags/example_bash_decorator.py for tasks to queue
[2025-12-09T19:21:30.201+0000] {logging_mixin.py:190} INFO - [2025-12-09T19:21:30.200+0000] {dagbag.py:587} INFO - Filling up the DagBag from /home/airflow/.local/lib/python3.12/site-packages/airflow/example_dags/example_bash_decorator.py
[2025-12-09T19:21:30.221+0000] {processor.py:925} INFO - DAG(s) 'example_bash_decorator' retrieved from /home/airflow/.local/lib/python3.12/site-packages/airflow/example_dags/example_bash_decorator.py
[2025-12-09T19:21:30.259+0000] {logging_mixin.py:190} INFO - [2025-12-09T19:21:30.258+0000] {dag.py:3229} INFO - Sync 1 DAGs
[2025-12-09T19:21:30.279+0000] {logging_mixin.py:190} INFO - [2025-12-09T19:21:30.278+0000] {dag.py:4156} INFO - Setting next_dagrun for example_bash_decorator to None, run_after=None
[2025-12-09T19:21:30.333+0000] {processor.py:208} INFO - Processing /home/airflow/.local/lib/python3.12/site-packages/airflow/example_dags/example_bash_decorator.py took 0.166 seconds
[2025-12-09T19:21:55.212+0000] {processor.py:186} INFO - Started process (PID=925) to work on /home/airflow/.local/lib/python3.12/site-packages/airflow/example_dags/example_bash_decorator.py
[2025-12-09T19:21:55.234+0000] {processor.py:914} INFO - Processing file /home/airflow/.local/lib/python3.12/site-packages/airflow/example_dags/example_bash_decorator.py for tasks to queue
[2025-12-09T19:21:55.238+0000] {logging_mixin.py:190} INFO - [2025-12-09T19:21:55.238+0000] {dagbag.py:587} INFO - Filling up the DagBag from /home/airflow/.local/lib/python3.12/site-packages/airflow/example_dags/example_bash_decorator.py
[2025-12-09T19:21:55.261+0000] {processor.py:925} INFO - DAG(s) 'example_bash_decorator' retrieved from /home/airflow/.local/lib/python3.12/site-packages/airflow/example_dags/example_bash_decorator.py
[2025-12-09T19:21:55.308+0000] {logging_mixin.py:190} INFO - [2025-12-09T19:21:55.307+0000] {dag.py:3229} INFO - Sync 1 DAGs
[2025-12-09T19:21:55.337+0000] {logging_mixin.py:190} INFO - [2025-12-09T19:21:55.337+0000] {dag.py:4156} INFO - Setting next_dagrun for example_bash_decorator to None, run_after=None
[2025-12-09T19:21:55.389+0000] {processor.py:208} INFO - Processing /home/airflow/.local/lib/python3.12/site-packages/airflow/example_dags/example_bash_decorator.py took 0.186 seconds
[2025-12-09T19:22:25.931+0000] {processor.py:186} INFO - Started process (PID=985) to work on /home/airflow/.local/lib/python3.12/site-packages/airflow/example_dags/example_bash_decorator.py
[2025-12-09T19:22:25.966+0000] {processor.py:914} INFO - Processing file /home/airflow/.local/lib/python3.12/site-packages/airflow/example_dags/example_bash_decorator.py for tasks to queue
[2025-12-09T19:22:25.972+0000] {logging_mixin.py:190} INFO - [2025-12-09T19:22:25.972+0000] {dagbag.py:587} INFO - Filling up the DagBag from /home/airflow/.local/lib/python3.12/site-packages/airflow/example_dags/example_bash_decorator.py
[2025-12-09T19:22:26.001+0000] {processor.py:925} INFO - DAG(s) 'example_bash_decorator' retrieved from /home/airflow/.local/lib/python3.12/site-packages/airflow/example_dags/example_bash_decorator.py
[2025-12-09T19:22:26.048+0000] {logging_mixin.py:190} INFO - [2025-12-09T19:22:26.048+0000] {dag.py:3229} INFO - Sync 1 DAGs
[2025-12-09T19:22:26.072+0000] {logging_mixin.py:190} INFO - [2025-12-09T19:22:26.071+0000] {dag.py:4156} INFO - Setting next_dagrun for example_bash_decorator to None, run_after=None
[2025-12-09T19:22:26.099+0000] {processor.py:208} INFO - Processing /home/airflow/.local/lib/python3.12/site-packages/airflow/example_dags/example_bash_decorator.py took 0.181 seconds
[2025-12-09T19:22:53.585+0000] {processor.py:186} INFO - Started process (PID=1052) to work on /home/airflow/.local/lib/python3.12/site-packages/airflow/example_dags/example_bash_decorator.py
[2025-12-09T19:22:53.619+0000] {processor.py:914} INFO - Processing file /home/airflow/.local/lib/python3.12/site-packages/airflow/example_dags/example_bash_decorator.py for tasks to queue
[2025-12-09T19:22:53.623+0000] {logging_mixin.py:190} INFO - [2025-12-09T19:22:53.623+0000] {dagbag.py:587} INFO - Filling up the DagBag from /home/airflow/.local/lib/python3.12/site-packages/airflow/example_dags/example_bash_decorator.py
[2025-12-09T19:22:53.645+0000] {processor.py:925} INFO - DAG(s) 'example_bash_decorator' retrieved from /home/airflow/.local/lib/python3.12/site-packages/airflow/example_dags/example_bash_decorator.py
[2025-12-09T19:22:53.682+0000] {logging_mixin.py:190} INFO - [2025-12-09T19:22:53.682+0000] {dag.py:3229} INFO - Sync 1 DAGs
[2025-12-09T19:22:53.700+0000] {logging_mixin.py:190} INFO - [2025-12-09T19:22:53.700+0000] {dag.py:4156} INFO - Setting next_dagrun for example_bash_decorator to None, run_after=None
[2025-12-09T19:22:53.759+0000] {processor.py:208} INFO - Processing /home/airflow/.local/lib/python3.12/site-packages/airflow/example_dags/example_bash_decorator.py took 0.182 seconds
[2025-12-09T19:23:24.271+0000] {processor.py:186} INFO - Started process (PID=1117) to work on /home/airflow/.local/lib/python3.12/site-packages/airflow/example_dags/example_bash_decorator.py
[2025-12-09T19:23:24.305+0000] {processor.py:914} INFO - Processing file /home/airflow/.local/lib/python3.12/site-packages/airflow/example_dags/example_bash_decorator.py for tasks to queue
[2025-12-09T19:23:24.310+0000] {logging_mixin.py:190} INFO - [2025-12-09T19:23:24.309+0000] {dagbag.py:587} INFO - Filling up the DagBag from /home/airflow/.local/lib/python3.12/site-packages/airflow/example_dags/example_bash_decorator.py
[2025-12-09T19:23:24.344+0000] {processor.py:925} INFO - DAG(s) 'example_bash_decorator' retrieved from /home/airflow/.local/lib/python3.12/site-packages/airflow/example_dags/example_bash_decorator.py
[2025-12-09T19:23:24.397+0000] {logging_mixin.py:190} INFO - [2025-12-09T19:23:24.396+0000] {dag.py:3229} INFO - Sync 1 DAGs
[2025-12-09T19:23:24.431+0000] {logging_mixin.py:190} INFO - [2025-12-09T19:23:24.430+0000] {dag.py:4156} INFO - Setting next_dagrun for example_bash_decorator to None, run_after=None
[2025-12-09T19:23:24.464+0000] {processor.py:208} INFO - Processing /home/airflow/.local/lib/python3.12/site-packages/airflow/example_dags/example_bash_decorator.py took 0.202 seconds
[2025-12-09T19:23:55.249+0000] {processor.py:186} INFO - Started process (PID=1177) to work on /home/airflow/.local/lib/python3.12/site-packages/airflow/example_dags/example_bash_decorator.py
[2025-12-09T19:23:55.280+0000] {processor.py:914} INFO - Processing file /home/airflow/.local/lib/python3.12/site-packages/airflow/example_dags/example_bash_decorator.py for tasks to queue
[2025-12-09T19:23:55.283+0000] {logging_mixin.py:190} INFO - [2025-12-09T19:23:55.283+0000] {dagbag.py:587} INFO - Filling up the DagBag from /home/airflow/.local/lib/python3.12/site-packages/airflow/example_dags/example_bash_decorator.py
[2025-12-09T19:23:55.307+0000] {processor.py:925} INFO - DAG(s) 'example_bash_decorator' retrieved from /home/airflow/.local/lib/python3.12/site-packages/airflow/example_dags/example_bash_decorator.py
[2025-12-09T19:23:55.353+0000] {logging_mixin.py:190} INFO - [2025-12-09T19:23:55.353+0000] {dag.py:3229} INFO - Sync 1 DAGs
[2025-12-09T19:23:55.372+0000] {logging_mixin.py:190} INFO - [2025-12-09T19:23:55.372+0000] {dag.py:4156} INFO - Setting next_dagrun for example_bash_decorator to None, run_after=None
[2025-12-09T19:23:55.400+0000] {processor.py:208} INFO - Processing /home/airflow/.local/lib/python3.12/site-packages/airflow/example_dags/example_bash_decorator.py took 0.160 seconds
[2025-12-09T19:24:21.141+0000] {processor.py:186} INFO - Started process (PID=1236) to work on /home/airflow/.local/lib/python3.12/site-packages/airflow/example_dags/example_bash_decorator.py
[2025-12-09T19:24:21.172+0000] {processor.py:914} INFO - Processing file /home/airflow/.local/lib/python3.12/site-packages/airflow/example_dags/example_bash_decorator.py for tasks to queue
[2025-12-09T19:24:21.175+0000] {logging_mixin.py:190} INFO - [2025-12-09T19:24:21.175+0000] {dagbag.py:587} INFO - Filling up the DagBag from /home/airflow/.local/lib/python3.12/site-packages/airflow/example_dags/example_bash_decorator.py
[2025-12-09T19:24:21.198+0000] {processor.py:925} INFO - DAG(s) 'example_bash_decorator' retrieved from /home/airflow/.local/lib/python3.12/site-packages/airflow/example_dags/example_bash_decorator.py
[2025-12-09T19:24:21.237+0000] {logging_mixin.py:190} INFO - [2025-12-09T19:24:21.236+0000] {dag.py:3229} INFO - Sync 1 DAGs
[2025-12-09T19:24:21.259+0000] {logging_mixin.py:190} INFO - [2025-12-09T19:24:21.259+0000] {dag.py:4156} INFO - Setting next_dagrun for example_bash_decorator to None, run_after=None
[2025-12-09T19:24:21.298+0000] {processor.py:208} INFO - Processing /home/airflow/.local/lib/python3.12/site-packages/airflow/example_dags/example_bash_decorator.py took 0.165 seconds
[2025-12-09T19:24:51.595+0000] {processor.py:186} INFO - Started process (PID=1299) to work on /home/airflow/.local/lib/python3.12/site-packages/airflow/example_dags/example_bash_decorator.py
[2025-12-09T19:24:51.628+0000] {processor.py:914} INFO - Processing file /home/airflow/.local/lib/python3.12/site-packages/airflow/example_dags/example_bash_decorator.py for tasks to queue
[2025-12-09T19:24:51.631+0000] {logging_mixin.py:190} INFO - [2025-12-09T19:24:51.631+0000] {dagbag.py:587} INFO - Filling up the DagBag from /home/airflow/.local/lib/python3.12/site-packages/airflow/example_dags/example_bash_decorator.py
[2025-12-09T19:24:51.653+0000] {processor.py:925} INFO - DAG(s) 'example_bash_decorator' retrieved from /home/airflow/.local/lib/python3.12/site-packages/airflow/example_dags/example_bash_decorator.py
[2025-12-09T19:24:51.692+0000] {logging_mixin.py:190} INFO - [2025-12-09T19:24:51.692+0000] {dag.py:3229} INFO - Sync 1 DAGs
[2025-12-09T19:24:51.712+0000] {logging_mixin.py:190} INFO - [2025-12-09T19:24:51.711+0000] {dag.py:4156} INFO - Setting next_dagrun for example_bash_decorator to None, run_after=None
[2025-12-09T19:24:51.769+0000] {processor.py:208} INFO - Processing /home/airflow/.local/lib/python3.12/site-packages/airflow/example_dags/example_bash_decorator.py took 0.183 seconds
[2025-12-09T19:25:21.832+0000] {processor.py:186} INFO - Started process (PID=1359) to work on /home/airflow/.local/lib/python3.12/site-packages/airflow/example_dags/example_bash_decorator.py
[2025-12-09T19:25:21.863+0000] {processor.py:914} INFO - Processing file /home/airflow/.local/lib/python3.12/site-packages/airflow/example_dags/example_bash_decorator.py for tasks to queue
[2025-12-09T19:25:21.867+0000] {logging_mixin.py:190} INFO - [2025-12-09T19:25:21.867+0000] {dagbag.py:587} INFO - Filling up the DagBag from /home/airflow/.local/lib/python3.12/site-packages/airflow/example_dags/example_bash_decorator.py
[2025-12-09T19:25:21.888+0000] {processor.py:925} INFO - DAG(s) 'example_bash_decorator' retrieved from /home/airflow/.local/lib/python3.12/site-packages/airflow/example_dags/example_bash_decorator.py
[2025-12-09T19:25:21.923+0000] {logging_mixin.py:190} INFO - [2025-12-09T19:25:21.923+0000] {dag.py:3229} INFO - Sync 1 DAGs
[2025-12-09T19:25:21.942+0000] {logging_mixin.py:190} INFO - [2025-12-09T19:25:21.942+0000] {dag.py:4156} INFO - Setting next_dagrun for example_bash_decorator to None, run_after=None
[2025-12-09T19:25:21.999+0000] {processor.py:208} INFO - Processing /home/airflow/.local/lib/python3.12/site-packages/airflow/example_dags/example_bash_decorator.py took 0.175 seconds
[2025-12-09T19:25:46.581+0000] {processor.py:186} INFO - Started process (PID=1419) to work on /home/airflow/.local/lib/python3.12/site-packages/airflow/example_dags/example_bash_decorator.py
[2025-12-09T19:25:46.615+0000] {processor.py:914} INFO - Processing file /home/airflow/.local/lib/python3.12/site-packages/airflow/example_dags/example_bash_decorator.py for tasks to queue
[2025-12-09T19:25:46.619+0000] {logging_mixin.py:190} INFO - [2025-12-09T19:25:46.618+0000] {dagbag.py:587} INFO - Filling up the DagBag from /home/airflow/.local/lib/python3.12/site-packages/airflow/example_dags/example_bash_decorator.py
[2025-12-09T19:25:46.641+0000] {processor.py:925} INFO - DAG(s) 'example_bash_decorator' retrieved from /home/airflow/.local/lib/python3.12/site-packages/airflow/example_dags/example_bash_decorator.py
[2025-12-09T19:25:46.680+0000] {logging_mixin.py:190} INFO - [2025-12-09T19:25:46.680+0000] {dag.py:3229} INFO - Sync 1 DAGs
[2025-12-09T19:25:46.700+0000] {logging_mixin.py:190} INFO - [2025-12-09T19:25:46.700+0000] {dag.py:4156} INFO - Setting next_dagrun for example_bash_decorator to None, run_after=None
[2025-12-09T19:25:46.758+0000] {processor.py:208} INFO - Processing /home/airflow/.local/lib/python3.12/site-packages/airflow/example_dags/example_bash_decorator.py took 0.187 seconds
