[2025-12-09T19:15:35.144+0000] {processor.py:186} INFO - Started process (PID=104) to work on /home/airflow/.local/lib/python3.12/site-packages/airflow/example_dags/example_nested_branch_dag.py
[2025-12-09T19:15:35.145+0000] {processor.py:914} INFO - Processing file /home/airflow/.local/lib/python3.12/site-packages/airflow/example_dags/example_nested_branch_dag.py for tasks to queue
[2025-12-09T19:15:35.148+0000] {logging_mixin.py:190} INFO - [2025-12-09T19:15:35.148+0000] {dagbag.py:587} INFO - Filling up the DagBag from /home/airflow/.local/lib/python3.12/site-packages/airflow/example_dags/example_nested_branch_dag.py
[2025-12-09T19:15:35.169+0000] {processor.py:925} INFO - DAG(s) 'example_nested_branch_dag' retrieved from /home/airflow/.local/lib/python3.12/site-packages/airflow/example_dags/example_nested_branch_dag.py
[2025-12-09T19:15:35.349+0000] {logging_mixin.py:190} INFO - [2025-12-09T19:15:35.348+0000] {override.py:1900} INFO - Created Permission View: can read on DAG:example_nested_branch_dag
[2025-12-09T19:15:35.362+0000] {logging_mixin.py:190} INFO - [2025-12-09T19:15:35.362+0000] {override.py:1900} INFO - Created Permission View: can delete on DAG:example_nested_branch_dag
[2025-12-09T19:15:35.372+0000] {logging_mixin.py:190} INFO - [2025-12-09T19:15:35.371+0000] {override.py:1900} INFO - Created Permission View: can edit on DAG:example_nested_branch_dag
[2025-12-09T19:15:35.384+0000] {logging_mixin.py:190} INFO - [2025-12-09T19:15:35.383+0000] {override.py:1900} INFO - Created Permission View: can read on DAG Run:example_nested_branch_dag
[2025-12-09T19:15:35.393+0000] {logging_mixin.py:190} INFO - [2025-12-09T19:15:35.393+0000] {override.py:1900} INFO - Created Permission View: can delete on DAG Run:example_nested_branch_dag
[2025-12-09T19:15:35.403+0000] {logging_mixin.py:190} INFO - [2025-12-09T19:15:35.403+0000] {override.py:1900} INFO - Created Permission View: menu access on DAG Run:example_nested_branch_dag
[2025-12-09T19:15:35.413+0000] {logging_mixin.py:190} INFO - [2025-12-09T19:15:35.412+0000] {override.py:1900} INFO - Created Permission View: can create on DAG Run:example_nested_branch_dag
[2025-12-09T19:15:35.413+0000] {logging_mixin.py:190} INFO - [2025-12-09T19:15:35.413+0000] {dag.py:3229} INFO - Sync 1 DAGs
[2025-12-09T19:15:35.433+0000] {logging_mixin.py:190} INFO - [2025-12-09T19:15:35.432+0000] {dag.py:3252} INFO - Creating ORM DAG for example_nested_branch_dag
[2025-12-09T19:15:35.449+0000] {logging_mixin.py:190} INFO - [2025-12-09T19:15:35.448+0000] {dag.py:4156} INFO - Setting next_dagrun for example_nested_branch_dag to 2025-12-08 00:00:00+00:00, run_after=2025-12-09 00:00:00+00:00
[2025-12-09T19:15:35.472+0000] {processor.py:208} INFO - Processing /home/airflow/.local/lib/python3.12/site-packages/airflow/example_dags/example_nested_branch_dag.py took 0.339 seconds
[2025-12-09T19:16:04.818+0000] {processor.py:186} INFO - Started process (PID=166) to work on /home/airflow/.local/lib/python3.12/site-packages/airflow/example_dags/example_nested_branch_dag.py
[2025-12-09T19:16:04.821+0000] {processor.py:914} INFO - Processing file /home/airflow/.local/lib/python3.12/site-packages/airflow/example_dags/example_nested_branch_dag.py for tasks to queue
[2025-12-09T19:16:04.826+0000] {logging_mixin.py:190} INFO - [2025-12-09T19:16:04.825+0000] {dagbag.py:587} INFO - Filling up the DagBag from /home/airflow/.local/lib/python3.12/site-packages/airflow/example_dags/example_nested_branch_dag.py
[2025-12-09T19:16:04.850+0000] {processor.py:925} INFO - DAG(s) 'example_nested_branch_dag' retrieved from /home/airflow/.local/lib/python3.12/site-packages/airflow/example_dags/example_nested_branch_dag.py
[2025-12-09T19:16:04.878+0000] {logging_mixin.py:190} INFO - [2025-12-09T19:16:04.878+0000] {dag.py:3229} INFO - Sync 1 DAGs
[2025-12-09T19:16:04.932+0000] {logging_mixin.py:190} INFO - [2025-12-09T19:16:04.932+0000] {dag.py:4156} INFO - Setting next_dagrun for example_nested_branch_dag to 2025-12-08 00:00:00+00:00, run_after=2025-12-09 00:00:00+00:00
[2025-12-09T19:16:04.968+0000] {processor.py:208} INFO - Processing /home/airflow/.local/lib/python3.12/site-packages/airflow/example_dags/example_nested_branch_dag.py took 0.164 seconds
[2025-12-09T19:16:35.994+0000] {processor.py:186} INFO - Started process (PID=225) to work on /home/airflow/.local/lib/python3.12/site-packages/airflow/example_dags/example_nested_branch_dag.py
[2025-12-09T19:16:36.025+0000] {processor.py:914} INFO - Processing file /home/airflow/.local/lib/python3.12/site-packages/airflow/example_dags/example_nested_branch_dag.py for tasks to queue
[2025-12-09T19:16:36.033+0000] {logging_mixin.py:190} INFO - [2025-12-09T19:16:36.032+0000] {dagbag.py:587} INFO - Filling up the DagBag from /home/airflow/.local/lib/python3.12/site-packages/airflow/example_dags/example_nested_branch_dag.py
[2025-12-09T19:16:36.060+0000] {processor.py:925} INFO - DAG(s) 'example_nested_branch_dag' retrieved from /home/airflow/.local/lib/python3.12/site-packages/airflow/example_dags/example_nested_branch_dag.py
[2025-12-09T19:16:36.109+0000] {logging_mixin.py:190} INFO - [2025-12-09T19:16:36.109+0000] {dag.py:3229} INFO - Sync 1 DAGs
[2025-12-09T19:16:36.145+0000] {logging_mixin.py:190} INFO - [2025-12-09T19:16:36.145+0000] {dag.py:4156} INFO - Setting next_dagrun for example_nested_branch_dag to 2025-12-08 00:00:00+00:00, run_after=2025-12-09 00:00:00+00:00
[2025-12-09T19:16:36.176+0000] {processor.py:208} INFO - Processing /home/airflow/.local/lib/python3.12/site-packages/airflow/example_dags/example_nested_branch_dag.py took 0.192 seconds
[2025-12-09T19:16:59.536+0000] {processor.py:186} INFO - Started process (PID=284) to work on /home/airflow/.local/lib/python3.12/site-packages/airflow/example_dags/example_nested_branch_dag.py
[2025-12-09T19:16:59.570+0000] {processor.py:914} INFO - Processing file /home/airflow/.local/lib/python3.12/site-packages/airflow/example_dags/example_nested_branch_dag.py for tasks to queue
[2025-12-09T19:16:59.574+0000] {logging_mixin.py:190} INFO - [2025-12-09T19:16:59.574+0000] {dagbag.py:587} INFO - Filling up the DagBag from /home/airflow/.local/lib/python3.12/site-packages/airflow/example_dags/example_nested_branch_dag.py
[2025-12-09T19:16:59.596+0000] {processor.py:925} INFO - DAG(s) 'example_nested_branch_dag' retrieved from /home/airflow/.local/lib/python3.12/site-packages/airflow/example_dags/example_nested_branch_dag.py
[2025-12-09T19:16:59.638+0000] {logging_mixin.py:190} INFO - [2025-12-09T19:16:59.637+0000] {dag.py:3229} INFO - Sync 1 DAGs
[2025-12-09T19:16:59.676+0000] {logging_mixin.py:190} INFO - [2025-12-09T19:16:59.676+0000] {dag.py:4156} INFO - Setting next_dagrun for example_nested_branch_dag to 2025-12-08 00:00:00+00:00, run_after=2025-12-09 00:00:00+00:00
[2025-12-09T19:16:59.717+0000] {processor.py:208} INFO - Processing /home/airflow/.local/lib/python3.12/site-packages/airflow/example_dags/example_nested_branch_dag.py took 0.190 seconds
[2025-12-09T19:17:37.835+0000] {processor.py:186} INFO - Started process (PID=344) to work on /home/airflow/.local/lib/python3.12/site-packages/airflow/example_dags/example_nested_branch_dag.py
[2025-12-09T19:17:29.230+0000] {processor.py:914} INFO - Processing file /home/airflow/.local/lib/python3.12/site-packages/airflow/example_dags/example_nested_branch_dag.py for tasks to queue
[2025-12-09T19:17:29.234+0000] {logging_mixin.py:190} INFO - [2025-12-09T19:17:29.234+0000] {dagbag.py:587} INFO - Filling up the DagBag from /home/airflow/.local/lib/python3.12/site-packages/airflow/example_dags/example_nested_branch_dag.py
[2025-12-09T19:17:29.253+0000] {processor.py:925} INFO - DAG(s) 'example_nested_branch_dag' retrieved from /home/airflow/.local/lib/python3.12/site-packages/airflow/example_dags/example_nested_branch_dag.py
[2025-12-09T19:17:29.287+0000] {logging_mixin.py:190} INFO - [2025-12-09T19:17:29.287+0000] {dag.py:3229} INFO - Sync 1 DAGs
[2025-12-09T19:17:29.327+0000] {logging_mixin.py:190} INFO - [2025-12-09T19:17:29.326+0000] {dag.py:4156} INFO - Setting next_dagrun for example_nested_branch_dag to 2025-12-08 00:00:00+00:00, run_after=2025-12-09 00:00:00+00:00
[2025-12-09T19:17:29.351+0000] {processor.py:208} INFO - Processing /home/airflow/.local/lib/python3.12/site-packages/airflow/example_dags/example_nested_branch_dag.py took 0.159 seconds
[2025-12-09T19:17:53.455+0000] {processor.py:186} INFO - Started process (PID=398) to work on /home/airflow/.local/lib/python3.12/site-packages/airflow/example_dags/example_nested_branch_dag.py
[2025-12-09T19:17:53.457+0000] {processor.py:914} INFO - Processing file /home/airflow/.local/lib/python3.12/site-packages/airflow/example_dags/example_nested_branch_dag.py for tasks to queue
[2025-12-09T19:17:53.461+0000] {logging_mixin.py:190} INFO - [2025-12-09T19:17:53.460+0000] {dagbag.py:587} INFO - Filling up the DagBag from /home/airflow/.local/lib/python3.12/site-packages/airflow/example_dags/example_nested_branch_dag.py
[2025-12-09T19:17:53.481+0000] {processor.py:925} INFO - DAG(s) 'example_nested_branch_dag' retrieved from /home/airflow/.local/lib/python3.12/site-packages/airflow/example_dags/example_nested_branch_dag.py
[2025-12-09T19:17:53.519+0000] {logging_mixin.py:190} INFO - [2025-12-09T19:17:53.518+0000] {dag.py:3229} INFO - Sync 1 DAGs
[2025-12-09T19:17:53.557+0000] {logging_mixin.py:190} INFO - [2025-12-09T19:17:53.556+0000] {dag.py:4156} INFO - Setting next_dagrun for example_nested_branch_dag to 2025-12-08 00:00:00+00:00, run_after=2025-12-09 00:00:00+00:00
[2025-12-09T19:17:53.584+0000] {processor.py:208} INFO - Processing /home/airflow/.local/lib/python3.12/site-packages/airflow/example_dags/example_nested_branch_dag.py took 0.140 seconds
[2025-12-09T19:18:32.206+0000] {processor.py:186} INFO - Started process (PID=457) to work on /home/airflow/.local/lib/python3.12/site-packages/airflow/example_dags/example_nested_branch_dag.py
[2025-12-09T19:18:32.209+0000] {processor.py:914} INFO - Processing file /home/airflow/.local/lib/python3.12/site-packages/airflow/example_dags/example_nested_branch_dag.py for tasks to queue
[2025-12-09T19:18:32.213+0000] {logging_mixin.py:190} INFO - [2025-12-09T19:18:32.212+0000] {dagbag.py:587} INFO - Filling up the DagBag from /home/airflow/.local/lib/python3.12/site-packages/airflow/example_dags/example_nested_branch_dag.py
[2025-12-09T19:18:32.232+0000] {processor.py:925} INFO - DAG(s) 'example_nested_branch_dag' retrieved from /home/airflow/.local/lib/python3.12/site-packages/airflow/example_dags/example_nested_branch_dag.py
[2025-12-09T19:18:32.272+0000] {logging_mixin.py:190} INFO - [2025-12-09T19:18:32.271+0000] {dag.py:3229} INFO - Sync 1 DAGs
[2025-12-09T19:18:32.310+0000] {logging_mixin.py:190} INFO - [2025-12-09T19:18:32.310+0000] {dag.py:4156} INFO - Setting next_dagrun for example_nested_branch_dag to 2025-12-08 00:00:00+00:00, run_after=2025-12-09 00:00:00+00:00
[2025-12-09T19:18:32.356+0000] {processor.py:208} INFO - Processing /home/airflow/.local/lib/python3.12/site-packages/airflow/example_dags/example_nested_branch_dag.py took 0.161 seconds
[2025-12-09T19:19:00.368+0000] {processor.py:186} INFO - Started process (PID=553) to work on /home/airflow/.local/lib/python3.12/site-packages/airflow/example_dags/example_nested_branch_dag.py
[2025-12-09T19:19:00.399+0000] {processor.py:914} INFO - Processing file /home/airflow/.local/lib/python3.12/site-packages/airflow/example_dags/example_nested_branch_dag.py for tasks to queue
[2025-12-09T19:19:00.402+0000] {logging_mixin.py:190} INFO - [2025-12-09T19:19:00.402+0000] {dagbag.py:587} INFO - Filling up the DagBag from /home/airflow/.local/lib/python3.12/site-packages/airflow/example_dags/example_nested_branch_dag.py
[2025-12-09T19:19:00.419+0000] {processor.py:925} INFO - DAG(s) 'example_nested_branch_dag' retrieved from /home/airflow/.local/lib/python3.12/site-packages/airflow/example_dags/example_nested_branch_dag.py
[2025-12-09T19:19:00.451+0000] {logging_mixin.py:190} INFO - [2025-12-09T19:19:00.450+0000] {dag.py:3229} INFO - Sync 1 DAGs
[2025-12-09T19:19:00.483+0000] {logging_mixin.py:190} INFO - [2025-12-09T19:19:00.483+0000] {dag.py:4156} INFO - Setting next_dagrun for example_nested_branch_dag to 2025-12-08 00:00:00+00:00, run_after=2025-12-09 00:00:00+00:00
[2025-12-09T19:19:00.541+0000] {processor.py:208} INFO - Processing /home/airflow/.local/lib/python3.12/site-packages/airflow/example_dags/example_nested_branch_dag.py took 0.183 seconds
[2025-12-09T19:19:26.125+0000] {processor.py:186} INFO - Started process (PID=606) to work on /home/airflow/.local/lib/python3.12/site-packages/airflow/example_dags/example_nested_branch_dag.py
[2025-12-09T19:19:26.128+0000] {processor.py:914} INFO - Processing file /home/airflow/.local/lib/python3.12/site-packages/airflow/example_dags/example_nested_branch_dag.py for tasks to queue
[2025-12-09T19:19:26.131+0000] {logging_mixin.py:190} INFO - [2025-12-09T19:19:26.131+0000] {dagbag.py:587} INFO - Filling up the DagBag from /home/airflow/.local/lib/python3.12/site-packages/airflow/example_dags/example_nested_branch_dag.py
[2025-12-09T19:19:26.148+0000] {processor.py:925} INFO - DAG(s) 'example_nested_branch_dag' retrieved from /home/airflow/.local/lib/python3.12/site-packages/airflow/example_dags/example_nested_branch_dag.py
[2025-12-09T19:19:26.185+0000] {logging_mixin.py:190} INFO - [2025-12-09T19:19:26.185+0000] {dag.py:3229} INFO - Sync 1 DAGs
[2025-12-09T19:19:26.224+0000] {logging_mixin.py:190} INFO - [2025-12-09T19:19:26.224+0000] {dag.py:4156} INFO - Setting next_dagrun for example_nested_branch_dag to 2025-12-08 00:00:00+00:00, run_after=2025-12-09 00:00:00+00:00
[2025-12-09T19:19:26.251+0000] {processor.py:208} INFO - Processing /home/airflow/.local/lib/python3.12/site-packages/airflow/example_dags/example_nested_branch_dag.py took 0.137 seconds
[2025-12-09T19:19:50.759+0000] {processor.py:186} INFO - Started process (PID=655) to work on /home/airflow/.local/lib/python3.12/site-packages/airflow/example_dags/example_nested_branch_dag.py
[2025-12-09T19:19:50.789+0000] {processor.py:914} INFO - Processing file /home/airflow/.local/lib/python3.12/site-packages/airflow/example_dags/example_nested_branch_dag.py for tasks to queue
[2025-12-09T19:19:50.794+0000] {logging_mixin.py:190} INFO - [2025-12-09T19:19:50.793+0000] {dagbag.py:587} INFO - Filling up the DagBag from /home/airflow/.local/lib/python3.12/site-packages/airflow/example_dags/example_nested_branch_dag.py
[2025-12-09T19:19:50.814+0000] {processor.py:925} INFO - DAG(s) 'example_nested_branch_dag' retrieved from /home/airflow/.local/lib/python3.12/site-packages/airflow/example_dags/example_nested_branch_dag.py
[2025-12-09T19:19:50.852+0000] {logging_mixin.py:190} INFO - [2025-12-09T19:19:50.852+0000] {dag.py:3229} INFO - Sync 1 DAGs
[2025-12-09T19:19:50.887+0000] {logging_mixin.py:190} INFO - [2025-12-09T19:19:50.886+0000] {dag.py:4156} INFO - Setting next_dagrun for example_nested_branch_dag to 2025-12-08 00:00:00+00:00, run_after=2025-12-09 00:00:00+00:00
[2025-12-09T19:19:50.919+0000] {processor.py:208} INFO - Processing /home/airflow/.local/lib/python3.12/site-packages/airflow/example_dags/example_nested_branch_dag.py took 0.171 seconds
[2025-12-09T19:20:20.353+0000] {processor.py:186} INFO - Started process (PID=717) to work on /home/airflow/.local/lib/python3.12/site-packages/airflow/example_dags/example_nested_branch_dag.py
[2025-12-09T19:20:20.384+0000] {processor.py:914} INFO - Processing file /home/airflow/.local/lib/python3.12/site-packages/airflow/example_dags/example_nested_branch_dag.py for tasks to queue
[2025-12-09T19:20:20.388+0000] {logging_mixin.py:190} INFO - [2025-12-09T19:20:20.388+0000] {dagbag.py:587} INFO - Filling up the DagBag from /home/airflow/.local/lib/python3.12/site-packages/airflow/example_dags/example_nested_branch_dag.py
[2025-12-09T19:20:20.404+0000] {processor.py:925} INFO - DAG(s) 'example_nested_branch_dag' retrieved from /home/airflow/.local/lib/python3.12/site-packages/airflow/example_dags/example_nested_branch_dag.py
[2025-12-09T19:20:20.440+0000] {logging_mixin.py:190} INFO - [2025-12-09T19:20:20.439+0000] {dag.py:3229} INFO - Sync 1 DAGs
[2025-12-09T19:20:20.478+0000] {logging_mixin.py:190} INFO - [2025-12-09T19:20:20.478+0000] {dag.py:4156} INFO - Setting next_dagrun for example_nested_branch_dag to 2025-12-08 00:00:00+00:00, run_after=2025-12-09 00:00:00+00:00
[2025-12-09T19:20:20.505+0000] {processor.py:208} INFO - Processing /home/airflow/.local/lib/python3.12/site-packages/airflow/example_dags/example_nested_branch_dag.py took 0.164 seconds
[2025-12-09T19:20:51.232+0000] {processor.py:186} INFO - Started process (PID=775) to work on /home/airflow/.local/lib/python3.12/site-packages/airflow/example_dags/example_nested_branch_dag.py
[2025-12-09T19:20:51.266+0000] {processor.py:914} INFO - Processing file /home/airflow/.local/lib/python3.12/site-packages/airflow/example_dags/example_nested_branch_dag.py for tasks to queue
[2025-12-09T19:20:51.269+0000] {logging_mixin.py:190} INFO - [2025-12-09T19:20:51.269+0000] {dagbag.py:587} INFO - Filling up the DagBag from /home/airflow/.local/lib/python3.12/site-packages/airflow/example_dags/example_nested_branch_dag.py
[2025-12-09T19:20:51.286+0000] {processor.py:925} INFO - DAG(s) 'example_nested_branch_dag' retrieved from /home/airflow/.local/lib/python3.12/site-packages/airflow/example_dags/example_nested_branch_dag.py
[2025-12-09T19:20:51.321+0000] {logging_mixin.py:190} INFO - [2025-12-09T19:20:51.321+0000] {dag.py:3229} INFO - Sync 1 DAGs
[2025-12-09T19:20:51.356+0000] {logging_mixin.py:190} INFO - [2025-12-09T19:20:51.356+0000] {dag.py:4156} INFO - Setting next_dagrun for example_nested_branch_dag to 2025-12-08 00:00:00+00:00, run_after=2025-12-09 00:00:00+00:00
[2025-12-09T19:20:51.417+0000] {processor.py:208} INFO - Processing /home/airflow/.local/lib/python3.12/site-packages/airflow/example_dags/example_nested_branch_dag.py took 0.196 seconds
[2025-12-09T19:21:21.996+0000] {processor.py:186} INFO - Started process (PID=837) to work on /home/airflow/.local/lib/python3.12/site-packages/airflow/example_dags/example_nested_branch_dag.py
[2025-12-09T19:21:22.029+0000] {processor.py:914} INFO - Processing file /home/airflow/.local/lib/python3.12/site-packages/airflow/example_dags/example_nested_branch_dag.py for tasks to queue
[2025-12-09T19:21:22.033+0000] {logging_mixin.py:190} INFO - [2025-12-09T19:21:22.033+0000] {dagbag.py:587} INFO - Filling up the DagBag from /home/airflow/.local/lib/python3.12/site-packages/airflow/example_dags/example_nested_branch_dag.py
[2025-12-09T19:21:22.052+0000] {processor.py:925} INFO - DAG(s) 'example_nested_branch_dag' retrieved from /home/airflow/.local/lib/python3.12/site-packages/airflow/example_dags/example_nested_branch_dag.py
[2025-12-09T19:21:22.091+0000] {logging_mixin.py:190} INFO - [2025-12-09T19:21:22.091+0000] {dag.py:3229} INFO - Sync 1 DAGs
[2025-12-09T19:21:22.127+0000] {logging_mixin.py:190} INFO - [2025-12-09T19:21:22.127+0000] {dag.py:4156} INFO - Setting next_dagrun for example_nested_branch_dag to 2025-12-08 00:00:00+00:00, run_after=2025-12-09 00:00:00+00:00
[2025-12-09T19:21:22.178+0000] {processor.py:208} INFO - Processing /home/airflow/.local/lib/python3.12/site-packages/airflow/example_dags/example_nested_branch_dag.py took 0.194 seconds
[2025-12-09T19:21:49.750+0000] {processor.py:186} INFO - Started process (PID=899) to work on /home/airflow/.local/lib/python3.12/site-packages/airflow/example_dags/example_nested_branch_dag.py
[2025-12-09T19:21:49.773+0000] {processor.py:914} INFO - Processing file /home/airflow/.local/lib/python3.12/site-packages/airflow/example_dags/example_nested_branch_dag.py for tasks to queue
[2025-12-09T19:21:49.777+0000] {logging_mixin.py:190} INFO - [2025-12-09T19:21:49.776+0000] {dagbag.py:587} INFO - Filling up the DagBag from /home/airflow/.local/lib/python3.12/site-packages/airflow/example_dags/example_nested_branch_dag.py
[2025-12-09T19:21:49.797+0000] {processor.py:925} INFO - DAG(s) 'example_nested_branch_dag' retrieved from /home/airflow/.local/lib/python3.12/site-packages/airflow/example_dags/example_nested_branch_dag.py
[2025-12-09T19:21:49.833+0000] {logging_mixin.py:190} INFO - [2025-12-09T19:21:49.833+0000] {dag.py:3229} INFO - Sync 1 DAGs
[2025-12-09T19:21:49.879+0000] {logging_mixin.py:190} INFO - [2025-12-09T19:21:49.879+0000] {dag.py:4156} INFO - Setting next_dagrun for example_nested_branch_dag to 2025-12-08 00:00:00+00:00, run_after=2025-12-09 00:00:00+00:00
[2025-12-09T19:21:49.942+0000] {processor.py:208} INFO - Processing /home/airflow/.local/lib/python3.12/site-packages/airflow/example_dags/example_nested_branch_dag.py took 0.201 seconds
[2025-12-09T19:22:20.528+0000] {processor.py:186} INFO - Started process (PID=959) to work on /home/airflow/.local/lib/python3.12/site-packages/airflow/example_dags/example_nested_branch_dag.py
[2025-12-09T19:22:20.546+0000] {processor.py:914} INFO - Processing file /home/airflow/.local/lib/python3.12/site-packages/airflow/example_dags/example_nested_branch_dag.py for tasks to queue
[2025-12-09T19:22:20.550+0000] {logging_mixin.py:190} INFO - [2025-12-09T19:22:20.549+0000] {dagbag.py:587} INFO - Filling up the DagBag from /home/airflow/.local/lib/python3.12/site-packages/airflow/example_dags/example_nested_branch_dag.py
[2025-12-09T19:22:20.566+0000] {processor.py:925} INFO - DAG(s) 'example_nested_branch_dag' retrieved from /home/airflow/.local/lib/python3.12/site-packages/airflow/example_dags/example_nested_branch_dag.py
[2025-12-09T19:22:20.603+0000] {logging_mixin.py:190} INFO - [2025-12-09T19:22:20.603+0000] {dag.py:3229} INFO - Sync 1 DAGs
[2025-12-09T19:22:20.637+0000] {logging_mixin.py:190} INFO - [2025-12-09T19:22:20.636+0000] {dag.py:4156} INFO - Setting next_dagrun for example_nested_branch_dag to 2025-12-08 00:00:00+00:00, run_after=2025-12-09 00:00:00+00:00
[2025-12-09T19:22:20.663+0000] {processor.py:208} INFO - Processing /home/airflow/.local/lib/python3.12/site-packages/airflow/example_dags/example_nested_branch_dag.py took 0.144 seconds
[2025-12-09T19:22:49.973+0000] {processor.py:186} INFO - Started process (PID=1026) to work on /home/airflow/.local/lib/python3.12/site-packages/airflow/example_dags/example_nested_branch_dag.py
[2025-12-09T19:22:49.981+0000] {processor.py:914} INFO - Processing file /home/airflow/.local/lib/python3.12/site-packages/airflow/example_dags/example_nested_branch_dag.py for tasks to queue
[2025-12-09T19:22:49.985+0000] {logging_mixin.py:190} INFO - [2025-12-09T19:22:49.984+0000] {dagbag.py:587} INFO - Filling up the DagBag from /home/airflow/.local/lib/python3.12/site-packages/airflow/example_dags/example_nested_branch_dag.py
[2025-12-09T19:22:50.002+0000] {processor.py:925} INFO - DAG(s) 'example_nested_branch_dag' retrieved from /home/airflow/.local/lib/python3.12/site-packages/airflow/example_dags/example_nested_branch_dag.py
[2025-12-09T19:22:50.035+0000] {logging_mixin.py:190} INFO - [2025-12-09T19:22:50.035+0000] {dag.py:3229} INFO - Sync 1 DAGs
[2025-12-09T19:22:50.067+0000] {logging_mixin.py:190} INFO - [2025-12-09T19:22:50.067+0000] {dag.py:4156} INFO - Setting next_dagrun for example_nested_branch_dag to 2025-12-08 00:00:00+00:00, run_after=2025-12-09 00:00:00+00:00
[2025-12-09T19:22:50.127+0000] {processor.py:208} INFO - Processing /home/airflow/.local/lib/python3.12/site-packages/airflow/example_dags/example_nested_branch_dag.py took 0.163 seconds
[2025-12-09T19:23:21.252+0000] {processor.py:186} INFO - Started process (PID=1090) to work on /home/airflow/.local/lib/python3.12/site-packages/airflow/example_dags/example_nested_branch_dag.py
[2025-12-09T19:23:21.287+0000] {processor.py:914} INFO - Processing file /home/airflow/.local/lib/python3.12/site-packages/airflow/example_dags/example_nested_branch_dag.py for tasks to queue
[2025-12-09T19:23:21.291+0000] {logging_mixin.py:190} INFO - [2025-12-09T19:23:21.291+0000] {dagbag.py:587} INFO - Filling up the DagBag from /home/airflow/.local/lib/python3.12/site-packages/airflow/example_dags/example_nested_branch_dag.py
[2025-12-09T19:23:21.310+0000] {processor.py:925} INFO - DAG(s) 'example_nested_branch_dag' retrieved from /home/airflow/.local/lib/python3.12/site-packages/airflow/example_dags/example_nested_branch_dag.py
[2025-12-09T19:23:21.349+0000] {logging_mixin.py:190} INFO - [2025-12-09T19:23:21.348+0000] {dag.py:3229} INFO - Sync 1 DAGs
[2025-12-09T19:23:21.384+0000] {logging_mixin.py:190} INFO - [2025-12-09T19:23:21.383+0000] {dag.py:4156} INFO - Setting next_dagrun for example_nested_branch_dag to 2025-12-08 00:00:00+00:00, run_after=2025-12-09 00:00:00+00:00
[2025-12-09T19:23:21.444+0000] {processor.py:208} INFO - Processing /home/airflow/.local/lib/python3.12/site-packages/airflow/example_dags/example_nested_branch_dag.py took 0.202 seconds
[2025-12-09T19:23:51.573+0000] {processor.py:186} INFO - Started process (PID=1152) to work on /home/airflow/.local/lib/python3.12/site-packages/airflow/example_dags/example_nested_branch_dag.py
[2025-12-09T19:23:51.604+0000] {processor.py:914} INFO - Processing file /home/airflow/.local/lib/python3.12/site-packages/airflow/example_dags/example_nested_branch_dag.py for tasks to queue
[2025-12-09T19:23:51.608+0000] {logging_mixin.py:190} INFO - [2025-12-09T19:23:51.608+0000] {dagbag.py:587} INFO - Filling up the DagBag from /home/airflow/.local/lib/python3.12/site-packages/airflow/example_dags/example_nested_branch_dag.py
[2025-12-09T19:23:51.631+0000] {processor.py:925} INFO - DAG(s) 'example_nested_branch_dag' retrieved from /home/airflow/.local/lib/python3.12/site-packages/airflow/example_dags/example_nested_branch_dag.py
[2025-12-09T19:23:51.675+0000] {logging_mixin.py:190} INFO - [2025-12-09T19:23:51.675+0000] {dag.py:3229} INFO - Sync 1 DAGs
[2025-12-09T19:23:51.721+0000] {logging_mixin.py:190} INFO - [2025-12-09T19:23:51.721+0000] {dag.py:4156} INFO - Setting next_dagrun for example_nested_branch_dag to 2025-12-08 00:00:00+00:00, run_after=2025-12-09 00:00:00+00:00
[2025-12-09T19:23:51.755+0000] {processor.py:208} INFO - Processing /home/airflow/.local/lib/python3.12/site-packages/airflow/example_dags/example_nested_branch_dag.py took 0.192 seconds
[2025-12-09T19:24:15.188+0000] {processor.py:186} INFO - Started process (PID=1214) to work on /home/airflow/.local/lib/python3.12/site-packages/airflow/example_dags/example_nested_branch_dag.py
[2025-12-09T19:24:15.202+0000] {processor.py:914} INFO - Processing file /home/airflow/.local/lib/python3.12/site-packages/airflow/example_dags/example_nested_branch_dag.py for tasks to queue
[2025-12-09T19:24:15.206+0000] {logging_mixin.py:190} INFO - [2025-12-09T19:24:15.205+0000] {dagbag.py:587} INFO - Filling up the DagBag from /home/airflow/.local/lib/python3.12/site-packages/airflow/example_dags/example_nested_branch_dag.py
[2025-12-09T19:24:15.222+0000] {processor.py:925} INFO - DAG(s) 'example_nested_branch_dag' retrieved from /home/airflow/.local/lib/python3.12/site-packages/airflow/example_dags/example_nested_branch_dag.py
[2025-12-09T19:24:15.259+0000] {logging_mixin.py:190} INFO - [2025-12-09T19:24:15.259+0000] {dag.py:3229} INFO - Sync 1 DAGs
[2025-12-09T19:24:15.292+0000] {logging_mixin.py:190} INFO - [2025-12-09T19:24:15.292+0000] {dag.py:4156} INFO - Setting next_dagrun for example_nested_branch_dag to 2025-12-08 00:00:00+00:00, run_after=2025-12-09 00:00:00+00:00
[2025-12-09T19:24:15.350+0000] {processor.py:208} INFO - Processing /home/airflow/.local/lib/python3.12/site-packages/airflow/example_dags/example_nested_branch_dag.py took 0.171 seconds
[2025-12-09T19:24:39.978+0000] {processor.py:186} INFO - Started process (PID=1270) to work on /home/airflow/.local/lib/python3.12/site-packages/airflow/example_dags/example_nested_branch_dag.py
[2025-12-09T19:24:40.009+0000] {processor.py:914} INFO - Processing file /home/airflow/.local/lib/python3.12/site-packages/airflow/example_dags/example_nested_branch_dag.py for tasks to queue
[2025-12-09T19:24:40.015+0000] {logging_mixin.py:190} INFO - [2025-12-09T19:24:40.014+0000] {dagbag.py:587} INFO - Filling up the DagBag from /home/airflow/.local/lib/python3.12/site-packages/airflow/example_dags/example_nested_branch_dag.py
[2025-12-09T19:24:40.035+0000] {processor.py:925} INFO - DAG(s) 'example_nested_branch_dag' retrieved from /home/airflow/.local/lib/python3.12/site-packages/airflow/example_dags/example_nested_branch_dag.py
[2025-12-09T19:24:40.075+0000] {logging_mixin.py:190} INFO - [2025-12-09T19:24:40.074+0000] {dag.py:3229} INFO - Sync 1 DAGs
[2025-12-09T19:24:40.117+0000] {logging_mixin.py:190} INFO - [2025-12-09T19:24:40.117+0000] {dag.py:4156} INFO - Setting next_dagrun for example_nested_branch_dag to 2025-12-08 00:00:00+00:00, run_after=2025-12-09 00:00:00+00:00
[2025-12-09T19:24:40.167+0000] {processor.py:208} INFO - Processing /home/airflow/.local/lib/python3.12/site-packages/airflow/example_dags/example_nested_branch_dag.py took 0.200 seconds
[2025-12-09T19:25:05.000+0000] {processor.py:186} INFO - Started process (PID=1329) to work on /home/airflow/.local/lib/python3.12/site-packages/airflow/example_dags/example_nested_branch_dag.py
[2025-12-09T19:25:05.002+0000] {processor.py:914} INFO - Processing file /home/airflow/.local/lib/python3.12/site-packages/airflow/example_dags/example_nested_branch_dag.py for tasks to queue
[2025-12-09T19:25:05.007+0000] {logging_mixin.py:190} INFO - [2025-12-09T19:25:05.006+0000] {dagbag.py:587} INFO - Filling up the DagBag from /home/airflow/.local/lib/python3.12/site-packages/airflow/example_dags/example_nested_branch_dag.py
[2025-12-09T19:25:05.025+0000] {processor.py:925} INFO - DAG(s) 'example_nested_branch_dag' retrieved from /home/airflow/.local/lib/python3.12/site-packages/airflow/example_dags/example_nested_branch_dag.py
[2025-12-09T19:25:05.060+0000] {logging_mixin.py:190} INFO - [2025-12-09T19:25:05.060+0000] {dag.py:3229} INFO - Sync 1 DAGs
[2025-12-09T19:25:05.095+0000] {logging_mixin.py:190} INFO - [2025-12-09T19:25:05.094+0000] {dag.py:4156} INFO - Setting next_dagrun for example_nested_branch_dag to 2025-12-08 00:00:00+00:00, run_after=2025-12-09 00:00:00+00:00
[2025-12-09T19:25:05.142+0000] {processor.py:208} INFO - Processing /home/airflow/.local/lib/python3.12/site-packages/airflow/example_dags/example_nested_branch_dag.py took 0.155 seconds
[2025-12-09T19:25:29.990+0000] {processor.py:186} INFO - Started process (PID=1389) to work on /home/airflow/.local/lib/python3.12/site-packages/airflow/example_dags/example_nested_branch_dag.py
[2025-12-09T19:25:30.021+0000] {processor.py:914} INFO - Processing file /home/airflow/.local/lib/python3.12/site-packages/airflow/example_dags/example_nested_branch_dag.py for tasks to queue
[2025-12-09T19:25:30.025+0000] {logging_mixin.py:190} INFO - [2025-12-09T19:25:30.024+0000] {dagbag.py:587} INFO - Filling up the DagBag from /home/airflow/.local/lib/python3.12/site-packages/airflow/example_dags/example_nested_branch_dag.py
[2025-12-09T19:25:30.045+0000] {processor.py:925} INFO - DAG(s) 'example_nested_branch_dag' retrieved from /home/airflow/.local/lib/python3.12/site-packages/airflow/example_dags/example_nested_branch_dag.py
[2025-12-09T19:25:30.085+0000] {logging_mixin.py:190} INFO - [2025-12-09T19:25:30.084+0000] {dag.py:3229} INFO - Sync 1 DAGs
[2025-12-09T19:25:30.124+0000] {logging_mixin.py:190} INFO - [2025-12-09T19:25:30.124+0000] {dag.py:4156} INFO - Setting next_dagrun for example_nested_branch_dag to 2025-12-08 00:00:00+00:00, run_after=2025-12-09 00:00:00+00:00
[2025-12-09T19:25:30.159+0000] {processor.py:208} INFO - Processing /home/airflow/.local/lib/python3.12/site-packages/airflow/example_dags/example_nested_branch_dag.py took 0.181 seconds
[2025-12-09T19:26:00.338+0000] {processor.py:186} INFO - Started process (PID=1449) to work on /home/airflow/.local/lib/python3.12/site-packages/airflow/example_dags/example_nested_branch_dag.py
[2025-12-09T19:26:00.341+0000] {processor.py:914} INFO - Processing file /home/airflow/.local/lib/python3.12/site-packages/airflow/example_dags/example_nested_branch_dag.py for tasks to queue
[2025-12-09T19:26:00.344+0000] {logging_mixin.py:190} INFO - [2025-12-09T19:26:00.344+0000] {dagbag.py:587} INFO - Filling up the DagBag from /home/airflow/.local/lib/python3.12/site-packages/airflow/example_dags/example_nested_branch_dag.py
[2025-12-09T19:26:00.362+0000] {processor.py:925} INFO - DAG(s) 'example_nested_branch_dag' retrieved from /home/airflow/.local/lib/python3.12/site-packages/airflow/example_dags/example_nested_branch_dag.py
[2025-12-09T19:26:00.396+0000] {logging_mixin.py:190} INFO - [2025-12-09T19:26:00.396+0000] {dag.py:3229} INFO - Sync 1 DAGs
[2025-12-09T19:26:00.428+0000] {logging_mixin.py:190} INFO - [2025-12-09T19:26:00.428+0000] {dag.py:4156} INFO - Setting next_dagrun for example_nested_branch_dag to 2025-12-08 00:00:00+00:00, run_after=2025-12-09 00:00:00+00:00
[2025-12-09T19:26:00.482+0000] {processor.py:208} INFO - Processing /home/airflow/.local/lib/python3.12/site-packages/airflow/example_dags/example_nested_branch_dag.py took 0.153 seconds
