[2025-12-09T19:15:37.954+0000] {processor.py:186} INFO - Started process (PID=115) to work on /home/airflow/.local/lib/python3.12/site-packages/airflow/example_dags/example_dataset_alias_with_no_taskflow.py
[2025-12-09T19:15:37.956+0000] {processor.py:914} INFO - Processing file /home/airflow/.local/lib/python3.12/site-packages/airflow/example_dags/example_dataset_alias_with_no_taskflow.py for tasks to queue
[2025-12-09T19:15:37.960+0000] {logging_mixin.py:190} INFO - [2025-12-09T19:15:37.959+0000] {dagbag.py:587} INFO - Filling up the DagBag from /home/airflow/.local/lib/python3.12/site-packages/airflow/example_dags/example_dataset_alias_with_no_taskflow.py
[2025-12-09T19:15:38.222+0000] {processor.py:925} INFO - DAG(s) 'dataset_alias_example_alias_consumer_with_no_taskflow', 'dataset_s3_bucket_consumer_with_no_taskflow', 'dataset_s3_bucket_producer_with_no_taskflow', 'dataset_alias_example_alias_producer_with_no_taskflow' retrieved from /home/airflow/.local/lib/python3.12/site-packages/airflow/example_dags/example_dataset_alias_with_no_taskflow.py
[2025-12-09T19:15:38.377+0000] {logging_mixin.py:190} INFO - [2025-12-09T19:15:38.376+0000] {override.py:1900} INFO - Created Permission View: can read on DAG:dataset_alias_example_alias_consumer_with_no_taskflow
[2025-12-09T19:15:38.393+0000] {logging_mixin.py:190} INFO - [2025-12-09T19:15:38.393+0000] {override.py:1900} INFO - Created Permission View: can delete on DAG:dataset_alias_example_alias_consumer_with_no_taskflow
[2025-12-09T19:15:38.404+0000] {logging_mixin.py:190} INFO - [2025-12-09T19:15:38.403+0000] {override.py:1900} INFO - Created Permission View: can edit on DAG:dataset_alias_example_alias_consumer_with_no_taskflow
[2025-12-09T19:15:46.329+0000] {logging_mixin.py:190} INFO - [2025-12-09T19:15:46.328+0000] {override.py:1900} INFO - Created Permission View: can read on DAG Run:dataset_alias_example_alias_consumer_with_no_taskflow
[2025-12-09T19:15:46.341+0000] {logging_mixin.py:190} INFO - [2025-12-09T19:15:46.340+0000] {override.py:1900} INFO - Created Permission View: can delete on DAG Run:dataset_alias_example_alias_consumer_with_no_taskflow
[2025-12-09T19:15:46.352+0000] {logging_mixin.py:190} INFO - [2025-12-09T19:15:46.351+0000] {override.py:1900} INFO - Created Permission View: menu access on DAG Run:dataset_alias_example_alias_consumer_with_no_taskflow
[2025-12-09T19:15:46.362+0000] {logging_mixin.py:190} INFO - [2025-12-09T19:15:46.362+0000] {override.py:1900} INFO - Created Permission View: can create on DAG Run:dataset_alias_example_alias_consumer_with_no_taskflow
[2025-12-09T19:15:46.382+0000] {logging_mixin.py:190} INFO - [2025-12-09T19:15:46.381+0000] {override.py:1900} INFO - Created Permission View: can read on DAG:dataset_s3_bucket_consumer_with_no_taskflow
[2025-12-09T19:15:46.392+0000] {logging_mixin.py:190} INFO - [2025-12-09T19:15:46.391+0000] {override.py:1900} INFO - Created Permission View: can delete on DAG:dataset_s3_bucket_consumer_with_no_taskflow
[2025-12-09T19:15:46.402+0000] {logging_mixin.py:190} INFO - [2025-12-09T19:15:46.402+0000] {override.py:1900} INFO - Created Permission View: can edit on DAG:dataset_s3_bucket_consumer_with_no_taskflow
[2025-12-09T19:15:46.415+0000] {logging_mixin.py:190} INFO - [2025-12-09T19:15:46.414+0000] {override.py:1900} INFO - Created Permission View: can read on DAG Run:dataset_s3_bucket_consumer_with_no_taskflow
[2025-12-09T19:15:46.425+0000] {logging_mixin.py:190} INFO - [2025-12-09T19:15:46.425+0000] {override.py:1900} INFO - Created Permission View: can delete on DAG Run:dataset_s3_bucket_consumer_with_no_taskflow
[2025-12-09T19:15:46.436+0000] {logging_mixin.py:190} INFO - [2025-12-09T19:15:46.435+0000] {override.py:1900} INFO - Created Permission View: menu access on DAG Run:dataset_s3_bucket_consumer_with_no_taskflow
[2025-12-09T19:15:46.446+0000] {logging_mixin.py:190} INFO - [2025-12-09T19:15:46.445+0000] {override.py:1900} INFO - Created Permission View: can create on DAG Run:dataset_s3_bucket_consumer_with_no_taskflow
[2025-12-09T19:15:46.466+0000] {logging_mixin.py:190} INFO - [2025-12-09T19:15:46.465+0000] {override.py:1900} INFO - Created Permission View: can read on DAG:dataset_s3_bucket_producer_with_no_taskflow
[2025-12-09T19:15:46.477+0000] {logging_mixin.py:190} INFO - [2025-12-09T19:15:46.476+0000] {override.py:1900} INFO - Created Permission View: can delete on DAG:dataset_s3_bucket_producer_with_no_taskflow
[2025-12-09T19:15:46.487+0000] {logging_mixin.py:190} INFO - [2025-12-09T19:15:46.487+0000] {override.py:1900} INFO - Created Permission View: can edit on DAG:dataset_s3_bucket_producer_with_no_taskflow
[2025-12-09T19:15:46.499+0000] {logging_mixin.py:190} INFO - [2025-12-09T19:15:46.499+0000] {override.py:1900} INFO - Created Permission View: can read on DAG Run:dataset_s3_bucket_producer_with_no_taskflow
[2025-12-09T19:15:46.509+0000] {logging_mixin.py:190} INFO - [2025-12-09T19:15:46.509+0000] {override.py:1900} INFO - Created Permission View: can delete on DAG Run:dataset_s3_bucket_producer_with_no_taskflow
[2025-12-09T19:15:46.520+0000] {logging_mixin.py:190} INFO - [2025-12-09T19:15:46.520+0000] {override.py:1900} INFO - Created Permission View: menu access on DAG Run:dataset_s3_bucket_producer_with_no_taskflow
[2025-12-09T19:15:46.531+0000] {logging_mixin.py:190} INFO - [2025-12-09T19:15:46.531+0000] {override.py:1900} INFO - Created Permission View: can create on DAG Run:dataset_s3_bucket_producer_with_no_taskflow
[2025-12-09T19:15:46.555+0000] {logging_mixin.py:190} INFO - [2025-12-09T19:15:46.554+0000] {override.py:1900} INFO - Created Permission View: can read on DAG:dataset_alias_example_alias_producer_with_no_taskflow
[2025-12-09T19:15:46.565+0000] {logging_mixin.py:190} INFO - [2025-12-09T19:15:46.564+0000] {override.py:1900} INFO - Created Permission View: can delete on DAG:dataset_alias_example_alias_producer_with_no_taskflow
[2025-12-09T19:15:46.575+0000] {logging_mixin.py:190} INFO - [2025-12-09T19:15:46.575+0000] {override.py:1900} INFO - Created Permission View: can edit on DAG:dataset_alias_example_alias_producer_with_no_taskflow
[2025-12-09T19:15:46.589+0000] {logging_mixin.py:190} INFO - [2025-12-09T19:15:46.589+0000] {override.py:1900} INFO - Created Permission View: can read on DAG Run:dataset_alias_example_alias_producer_with_no_taskflow
[2025-12-09T19:15:46.600+0000] {logging_mixin.py:190} INFO - [2025-12-09T19:15:46.599+0000] {override.py:1900} INFO - Created Permission View: can delete on DAG Run:dataset_alias_example_alias_producer_with_no_taskflow
[2025-12-09T19:15:46.610+0000] {logging_mixin.py:190} INFO - [2025-12-09T19:15:46.610+0000] {override.py:1900} INFO - Created Permission View: menu access on DAG Run:dataset_alias_example_alias_producer_with_no_taskflow
[2025-12-09T19:15:46.620+0000] {logging_mixin.py:190} INFO - [2025-12-09T19:15:46.619+0000] {override.py:1900} INFO - Created Permission View: can create on DAG Run:dataset_alias_example_alias_producer_with_no_taskflow
[2025-12-09T19:15:46.620+0000] {logging_mixin.py:190} INFO - [2025-12-09T19:15:46.620+0000] {dag.py:3229} INFO - Sync 4 DAGs
[2025-12-09T19:15:46.643+0000] {logging_mixin.py:190} INFO - [2025-12-09T19:15:46.642+0000] {dag.py:3252} INFO - Creating ORM DAG for dataset_s3_bucket_consumer_with_no_taskflow
[2025-12-09T19:15:46.643+0000] {logging_mixin.py:190} INFO - [2025-12-09T19:15:46.643+0000] {dag.py:3252} INFO - Creating ORM DAG for dataset_alias_example_alias_consumer_with_no_taskflow
[2025-12-09T19:15:46.644+0000] {logging_mixin.py:190} INFO - [2025-12-09T19:15:46.644+0000] {dag.py:3252} INFO - Creating ORM DAG for dataset_s3_bucket_producer_with_no_taskflow
[2025-12-09T19:15:46.645+0000] {logging_mixin.py:190} INFO - [2025-12-09T19:15:46.644+0000] {dag.py:3252} INFO - Creating ORM DAG for dataset_alias_example_alias_producer_with_no_taskflow
[2025-12-09T19:15:46.660+0000] {logging_mixin.py:190} INFO - [2025-12-09T19:15:46.659+0000] {dag.py:4156} INFO - Setting next_dagrun for dataset_alias_example_alias_consumer_with_no_taskflow to None, run_after=None
[2025-12-09T19:15:46.661+0000] {logging_mixin.py:190} INFO - [2025-12-09T19:15:46.661+0000] {dag.py:4156} INFO - Setting next_dagrun for dataset_alias_example_alias_producer_with_no_taskflow to None, run_after=None
[2025-12-09T19:15:46.662+0000] {logging_mixin.py:190} INFO - [2025-12-09T19:15:46.661+0000] {dag.py:4156} INFO - Setting next_dagrun for dataset_s3_bucket_consumer_with_no_taskflow to None, run_after=None
[2025-12-09T19:15:46.662+0000] {logging_mixin.py:190} INFO - [2025-12-09T19:15:46.662+0000] {dag.py:4156} INFO - Setting next_dagrun for dataset_s3_bucket_producer_with_no_taskflow to None, run_after=None
[2025-12-09T19:15:46.706+0000] {processor.py:208} INFO - Processing /home/airflow/.local/lib/python3.12/site-packages/airflow/example_dags/example_dataset_alias_with_no_taskflow.py took 0.851 seconds
[2025-12-09T19:16:16.789+0000] {processor.py:186} INFO - Started process (PID=199) to work on /home/airflow/.local/lib/python3.12/site-packages/airflow/example_dags/example_dataset_alias_with_no_taskflow.py
[2025-12-09T19:16:16.823+0000] {processor.py:914} INFO - Processing file /home/airflow/.local/lib/python3.12/site-packages/airflow/example_dags/example_dataset_alias_with_no_taskflow.py for tasks to queue
[2025-12-09T19:16:16.828+0000] {logging_mixin.py:190} INFO - [2025-12-09T19:16:16.828+0000] {dagbag.py:587} INFO - Filling up the DagBag from /home/airflow/.local/lib/python3.12/site-packages/airflow/example_dags/example_dataset_alias_with_no_taskflow.py
[2025-12-09T19:16:17.059+0000] {processor.py:925} INFO - DAG(s) 'dataset_s3_bucket_consumer_with_no_taskflow', 'dataset_s3_bucket_producer_with_no_taskflow', 'dataset_alias_example_alias_producer_with_no_taskflow', 'dataset_alias_example_alias_consumer_with_no_taskflow' retrieved from /home/airflow/.local/lib/python3.12/site-packages/airflow/example_dags/example_dataset_alias_with_no_taskflow.py
[2025-12-09T19:16:17.086+0000] {logging_mixin.py:190} INFO - [2025-12-09T19:16:17.086+0000] {dag.py:3229} INFO - Sync 4 DAGs
[2025-12-09T19:16:17.124+0000] {logging_mixin.py:190} INFO - [2025-12-09T19:16:17.123+0000] {dag.py:4156} INFO - Setting next_dagrun for dataset_alias_example_alias_consumer_with_no_taskflow to None, run_after=None
[2025-12-09T19:16:17.128+0000] {logging_mixin.py:190} INFO - [2025-12-09T19:16:17.127+0000] {dag.py:4156} INFO - Setting next_dagrun for dataset_alias_example_alias_producer_with_no_taskflow to None, run_after=None
[2025-12-09T19:16:17.129+0000] {logging_mixin.py:190} INFO - [2025-12-09T19:16:17.129+0000] {dag.py:4156} INFO - Setting next_dagrun for dataset_s3_bucket_consumer_with_no_taskflow to None, run_after=None
[2025-12-09T19:16:17.131+0000] {logging_mixin.py:190} INFO - [2025-12-09T19:16:17.131+0000] {dag.py:4156} INFO - Setting next_dagrun for dataset_s3_bucket_producer_with_no_taskflow to None, run_after=None
[2025-12-09T19:16:17.198+0000] {processor.py:208} INFO - Processing /home/airflow/.local/lib/python3.12/site-packages/airflow/example_dags/example_dataset_alias_with_no_taskflow.py took 0.420 seconds
[2025-12-09T19:16:51.811+0000] {processor.py:186} INFO - Started process (PID=258) to work on /home/airflow/.local/lib/python3.12/site-packages/airflow/example_dags/example_dataset_alias_with_no_taskflow.py
[2025-12-09T19:16:51.843+0000] {processor.py:914} INFO - Processing file /home/airflow/.local/lib/python3.12/site-packages/airflow/example_dags/example_dataset_alias_with_no_taskflow.py for tasks to queue
[2025-12-09T19:16:51.847+0000] {logging_mixin.py:190} INFO - [2025-12-09T19:16:51.847+0000] {dagbag.py:587} INFO - Filling up the DagBag from /home/airflow/.local/lib/python3.12/site-packages/airflow/example_dags/example_dataset_alias_with_no_taskflow.py
[2025-12-09T19:16:43.511+0000] {processor.py:925} INFO - DAG(s) 'dataset_s3_bucket_consumer_with_no_taskflow', 'dataset_s3_bucket_producer_with_no_taskflow', 'dataset_alias_example_alias_consumer_with_no_taskflow', 'dataset_alias_example_alias_producer_with_no_taskflow' retrieved from /home/airflow/.local/lib/python3.12/site-packages/airflow/example_dags/example_dataset_alias_with_no_taskflow.py
[2025-12-09T19:16:43.539+0000] {logging_mixin.py:190} INFO - [2025-12-09T19:16:43.538+0000] {dag.py:3229} INFO - Sync 4 DAGs
[2025-12-09T19:16:43.571+0000] {logging_mixin.py:190} INFO - [2025-12-09T19:16:43.570+0000] {dag.py:4156} INFO - Setting next_dagrun for dataset_alias_example_alias_consumer_with_no_taskflow to None, run_after=None
[2025-12-09T19:16:43.577+0000] {logging_mixin.py:190} INFO - [2025-12-09T19:16:43.576+0000] {dag.py:4156} INFO - Setting next_dagrun for dataset_alias_example_alias_producer_with_no_taskflow to None, run_after=None
[2025-12-09T19:16:43.579+0000] {logging_mixin.py:190} INFO - [2025-12-09T19:16:43.578+0000] {dag.py:4156} INFO - Setting next_dagrun for dataset_s3_bucket_consumer_with_no_taskflow to None, run_after=None
[2025-12-09T19:16:43.580+0000] {logging_mixin.py:190} INFO - [2025-12-09T19:16:43.580+0000] {dag.py:4156} INFO - Setting next_dagrun for dataset_s3_bucket_producer_with_no_taskflow to None, run_after=None
[2025-12-09T19:16:43.618+0000] {processor.py:208} INFO - Processing /home/airflow/.local/lib/python3.12/site-packages/airflow/example_dags/example_dataset_alias_with_no_taskflow.py took 0.432 seconds
[2025-12-09T19:17:21.792+0000] {processor.py:186} INFO - Started process (PID=315) to work on /home/airflow/.local/lib/python3.12/site-packages/airflow/example_dags/example_dataset_alias_with_no_taskflow.py
[2025-12-09T19:17:21.827+0000] {processor.py:914} INFO - Processing file /home/airflow/.local/lib/python3.12/site-packages/airflow/example_dags/example_dataset_alias_with_no_taskflow.py for tasks to queue
[2025-12-09T19:17:21.832+0000] {logging_mixin.py:190} INFO - [2025-12-09T19:17:21.831+0000] {dagbag.py:587} INFO - Filling up the DagBag from /home/airflow/.local/lib/python3.12/site-packages/airflow/example_dags/example_dataset_alias_with_no_taskflow.py
[2025-12-09T19:17:13.467+0000] {processor.py:925} INFO - DAG(s) 'dataset_s3_bucket_consumer_with_no_taskflow', 'dataset_s3_bucket_producer_with_no_taskflow', 'dataset_alias_example_alias_consumer_with_no_taskflow', 'dataset_alias_example_alias_producer_with_no_taskflow' retrieved from /home/airflow/.local/lib/python3.12/site-packages/airflow/example_dags/example_dataset_alias_with_no_taskflow.py
[2025-12-09T19:17:13.503+0000] {logging_mixin.py:190} INFO - [2025-12-09T19:17:13.503+0000] {dag.py:3229} INFO - Sync 4 DAGs
[2025-12-09T19:17:13.540+0000] {logging_mixin.py:190} INFO - [2025-12-09T19:17:13.540+0000] {dag.py:4156} INFO - Setting next_dagrun for dataset_alias_example_alias_consumer_with_no_taskflow to None, run_after=None
[2025-12-09T19:17:13.544+0000] {logging_mixin.py:190} INFO - [2025-12-09T19:17:13.544+0000] {dag.py:4156} INFO - Setting next_dagrun for dataset_alias_example_alias_producer_with_no_taskflow to None, run_after=None
[2025-12-09T19:17:13.546+0000] {logging_mixin.py:190} INFO - [2025-12-09T19:17:13.545+0000] {dag.py:4156} INFO - Setting next_dagrun for dataset_s3_bucket_consumer_with_no_taskflow to None, run_after=None
[2025-12-09T19:17:13.547+0000] {logging_mixin.py:190} INFO - [2025-12-09T19:17:13.547+0000] {dag.py:4156} INFO - Setting next_dagrun for dataset_s3_bucket_producer_with_no_taskflow to None, run_after=None
[2025-12-09T19:17:13.615+0000] {processor.py:208} INFO - Processing /home/airflow/.local/lib/python3.12/site-packages/airflow/example_dags/example_dataset_alias_with_no_taskflow.py took 0.467 seconds
[2025-12-09T19:17:38.633+0000] {processor.py:186} INFO - Started process (PID=369) to work on /home/airflow/.local/lib/python3.12/site-packages/airflow/example_dags/example_dataset_alias_with_no_taskflow.py
[2025-12-09T19:17:38.647+0000] {processor.py:914} INFO - Processing file /home/airflow/.local/lib/python3.12/site-packages/airflow/example_dags/example_dataset_alias_with_no_taskflow.py for tasks to queue
[2025-12-09T19:17:38.651+0000] {logging_mixin.py:190} INFO - [2025-12-09T19:17:38.650+0000] {dagbag.py:587} INFO - Filling up the DagBag from /home/airflow/.local/lib/python3.12/site-packages/airflow/example_dags/example_dataset_alias_with_no_taskflow.py
[2025-12-09T19:17:38.881+0000] {processor.py:925} INFO - DAG(s) 'dataset_s3_bucket_producer_with_no_taskflow', 'dataset_alias_example_alias_consumer_with_no_taskflow', 'dataset_alias_example_alias_producer_with_no_taskflow', 'dataset_s3_bucket_consumer_with_no_taskflow' retrieved from /home/airflow/.local/lib/python3.12/site-packages/airflow/example_dags/example_dataset_alias_with_no_taskflow.py
[2025-12-09T19:17:38.909+0000] {logging_mixin.py:190} INFO - [2025-12-09T19:17:38.909+0000] {dag.py:3229} INFO - Sync 4 DAGs
[2025-12-09T19:17:38.943+0000] {logging_mixin.py:190} INFO - [2025-12-09T19:17:38.942+0000] {dag.py:4156} INFO - Setting next_dagrun for dataset_alias_example_alias_consumer_with_no_taskflow to None, run_after=None
[2025-12-09T19:17:38.946+0000] {logging_mixin.py:190} INFO - [2025-12-09T19:17:38.946+0000] {dag.py:4156} INFO - Setting next_dagrun for dataset_alias_example_alias_producer_with_no_taskflow to None, run_after=None
[2025-12-09T19:17:38.947+0000] {logging_mixin.py:190} INFO - [2025-12-09T19:17:38.947+0000] {dag.py:4156} INFO - Setting next_dagrun for dataset_s3_bucket_consumer_with_no_taskflow to None, run_after=None
[2025-12-09T19:17:38.949+0000] {logging_mixin.py:190} INFO - [2025-12-09T19:17:38.949+0000] {dag.py:4156} INFO - Setting next_dagrun for dataset_s3_bucket_producer_with_no_taskflow to None, run_after=None
[2025-12-09T19:17:39.004+0000] {processor.py:208} INFO - Processing /home/airflow/.local/lib/python3.12/site-packages/airflow/example_dags/example_dataset_alias_with_no_taskflow.py took 0.380 seconds
[2025-12-09T19:18:04.996+0000] {processor.py:186} INFO - Started process (PID=432) to work on /home/airflow/.local/lib/python3.12/site-packages/airflow/example_dags/example_dataset_alias_with_no_taskflow.py
[2025-12-09T19:18:04.999+0000] {processor.py:914} INFO - Processing file /home/airflow/.local/lib/python3.12/site-packages/airflow/example_dags/example_dataset_alias_with_no_taskflow.py for tasks to queue
[2025-12-09T19:18:05.002+0000] {logging_mixin.py:190} INFO - [2025-12-09T19:18:05.002+0000] {dagbag.py:587} INFO - Filling up the DagBag from /home/airflow/.local/lib/python3.12/site-packages/airflow/example_dags/example_dataset_alias_with_no_taskflow.py
[2025-12-09T19:18:05.284+0000] {processor.py:925} INFO - DAG(s) 'dataset_alias_example_alias_consumer_with_no_taskflow', 'dataset_alias_example_alias_producer_with_no_taskflow', 'dataset_s3_bucket_consumer_with_no_taskflow', 'dataset_s3_bucket_producer_with_no_taskflow' retrieved from /home/airflow/.local/lib/python3.12/site-packages/airflow/example_dags/example_dataset_alias_with_no_taskflow.py
[2025-12-09T19:18:05.319+0000] {logging_mixin.py:190} INFO - [2025-12-09T19:18:05.318+0000] {dag.py:3229} INFO - Sync 4 DAGs
[2025-12-09T19:18:05.353+0000] {logging_mixin.py:190} INFO - [2025-12-09T19:18:05.352+0000] {dag.py:4156} INFO - Setting next_dagrun for dataset_alias_example_alias_consumer_with_no_taskflow to None, run_after=None
[2025-12-09T19:18:05.359+0000] {logging_mixin.py:190} INFO - [2025-12-09T19:18:05.359+0000] {dag.py:4156} INFO - Setting next_dagrun for dataset_alias_example_alias_producer_with_no_taskflow to None, run_after=None
[2025-12-09T19:18:05.361+0000] {logging_mixin.py:190} INFO - [2025-12-09T19:18:05.361+0000] {dag.py:4156} INFO - Setting next_dagrun for dataset_s3_bucket_consumer_with_no_taskflow to None, run_after=None
[2025-12-09T19:18:05.363+0000] {logging_mixin.py:190} INFO - [2025-12-09T19:18:05.363+0000] {dag.py:4156} INFO - Setting next_dagrun for dataset_s3_bucket_producer_with_no_taskflow to None, run_after=None
[2025-12-09T19:18:05.398+0000] {processor.py:208} INFO - Processing /home/airflow/.local/lib/python3.12/site-packages/airflow/example_dags/example_dataset_alias_with_no_taskflow.py took 0.413 seconds
[2025-12-09T19:18:35.476+0000] {processor.py:186} INFO - Started process (PID=493) to work on /home/airflow/.local/lib/python3.12/site-packages/airflow/example_dags/example_dataset_alias_with_no_taskflow.py
[2025-12-09T19:18:35.497+0000] {processor.py:914} INFO - Processing file /home/airflow/.local/lib/python3.12/site-packages/airflow/example_dags/example_dataset_alias_with_no_taskflow.py for tasks to queue
[2025-12-09T19:18:35.501+0000] {logging_mixin.py:190} INFO - [2025-12-09T19:18:35.501+0000] {dagbag.py:587} INFO - Filling up the DagBag from /home/airflow/.local/lib/python3.12/site-packages/airflow/example_dags/example_dataset_alias_with_no_taskflow.py
[2025-12-09T19:18:35.753+0000] {processor.py:925} INFO - DAG(s) 'dataset_alias_example_alias_producer_with_no_taskflow', 'dataset_s3_bucket_producer_with_no_taskflow', 'dataset_s3_bucket_consumer_with_no_taskflow', 'dataset_alias_example_alias_consumer_with_no_taskflow' retrieved from /home/airflow/.local/lib/python3.12/site-packages/airflow/example_dags/example_dataset_alias_with_no_taskflow.py
[2025-12-09T19:18:35.787+0000] {logging_mixin.py:190} INFO - [2025-12-09T19:18:35.787+0000] {dag.py:3229} INFO - Sync 4 DAGs
[2025-12-09T19:18:35.823+0000] {logging_mixin.py:190} INFO - [2025-12-09T19:18:35.823+0000] {dag.py:4156} INFO - Setting next_dagrun for dataset_alias_example_alias_consumer_with_no_taskflow to None, run_after=None
[2025-12-09T19:18:35.827+0000] {logging_mixin.py:190} INFO - [2025-12-09T19:18:35.827+0000] {dag.py:4156} INFO - Setting next_dagrun for dataset_alias_example_alias_producer_with_no_taskflow to None, run_after=None
[2025-12-09T19:18:35.829+0000] {logging_mixin.py:190} INFO - [2025-12-09T19:18:35.829+0000] {dag.py:4156} INFO - Setting next_dagrun for dataset_s3_bucket_consumer_with_no_taskflow to None, run_after=None
[2025-12-09T19:18:35.831+0000] {logging_mixin.py:190} INFO - [2025-12-09T19:18:35.830+0000] {dag.py:4156} INFO - Setting next_dagrun for dataset_s3_bucket_producer_with_no_taskflow to None, run_after=None
[2025-12-09T19:18:35.886+0000] {processor.py:208} INFO - Processing /home/airflow/.local/lib/python3.12/site-packages/airflow/example_dags/example_dataset_alias_with_no_taskflow.py took 0.420 seconds
[2025-12-09T19:19:00.609+0000] {processor.py:186} INFO - Started process (PID=555) to work on /home/airflow/.local/lib/python3.12/site-packages/airflow/example_dags/example_dataset_alias_with_no_taskflow.py
[2025-12-09T19:19:00.611+0000] {processor.py:914} INFO - Processing file /home/airflow/.local/lib/python3.12/site-packages/airflow/example_dags/example_dataset_alias_with_no_taskflow.py for tasks to queue
[2025-12-09T19:19:00.615+0000] {logging_mixin.py:190} INFO - [2025-12-09T19:19:00.615+0000] {dagbag.py:587} INFO - Filling up the DagBag from /home/airflow/.local/lib/python3.12/site-packages/airflow/example_dags/example_dataset_alias_with_no_taskflow.py
[2025-12-09T19:19:00.843+0000] {processor.py:925} INFO - DAG(s) 'dataset_alias_example_alias_consumer_with_no_taskflow', 'dataset_alias_example_alias_producer_with_no_taskflow', 'dataset_s3_bucket_consumer_with_no_taskflow', 'dataset_s3_bucket_producer_with_no_taskflow' retrieved from /home/airflow/.local/lib/python3.12/site-packages/airflow/example_dags/example_dataset_alias_with_no_taskflow.py
[2025-12-09T19:19:00.874+0000] {logging_mixin.py:190} INFO - [2025-12-09T19:19:00.873+0000] {dag.py:3229} INFO - Sync 4 DAGs
[2025-12-09T19:19:00.903+0000] {logging_mixin.py:190} INFO - [2025-12-09T19:19:00.902+0000] {dag.py:4156} INFO - Setting next_dagrun for dataset_alias_example_alias_consumer_with_no_taskflow to None, run_after=None
[2025-12-09T19:19:00.907+0000] {logging_mixin.py:190} INFO - [2025-12-09T19:19:00.906+0000] {dag.py:4156} INFO - Setting next_dagrun for dataset_alias_example_alias_producer_with_no_taskflow to None, run_after=None
[2025-12-09T19:19:00.909+0000] {logging_mixin.py:190} INFO - [2025-12-09T19:19:00.908+0000] {dag.py:4156} INFO - Setting next_dagrun for dataset_s3_bucket_consumer_with_no_taskflow to None, run_after=None
[2025-12-09T19:19:00.910+0000] {logging_mixin.py:190} INFO - [2025-12-09T19:19:00.910+0000] {dag.py:4156} INFO - Setting next_dagrun for dataset_s3_bucket_producer_with_no_taskflow to None, run_after=None
[2025-12-09T19:19:00.943+0000] {processor.py:208} INFO - Processing /home/airflow/.local/lib/python3.12/site-packages/airflow/example_dags/example_dataset_alias_with_no_taskflow.py took 0.344 seconds
[2025-12-09T19:19:26.543+0000] {processor.py:186} INFO - Started process (PID=608) to work on /home/airflow/.local/lib/python3.12/site-packages/airflow/example_dags/example_dataset_alias_with_no_taskflow.py
[2025-12-09T19:19:26.574+0000] {processor.py:914} INFO - Processing file /home/airflow/.local/lib/python3.12/site-packages/airflow/example_dags/example_dataset_alias_with_no_taskflow.py for tasks to queue
[2025-12-09T19:19:26.579+0000] {logging_mixin.py:190} INFO - [2025-12-09T19:19:26.578+0000] {dagbag.py:587} INFO - Filling up the DagBag from /home/airflow/.local/lib/python3.12/site-packages/airflow/example_dags/example_dataset_alias_with_no_taskflow.py
[2025-12-09T19:19:26.833+0000] {processor.py:925} INFO - DAG(s) 'dataset_s3_bucket_producer_with_no_taskflow', 'dataset_alias_example_alias_consumer_with_no_taskflow', 'dataset_s3_bucket_consumer_with_no_taskflow', 'dataset_alias_example_alias_producer_with_no_taskflow' retrieved from /home/airflow/.local/lib/python3.12/site-packages/airflow/example_dags/example_dataset_alias_with_no_taskflow.py
[2025-12-09T19:19:26.867+0000] {logging_mixin.py:190} INFO - [2025-12-09T19:19:26.866+0000] {dag.py:3229} INFO - Sync 4 DAGs
[2025-12-09T19:19:26.906+0000] {logging_mixin.py:190} INFO - [2025-12-09T19:19:26.905+0000] {dag.py:4156} INFO - Setting next_dagrun for dataset_alias_example_alias_consumer_with_no_taskflow to None, run_after=None
[2025-12-09T19:19:26.913+0000] {logging_mixin.py:190} INFO - [2025-12-09T19:19:26.913+0000] {dag.py:4156} INFO - Setting next_dagrun for dataset_alias_example_alias_producer_with_no_taskflow to None, run_after=None
[2025-12-09T19:19:26.916+0000] {logging_mixin.py:190} INFO - [2025-12-09T19:19:26.915+0000] {dag.py:4156} INFO - Setting next_dagrun for dataset_s3_bucket_consumer_with_no_taskflow to None, run_after=None
[2025-12-09T19:19:26.917+0000] {logging_mixin.py:190} INFO - [2025-12-09T19:19:26.917+0000] {dag.py:4156} INFO - Setting next_dagrun for dataset_s3_bucket_producer_with_no_taskflow to None, run_after=None
[2025-12-09T19:19:26.985+0000] {processor.py:208} INFO - Processing /home/airflow/.local/lib/python3.12/site-packages/airflow/example_dags/example_dataset_alias_with_no_taskflow.py took 0.453 seconds
[2025-12-09T19:19:57.590+0000] {processor.py:186} INFO - Started process (PID=669) to work on /home/airflow/.local/lib/python3.12/site-packages/airflow/example_dags/example_dataset_alias_with_no_taskflow.py
[2025-12-09T19:19:57.624+0000] {processor.py:914} INFO - Processing file /home/airflow/.local/lib/python3.12/site-packages/airflow/example_dags/example_dataset_alias_with_no_taskflow.py for tasks to queue
[2025-12-09T19:19:57.628+0000] {logging_mixin.py:190} INFO - [2025-12-09T19:19:57.628+0000] {dagbag.py:587} INFO - Filling up the DagBag from /home/airflow/.local/lib/python3.12/site-packages/airflow/example_dags/example_dataset_alias_with_no_taskflow.py
[2025-12-09T19:19:57.864+0000] {processor.py:925} INFO - DAG(s) 'dataset_s3_bucket_consumer_with_no_taskflow', 'dataset_s3_bucket_producer_with_no_taskflow', 'dataset_alias_example_alias_producer_with_no_taskflow', 'dataset_alias_example_alias_consumer_with_no_taskflow' retrieved from /home/airflow/.local/lib/python3.12/site-packages/airflow/example_dags/example_dataset_alias_with_no_taskflow.py
[2025-12-09T19:19:57.892+0000] {logging_mixin.py:190} INFO - [2025-12-09T19:19:57.892+0000] {dag.py:3229} INFO - Sync 4 DAGs
[2025-12-09T19:19:57.927+0000] {logging_mixin.py:190} INFO - [2025-12-09T19:19:57.927+0000] {dag.py:4156} INFO - Setting next_dagrun for dataset_alias_example_alias_consumer_with_no_taskflow to None, run_after=None
[2025-12-09T19:19:57.931+0000] {logging_mixin.py:190} INFO - [2025-12-09T19:19:57.931+0000] {dag.py:4156} INFO - Setting next_dagrun for dataset_alias_example_alias_producer_with_no_taskflow to None, run_after=None
[2025-12-09T19:19:57.932+0000] {logging_mixin.py:190} INFO - [2025-12-09T19:19:57.932+0000] {dag.py:4156} INFO - Setting next_dagrun for dataset_s3_bucket_consumer_with_no_taskflow to None, run_after=None
[2025-12-09T19:19:57.934+0000] {logging_mixin.py:190} INFO - [2025-12-09T19:19:57.934+0000] {dag.py:4156} INFO - Setting next_dagrun for dataset_s3_bucket_producer_with_no_taskflow to None, run_after=None
[2025-12-09T19:19:57.984+0000] {processor.py:208} INFO - Processing /home/airflow/.local/lib/python3.12/site-packages/airflow/example_dags/example_dataset_alias_with_no_taskflow.py took 0.403 seconds
[2025-12-09T19:20:28.325+0000] {processor.py:186} INFO - Started process (PID=731) to work on /home/airflow/.local/lib/python3.12/site-packages/airflow/example_dags/example_dataset_alias_with_no_taskflow.py
[2025-12-09T19:20:28.336+0000] {processor.py:914} INFO - Processing file /home/airflow/.local/lib/python3.12/site-packages/airflow/example_dags/example_dataset_alias_with_no_taskflow.py for tasks to queue
[2025-12-09T19:20:28.341+0000] {logging_mixin.py:190} INFO - [2025-12-09T19:20:28.340+0000] {dagbag.py:587} INFO - Filling up the DagBag from /home/airflow/.local/lib/python3.12/site-packages/airflow/example_dags/example_dataset_alias_with_no_taskflow.py
[2025-12-09T19:20:28.624+0000] {processor.py:925} INFO - DAG(s) 'dataset_alias_example_alias_producer_with_no_taskflow', 'dataset_s3_bucket_producer_with_no_taskflow', 'dataset_alias_example_alias_consumer_with_no_taskflow', 'dataset_s3_bucket_consumer_with_no_taskflow' retrieved from /home/airflow/.local/lib/python3.12/site-packages/airflow/example_dags/example_dataset_alias_with_no_taskflow.py
[2025-12-09T19:20:28.656+0000] {logging_mixin.py:190} INFO - [2025-12-09T19:20:28.655+0000] {dag.py:3229} INFO - Sync 4 DAGs
[2025-12-09T19:20:28.691+0000] {logging_mixin.py:190} INFO - [2025-12-09T19:20:28.691+0000] {dag.py:4156} INFO - Setting next_dagrun for dataset_alias_example_alias_consumer_with_no_taskflow to None, run_after=None
[2025-12-09T19:20:28.695+0000] {logging_mixin.py:190} INFO - [2025-12-09T19:20:28.695+0000] {dag.py:4156} INFO - Setting next_dagrun for dataset_alias_example_alias_producer_with_no_taskflow to None, run_after=None
[2025-12-09T19:20:28.697+0000] {logging_mixin.py:190} INFO - [2025-12-09T19:20:28.697+0000] {dag.py:4156} INFO - Setting next_dagrun for dataset_s3_bucket_consumer_with_no_taskflow to None, run_after=None
[2025-12-09T19:20:28.699+0000] {logging_mixin.py:190} INFO - [2025-12-09T19:20:28.698+0000] {dag.py:4156} INFO - Setting next_dagrun for dataset_s3_bucket_producer_with_no_taskflow to None, run_after=None
[2025-12-09T19:20:28.773+0000] {processor.py:208} INFO - Processing /home/airflow/.local/lib/python3.12/site-packages/airflow/example_dags/example_dataset_alias_with_no_taskflow.py took 0.459 seconds
[2025-12-09T19:21:07.159+0000] {processor.py:186} INFO - Started process (PID=797) to work on /home/airflow/.local/lib/python3.12/site-packages/airflow/example_dags/example_dataset_alias_with_no_taskflow.py
[2025-12-09T19:21:07.194+0000] {processor.py:914} INFO - Processing file /home/airflow/.local/lib/python3.12/site-packages/airflow/example_dags/example_dataset_alias_with_no_taskflow.py for tasks to queue
[2025-12-09T19:20:58.590+0000] {logging_mixin.py:190} INFO - [2025-12-09T19:20:58.589+0000] {dagbag.py:587} INFO - Filling up the DagBag from /home/airflow/.local/lib/python3.12/site-packages/airflow/example_dags/example_dataset_alias_with_no_taskflow.py
[2025-12-09T19:20:58.897+0000] {processor.py:925} INFO - DAG(s) 'dataset_alias_example_alias_producer_with_no_taskflow', 'dataset_s3_bucket_consumer_with_no_taskflow', 'dataset_alias_example_alias_consumer_with_no_taskflow', 'dataset_s3_bucket_producer_with_no_taskflow' retrieved from /home/airflow/.local/lib/python3.12/site-packages/airflow/example_dags/example_dataset_alias_with_no_taskflow.py
[2025-12-09T19:20:58.937+0000] {logging_mixin.py:190} INFO - [2025-12-09T19:20:58.936+0000] {dag.py:3229} INFO - Sync 4 DAGs
[2025-12-09T19:20:58.974+0000] {logging_mixin.py:190} INFO - [2025-12-09T19:20:58.973+0000] {dag.py:4156} INFO - Setting next_dagrun for dataset_alias_example_alias_consumer_with_no_taskflow to None, run_after=None
[2025-12-09T19:20:58.979+0000] {logging_mixin.py:190} INFO - [2025-12-09T19:20:58.978+0000] {dag.py:4156} INFO - Setting next_dagrun for dataset_alias_example_alias_producer_with_no_taskflow to None, run_after=None
[2025-12-09T19:20:58.982+0000] {logging_mixin.py:190} INFO - [2025-12-09T19:20:58.981+0000] {dag.py:4156} INFO - Setting next_dagrun for dataset_s3_bucket_consumer_with_no_taskflow to None, run_after=None
[2025-12-09T19:20:58.984+0000] {logging_mixin.py:190} INFO - [2025-12-09T19:20:58.984+0000] {dag.py:4156} INFO - Setting next_dagrun for dataset_s3_bucket_producer_with_no_taskflow to None, run_after=None
[2025-12-09T19:20:59.051+0000] {processor.py:208} INFO - Processing /home/airflow/.local/lib/python3.12/site-packages/airflow/example_dags/example_dataset_alias_with_no_taskflow.py took 0.510 seconds
[2025-12-09T19:21:29.299+0000] {processor.py:186} INFO - Started process (PID=857) to work on /home/airflow/.local/lib/python3.12/site-packages/airflow/example_dags/example_dataset_alias_with_no_taskflow.py
[2025-12-09T19:21:29.333+0000] {processor.py:914} INFO - Processing file /home/airflow/.local/lib/python3.12/site-packages/airflow/example_dags/example_dataset_alias_with_no_taskflow.py for tasks to queue
[2025-12-09T19:21:29.337+0000] {logging_mixin.py:190} INFO - [2025-12-09T19:21:29.336+0000] {dagbag.py:587} INFO - Filling up the DagBag from /home/airflow/.local/lib/python3.12/site-packages/airflow/example_dags/example_dataset_alias_with_no_taskflow.py
[2025-12-09T19:21:29.561+0000] {processor.py:925} INFO - DAG(s) 'dataset_s3_bucket_consumer_with_no_taskflow', 'dataset_alias_example_alias_consumer_with_no_taskflow', 'dataset_alias_example_alias_producer_with_no_taskflow', 'dataset_s3_bucket_producer_with_no_taskflow' retrieved from /home/airflow/.local/lib/python3.12/site-packages/airflow/example_dags/example_dataset_alias_with_no_taskflow.py
[2025-12-09T19:21:29.587+0000] {logging_mixin.py:190} INFO - [2025-12-09T19:21:29.587+0000] {dag.py:3229} INFO - Sync 4 DAGs
[2025-12-09T19:21:29.621+0000] {logging_mixin.py:190} INFO - [2025-12-09T19:21:29.621+0000] {dag.py:4156} INFO - Setting next_dagrun for dataset_alias_example_alias_consumer_with_no_taskflow to None, run_after=None
[2025-12-09T19:21:29.624+0000] {logging_mixin.py:190} INFO - [2025-12-09T19:21:29.624+0000] {dag.py:4156} INFO - Setting next_dagrun for dataset_alias_example_alias_producer_with_no_taskflow to None, run_after=None
[2025-12-09T19:21:29.626+0000] {logging_mixin.py:190} INFO - [2025-12-09T19:21:29.626+0000] {dag.py:4156} INFO - Setting next_dagrun for dataset_s3_bucket_consumer_with_no_taskflow to None, run_after=None
[2025-12-09T19:21:29.627+0000] {logging_mixin.py:190} INFO - [2025-12-09T19:21:29.627+0000] {dag.py:4156} INFO - Setting next_dagrun for dataset_s3_bucket_producer_with_no_taskflow to None, run_after=None
[2025-12-09T19:21:29.687+0000] {processor.py:208} INFO - Processing /home/airflow/.local/lib/python3.12/site-packages/airflow/example_dags/example_dataset_alias_with_no_taskflow.py took 0.398 seconds
[2025-12-09T19:21:54.329+0000] {processor.py:186} INFO - Started process (PID=920) to work on /home/airflow/.local/lib/python3.12/site-packages/airflow/example_dags/example_dataset_alias_with_no_taskflow.py
[2025-12-09T19:21:54.335+0000] {processor.py:914} INFO - Processing file /home/airflow/.local/lib/python3.12/site-packages/airflow/example_dags/example_dataset_alias_with_no_taskflow.py for tasks to queue
[2025-12-09T19:21:54.340+0000] {logging_mixin.py:190} INFO - [2025-12-09T19:21:54.339+0000] {dagbag.py:587} INFO - Filling up the DagBag from /home/airflow/.local/lib/python3.12/site-packages/airflow/example_dags/example_dataset_alias_with_no_taskflow.py
[2025-12-09T19:21:54.568+0000] {processor.py:925} INFO - DAG(s) 'dataset_s3_bucket_consumer_with_no_taskflow', 'dataset_alias_example_alias_producer_with_no_taskflow', 'dataset_s3_bucket_producer_with_no_taskflow', 'dataset_alias_example_alias_consumer_with_no_taskflow' retrieved from /home/airflow/.local/lib/python3.12/site-packages/airflow/example_dags/example_dataset_alias_with_no_taskflow.py
[2025-12-09T19:21:54.598+0000] {logging_mixin.py:190} INFO - [2025-12-09T19:21:54.597+0000] {dag.py:3229} INFO - Sync 4 DAGs
[2025-12-09T19:21:54.631+0000] {logging_mixin.py:190} INFO - [2025-12-09T19:21:54.631+0000] {dag.py:4156} INFO - Setting next_dagrun for dataset_alias_example_alias_consumer_with_no_taskflow to None, run_after=None
[2025-12-09T19:21:54.635+0000] {logging_mixin.py:190} INFO - [2025-12-09T19:21:54.635+0000] {dag.py:4156} INFO - Setting next_dagrun for dataset_alias_example_alias_producer_with_no_taskflow to None, run_after=None
[2025-12-09T19:21:54.637+0000] {logging_mixin.py:190} INFO - [2025-12-09T19:21:54.637+0000] {dag.py:4156} INFO - Setting next_dagrun for dataset_s3_bucket_consumer_with_no_taskflow to None, run_after=None
[2025-12-09T19:21:54.639+0000] {logging_mixin.py:190} INFO - [2025-12-09T19:21:54.639+0000] {dag.py:4156} INFO - Setting next_dagrun for dataset_s3_bucket_producer_with_no_taskflow to None, run_after=None
[2025-12-09T19:21:54.707+0000] {processor.py:208} INFO - Processing /home/airflow/.local/lib/python3.12/site-packages/airflow/example_dags/example_dataset_alias_with_no_taskflow.py took 0.388 seconds
[2025-12-09T19:22:24.968+0000] {processor.py:186} INFO - Started process (PID=980) to work on /home/airflow/.local/lib/python3.12/site-packages/airflow/example_dags/example_dataset_alias_with_no_taskflow.py
[2025-12-09T19:22:24.989+0000] {processor.py:914} INFO - Processing file /home/airflow/.local/lib/python3.12/site-packages/airflow/example_dags/example_dataset_alias_with_no_taskflow.py for tasks to queue
[2025-12-09T19:22:24.993+0000] {logging_mixin.py:190} INFO - [2025-12-09T19:22:24.992+0000] {dagbag.py:587} INFO - Filling up the DagBag from /home/airflow/.local/lib/python3.12/site-packages/airflow/example_dags/example_dataset_alias_with_no_taskflow.py
[2025-12-09T19:22:25.271+0000] {processor.py:925} INFO - DAG(s) 'dataset_alias_example_alias_producer_with_no_taskflow', 'dataset_alias_example_alias_consumer_with_no_taskflow', 'dataset_s3_bucket_consumer_with_no_taskflow', 'dataset_s3_bucket_producer_with_no_taskflow' retrieved from /home/airflow/.local/lib/python3.12/site-packages/airflow/example_dags/example_dataset_alias_with_no_taskflow.py
[2025-12-09T19:22:25.303+0000] {logging_mixin.py:190} INFO - [2025-12-09T19:22:25.303+0000] {dag.py:3229} INFO - Sync 4 DAGs
[2025-12-09T19:22:25.341+0000] {logging_mixin.py:190} INFO - [2025-12-09T19:22:25.341+0000] {dag.py:4156} INFO - Setting next_dagrun for dataset_alias_example_alias_consumer_with_no_taskflow to None, run_after=None
[2025-12-09T19:22:25.346+0000] {logging_mixin.py:190} INFO - [2025-12-09T19:22:25.346+0000] {dag.py:4156} INFO - Setting next_dagrun for dataset_alias_example_alias_producer_with_no_taskflow to None, run_after=None
[2025-12-09T19:22:25.348+0000] {logging_mixin.py:190} INFO - [2025-12-09T19:22:25.347+0000] {dag.py:4156} INFO - Setting next_dagrun for dataset_s3_bucket_consumer_with_no_taskflow to None, run_after=None
[2025-12-09T19:22:25.349+0000] {logging_mixin.py:190} INFO - [2025-12-09T19:22:25.349+0000] {dag.py:4156} INFO - Setting next_dagrun for dataset_s3_bucket_producer_with_no_taskflow to None, run_after=None
[2025-12-09T19:22:25.408+0000] {processor.py:208} INFO - Processing /home/airflow/.local/lib/python3.12/site-packages/airflow/example_dags/example_dataset_alias_with_no_taskflow.py took 0.450 seconds
[2025-12-09T19:22:51.833+0000] {processor.py:186} INFO - Started process (PID=1043) to work on /home/airflow/.local/lib/python3.12/site-packages/airflow/example_dags/example_dataset_alias_with_no_taskflow.py
[2025-12-09T19:22:51.866+0000] {processor.py:914} INFO - Processing file /home/airflow/.local/lib/python3.12/site-packages/airflow/example_dags/example_dataset_alias_with_no_taskflow.py for tasks to queue
[2025-12-09T19:22:51.870+0000] {logging_mixin.py:190} INFO - [2025-12-09T19:22:51.869+0000] {dagbag.py:587} INFO - Filling up the DagBag from /home/airflow/.local/lib/python3.12/site-packages/airflow/example_dags/example_dataset_alias_with_no_taskflow.py
[2025-12-09T19:22:52.113+0000] {processor.py:925} INFO - DAG(s) 'dataset_s3_bucket_consumer_with_no_taskflow', 'dataset_alias_example_alias_producer_with_no_taskflow', 'dataset_alias_example_alias_consumer_with_no_taskflow', 'dataset_s3_bucket_producer_with_no_taskflow' retrieved from /home/airflow/.local/lib/python3.12/site-packages/airflow/example_dags/example_dataset_alias_with_no_taskflow.py
[2025-12-09T19:22:52.142+0000] {logging_mixin.py:190} INFO - [2025-12-09T19:22:52.142+0000] {dag.py:3229} INFO - Sync 4 DAGs
[2025-12-09T19:22:52.175+0000] {logging_mixin.py:190} INFO - [2025-12-09T19:22:52.175+0000] {dag.py:4156} INFO - Setting next_dagrun for dataset_alias_example_alias_consumer_with_no_taskflow to None, run_after=None
[2025-12-09T19:22:52.179+0000] {logging_mixin.py:190} INFO - [2025-12-09T19:22:52.179+0000] {dag.py:4156} INFO - Setting next_dagrun for dataset_alias_example_alias_producer_with_no_taskflow to None, run_after=None
[2025-12-09T19:22:52.181+0000] {logging_mixin.py:190} INFO - [2025-12-09T19:22:52.181+0000] {dag.py:4156} INFO - Setting next_dagrun for dataset_s3_bucket_consumer_with_no_taskflow to None, run_after=None
[2025-12-09T19:22:52.182+0000] {logging_mixin.py:190} INFO - [2025-12-09T19:22:52.182+0000] {dag.py:4156} INFO - Setting next_dagrun for dataset_s3_bucket_producer_with_no_taskflow to None, run_after=None
[2025-12-09T19:22:52.245+0000] {processor.py:208} INFO - Processing /home/airflow/.local/lib/python3.12/site-packages/airflow/example_dags/example_dataset_alias_with_no_taskflow.py took 0.422 seconds
[2025-12-09T19:23:23.017+0000] {processor.py:186} INFO - Started process (PID=1101) to work on /home/airflow/.local/lib/python3.12/site-packages/airflow/example_dags/example_dataset_alias_with_no_taskflow.py
[2025-12-09T19:23:23.048+0000] {processor.py:914} INFO - Processing file /home/airflow/.local/lib/python3.12/site-packages/airflow/example_dags/example_dataset_alias_with_no_taskflow.py for tasks to queue
[2025-12-09T19:23:23.051+0000] {logging_mixin.py:190} INFO - [2025-12-09T19:23:23.051+0000] {dagbag.py:587} INFO - Filling up the DagBag from /home/airflow/.local/lib/python3.12/site-packages/airflow/example_dags/example_dataset_alias_with_no_taskflow.py
[2025-12-09T19:23:23.297+0000] {processor.py:925} INFO - DAG(s) 'dataset_s3_bucket_consumer_with_no_taskflow', 'dataset_alias_example_alias_consumer_with_no_taskflow', 'dataset_s3_bucket_producer_with_no_taskflow', 'dataset_alias_example_alias_producer_with_no_taskflow' retrieved from /home/airflow/.local/lib/python3.12/site-packages/airflow/example_dags/example_dataset_alias_with_no_taskflow.py
[2025-12-09T19:23:23.332+0000] {logging_mixin.py:190} INFO - [2025-12-09T19:23:23.332+0000] {dag.py:3229} INFO - Sync 4 DAGs
[2025-12-09T19:23:23.368+0000] {logging_mixin.py:190} INFO - [2025-12-09T19:23:23.368+0000] {dag.py:4156} INFO - Setting next_dagrun for dataset_alias_example_alias_consumer_with_no_taskflow to None, run_after=None
[2025-12-09T19:23:23.372+0000] {logging_mixin.py:190} INFO - [2025-12-09T19:23:23.372+0000] {dag.py:4156} INFO - Setting next_dagrun for dataset_alias_example_alias_producer_with_no_taskflow to None, run_after=None
[2025-12-09T19:23:23.374+0000] {logging_mixin.py:190} INFO - [2025-12-09T19:23:23.373+0000] {dag.py:4156} INFO - Setting next_dagrun for dataset_s3_bucket_consumer_with_no_taskflow to None, run_after=None
[2025-12-09T19:23:23.375+0000] {logging_mixin.py:190} INFO - [2025-12-09T19:23:23.375+0000] {dag.py:4156} INFO - Setting next_dagrun for dataset_s3_bucket_producer_with_no_taskflow to None, run_after=None
[2025-12-09T19:23:23.442+0000] {processor.py:208} INFO - Processing /home/airflow/.local/lib/python3.12/site-packages/airflow/example_dags/example_dataset_alias_with_no_taskflow.py took 0.434 seconds
[2025-12-09T19:23:53.538+0000] {processor.py:186} INFO - Started process (PID=1164) to work on /home/airflow/.local/lib/python3.12/site-packages/airflow/example_dags/example_dataset_alias_with_no_taskflow.py
[2025-12-09T19:23:53.572+0000] {processor.py:914} INFO - Processing file /home/airflow/.local/lib/python3.12/site-packages/airflow/example_dags/example_dataset_alias_with_no_taskflow.py for tasks to queue
[2025-12-09T19:23:53.575+0000] {logging_mixin.py:190} INFO - [2025-12-09T19:23:53.575+0000] {dagbag.py:587} INFO - Filling up the DagBag from /home/airflow/.local/lib/python3.12/site-packages/airflow/example_dags/example_dataset_alias_with_no_taskflow.py
[2025-12-09T19:23:53.837+0000] {processor.py:925} INFO - DAG(s) 'dataset_s3_bucket_producer_with_no_taskflow', 'dataset_alias_example_alias_producer_with_no_taskflow', 'dataset_s3_bucket_consumer_with_no_taskflow', 'dataset_alias_example_alias_consumer_with_no_taskflow' retrieved from /home/airflow/.local/lib/python3.12/site-packages/airflow/example_dags/example_dataset_alias_with_no_taskflow.py
[2025-12-09T19:23:53.869+0000] {logging_mixin.py:190} INFO - [2025-12-09T19:23:53.869+0000] {dag.py:3229} INFO - Sync 4 DAGs
[2025-12-09T19:24:02.044+0000] {logging_mixin.py:190} INFO - [2025-12-09T19:24:02.043+0000] {dag.py:4156} INFO - Setting next_dagrun for dataset_alias_example_alias_consumer_with_no_taskflow to None, run_after=None
[2025-12-09T19:24:02.048+0000] {logging_mixin.py:190} INFO - [2025-12-09T19:24:02.047+0000] {dag.py:4156} INFO - Setting next_dagrun for dataset_alias_example_alias_producer_with_no_taskflow to None, run_after=None
[2025-12-09T19:24:02.049+0000] {logging_mixin.py:190} INFO - [2025-12-09T19:24:02.049+0000] {dag.py:4156} INFO - Setting next_dagrun for dataset_s3_bucket_consumer_with_no_taskflow to None, run_after=None
[2025-12-09T19:24:02.051+0000] {logging_mixin.py:190} INFO - [2025-12-09T19:24:02.050+0000] {dag.py:4156} INFO - Setting next_dagrun for dataset_s3_bucket_producer_with_no_taskflow to None, run_after=None
[2025-12-09T19:24:02.119+0000] {processor.py:208} INFO - Processing /home/airflow/.local/lib/python3.12/site-packages/airflow/example_dags/example_dataset_alias_with_no_taskflow.py took 0.454 seconds
[2025-12-09T19:24:24.114+0000] {processor.py:186} INFO - Started process (PID=1250) to work on /home/airflow/.local/lib/python3.12/site-packages/airflow/example_dags/example_dataset_alias_with_no_taskflow.py
[2025-12-09T19:24:24.116+0000] {processor.py:914} INFO - Processing file /home/airflow/.local/lib/python3.12/site-packages/airflow/example_dags/example_dataset_alias_with_no_taskflow.py for tasks to queue
[2025-12-09T19:24:24.120+0000] {logging_mixin.py:190} INFO - [2025-12-09T19:24:24.119+0000] {dagbag.py:587} INFO - Filling up the DagBag from /home/airflow/.local/lib/python3.12/site-packages/airflow/example_dags/example_dataset_alias_with_no_taskflow.py
[2025-12-09T19:24:24.391+0000] {processor.py:925} INFO - DAG(s) 'dataset_alias_example_alias_consumer_with_no_taskflow', 'dataset_s3_bucket_producer_with_no_taskflow', 'dataset_alias_example_alias_producer_with_no_taskflow', 'dataset_s3_bucket_consumer_with_no_taskflow' retrieved from /home/airflow/.local/lib/python3.12/site-packages/airflow/example_dags/example_dataset_alias_with_no_taskflow.py
[2025-12-09T19:24:24.436+0000] {logging_mixin.py:190} INFO - [2025-12-09T19:24:24.435+0000] {dag.py:3229} INFO - Sync 4 DAGs
[2025-12-09T19:24:24.471+0000] {logging_mixin.py:190} INFO - [2025-12-09T19:24:24.470+0000] {dag.py:4156} INFO - Setting next_dagrun for dataset_alias_example_alias_consumer_with_no_taskflow to None, run_after=None
[2025-12-09T19:24:24.476+0000] {logging_mixin.py:190} INFO - [2025-12-09T19:24:24.475+0000] {dag.py:4156} INFO - Setting next_dagrun for dataset_alias_example_alias_producer_with_no_taskflow to None, run_after=None
[2025-12-09T19:24:24.478+0000] {logging_mixin.py:190} INFO - [2025-12-09T19:24:24.478+0000] {dag.py:4156} INFO - Setting next_dagrun for dataset_s3_bucket_consumer_with_no_taskflow to None, run_after=None
[2025-12-09T19:24:24.480+0000] {logging_mixin.py:190} INFO - [2025-12-09T19:24:24.480+0000] {dag.py:4156} INFO - Setting next_dagrun for dataset_s3_bucket_producer_with_no_taskflow to None, run_after=None
[2025-12-09T19:24:24.551+0000] {processor.py:208} INFO - Processing /home/airflow/.local/lib/python3.12/site-packages/airflow/example_dags/example_dataset_alias_with_no_taskflow.py took 0.448 seconds
[2025-12-09T19:24:50.232+0000] {processor.py:186} INFO - Started process (PID=1291) to work on /home/airflow/.local/lib/python3.12/site-packages/airflow/example_dags/example_dataset_alias_with_no_taskflow.py
[2025-12-09T19:24:50.265+0000] {processor.py:914} INFO - Processing file /home/airflow/.local/lib/python3.12/site-packages/airflow/example_dags/example_dataset_alias_with_no_taskflow.py for tasks to queue
[2025-12-09T19:24:50.270+0000] {logging_mixin.py:190} INFO - [2025-12-09T19:24:50.269+0000] {dagbag.py:587} INFO - Filling up the DagBag from /home/airflow/.local/lib/python3.12/site-packages/airflow/example_dags/example_dataset_alias_with_no_taskflow.py
[2025-12-09T19:24:50.510+0000] {processor.py:925} INFO - DAG(s) 'dataset_alias_example_alias_consumer_with_no_taskflow', 'dataset_alias_example_alias_producer_with_no_taskflow', 'dataset_s3_bucket_producer_with_no_taskflow', 'dataset_s3_bucket_consumer_with_no_taskflow' retrieved from /home/airflow/.local/lib/python3.12/site-packages/airflow/example_dags/example_dataset_alias_with_no_taskflow.py
[2025-12-09T19:24:50.544+0000] {logging_mixin.py:190} INFO - [2025-12-09T19:24:50.543+0000] {dag.py:3229} INFO - Sync 4 DAGs
[2025-12-09T19:24:50.579+0000] {logging_mixin.py:190} INFO - [2025-12-09T19:24:50.579+0000] {dag.py:4156} INFO - Setting next_dagrun for dataset_alias_example_alias_consumer_with_no_taskflow to None, run_after=None
[2025-12-09T19:24:50.584+0000] {logging_mixin.py:190} INFO - [2025-12-09T19:24:50.583+0000] {dag.py:4156} INFO - Setting next_dagrun for dataset_alias_example_alias_producer_with_no_taskflow to None, run_after=None
[2025-12-09T19:24:50.585+0000] {logging_mixin.py:190} INFO - [2025-12-09T19:24:50.585+0000] {dag.py:4156} INFO - Setting next_dagrun for dataset_s3_bucket_consumer_with_no_taskflow to None, run_after=None
[2025-12-09T19:24:50.587+0000] {logging_mixin.py:190} INFO - [2025-12-09T19:24:50.587+0000] {dag.py:4156} INFO - Setting next_dagrun for dataset_s3_bucket_producer_with_no_taskflow to None, run_after=None
[2025-12-09T19:24:50.653+0000] {processor.py:208} INFO - Processing /home/airflow/.local/lib/python3.12/site-packages/airflow/example_dags/example_dataset_alias_with_no_taskflow.py took 0.430 seconds
[2025-12-09T19:25:14.561+0000] {processor.py:186} INFO - Started process (PID=1351) to work on /home/airflow/.local/lib/python3.12/site-packages/airflow/example_dags/example_dataset_alias_with_no_taskflow.py
[2025-12-09T19:25:14.591+0000] {processor.py:914} INFO - Processing file /home/airflow/.local/lib/python3.12/site-packages/airflow/example_dags/example_dataset_alias_with_no_taskflow.py for tasks to queue
[2025-12-09T19:25:14.595+0000] {logging_mixin.py:190} INFO - [2025-12-09T19:25:14.594+0000] {dagbag.py:587} INFO - Filling up the DagBag from /home/airflow/.local/lib/python3.12/site-packages/airflow/example_dags/example_dataset_alias_with_no_taskflow.py
[2025-12-09T19:25:14.817+0000] {processor.py:925} INFO - DAG(s) 'dataset_alias_example_alias_producer_with_no_taskflow', 'dataset_s3_bucket_consumer_with_no_taskflow', 'dataset_alias_example_alias_consumer_with_no_taskflow', 'dataset_s3_bucket_producer_with_no_taskflow' retrieved from /home/airflow/.local/lib/python3.12/site-packages/airflow/example_dags/example_dataset_alias_with_no_taskflow.py
[2025-12-09T19:25:14.846+0000] {logging_mixin.py:190} INFO - [2025-12-09T19:25:14.845+0000] {dag.py:3229} INFO - Sync 4 DAGs
[2025-12-09T19:25:14.876+0000] {logging_mixin.py:190} INFO - [2025-12-09T19:25:14.876+0000] {dag.py:4156} INFO - Setting next_dagrun for dataset_alias_example_alias_consumer_with_no_taskflow to None, run_after=None
[2025-12-09T19:25:14.880+0000] {logging_mixin.py:190} INFO - [2025-12-09T19:25:14.880+0000] {dag.py:4156} INFO - Setting next_dagrun for dataset_alias_example_alias_producer_with_no_taskflow to None, run_after=None
[2025-12-09T19:25:14.882+0000] {logging_mixin.py:190} INFO - [2025-12-09T19:25:14.882+0000] {dag.py:4156} INFO - Setting next_dagrun for dataset_s3_bucket_consumer_with_no_taskflow to None, run_after=None
[2025-12-09T19:25:14.884+0000] {logging_mixin.py:190} INFO - [2025-12-09T19:25:14.884+0000] {dag.py:4156} INFO - Setting next_dagrun for dataset_s3_bucket_producer_with_no_taskflow to None, run_after=None
[2025-12-09T19:25:14.920+0000] {processor.py:208} INFO - Processing /home/airflow/.local/lib/python3.12/site-packages/airflow/example_dags/example_dataset_alias_with_no_taskflow.py took 0.368 seconds
[2025-12-09T19:25:45.065+0000] {processor.py:186} INFO - Started process (PID=1411) to work on /home/airflow/.local/lib/python3.12/site-packages/airflow/example_dags/example_dataset_alias_with_no_taskflow.py
[2025-12-09T19:25:45.097+0000] {processor.py:914} INFO - Processing file /home/airflow/.local/lib/python3.12/site-packages/airflow/example_dags/example_dataset_alias_with_no_taskflow.py for tasks to queue
[2025-12-09T19:25:45.101+0000] {logging_mixin.py:190} INFO - [2025-12-09T19:25:45.100+0000] {dagbag.py:587} INFO - Filling up the DagBag from /home/airflow/.local/lib/python3.12/site-packages/airflow/example_dags/example_dataset_alias_with_no_taskflow.py
[2025-12-09T19:25:45.346+0000] {processor.py:925} INFO - DAG(s) 'dataset_alias_example_alias_producer_with_no_taskflow', 'dataset_s3_bucket_consumer_with_no_taskflow', 'dataset_s3_bucket_producer_with_no_taskflow', 'dataset_alias_example_alias_consumer_with_no_taskflow' retrieved from /home/airflow/.local/lib/python3.12/site-packages/airflow/example_dags/example_dataset_alias_with_no_taskflow.py
[2025-12-09T19:25:45.383+0000] {logging_mixin.py:190} INFO - [2025-12-09T19:25:45.382+0000] {dag.py:3229} INFO - Sync 4 DAGs
[2025-12-09T19:25:45.421+0000] {logging_mixin.py:190} INFO - [2025-12-09T19:25:45.420+0000] {dag.py:4156} INFO - Setting next_dagrun for dataset_alias_example_alias_consumer_with_no_taskflow to None, run_after=None
[2025-12-09T19:25:45.426+0000] {logging_mixin.py:190} INFO - [2025-12-09T19:25:45.425+0000] {dag.py:4156} INFO - Setting next_dagrun for dataset_alias_example_alias_producer_with_no_taskflow to None, run_after=None
[2025-12-09T19:25:45.428+0000] {logging_mixin.py:190} INFO - [2025-12-09T19:25:45.428+0000] {dag.py:4156} INFO - Setting next_dagrun for dataset_s3_bucket_consumer_with_no_taskflow to None, run_after=None
[2025-12-09T19:25:45.430+0000] {logging_mixin.py:190} INFO - [2025-12-09T19:25:45.429+0000] {dag.py:4156} INFO - Setting next_dagrun for dataset_s3_bucket_producer_with_no_taskflow to None, run_after=None
[2025-12-09T19:25:45.505+0000] {processor.py:208} INFO - Processing /home/airflow/.local/lib/python3.12/site-packages/airflow/example_dags/example_dataset_alias_with_no_taskflow.py took 0.450 seconds
[2025-12-09T19:26:17.222+0000] {processor.py:186} INFO - Started process (PID=1470) to work on /home/airflow/.local/lib/python3.12/site-packages/airflow/example_dags/example_dataset_alias_with_no_taskflow.py
[2025-12-09T19:26:17.256+0000] {processor.py:914} INFO - Processing file /home/airflow/.local/lib/python3.12/site-packages/airflow/example_dags/example_dataset_alias_with_no_taskflow.py for tasks to queue
[2025-12-09T19:26:17.261+0000] {logging_mixin.py:190} INFO - [2025-12-09T19:26:17.260+0000] {dagbag.py:587} INFO - Filling up the DagBag from /home/airflow/.local/lib/python3.12/site-packages/airflow/example_dags/example_dataset_alias_with_no_taskflow.py
[2025-12-09T19:26:17.500+0000] {processor.py:925} INFO - DAG(s) 'dataset_alias_example_alias_consumer_with_no_taskflow', 'dataset_s3_bucket_consumer_with_no_taskflow', 'dataset_s3_bucket_producer_with_no_taskflow', 'dataset_alias_example_alias_producer_with_no_taskflow' retrieved from /home/airflow/.local/lib/python3.12/site-packages/airflow/example_dags/example_dataset_alias_with_no_taskflow.py
[2025-12-09T19:26:17.529+0000] {logging_mixin.py:190} INFO - [2025-12-09T19:26:17.528+0000] {dag.py:3229} INFO - Sync 4 DAGs
[2025-12-09T19:26:17.577+0000] {logging_mixin.py:190} INFO - [2025-12-09T19:26:17.576+0000] {dag.py:4156} INFO - Setting next_dagrun for dataset_alias_example_alias_consumer_with_no_taskflow to None, run_after=None
[2025-12-09T19:26:17.586+0000] {logging_mixin.py:190} INFO - [2025-12-09T19:26:17.586+0000] {dag.py:4156} INFO - Setting next_dagrun for dataset_alias_example_alias_producer_with_no_taskflow to None, run_after=None
[2025-12-09T19:26:17.589+0000] {logging_mixin.py:190} INFO - [2025-12-09T19:26:17.588+0000] {dag.py:4156} INFO - Setting next_dagrun for dataset_s3_bucket_consumer_with_no_taskflow to None, run_after=None
[2025-12-09T19:26:17.590+0000] {logging_mixin.py:190} INFO - [2025-12-09T19:26:17.590+0000] {dag.py:4156} INFO - Setting next_dagrun for dataset_s3_bucket_producer_with_no_taskflow to None, run_after=None
[2025-12-09T19:26:17.662+0000] {processor.py:208} INFO - Processing /home/airflow/.local/lib/python3.12/site-packages/airflow/example_dags/example_dataset_alias_with_no_taskflow.py took 0.451 seconds
