[2025-12-09T19:15:33.532+0000] {processor.py:186} INFO - Started process (PID=96) to work on /home/airflow/.local/lib/python3.12/site-packages/airflow/example_dags/example_latest_only_with_trigger.py
[2025-12-09T19:15:33.533+0000] {processor.py:914} INFO - Processing file /home/airflow/.local/lib/python3.12/site-packages/airflow/example_dags/example_latest_only_with_trigger.py for tasks to queue
[2025-12-09T19:15:33.536+0000] {logging_mixin.py:190} INFO - [2025-12-09T19:15:33.536+0000] {dagbag.py:587} INFO - Filling up the DagBag from /home/airflow/.local/lib/python3.12/site-packages/airflow/example_dags/example_latest_only_with_trigger.py
[2025-12-09T19:15:33.550+0000] {processor.py:925} INFO - DAG(s) 'latest_only_with_trigger' retrieved from /home/airflow/.local/lib/python3.12/site-packages/airflow/example_dags/example_latest_only_with_trigger.py
[2025-12-09T19:15:33.712+0000] {logging_mixin.py:190} INFO - [2025-12-09T19:15:33.710+0000] {override.py:1900} INFO - Created Permission View: can read on DAG:latest_only_with_trigger
[2025-12-09T19:15:33.727+0000] {logging_mixin.py:190} INFO - [2025-12-09T19:15:33.726+0000] {override.py:1900} INFO - Created Permission View: can delete on DAG:latest_only_with_trigger
[2025-12-09T19:15:33.738+0000] {logging_mixin.py:190} INFO - [2025-12-09T19:15:33.738+0000] {override.py:1900} INFO - Created Permission View: can edit on DAG:latest_only_with_trigger
[2025-12-09T19:15:33.751+0000] {logging_mixin.py:190} INFO - [2025-12-09T19:15:33.750+0000] {override.py:1900} INFO - Created Permission View: can read on DAG Run:latest_only_with_trigger
[2025-12-09T19:15:33.761+0000] {logging_mixin.py:190} INFO - [2025-12-09T19:15:33.760+0000] {override.py:1900} INFO - Created Permission View: can delete on DAG Run:latest_only_with_trigger
[2025-12-09T19:15:33.771+0000] {logging_mixin.py:190} INFO - [2025-12-09T19:15:33.770+0000] {override.py:1900} INFO - Created Permission View: menu access on DAG Run:latest_only_with_trigger
[2025-12-09T19:15:33.780+0000] {logging_mixin.py:190} INFO - [2025-12-09T19:15:33.779+0000] {override.py:1900} INFO - Created Permission View: can create on DAG Run:latest_only_with_trigger
[2025-12-09T19:15:33.780+0000] {logging_mixin.py:190} INFO - [2025-12-09T19:15:33.780+0000] {dag.py:3229} INFO - Sync 1 DAGs
[2025-12-09T19:15:33.800+0000] {logging_mixin.py:190} INFO - [2025-12-09T19:15:33.800+0000] {dag.py:3252} INFO - Creating ORM DAG for latest_only_with_trigger
[2025-12-09T19:15:33.815+0000] {logging_mixin.py:190} INFO - [2025-12-09T19:15:33.815+0000] {dag.py:4156} INFO - Setting next_dagrun for latest_only_with_trigger to 2025-12-09 12:00:00+00:00, run_after=2025-12-09 16:00:00+00:00
[2025-12-09T19:15:33.850+0000] {processor.py:208} INFO - Processing /home/airflow/.local/lib/python3.12/site-packages/airflow/example_dags/example_latest_only_with_trigger.py took 0.327 seconds
[2025-12-09T19:16:03.820+0000] {processor.py:186} INFO - Started process (PID=158) to work on /home/airflow/.local/lib/python3.12/site-packages/airflow/example_dags/example_latest_only_with_trigger.py
[2025-12-09T19:16:03.851+0000] {processor.py:914} INFO - Processing file /home/airflow/.local/lib/python3.12/site-packages/airflow/example_dags/example_latest_only_with_trigger.py for tasks to queue
[2025-12-09T19:16:03.855+0000] {logging_mixin.py:190} INFO - [2025-12-09T19:16:03.855+0000] {dagbag.py:587} INFO - Filling up the DagBag from /home/airflow/.local/lib/python3.12/site-packages/airflow/example_dags/example_latest_only_with_trigger.py
[2025-12-09T19:16:03.870+0000] {processor.py:925} INFO - DAG(s) 'latest_only_with_trigger' retrieved from /home/airflow/.local/lib/python3.12/site-packages/airflow/example_dags/example_latest_only_with_trigger.py
[2025-12-09T19:16:03.922+0000] {logging_mixin.py:190} INFO - [2025-12-09T19:16:03.921+0000] {dag.py:3229} INFO - Sync 1 DAGs
[2025-12-09T19:16:03.977+0000] {logging_mixin.py:190} INFO - [2025-12-09T19:16:03.976+0000] {dag.py:4156} INFO - Setting next_dagrun for latest_only_with_trigger to 2025-12-09 12:00:00+00:00, run_after=2025-12-09 16:00:00+00:00
[2025-12-09T19:16:04.059+0000] {processor.py:208} INFO - Processing /home/airflow/.local/lib/python3.12/site-packages/airflow/example_dags/example_latest_only_with_trigger.py took 0.249 seconds
[2025-12-09T19:16:43.178+0000] {processor.py:186} INFO - Started process (PID=217) to work on /home/airflow/.local/lib/python3.12/site-packages/airflow/example_dags/example_latest_only_with_trigger.py
[2025-12-09T19:16:43.180+0000] {processor.py:914} INFO - Processing file /home/airflow/.local/lib/python3.12/site-packages/airflow/example_dags/example_latest_only_with_trigger.py for tasks to queue
[2025-12-09T19:16:43.185+0000] {logging_mixin.py:190} INFO - [2025-12-09T19:16:43.184+0000] {dagbag.py:587} INFO - Filling up the DagBag from /home/airflow/.local/lib/python3.12/site-packages/airflow/example_dags/example_latest_only_with_trigger.py
[2025-12-09T19:16:43.198+0000] {processor.py:925} INFO - DAG(s) 'latest_only_with_trigger' retrieved from /home/airflow/.local/lib/python3.12/site-packages/airflow/example_dags/example_latest_only_with_trigger.py
[2025-12-09T19:16:43.235+0000] {logging_mixin.py:190} INFO - [2025-12-09T19:16:43.234+0000] {dag.py:3229} INFO - Sync 1 DAGs
[2025-12-09T19:16:34.645+0000] {logging_mixin.py:190} INFO - [2025-12-09T19:16:34.644+0000] {dag.py:4156} INFO - Setting next_dagrun for latest_only_with_trigger to 2025-12-09 12:00:00+00:00, run_after=2025-12-09 16:00:00+00:00
[2025-12-09T19:16:34.686+0000] {processor.py:208} INFO - Processing /home/airflow/.local/lib/python3.12/site-packages/airflow/example_dags/example_latest_only_with_trigger.py took 0.147 seconds
[2025-12-09T19:16:58.606+0000] {processor.py:186} INFO - Started process (PID=276) to work on /home/airflow/.local/lib/python3.12/site-packages/airflow/example_dags/example_latest_only_with_trigger.py
[2025-12-09T19:16:58.623+0000] {processor.py:914} INFO - Processing file /home/airflow/.local/lib/python3.12/site-packages/airflow/example_dags/example_latest_only_with_trigger.py for tasks to queue
[2025-12-09T19:16:58.626+0000] {logging_mixin.py:190} INFO - [2025-12-09T19:16:58.626+0000] {dagbag.py:587} INFO - Filling up the DagBag from /home/airflow/.local/lib/python3.12/site-packages/airflow/example_dags/example_latest_only_with_trigger.py
[2025-12-09T19:16:58.640+0000] {processor.py:925} INFO - DAG(s) 'latest_only_with_trigger' retrieved from /home/airflow/.local/lib/python3.12/site-packages/airflow/example_dags/example_latest_only_with_trigger.py
[2025-12-09T19:16:58.678+0000] {logging_mixin.py:190} INFO - [2025-12-09T19:16:58.677+0000] {dag.py:3229} INFO - Sync 1 DAGs
[2025-12-09T19:16:58.713+0000] {logging_mixin.py:190} INFO - [2025-12-09T19:16:58.712+0000] {dag.py:4156} INFO - Setting next_dagrun for latest_only_with_trigger to 2025-12-09 12:00:00+00:00, run_after=2025-12-09 16:00:00+00:00
[2025-12-09T19:16:58.776+0000] {processor.py:208} INFO - Processing /home/airflow/.local/lib/python3.12/site-packages/airflow/example_dags/example_latest_only_with_trigger.py took 0.179 seconds
[2025-12-09T19:17:36.870+0000] {processor.py:186} INFO - Started process (PID=336) to work on /home/airflow/.local/lib/python3.12/site-packages/airflow/example_dags/example_latest_only_with_trigger.py
[2025-12-09T19:17:36.904+0000] {processor.py:914} INFO - Processing file /home/airflow/.local/lib/python3.12/site-packages/airflow/example_dags/example_latest_only_with_trigger.py for tasks to queue
[2025-12-09T19:17:36.907+0000] {logging_mixin.py:190} INFO - [2025-12-09T19:17:36.907+0000] {dagbag.py:587} INFO - Filling up the DagBag from /home/airflow/.local/lib/python3.12/site-packages/airflow/example_dags/example_latest_only_with_trigger.py
[2025-12-09T19:17:36.920+0000] {processor.py:925} INFO - DAG(s) 'latest_only_with_trigger' retrieved from /home/airflow/.local/lib/python3.12/site-packages/airflow/example_dags/example_latest_only_with_trigger.py
[2025-12-09T19:17:28.315+0000] {logging_mixin.py:190} INFO - [2025-12-09T19:17:28.315+0000] {dag.py:3229} INFO - Sync 1 DAGs
[2025-12-09T19:17:28.382+0000] {logging_mixin.py:190} INFO - [2025-12-09T19:17:28.382+0000] {dag.py:4156} INFO - Setting next_dagrun for latest_only_with_trigger to 2025-12-09 12:00:00+00:00, run_after=2025-12-09 16:00:00+00:00
[2025-12-09T19:17:28.409+0000] {processor.py:208} INFO - Processing /home/airflow/.local/lib/python3.12/site-packages/airflow/example_dags/example_latest_only_with_trigger.py took 0.186 seconds
[2025-12-09T19:18:01.541+0000] {processor.py:186} INFO - Started process (PID=395) to work on /home/airflow/.local/lib/python3.12/site-packages/airflow/example_dags/example_latest_only_with_trigger.py
[2025-12-09T19:18:01.574+0000] {processor.py:914} INFO - Processing file /home/airflow/.local/lib/python3.12/site-packages/airflow/example_dags/example_latest_only_with_trigger.py for tasks to queue
[2025-12-09T19:18:01.579+0000] {logging_mixin.py:190} INFO - [2025-12-09T19:18:01.578+0000] {dagbag.py:587} INFO - Filling up the DagBag from /home/airflow/.local/lib/python3.12/site-packages/airflow/example_dags/example_latest_only_with_trigger.py
[2025-12-09T19:18:01.593+0000] {processor.py:925} INFO - DAG(s) 'latest_only_with_trigger' retrieved from /home/airflow/.local/lib/python3.12/site-packages/airflow/example_dags/example_latest_only_with_trigger.py
[2025-12-09T19:18:01.635+0000] {logging_mixin.py:190} INFO - [2025-12-09T19:18:01.634+0000] {dag.py:3229} INFO - Sync 1 DAGs
[2025-12-09T19:18:01.680+0000] {logging_mixin.py:190} INFO - [2025-12-09T19:18:01.680+0000] {dag.py:4156} INFO - Setting next_dagrun for latest_only_with_trigger to 2025-12-09 12:00:00+00:00, run_after=2025-12-09 16:00:00+00:00
[2025-12-09T19:18:01.749+0000] {processor.py:208} INFO - Processing /home/airflow/.local/lib/python3.12/site-packages/airflow/example_dags/example_latest_only_with_trigger.py took 0.220 seconds
[2025-12-09T19:18:31.975+0000] {processor.py:186} INFO - Started process (PID=455) to work on /home/airflow/.local/lib/python3.12/site-packages/airflow/example_dags/example_latest_only_with_trigger.py
[2025-12-09T19:18:31.978+0000] {processor.py:914} INFO - Processing file /home/airflow/.local/lib/python3.12/site-packages/airflow/example_dags/example_latest_only_with_trigger.py for tasks to queue
[2025-12-09T19:18:31.983+0000] {logging_mixin.py:190} INFO - [2025-12-09T19:18:31.983+0000] {dagbag.py:587} INFO - Filling up the DagBag from /home/airflow/.local/lib/python3.12/site-packages/airflow/example_dags/example_latest_only_with_trigger.py
[2025-12-09T19:18:32.002+0000] {processor.py:925} INFO - DAG(s) 'latest_only_with_trigger' retrieved from /home/airflow/.local/lib/python3.12/site-packages/airflow/example_dags/example_latest_only_with_trigger.py
[2025-12-09T19:18:32.043+0000] {logging_mixin.py:190} INFO - [2025-12-09T19:18:32.043+0000] {dag.py:3229} INFO - Sync 1 DAGs
[2025-12-09T19:18:32.083+0000] {logging_mixin.py:190} INFO - [2025-12-09T19:18:32.082+0000] {dag.py:4156} INFO - Setting next_dagrun for latest_only_with_trigger to 2025-12-09 12:00:00+00:00, run_after=2025-12-09 16:00:00+00:00
[2025-12-09T19:18:32.145+0000] {processor.py:208} INFO - Processing /home/airflow/.local/lib/python3.12/site-packages/airflow/example_dags/example_latest_only_with_trigger.py took 0.182 seconds
[2025-12-09T19:18:59.329+0000] {processor.py:186} INFO - Started process (PID=545) to work on /home/airflow/.local/lib/python3.12/site-packages/airflow/example_dags/example_latest_only_with_trigger.py
[2025-12-09T19:18:59.362+0000] {processor.py:914} INFO - Processing file /home/airflow/.local/lib/python3.12/site-packages/airflow/example_dags/example_latest_only_with_trigger.py for tasks to queue
[2025-12-09T19:18:59.365+0000] {logging_mixin.py:190} INFO - [2025-12-09T19:18:59.365+0000] {dagbag.py:587} INFO - Filling up the DagBag from /home/airflow/.local/lib/python3.12/site-packages/airflow/example_dags/example_latest_only_with_trigger.py
[2025-12-09T19:18:59.377+0000] {processor.py:925} INFO - DAG(s) 'latest_only_with_trigger' retrieved from /home/airflow/.local/lib/python3.12/site-packages/airflow/example_dags/example_latest_only_with_trigger.py
[2025-12-09T19:18:59.420+0000] {logging_mixin.py:190} INFO - [2025-12-09T19:18:59.419+0000] {dag.py:3229} INFO - Sync 1 DAGs
[2025-12-09T19:18:59.451+0000] {logging_mixin.py:190} INFO - [2025-12-09T19:18:59.451+0000] {dag.py:4156} INFO - Setting next_dagrun for latest_only_with_trigger to 2025-12-09 12:00:00+00:00, run_after=2025-12-09 16:00:00+00:00
[2025-12-09T19:18:59.479+0000] {processor.py:208} INFO - Processing /home/airflow/.local/lib/python3.12/site-packages/airflow/example_dags/example_latest_only_with_trigger.py took 0.160 seconds
[2025-12-09T19:19:24.892+0000] {processor.py:186} INFO - Started process (PID=598) to work on /home/airflow/.local/lib/python3.12/site-packages/airflow/example_dags/example_latest_only_with_trigger.py
[2025-12-09T19:19:24.920+0000] {processor.py:914} INFO - Processing file /home/airflow/.local/lib/python3.12/site-packages/airflow/example_dags/example_latest_only_with_trigger.py for tasks to queue
[2025-12-09T19:19:24.925+0000] {logging_mixin.py:190} INFO - [2025-12-09T19:19:24.924+0000] {dagbag.py:587} INFO - Filling up the DagBag from /home/airflow/.local/lib/python3.12/site-packages/airflow/example_dags/example_latest_only_with_trigger.py
[2025-12-09T19:19:24.939+0000] {processor.py:925} INFO - DAG(s) 'latest_only_with_trigger' retrieved from /home/airflow/.local/lib/python3.12/site-packages/airflow/example_dags/example_latest_only_with_trigger.py
[2025-12-09T19:19:24.979+0000] {logging_mixin.py:190} INFO - [2025-12-09T19:19:24.978+0000] {dag.py:3229} INFO - Sync 1 DAGs
[2025-12-09T19:19:25.017+0000] {logging_mixin.py:190} INFO - [2025-12-09T19:19:25.017+0000] {dag.py:4156} INFO - Setting next_dagrun for latest_only_with_trigger to 2025-12-09 12:00:00+00:00, run_after=2025-12-09 16:00:00+00:00
[2025-12-09T19:19:25.085+0000] {processor.py:208} INFO - Processing /home/airflow/.local/lib/python3.12/site-packages/airflow/example_dags/example_latest_only_with_trigger.py took 0.204 seconds
[2025-12-09T19:19:49.453+0000] {processor.py:186} INFO - Started process (PID=647) to work on /home/airflow/.local/lib/python3.12/site-packages/airflow/example_dags/example_latest_only_with_trigger.py
[2025-12-09T19:19:49.475+0000] {processor.py:914} INFO - Processing file /home/airflow/.local/lib/python3.12/site-packages/airflow/example_dags/example_latest_only_with_trigger.py for tasks to queue
[2025-12-09T19:19:49.479+0000] {logging_mixin.py:190} INFO - [2025-12-09T19:19:49.478+0000] {dagbag.py:587} INFO - Filling up the DagBag from /home/airflow/.local/lib/python3.12/site-packages/airflow/example_dags/example_latest_only_with_trigger.py
[2025-12-09T19:19:49.492+0000] {processor.py:925} INFO - DAG(s) 'latest_only_with_trigger' retrieved from /home/airflow/.local/lib/python3.12/site-packages/airflow/example_dags/example_latest_only_with_trigger.py
[2025-12-09T19:19:49.527+0000] {logging_mixin.py:190} INFO - [2025-12-09T19:19:49.526+0000] {dag.py:3229} INFO - Sync 1 DAGs
[2025-12-09T19:19:49.561+0000] {logging_mixin.py:190} INFO - [2025-12-09T19:19:49.560+0000] {dag.py:4156} INFO - Setting next_dagrun for latest_only_with_trigger to 2025-12-09 12:00:00+00:00, run_after=2025-12-09 16:00:00+00:00
[2025-12-09T19:19:49.621+0000] {processor.py:208} INFO - Processing /home/airflow/.local/lib/python3.12/site-packages/airflow/example_dags/example_latest_only_with_trigger.py took 0.177 seconds
[2025-12-09T19:20:19.278+0000] {processor.py:186} INFO - Started process (PID=709) to work on /home/airflow/.local/lib/python3.12/site-packages/airflow/example_dags/example_latest_only_with_trigger.py
[2025-12-09T19:20:19.312+0000] {processor.py:914} INFO - Processing file /home/airflow/.local/lib/python3.12/site-packages/airflow/example_dags/example_latest_only_with_trigger.py for tasks to queue
[2025-12-09T19:20:19.317+0000] {logging_mixin.py:190} INFO - [2025-12-09T19:20:19.316+0000] {dagbag.py:587} INFO - Filling up the DagBag from /home/airflow/.local/lib/python3.12/site-packages/airflow/example_dags/example_latest_only_with_trigger.py
[2025-12-09T19:20:19.328+0000] {processor.py:925} INFO - DAG(s) 'latest_only_with_trigger' retrieved from /home/airflow/.local/lib/python3.12/site-packages/airflow/example_dags/example_latest_only_with_trigger.py
[2025-12-09T19:20:19.363+0000] {logging_mixin.py:190} INFO - [2025-12-09T19:20:19.363+0000] {dag.py:3229} INFO - Sync 1 DAGs
[2025-12-09T19:20:19.396+0000] {logging_mixin.py:190} INFO - [2025-12-09T19:20:19.396+0000] {dag.py:4156} INFO - Setting next_dagrun for latest_only_with_trigger to 2025-12-09 12:00:00+00:00, run_after=2025-12-09 16:00:00+00:00
[2025-12-09T19:20:19.437+0000] {processor.py:208} INFO - Processing /home/airflow/.local/lib/python3.12/site-packages/airflow/example_dags/example_latest_only_with_trigger.py took 0.169 seconds
[2025-12-09T19:20:50.139+0000] {processor.py:186} INFO - Started process (PID=767) to work on /home/airflow/.local/lib/python3.12/site-packages/airflow/example_dags/example_latest_only_with_trigger.py
[2025-12-09T19:20:50.173+0000] {processor.py:914} INFO - Processing file /home/airflow/.local/lib/python3.12/site-packages/airflow/example_dags/example_latest_only_with_trigger.py for tasks to queue
[2025-12-09T19:20:50.177+0000] {logging_mixin.py:190} INFO - [2025-12-09T19:20:50.176+0000] {dagbag.py:587} INFO - Filling up the DagBag from /home/airflow/.local/lib/python3.12/site-packages/airflow/example_dags/example_latest_only_with_trigger.py
[2025-12-09T19:20:50.187+0000] {processor.py:925} INFO - DAG(s) 'latest_only_with_trigger' retrieved from /home/airflow/.local/lib/python3.12/site-packages/airflow/example_dags/example_latest_only_with_trigger.py
[2025-12-09T19:20:50.219+0000] {logging_mixin.py:190} INFO - [2025-12-09T19:20:50.219+0000] {dag.py:3229} INFO - Sync 1 DAGs
[2025-12-09T19:20:50.255+0000] {logging_mixin.py:190} INFO - [2025-12-09T19:20:50.254+0000] {dag.py:4156} INFO - Setting next_dagrun for latest_only_with_trigger to 2025-12-09 12:00:00+00:00, run_after=2025-12-09 16:00:00+00:00
[2025-12-09T19:20:50.316+0000] {processor.py:208} INFO - Processing /home/airflow/.local/lib/python3.12/site-packages/airflow/example_dags/example_latest_only_with_trigger.py took 0.186 seconds
[2025-12-09T19:21:20.535+0000] {processor.py:186} INFO - Started process (PID=829) to work on /home/airflow/.local/lib/python3.12/site-packages/airflow/example_dags/example_latest_only_with_trigger.py
[2025-12-09T19:21:20.566+0000] {processor.py:914} INFO - Processing file /home/airflow/.local/lib/python3.12/site-packages/airflow/example_dags/example_latest_only_with_trigger.py for tasks to queue
[2025-12-09T19:21:20.570+0000] {logging_mixin.py:190} INFO - [2025-12-09T19:21:20.570+0000] {dagbag.py:587} INFO - Filling up the DagBag from /home/airflow/.local/lib/python3.12/site-packages/airflow/example_dags/example_latest_only_with_trigger.py
[2025-12-09T19:21:20.585+0000] {processor.py:925} INFO - DAG(s) 'latest_only_with_trigger' retrieved from /home/airflow/.local/lib/python3.12/site-packages/airflow/example_dags/example_latest_only_with_trigger.py
[2025-12-09T19:21:20.628+0000] {logging_mixin.py:190} INFO - [2025-12-09T19:21:20.627+0000] {dag.py:3229} INFO - Sync 1 DAGs
[2025-12-09T19:21:20.669+0000] {logging_mixin.py:190} INFO - [2025-12-09T19:21:20.669+0000] {dag.py:4156} INFO - Setting next_dagrun for latest_only_with_trigger to 2025-12-09 12:00:00+00:00, run_after=2025-12-09 16:00:00+00:00
[2025-12-09T19:21:20.738+0000] {processor.py:208} INFO - Processing /home/airflow/.local/lib/python3.12/site-packages/airflow/example_dags/example_latest_only_with_trigger.py took 0.214 seconds
[2025-12-09T19:21:57.210+0000] {processor.py:186} INFO - Started process (PID=891) to work on /home/airflow/.local/lib/python3.12/site-packages/airflow/example_dags/example_latest_only_with_trigger.py
[2025-12-09T19:21:57.230+0000] {processor.py:914} INFO - Processing file /home/airflow/.local/lib/python3.12/site-packages/airflow/example_dags/example_latest_only_with_trigger.py for tasks to queue
[2025-12-09T19:21:57.234+0000] {logging_mixin.py:190} INFO - [2025-12-09T19:21:57.233+0000] {dagbag.py:587} INFO - Filling up the DagBag from /home/airflow/.local/lib/python3.12/site-packages/airflow/example_dags/example_latest_only_with_trigger.py
[2025-12-09T19:21:57.247+0000] {processor.py:925} INFO - DAG(s) 'latest_only_with_trigger' retrieved from /home/airflow/.local/lib/python3.12/site-packages/airflow/example_dags/example_latest_only_with_trigger.py
[2025-12-09T19:21:48.690+0000] {logging_mixin.py:190} INFO - [2025-12-09T19:21:48.690+0000] {dag.py:3229} INFO - Sync 1 DAGs
[2025-12-09T19:21:48.727+0000] {logging_mixin.py:190} INFO - [2025-12-09T19:21:48.727+0000] {dag.py:4156} INFO - Setting next_dagrun for latest_only_with_trigger to 2025-12-09 12:00:00+00:00, run_after=2025-12-09 16:00:00+00:00
[2025-12-09T19:21:48.758+0000] {processor.py:208} INFO - Processing /home/airflow/.local/lib/python3.12/site-packages/airflow/example_dags/example_latest_only_with_trigger.py took 0.151 seconds
[2025-12-09T19:22:19.430+0000] {processor.py:186} INFO - Started process (PID=951) to work on /home/airflow/.local/lib/python3.12/site-packages/airflow/example_dags/example_latest_only_with_trigger.py
[2025-12-09T19:22:19.453+0000] {processor.py:914} INFO - Processing file /home/airflow/.local/lib/python3.12/site-packages/airflow/example_dags/example_latest_only_with_trigger.py for tasks to queue
[2025-12-09T19:22:19.457+0000] {logging_mixin.py:190} INFO - [2025-12-09T19:22:19.456+0000] {dagbag.py:587} INFO - Filling up the DagBag from /home/airflow/.local/lib/python3.12/site-packages/airflow/example_dags/example_latest_only_with_trigger.py
[2025-12-09T19:22:19.467+0000] {processor.py:925} INFO - DAG(s) 'latest_only_with_trigger' retrieved from /home/airflow/.local/lib/python3.12/site-packages/airflow/example_dags/example_latest_only_with_trigger.py
[2025-12-09T19:22:19.501+0000] {logging_mixin.py:190} INFO - [2025-12-09T19:22:19.500+0000] {dag.py:3229} INFO - Sync 1 DAGs
[2025-12-09T19:22:19.533+0000] {logging_mixin.py:190} INFO - [2025-12-09T19:22:19.532+0000] {dag.py:4156} INFO - Setting next_dagrun for latest_only_with_trigger to 2025-12-09 12:00:00+00:00, run_after=2025-12-09 16:00:00+00:00
[2025-12-09T19:22:19.591+0000] {processor.py:208} INFO - Processing /home/airflow/.local/lib/python3.12/site-packages/airflow/example_dags/example_latest_only_with_trigger.py took 0.170 seconds
[2025-12-09T19:22:48.990+0000] {processor.py:186} INFO - Started process (PID=1018) to work on /home/airflow/.local/lib/python3.12/site-packages/airflow/example_dags/example_latest_only_with_trigger.py
[2025-12-09T19:22:48.992+0000] {processor.py:914} INFO - Processing file /home/airflow/.local/lib/python3.12/site-packages/airflow/example_dags/example_latest_only_with_trigger.py for tasks to queue
[2025-12-09T19:22:48.997+0000] {logging_mixin.py:190} INFO - [2025-12-09T19:22:48.997+0000] {dagbag.py:587} INFO - Filling up the DagBag from /home/airflow/.local/lib/python3.12/site-packages/airflow/example_dags/example_latest_only_with_trigger.py
[2025-12-09T19:22:49.011+0000] {processor.py:925} INFO - DAG(s) 'latest_only_with_trigger' retrieved from /home/airflow/.local/lib/python3.12/site-packages/airflow/example_dags/example_latest_only_with_trigger.py
[2025-12-09T19:22:49.048+0000] {logging_mixin.py:190} INFO - [2025-12-09T19:22:49.048+0000] {dag.py:3229} INFO - Sync 1 DAGs
[2025-12-09T19:22:49.085+0000] {logging_mixin.py:190} INFO - [2025-12-09T19:22:49.085+0000] {dag.py:4156} INFO - Setting next_dagrun for latest_only_with_trigger to 2025-12-09 12:00:00+00:00, run_after=2025-12-09 16:00:00+00:00
[2025-12-09T19:22:49.116+0000] {processor.py:208} INFO - Processing /home/airflow/.local/lib/python3.12/site-packages/airflow/example_dags/example_latest_only_with_trigger.py took 0.136 seconds
[2025-12-09T19:23:19.954+0000] {processor.py:186} INFO - Started process (PID=1082) to work on /home/airflow/.local/lib/python3.12/site-packages/airflow/example_dags/example_latest_only_with_trigger.py
[2025-12-09T19:23:19.986+0000] {processor.py:914} INFO - Processing file /home/airflow/.local/lib/python3.12/site-packages/airflow/example_dags/example_latest_only_with_trigger.py for tasks to queue
[2025-12-09T19:23:19.991+0000] {logging_mixin.py:190} INFO - [2025-12-09T19:23:19.990+0000] {dagbag.py:587} INFO - Filling up the DagBag from /home/airflow/.local/lib/python3.12/site-packages/airflow/example_dags/example_latest_only_with_trigger.py
[2025-12-09T19:23:20.012+0000] {processor.py:925} INFO - DAG(s) 'latest_only_with_trigger' retrieved from /home/airflow/.local/lib/python3.12/site-packages/airflow/example_dags/example_latest_only_with_trigger.py
[2025-12-09T19:23:20.056+0000] {logging_mixin.py:190} INFO - [2025-12-09T19:23:20.055+0000] {dag.py:3229} INFO - Sync 1 DAGs
[2025-12-09T19:23:20.100+0000] {logging_mixin.py:190} INFO - [2025-12-09T19:23:20.100+0000] {dag.py:4156} INFO - Setting next_dagrun for latest_only_with_trigger to 2025-12-09 12:00:00+00:00, run_after=2025-12-09 16:00:00+00:00
[2025-12-09T19:23:20.169+0000] {processor.py:208} INFO - Processing /home/airflow/.local/lib/python3.12/site-packages/airflow/example_dags/example_latest_only_with_trigger.py took 0.228 seconds
[2025-12-09T19:23:50.545+0000] {processor.py:186} INFO - Started process (PID=1144) to work on /home/airflow/.local/lib/python3.12/site-packages/airflow/example_dags/example_latest_only_with_trigger.py
[2025-12-09T19:23:50.580+0000] {processor.py:914} INFO - Processing file /home/airflow/.local/lib/python3.12/site-packages/airflow/example_dags/example_latest_only_with_trigger.py for tasks to queue
[2025-12-09T19:23:50.585+0000] {logging_mixin.py:190} INFO - [2025-12-09T19:23:50.584+0000] {dagbag.py:587} INFO - Filling up the DagBag from /home/airflow/.local/lib/python3.12/site-packages/airflow/example_dags/example_latest_only_with_trigger.py
[2025-12-09T19:23:50.598+0000] {processor.py:925} INFO - DAG(s) 'latest_only_with_trigger' retrieved from /home/airflow/.local/lib/python3.12/site-packages/airflow/example_dags/example_latest_only_with_trigger.py
[2025-12-09T19:23:50.635+0000] {logging_mixin.py:190} INFO - [2025-12-09T19:23:50.634+0000] {dag.py:3229} INFO - Sync 1 DAGs
[2025-12-09T19:23:50.668+0000] {logging_mixin.py:190} INFO - [2025-12-09T19:23:50.668+0000] {dag.py:4156} INFO - Setting next_dagrun for latest_only_with_trigger to 2025-12-09 12:00:00+00:00, run_after=2025-12-09 16:00:00+00:00
[2025-12-09T19:23:50.729+0000] {processor.py:208} INFO - Processing /home/airflow/.local/lib/python3.12/site-packages/airflow/example_dags/example_latest_only_with_trigger.py took 0.193 seconds
[2025-12-09T19:24:14.337+0000] {processor.py:186} INFO - Started process (PID=1206) to work on /home/airflow/.local/lib/python3.12/site-packages/airflow/example_dags/example_latest_only_with_trigger.py
[2025-12-09T19:24:14.371+0000] {processor.py:914} INFO - Processing file /home/airflow/.local/lib/python3.12/site-packages/airflow/example_dags/example_latest_only_with_trigger.py for tasks to queue
[2025-12-09T19:24:14.376+0000] {logging_mixin.py:190} INFO - [2025-12-09T19:24:14.375+0000] {dagbag.py:587} INFO - Filling up the DagBag from /home/airflow/.local/lib/python3.12/site-packages/airflow/example_dags/example_latest_only_with_trigger.py
[2025-12-09T19:24:14.387+0000] {processor.py:925} INFO - DAG(s) 'latest_only_with_trigger' retrieved from /home/airflow/.local/lib/python3.12/site-packages/airflow/example_dags/example_latest_only_with_trigger.py
[2025-12-09T19:24:14.419+0000] {logging_mixin.py:190} INFO - [2025-12-09T19:24:14.418+0000] {dag.py:3229} INFO - Sync 1 DAGs
[2025-12-09T19:24:14.453+0000] {logging_mixin.py:190} INFO - [2025-12-09T19:24:14.453+0000] {dag.py:4156} INFO - Setting next_dagrun for latest_only_with_trigger to 2025-12-09 12:00:00+00:00, run_after=2025-12-09 16:00:00+00:00
[2025-12-09T19:24:14.510+0000] {processor.py:208} INFO - Processing /home/airflow/.local/lib/python3.12/site-packages/airflow/example_dags/example_latest_only_with_trigger.py took 0.186 seconds
[2025-12-09T19:24:39.118+0000] {processor.py:186} INFO - Started process (PID=1262) to work on /home/airflow/.local/lib/python3.12/site-packages/airflow/example_dags/example_latest_only_with_trigger.py
[2025-12-09T19:24:39.121+0000] {processor.py:914} INFO - Processing file /home/airflow/.local/lib/python3.12/site-packages/airflow/example_dags/example_latest_only_with_trigger.py for tasks to queue
[2025-12-09T19:24:39.124+0000] {logging_mixin.py:190} INFO - [2025-12-09T19:24:39.124+0000] {dagbag.py:587} INFO - Filling up the DagBag from /home/airflow/.local/lib/python3.12/site-packages/airflow/example_dags/example_latest_only_with_trigger.py
[2025-12-09T19:24:39.139+0000] {processor.py:925} INFO - DAG(s) 'latest_only_with_trigger' retrieved from /home/airflow/.local/lib/python3.12/site-packages/airflow/example_dags/example_latest_only_with_trigger.py
[2025-12-09T19:24:39.172+0000] {logging_mixin.py:190} INFO - [2025-12-09T19:24:39.171+0000] {dag.py:3229} INFO - Sync 1 DAGs
[2025-12-09T19:24:39.203+0000] {logging_mixin.py:190} INFO - [2025-12-09T19:24:39.203+0000] {dag.py:4156} INFO - Setting next_dagrun for latest_only_with_trigger to 2025-12-09 12:00:00+00:00, run_after=2025-12-09 16:00:00+00:00
[2025-12-09T19:24:39.231+0000] {processor.py:208} INFO - Processing /home/airflow/.local/lib/python3.12/site-packages/airflow/example_dags/example_latest_only_with_trigger.py took 0.123 seconds
[2025-12-09T19:25:12.538+0000] {processor.py:186} INFO - Started process (PID=1321) to work on /home/airflow/.local/lib/python3.12/site-packages/airflow/example_dags/example_latest_only_with_trigger.py
[2025-12-09T19:25:03.956+0000] {processor.py:914} INFO - Processing file /home/airflow/.local/lib/python3.12/site-packages/airflow/example_dags/example_latest_only_with_trigger.py for tasks to queue
[2025-12-09T19:25:03.960+0000] {logging_mixin.py:190} INFO - [2025-12-09T19:25:03.960+0000] {dagbag.py:587} INFO - Filling up the DagBag from /home/airflow/.local/lib/python3.12/site-packages/airflow/example_dags/example_latest_only_with_trigger.py
[2025-12-09T19:25:03.974+0000] {processor.py:925} INFO - DAG(s) 'latest_only_with_trigger' retrieved from /home/airflow/.local/lib/python3.12/site-packages/airflow/example_dags/example_latest_only_with_trigger.py
[2025-12-09T19:25:04.009+0000] {logging_mixin.py:190} INFO - [2025-12-09T19:25:04.009+0000] {dag.py:3229} INFO - Sync 1 DAGs
[2025-12-09T19:25:04.042+0000] {logging_mixin.py:190} INFO - [2025-12-09T19:25:04.041+0000] {dag.py:4156} INFO - Setting next_dagrun for latest_only_with_trigger to 2025-12-09 12:00:00+00:00, run_after=2025-12-09 16:00:00+00:00
[2025-12-09T19:25:04.068+0000] {processor.py:208} INFO - Processing /home/airflow/.local/lib/python3.12/site-packages/airflow/example_dags/example_latest_only_with_trigger.py took 0.156 seconds
[2025-12-09T19:25:37.446+0000] {processor.py:186} INFO - Started process (PID=1381) to work on /home/airflow/.local/lib/python3.12/site-packages/airflow/example_dags/example_latest_only_with_trigger.py
[2025-12-09T19:25:28.931+0000] {processor.py:914} INFO - Processing file /home/airflow/.local/lib/python3.12/site-packages/airflow/example_dags/example_latest_only_with_trigger.py for tasks to queue
[2025-12-09T19:25:28.935+0000] {logging_mixin.py:190} INFO - [2025-12-09T19:25:28.934+0000] {dagbag.py:587} INFO - Filling up the DagBag from /home/airflow/.local/lib/python3.12/site-packages/airflow/example_dags/example_latest_only_with_trigger.py
[2025-12-09T19:25:28.948+0000] {processor.py:925} INFO - DAG(s) 'latest_only_with_trigger' retrieved from /home/airflow/.local/lib/python3.12/site-packages/airflow/example_dags/example_latest_only_with_trigger.py
[2025-12-09T19:25:28.982+0000] {logging_mixin.py:190} INFO - [2025-12-09T19:25:28.982+0000] {dag.py:3229} INFO - Sync 1 DAGs
[2025-12-09T19:25:29.019+0000] {logging_mixin.py:190} INFO - [2025-12-09T19:25:29.019+0000] {dag.py:4156} INFO - Setting next_dagrun for latest_only_with_trigger to 2025-12-09 12:00:00+00:00, run_after=2025-12-09 16:00:00+00:00
[2025-12-09T19:25:29.045+0000] {processor.py:208} INFO - Processing /home/airflow/.local/lib/python3.12/site-packages/airflow/example_dags/example_latest_only_with_trigger.py took 0.153 seconds
[2025-12-09T19:25:59.252+0000] {processor.py:186} INFO - Started process (PID=1441) to work on /home/airflow/.local/lib/python3.12/site-packages/airflow/example_dags/example_latest_only_with_trigger.py
[2025-12-09T19:25:59.254+0000] {processor.py:914} INFO - Processing file /home/airflow/.local/lib/python3.12/site-packages/airflow/example_dags/example_latest_only_with_trigger.py for tasks to queue
[2025-12-09T19:25:59.258+0000] {logging_mixin.py:190} INFO - [2025-12-09T19:25:59.257+0000] {dagbag.py:587} INFO - Filling up the DagBag from /home/airflow/.local/lib/python3.12/site-packages/airflow/example_dags/example_latest_only_with_trigger.py
[2025-12-09T19:25:59.269+0000] {processor.py:925} INFO - DAG(s) 'latest_only_with_trigger' retrieved from /home/airflow/.local/lib/python3.12/site-packages/airflow/example_dags/example_latest_only_with_trigger.py
[2025-12-09T19:25:59.309+0000] {logging_mixin.py:190} INFO - [2025-12-09T19:25:59.309+0000] {dag.py:3229} INFO - Sync 1 DAGs
[2025-12-09T19:25:59.350+0000] {logging_mixin.py:190} INFO - [2025-12-09T19:25:59.350+0000] {dag.py:4156} INFO - Setting next_dagrun for latest_only_with_trigger to 2025-12-09 12:00:00+00:00, run_after=2025-12-09 16:00:00+00:00
[2025-12-09T19:25:59.409+0000] {processor.py:208} INFO - Processing /home/airflow/.local/lib/python3.12/site-packages/airflow/example_dags/example_latest_only_with_trigger.py took 0.167 seconds
