[2025-12-09T19:15:39.285+0000] {processor.py:186} INFO - Started process (PID=123) to work on /home/airflow/.local/lib/python3.12/site-packages/airflow/example_dags/example_branch_datetime_operator.py
[2025-12-09T19:15:39.286+0000] {processor.py:914} INFO - Processing file /home/airflow/.local/lib/python3.12/site-packages/airflow/example_dags/example_branch_datetime_operator.py for tasks to queue
[2025-12-09T19:15:39.291+0000] {logging_mixin.py:190} INFO - [2025-12-09T19:15:39.289+0000] {dagbag.py:587} INFO - Filling up the DagBag from /home/airflow/.local/lib/python3.12/site-packages/airflow/example_dags/example_branch_datetime_operator.py
[2025-12-09T19:15:39.309+0000] {processor.py:925} INFO - DAG(s) 'example_branch_datetime_operator_2', 'example_branch_datetime_operator', 'example_branch_datetime_operator_3' retrieved from /home/airflow/.local/lib/python3.12/site-packages/airflow/example_dags/example_branch_datetime_operator.py
[2025-12-09T19:15:39.472+0000] {logging_mixin.py:190} INFO - [2025-12-09T19:15:39.472+0000] {override.py:1900} INFO - Created Permission View: can read on DAG:example_branch_datetime_operator_2
[2025-12-09T19:15:39.487+0000] {logging_mixin.py:190} INFO - [2025-12-09T19:15:39.486+0000] {override.py:1900} INFO - Created Permission View: can delete on DAG:example_branch_datetime_operator_2
[2025-12-09T19:15:39.495+0000] {logging_mixin.py:190} INFO - [2025-12-09T19:15:39.495+0000] {override.py:1900} INFO - Created Permission View: can edit on DAG:example_branch_datetime_operator_2
[2025-12-09T19:15:39.505+0000] {logging_mixin.py:190} INFO - [2025-12-09T19:15:39.505+0000] {override.py:1900} INFO - Created Permission View: can read on DAG Run:example_branch_datetime_operator_2
[2025-12-09T19:15:39.514+0000] {logging_mixin.py:190} INFO - [2025-12-09T19:15:39.513+0000] {override.py:1900} INFO - Created Permission View: can delete on DAG Run:example_branch_datetime_operator_2
[2025-12-09T19:15:39.522+0000] {logging_mixin.py:190} INFO - [2025-12-09T19:15:39.522+0000] {override.py:1900} INFO - Created Permission View: menu access on DAG Run:example_branch_datetime_operator_2
[2025-12-09T19:15:39.530+0000] {logging_mixin.py:190} INFO - [2025-12-09T19:15:39.530+0000] {override.py:1900} INFO - Created Permission View: can create on DAG Run:example_branch_datetime_operator_2
[2025-12-09T19:15:39.546+0000] {logging_mixin.py:190} INFO - [2025-12-09T19:15:39.546+0000] {override.py:1900} INFO - Created Permission View: can read on DAG:example_branch_datetime_operator
[2025-12-09T19:15:39.555+0000] {logging_mixin.py:190} INFO - [2025-12-09T19:15:39.555+0000] {override.py:1900} INFO - Created Permission View: can delete on DAG:example_branch_datetime_operator
[2025-12-09T19:15:39.564+0000] {logging_mixin.py:190} INFO - [2025-12-09T19:15:39.564+0000] {override.py:1900} INFO - Created Permission View: can edit on DAG:example_branch_datetime_operator
[2025-12-09T19:15:39.575+0000] {logging_mixin.py:190} INFO - [2025-12-09T19:15:39.575+0000] {override.py:1900} INFO - Created Permission View: can read on DAG Run:example_branch_datetime_operator
[2025-12-09T19:15:39.585+0000] {logging_mixin.py:190} INFO - [2025-12-09T19:15:39.584+0000] {override.py:1900} INFO - Created Permission View: can delete on DAG Run:example_branch_datetime_operator
[2025-12-09T19:15:39.595+0000] {logging_mixin.py:190} INFO - [2025-12-09T19:15:39.594+0000] {override.py:1900} INFO - Created Permission View: menu access on DAG Run:example_branch_datetime_operator
[2025-12-09T19:15:39.605+0000] {logging_mixin.py:190} INFO - [2025-12-09T19:15:39.604+0000] {override.py:1900} INFO - Created Permission View: can create on DAG Run:example_branch_datetime_operator
[2025-12-09T19:15:39.624+0000] {logging_mixin.py:190} INFO - [2025-12-09T19:15:39.623+0000] {override.py:1900} INFO - Created Permission View: can read on DAG:example_branch_datetime_operator_3
[2025-12-09T19:15:39.634+0000] {logging_mixin.py:190} INFO - [2025-12-09T19:15:39.633+0000] {override.py:1900} INFO - Created Permission View: can delete on DAG:example_branch_datetime_operator_3
[2025-12-09T19:15:39.643+0000] {logging_mixin.py:190} INFO - [2025-12-09T19:15:39.642+0000] {override.py:1900} INFO - Created Permission View: can edit on DAG:example_branch_datetime_operator_3
[2025-12-09T19:15:39.654+0000] {logging_mixin.py:190} INFO - [2025-12-09T19:15:39.653+0000] {override.py:1900} INFO - Created Permission View: can read on DAG Run:example_branch_datetime_operator_3
[2025-12-09T19:15:39.663+0000] {logging_mixin.py:190} INFO - [2025-12-09T19:15:39.663+0000] {override.py:1900} INFO - Created Permission View: can delete on DAG Run:example_branch_datetime_operator_3
[2025-12-09T19:15:39.671+0000] {logging_mixin.py:190} INFO - [2025-12-09T19:15:39.671+0000] {override.py:1900} INFO - Created Permission View: menu access on DAG Run:example_branch_datetime_operator_3
[2025-12-09T19:15:39.681+0000] {logging_mixin.py:190} INFO - [2025-12-09T19:15:39.681+0000] {override.py:1900} INFO - Created Permission View: can create on DAG Run:example_branch_datetime_operator_3
[2025-12-09T19:15:39.681+0000] {logging_mixin.py:190} INFO - [2025-12-09T19:15:39.681+0000] {dag.py:3229} INFO - Sync 3 DAGs
[2025-12-09T19:15:39.698+0000] {logging_mixin.py:190} INFO - [2025-12-09T19:15:39.698+0000] {dag.py:3252} INFO - Creating ORM DAG for example_branch_datetime_operator
[2025-12-09T19:15:39.699+0000] {logging_mixin.py:190} INFO - [2025-12-09T19:15:39.699+0000] {dag.py:3252} INFO - Creating ORM DAG for example_branch_datetime_operator_3
[2025-12-09T19:15:39.700+0000] {logging_mixin.py:190} INFO - [2025-12-09T19:15:39.700+0000] {dag.py:3252} INFO - Creating ORM DAG for example_branch_datetime_operator_2
[2025-12-09T19:15:39.716+0000] {logging_mixin.py:190} INFO - [2025-12-09T19:15:39.715+0000] {dag.py:4156} INFO - Setting next_dagrun for example_branch_datetime_operator to 2025-12-08 00:00:00+00:00, run_after=2025-12-09 00:00:00+00:00
[2025-12-09T19:15:39.717+0000] {logging_mixin.py:190} INFO - [2025-12-09T19:15:39.717+0000] {dag.py:4156} INFO - Setting next_dagrun for example_branch_datetime_operator_2 to 2025-12-08 00:00:00+00:00, run_after=2025-12-09 00:00:00+00:00
[2025-12-09T19:15:39.719+0000] {logging_mixin.py:190} INFO - [2025-12-09T19:15:39.719+0000] {dag.py:4156} INFO - Setting next_dagrun for example_branch_datetime_operator_3 to 2025-12-08 00:00:00+00:00, run_after=2025-12-09 00:00:00+00:00
[2025-12-09T19:15:39.746+0000] {processor.py:208} INFO - Processing /home/airflow/.local/lib/python3.12/site-packages/airflow/example_dags/example_branch_datetime_operator.py took 0.470 seconds
[2025-12-09T19:16:07.226+0000] {processor.py:186} INFO - Started process (PID=183) to work on /home/airflow/.local/lib/python3.12/site-packages/airflow/example_dags/example_branch_datetime_operator.py
[2025-12-09T19:16:07.229+0000] {processor.py:914} INFO - Processing file /home/airflow/.local/lib/python3.12/site-packages/airflow/example_dags/example_branch_datetime_operator.py for tasks to queue
[2025-12-09T19:16:07.234+0000] {logging_mixin.py:190} INFO - [2025-12-09T19:16:07.234+0000] {dagbag.py:587} INFO - Filling up the DagBag from /home/airflow/.local/lib/python3.12/site-packages/airflow/example_dags/example_branch_datetime_operator.py
[2025-12-09T19:16:07.254+0000] {processor.py:925} INFO - DAG(s) 'example_branch_datetime_operator', 'example_branch_datetime_operator_3', 'example_branch_datetime_operator_2' retrieved from /home/airflow/.local/lib/python3.12/site-packages/airflow/example_dags/example_branch_datetime_operator.py
[2025-12-09T19:16:07.281+0000] {logging_mixin.py:190} INFO - [2025-12-09T19:16:07.281+0000] {dag.py:3229} INFO - Sync 3 DAGs
[2025-12-09T19:16:07.328+0000] {logging_mixin.py:190} INFO - [2025-12-09T19:16:07.327+0000] {dag.py:4156} INFO - Setting next_dagrun for example_branch_datetime_operator to 2025-12-08 00:00:00+00:00, run_after=2025-12-09 00:00:00+00:00
[2025-12-09T19:16:07.337+0000] {logging_mixin.py:190} INFO - [2025-12-09T19:16:07.337+0000] {dag.py:4156} INFO - Setting next_dagrun for example_branch_datetime_operator_2 to 2025-12-08 00:00:00+00:00, run_after=2025-12-09 00:00:00+00:00
[2025-12-09T19:16:07.340+0000] {logging_mixin.py:190} INFO - [2025-12-09T19:16:07.340+0000] {dag.py:4156} INFO - Setting next_dagrun for example_branch_datetime_operator_3 to 2025-12-08 00:00:00+00:00, run_after=2025-12-09 00:00:00+00:00
[2025-12-09T19:16:07.403+0000] {processor.py:208} INFO - Processing /home/airflow/.local/lib/python3.12/site-packages/airflow/example_dags/example_branch_datetime_operator.py took 0.192 seconds
[2025-12-09T19:16:38.304+0000] {processor.py:186} INFO - Started process (PID=242) to work on /home/airflow/.local/lib/python3.12/site-packages/airflow/example_dags/example_branch_datetime_operator.py
[2025-12-09T19:16:38.306+0000] {processor.py:914} INFO - Processing file /home/airflow/.local/lib/python3.12/site-packages/airflow/example_dags/example_branch_datetime_operator.py for tasks to queue
[2025-12-09T19:16:38.309+0000] {logging_mixin.py:190} INFO - [2025-12-09T19:16:38.309+0000] {dagbag.py:587} INFO - Filling up the DagBag from /home/airflow/.local/lib/python3.12/site-packages/airflow/example_dags/example_branch_datetime_operator.py
[2025-12-09T19:16:38.331+0000] {processor.py:925} INFO - DAG(s) 'example_branch_datetime_operator', 'example_branch_datetime_operator_2', 'example_branch_datetime_operator_3' retrieved from /home/airflow/.local/lib/python3.12/site-packages/airflow/example_dags/example_branch_datetime_operator.py
[2025-12-09T19:16:38.379+0000] {logging_mixin.py:190} INFO - [2025-12-09T19:16:38.378+0000] {dag.py:3229} INFO - Sync 3 DAGs
[2025-12-09T19:16:38.414+0000] {logging_mixin.py:190} INFO - [2025-12-09T19:16:38.414+0000] {dag.py:4156} INFO - Setting next_dagrun for example_branch_datetime_operator to 2025-12-08 00:00:00+00:00, run_after=2025-12-09 00:00:00+00:00
[2025-12-09T19:16:38.421+0000] {logging_mixin.py:190} INFO - [2025-12-09T19:16:38.421+0000] {dag.py:4156} INFO - Setting next_dagrun for example_branch_datetime_operator_2 to 2025-12-08 00:00:00+00:00, run_after=2025-12-09 00:00:00+00:00
[2025-12-09T19:16:38.424+0000] {logging_mixin.py:190} INFO - [2025-12-09T19:16:38.424+0000] {dag.py:4156} INFO - Setting next_dagrun for example_branch_datetime_operator_3 to 2025-12-08 00:00:00+00:00, run_after=2025-12-09 00:00:00+00:00
[2025-12-09T19:16:38.468+0000] {processor.py:208} INFO - Processing /home/airflow/.local/lib/python3.12/site-packages/airflow/example_dags/example_branch_datetime_operator.py took 0.172 seconds
[2025-12-09T19:17:11.756+0000] {processor.py:186} INFO - Started process (PID=298) to work on /home/airflow/.local/lib/python3.12/site-packages/airflow/example_dags/example_branch_datetime_operator.py
[2025-12-09T19:17:11.787+0000] {processor.py:914} INFO - Processing file /home/airflow/.local/lib/python3.12/site-packages/airflow/example_dags/example_branch_datetime_operator.py for tasks to queue
[2025-12-09T19:17:11.790+0000] {logging_mixin.py:190} INFO - [2025-12-09T19:17:11.790+0000] {dagbag.py:587} INFO - Filling up the DagBag from /home/airflow/.local/lib/python3.12/site-packages/airflow/example_dags/example_branch_datetime_operator.py
[2025-12-09T19:17:11.807+0000] {processor.py:925} INFO - DAG(s) 'example_branch_datetime_operator_2', 'example_branch_datetime_operator_3', 'example_branch_datetime_operator' retrieved from /home/airflow/.local/lib/python3.12/site-packages/airflow/example_dags/example_branch_datetime_operator.py
[2025-12-09T19:17:11.850+0000] {logging_mixin.py:190} INFO - [2025-12-09T19:17:11.850+0000] {dag.py:3229} INFO - Sync 3 DAGs
[2025-12-09T19:17:11.887+0000] {logging_mixin.py:190} INFO - [2025-12-09T19:17:11.887+0000] {dag.py:4156} INFO - Setting next_dagrun for example_branch_datetime_operator to 2025-12-08 00:00:00+00:00, run_after=2025-12-09 00:00:00+00:00
[2025-12-09T19:17:11.894+0000] {logging_mixin.py:190} INFO - [2025-12-09T19:17:11.893+0000] {dag.py:4156} INFO - Setting next_dagrun for example_branch_datetime_operator_2 to 2025-12-08 00:00:00+00:00, run_after=2025-12-09 00:00:00+00:00
[2025-12-09T19:17:11.897+0000] {logging_mixin.py:190} INFO - [2025-12-09T19:17:11.896+0000] {dag.py:4156} INFO - Setting next_dagrun for example_branch_datetime_operator_3 to 2025-12-08 00:00:00+00:00, run_after=2025-12-09 00:00:00+00:00
[2025-12-09T19:17:11.922+0000] {processor.py:208} INFO - Processing /home/airflow/.local/lib/python3.12/site-packages/airflow/example_dags/example_branch_datetime_operator.py took 0.177 seconds
[2025-12-09T19:17:30.677+0000] {processor.py:186} INFO - Started process (PID=354) to work on /home/airflow/.local/lib/python3.12/site-packages/airflow/example_dags/example_branch_datetime_operator.py
[2025-12-09T19:17:30.680+0000] {processor.py:914} INFO - Processing file /home/airflow/.local/lib/python3.12/site-packages/airflow/example_dags/example_branch_datetime_operator.py for tasks to queue
[2025-12-09T19:17:30.683+0000] {logging_mixin.py:190} INFO - [2025-12-09T19:17:30.683+0000] {dagbag.py:587} INFO - Filling up the DagBag from /home/airflow/.local/lib/python3.12/site-packages/airflow/example_dags/example_branch_datetime_operator.py
[2025-12-09T19:17:30.700+0000] {processor.py:925} INFO - DAG(s) 'example_branch_datetime_operator', 'example_branch_datetime_operator_2', 'example_branch_datetime_operator_3' retrieved from /home/airflow/.local/lib/python3.12/site-packages/airflow/example_dags/example_branch_datetime_operator.py
[2025-12-09T19:17:30.742+0000] {logging_mixin.py:190} INFO - [2025-12-09T19:17:30.742+0000] {dag.py:3229} INFO - Sync 3 DAGs
[2025-12-09T19:17:30.775+0000] {logging_mixin.py:190} INFO - [2025-12-09T19:17:30.775+0000] {dag.py:4156} INFO - Setting next_dagrun for example_branch_datetime_operator to 2025-12-08 00:00:00+00:00, run_after=2025-12-09 00:00:00+00:00
[2025-12-09T19:17:30.781+0000] {logging_mixin.py:190} INFO - [2025-12-09T19:17:30.781+0000] {dag.py:4156} INFO - Setting next_dagrun for example_branch_datetime_operator_2 to 2025-12-08 00:00:00+00:00, run_after=2025-12-09 00:00:00+00:00
[2025-12-09T19:17:30.784+0000] {logging_mixin.py:190} INFO - [2025-12-09T19:17:30.784+0000] {dag.py:4156} INFO - Setting next_dagrun for example_branch_datetime_operator_3 to 2025-12-08 00:00:00+00:00, run_after=2025-12-09 00:00:00+00:00
[2025-12-09T19:17:30.838+0000] {processor.py:208} INFO - Processing /home/airflow/.local/lib/python3.12/site-packages/airflow/example_dags/example_branch_datetime_operator.py took 0.173 seconds
[2025-12-09T19:17:55.142+0000] {processor.py:186} INFO - Started process (PID=408) to work on /home/airflow/.local/lib/python3.12/site-packages/airflow/example_dags/example_branch_datetime_operator.py
[2025-12-09T19:17:55.173+0000] {processor.py:914} INFO - Processing file /home/airflow/.local/lib/python3.12/site-packages/airflow/example_dags/example_branch_datetime_operator.py for tasks to queue
[2025-12-09T19:17:55.180+0000] {logging_mixin.py:190} INFO - [2025-12-09T19:17:55.179+0000] {dagbag.py:587} INFO - Filling up the DagBag from /home/airflow/.local/lib/python3.12/site-packages/airflow/example_dags/example_branch_datetime_operator.py
[2025-12-09T19:17:55.209+0000] {processor.py:925} INFO - DAG(s) 'example_branch_datetime_operator_2', 'example_branch_datetime_operator_3', 'example_branch_datetime_operator' retrieved from /home/airflow/.local/lib/python3.12/site-packages/airflow/example_dags/example_branch_datetime_operator.py
[2025-12-09T19:17:55.260+0000] {logging_mixin.py:190} INFO - [2025-12-09T19:17:55.260+0000] {dag.py:3229} INFO - Sync 3 DAGs
[2025-12-09T19:17:55.299+0000] {logging_mixin.py:190} INFO - [2025-12-09T19:17:55.298+0000] {dag.py:4156} INFO - Setting next_dagrun for example_branch_datetime_operator to 2025-12-08 00:00:00+00:00, run_after=2025-12-09 00:00:00+00:00
[2025-12-09T19:17:55.305+0000] {logging_mixin.py:190} INFO - [2025-12-09T19:17:55.305+0000] {dag.py:4156} INFO - Setting next_dagrun for example_branch_datetime_operator_2 to 2025-12-08 00:00:00+00:00, run_after=2025-12-09 00:00:00+00:00
[2025-12-09T19:17:55.308+0000] {logging_mixin.py:190} INFO - [2025-12-09T19:17:55.308+0000] {dag.py:4156} INFO - Setting next_dagrun for example_branch_datetime_operator_3 to 2025-12-08 00:00:00+00:00, run_after=2025-12-09 00:00:00+00:00
[2025-12-09T19:17:55.368+0000] {processor.py:208} INFO - Processing /home/airflow/.local/lib/python3.12/site-packages/airflow/example_dags/example_branch_datetime_operator.py took 0.240 seconds
[2025-12-09T19:18:25.388+0000] {processor.py:186} INFO - Started process (PID=467) to work on /home/airflow/.local/lib/python3.12/site-packages/airflow/example_dags/example_branch_datetime_operator.py
[2025-12-09T19:18:25.423+0000] {processor.py:914} INFO - Processing file /home/airflow/.local/lib/python3.12/site-packages/airflow/example_dags/example_branch_datetime_operator.py for tasks to queue
[2025-12-09T19:18:25.427+0000] {logging_mixin.py:190} INFO - [2025-12-09T19:18:25.427+0000] {dagbag.py:587} INFO - Filling up the DagBag from /home/airflow/.local/lib/python3.12/site-packages/airflow/example_dags/example_branch_datetime_operator.py
[2025-12-09T19:18:25.450+0000] {processor.py:925} INFO - DAG(s) 'example_branch_datetime_operator_2', 'example_branch_datetime_operator_3', 'example_branch_datetime_operator' retrieved from /home/airflow/.local/lib/python3.12/site-packages/airflow/example_dags/example_branch_datetime_operator.py
[2025-12-09T19:18:25.495+0000] {logging_mixin.py:190} INFO - [2025-12-09T19:18:25.494+0000] {dag.py:3229} INFO - Sync 3 DAGs
[2025-12-09T19:18:25.529+0000] {logging_mixin.py:190} INFO - [2025-12-09T19:18:25.529+0000] {dag.py:4156} INFO - Setting next_dagrun for example_branch_datetime_operator to 2025-12-08 00:00:00+00:00, run_after=2025-12-09 00:00:00+00:00
[2025-12-09T19:18:25.536+0000] {logging_mixin.py:190} INFO - [2025-12-09T19:18:25.536+0000] {dag.py:4156} INFO - Setting next_dagrun for example_branch_datetime_operator_2 to 2025-12-08 00:00:00+00:00, run_after=2025-12-09 00:00:00+00:00
[2025-12-09T19:18:25.539+0000] {logging_mixin.py:190} INFO - [2025-12-09T19:18:25.539+0000] {dag.py:4156} INFO - Setting next_dagrun for example_branch_datetime_operator_3 to 2025-12-08 00:00:00+00:00, run_after=2025-12-09 00:00:00+00:00
[2025-12-09T19:18:25.598+0000] {processor.py:208} INFO - Processing /home/airflow/.local/lib/python3.12/site-packages/airflow/example_dags/example_branch_datetime_operator.py took 0.220 seconds
[2025-12-09T19:18:56.119+0000] {processor.py:186} INFO - Started process (PID=524) to work on /home/airflow/.local/lib/python3.12/site-packages/airflow/example_dags/example_branch_datetime_operator.py
[2025-12-09T19:18:56.150+0000] {processor.py:914} INFO - Processing file /home/airflow/.local/lib/python3.12/site-packages/airflow/example_dags/example_branch_datetime_operator.py for tasks to queue
[2025-12-09T19:18:56.154+0000] {logging_mixin.py:190} INFO - [2025-12-09T19:18:56.154+0000] {dagbag.py:587} INFO - Filling up the DagBag from /home/airflow/.local/lib/python3.12/site-packages/airflow/example_dags/example_branch_datetime_operator.py
[2025-12-09T19:18:56.172+0000] {processor.py:925} INFO - DAG(s) 'example_branch_datetime_operator_3', 'example_branch_datetime_operator_2', 'example_branch_datetime_operator' retrieved from /home/airflow/.local/lib/python3.12/site-packages/airflow/example_dags/example_branch_datetime_operator.py
[2025-12-09T19:18:56.225+0000] {logging_mixin.py:190} INFO - [2025-12-09T19:18:56.224+0000] {dag.py:3229} INFO - Sync 3 DAGs
[2025-12-09T19:18:56.275+0000] {logging_mixin.py:190} INFO - [2025-12-09T19:18:56.274+0000] {dag.py:4156} INFO - Setting next_dagrun for example_branch_datetime_operator to 2025-12-08 00:00:00+00:00, run_after=2025-12-09 00:00:00+00:00
[2025-12-09T19:18:56.283+0000] {logging_mixin.py:190} INFO - [2025-12-09T19:18:56.282+0000] {dag.py:4156} INFO - Setting next_dagrun for example_branch_datetime_operator_2 to 2025-12-08 00:00:00+00:00, run_after=2025-12-09 00:00:00+00:00
[2025-12-09T19:18:56.286+0000] {logging_mixin.py:190} INFO - [2025-12-09T19:18:56.286+0000] {dag.py:4156} INFO - Setting next_dagrun for example_branch_datetime_operator_3 to 2025-12-08 00:00:00+00:00, run_after=2025-12-09 00:00:00+00:00
[2025-12-09T19:18:56.349+0000] {processor.py:208} INFO - Processing /home/airflow/.local/lib/python3.12/site-packages/airflow/example_dags/example_branch_datetime_operator.py took 0.241 seconds
[2025-12-09T19:19:19.371+0000] {processor.py:186} INFO - Started process (PID=586) to work on /home/airflow/.local/lib/python3.12/site-packages/airflow/example_dags/example_branch_datetime_operator.py
[2025-12-09T19:19:19.405+0000] {processor.py:914} INFO - Processing file /home/airflow/.local/lib/python3.12/site-packages/airflow/example_dags/example_branch_datetime_operator.py for tasks to queue
[2025-12-09T19:19:19.408+0000] {logging_mixin.py:190} INFO - [2025-12-09T19:19:19.408+0000] {dagbag.py:587} INFO - Filling up the DagBag from /home/airflow/.local/lib/python3.12/site-packages/airflow/example_dags/example_branch_datetime_operator.py
[2025-12-09T19:19:19.426+0000] {processor.py:925} INFO - DAG(s) 'example_branch_datetime_operator_3', 'example_branch_datetime_operator_2', 'example_branch_datetime_operator' retrieved from /home/airflow/.local/lib/python3.12/site-packages/airflow/example_dags/example_branch_datetime_operator.py
[2025-12-09T19:19:19.468+0000] {logging_mixin.py:190} INFO - [2025-12-09T19:19:19.468+0000] {dag.py:3229} INFO - Sync 3 DAGs
[2025-12-09T19:19:19.506+0000] {logging_mixin.py:190} INFO - [2025-12-09T19:19:19.505+0000] {dag.py:4156} INFO - Setting next_dagrun for example_branch_datetime_operator to 2025-12-08 00:00:00+00:00, run_after=2025-12-09 00:00:00+00:00
[2025-12-09T19:19:19.513+0000] {logging_mixin.py:190} INFO - [2025-12-09T19:19:19.513+0000] {dag.py:4156} INFO - Setting next_dagrun for example_branch_datetime_operator_2 to 2025-12-08 00:00:00+00:00, run_after=2025-12-09 00:00:00+00:00
[2025-12-09T19:19:19.517+0000] {logging_mixin.py:190} INFO - [2025-12-09T19:19:19.516+0000] {dag.py:4156} INFO - Setting next_dagrun for example_branch_datetime_operator_3 to 2025-12-08 00:00:00+00:00, run_after=2025-12-09 00:00:00+00:00
[2025-12-09T19:19:19.574+0000] {processor.py:208} INFO - Processing /home/airflow/.local/lib/python3.12/site-packages/airflow/example_dags/example_branch_datetime_operator.py took 0.215 seconds
[2025-12-09T19:19:52.676+0000] {processor.py:186} INFO - Started process (PID=667) to work on /home/airflow/.local/lib/python3.12/site-packages/airflow/example_dags/example_branch_datetime_operator.py
[2025-12-09T19:19:52.706+0000] {processor.py:914} INFO - Processing file /home/airflow/.local/lib/python3.12/site-packages/airflow/example_dags/example_branch_datetime_operator.py for tasks to queue
[2025-12-09T19:19:52.710+0000] {logging_mixin.py:190} INFO - [2025-12-09T19:19:52.709+0000] {dagbag.py:587} INFO - Filling up the DagBag from /home/airflow/.local/lib/python3.12/site-packages/airflow/example_dags/example_branch_datetime_operator.py
[2025-12-09T19:19:52.729+0000] {processor.py:925} INFO - DAG(s) 'example_branch_datetime_operator', 'example_branch_datetime_operator_2', 'example_branch_datetime_operator_3' retrieved from /home/airflow/.local/lib/python3.12/site-packages/airflow/example_dags/example_branch_datetime_operator.py
[2025-12-09T19:19:52.773+0000] {logging_mixin.py:190} INFO - [2025-12-09T19:19:52.773+0000] {dag.py:3229} INFO - Sync 3 DAGs
[2025-12-09T19:19:52.809+0000] {logging_mixin.py:190} INFO - [2025-12-09T19:19:52.808+0000] {dag.py:4156} INFO - Setting next_dagrun for example_branch_datetime_operator to 2025-12-08 00:00:00+00:00, run_after=2025-12-09 00:00:00+00:00
[2025-12-09T19:19:52.814+0000] {logging_mixin.py:190} INFO - [2025-12-09T19:19:52.814+0000] {dag.py:4156} INFO - Setting next_dagrun for example_branch_datetime_operator_2 to 2025-12-08 00:00:00+00:00, run_after=2025-12-09 00:00:00+00:00
[2025-12-09T19:19:52.817+0000] {logging_mixin.py:190} INFO - [2025-12-09T19:19:52.817+0000] {dag.py:4156} INFO - Setting next_dagrun for example_branch_datetime_operator_3 to 2025-12-08 00:00:00+00:00, run_after=2025-12-09 00:00:00+00:00
[2025-12-09T19:19:52.871+0000] {processor.py:208} INFO - Processing /home/airflow/.local/lib/python3.12/site-packages/airflow/example_dags/example_branch_datetime_operator.py took 0.205 seconds
[2025-12-09T19:20:22.287+0000] {processor.py:186} INFO - Started process (PID=729) to work on /home/airflow/.local/lib/python3.12/site-packages/airflow/example_dags/example_branch_datetime_operator.py
[2025-12-09T19:20:22.318+0000] {processor.py:914} INFO - Processing file /home/airflow/.local/lib/python3.12/site-packages/airflow/example_dags/example_branch_datetime_operator.py for tasks to queue
[2025-12-09T19:20:22.322+0000] {logging_mixin.py:190} INFO - [2025-12-09T19:20:22.322+0000] {dagbag.py:587} INFO - Filling up the DagBag from /home/airflow/.local/lib/python3.12/site-packages/airflow/example_dags/example_branch_datetime_operator.py
[2025-12-09T19:20:22.345+0000] {processor.py:925} INFO - DAG(s) 'example_branch_datetime_operator', 'example_branch_datetime_operator_2', 'example_branch_datetime_operator_3' retrieved from /home/airflow/.local/lib/python3.12/site-packages/airflow/example_dags/example_branch_datetime_operator.py
[2025-12-09T19:20:22.395+0000] {logging_mixin.py:190} INFO - [2025-12-09T19:20:22.395+0000] {dag.py:3229} INFO - Sync 3 DAGs
[2025-12-09T19:20:22.438+0000] {logging_mixin.py:190} INFO - [2025-12-09T19:20:22.437+0000] {dag.py:4156} INFO - Setting next_dagrun for example_branch_datetime_operator to 2025-12-08 00:00:00+00:00, run_after=2025-12-09 00:00:00+00:00
[2025-12-09T19:20:22.447+0000] {logging_mixin.py:190} INFO - [2025-12-09T19:20:22.446+0000] {dag.py:4156} INFO - Setting next_dagrun for example_branch_datetime_operator_2 to 2025-12-08 00:00:00+00:00, run_after=2025-12-09 00:00:00+00:00
[2025-12-09T19:20:22.450+0000] {logging_mixin.py:190} INFO - [2025-12-09T19:20:22.450+0000] {dag.py:4156} INFO - Setting next_dagrun for example_branch_datetime_operator_3 to 2025-12-08 00:00:00+00:00, run_after=2025-12-09 00:00:00+00:00
[2025-12-09T19:20:22.508+0000] {processor.py:208} INFO - Processing /home/airflow/.local/lib/python3.12/site-packages/airflow/example_dags/example_branch_datetime_operator.py took 0.231 seconds
[2025-12-09T19:20:53.123+0000] {processor.py:186} INFO - Started process (PID=787) to work on /home/airflow/.local/lib/python3.12/site-packages/airflow/example_dags/example_branch_datetime_operator.py
[2025-12-09T19:20:53.149+0000] {processor.py:914} INFO - Processing file /home/airflow/.local/lib/python3.12/site-packages/airflow/example_dags/example_branch_datetime_operator.py for tasks to queue
[2025-12-09T19:20:53.154+0000] {logging_mixin.py:190} INFO - [2025-12-09T19:20:53.153+0000] {dagbag.py:587} INFO - Filling up the DagBag from /home/airflow/.local/lib/python3.12/site-packages/airflow/example_dags/example_branch_datetime_operator.py
[2025-12-09T19:20:53.174+0000] {processor.py:925} INFO - DAG(s) 'example_branch_datetime_operator_3', 'example_branch_datetime_operator', 'example_branch_datetime_operator_2' retrieved from /home/airflow/.local/lib/python3.12/site-packages/airflow/example_dags/example_branch_datetime_operator.py
[2025-12-09T19:20:53.224+0000] {logging_mixin.py:190} INFO - [2025-12-09T19:20:53.223+0000] {dag.py:3229} INFO - Sync 3 DAGs
[2025-12-09T19:20:53.261+0000] {logging_mixin.py:190} INFO - [2025-12-09T19:20:53.260+0000] {dag.py:4156} INFO - Setting next_dagrun for example_branch_datetime_operator to 2025-12-08 00:00:00+00:00, run_after=2025-12-09 00:00:00+00:00
[2025-12-09T19:20:53.267+0000] {logging_mixin.py:190} INFO - [2025-12-09T19:20:53.267+0000] {dag.py:4156} INFO - Setting next_dagrun for example_branch_datetime_operator_2 to 2025-12-08 00:00:00+00:00, run_after=2025-12-09 00:00:00+00:00
[2025-12-09T19:20:53.270+0000] {logging_mixin.py:190} INFO - [2025-12-09T19:20:53.270+0000] {dag.py:4156} INFO - Setting next_dagrun for example_branch_datetime_operator_3 to 2025-12-08 00:00:00+00:00, run_after=2025-12-09 00:00:00+00:00
[2025-12-09T19:20:53.307+0000] {processor.py:208} INFO - Processing /home/airflow/.local/lib/python3.12/site-packages/airflow/example_dags/example_branch_datetime_operator.py took 0.195 seconds
[2025-12-09T19:21:23.994+0000] {processor.py:186} INFO - Started process (PID=849) to work on /home/airflow/.local/lib/python3.12/site-packages/airflow/example_dags/example_branch_datetime_operator.py
[2025-12-09T19:21:24.025+0000] {processor.py:914} INFO - Processing file /home/airflow/.local/lib/python3.12/site-packages/airflow/example_dags/example_branch_datetime_operator.py for tasks to queue
[2025-12-09T19:21:24.030+0000] {logging_mixin.py:190} INFO - [2025-12-09T19:21:24.030+0000] {dagbag.py:587} INFO - Filling up the DagBag from /home/airflow/.local/lib/python3.12/site-packages/airflow/example_dags/example_branch_datetime_operator.py
[2025-12-09T19:21:24.052+0000] {processor.py:925} INFO - DAG(s) 'example_branch_datetime_operator_3', 'example_branch_datetime_operator', 'example_branch_datetime_operator_2' retrieved from /home/airflow/.local/lib/python3.12/site-packages/airflow/example_dags/example_branch_datetime_operator.py
[2025-12-09T19:21:24.098+0000] {logging_mixin.py:190} INFO - [2025-12-09T19:21:24.097+0000] {dag.py:3229} INFO - Sync 3 DAGs
[2025-12-09T19:21:24.139+0000] {logging_mixin.py:190} INFO - [2025-12-09T19:21:24.138+0000] {dag.py:4156} INFO - Setting next_dagrun for example_branch_datetime_operator to 2025-12-08 00:00:00+00:00, run_after=2025-12-09 00:00:00+00:00
[2025-12-09T19:21:24.145+0000] {logging_mixin.py:190} INFO - [2025-12-09T19:21:24.144+0000] {dag.py:4156} INFO - Setting next_dagrun for example_branch_datetime_operator_2 to 2025-12-08 00:00:00+00:00, run_after=2025-12-09 00:00:00+00:00
[2025-12-09T19:21:24.149+0000] {logging_mixin.py:190} INFO - [2025-12-09T19:21:24.148+0000] {dag.py:4156} INFO - Setting next_dagrun for example_branch_datetime_operator_3 to 2025-12-08 00:00:00+00:00, run_after=2025-12-09 00:00:00+00:00
[2025-12-09T19:21:24.209+0000] {processor.py:208} INFO - Processing /home/airflow/.local/lib/python3.12/site-packages/airflow/example_dags/example_branch_datetime_operator.py took 0.225 seconds
[2025-12-09T19:21:51.771+0000] {processor.py:186} INFO - Started process (PID=911) to work on /home/airflow/.local/lib/python3.12/site-packages/airflow/example_dags/example_branch_datetime_operator.py
[2025-12-09T19:21:51.805+0000] {processor.py:914} INFO - Processing file /home/airflow/.local/lib/python3.12/site-packages/airflow/example_dags/example_branch_datetime_operator.py for tasks to queue
[2025-12-09T19:21:51.808+0000] {logging_mixin.py:190} INFO - [2025-12-09T19:21:51.808+0000] {dagbag.py:587} INFO - Filling up the DagBag from /home/airflow/.local/lib/python3.12/site-packages/airflow/example_dags/example_branch_datetime_operator.py
[2025-12-09T19:21:51.824+0000] {processor.py:925} INFO - DAG(s) 'example_branch_datetime_operator_3', 'example_branch_datetime_operator', 'example_branch_datetime_operator_2' retrieved from /home/airflow/.local/lib/python3.12/site-packages/airflow/example_dags/example_branch_datetime_operator.py
[2025-12-09T19:21:51.862+0000] {logging_mixin.py:190} INFO - [2025-12-09T19:21:51.862+0000] {dag.py:3229} INFO - Sync 3 DAGs
[2025-12-09T19:21:51.897+0000] {logging_mixin.py:190} INFO - [2025-12-09T19:21:51.897+0000] {dag.py:4156} INFO - Setting next_dagrun for example_branch_datetime_operator to 2025-12-08 00:00:00+00:00, run_after=2025-12-09 00:00:00+00:00
[2025-12-09T19:21:51.903+0000] {logging_mixin.py:190} INFO - [2025-12-09T19:21:51.903+0000] {dag.py:4156} INFO - Setting next_dagrun for example_branch_datetime_operator_2 to 2025-12-08 00:00:00+00:00, run_after=2025-12-09 00:00:00+00:00
[2025-12-09T19:21:51.906+0000] {logging_mixin.py:190} INFO - [2025-12-09T19:21:51.906+0000] {dag.py:4156} INFO - Setting next_dagrun for example_branch_datetime_operator_3 to 2025-12-08 00:00:00+00:00, run_after=2025-12-09 00:00:00+00:00
[2025-12-09T19:21:51.963+0000] {processor.py:208} INFO - Processing /home/airflow/.local/lib/python3.12/site-packages/airflow/example_dags/example_branch_datetime_operator.py took 0.203 seconds
[2025-12-09T19:22:22.531+0000] {processor.py:186} INFO - Started process (PID=971) to work on /home/airflow/.local/lib/python3.12/site-packages/airflow/example_dags/example_branch_datetime_operator.py
[2025-12-09T19:22:22.565+0000] {processor.py:914} INFO - Processing file /home/airflow/.local/lib/python3.12/site-packages/airflow/example_dags/example_branch_datetime_operator.py for tasks to queue
[2025-12-09T19:22:22.571+0000] {logging_mixin.py:190} INFO - [2025-12-09T19:22:22.570+0000] {dagbag.py:587} INFO - Filling up the DagBag from /home/airflow/.local/lib/python3.12/site-packages/airflow/example_dags/example_branch_datetime_operator.py
[2025-12-09T19:22:22.592+0000] {processor.py:925} INFO - DAG(s) 'example_branch_datetime_operator', 'example_branch_datetime_operator_2', 'example_branch_datetime_operator_3' retrieved from /home/airflow/.local/lib/python3.12/site-packages/airflow/example_dags/example_branch_datetime_operator.py
[2025-12-09T19:22:22.650+0000] {logging_mixin.py:190} INFO - [2025-12-09T19:22:22.649+0000] {dag.py:3229} INFO - Sync 3 DAGs
[2025-12-09T19:22:22.696+0000] {logging_mixin.py:190} INFO - [2025-12-09T19:22:22.695+0000] {dag.py:4156} INFO - Setting next_dagrun for example_branch_datetime_operator to 2025-12-08 00:00:00+00:00, run_after=2025-12-09 00:00:00+00:00
[2025-12-09T19:22:22.705+0000] {logging_mixin.py:190} INFO - [2025-12-09T19:22:22.704+0000] {dag.py:4156} INFO - Setting next_dagrun for example_branch_datetime_operator_2 to 2025-12-08 00:00:00+00:00, run_after=2025-12-09 00:00:00+00:00
[2025-12-09T19:22:22.709+0000] {logging_mixin.py:190} INFO - [2025-12-09T19:22:22.709+0000] {dag.py:4156} INFO - Setting next_dagrun for example_branch_datetime_operator_3 to 2025-12-08 00:00:00+00:00, run_after=2025-12-09 00:00:00+00:00
[2025-12-09T19:22:22.758+0000] {processor.py:208} INFO - Processing /home/airflow/.local/lib/python3.12/site-packages/airflow/example_dags/example_branch_datetime_operator.py took 0.241 seconds
[2025-12-09T19:22:53.387+0000] {processor.py:186} INFO - Started process (PID=1051) to work on /home/airflow/.local/lib/python3.12/site-packages/airflow/example_dags/example_branch_datetime_operator.py
[2025-12-09T19:22:53.406+0000] {processor.py:914} INFO - Processing file /home/airflow/.local/lib/python3.12/site-packages/airflow/example_dags/example_branch_datetime_operator.py for tasks to queue
[2025-12-09T19:22:53.409+0000] {logging_mixin.py:190} INFO - [2025-12-09T19:22:53.409+0000] {dagbag.py:587} INFO - Filling up the DagBag from /home/airflow/.local/lib/python3.12/site-packages/airflow/example_dags/example_branch_datetime_operator.py
[2025-12-09T19:22:53.427+0000] {processor.py:925} INFO - DAG(s) 'example_branch_datetime_operator_2', 'example_branch_datetime_operator_3', 'example_branch_datetime_operator' retrieved from /home/airflow/.local/lib/python3.12/site-packages/airflow/example_dags/example_branch_datetime_operator.py
[2025-12-09T19:22:53.470+0000] {logging_mixin.py:190} INFO - [2025-12-09T19:22:53.470+0000] {dag.py:3229} INFO - Sync 3 DAGs
[2025-12-09T19:22:53.507+0000] {logging_mixin.py:190} INFO - [2025-12-09T19:22:53.506+0000] {dag.py:4156} INFO - Setting next_dagrun for example_branch_datetime_operator to 2025-12-08 00:00:00+00:00, run_after=2025-12-09 00:00:00+00:00
[2025-12-09T19:22:53.513+0000] {logging_mixin.py:190} INFO - [2025-12-09T19:22:53.513+0000] {dag.py:4156} INFO - Setting next_dagrun for example_branch_datetime_operator_2 to 2025-12-08 00:00:00+00:00, run_after=2025-12-09 00:00:00+00:00
[2025-12-09T19:22:53.516+0000] {logging_mixin.py:190} INFO - [2025-12-09T19:22:53.516+0000] {dag.py:4156} INFO - Setting next_dagrun for example_branch_datetime_operator_3 to 2025-12-08 00:00:00+00:00, run_after=2025-12-09 00:00:00+00:00
[2025-12-09T19:22:53.543+0000] {processor.py:208} INFO - Processing /home/airflow/.local/lib/python3.12/site-packages/airflow/example_dags/example_branch_datetime_operator.py took 0.166 seconds
[2025-12-09T19:23:32.018+0000] {processor.py:186} INFO - Started process (PID=1109) to work on /home/airflow/.local/lib/python3.12/site-packages/airflow/example_dags/example_branch_datetime_operator.py
[2025-12-09T19:23:32.043+0000] {processor.py:914} INFO - Processing file /home/airflow/.local/lib/python3.12/site-packages/airflow/example_dags/example_branch_datetime_operator.py for tasks to queue
[2025-12-09T19:23:32.047+0000] {logging_mixin.py:190} INFO - [2025-12-09T19:23:32.046+0000] {dagbag.py:587} INFO - Filling up the DagBag from /home/airflow/.local/lib/python3.12/site-packages/airflow/example_dags/example_branch_datetime_operator.py
[2025-12-09T19:23:32.065+0000] {processor.py:925} INFO - DAG(s) 'example_branch_datetime_operator_3', 'example_branch_datetime_operator_2', 'example_branch_datetime_operator' retrieved from /home/airflow/.local/lib/python3.12/site-packages/airflow/example_dags/example_branch_datetime_operator.py
[2025-12-09T19:23:32.110+0000] {logging_mixin.py:190} INFO - [2025-12-09T19:23:32.110+0000] {dag.py:3229} INFO - Sync 3 DAGs
[2025-12-09T19:23:32.147+0000] {logging_mixin.py:190} INFO - [2025-12-09T19:23:32.147+0000] {dag.py:4156} INFO - Setting next_dagrun for example_branch_datetime_operator to 2025-12-08 00:00:00+00:00, run_after=2025-12-09 00:00:00+00:00
[2025-12-09T19:23:32.154+0000] {logging_mixin.py:190} INFO - [2025-12-09T19:23:32.154+0000] {dag.py:4156} INFO - Setting next_dagrun for example_branch_datetime_operator_2 to 2025-12-08 00:00:00+00:00, run_after=2025-12-09 00:00:00+00:00
[2025-12-09T19:23:32.157+0000] {logging_mixin.py:190} INFO - [2025-12-09T19:23:32.157+0000] {dag.py:4156} INFO - Setting next_dagrun for example_branch_datetime_operator_3 to 2025-12-08 00:00:00+00:00, run_after=2025-12-09 00:00:00+00:00
[2025-12-09T19:23:32.180+0000] {processor.py:208} INFO - Processing /home/airflow/.local/lib/python3.12/site-packages/airflow/example_dags/example_branch_datetime_operator.py took 0.180 seconds
[2025-12-09T19:24:02.520+0000] {processor.py:186} INFO - Started process (PID=1190) to work on /home/airflow/.local/lib/python3.12/site-packages/airflow/example_dags/example_branch_datetime_operator.py
[2025-12-09T19:24:02.537+0000] {processor.py:914} INFO - Processing file /home/airflow/.local/lib/python3.12/site-packages/airflow/example_dags/example_branch_datetime_operator.py for tasks to queue
[2025-12-09T19:24:02.542+0000] {logging_mixin.py:190} INFO - [2025-12-09T19:24:02.541+0000] {dagbag.py:587} INFO - Filling up the DagBag from /home/airflow/.local/lib/python3.12/site-packages/airflow/example_dags/example_branch_datetime_operator.py
[2025-12-09T19:24:02.569+0000] {processor.py:925} INFO - DAG(s) 'example_branch_datetime_operator_2', 'example_branch_datetime_operator_3', 'example_branch_datetime_operator' retrieved from /home/airflow/.local/lib/python3.12/site-packages/airflow/example_dags/example_branch_datetime_operator.py
[2025-12-09T19:24:02.619+0000] {logging_mixin.py:190} INFO - [2025-12-09T19:24:02.619+0000] {dag.py:3229} INFO - Sync 3 DAGs
[2025-12-09T19:24:02.658+0000] {logging_mixin.py:190} INFO - [2025-12-09T19:24:02.657+0000] {dag.py:4156} INFO - Setting next_dagrun for example_branch_datetime_operator to 2025-12-08 00:00:00+00:00, run_after=2025-12-09 00:00:00+00:00
[2025-12-09T19:24:02.664+0000] {logging_mixin.py:190} INFO - [2025-12-09T19:24:02.664+0000] {dag.py:4156} INFO - Setting next_dagrun for example_branch_datetime_operator_2 to 2025-12-08 00:00:00+00:00, run_after=2025-12-09 00:00:00+00:00
[2025-12-09T19:24:02.667+0000] {logging_mixin.py:190} INFO - [2025-12-09T19:24:02.667+0000] {dag.py:4156} INFO - Setting next_dagrun for example_branch_datetime_operator_3 to 2025-12-08 00:00:00+00:00, run_after=2025-12-09 00:00:00+00:00
[2025-12-09T19:24:02.694+0000] {processor.py:208} INFO - Processing /home/airflow/.local/lib/python3.12/site-packages/airflow/example_dags/example_branch_datetime_operator.py took 0.186 seconds
[2025-12-09T19:24:37.416+0000] {processor.py:186} INFO - Started process (PID=1252) to work on /home/airflow/.local/lib/python3.12/site-packages/airflow/example_dags/example_branch_datetime_operator.py
[2025-12-09T19:24:37.419+0000] {processor.py:914} INFO - Processing file /home/airflow/.local/lib/python3.12/site-packages/airflow/example_dags/example_branch_datetime_operator.py for tasks to queue
[2025-12-09T19:24:37.422+0000] {logging_mixin.py:190} INFO - [2025-12-09T19:24:37.422+0000] {dagbag.py:587} INFO - Filling up the DagBag from /home/airflow/.local/lib/python3.12/site-packages/airflow/example_dags/example_branch_datetime_operator.py
[2025-12-09T19:24:37.440+0000] {processor.py:925} INFO - DAG(s) 'example_branch_datetime_operator', 'example_branch_datetime_operator_2', 'example_branch_datetime_operator_3' retrieved from /home/airflow/.local/lib/python3.12/site-packages/airflow/example_dags/example_branch_datetime_operator.py
[2025-12-09T19:24:37.484+0000] {logging_mixin.py:190} INFO - [2025-12-09T19:24:37.483+0000] {dag.py:3229} INFO - Sync 3 DAGs
[2025-12-09T19:24:37.522+0000] {logging_mixin.py:190} INFO - [2025-12-09T19:24:37.521+0000] {dag.py:4156} INFO - Setting next_dagrun for example_branch_datetime_operator to 2025-12-08 00:00:00+00:00, run_after=2025-12-09 00:00:00+00:00
[2025-12-09T19:24:37.527+0000] {logging_mixin.py:190} INFO - [2025-12-09T19:24:37.527+0000] {dag.py:4156} INFO - Setting next_dagrun for example_branch_datetime_operator_2 to 2025-12-08 00:00:00+00:00, run_after=2025-12-09 00:00:00+00:00
[2025-12-09T19:24:37.531+0000] {logging_mixin.py:190} INFO - [2025-12-09T19:24:37.530+0000] {dag.py:4156} INFO - Setting next_dagrun for example_branch_datetime_operator_3 to 2025-12-08 00:00:00+00:00, run_after=2025-12-09 00:00:00+00:00
[2025-12-09T19:24:37.556+0000] {processor.py:208} INFO - Processing /home/airflow/.local/lib/python3.12/site-packages/airflow/example_dags/example_branch_datetime_operator.py took 0.150 seconds
[2025-12-09T19:24:54.025+0000] {processor.py:186} INFO - Started process (PID=1314) to work on /home/airflow/.local/lib/python3.12/site-packages/airflow/example_dags/example_branch_datetime_operator.py
[2025-12-09T19:24:54.027+0000] {processor.py:914} INFO - Processing file /home/airflow/.local/lib/python3.12/site-packages/airflow/example_dags/example_branch_datetime_operator.py for tasks to queue
[2025-12-09T19:24:54.031+0000] {logging_mixin.py:190} INFO - [2025-12-09T19:24:54.031+0000] {dagbag.py:587} INFO - Filling up the DagBag from /home/airflow/.local/lib/python3.12/site-packages/airflow/example_dags/example_branch_datetime_operator.py
[2025-12-09T19:24:54.057+0000] {processor.py:925} INFO - DAG(s) 'example_branch_datetime_operator', 'example_branch_datetime_operator_3', 'example_branch_datetime_operator_2' retrieved from /home/airflow/.local/lib/python3.12/site-packages/airflow/example_dags/example_branch_datetime_operator.py
[2025-12-09T19:24:54.099+0000] {logging_mixin.py:190} INFO - [2025-12-09T19:24:54.099+0000] {dag.py:3229} INFO - Sync 3 DAGs
[2025-12-09T19:24:54.137+0000] {logging_mixin.py:190} INFO - [2025-12-09T19:24:54.136+0000] {dag.py:4156} INFO - Setting next_dagrun for example_branch_datetime_operator to 2025-12-08 00:00:00+00:00, run_after=2025-12-09 00:00:00+00:00
[2025-12-09T19:24:54.144+0000] {logging_mixin.py:190} INFO - [2025-12-09T19:24:54.143+0000] {dag.py:4156} INFO - Setting next_dagrun for example_branch_datetime_operator_2 to 2025-12-08 00:00:00+00:00, run_after=2025-12-09 00:00:00+00:00
[2025-12-09T19:24:54.147+0000] {logging_mixin.py:190} INFO - [2025-12-09T19:24:54.147+0000] {dag.py:4156} INFO - Setting next_dagrun for example_branch_datetime_operator_3 to 2025-12-08 00:00:00+00:00, run_after=2025-12-09 00:00:00+00:00
[2025-12-09T19:24:54.172+0000] {processor.py:208} INFO - Processing /home/airflow/.local/lib/python3.12/site-packages/airflow/example_dags/example_branch_datetime_operator.py took 0.159 seconds
[2025-12-09T19:25:24.276+0000] {processor.py:186} INFO - Started process (PID=1372) to work on /home/airflow/.local/lib/python3.12/site-packages/airflow/example_dags/example_branch_datetime_operator.py
[2025-12-09T19:25:24.295+0000] {processor.py:914} INFO - Processing file /home/airflow/.local/lib/python3.12/site-packages/airflow/example_dags/example_branch_datetime_operator.py for tasks to queue
[2025-12-09T19:25:24.298+0000] {logging_mixin.py:190} INFO - [2025-12-09T19:25:24.298+0000] {dagbag.py:587} INFO - Filling up the DagBag from /home/airflow/.local/lib/python3.12/site-packages/airflow/example_dags/example_branch_datetime_operator.py
[2025-12-09T19:25:24.319+0000] {processor.py:925} INFO - DAG(s) 'example_branch_datetime_operator_3', 'example_branch_datetime_operator_2', 'example_branch_datetime_operator' retrieved from /home/airflow/.local/lib/python3.12/site-packages/airflow/example_dags/example_branch_datetime_operator.py
[2025-12-09T19:25:24.363+0000] {logging_mixin.py:190} INFO - [2025-12-09T19:25:24.363+0000] {dag.py:3229} INFO - Sync 3 DAGs
[2025-12-09T19:25:24.401+0000] {logging_mixin.py:190} INFO - [2025-12-09T19:25:24.400+0000] {dag.py:4156} INFO - Setting next_dagrun for example_branch_datetime_operator to 2025-12-08 00:00:00+00:00, run_after=2025-12-09 00:00:00+00:00
[2025-12-09T19:25:24.407+0000] {logging_mixin.py:190} INFO - [2025-12-09T19:25:24.407+0000] {dag.py:4156} INFO - Setting next_dagrun for example_branch_datetime_operator_2 to 2025-12-08 00:00:00+00:00, run_after=2025-12-09 00:00:00+00:00
[2025-12-09T19:25:24.411+0000] {logging_mixin.py:190} INFO - [2025-12-09T19:25:24.410+0000] {dag.py:4156} INFO - Setting next_dagrun for example_branch_datetime_operator_3 to 2025-12-08 00:00:00+00:00, run_after=2025-12-09 00:00:00+00:00
[2025-12-09T19:25:24.435+0000] {processor.py:208} INFO - Processing /home/airflow/.local/lib/python3.12/site-packages/airflow/example_dags/example_branch_datetime_operator.py took 0.168 seconds
[2025-12-09T19:25:54.684+0000] {processor.py:186} INFO - Started process (PID=1434) to work on /home/airflow/.local/lib/python3.12/site-packages/airflow/example_dags/example_branch_datetime_operator.py
[2025-12-09T19:25:54.689+0000] {processor.py:914} INFO - Processing file /home/airflow/.local/lib/python3.12/site-packages/airflow/example_dags/example_branch_datetime_operator.py for tasks to queue
[2025-12-09T19:25:54.693+0000] {logging_mixin.py:190} INFO - [2025-12-09T19:25:54.693+0000] {dagbag.py:587} INFO - Filling up the DagBag from /home/airflow/.local/lib/python3.12/site-packages/airflow/example_dags/example_branch_datetime_operator.py
[2025-12-09T19:25:54.718+0000] {processor.py:925} INFO - DAG(s) 'example_branch_datetime_operator_3', 'example_branch_datetime_operator_2', 'example_branch_datetime_operator' retrieved from /home/airflow/.local/lib/python3.12/site-packages/airflow/example_dags/example_branch_datetime_operator.py
[2025-12-09T19:25:54.767+0000] {logging_mixin.py:190} INFO - [2025-12-09T19:25:54.767+0000] {dag.py:3229} INFO - Sync 3 DAGs
[2025-12-09T19:25:54.808+0000] {logging_mixin.py:190} INFO - [2025-12-09T19:25:54.808+0000] {dag.py:4156} INFO - Setting next_dagrun for example_branch_datetime_operator to 2025-12-08 00:00:00+00:00, run_after=2025-12-09 00:00:00+00:00
[2025-12-09T19:25:54.815+0000] {logging_mixin.py:190} INFO - [2025-12-09T19:25:54.814+0000] {dag.py:4156} INFO - Setting next_dagrun for example_branch_datetime_operator_2 to 2025-12-08 00:00:00+00:00, run_after=2025-12-09 00:00:00+00:00
[2025-12-09T19:25:54.819+0000] {logging_mixin.py:190} INFO - [2025-12-09T19:25:54.819+0000] {dag.py:4156} INFO - Setting next_dagrun for example_branch_datetime_operator_3 to 2025-12-08 00:00:00+00:00, run_after=2025-12-09 00:00:00+00:00
[2025-12-09T19:25:54.849+0000] {processor.py:208} INFO - Processing /home/airflow/.local/lib/python3.12/site-packages/airflow/example_dags/example_branch_datetime_operator.py took 0.184 seconds
