[2025-12-09T19:15:33.201+0000] {processor.py:186} INFO - Started process (PID=95) to work on /home/airflow/.local/lib/python3.12/site-packages/airflow/example_dags/example_branch_operator.py
[2025-12-09T19:15:33.202+0000] {processor.py:914} INFO - Processing file /home/airflow/.local/lib/python3.12/site-packages/airflow/example_dags/example_branch_operator.py for tasks to queue
[2025-12-09T19:15:33.205+0000] {logging_mixin.py:190} INFO - [2025-12-09T19:15:33.204+0000] {dagbag.py:587} INFO - Filling up the DagBag from /home/airflow/.local/lib/python3.12/site-packages/airflow/example_dags/example_branch_operator.py
[2025-12-09T19:15:33.232+0000] {processor.py:925} INFO - DAG(s) 'example_branch_operator' retrieved from /home/airflow/.local/lib/python3.12/site-packages/airflow/example_dags/example_branch_operator.py
[2025-12-09T19:15:33.420+0000] {logging_mixin.py:190} INFO - [2025-12-09T19:15:33.419+0000] {override.py:1900} INFO - Created Permission View: can read on DAG:example_branch_operator
[2025-12-09T19:15:33.437+0000] {logging_mixin.py:190} INFO - [2025-12-09T19:15:33.436+0000] {override.py:1900} INFO - Created Permission View: can delete on DAG:example_branch_operator
[2025-12-09T19:15:33.449+0000] {logging_mixin.py:190} INFO - [2025-12-09T19:15:33.449+0000] {override.py:1900} INFO - Created Permission View: can edit on DAG:example_branch_operator
[2025-12-09T19:15:33.463+0000] {logging_mixin.py:190} INFO - [2025-12-09T19:15:33.463+0000] {override.py:1900} INFO - Created Permission View: can read on DAG Run:example_branch_operator
[2025-12-09T19:15:33.477+0000] {logging_mixin.py:190} INFO - [2025-12-09T19:15:33.476+0000] {override.py:1900} INFO - Created Permission View: can delete on DAG Run:example_branch_operator
[2025-12-09T19:15:33.487+0000] {logging_mixin.py:190} INFO - [2025-12-09T19:15:33.487+0000] {override.py:1900} INFO - Created Permission View: menu access on DAG Run:example_branch_operator
[2025-12-09T19:15:33.498+0000] {logging_mixin.py:190} INFO - [2025-12-09T19:15:33.498+0000] {override.py:1900} INFO - Created Permission View: can create on DAG Run:example_branch_operator
[2025-12-09T19:15:33.499+0000] {logging_mixin.py:190} INFO - [2025-12-09T19:15:33.498+0000] {dag.py:3229} INFO - Sync 1 DAGs
[2025-12-09T19:15:33.518+0000] {logging_mixin.py:190} INFO - [2025-12-09T19:15:33.517+0000] {dag.py:3252} INFO - Creating ORM DAG for example_branch_operator
[2025-12-09T19:15:33.532+0000] {logging_mixin.py:190} INFO - [2025-12-09T19:15:33.532+0000] {dag.py:4156} INFO - Setting next_dagrun for example_branch_operator to 2025-12-08 00:00:00+00:00, run_after=2025-12-09 00:00:00+00:00
[2025-12-09T19:15:33.559+0000] {processor.py:208} INFO - Processing /home/airflow/.local/lib/python3.12/site-packages/airflow/example_dags/example_branch_operator.py took 0.367 seconds
[2025-12-09T19:16:03.622+0000] {processor.py:186} INFO - Started process (PID=157) to work on /home/airflow/.local/lib/python3.12/site-packages/airflow/example_dags/example_branch_operator.py
[2025-12-09T19:16:03.641+0000] {processor.py:914} INFO - Processing file /home/airflow/.local/lib/python3.12/site-packages/airflow/example_dags/example_branch_operator.py for tasks to queue
[2025-12-09T19:16:03.645+0000] {logging_mixin.py:190} INFO - [2025-12-09T19:16:03.645+0000] {dagbag.py:587} INFO - Filling up the DagBag from /home/airflow/.local/lib/python3.12/site-packages/airflow/example_dags/example_branch_operator.py
[2025-12-09T19:16:03.678+0000] {processor.py:925} INFO - DAG(s) 'example_branch_operator' retrieved from /home/airflow/.local/lib/python3.12/site-packages/airflow/example_dags/example_branch_operator.py
[2025-12-09T19:16:03.721+0000] {logging_mixin.py:190} INFO - [2025-12-09T19:16:03.720+0000] {dag.py:3229} INFO - Sync 1 DAGs
[2025-12-09T19:16:03.755+0000] {logging_mixin.py:190} INFO - [2025-12-09T19:16:03.755+0000] {dag.py:4156} INFO - Setting next_dagrun for example_branch_operator to 2025-12-08 00:00:00+00:00, run_after=2025-12-09 00:00:00+00:00
[2025-12-09T19:16:03.787+0000] {processor.py:208} INFO - Processing /home/airflow/.local/lib/python3.12/site-packages/airflow/example_dags/example_branch_operator.py took 0.176 seconds
[2025-12-09T19:16:43.163+0000] {processor.py:186} INFO - Started process (PID=216) to work on /home/airflow/.local/lib/python3.12/site-packages/airflow/example_dags/example_branch_operator.py
[2025-12-09T19:16:43.165+0000] {processor.py:914} INFO - Processing file /home/airflow/.local/lib/python3.12/site-packages/airflow/example_dags/example_branch_operator.py for tasks to queue
[2025-12-09T19:16:43.169+0000] {logging_mixin.py:190} INFO - [2025-12-09T19:16:43.168+0000] {dagbag.py:587} INFO - Filling up the DagBag from /home/airflow/.local/lib/python3.12/site-packages/airflow/example_dags/example_branch_operator.py
[2025-12-09T19:16:43.196+0000] {processor.py:925} INFO - DAG(s) 'example_branch_operator' retrieved from /home/airflow/.local/lib/python3.12/site-packages/airflow/example_dags/example_branch_operator.py
[2025-12-09T19:16:43.244+0000] {logging_mixin.py:190} INFO - [2025-12-09T19:16:43.244+0000] {dag.py:3229} INFO - Sync 1 DAGs
[2025-12-09T19:16:34.649+0000] {logging_mixin.py:190} INFO - [2025-12-09T19:16:34.649+0000] {dag.py:4156} INFO - Setting next_dagrun for example_branch_operator to 2025-12-08 00:00:00+00:00, run_after=2025-12-09 00:00:00+00:00
[2025-12-09T19:16:34.686+0000] {processor.py:208} INFO - Processing /home/airflow/.local/lib/python3.12/site-packages/airflow/example_dags/example_branch_operator.py took 0.163 seconds
[2025-12-09T19:16:58.591+0000] {processor.py:186} INFO - Started process (PID=275) to work on /home/airflow/.local/lib/python3.12/site-packages/airflow/example_dags/example_branch_operator.py
[2025-12-09T19:16:58.623+0000] {processor.py:914} INFO - Processing file /home/airflow/.local/lib/python3.12/site-packages/airflow/example_dags/example_branch_operator.py for tasks to queue
[2025-12-09T19:16:58.626+0000] {logging_mixin.py:190} INFO - [2025-12-09T19:16:58.626+0000] {dagbag.py:587} INFO - Filling up the DagBag from /home/airflow/.local/lib/python3.12/site-packages/airflow/example_dags/example_branch_operator.py
[2025-12-09T19:16:58.658+0000] {processor.py:925} INFO - DAG(s) 'example_branch_operator' retrieved from /home/airflow/.local/lib/python3.12/site-packages/airflow/example_dags/example_branch_operator.py
[2025-12-09T19:16:58.704+0000] {logging_mixin.py:190} INFO - [2025-12-09T19:16:58.704+0000] {dag.py:3229} INFO - Sync 1 DAGs
[2025-12-09T19:16:58.745+0000] {logging_mixin.py:190} INFO - [2025-12-09T19:16:58.745+0000] {dag.py:4156} INFO - Setting next_dagrun for example_branch_operator to 2025-12-08 00:00:00+00:00, run_after=2025-12-09 00:00:00+00:00
[2025-12-09T19:16:58.777+0000] {processor.py:208} INFO - Processing /home/airflow/.local/lib/python3.12/site-packages/airflow/example_dags/example_branch_operator.py took 0.196 seconds
[2025-12-09T19:17:36.682+0000] {processor.py:186} INFO - Started process (PID=335) to work on /home/airflow/.local/lib/python3.12/site-packages/airflow/example_dags/example_branch_operator.py
[2025-12-09T19:17:36.701+0000] {processor.py:914} INFO - Processing file /home/airflow/.local/lib/python3.12/site-packages/airflow/example_dags/example_branch_operator.py for tasks to queue
[2025-12-09T19:17:36.705+0000] {logging_mixin.py:190} INFO - [2025-12-09T19:17:36.705+0000] {dagbag.py:587} INFO - Filling up the DagBag from /home/airflow/.local/lib/python3.12/site-packages/airflow/example_dags/example_branch_operator.py
[2025-12-09T19:17:36.735+0000] {processor.py:925} INFO - DAG(s) 'example_branch_operator' retrieved from /home/airflow/.local/lib/python3.12/site-packages/airflow/example_dags/example_branch_operator.py
[2025-12-09T19:17:36.779+0000] {logging_mixin.py:190} INFO - [2025-12-09T19:17:36.778+0000] {dag.py:3229} INFO - Sync 1 DAGs
[2025-12-09T19:17:36.810+0000] {logging_mixin.py:190} INFO - [2025-12-09T19:17:36.810+0000] {dag.py:4156} INFO - Setting next_dagrun for example_branch_operator to 2025-12-08 00:00:00+00:00, run_after=2025-12-09 00:00:00+00:00
[2025-12-09T19:17:36.836+0000] {processor.py:208} INFO - Processing /home/airflow/.local/lib/python3.12/site-packages/airflow/example_dags/example_branch_operator.py took 0.163 seconds
[2025-12-09T19:18:04.154+0000] {processor.py:186} INFO - Started process (PID=425) to work on /home/airflow/.local/lib/python3.12/site-packages/airflow/example_dags/example_branch_operator.py
[2025-12-09T19:18:04.185+0000] {processor.py:914} INFO - Processing file /home/airflow/.local/lib/python3.12/site-packages/airflow/example_dags/example_branch_operator.py for tasks to queue
[2025-12-09T19:18:04.189+0000] {logging_mixin.py:190} INFO - [2025-12-09T19:18:04.188+0000] {dagbag.py:587} INFO - Filling up the DagBag from /home/airflow/.local/lib/python3.12/site-packages/airflow/example_dags/example_branch_operator.py
[2025-12-09T19:18:04.221+0000] {processor.py:925} INFO - DAG(s) 'example_branch_operator' retrieved from /home/airflow/.local/lib/python3.12/site-packages/airflow/example_dags/example_branch_operator.py
[2025-12-09T19:18:04.292+0000] {logging_mixin.py:190} INFO - [2025-12-09T19:18:04.291+0000] {dag.py:3229} INFO - Sync 1 DAGs
[2025-12-09T19:18:04.371+0000] {logging_mixin.py:190} INFO - [2025-12-09T19:18:04.370+0000] {dag.py:4156} INFO - Setting next_dagrun for example_branch_operator to 2025-12-08 00:00:00+00:00, run_after=2025-12-09 00:00:00+00:00
[2025-12-09T19:18:04.401+0000] {processor.py:208} INFO - Processing /home/airflow/.local/lib/python3.12/site-packages/airflow/example_dags/example_branch_operator.py took 0.261 seconds
[2025-12-09T19:18:34.523+0000] {processor.py:186} INFO - Started process (PID=486) to work on /home/airflow/.local/lib/python3.12/site-packages/airflow/example_dags/example_branch_operator.py
[2025-12-09T19:18:34.558+0000] {processor.py:914} INFO - Processing file /home/airflow/.local/lib/python3.12/site-packages/airflow/example_dags/example_branch_operator.py for tasks to queue
[2025-12-09T19:18:34.563+0000] {logging_mixin.py:190} INFO - [2025-12-09T19:18:34.562+0000] {dagbag.py:587} INFO - Filling up the DagBag from /home/airflow/.local/lib/python3.12/site-packages/airflow/example_dags/example_branch_operator.py
[2025-12-09T19:18:34.592+0000] {processor.py:925} INFO - DAG(s) 'example_branch_operator' retrieved from /home/airflow/.local/lib/python3.12/site-packages/airflow/example_dags/example_branch_operator.py
[2025-12-09T19:18:34.639+0000] {logging_mixin.py:190} INFO - [2025-12-09T19:18:34.638+0000] {dag.py:3229} INFO - Sync 1 DAGs
[2025-12-09T19:18:34.676+0000] {logging_mixin.py:190} INFO - [2025-12-09T19:18:34.676+0000] {dag.py:4156} INFO - Setting next_dagrun for example_branch_operator to 2025-12-08 00:00:00+00:00, run_after=2025-12-09 00:00:00+00:00
[2025-12-09T19:18:34.712+0000] {processor.py:208} INFO - Processing /home/airflow/.local/lib/python3.12/site-packages/airflow/example_dags/example_branch_operator.py took 0.203 seconds
[2025-12-09T19:18:59.229+0000] {processor.py:186} INFO - Started process (PID=544) to work on /home/airflow/.local/lib/python3.12/site-packages/airflow/example_dags/example_branch_operator.py
[2025-12-09T19:18:59.259+0000] {processor.py:914} INFO - Processing file /home/airflow/.local/lib/python3.12/site-packages/airflow/example_dags/example_branch_operator.py for tasks to queue
[2025-12-09T19:18:59.263+0000] {logging_mixin.py:190} INFO - [2025-12-09T19:18:59.262+0000] {dagbag.py:587} INFO - Filling up the DagBag from /home/airflow/.local/lib/python3.12/site-packages/airflow/example_dags/example_branch_operator.py
[2025-12-09T19:18:59.290+0000] {processor.py:925} INFO - DAG(s) 'example_branch_operator' retrieved from /home/airflow/.local/lib/python3.12/site-packages/airflow/example_dags/example_branch_operator.py
[2025-12-09T19:18:59.334+0000] {logging_mixin.py:190} INFO - [2025-12-09T19:18:59.334+0000] {dag.py:3229} INFO - Sync 1 DAGs
[2025-12-09T19:18:59.366+0000] {logging_mixin.py:190} INFO - [2025-12-09T19:18:59.365+0000] {dag.py:4156} INFO - Setting next_dagrun for example_branch_operator to 2025-12-08 00:00:00+00:00, run_after=2025-12-09 00:00:00+00:00
[2025-12-09T19:18:59.396+0000] {processor.py:208} INFO - Processing /home/airflow/.local/lib/python3.12/site-packages/airflow/example_dags/example_branch_operator.py took 0.176 seconds
[2025-12-09T19:19:24.573+0000] {processor.py:186} INFO - Started process (PID=597) to work on /home/airflow/.local/lib/python3.12/site-packages/airflow/example_dags/example_branch_operator.py
[2025-12-09T19:19:24.586+0000] {processor.py:914} INFO - Processing file /home/airflow/.local/lib/python3.12/site-packages/airflow/example_dags/example_branch_operator.py for tasks to queue
[2025-12-09T19:19:24.590+0000] {logging_mixin.py:190} INFO - [2025-12-09T19:19:24.589+0000] {dagbag.py:587} INFO - Filling up the DagBag from /home/airflow/.local/lib/python3.12/site-packages/airflow/example_dags/example_branch_operator.py
[2025-12-09T19:19:24.620+0000] {processor.py:925} INFO - DAG(s) 'example_branch_operator' retrieved from /home/airflow/.local/lib/python3.12/site-packages/airflow/example_dags/example_branch_operator.py
[2025-12-09T19:19:24.670+0000] {logging_mixin.py:190} INFO - [2025-12-09T19:19:24.669+0000] {dag.py:3229} INFO - Sync 1 DAGs
[2025-12-09T19:19:24.711+0000] {logging_mixin.py:190} INFO - [2025-12-09T19:19:24.710+0000] {dag.py:4156} INFO - Setting next_dagrun for example_branch_operator to 2025-12-08 00:00:00+00:00, run_after=2025-12-09 00:00:00+00:00
[2025-12-09T19:19:24.833+0000] {processor.py:208} INFO - Processing /home/airflow/.local/lib/python3.12/site-packages/airflow/example_dags/example_branch_operator.py took 0.271 seconds
[2025-12-09T19:19:49.441+0000] {processor.py:186} INFO - Started process (PID=646) to work on /home/airflow/.local/lib/python3.12/site-packages/airflow/example_dags/example_branch_operator.py
[2025-12-09T19:19:49.475+0000] {processor.py:914} INFO - Processing file /home/airflow/.local/lib/python3.12/site-packages/airflow/example_dags/example_branch_operator.py for tasks to queue
[2025-12-09T19:19:49.479+0000] {logging_mixin.py:190} INFO - [2025-12-09T19:19:49.478+0000] {dagbag.py:587} INFO - Filling up the DagBag from /home/airflow/.local/lib/python3.12/site-packages/airflow/example_dags/example_branch_operator.py
[2025-12-09T19:19:49.509+0000] {processor.py:925} INFO - DAG(s) 'example_branch_operator' retrieved from /home/airflow/.local/lib/python3.12/site-packages/airflow/example_dags/example_branch_operator.py
[2025-12-09T19:19:49.555+0000] {logging_mixin.py:190} INFO - [2025-12-09T19:19:49.555+0000] {dag.py:3229} INFO - Sync 1 DAGs
[2025-12-09T19:19:49.591+0000] {logging_mixin.py:190} INFO - [2025-12-09T19:19:49.591+0000] {dag.py:4156} INFO - Setting next_dagrun for example_branch_operator to 2025-12-08 00:00:00+00:00, run_after=2025-12-09 00:00:00+00:00
[2025-12-09T19:19:49.620+0000] {processor.py:208} INFO - Processing /home/airflow/.local/lib/python3.12/site-packages/airflow/example_dags/example_branch_operator.py took 0.191 seconds
[2025-12-09T19:20:19.041+0000] {processor.py:186} INFO - Started process (PID=708) to work on /home/airflow/.local/lib/python3.12/site-packages/airflow/example_dags/example_branch_operator.py
[2025-12-09T19:20:19.050+0000] {processor.py:914} INFO - Processing file /home/airflow/.local/lib/python3.12/site-packages/airflow/example_dags/example_branch_operator.py for tasks to queue
[2025-12-09T19:20:19.054+0000] {logging_mixin.py:190} INFO - [2025-12-09T19:20:19.054+0000] {dagbag.py:587} INFO - Filling up the DagBag from /home/airflow/.local/lib/python3.12/site-packages/airflow/example_dags/example_branch_operator.py
[2025-12-09T19:20:19.087+0000] {processor.py:925} INFO - DAG(s) 'example_branch_operator' retrieved from /home/airflow/.local/lib/python3.12/site-packages/airflow/example_dags/example_branch_operator.py
[2025-12-09T19:20:19.140+0000] {logging_mixin.py:190} INFO - [2025-12-09T19:20:19.139+0000] {dag.py:3229} INFO - Sync 1 DAGs
[2025-12-09T19:20:19.187+0000] {logging_mixin.py:190} INFO - [2025-12-09T19:20:19.187+0000] {dag.py:4156} INFO - Setting next_dagrun for example_branch_operator to 2025-12-08 00:00:00+00:00, run_after=2025-12-09 00:00:00+00:00
[2025-12-09T19:20:19.221+0000] {processor.py:208} INFO - Processing /home/airflow/.local/lib/python3.12/site-packages/airflow/example_dags/example_branch_operator.py took 0.192 seconds
[2025-12-09T19:20:49.930+0000] {processor.py:186} INFO - Started process (PID=766) to work on /home/airflow/.local/lib/python3.12/site-packages/airflow/example_dags/example_branch_operator.py
[2025-12-09T19:20:49.961+0000] {processor.py:914} INFO - Processing file /home/airflow/.local/lib/python3.12/site-packages/airflow/example_dags/example_branch_operator.py for tasks to queue
[2025-12-09T19:20:49.964+0000] {logging_mixin.py:190} INFO - [2025-12-09T19:20:49.964+0000] {dagbag.py:587} INFO - Filling up the DagBag from /home/airflow/.local/lib/python3.12/site-packages/airflow/example_dags/example_branch_operator.py
[2025-12-09T19:20:49.988+0000] {processor.py:925} INFO - DAG(s) 'example_branch_operator' retrieved from /home/airflow/.local/lib/python3.12/site-packages/airflow/example_dags/example_branch_operator.py
[2025-12-09T19:20:50.031+0000] {logging_mixin.py:190} INFO - [2025-12-09T19:20:50.030+0000] {dag.py:3229} INFO - Sync 1 DAGs
[2025-12-09T19:20:50.063+0000] {logging_mixin.py:190} INFO - [2025-12-09T19:20:50.063+0000] {dag.py:4156} INFO - Setting next_dagrun for example_branch_operator to 2025-12-08 00:00:00+00:00, run_after=2025-12-09 00:00:00+00:00
[2025-12-09T19:20:50.089+0000] {processor.py:208} INFO - Processing /home/airflow/.local/lib/python3.12/site-packages/airflow/example_dags/example_branch_operator.py took 0.169 seconds
[2025-12-09T19:21:20.243+0000] {processor.py:186} INFO - Started process (PID=828) to work on /home/airflow/.local/lib/python3.12/site-packages/airflow/example_dags/example_branch_operator.py
[2025-12-09T19:21:20.278+0000] {processor.py:914} INFO - Processing file /home/airflow/.local/lib/python3.12/site-packages/airflow/example_dags/example_branch_operator.py for tasks to queue
[2025-12-09T19:21:20.284+0000] {logging_mixin.py:190} INFO - [2025-12-09T19:21:20.283+0000] {dagbag.py:587} INFO - Filling up the DagBag from /home/airflow/.local/lib/python3.12/site-packages/airflow/example_dags/example_branch_operator.py
[2025-12-09T19:21:20.337+0000] {processor.py:925} INFO - DAG(s) 'example_branch_operator' retrieved from /home/airflow/.local/lib/python3.12/site-packages/airflow/example_dags/example_branch_operator.py
[2025-12-09T19:21:20.395+0000] {logging_mixin.py:190} INFO - [2025-12-09T19:21:20.395+0000] {dag.py:3229} INFO - Sync 1 DAGs
[2025-12-09T19:21:20.438+0000] {logging_mixin.py:190} INFO - [2025-12-09T19:21:20.438+0000] {dag.py:4156} INFO - Setting next_dagrun for example_branch_operator to 2025-12-08 00:00:00+00:00, run_after=2025-12-09 00:00:00+00:00
[2025-12-09T19:21:20.470+0000] {processor.py:208} INFO - Processing /home/airflow/.local/lib/python3.12/site-packages/airflow/example_dags/example_branch_operator.py took 0.240 seconds
[2025-12-09T19:21:57.197+0000] {processor.py:186} INFO - Started process (PID=890) to work on /home/airflow/.local/lib/python3.12/site-packages/airflow/example_dags/example_branch_operator.py
[2025-12-09T19:21:57.231+0000] {processor.py:914} INFO - Processing file /home/airflow/.local/lib/python3.12/site-packages/airflow/example_dags/example_branch_operator.py for tasks to queue
[2025-12-09T19:21:57.235+0000] {logging_mixin.py:190} INFO - [2025-12-09T19:21:57.234+0000] {dagbag.py:587} INFO - Filling up the DagBag from /home/airflow/.local/lib/python3.12/site-packages/airflow/example_dags/example_branch_operator.py
[2025-12-09T19:21:48.672+0000] {processor.py:925} INFO - DAG(s) 'example_branch_operator' retrieved from /home/airflow/.local/lib/python3.12/site-packages/airflow/example_dags/example_branch_operator.py
[2025-12-09T19:21:48.720+0000] {logging_mixin.py:190} INFO - [2025-12-09T19:21:48.720+0000] {dag.py:3229} INFO - Sync 1 DAGs
[2025-12-09T19:21:48.765+0000] {logging_mixin.py:190} INFO - [2025-12-09T19:21:48.764+0000] {dag.py:4156} INFO - Setting next_dagrun for example_branch_operator to 2025-12-08 00:00:00+00:00, run_after=2025-12-09 00:00:00+00:00
[2025-12-09T19:21:48.793+0000] {processor.py:208} INFO - Processing /home/airflow/.local/lib/python3.12/site-packages/airflow/example_dags/example_branch_operator.py took 0.200 seconds
[2025-12-09T19:22:19.419+0000] {processor.py:186} INFO - Started process (PID=950) to work on /home/airflow/.local/lib/python3.12/site-packages/airflow/example_dags/example_branch_operator.py
[2025-12-09T19:22:19.452+0000] {processor.py:914} INFO - Processing file /home/airflow/.local/lib/python3.12/site-packages/airflow/example_dags/example_branch_operator.py for tasks to queue
[2025-12-09T19:22:19.456+0000] {logging_mixin.py:190} INFO - [2025-12-09T19:22:19.456+0000] {dagbag.py:587} INFO - Filling up the DagBag from /home/airflow/.local/lib/python3.12/site-packages/airflow/example_dags/example_branch_operator.py
[2025-12-09T19:22:19.481+0000] {processor.py:925} INFO - DAG(s) 'example_branch_operator' retrieved from /home/airflow/.local/lib/python3.12/site-packages/airflow/example_dags/example_branch_operator.py
[2025-12-09T19:22:19.520+0000] {logging_mixin.py:190} INFO - [2025-12-09T19:22:19.519+0000] {dag.py:3229} INFO - Sync 1 DAGs
[2025-12-09T19:22:19.552+0000] {logging_mixin.py:190} INFO - [2025-12-09T19:22:19.552+0000] {dag.py:4156} INFO - Setting next_dagrun for example_branch_operator to 2025-12-08 00:00:00+00:00, run_after=2025-12-09 00:00:00+00:00
[2025-12-09T19:22:19.595+0000] {processor.py:208} INFO - Processing /home/airflow/.local/lib/python3.12/site-packages/airflow/example_dags/example_branch_operator.py took 0.186 seconds
[2025-12-09T19:22:48.976+0000] {processor.py:186} INFO - Started process (PID=1017) to work on /home/airflow/.local/lib/python3.12/site-packages/airflow/example_dags/example_branch_operator.py
[2025-12-09T19:22:48.978+0000] {processor.py:914} INFO - Processing file /home/airflow/.local/lib/python3.12/site-packages/airflow/example_dags/example_branch_operator.py for tasks to queue
[2025-12-09T19:22:48.982+0000] {logging_mixin.py:190} INFO - [2025-12-09T19:22:48.981+0000] {dagbag.py:587} INFO - Filling up the DagBag from /home/airflow/.local/lib/python3.12/site-packages/airflow/example_dags/example_branch_operator.py
[2025-12-09T19:22:49.019+0000] {processor.py:925} INFO - DAG(s) 'example_branch_operator' retrieved from /home/airflow/.local/lib/python3.12/site-packages/airflow/example_dags/example_branch_operator.py
[2025-12-09T19:22:49.068+0000] {logging_mixin.py:190} INFO - [2025-12-09T19:22:49.068+0000] {dag.py:3229} INFO - Sync 1 DAGs
[2025-12-09T19:22:49.106+0000] {logging_mixin.py:190} INFO - [2025-12-09T19:22:49.106+0000] {dag.py:4156} INFO - Setting next_dagrun for example_branch_operator to 2025-12-08 00:00:00+00:00, run_after=2025-12-09 00:00:00+00:00
[2025-12-09T19:22:49.136+0000] {processor.py:208} INFO - Processing /home/airflow/.local/lib/python3.12/site-packages/airflow/example_dags/example_branch_operator.py took 0.173 seconds
[2025-12-09T19:23:19.715+0000] {processor.py:186} INFO - Started process (PID=1081) to work on /home/airflow/.local/lib/python3.12/site-packages/airflow/example_dags/example_branch_operator.py
[2025-12-09T19:23:19.726+0000] {processor.py:914} INFO - Processing file /home/airflow/.local/lib/python3.12/site-packages/airflow/example_dags/example_branch_operator.py for tasks to queue
[2025-12-09T19:23:19.732+0000] {logging_mixin.py:190} INFO - [2025-12-09T19:23:19.731+0000] {dagbag.py:587} INFO - Filling up the DagBag from /home/airflow/.local/lib/python3.12/site-packages/airflow/example_dags/example_branch_operator.py
[2025-12-09T19:23:19.766+0000] {processor.py:925} INFO - DAG(s) 'example_branch_operator' retrieved from /home/airflow/.local/lib/python3.12/site-packages/airflow/example_dags/example_branch_operator.py
[2025-12-09T19:23:19.823+0000] {logging_mixin.py:190} INFO - [2025-12-09T19:23:19.822+0000] {dag.py:3229} INFO - Sync 1 DAGs
[2025-12-09T19:23:19.869+0000] {logging_mixin.py:190} INFO - [2025-12-09T19:23:19.868+0000] {dag.py:4156} INFO - Setting next_dagrun for example_branch_operator to 2025-12-08 00:00:00+00:00, run_after=2025-12-09 00:00:00+00:00
[2025-12-09T19:23:19.903+0000] {processor.py:208} INFO - Processing /home/airflow/.local/lib/python3.12/site-packages/airflow/example_dags/example_branch_operator.py took 0.199 seconds
[2025-12-09T19:23:50.319+0000] {processor.py:186} INFO - Started process (PID=1143) to work on /home/airflow/.local/lib/python3.12/site-packages/airflow/example_dags/example_branch_operator.py
[2025-12-09T19:23:50.330+0000] {processor.py:914} INFO - Processing file /home/airflow/.local/lib/python3.12/site-packages/airflow/example_dags/example_branch_operator.py for tasks to queue
[2025-12-09T19:23:50.335+0000] {logging_mixin.py:190} INFO - [2025-12-09T19:23:50.334+0000] {dagbag.py:587} INFO - Filling up the DagBag from /home/airflow/.local/lib/python3.12/site-packages/airflow/example_dags/example_branch_operator.py
[2025-12-09T19:23:50.371+0000] {processor.py:925} INFO - DAG(s) 'example_branch_operator' retrieved from /home/airflow/.local/lib/python3.12/site-packages/airflow/example_dags/example_branch_operator.py
[2025-12-09T19:23:50.420+0000] {logging_mixin.py:190} INFO - [2025-12-09T19:23:50.420+0000] {dag.py:3229} INFO - Sync 1 DAGs
[2025-12-09T19:23:50.455+0000] {logging_mixin.py:190} INFO - [2025-12-09T19:23:50.454+0000] {dag.py:4156} INFO - Setting next_dagrun for example_branch_operator to 2025-12-08 00:00:00+00:00, run_after=2025-12-09 00:00:00+00:00
[2025-12-09T19:23:50.489+0000] {processor.py:208} INFO - Processing /home/airflow/.local/lib/python3.12/site-packages/airflow/example_dags/example_branch_operator.py took 0.183 seconds
[2025-12-09T19:24:14.132+0000] {processor.py:186} INFO - Started process (PID=1205) to work on /home/airflow/.local/lib/python3.12/site-packages/airflow/example_dags/example_branch_operator.py
[2025-12-09T19:24:14.135+0000] {processor.py:914} INFO - Processing file /home/airflow/.local/lib/python3.12/site-packages/airflow/example_dags/example_branch_operator.py for tasks to queue
[2025-12-09T19:24:14.138+0000] {logging_mixin.py:190} INFO - [2025-12-09T19:24:14.138+0000] {dagbag.py:587} INFO - Filling up the DagBag from /home/airflow/.local/lib/python3.12/site-packages/airflow/example_dags/example_branch_operator.py
[2025-12-09T19:24:14.168+0000] {processor.py:925} INFO - DAG(s) 'example_branch_operator' retrieved from /home/airflow/.local/lib/python3.12/site-packages/airflow/example_dags/example_branch_operator.py
[2025-12-09T19:24:14.214+0000] {logging_mixin.py:190} INFO - [2025-12-09T19:24:14.214+0000] {dag.py:3229} INFO - Sync 1 DAGs
[2025-12-09T19:24:14.263+0000] {logging_mixin.py:190} INFO - [2025-12-09T19:24:14.263+0000] {dag.py:4156} INFO - Setting next_dagrun for example_branch_operator to 2025-12-08 00:00:00+00:00, run_after=2025-12-09 00:00:00+00:00
[2025-12-09T19:24:14.300+0000] {processor.py:208} INFO - Processing /home/airflow/.local/lib/python3.12/site-packages/airflow/example_dags/example_branch_operator.py took 0.178 seconds
[2025-12-09T19:24:38.966+0000] {processor.py:186} INFO - Started process (PID=1261) to work on /home/airflow/.local/lib/python3.12/site-packages/airflow/example_dags/example_branch_operator.py
[2025-12-09T19:24:38.968+0000] {processor.py:914} INFO - Processing file /home/airflow/.local/lib/python3.12/site-packages/airflow/example_dags/example_branch_operator.py for tasks to queue
[2025-12-09T19:24:38.972+0000] {logging_mixin.py:190} INFO - [2025-12-09T19:24:38.971+0000] {dagbag.py:587} INFO - Filling up the DagBag from /home/airflow/.local/lib/python3.12/site-packages/airflow/example_dags/example_branch_operator.py
[2025-12-09T19:24:39.006+0000] {processor.py:925} INFO - DAG(s) 'example_branch_operator' retrieved from /home/airflow/.local/lib/python3.12/site-packages/airflow/example_dags/example_branch_operator.py
[2025-12-09T19:24:39.048+0000] {logging_mixin.py:190} INFO - [2025-12-09T19:24:39.047+0000] {dag.py:3229} INFO - Sync 1 DAGs
[2025-12-09T19:24:39.080+0000] {logging_mixin.py:190} INFO - [2025-12-09T19:24:39.079+0000] {dag.py:4156} INFO - Setting next_dagrun for example_branch_operator to 2025-12-08 00:00:00+00:00, run_after=2025-12-09 00:00:00+00:00
[2025-12-09T19:24:39.116+0000] {processor.py:208} INFO - Processing /home/airflow/.local/lib/python3.12/site-packages/airflow/example_dags/example_branch_operator.py took 0.161 seconds
[2025-12-09T19:25:12.322+0000] {processor.py:186} INFO - Started process (PID=1320) to work on /home/airflow/.local/lib/python3.12/site-packages/airflow/example_dags/example_branch_operator.py
[2025-12-09T19:25:12.338+0000] {processor.py:914} INFO - Processing file /home/airflow/.local/lib/python3.12/site-packages/airflow/example_dags/example_branch_operator.py for tasks to queue
[2025-12-09T19:25:12.342+0000] {logging_mixin.py:190} INFO - [2025-12-09T19:25:12.341+0000] {dagbag.py:587} INFO - Filling up the DagBag from /home/airflow/.local/lib/python3.12/site-packages/airflow/example_dags/example_branch_operator.py
[2025-12-09T19:25:12.365+0000] {processor.py:925} INFO - DAG(s) 'example_branch_operator' retrieved from /home/airflow/.local/lib/python3.12/site-packages/airflow/example_dags/example_branch_operator.py
[2025-12-09T19:25:12.411+0000] {logging_mixin.py:190} INFO - [2025-12-09T19:25:12.411+0000] {dag.py:3229} INFO - Sync 1 DAGs
[2025-12-09T19:25:12.442+0000] {logging_mixin.py:190} INFO - [2025-12-09T19:25:12.441+0000] {dag.py:4156} INFO - Setting next_dagrun for example_branch_operator to 2025-12-08 00:00:00+00:00, run_after=2025-12-09 00:00:00+00:00
[2025-12-09T19:25:12.487+0000] {processor.py:208} INFO - Processing /home/airflow/.local/lib/python3.12/site-packages/airflow/example_dags/example_branch_operator.py took 0.174 seconds
[2025-12-09T19:25:42.691+0000] {processor.py:186} INFO - Started process (PID=1401) to work on /home/airflow/.local/lib/python3.12/site-packages/airflow/example_dags/example_branch_operator.py
[2025-12-09T19:25:42.703+0000] {processor.py:914} INFO - Processing file /home/airflow/.local/lib/python3.12/site-packages/airflow/example_dags/example_branch_operator.py for tasks to queue
[2025-12-09T19:25:42.709+0000] {logging_mixin.py:190} INFO - [2025-12-09T19:25:42.708+0000] {dagbag.py:587} INFO - Filling up the DagBag from /home/airflow/.local/lib/python3.12/site-packages/airflow/example_dags/example_branch_operator.py
[2025-12-09T19:25:42.742+0000] {processor.py:925} INFO - DAG(s) 'example_branch_operator' retrieved from /home/airflow/.local/lib/python3.12/site-packages/airflow/example_dags/example_branch_operator.py
[2025-12-09T19:25:42.801+0000] {logging_mixin.py:190} INFO - [2025-12-09T19:25:42.800+0000] {dag.py:3229} INFO - Sync 1 DAGs
[2025-12-09T19:25:42.845+0000] {logging_mixin.py:190} INFO - [2025-12-09T19:25:42.845+0000] {dag.py:4156} INFO - Setting next_dagrun for example_branch_operator to 2025-12-08 00:00:00+00:00, run_after=2025-12-09 00:00:00+00:00
[2025-12-09T19:25:42.895+0000] {processor.py:208} INFO - Processing /home/airflow/.local/lib/python3.12/site-packages/airflow/example_dags/example_branch_operator.py took 0.215 seconds
[2025-12-09T19:26:07.780+0000] {processor.py:186} INFO - Started process (PID=1465) to work on /home/airflow/.local/lib/python3.12/site-packages/airflow/example_dags/example_branch_operator.py
[2025-12-09T19:26:07.811+0000] {processor.py:914} INFO - Processing file /home/airflow/.local/lib/python3.12/site-packages/airflow/example_dags/example_branch_operator.py for tasks to queue
[2025-12-09T19:26:07.814+0000] {logging_mixin.py:190} INFO - [2025-12-09T19:26:07.814+0000] {dagbag.py:587} INFO - Filling up the DagBag from /home/airflow/.local/lib/python3.12/site-packages/airflow/example_dags/example_branch_operator.py
[2025-12-09T19:26:07.841+0000] {processor.py:925} INFO - DAG(s) 'example_branch_operator' retrieved from /home/airflow/.local/lib/python3.12/site-packages/airflow/example_dags/example_branch_operator.py
[2025-12-09T19:26:07.886+0000] {logging_mixin.py:190} INFO - [2025-12-09T19:26:07.886+0000] {dag.py:3229} INFO - Sync 1 DAGs
[2025-12-09T19:26:07.927+0000] {logging_mixin.py:190} INFO - [2025-12-09T19:26:07.926+0000] {dag.py:4156} INFO - Setting next_dagrun for example_branch_operator to 2025-12-08 00:00:00+00:00, run_after=2025-12-09 00:00:00+00:00
[2025-12-09T19:26:07.973+0000] {processor.py:208} INFO - Processing /home/airflow/.local/lib/python3.12/site-packages/airflow/example_dags/example_branch_operator.py took 0.206 seconds
