[2025-12-09T19:15:41.444+0000] {processor.py:186} INFO - Started process (PID=134) to work on /home/airflow/.local/lib/python3.12/site-packages/airflow/example_dags/example_trigger_controller_dag.py
[2025-12-09T19:15:41.445+0000] {processor.py:914} INFO - Processing file /home/airflow/.local/lib/python3.12/site-packages/airflow/example_dags/example_trigger_controller_dag.py for tasks to queue
[2025-12-09T19:15:41.449+0000] {logging_mixin.py:190} INFO - [2025-12-09T19:15:41.449+0000] {dagbag.py:587} INFO - Filling up the DagBag from /home/airflow/.local/lib/python3.12/site-packages/airflow/example_dags/example_trigger_controller_dag.py
[2025-12-09T19:15:41.459+0000] {processor.py:925} INFO - DAG(s) 'example_trigger_controller_dag' retrieved from /home/airflow/.local/lib/python3.12/site-packages/airflow/example_dags/example_trigger_controller_dag.py
[2025-12-09T19:15:41.626+0000] {logging_mixin.py:190} INFO - [2025-12-09T19:15:41.625+0000] {override.py:1900} INFO - Created Permission View: can read on DAG:example_trigger_controller_dag
[2025-12-09T19:15:41.639+0000] {logging_mixin.py:190} INFO - [2025-12-09T19:15:41.639+0000] {override.py:1900} INFO - Created Permission View: can delete on DAG:example_trigger_controller_dag
[2025-12-09T19:15:41.648+0000] {logging_mixin.py:190} INFO - [2025-12-09T19:15:41.648+0000] {override.py:1900} INFO - Created Permission View: can edit on DAG:example_trigger_controller_dag
[2025-12-09T19:15:41.659+0000] {logging_mixin.py:190} INFO - [2025-12-09T19:15:41.659+0000] {override.py:1900} INFO - Created Permission View: can read on DAG Run:example_trigger_controller_dag
[2025-12-09T19:15:41.668+0000] {logging_mixin.py:190} INFO - [2025-12-09T19:15:41.668+0000] {override.py:1900} INFO - Created Permission View: can delete on DAG Run:example_trigger_controller_dag
[2025-12-09T19:15:41.679+0000] {logging_mixin.py:190} INFO - [2025-12-09T19:15:41.678+0000] {override.py:1900} INFO - Created Permission View: menu access on DAG Run:example_trigger_controller_dag
[2025-12-09T19:15:41.689+0000] {logging_mixin.py:190} INFO - [2025-12-09T19:15:41.688+0000] {override.py:1900} INFO - Created Permission View: can create on DAG Run:example_trigger_controller_dag
[2025-12-09T19:15:41.689+0000] {logging_mixin.py:190} INFO - [2025-12-09T19:15:41.689+0000] {dag.py:3229} INFO - Sync 1 DAGs
[2025-12-09T19:15:41.708+0000] {logging_mixin.py:190} INFO - [2025-12-09T19:15:41.708+0000] {dag.py:3252} INFO - Creating ORM DAG for example_trigger_controller_dag
[2025-12-09T19:15:41.722+0000] {logging_mixin.py:190} INFO - [2025-12-09T19:15:41.721+0000] {dag.py:4156} INFO - Setting next_dagrun for example_trigger_controller_dag to 2021-01-01 00:00:00+00:00, run_after=2021-01-01 00:00:00+00:00
[2025-12-09T19:15:41.747+0000] {processor.py:208} INFO - Processing /home/airflow/.local/lib/python3.12/site-packages/airflow/example_dags/example_trigger_controller_dag.py took 0.311 seconds
[2025-12-09T19:16:12.326+0000] {processor.py:186} INFO - Started process (PID=192) to work on /home/airflow/.local/lib/python3.12/site-packages/airflow/example_dags/example_trigger_controller_dag.py
[2025-12-09T19:16:12.329+0000] {processor.py:914} INFO - Processing file /home/airflow/.local/lib/python3.12/site-packages/airflow/example_dags/example_trigger_controller_dag.py for tasks to queue
[2025-12-09T19:16:12.335+0000] {logging_mixin.py:190} INFO - [2025-12-09T19:16:12.334+0000] {dagbag.py:587} INFO - Filling up the DagBag from /home/airflow/.local/lib/python3.12/site-packages/airflow/example_dags/example_trigger_controller_dag.py
[2025-12-09T19:16:12.355+0000] {processor.py:925} INFO - DAG(s) 'example_trigger_controller_dag' retrieved from /home/airflow/.local/lib/python3.12/site-packages/airflow/example_dags/example_trigger_controller_dag.py
[2025-12-09T19:16:12.410+0000] {logging_mixin.py:190} INFO - [2025-12-09T19:16:12.409+0000] {dag.py:3229} INFO - Sync 1 DAGs
[2025-12-09T19:16:12.465+0000] {logging_mixin.py:190} INFO - [2025-12-09T19:16:12.464+0000] {dag.py:4156} INFO - Setting next_dagrun for example_trigger_controller_dag to 2021-01-01 00:00:00+00:00, run_after=2021-01-01 00:00:00+00:00
[2025-12-09T19:16:12.512+0000] {processor.py:208} INFO - Processing /home/airflow/.local/lib/python3.12/site-packages/airflow/example_dags/example_trigger_controller_dag.py took 0.202 seconds
[2025-12-09T19:16:42.670+0000] {processor.py:186} INFO - Started process (PID=253) to work on /home/airflow/.local/lib/python3.12/site-packages/airflow/example_dags/example_trigger_controller_dag.py
[2025-12-09T19:16:42.701+0000] {processor.py:914} INFO - Processing file /home/airflow/.local/lib/python3.12/site-packages/airflow/example_dags/example_trigger_controller_dag.py for tasks to queue
[2025-12-09T19:16:42.706+0000] {logging_mixin.py:190} INFO - [2025-12-09T19:16:42.705+0000] {dagbag.py:587} INFO - Filling up the DagBag from /home/airflow/.local/lib/python3.12/site-packages/airflow/example_dags/example_trigger_controller_dag.py
[2025-12-09T19:16:42.719+0000] {processor.py:925} INFO - DAG(s) 'example_trigger_controller_dag' retrieved from /home/airflow/.local/lib/python3.12/site-packages/airflow/example_dags/example_trigger_controller_dag.py
[2025-12-09T19:16:42.758+0000] {logging_mixin.py:190} INFO - [2025-12-09T19:16:42.757+0000] {dag.py:3229} INFO - Sync 1 DAGs
[2025-12-09T19:16:42.796+0000] {logging_mixin.py:190} INFO - [2025-12-09T19:16:42.795+0000] {dag.py:4156} INFO - Setting next_dagrun for example_trigger_controller_dag to 2021-01-01 00:00:00+00:00, run_after=2021-01-01 00:00:00+00:00
[2025-12-09T19:16:42.859+0000] {processor.py:208} INFO - Processing /home/airflow/.local/lib/python3.12/site-packages/airflow/example_dags/example_trigger_controller_dag.py took 0.200 seconds
[2025-12-09T19:17:12.993+0000] {processor.py:186} INFO - Started process (PID=310) to work on /home/airflow/.local/lib/python3.12/site-packages/airflow/example_dags/example_trigger_controller_dag.py
[2025-12-09T19:17:12.995+0000] {processor.py:914} INFO - Processing file /home/airflow/.local/lib/python3.12/site-packages/airflow/example_dags/example_trigger_controller_dag.py for tasks to queue
[2025-12-09T19:17:12.998+0000] {logging_mixin.py:190} INFO - [2025-12-09T19:17:12.997+0000] {dagbag.py:587} INFO - Filling up the DagBag from /home/airflow/.local/lib/python3.12/site-packages/airflow/example_dags/example_trigger_controller_dag.py
[2025-12-09T19:17:13.007+0000] {processor.py:925} INFO - DAG(s) 'example_trigger_controller_dag' retrieved from /home/airflow/.local/lib/python3.12/site-packages/airflow/example_dags/example_trigger_controller_dag.py
[2025-12-09T19:17:13.040+0000] {logging_mixin.py:190} INFO - [2025-12-09T19:17:13.039+0000] {dag.py:3229} INFO - Sync 1 DAGs
[2025-12-09T19:17:13.074+0000] {logging_mixin.py:190} INFO - [2025-12-09T19:17:13.073+0000] {dag.py:4156} INFO - Setting next_dagrun for example_trigger_controller_dag to 2021-01-01 00:00:00+00:00, run_after=2021-01-01 00:00:00+00:00
[2025-12-09T19:17:13.122+0000] {processor.py:208} INFO - Processing /home/airflow/.local/lib/python3.12/site-packages/airflow/example_dags/example_trigger_controller_dag.py took 0.140 seconds
[2025-12-09T19:17:40.476+0000] {processor.py:186} INFO - Started process (PID=380) to work on /home/airflow/.local/lib/python3.12/site-packages/airflow/example_dags/example_trigger_controller_dag.py
[2025-12-09T19:17:40.506+0000] {processor.py:914} INFO - Processing file /home/airflow/.local/lib/python3.12/site-packages/airflow/example_dags/example_trigger_controller_dag.py for tasks to queue
[2025-12-09T19:17:40.510+0000] {logging_mixin.py:190} INFO - [2025-12-09T19:17:40.510+0000] {dagbag.py:587} INFO - Filling up the DagBag from /home/airflow/.local/lib/python3.12/site-packages/airflow/example_dags/example_trigger_controller_dag.py
[2025-12-09T19:17:40.520+0000] {processor.py:925} INFO - DAG(s) 'example_trigger_controller_dag' retrieved from /home/airflow/.local/lib/python3.12/site-packages/airflow/example_dags/example_trigger_controller_dag.py
[2025-12-09T19:17:40.562+0000] {logging_mixin.py:190} INFO - [2025-12-09T19:17:40.561+0000] {dag.py:3229} INFO - Sync 1 DAGs
[2025-12-09T19:17:40.605+0000] {logging_mixin.py:190} INFO - [2025-12-09T19:17:40.605+0000] {dag.py:4156} INFO - Setting next_dagrun for example_trigger_controller_dag to 2021-01-01 00:00:00+00:00, run_after=2021-01-01 00:00:00+00:00
[2025-12-09T19:17:40.634+0000] {processor.py:208} INFO - Processing /home/airflow/.local/lib/python3.12/site-packages/airflow/example_dags/example_trigger_controller_dag.py took 0.167 seconds
[2025-12-09T19:18:06.393+0000] {processor.py:186} INFO - Started process (PID=443) to work on /home/airflow/.local/lib/python3.12/site-packages/airflow/example_dags/example_trigger_controller_dag.py
[2025-12-09T19:18:06.424+0000] {processor.py:914} INFO - Processing file /home/airflow/.local/lib/python3.12/site-packages/airflow/example_dags/example_trigger_controller_dag.py for tasks to queue
[2025-12-09T19:18:06.428+0000] {logging_mixin.py:190} INFO - [2025-12-09T19:18:06.427+0000] {dagbag.py:587} INFO - Filling up the DagBag from /home/airflow/.local/lib/python3.12/site-packages/airflow/example_dags/example_trigger_controller_dag.py
[2025-12-09T19:18:06.439+0000] {processor.py:925} INFO - DAG(s) 'example_trigger_controller_dag' retrieved from /home/airflow/.local/lib/python3.12/site-packages/airflow/example_dags/example_trigger_controller_dag.py
[2025-12-09T19:18:06.478+0000] {logging_mixin.py:190} INFO - [2025-12-09T19:18:06.477+0000] {dag.py:3229} INFO - Sync 1 DAGs
[2025-12-09T19:18:06.527+0000] {logging_mixin.py:190} INFO - [2025-12-09T19:18:06.526+0000] {dag.py:4156} INFO - Setting next_dagrun for example_trigger_controller_dag to 2021-01-01 00:00:00+00:00, run_after=2021-01-01 00:00:00+00:00
[2025-12-09T19:18:06.570+0000] {processor.py:208} INFO - Processing /home/airflow/.local/lib/python3.12/site-packages/airflow/example_dags/example_trigger_controller_dag.py took 0.185 seconds
[2025-12-09T19:18:37.182+0000] {processor.py:186} INFO - Started process (PID=504) to work on /home/airflow/.local/lib/python3.12/site-packages/airflow/example_dags/example_trigger_controller_dag.py
[2025-12-09T19:18:37.193+0000] {processor.py:914} INFO - Processing file /home/airflow/.local/lib/python3.12/site-packages/airflow/example_dags/example_trigger_controller_dag.py for tasks to queue
[2025-12-09T19:18:37.197+0000] {logging_mixin.py:190} INFO - [2025-12-09T19:18:37.196+0000] {dagbag.py:587} INFO - Filling up the DagBag from /home/airflow/.local/lib/python3.12/site-packages/airflow/example_dags/example_trigger_controller_dag.py
[2025-12-09T19:18:37.206+0000] {processor.py:925} INFO - DAG(s) 'example_trigger_controller_dag' retrieved from /home/airflow/.local/lib/python3.12/site-packages/airflow/example_dags/example_trigger_controller_dag.py
[2025-12-09T19:18:37.236+0000] {logging_mixin.py:190} INFO - [2025-12-09T19:18:37.235+0000] {dag.py:3229} INFO - Sync 1 DAGs
[2025-12-09T19:18:37.267+0000] {logging_mixin.py:190} INFO - [2025-12-09T19:18:37.267+0000] {dag.py:4156} INFO - Setting next_dagrun for example_trigger_controller_dag to 2021-01-01 00:00:00+00:00, run_after=2021-01-01 00:00:00+00:00
[2025-12-09T19:18:37.324+0000] {processor.py:208} INFO - Processing /home/airflow/.local/lib/python3.12/site-packages/airflow/example_dags/example_trigger_controller_dag.py took 0.152 seconds
[2025-12-09T19:19:07.802+0000] {processor.py:186} INFO - Started process (PID=566) to work on /home/airflow/.local/lib/python3.12/site-packages/airflow/example_dags/example_trigger_controller_dag.py
[2025-12-09T19:19:07.805+0000] {processor.py:914} INFO - Processing file /home/airflow/.local/lib/python3.12/site-packages/airflow/example_dags/example_trigger_controller_dag.py for tasks to queue
[2025-12-09T19:19:07.810+0000] {logging_mixin.py:190} INFO - [2025-12-09T19:19:07.810+0000] {dagbag.py:587} INFO - Filling up the DagBag from /home/airflow/.local/lib/python3.12/site-packages/airflow/example_dags/example_trigger_controller_dag.py
[2025-12-09T19:19:07.824+0000] {processor.py:925} INFO - DAG(s) 'example_trigger_controller_dag' retrieved from /home/airflow/.local/lib/python3.12/site-packages/airflow/example_dags/example_trigger_controller_dag.py
[2025-12-09T19:19:07.860+0000] {logging_mixin.py:190} INFO - [2025-12-09T19:19:07.860+0000] {dag.py:3229} INFO - Sync 1 DAGs
[2025-12-09T19:19:07.899+0000] {logging_mixin.py:190} INFO - [2025-12-09T19:19:07.899+0000] {dag.py:4156} INFO - Setting next_dagrun for example_trigger_controller_dag to 2021-01-01 00:00:00+00:00, run_after=2021-01-01 00:00:00+00:00
[2025-12-09T19:19:07.958+0000] {processor.py:208} INFO - Processing /home/airflow/.local/lib/python3.12/site-packages/airflow/example_dags/example_trigger_controller_dag.py took 0.168 seconds
[2025-12-09T19:19:34.175+0000] {processor.py:186} INFO - Started process (PID=628) to work on /home/airflow/.local/lib/python3.12/site-packages/airflow/example_dags/example_trigger_controller_dag.py
[2025-12-09T19:19:34.208+0000] {processor.py:914} INFO - Processing file /home/airflow/.local/lib/python3.12/site-packages/airflow/example_dags/example_trigger_controller_dag.py for tasks to queue
[2025-12-09T19:19:34.213+0000] {logging_mixin.py:190} INFO - [2025-12-09T19:19:34.212+0000] {dagbag.py:587} INFO - Filling up the DagBag from /home/airflow/.local/lib/python3.12/site-packages/airflow/example_dags/example_trigger_controller_dag.py
[2025-12-09T19:19:34.225+0000] {processor.py:925} INFO - DAG(s) 'example_trigger_controller_dag' retrieved from /home/airflow/.local/lib/python3.12/site-packages/airflow/example_dags/example_trigger_controller_dag.py
[2025-12-09T19:19:34.259+0000] {logging_mixin.py:190} INFO - [2025-12-09T19:19:34.258+0000] {dag.py:3229} INFO - Sync 1 DAGs
[2025-12-09T19:19:34.290+0000] {logging_mixin.py:190} INFO - [2025-12-09T19:19:34.290+0000] {dag.py:4156} INFO - Setting next_dagrun for example_trigger_controller_dag to 2021-01-01 00:00:00+00:00, run_after=2021-01-01 00:00:00+00:00
[2025-12-09T19:19:34.349+0000] {processor.py:208} INFO - Processing /home/airflow/.local/lib/python3.12/site-packages/airflow/example_dags/example_trigger_controller_dag.py took 0.187 seconds
[2025-12-09T19:19:59.471+0000] {processor.py:186} INFO - Started process (PID=689) to work on /home/airflow/.local/lib/python3.12/site-packages/airflow/example_dags/example_trigger_controller_dag.py
[2025-12-09T19:19:59.502+0000] {processor.py:914} INFO - Processing file /home/airflow/.local/lib/python3.12/site-packages/airflow/example_dags/example_trigger_controller_dag.py for tasks to queue
[2025-12-09T19:19:59.506+0000] {logging_mixin.py:190} INFO - [2025-12-09T19:19:59.505+0000] {dagbag.py:587} INFO - Filling up the DagBag from /home/airflow/.local/lib/python3.12/site-packages/airflow/example_dags/example_trigger_controller_dag.py
[2025-12-09T19:19:59.518+0000] {processor.py:925} INFO - DAG(s) 'example_trigger_controller_dag' retrieved from /home/airflow/.local/lib/python3.12/site-packages/airflow/example_dags/example_trigger_controller_dag.py
[2025-12-09T19:19:59.550+0000] {logging_mixin.py:190} INFO - [2025-12-09T19:19:59.550+0000] {dag.py:3229} INFO - Sync 1 DAGs
[2025-12-09T19:19:59.586+0000] {logging_mixin.py:190} INFO - [2025-12-09T19:19:59.586+0000] {dag.py:4156} INFO - Setting next_dagrun for example_trigger_controller_dag to 2021-01-01 00:00:00+00:00, run_after=2021-01-01 00:00:00+00:00
[2025-12-09T19:19:59.623+0000] {processor.py:208} INFO - Processing /home/airflow/.local/lib/python3.12/site-packages/airflow/example_dags/example_trigger_controller_dag.py took 0.161 seconds
[2025-12-09T19:20:30.444+0000] {processor.py:186} INFO - Started process (PID=750) to work on /home/airflow/.local/lib/python3.12/site-packages/airflow/example_dags/example_trigger_controller_dag.py
[2025-12-09T19:20:30.475+0000] {processor.py:914} INFO - Processing file /home/airflow/.local/lib/python3.12/site-packages/airflow/example_dags/example_trigger_controller_dag.py for tasks to queue
[2025-12-09T19:20:30.479+0000] {logging_mixin.py:190} INFO - [2025-12-09T19:20:30.478+0000] {dagbag.py:587} INFO - Filling up the DagBag from /home/airflow/.local/lib/python3.12/site-packages/airflow/example_dags/example_trigger_controller_dag.py
[2025-12-09T19:20:30.489+0000] {processor.py:925} INFO - DAG(s) 'example_trigger_controller_dag' retrieved from /home/airflow/.local/lib/python3.12/site-packages/airflow/example_dags/example_trigger_controller_dag.py
[2025-12-09T19:20:30.525+0000] {logging_mixin.py:190} INFO - [2025-12-09T19:20:30.524+0000] {dag.py:3229} INFO - Sync 1 DAGs
[2025-12-09T19:20:30.558+0000] {logging_mixin.py:190} INFO - [2025-12-09T19:20:30.558+0000] {dag.py:4156} INFO - Setting next_dagrun for example_trigger_controller_dag to 2021-01-01 00:00:00+00:00, run_after=2021-01-01 00:00:00+00:00
[2025-12-09T19:20:30.594+0000] {processor.py:208} INFO - Processing /home/airflow/.local/lib/python3.12/site-packages/airflow/example_dags/example_trigger_controller_dag.py took 0.161 seconds
[2025-12-09T19:21:01.298+0000] {processor.py:186} INFO - Started process (PID=812) to work on /home/airflow/.local/lib/python3.12/site-packages/airflow/example_dags/example_trigger_controller_dag.py
[2025-12-09T19:21:01.315+0000] {processor.py:914} INFO - Processing file /home/airflow/.local/lib/python3.12/site-packages/airflow/example_dags/example_trigger_controller_dag.py for tasks to queue
[2025-12-09T19:21:01.319+0000] {logging_mixin.py:190} INFO - [2025-12-09T19:21:01.319+0000] {dagbag.py:587} INFO - Filling up the DagBag from /home/airflow/.local/lib/python3.12/site-packages/airflow/example_dags/example_trigger_controller_dag.py
[2025-12-09T19:21:01.330+0000] {processor.py:925} INFO - DAG(s) 'example_trigger_controller_dag' retrieved from /home/airflow/.local/lib/python3.12/site-packages/airflow/example_dags/example_trigger_controller_dag.py
[2025-12-09T19:21:01.366+0000] {logging_mixin.py:190} INFO - [2025-12-09T19:21:01.365+0000] {dag.py:3229} INFO - Sync 1 DAGs
[2025-12-09T19:21:01.401+0000] {logging_mixin.py:190} INFO - [2025-12-09T19:21:01.400+0000] {dag.py:4156} INFO - Setting next_dagrun for example_trigger_controller_dag to 2021-01-01 00:00:00+00:00, run_after=2021-01-01 00:00:00+00:00
[2025-12-09T19:21:01.437+0000] {processor.py:208} INFO - Processing /home/airflow/.local/lib/python3.12/site-packages/airflow/example_dags/example_trigger_controller_dag.py took 0.149 seconds
[2025-12-09T19:21:32.099+0000] {processor.py:186} INFO - Started process (PID=877) to work on /home/airflow/.local/lib/python3.12/site-packages/airflow/example_dags/example_trigger_controller_dag.py
[2025-12-09T19:21:32.130+0000] {processor.py:914} INFO - Processing file /home/airflow/.local/lib/python3.12/site-packages/airflow/example_dags/example_trigger_controller_dag.py for tasks to queue
[2025-12-09T19:21:32.133+0000] {logging_mixin.py:190} INFO - [2025-12-09T19:21:32.133+0000] {dagbag.py:587} INFO - Filling up the DagBag from /home/airflow/.local/lib/python3.12/site-packages/airflow/example_dags/example_trigger_controller_dag.py
[2025-12-09T19:21:32.144+0000] {processor.py:925} INFO - DAG(s) 'example_trigger_controller_dag' retrieved from /home/airflow/.local/lib/python3.12/site-packages/airflow/example_dags/example_trigger_controller_dag.py
[2025-12-09T19:21:32.175+0000] {logging_mixin.py:190} INFO - [2025-12-09T19:21:32.175+0000] {dag.py:3229} INFO - Sync 1 DAGs
[2025-12-09T19:21:32.210+0000] {logging_mixin.py:190} INFO - [2025-12-09T19:21:32.210+0000] {dag.py:4156} INFO - Setting next_dagrun for example_trigger_controller_dag to 2021-01-01 00:00:00+00:00, run_after=2021-01-01 00:00:00+00:00
[2025-12-09T19:21:32.269+0000] {processor.py:208} INFO - Processing /home/airflow/.local/lib/python3.12/site-packages/airflow/example_dags/example_trigger_controller_dag.py took 0.182 seconds
[2025-12-09T19:21:58.853+0000] {processor.py:186} INFO - Started process (PID=940) to work on /home/airflow/.local/lib/python3.12/site-packages/airflow/example_dags/example_trigger_controller_dag.py
[2025-12-09T19:21:58.858+0000] {processor.py:914} INFO - Processing file /home/airflow/.local/lib/python3.12/site-packages/airflow/example_dags/example_trigger_controller_dag.py for tasks to queue
[2025-12-09T19:21:58.862+0000] {logging_mixin.py:190} INFO - [2025-12-09T19:21:58.861+0000] {dagbag.py:587} INFO - Filling up the DagBag from /home/airflow/.local/lib/python3.12/site-packages/airflow/example_dags/example_trigger_controller_dag.py
[2025-12-09T19:21:58.872+0000] {processor.py:925} INFO - DAG(s) 'example_trigger_controller_dag' retrieved from /home/airflow/.local/lib/python3.12/site-packages/airflow/example_dags/example_trigger_controller_dag.py
[2025-12-09T19:21:58.902+0000] {logging_mixin.py:190} INFO - [2025-12-09T19:21:58.902+0000] {dag.py:3229} INFO - Sync 1 DAGs
[2025-12-09T19:21:58.939+0000] {logging_mixin.py:190} INFO - [2025-12-09T19:21:58.938+0000] {dag.py:4156} INFO - Setting next_dagrun for example_trigger_controller_dag to 2021-01-01 00:00:00+00:00, run_after=2021-01-01 00:00:00+00:00
[2025-12-09T19:21:58.989+0000] {processor.py:208} INFO - Processing /home/airflow/.local/lib/python3.12/site-packages/airflow/example_dags/example_trigger_controller_dag.py took 0.145 seconds
[2025-12-09T19:22:29.591+0000] {processor.py:186} INFO - Started process (PID=996) to work on /home/airflow/.local/lib/python3.12/site-packages/airflow/example_dags/example_trigger_controller_dag.py
[2025-12-09T19:22:29.621+0000] {processor.py:914} INFO - Processing file /home/airflow/.local/lib/python3.12/site-packages/airflow/example_dags/example_trigger_controller_dag.py for tasks to queue
[2025-12-09T19:22:29.626+0000] {logging_mixin.py:190} INFO - [2025-12-09T19:22:29.626+0000] {dagbag.py:587} INFO - Filling up the DagBag from /home/airflow/.local/lib/python3.12/site-packages/airflow/example_dags/example_trigger_controller_dag.py
[2025-12-09T19:22:29.639+0000] {processor.py:925} INFO - DAG(s) 'example_trigger_controller_dag' retrieved from /home/airflow/.local/lib/python3.12/site-packages/airflow/example_dags/example_trigger_controller_dag.py
[2025-12-09T19:22:29.677+0000] {logging_mixin.py:190} INFO - [2025-12-09T19:22:29.676+0000] {dag.py:3229} INFO - Sync 1 DAGs
[2025-12-09T19:22:29.719+0000] {logging_mixin.py:190} INFO - [2025-12-09T19:22:29.718+0000] {dag.py:4156} INFO - Setting next_dagrun for example_trigger_controller_dag to 2021-01-01 00:00:00+00:00, run_after=2021-01-01 00:00:00+00:00
[2025-12-09T19:22:29.779+0000] {processor.py:208} INFO - Processing /home/airflow/.local/lib/python3.12/site-packages/airflow/example_dags/example_trigger_controller_dag.py took 0.197 seconds
[2025-12-09T19:23:00.357+0000] {processor.py:186} INFO - Started process (PID=1066) to work on /home/airflow/.local/lib/python3.12/site-packages/airflow/example_dags/example_trigger_controller_dag.py
[2025-12-09T19:23:00.388+0000] {processor.py:914} INFO - Processing file /home/airflow/.local/lib/python3.12/site-packages/airflow/example_dags/example_trigger_controller_dag.py for tasks to queue
[2025-12-09T19:23:00.392+0000] {logging_mixin.py:190} INFO - [2025-12-09T19:23:00.391+0000] {dagbag.py:587} INFO - Filling up the DagBag from /home/airflow/.local/lib/python3.12/site-packages/airflow/example_dags/example_trigger_controller_dag.py
[2025-12-09T19:23:00.404+0000] {processor.py:925} INFO - DAG(s) 'example_trigger_controller_dag' retrieved from /home/airflow/.local/lib/python3.12/site-packages/airflow/example_dags/example_trigger_controller_dag.py
[2025-12-09T19:23:00.436+0000] {logging_mixin.py:190} INFO - [2025-12-09T19:23:00.436+0000] {dag.py:3229} INFO - Sync 1 DAGs
[2025-12-09T19:23:00.468+0000] {logging_mixin.py:190} INFO - [2025-12-09T19:23:00.468+0000] {dag.py:4156} INFO - Setting next_dagrun for example_trigger_controller_dag to 2021-01-01 00:00:00+00:00, run_after=2021-01-01 00:00:00+00:00
[2025-12-09T19:23:00.530+0000] {processor.py:208} INFO - Processing /home/airflow/.local/lib/python3.12/site-packages/airflow/example_dags/example_trigger_controller_dag.py took 0.183 seconds
[2025-12-09T19:23:25.139+0000] {processor.py:186} INFO - Started process (PID=1123) to work on /home/airflow/.local/lib/python3.12/site-packages/airflow/example_dags/example_trigger_controller_dag.py
[2025-12-09T19:23:25.142+0000] {processor.py:914} INFO - Processing file /home/airflow/.local/lib/python3.12/site-packages/airflow/example_dags/example_trigger_controller_dag.py for tasks to queue
[2025-12-09T19:23:25.145+0000] {logging_mixin.py:190} INFO - [2025-12-09T19:23:25.145+0000] {dagbag.py:587} INFO - Filling up the DagBag from /home/airflow/.local/lib/python3.12/site-packages/airflow/example_dags/example_trigger_controller_dag.py
[2025-12-09T19:23:25.156+0000] {processor.py:925} INFO - DAG(s) 'example_trigger_controller_dag' retrieved from /home/airflow/.local/lib/python3.12/site-packages/airflow/example_dags/example_trigger_controller_dag.py
[2025-12-09T19:23:25.188+0000] {logging_mixin.py:190} INFO - [2025-12-09T19:23:25.188+0000] {dag.py:3229} INFO - Sync 1 DAGs
[2025-12-09T19:23:25.219+0000] {logging_mixin.py:190} INFO - [2025-12-09T19:23:25.218+0000] {dag.py:4156} INFO - Setting next_dagrun for example_trigger_controller_dag to 2021-01-01 00:00:00+00:00, run_after=2021-01-01 00:00:00+00:00
[2025-12-09T19:23:25.279+0000] {processor.py:208} INFO - Processing /home/airflow/.local/lib/python3.12/site-packages/airflow/example_dags/example_trigger_controller_dag.py took 0.148 seconds
[2025-12-09T19:23:56.159+0000] {processor.py:186} INFO - Started process (PID=1183) to work on /home/airflow/.local/lib/python3.12/site-packages/airflow/example_dags/example_trigger_controller_dag.py
[2025-12-09T19:23:56.194+0000] {processor.py:914} INFO - Processing file /home/airflow/.local/lib/python3.12/site-packages/airflow/example_dags/example_trigger_controller_dag.py for tasks to queue
[2025-12-09T19:23:56.200+0000] {logging_mixin.py:190} INFO - [2025-12-09T19:23:56.199+0000] {dagbag.py:587} INFO - Filling up the DagBag from /home/airflow/.local/lib/python3.12/site-packages/airflow/example_dags/example_trigger_controller_dag.py
[2025-12-09T19:23:56.216+0000] {processor.py:925} INFO - DAG(s) 'example_trigger_controller_dag' retrieved from /home/airflow/.local/lib/python3.12/site-packages/airflow/example_dags/example_trigger_controller_dag.py
[2025-12-09T19:23:56.261+0000] {logging_mixin.py:190} INFO - [2025-12-09T19:23:56.260+0000] {dag.py:3229} INFO - Sync 1 DAGs
[2025-12-09T19:23:56.305+0000] {logging_mixin.py:190} INFO - [2025-12-09T19:23:56.304+0000] {dag.py:4156} INFO - Setting next_dagrun for example_trigger_controller_dag to 2021-01-01 00:00:00+00:00, run_after=2021-01-01 00:00:00+00:00
[2025-12-09T19:23:56.359+0000] {processor.py:208} INFO - Processing /home/airflow/.local/lib/python3.12/site-packages/airflow/example_dags/example_trigger_controller_dag.py took 0.212 seconds
[2025-12-09T19:24:21.900+0000] {processor.py:186} INFO - Started process (PID=1242) to work on /home/airflow/.local/lib/python3.12/site-packages/airflow/example_dags/example_trigger_controller_dag.py
[2025-12-09T19:24:21.903+0000] {processor.py:914} INFO - Processing file /home/airflow/.local/lib/python3.12/site-packages/airflow/example_dags/example_trigger_controller_dag.py for tasks to queue
[2025-12-09T19:24:21.907+0000] {logging_mixin.py:190} INFO - [2025-12-09T19:24:21.906+0000] {dagbag.py:587} INFO - Filling up the DagBag from /home/airflow/.local/lib/python3.12/site-packages/airflow/example_dags/example_trigger_controller_dag.py
[2025-12-09T19:24:21.918+0000] {processor.py:925} INFO - DAG(s) 'example_trigger_controller_dag' retrieved from /home/airflow/.local/lib/python3.12/site-packages/airflow/example_dags/example_trigger_controller_dag.py
[2025-12-09T19:24:21.950+0000] {logging_mixin.py:190} INFO - [2025-12-09T19:24:21.949+0000] {dag.py:3229} INFO - Sync 1 DAGs
[2025-12-09T19:24:21.986+0000] {logging_mixin.py:190} INFO - [2025-12-09T19:24:21.985+0000] {dag.py:4156} INFO - Setting next_dagrun for example_trigger_controller_dag to 2021-01-01 00:00:00+00:00, run_after=2021-01-01 00:00:00+00:00
[2025-12-09T19:24:22.013+0000] {processor.py:208} INFO - Processing /home/airflow/.local/lib/python3.12/site-packages/airflow/example_dags/example_trigger_controller_dag.py took 0.122 seconds
[2025-12-09T19:24:52.715+0000] {processor.py:186} INFO - Started process (PID=1305) to work on /home/airflow/.local/lib/python3.12/site-packages/airflow/example_dags/example_trigger_controller_dag.py
[2025-12-09T19:24:52.746+0000] {processor.py:914} INFO - Processing file /home/airflow/.local/lib/python3.12/site-packages/airflow/example_dags/example_trigger_controller_dag.py for tasks to queue
[2025-12-09T19:24:52.750+0000] {logging_mixin.py:190} INFO - [2025-12-09T19:24:52.749+0000] {dagbag.py:587} INFO - Filling up the DagBag from /home/airflow/.local/lib/python3.12/site-packages/airflow/example_dags/example_trigger_controller_dag.py
[2025-12-09T19:24:52.762+0000] {processor.py:925} INFO - DAG(s) 'example_trigger_controller_dag' retrieved from /home/airflow/.local/lib/python3.12/site-packages/airflow/example_dags/example_trigger_controller_dag.py
[2025-12-09T19:24:52.796+0000] {logging_mixin.py:190} INFO - [2025-12-09T19:24:52.796+0000] {dag.py:3229} INFO - Sync 1 DAGs
[2025-12-09T19:24:52.829+0000] {logging_mixin.py:190} INFO - [2025-12-09T19:24:52.828+0000] {dag.py:4156} INFO - Setting next_dagrun for example_trigger_controller_dag to 2021-01-01 00:00:00+00:00, run_after=2021-01-01 00:00:00+00:00
[2025-12-09T19:24:52.880+0000] {processor.py:208} INFO - Processing /home/airflow/.local/lib/python3.12/site-packages/airflow/example_dags/example_trigger_controller_dag.py took 0.175 seconds
[2025-12-09T19:25:23.240+0000] {processor.py:186} INFO - Started process (PID=1365) to work on /home/airflow/.local/lib/python3.12/site-packages/airflow/example_dags/example_trigger_controller_dag.py
[2025-12-09T19:25:23.275+0000] {processor.py:914} INFO - Processing file /home/airflow/.local/lib/python3.12/site-packages/airflow/example_dags/example_trigger_controller_dag.py for tasks to queue
[2025-12-09T19:25:23.279+0000] {logging_mixin.py:190} INFO - [2025-12-09T19:25:23.278+0000] {dagbag.py:587} INFO - Filling up the DagBag from /home/airflow/.local/lib/python3.12/site-packages/airflow/example_dags/example_trigger_controller_dag.py
[2025-12-09T19:25:23.289+0000] {processor.py:925} INFO - DAG(s) 'example_trigger_controller_dag' retrieved from /home/airflow/.local/lib/python3.12/site-packages/airflow/example_dags/example_trigger_controller_dag.py
[2025-12-09T19:25:23.320+0000] {logging_mixin.py:190} INFO - [2025-12-09T19:25:23.320+0000] {dag.py:3229} INFO - Sync 1 DAGs
[2025-12-09T19:25:23.355+0000] {logging_mixin.py:190} INFO - [2025-12-09T19:25:23.354+0000] {dag.py:4156} INFO - Setting next_dagrun for example_trigger_controller_dag to 2021-01-01 00:00:00+00:00, run_after=2021-01-01 00:00:00+00:00
[2025-12-09T19:25:23.413+0000] {processor.py:208} INFO - Processing /home/airflow/.local/lib/python3.12/site-packages/airflow/example_dags/example_trigger_controller_dag.py took 0.183 seconds
[2025-12-09T19:25:53.947+0000] {processor.py:186} INFO - Started process (PID=1427) to work on /home/airflow/.local/lib/python3.12/site-packages/airflow/example_dags/example_trigger_controller_dag.py
[2025-12-09T19:25:53.950+0000] {processor.py:914} INFO - Processing file /home/airflow/.local/lib/python3.12/site-packages/airflow/example_dags/example_trigger_controller_dag.py for tasks to queue
[2025-12-09T19:25:53.954+0000] {logging_mixin.py:190} INFO - [2025-12-09T19:25:53.953+0000] {dagbag.py:587} INFO - Filling up the DagBag from /home/airflow/.local/lib/python3.12/site-packages/airflow/example_dags/example_trigger_controller_dag.py
[2025-12-09T19:25:53.966+0000] {processor.py:925} INFO - DAG(s) 'example_trigger_controller_dag' retrieved from /home/airflow/.local/lib/python3.12/site-packages/airflow/example_dags/example_trigger_controller_dag.py
[2025-12-09T19:25:54.003+0000] {logging_mixin.py:190} INFO - [2025-12-09T19:25:54.002+0000] {dag.py:3229} INFO - Sync 1 DAGs
[2025-12-09T19:25:54.039+0000] {logging_mixin.py:190} INFO - [2025-12-09T19:25:54.039+0000] {dag.py:4156} INFO - Setting next_dagrun for example_trigger_controller_dag to 2021-01-01 00:00:00+00:00, run_after=2021-01-01 00:00:00+00:00
[2025-12-09T19:25:54.076+0000] {processor.py:208} INFO - Processing /home/airflow/.local/lib/python3.12/site-packages/airflow/example_dags/example_trigger_controller_dag.py took 0.140 seconds
