[2025-12-09T19:15:32.445+0000] {processor.py:186} INFO - Started process (PID=82) to work on /home/airflow/.local/lib/python3.12/site-packages/airflow/example_dags/example_workday_timetable.py
[2025-12-09T19:15:32.446+0000] {processor.py:914} INFO - Processing file /home/airflow/.local/lib/python3.12/site-packages/airflow/example_dags/example_workday_timetable.py for tasks to queue
[2025-12-09T19:15:32.450+0000] {logging_mixin.py:190} INFO - [2025-12-09T19:15:32.450+0000] {dagbag.py:587} INFO - Filling up the DagBag from /home/airflow/.local/lib/python3.12/site-packages/airflow/example_dags/example_workday_timetable.py
[2025-12-09T19:15:32.461+0000] {processor.py:925} INFO - DAG(s) 'example_workday_timetable' retrieved from /home/airflow/.local/lib/python3.12/site-packages/airflow/example_dags/example_workday_timetable.py
[2025-12-09T19:15:32.644+0000] {logging_mixin.py:190} INFO - [2025-12-09T19:15:32.643+0000] {override.py:1900} INFO - Created Permission View: can read on DAG:example_workday_timetable
[2025-12-09T19:15:32.660+0000] {logging_mixin.py:190} INFO - [2025-12-09T19:15:32.660+0000] {override.py:1900} INFO - Created Permission View: can delete on DAG:example_workday_timetable
[2025-12-09T19:15:32.670+0000] {logging_mixin.py:190} INFO - [2025-12-09T19:15:32.670+0000] {override.py:1900} INFO - Created Permission View: can edit on DAG:example_workday_timetable
[2025-12-09T19:15:32.681+0000] {logging_mixin.py:190} INFO - [2025-12-09T19:15:32.681+0000] {override.py:1900} INFO - Created Permission View: can read on DAG Run:example_workday_timetable
[2025-12-09T19:15:32.690+0000] {logging_mixin.py:190} INFO - [2025-12-09T19:15:32.690+0000] {override.py:1900} INFO - Created Permission View: can delete on DAG Run:example_workday_timetable
[2025-12-09T19:15:32.700+0000] {logging_mixin.py:190} INFO - [2025-12-09T19:15:32.700+0000] {override.py:1900} INFO - Created Permission View: menu access on DAG Run:example_workday_timetable
[2025-12-09T19:15:32.709+0000] {logging_mixin.py:190} INFO - [2025-12-09T19:15:32.708+0000] {override.py:1900} INFO - Created Permission View: can create on DAG Run:example_workday_timetable
[2025-12-09T19:15:32.709+0000] {logging_mixin.py:190} INFO - [2025-12-09T19:15:32.709+0000] {dag.py:3229} INFO - Sync 1 DAGs
[2025-12-09T19:15:32.728+0000] {logging_mixin.py:190} INFO - [2025-12-09T19:15:32.727+0000] {dag.py:3252} INFO - Creating ORM DAG for example_workday_timetable
[2025-12-09T19:15:32.811+0000] {logging_mixin.py:190} INFO - [2025-12-09T19:15:32.811+0000] {dag.py:4156} INFO - Setting next_dagrun for example_workday_timetable to 2021-01-04 00:00:00+00:00, run_after=2021-01-05 00:00:00+00:00
[2025-12-09T19:15:32.839+0000] {processor.py:208} INFO - Processing /home/airflow/.local/lib/python3.12/site-packages/airflow/example_dags/example_workday_timetable.py took 0.404 seconds
[2025-12-09T19:16:11.572+0000] {processor.py:186} INFO - Started process (PID=150) to work on /home/airflow/.local/lib/python3.12/site-packages/airflow/example_dags/example_workday_timetable.py
[2025-12-09T19:16:11.606+0000] {processor.py:914} INFO - Processing file /home/airflow/.local/lib/python3.12/site-packages/airflow/example_dags/example_workday_timetable.py for tasks to queue
[2025-12-09T19:16:11.610+0000] {logging_mixin.py:190} INFO - [2025-12-09T19:16:11.610+0000] {dagbag.py:587} INFO - Filling up the DagBag from /home/airflow/.local/lib/python3.12/site-packages/airflow/example_dags/example_workday_timetable.py
[2025-12-09T19:16:11.619+0000] {processor.py:925} INFO - DAG(s) 'example_workday_timetable' retrieved from /home/airflow/.local/lib/python3.12/site-packages/airflow/example_dags/example_workday_timetable.py
[2025-12-09T19:16:11.662+0000] {logging_mixin.py:190} INFO - [2025-12-09T19:16:11.662+0000] {dag.py:3229} INFO - Sync 1 DAGs
[2025-12-09T19:16:11.759+0000] {logging_mixin.py:190} INFO - [2025-12-09T19:16:11.759+0000] {dag.py:4156} INFO - Setting next_dagrun for example_workday_timetable to 2021-01-04 00:00:00+00:00, run_after=2021-01-05 00:00:00+00:00
[2025-12-09T19:16:11.790+0000] {processor.py:208} INFO - Processing /home/airflow/.local/lib/python3.12/site-packages/airflow/example_dags/example_workday_timetable.py took 0.229 seconds
[2025-12-09T19:16:42.154+0000] {processor.py:186} INFO - Started process (PID=251) to work on /home/airflow/.local/lib/python3.12/site-packages/airflow/example_dags/example_workday_timetable.py
[2025-12-09T19:16:42.167+0000] {processor.py:914} INFO - Processing file /home/airflow/.local/lib/python3.12/site-packages/airflow/example_dags/example_workday_timetable.py for tasks to queue
[2025-12-09T19:16:42.171+0000] {logging_mixin.py:190} INFO - [2025-12-09T19:16:42.171+0000] {dagbag.py:587} INFO - Filling up the DagBag from /home/airflow/.local/lib/python3.12/site-packages/airflow/example_dags/example_workday_timetable.py
[2025-12-09T19:16:42.182+0000] {processor.py:925} INFO - DAG(s) 'example_workday_timetable' retrieved from /home/airflow/.local/lib/python3.12/site-packages/airflow/example_dags/example_workday_timetable.py
[2025-12-09T19:16:42.225+0000] {logging_mixin.py:190} INFO - [2025-12-09T19:16:42.224+0000] {dag.py:3229} INFO - Sync 1 DAGs
[2025-12-09T19:16:42.319+0000] {logging_mixin.py:190} INFO - [2025-12-09T19:16:42.319+0000] {dag.py:4156} INFO - Setting next_dagrun for example_workday_timetable to 2021-01-04 00:00:00+00:00, run_after=2021-01-05 00:00:00+00:00
[2025-12-09T19:16:42.349+0000] {processor.py:208} INFO - Processing /home/airflow/.local/lib/python3.12/site-packages/airflow/example_dags/example_workday_timetable.py took 0.208 seconds
[2025-12-09T19:17:12.515+0000] {processor.py:186} INFO - Started process (PID=307) to work on /home/airflow/.local/lib/python3.12/site-packages/airflow/example_dags/example_workday_timetable.py
[2025-12-09T19:17:12.536+0000] {processor.py:914} INFO - Processing file /home/airflow/.local/lib/python3.12/site-packages/airflow/example_dags/example_workday_timetable.py for tasks to queue
[2025-12-09T19:17:12.540+0000] {logging_mixin.py:190} INFO - [2025-12-09T19:17:12.539+0000] {dagbag.py:587} INFO - Filling up the DagBag from /home/airflow/.local/lib/python3.12/site-packages/airflow/example_dags/example_workday_timetable.py
[2025-12-09T19:17:12.548+0000] {processor.py:925} INFO - DAG(s) 'example_workday_timetable' retrieved from /home/airflow/.local/lib/python3.12/site-packages/airflow/example_dags/example_workday_timetable.py
[2025-12-09T19:17:12.580+0000] {logging_mixin.py:190} INFO - [2025-12-09T19:17:12.579+0000] {dag.py:3229} INFO - Sync 1 DAGs
[2025-12-09T19:17:12.670+0000] {logging_mixin.py:190} INFO - [2025-12-09T19:17:12.670+0000] {dag.py:4156} INFO - Setting next_dagrun for example_workday_timetable to 2021-01-04 00:00:00+00:00, run_after=2021-01-05 00:00:00+00:00
[2025-12-09T19:17:12.699+0000] {processor.py:208} INFO - Processing /home/airflow/.local/lib/python3.12/site-packages/airflow/example_dags/example_workday_timetable.py took 0.194 seconds
[2025-12-09T19:17:46.836+0000] {processor.py:186} INFO - Started process (PID=365) to work on /home/airflow/.local/lib/python3.12/site-packages/airflow/example_dags/example_workday_timetable.py
[2025-12-09T19:17:46.855+0000] {processor.py:914} INFO - Processing file /home/airflow/.local/lib/python3.12/site-packages/airflow/example_dags/example_workday_timetable.py for tasks to queue
[2025-12-09T19:17:46.860+0000] {logging_mixin.py:190} INFO - [2025-12-09T19:17:46.859+0000] {dagbag.py:587} INFO - Filling up the DagBag from /home/airflow/.local/lib/python3.12/site-packages/airflow/example_dags/example_workday_timetable.py
[2025-12-09T19:17:46.870+0000] {processor.py:925} INFO - DAG(s) 'example_workday_timetable' retrieved from /home/airflow/.local/lib/python3.12/site-packages/airflow/example_dags/example_workday_timetable.py
[2025-12-09T19:17:46.907+0000] {logging_mixin.py:190} INFO - [2025-12-09T19:17:46.907+0000] {dag.py:3229} INFO - Sync 1 DAGs
[2025-12-09T19:17:38.367+0000] {logging_mixin.py:190} INFO - [2025-12-09T19:17:38.367+0000] {dag.py:4156} INFO - Setting next_dagrun for example_workday_timetable to 2021-01-04 00:00:00+00:00, run_after=2021-01-05 00:00:00+00:00
[2025-12-09T19:17:38.396+0000] {processor.py:208} INFO - Processing /home/airflow/.local/lib/python3.12/site-packages/airflow/example_dags/example_workday_timetable.py took 0.202 seconds
[2025-12-09T19:18:03.576+0000] {processor.py:186} INFO - Started process (PID=420) to work on /home/airflow/.local/lib/python3.12/site-packages/airflow/example_dags/example_workday_timetable.py
[2025-12-09T19:18:03.587+0000] {processor.py:914} INFO - Processing file /home/airflow/.local/lib/python3.12/site-packages/airflow/example_dags/example_workday_timetable.py for tasks to queue
[2025-12-09T19:18:03.591+0000] {logging_mixin.py:190} INFO - [2025-12-09T19:18:03.590+0000] {dagbag.py:587} INFO - Filling up the DagBag from /home/airflow/.local/lib/python3.12/site-packages/airflow/example_dags/example_workday_timetable.py
[2025-12-09T19:18:03.601+0000] {processor.py:925} INFO - DAG(s) 'example_workday_timetable' retrieved from /home/airflow/.local/lib/python3.12/site-packages/airflow/example_dags/example_workday_timetable.py
[2025-12-09T19:18:03.642+0000] {logging_mixin.py:190} INFO - [2025-12-09T19:18:03.642+0000] {dag.py:3229} INFO - Sync 1 DAGs
[2025-12-09T19:18:03.736+0000] {logging_mixin.py:190} INFO - [2025-12-09T19:18:03.735+0000] {dag.py:4156} INFO - Setting next_dagrun for example_workday_timetable to 2021-01-04 00:00:00+00:00, run_after=2021-01-05 00:00:00+00:00
[2025-12-09T19:18:03.775+0000] {processor.py:208} INFO - Processing /home/airflow/.local/lib/python3.12/site-packages/airflow/example_dags/example_workday_timetable.py took 0.211 seconds
[2025-12-09T19:18:33.490+0000] {processor.py:186} INFO - Started process (PID=481) to work on /home/airflow/.local/lib/python3.12/site-packages/airflow/example_dags/example_workday_timetable.py
[2025-12-09T19:18:33.493+0000] {processor.py:914} INFO - Processing file /home/airflow/.local/lib/python3.12/site-packages/airflow/example_dags/example_workday_timetable.py for tasks to queue
[2025-12-09T19:18:33.498+0000] {logging_mixin.py:190} INFO - [2025-12-09T19:18:33.497+0000] {dagbag.py:587} INFO - Filling up the DagBag from /home/airflow/.local/lib/python3.12/site-packages/airflow/example_dags/example_workday_timetable.py
[2025-12-09T19:18:33.508+0000] {processor.py:925} INFO - DAG(s) 'example_workday_timetable' retrieved from /home/airflow/.local/lib/python3.12/site-packages/airflow/example_dags/example_workday_timetable.py
[2025-12-09T19:18:33.545+0000] {logging_mixin.py:190} INFO - [2025-12-09T19:18:33.545+0000] {dag.py:3229} INFO - Sync 1 DAGs
[2025-12-09T19:18:33.648+0000] {logging_mixin.py:190} INFO - [2025-12-09T19:18:33.647+0000] {dag.py:4156} INFO - Setting next_dagrun for example_workday_timetable to 2021-01-04 00:00:00+00:00, run_after=2021-01-05 00:00:00+00:00
[2025-12-09T19:18:33.683+0000] {processor.py:208} INFO - Processing /home/airflow/.local/lib/python3.12/site-packages/airflow/example_dags/example_workday_timetable.py took 0.204 seconds
[2025-12-09T19:18:58.482+0000] {processor.py:186} INFO - Started process (PID=537) to work on /home/airflow/.local/lib/python3.12/site-packages/airflow/example_dags/example_workday_timetable.py
[2025-12-09T19:18:58.484+0000] {processor.py:914} INFO - Processing file /home/airflow/.local/lib/python3.12/site-packages/airflow/example_dags/example_workday_timetable.py for tasks to queue
[2025-12-09T19:18:58.488+0000] {logging_mixin.py:190} INFO - [2025-12-09T19:18:58.487+0000] {dagbag.py:587} INFO - Filling up the DagBag from /home/airflow/.local/lib/python3.12/site-packages/airflow/example_dags/example_workday_timetable.py
[2025-12-09T19:18:58.497+0000] {processor.py:925} INFO - DAG(s) 'example_workday_timetable' retrieved from /home/airflow/.local/lib/python3.12/site-packages/airflow/example_dags/example_workday_timetable.py
[2025-12-09T19:18:58.529+0000] {logging_mixin.py:190} INFO - [2025-12-09T19:18:58.528+0000] {dag.py:3229} INFO - Sync 1 DAGs
[2025-12-09T19:18:58.615+0000] {logging_mixin.py:190} INFO - [2025-12-09T19:18:58.614+0000] {dag.py:4156} INFO - Setting next_dagrun for example_workday_timetable to 2021-01-04 00:00:00+00:00, run_after=2021-01-05 00:00:00+00:00
[2025-12-09T19:18:58.639+0000] {processor.py:208} INFO - Processing /home/airflow/.local/lib/python3.12/site-packages/airflow/example_dags/example_workday_timetable.py took 0.168 seconds
[2025-12-09T19:19:23.576+0000] {processor.py:186} INFO - Started process (PID=590) to work on /home/airflow/.local/lib/python3.12/site-packages/airflow/example_dags/example_workday_timetable.py
[2025-12-09T19:19:23.578+0000] {processor.py:914} INFO - Processing file /home/airflow/.local/lib/python3.12/site-packages/airflow/example_dags/example_workday_timetable.py for tasks to queue
[2025-12-09T19:19:23.582+0000] {logging_mixin.py:190} INFO - [2025-12-09T19:19:23.581+0000] {dagbag.py:587} INFO - Filling up the DagBag from /home/airflow/.local/lib/python3.12/site-packages/airflow/example_dags/example_workday_timetable.py
[2025-12-09T19:19:23.591+0000] {processor.py:925} INFO - DAG(s) 'example_workday_timetable' retrieved from /home/airflow/.local/lib/python3.12/site-packages/airflow/example_dags/example_workday_timetable.py
[2025-12-09T19:19:23.627+0000] {logging_mixin.py:190} INFO - [2025-12-09T19:19:23.626+0000] {dag.py:3229} INFO - Sync 1 DAGs
[2025-12-09T19:19:23.706+0000] {logging_mixin.py:190} INFO - [2025-12-09T19:19:23.706+0000] {dag.py:4156} INFO - Setting next_dagrun for example_workday_timetable to 2021-01-04 00:00:00+00:00, run_after=2021-01-05 00:00:00+00:00
[2025-12-09T19:19:23.733+0000] {processor.py:208} INFO - Processing /home/airflow/.local/lib/python3.12/site-packages/airflow/example_dags/example_workday_timetable.py took 0.169 seconds
[2025-12-09T19:19:56.960+0000] {processor.py:186} INFO - Started process (PID=639) to work on /home/airflow/.local/lib/python3.12/site-packages/airflow/example_dags/example_workday_timetable.py
[2025-12-09T19:19:56.980+0000] {processor.py:914} INFO - Processing file /home/airflow/.local/lib/python3.12/site-packages/airflow/example_dags/example_workday_timetable.py for tasks to queue
[2025-12-09T19:19:56.984+0000] {logging_mixin.py:190} INFO - [2025-12-09T19:19:56.983+0000] {dagbag.py:587} INFO - Filling up the DagBag from /home/airflow/.local/lib/python3.12/site-packages/airflow/example_dags/example_workday_timetable.py
[2025-12-09T19:19:56.993+0000] {processor.py:925} INFO - DAG(s) 'example_workday_timetable' retrieved from /home/airflow/.local/lib/python3.12/site-packages/airflow/example_dags/example_workday_timetable.py
[2025-12-09T19:19:57.026+0000] {logging_mixin.py:190} INFO - [2025-12-09T19:19:57.026+0000] {dag.py:3229} INFO - Sync 1 DAGs
[2025-12-09T19:19:48.501+0000] {logging_mixin.py:190} INFO - [2025-12-09T19:19:48.501+0000] {dag.py:4156} INFO - Setting next_dagrun for example_workday_timetable to 2021-01-04 00:00:00+00:00, run_after=2021-01-05 00:00:00+00:00
[2025-12-09T19:19:48.547+0000] {processor.py:208} INFO - Processing /home/airflow/.local/lib/python3.12/site-packages/airflow/example_dags/example_workday_timetable.py took 0.204 seconds
[2025-12-09T19:20:26.718+0000] {processor.py:186} INFO - Started process (PID=701) to work on /home/airflow/.local/lib/python3.12/site-packages/airflow/example_dags/example_workday_timetable.py
[2025-12-09T19:20:26.721+0000] {processor.py:914} INFO - Processing file /home/airflow/.local/lib/python3.12/site-packages/airflow/example_dags/example_workday_timetable.py for tasks to queue
[2025-12-09T19:20:26.726+0000] {logging_mixin.py:190} INFO - [2025-12-09T19:20:26.726+0000] {dagbag.py:587} INFO - Filling up the DagBag from /home/airflow/.local/lib/python3.12/site-packages/airflow/example_dags/example_workday_timetable.py
[2025-12-09T19:20:26.738+0000] {processor.py:925} INFO - DAG(s) 'example_workday_timetable' retrieved from /home/airflow/.local/lib/python3.12/site-packages/airflow/example_dags/example_workday_timetable.py
[2025-12-09T19:20:26.778+0000] {logging_mixin.py:190} INFO - [2025-12-09T19:20:26.777+0000] {dag.py:3229} INFO - Sync 1 DAGs
[2025-12-09T19:20:26.871+0000] {logging_mixin.py:190} INFO - [2025-12-09T19:20:26.871+0000] {dag.py:4156} INFO - Setting next_dagrun for example_workday_timetable to 2021-01-04 00:00:00+00:00, run_after=2021-01-05 00:00:00+00:00
[2025-12-09T19:20:26.902+0000] {processor.py:208} INFO - Processing /home/airflow/.local/lib/python3.12/site-packages/airflow/example_dags/example_workday_timetable.py took 0.196 seconds
[2025-12-09T19:20:57.251+0000] {processor.py:186} INFO - Started process (PID=790) to work on /home/airflow/.local/lib/python3.12/site-packages/airflow/example_dags/example_workday_timetable.py
[2025-12-09T19:20:57.268+0000] {processor.py:914} INFO - Processing file /home/airflow/.local/lib/python3.12/site-packages/airflow/example_dags/example_workday_timetable.py for tasks to queue
[2025-12-09T19:20:57.272+0000] {logging_mixin.py:190} INFO - [2025-12-09T19:20:57.272+0000] {dagbag.py:587} INFO - Filling up the DagBag from /home/airflow/.local/lib/python3.12/site-packages/airflow/example_dags/example_workday_timetable.py
[2025-12-09T19:20:57.285+0000] {processor.py:925} INFO - DAG(s) 'example_workday_timetable' retrieved from /home/airflow/.local/lib/python3.12/site-packages/airflow/example_dags/example_workday_timetable.py
[2025-12-09T19:20:57.329+0000] {logging_mixin.py:190} INFO - [2025-12-09T19:20:57.328+0000] {dag.py:3229} INFO - Sync 1 DAGs
[2025-12-09T19:20:57.415+0000] {logging_mixin.py:190} INFO - [2025-12-09T19:20:57.414+0000] {dag.py:4156} INFO - Setting next_dagrun for example_workday_timetable to 2021-01-04 00:00:00+00:00, run_after=2021-01-05 00:00:00+00:00
[2025-12-09T19:20:57.450+0000] {processor.py:208} INFO - Processing /home/airflow/.local/lib/python3.12/site-packages/airflow/example_dags/example_workday_timetable.py took 0.210 seconds
[2025-12-09T19:21:28.365+0000] {processor.py:186} INFO - Started process (PID=852) to work on /home/airflow/.local/lib/python3.12/site-packages/airflow/example_dags/example_workday_timetable.py
[2025-12-09T19:21:28.381+0000] {processor.py:914} INFO - Processing file /home/airflow/.local/lib/python3.12/site-packages/airflow/example_dags/example_workday_timetable.py for tasks to queue
[2025-12-09T19:21:28.386+0000] {logging_mixin.py:190} INFO - [2025-12-09T19:21:28.386+0000] {dagbag.py:587} INFO - Filling up the DagBag from /home/airflow/.local/lib/python3.12/site-packages/airflow/example_dags/example_workday_timetable.py
[2025-12-09T19:21:28.400+0000] {processor.py:925} INFO - DAG(s) 'example_workday_timetable' retrieved from /home/airflow/.local/lib/python3.12/site-packages/airflow/example_dags/example_workday_timetable.py
[2025-12-09T19:21:28.445+0000] {logging_mixin.py:190} INFO - [2025-12-09T19:21:28.445+0000] {dag.py:3229} INFO - Sync 1 DAGs
[2025-12-09T19:21:28.557+0000] {logging_mixin.py:190} INFO - [2025-12-09T19:21:28.557+0000] {dag.py:4156} INFO - Setting next_dagrun for example_workday_timetable to 2021-01-04 00:00:00+00:00, run_after=2021-01-05 00:00:00+00:00
[2025-12-09T19:21:28.589+0000] {processor.py:208} INFO - Processing /home/airflow/.local/lib/python3.12/site-packages/airflow/example_dags/example_workday_timetable.py took 0.238 seconds
[2025-12-09T19:21:53.821+0000] {processor.py:186} INFO - Started process (PID=917) to work on /home/airflow/.local/lib/python3.12/site-packages/airflow/example_dags/example_workday_timetable.py
[2025-12-09T19:21:53.823+0000] {processor.py:914} INFO - Processing file /home/airflow/.local/lib/python3.12/site-packages/airflow/example_dags/example_workday_timetable.py for tasks to queue
[2025-12-09T19:21:53.828+0000] {logging_mixin.py:190} INFO - [2025-12-09T19:21:53.827+0000] {dagbag.py:587} INFO - Filling up the DagBag from /home/airflow/.local/lib/python3.12/site-packages/airflow/example_dags/example_workday_timetable.py
[2025-12-09T19:21:53.839+0000] {processor.py:925} INFO - DAG(s) 'example_workday_timetable' retrieved from /home/airflow/.local/lib/python3.12/site-packages/airflow/example_dags/example_workday_timetable.py
[2025-12-09T19:21:53.868+0000] {logging_mixin.py:190} INFO - [2025-12-09T19:21:53.868+0000] {dag.py:3229} INFO - Sync 1 DAGs
[2025-12-09T19:21:53.965+0000] {logging_mixin.py:190} INFO - [2025-12-09T19:21:53.964+0000] {dag.py:4156} INFO - Setting next_dagrun for example_workday_timetable to 2021-01-04 00:00:00+00:00, run_after=2021-01-05 00:00:00+00:00
[2025-12-09T19:21:54.009+0000] {processor.py:208} INFO - Processing /home/airflow/.local/lib/python3.12/site-packages/airflow/example_dags/example_workday_timetable.py took 0.198 seconds
[2025-12-09T19:22:24.435+0000] {processor.py:186} INFO - Started process (PID=977) to work on /home/airflow/.local/lib/python3.12/site-packages/airflow/example_dags/example_workday_timetable.py
[2025-12-09T19:22:24.466+0000] {processor.py:914} INFO - Processing file /home/airflow/.local/lib/python3.12/site-packages/airflow/example_dags/example_workday_timetable.py for tasks to queue
[2025-12-09T19:22:24.470+0000] {logging_mixin.py:190} INFO - [2025-12-09T19:22:24.470+0000] {dagbag.py:587} INFO - Filling up the DagBag from /home/airflow/.local/lib/python3.12/site-packages/airflow/example_dags/example_workday_timetable.py
[2025-12-09T19:22:24.480+0000] {processor.py:925} INFO - DAG(s) 'example_workday_timetable' retrieved from /home/airflow/.local/lib/python3.12/site-packages/airflow/example_dags/example_workday_timetable.py
[2025-12-09T19:22:24.512+0000] {logging_mixin.py:190} INFO - [2025-12-09T19:22:24.511+0000] {dag.py:3229} INFO - Sync 1 DAGs
[2025-12-09T19:22:24.590+0000] {logging_mixin.py:190} INFO - [2025-12-09T19:22:24.589+0000] {dag.py:4156} INFO - Setting next_dagrun for example_workday_timetable to 2021-01-04 00:00:00+00:00, run_after=2021-01-05 00:00:00+00:00
[2025-12-09T19:22:24.657+0000] {processor.py:208} INFO - Processing /home/airflow/.local/lib/python3.12/site-packages/airflow/example_dags/example_workday_timetable.py took 0.230 seconds
[2025-12-09T19:22:57.182+0000] {processor.py:186} INFO - Started process (PID=1014) to work on /home/airflow/.local/lib/python3.12/site-packages/airflow/example_dags/example_workday_timetable.py
[2025-12-09T19:22:57.216+0000] {processor.py:914} INFO - Processing file /home/airflow/.local/lib/python3.12/site-packages/airflow/example_dags/example_workday_timetable.py for tasks to queue
[2025-12-09T19:22:57.219+0000] {logging_mixin.py:190} INFO - [2025-12-09T19:22:57.219+0000] {dagbag.py:587} INFO - Filling up the DagBag from /home/airflow/.local/lib/python3.12/site-packages/airflow/example_dags/example_workday_timetable.py
[2025-12-09T19:22:57.228+0000] {processor.py:925} INFO - DAG(s) 'example_workday_timetable' retrieved from /home/airflow/.local/lib/python3.12/site-packages/airflow/example_dags/example_workday_timetable.py
[2025-12-09T19:22:57.261+0000] {logging_mixin.py:190} INFO - [2025-12-09T19:22:57.261+0000] {dag.py:3229} INFO - Sync 1 DAGs
[2025-12-09T19:22:57.338+0000] {logging_mixin.py:190} INFO - [2025-12-09T19:22:57.337+0000] {dag.py:4156} INFO - Setting next_dagrun for example_workday_timetable to 2021-01-04 00:00:00+00:00, run_after=2021-01-05 00:00:00+00:00
[2025-12-09T19:22:57.365+0000] {processor.py:208} INFO - Processing /home/airflow/.local/lib/python3.12/site-packages/airflow/example_dags/example_workday_timetable.py took 0.192 seconds
[2025-12-09T19:23:32.330+0000] {processor.py:186} INFO - Started process (PID=1112) to work on /home/airflow/.local/lib/python3.12/site-packages/airflow/example_dags/example_workday_timetable.py
[2025-12-09T19:23:32.360+0000] {processor.py:914} INFO - Processing file /home/airflow/.local/lib/python3.12/site-packages/airflow/example_dags/example_workday_timetable.py for tasks to queue
[2025-12-09T19:23:32.365+0000] {logging_mixin.py:190} INFO - [2025-12-09T19:23:32.364+0000] {dagbag.py:587} INFO - Filling up the DagBag from /home/airflow/.local/lib/python3.12/site-packages/airflow/example_dags/example_workday_timetable.py
[2025-12-09T19:23:32.375+0000] {processor.py:925} INFO - DAG(s) 'example_workday_timetable' retrieved from /home/airflow/.local/lib/python3.12/site-packages/airflow/example_dags/example_workday_timetable.py
[2025-12-09T19:23:23.848+0000] {logging_mixin.py:190} INFO - [2025-12-09T19:23:23.848+0000] {dag.py:3229} INFO - Sync 1 DAGs
[2025-12-09T19:23:23.936+0000] {logging_mixin.py:190} INFO - [2025-12-09T19:23:23.935+0000] {dag.py:4156} INFO - Setting next_dagrun for example_workday_timetable to 2021-01-04 00:00:00+00:00, run_after=2021-01-05 00:00:00+00:00
[2025-12-09T19:23:23.961+0000] {processor.py:208} INFO - Processing /home/airflow/.local/lib/python3.12/site-packages/airflow/example_dags/example_workday_timetable.py took 0.206 seconds
[2025-12-09T19:24:02.191+0000] {processor.py:186} INFO - Started process (PID=1166) to work on /home/airflow/.local/lib/python3.12/site-packages/airflow/example_dags/example_workday_timetable.py
[2025-12-09T19:24:02.193+0000] {processor.py:914} INFO - Processing file /home/airflow/.local/lib/python3.12/site-packages/airflow/example_dags/example_workday_timetable.py for tasks to queue
[2025-12-09T19:24:02.197+0000] {logging_mixin.py:190} INFO - [2025-12-09T19:24:02.196+0000] {dagbag.py:587} INFO - Filling up the DagBag from /home/airflow/.local/lib/python3.12/site-packages/airflow/example_dags/example_workday_timetable.py
[2025-12-09T19:24:02.204+0000] {processor.py:925} INFO - DAG(s) 'example_workday_timetable' retrieved from /home/airflow/.local/lib/python3.12/site-packages/airflow/example_dags/example_workday_timetable.py
[2025-12-09T19:24:02.238+0000] {logging_mixin.py:190} INFO - [2025-12-09T19:24:02.238+0000] {dag.py:3229} INFO - Sync 1 DAGs
[2025-12-09T19:24:02.335+0000] {logging_mixin.py:190} INFO - [2025-12-09T19:24:02.335+0000] {dag.py:4156} INFO - Setting next_dagrun for example_workday_timetable to 2021-01-04 00:00:00+00:00, run_after=2021-01-05 00:00:00+00:00
[2025-12-09T19:24:02.367+0000] {processor.py:208} INFO - Processing /home/airflow/.local/lib/python3.12/site-packages/airflow/example_dags/example_workday_timetable.py took 0.186 seconds
[2025-12-09T19:24:32.556+0000] {processor.py:186} INFO - Started process (PID=1249) to work on /home/airflow/.local/lib/python3.12/site-packages/airflow/example_dags/example_workday_timetable.py
[2025-12-09T19:24:23.926+0000] {processor.py:914} INFO - Processing file /home/airflow/.local/lib/python3.12/site-packages/airflow/example_dags/example_workday_timetable.py for tasks to queue
[2025-12-09T19:24:23.930+0000] {logging_mixin.py:190} INFO - [2025-12-09T19:24:23.930+0000] {dagbag.py:587} INFO - Filling up the DagBag from /home/airflow/.local/lib/python3.12/site-packages/airflow/example_dags/example_workday_timetable.py
[2025-12-09T19:24:23.938+0000] {processor.py:925} INFO - DAG(s) 'example_workday_timetable' retrieved from /home/airflow/.local/lib/python3.12/site-packages/airflow/example_dags/example_workday_timetable.py
[2025-12-09T19:24:23.972+0000] {logging_mixin.py:190} INFO - [2025-12-09T19:24:23.972+0000] {dag.py:3229} INFO - Sync 1 DAGs
[2025-12-09T19:24:24.059+0000] {logging_mixin.py:190} INFO - [2025-12-09T19:24:24.059+0000] {dag.py:4156} INFO - Setting next_dagrun for example_workday_timetable to 2021-01-04 00:00:00+00:00, run_after=2021-01-05 00:00:00+00:00
[2025-12-09T19:24:24.090+0000] {processor.py:208} INFO - Processing /home/airflow/.local/lib/python3.12/site-packages/airflow/example_dags/example_workday_timetable.py took 0.195 seconds
[2025-12-09T19:24:57.387+0000] {processor.py:186} INFO - Started process (PID=1282) to work on /home/airflow/.local/lib/python3.12/site-packages/airflow/example_dags/example_workday_timetable.py
[2025-12-09T19:24:57.389+0000] {processor.py:914} INFO - Processing file /home/airflow/.local/lib/python3.12/site-packages/airflow/example_dags/example_workday_timetable.py for tasks to queue
[2025-12-09T19:24:57.394+0000] {logging_mixin.py:190} INFO - [2025-12-09T19:24:57.393+0000] {dagbag.py:587} INFO - Filling up the DagBag from /home/airflow/.local/lib/python3.12/site-packages/airflow/example_dags/example_workday_timetable.py
[2025-12-09T19:24:57.403+0000] {processor.py:925} INFO - DAG(s) 'example_workday_timetable' retrieved from /home/airflow/.local/lib/python3.12/site-packages/airflow/example_dags/example_workday_timetable.py
[2025-12-09T19:24:57.434+0000] {logging_mixin.py:190} INFO - [2025-12-09T19:24:57.433+0000] {dag.py:3229} INFO - Sync 1 DAGs
[2025-12-09T19:24:57.514+0000] {logging_mixin.py:190} INFO - [2025-12-09T19:24:57.513+0000] {dag.py:4156} INFO - Setting next_dagrun for example_workday_timetable to 2021-01-04 00:00:00+00:00, run_after=2021-01-05 00:00:00+00:00
[2025-12-09T19:24:57.539+0000] {processor.py:208} INFO - Processing /home/airflow/.local/lib/python3.12/site-packages/airflow/example_dags/example_workday_timetable.py took 0.161 seconds
[2025-12-09T19:25:28.026+0000] {processor.py:186} INFO - Started process (PID=1378) to work on /home/airflow/.local/lib/python3.12/site-packages/airflow/example_dags/example_workday_timetable.py
[2025-12-09T19:25:28.039+0000] {processor.py:914} INFO - Processing file /home/airflow/.local/lib/python3.12/site-packages/airflow/example_dags/example_workday_timetable.py for tasks to queue
[2025-12-09T19:25:28.046+0000] {logging_mixin.py:190} INFO - [2025-12-09T19:25:28.046+0000] {dagbag.py:587} INFO - Filling up the DagBag from /home/airflow/.local/lib/python3.12/site-packages/airflow/example_dags/example_workday_timetable.py
[2025-12-09T19:25:28.060+0000] {processor.py:925} INFO - DAG(s) 'example_workday_timetable' retrieved from /home/airflow/.local/lib/python3.12/site-packages/airflow/example_dags/example_workday_timetable.py
[2025-12-09T19:25:28.106+0000] {logging_mixin.py:190} INFO - [2025-12-09T19:25:28.105+0000] {dag.py:3229} INFO - Sync 1 DAGs
[2025-12-09T19:25:28.224+0000] {logging_mixin.py:190} INFO - [2025-12-09T19:25:28.224+0000] {dag.py:4156} INFO - Setting next_dagrun for example_workday_timetable to 2021-01-04 00:00:00+00:00, run_after=2021-01-05 00:00:00+00:00
[2025-12-09T19:25:28.254+0000] {processor.py:208} INFO - Processing /home/airflow/.local/lib/python3.12/site-packages/airflow/example_dags/example_workday_timetable.py took 0.242 seconds
[2025-12-09T19:25:58.538+0000] {processor.py:186} INFO - Started process (PID=1440) to work on /home/airflow/.local/lib/python3.12/site-packages/airflow/example_dags/example_workday_timetable.py
[2025-12-09T19:25:58.543+0000] {processor.py:914} INFO - Processing file /home/airflow/.local/lib/python3.12/site-packages/airflow/example_dags/example_workday_timetable.py for tasks to queue
[2025-12-09T19:25:58.547+0000] {logging_mixin.py:190} INFO - [2025-12-09T19:25:58.546+0000] {dagbag.py:587} INFO - Filling up the DagBag from /home/airflow/.local/lib/python3.12/site-packages/airflow/example_dags/example_workday_timetable.py
[2025-12-09T19:25:58.555+0000] {processor.py:925} INFO - DAG(s) 'example_workday_timetable' retrieved from /home/airflow/.local/lib/python3.12/site-packages/airflow/example_dags/example_workday_timetable.py
[2025-12-09T19:25:58.594+0000] {logging_mixin.py:190} INFO - [2025-12-09T19:25:58.593+0000] {dag.py:3229} INFO - Sync 1 DAGs
[2025-12-09T19:25:58.703+0000] {logging_mixin.py:190} INFO - [2025-12-09T19:25:58.702+0000] {dag.py:4156} INFO - Setting next_dagrun for example_workday_timetable to 2021-01-04 00:00:00+00:00, run_after=2021-01-05 00:00:00+00:00
[2025-12-09T19:25:58.739+0000] {processor.py:208} INFO - Processing /home/airflow/.local/lib/python3.12/site-packages/airflow/example_dags/example_workday_timetable.py took 0.209 seconds
