[2025-12-09T19:15:31.983+0000] {processor.py:186} INFO - Started process (PID=80) to work on /home/airflow/.local/lib/python3.12/site-packages/airflow/example_dags/example_external_task_marker_dag.py
[2025-12-09T19:15:31.984+0000] {processor.py:914} INFO - Processing file /home/airflow/.local/lib/python3.12/site-packages/airflow/example_dags/example_external_task_marker_dag.py for tasks to queue
[2025-12-09T19:15:31.989+0000] {logging_mixin.py:190} INFO - [2025-12-09T19:15:31.989+0000] {dagbag.py:587} INFO - Filling up the DagBag from /home/airflow/.local/lib/python3.12/site-packages/airflow/example_dags/example_external_task_marker_dag.py
[2025-12-09T19:15:32.006+0000] {processor.py:925} INFO - DAG(s) 'example_external_task_marker_child', 'example_external_task_marker_parent' retrieved from /home/airflow/.local/lib/python3.12/site-packages/airflow/example_dags/example_external_task_marker_dag.py
[2025-12-09T19:15:32.213+0000] {logging_mixin.py:190} INFO - [2025-12-09T19:15:32.212+0000] {override.py:1900} INFO - Created Permission View: can read on DAG:example_external_task_marker_child
[2025-12-09T19:15:32.229+0000] {logging_mixin.py:190} INFO - [2025-12-09T19:15:32.229+0000] {override.py:1900} INFO - Created Permission View: can delete on DAG:example_external_task_marker_child
[2025-12-09T19:15:32.239+0000] {logging_mixin.py:190} INFO - [2025-12-09T19:15:32.239+0000] {override.py:1900} INFO - Created Permission View: can edit on DAG:example_external_task_marker_child
[2025-12-09T19:15:32.251+0000] {logging_mixin.py:190} INFO - [2025-12-09T19:15:32.251+0000] {override.py:1900} INFO - Created Permission View: can read on DAG Run:example_external_task_marker_child
[2025-12-09T19:15:32.262+0000] {logging_mixin.py:190} INFO - [2025-12-09T19:15:32.261+0000] {override.py:1900} INFO - Created Permission View: can delete on DAG Run:example_external_task_marker_child
[2025-12-09T19:15:32.272+0000] {logging_mixin.py:190} INFO - [2025-12-09T19:15:32.272+0000] {override.py:1900} INFO - Created Permission View: menu access on DAG Run:example_external_task_marker_child
[2025-12-09T19:15:32.283+0000] {logging_mixin.py:190} INFO - [2025-12-09T19:15:32.282+0000] {override.py:1900} INFO - Created Permission View: can create on DAG Run:example_external_task_marker_child
[2025-12-09T19:15:32.301+0000] {logging_mixin.py:190} INFO - [2025-12-09T19:15:32.301+0000] {override.py:1900} INFO - Created Permission View: can read on DAG:example_external_task_marker_parent
[2025-12-09T19:15:32.311+0000] {logging_mixin.py:190} INFO - [2025-12-09T19:15:32.311+0000] {override.py:1900} INFO - Created Permission View: can delete on DAG:example_external_task_marker_parent
[2025-12-09T19:15:32.321+0000] {logging_mixin.py:190} INFO - [2025-12-09T19:15:32.321+0000] {override.py:1900} INFO - Created Permission View: can edit on DAG:example_external_task_marker_parent
[2025-12-09T19:15:32.333+0000] {logging_mixin.py:190} INFO - [2025-12-09T19:15:32.333+0000] {override.py:1900} INFO - Created Permission View: can read on DAG Run:example_external_task_marker_parent
[2025-12-09T19:15:32.342+0000] {logging_mixin.py:190} INFO - [2025-12-09T19:15:32.342+0000] {override.py:1900} INFO - Created Permission View: can delete on DAG Run:example_external_task_marker_parent
[2025-12-09T19:15:32.350+0000] {logging_mixin.py:190} INFO - [2025-12-09T19:15:32.350+0000] {override.py:1900} INFO - Created Permission View: menu access on DAG Run:example_external_task_marker_parent
[2025-12-09T19:15:32.360+0000] {logging_mixin.py:190} INFO - [2025-12-09T19:15:32.359+0000] {override.py:1900} INFO - Created Permission View: can create on DAG Run:example_external_task_marker_parent
[2025-12-09T19:15:32.360+0000] {logging_mixin.py:190} INFO - [2025-12-09T19:15:32.360+0000] {dag.py:3229} INFO - Sync 2 DAGs
[2025-12-09T19:15:32.381+0000] {logging_mixin.py:190} INFO - [2025-12-09T19:15:32.381+0000] {dag.py:3252} INFO - Creating ORM DAG for example_external_task_marker_parent
[2025-12-09T19:15:32.382+0000] {logging_mixin.py:190} INFO - [2025-12-09T19:15:32.382+0000] {dag.py:3252} INFO - Creating ORM DAG for example_external_task_marker_child
[2025-12-09T19:15:32.383+0000] {logging_mixin.py:190} INFO - [2025-12-09T19:15:32.383+0000] {dag.py:4156} INFO - Setting next_dagrun for example_external_task_marker_child to None, run_after=None
[2025-12-09T19:15:32.384+0000] {logging_mixin.py:190} INFO - [2025-12-09T19:15:32.384+0000] {dag.py:4156} INFO - Setting next_dagrun for example_external_task_marker_parent to None, run_after=None
[2025-12-09T19:15:32.410+0000] {processor.py:208} INFO - Processing /home/airflow/.local/lib/python3.12/site-packages/airflow/example_dags/example_external_task_marker_dag.py took 0.439 seconds
[2025-12-09T19:16:02.942+0000] {processor.py:186} INFO - Started process (PID=148) to work on /home/airflow/.local/lib/python3.12/site-packages/airflow/example_dags/example_external_task_marker_dag.py
[2025-12-09T19:16:02.977+0000] {processor.py:914} INFO - Processing file /home/airflow/.local/lib/python3.12/site-packages/airflow/example_dags/example_external_task_marker_dag.py for tasks to queue
[2025-12-09T19:16:02.982+0000] {logging_mixin.py:190} INFO - [2025-12-09T19:16:02.981+0000] {dagbag.py:587} INFO - Filling up the DagBag from /home/airflow/.local/lib/python3.12/site-packages/airflow/example_dags/example_external_task_marker_dag.py
[2025-12-09T19:16:02.996+0000] {processor.py:925} INFO - DAG(s) 'example_external_task_marker_parent', 'example_external_task_marker_child' retrieved from /home/airflow/.local/lib/python3.12/site-packages/airflow/example_dags/example_external_task_marker_dag.py
[2025-12-09T19:16:03.041+0000] {logging_mixin.py:190} INFO - [2025-12-09T19:16:03.040+0000] {dag.py:3229} INFO - Sync 2 DAGs
[2025-12-09T19:16:03.064+0000] {logging_mixin.py:190} INFO - [2025-12-09T19:16:03.063+0000] {dag.py:4156} INFO - Setting next_dagrun for example_external_task_marker_child to None, run_after=None
[2025-12-09T19:16:03.069+0000] {logging_mixin.py:190} INFO - [2025-12-09T19:16:03.069+0000] {dag.py:4156} INFO - Setting next_dagrun for example_external_task_marker_parent to None, run_after=None
[2025-12-09T19:16:03.134+0000] {processor.py:208} INFO - Processing /home/airflow/.local/lib/python3.12/site-packages/airflow/example_dags/example_external_task_marker_dag.py took 0.203 seconds
[2025-12-09T19:16:33.150+0000] {processor.py:186} INFO - Started process (PID=210) to work on /home/airflow/.local/lib/python3.12/site-packages/airflow/example_dags/example_external_task_marker_dag.py
[2025-12-09T19:16:33.152+0000] {processor.py:914} INFO - Processing file /home/airflow/.local/lib/python3.12/site-packages/airflow/example_dags/example_external_task_marker_dag.py for tasks to queue
[2025-12-09T19:16:33.157+0000] {logging_mixin.py:190} INFO - [2025-12-09T19:16:33.156+0000] {dagbag.py:587} INFO - Filling up the DagBag from /home/airflow/.local/lib/python3.12/site-packages/airflow/example_dags/example_external_task_marker_dag.py
[2025-12-09T19:16:33.173+0000] {processor.py:925} INFO - DAG(s) 'example_external_task_marker_child', 'example_external_task_marker_parent' retrieved from /home/airflow/.local/lib/python3.12/site-packages/airflow/example_dags/example_external_task_marker_dag.py
[2025-12-09T19:16:33.220+0000] {logging_mixin.py:190} INFO - [2025-12-09T19:16:33.219+0000] {dag.py:3229} INFO - Sync 2 DAGs
[2025-12-09T19:16:33.246+0000] {logging_mixin.py:190} INFO - [2025-12-09T19:16:33.246+0000] {dag.py:4156} INFO - Setting next_dagrun for example_external_task_marker_child to None, run_after=None
[2025-12-09T19:16:33.253+0000] {logging_mixin.py:190} INFO - [2025-12-09T19:16:33.253+0000] {dag.py:4156} INFO - Setting next_dagrun for example_external_task_marker_parent to None, run_after=None
[2025-12-09T19:16:33.318+0000] {processor.py:208} INFO - Processing /home/airflow/.local/lib/python3.12/site-packages/airflow/example_dags/example_external_task_marker_dag.py took 0.179 seconds
[2025-12-09T19:17:06.785+0000] {processor.py:186} INFO - Started process (PID=272) to work on /home/airflow/.local/lib/python3.12/site-packages/airflow/example_dags/example_external_task_marker_dag.py
[2025-12-09T19:17:06.790+0000] {processor.py:914} INFO - Processing file /home/airflow/.local/lib/python3.12/site-packages/airflow/example_dags/example_external_task_marker_dag.py for tasks to queue
[2025-12-09T19:17:06.794+0000] {logging_mixin.py:190} INFO - [2025-12-09T19:17:06.793+0000] {dagbag.py:587} INFO - Filling up the DagBag from /home/airflow/.local/lib/python3.12/site-packages/airflow/example_dags/example_external_task_marker_dag.py
[2025-12-09T19:17:06.809+0000] {processor.py:925} INFO - DAG(s) 'example_external_task_marker_parent', 'example_external_task_marker_child' retrieved from /home/airflow/.local/lib/python3.12/site-packages/airflow/example_dags/example_external_task_marker_dag.py
[2025-12-09T19:17:06.847+0000] {logging_mixin.py:190} INFO - [2025-12-09T19:17:06.847+0000] {dag.py:3229} INFO - Sync 2 DAGs
[2025-12-09T19:17:06.875+0000] {logging_mixin.py:190} INFO - [2025-12-09T19:17:06.874+0000] {dag.py:4156} INFO - Setting next_dagrun for example_external_task_marker_child to None, run_after=None
[2025-12-09T19:17:06.883+0000] {logging_mixin.py:190} INFO - [2025-12-09T19:17:06.883+0000] {dag.py:4156} INFO - Setting next_dagrun for example_external_task_marker_parent to None, run_after=None
[2025-12-09T19:16:58.298+0000] {processor.py:208} INFO - Processing /home/airflow/.local/lib/python3.12/site-packages/airflow/example_dags/example_external_task_marker_dag.py took 0.168 seconds
[2025-12-09T19:17:28.540+0000] {processor.py:186} INFO - Started process (PID=332) to work on /home/airflow/.local/lib/python3.12/site-packages/airflow/example_dags/example_external_task_marker_dag.py
[2025-12-09T19:17:36.480+0000] {processor.py:914} INFO - Processing file /home/airflow/.local/lib/python3.12/site-packages/airflow/example_dags/example_external_task_marker_dag.py for tasks to queue
[2025-12-09T19:17:36.483+0000] {logging_mixin.py:190} INFO - [2025-12-09T19:17:36.482+0000] {dagbag.py:587} INFO - Filling up the DagBag from /home/airflow/.local/lib/python3.12/site-packages/airflow/example_dags/example_external_task_marker_dag.py
[2025-12-09T19:17:36.496+0000] {processor.py:925} INFO - DAG(s) 'example_external_task_marker_child', 'example_external_task_marker_parent' retrieved from /home/airflow/.local/lib/python3.12/site-packages/airflow/example_dags/example_external_task_marker_dag.py
[2025-12-09T19:17:36.532+0000] {logging_mixin.py:190} INFO - [2025-12-09T19:17:36.532+0000] {dag.py:3229} INFO - Sync 2 DAGs
[2025-12-09T19:17:36.556+0000] {logging_mixin.py:190} INFO - [2025-12-09T19:17:36.556+0000] {dag.py:4156} INFO - Setting next_dagrun for example_external_task_marker_child to None, run_after=None
[2025-12-09T19:17:36.561+0000] {logging_mixin.py:190} INFO - [2025-12-09T19:17:36.560+0000] {dag.py:4156} INFO - Setting next_dagrun for example_external_task_marker_parent to None, run_after=None
[2025-12-09T19:17:36.617+0000] {processor.py:208} INFO - Processing /home/airflow/.local/lib/python3.12/site-packages/airflow/example_dags/example_external_task_marker_dag.py took 0.179 seconds
[2025-12-09T19:18:03.367+0000] {processor.py:186} INFO - Started process (PID=418) to work on /home/airflow/.local/lib/python3.12/site-packages/airflow/example_dags/example_external_task_marker_dag.py
[2025-12-09T19:18:03.369+0000] {processor.py:914} INFO - Processing file /home/airflow/.local/lib/python3.12/site-packages/airflow/example_dags/example_external_task_marker_dag.py for tasks to queue
[2025-12-09T19:18:03.372+0000] {logging_mixin.py:190} INFO - [2025-12-09T19:18:03.372+0000] {dagbag.py:587} INFO - Filling up the DagBag from /home/airflow/.local/lib/python3.12/site-packages/airflow/example_dags/example_external_task_marker_dag.py
[2025-12-09T19:18:03.388+0000] {processor.py:925} INFO - DAG(s) 'example_external_task_marker_child', 'example_external_task_marker_parent' retrieved from /home/airflow/.local/lib/python3.12/site-packages/airflow/example_dags/example_external_task_marker_dag.py
[2025-12-09T19:18:03.434+0000] {logging_mixin.py:190} INFO - [2025-12-09T19:18:03.433+0000] {dag.py:3229} INFO - Sync 2 DAGs
[2025-12-09T19:18:03.463+0000] {logging_mixin.py:190} INFO - [2025-12-09T19:18:03.463+0000] {dag.py:4156} INFO - Setting next_dagrun for example_external_task_marker_child to None, run_after=None
[2025-12-09T19:18:03.472+0000] {logging_mixin.py:190} INFO - [2025-12-09T19:18:03.472+0000] {dag.py:4156} INFO - Setting next_dagrun for example_external_task_marker_parent to None, run_after=None
[2025-12-09T19:18:03.513+0000] {processor.py:208} INFO - Processing /home/airflow/.local/lib/python3.12/site-packages/airflow/example_dags/example_external_task_marker_dag.py took 0.158 seconds
[2025-12-09T19:18:33.240+0000] {processor.py:186} INFO - Started process (PID=479) to work on /home/airflow/.local/lib/python3.12/site-packages/airflow/example_dags/example_external_task_marker_dag.py
[2025-12-09T19:18:33.242+0000] {processor.py:914} INFO - Processing file /home/airflow/.local/lib/python3.12/site-packages/airflow/example_dags/example_external_task_marker_dag.py for tasks to queue
[2025-12-09T19:18:33.246+0000] {logging_mixin.py:190} INFO - [2025-12-09T19:18:33.245+0000] {dagbag.py:587} INFO - Filling up the DagBag from /home/airflow/.local/lib/python3.12/site-packages/airflow/example_dags/example_external_task_marker_dag.py
[2025-12-09T19:18:33.262+0000] {processor.py:925} INFO - DAG(s) 'example_external_task_marker_child', 'example_external_task_marker_parent' retrieved from /home/airflow/.local/lib/python3.12/site-packages/airflow/example_dags/example_external_task_marker_dag.py
[2025-12-09T19:18:33.314+0000] {logging_mixin.py:190} INFO - [2025-12-09T19:18:33.313+0000] {dag.py:3229} INFO - Sync 2 DAGs
[2025-12-09T19:18:33.340+0000] {logging_mixin.py:190} INFO - [2025-12-09T19:18:33.339+0000] {dag.py:4156} INFO - Setting next_dagrun for example_external_task_marker_child to None, run_after=None
[2025-12-09T19:18:33.346+0000] {logging_mixin.py:190} INFO - [2025-12-09T19:18:33.345+0000] {dag.py:4156} INFO - Setting next_dagrun for example_external_task_marker_parent to None, run_after=None
[2025-12-09T19:18:33.410+0000] {processor.py:208} INFO - Processing /home/airflow/.local/lib/python3.12/site-packages/airflow/example_dags/example_external_task_marker_dag.py took 0.185 seconds
[2025-12-09T19:18:58.253+0000] {processor.py:186} INFO - Started process (PID=535) to work on /home/airflow/.local/lib/python3.12/site-packages/airflow/example_dags/example_external_task_marker_dag.py
[2025-12-09T19:18:58.256+0000] {processor.py:914} INFO - Processing file /home/airflow/.local/lib/python3.12/site-packages/airflow/example_dags/example_external_task_marker_dag.py for tasks to queue
[2025-12-09T19:18:58.261+0000] {logging_mixin.py:190} INFO - [2025-12-09T19:18:58.261+0000] {dagbag.py:587} INFO - Filling up the DagBag from /home/airflow/.local/lib/python3.12/site-packages/airflow/example_dags/example_external_task_marker_dag.py
[2025-12-09T19:18:58.280+0000] {processor.py:925} INFO - DAG(s) 'example_external_task_marker_child', 'example_external_task_marker_parent' retrieved from /home/airflow/.local/lib/python3.12/site-packages/airflow/example_dags/example_external_task_marker_dag.py
[2025-12-09T19:18:58.331+0000] {logging_mixin.py:190} INFO - [2025-12-09T19:18:58.330+0000] {dag.py:3229} INFO - Sync 2 DAGs
[2025-12-09T19:18:58.363+0000] {logging_mixin.py:190} INFO - [2025-12-09T19:18:58.363+0000] {dag.py:4156} INFO - Setting next_dagrun for example_external_task_marker_child to None, run_after=None
[2025-12-09T19:18:58.368+0000] {logging_mixin.py:190} INFO - [2025-12-09T19:18:58.368+0000] {dag.py:4156} INFO - Setting next_dagrun for example_external_task_marker_parent to None, run_after=None
[2025-12-09T19:18:58.394+0000] {processor.py:208} INFO - Processing /home/airflow/.local/lib/python3.12/site-packages/airflow/example_dags/example_external_task_marker_dag.py took 0.156 seconds
[2025-12-09T19:19:31.778+0000] {processor.py:186} INFO - Started process (PID=588) to work on /home/airflow/.local/lib/python3.12/site-packages/airflow/example_dags/example_external_task_marker_dag.py
[2025-12-09T19:19:31.800+0000] {processor.py:914} INFO - Processing file /home/airflow/.local/lib/python3.12/site-packages/airflow/example_dags/example_external_task_marker_dag.py for tasks to queue
[2025-12-09T19:19:31.804+0000] {logging_mixin.py:190} INFO - [2025-12-09T19:19:31.803+0000] {dagbag.py:587} INFO - Filling up the DagBag from /home/airflow/.local/lib/python3.12/site-packages/airflow/example_dags/example_external_task_marker_dag.py
[2025-12-09T19:19:31.819+0000] {processor.py:925} INFO - DAG(s) 'example_external_task_marker_child', 'example_external_task_marker_parent' retrieved from /home/airflow/.local/lib/python3.12/site-packages/airflow/example_dags/example_external_task_marker_dag.py
[2025-12-09T19:19:31.857+0000] {logging_mixin.py:190} INFO - [2025-12-09T19:19:31.857+0000] {dag.py:3229} INFO - Sync 2 DAGs
[2025-12-09T19:19:31.879+0000] {logging_mixin.py:190} INFO - [2025-12-09T19:19:31.879+0000] {dag.py:4156} INFO - Setting next_dagrun for example_external_task_marker_child to None, run_after=None
[2025-12-09T19:19:31.885+0000] {logging_mixin.py:190} INFO - [2025-12-09T19:19:31.884+0000] {dag.py:4156} INFO - Setting next_dagrun for example_external_task_marker_parent to None, run_after=None
[2025-12-09T19:19:31.942+0000] {processor.py:208} INFO - Processing /home/airflow/.local/lib/python3.12/site-packages/airflow/example_dags/example_external_task_marker_dag.py took 0.173 seconds
[2025-12-09T19:20:06.865+0000] {processor.py:186} INFO - Started process (PID=681) to work on /home/airflow/.local/lib/python3.12/site-packages/airflow/example_dags/example_external_task_marker_dag.py
[2025-12-09T19:20:06.867+0000] {processor.py:914} INFO - Processing file /home/airflow/.local/lib/python3.12/site-packages/airflow/example_dags/example_external_task_marker_dag.py for tasks to queue
[2025-12-09T19:20:06.871+0000] {logging_mixin.py:190} INFO - [2025-12-09T19:20:06.870+0000] {dagbag.py:587} INFO - Filling up the DagBag from /home/airflow/.local/lib/python3.12/site-packages/airflow/example_dags/example_external_task_marker_dag.py
[2025-12-09T19:20:06.882+0000] {processor.py:925} INFO - DAG(s) 'example_external_task_marker_child', 'example_external_task_marker_parent' retrieved from /home/airflow/.local/lib/python3.12/site-packages/airflow/example_dags/example_external_task_marker_dag.py
[2025-12-09T19:20:06.919+0000] {logging_mixin.py:190} INFO - [2025-12-09T19:20:06.919+0000] {dag.py:3229} INFO - Sync 2 DAGs
[2025-12-09T19:20:06.937+0000] {logging_mixin.py:190} INFO - [2025-12-09T19:20:06.937+0000] {dag.py:4156} INFO - Setting next_dagrun for example_external_task_marker_child to None, run_after=None
[2025-12-09T19:20:06.942+0000] {logging_mixin.py:190} INFO - [2025-12-09T19:20:06.942+0000] {dag.py:4156} INFO - Setting next_dagrun for example_external_task_marker_parent to None, run_after=None
[2025-12-09T19:20:06.996+0000] {processor.py:208} INFO - Processing /home/airflow/.local/lib/python3.12/site-packages/airflow/example_dags/example_external_task_marker_dag.py took 0.139 seconds
[2025-12-09T19:20:36.993+0000] {processor.py:186} INFO - Started process (PID=736) to work on /home/airflow/.local/lib/python3.12/site-packages/airflow/example_dags/example_external_task_marker_dag.py
[2025-12-09T19:20:37.027+0000] {processor.py:914} INFO - Processing file /home/airflow/.local/lib/python3.12/site-packages/airflow/example_dags/example_external_task_marker_dag.py for tasks to queue
[2025-12-09T19:20:37.031+0000] {logging_mixin.py:190} INFO - [2025-12-09T19:20:37.030+0000] {dagbag.py:587} INFO - Filling up the DagBag from /home/airflow/.local/lib/python3.12/site-packages/airflow/example_dags/example_external_task_marker_dag.py
[2025-12-09T19:20:37.044+0000] {processor.py:925} INFO - DAG(s) 'example_external_task_marker_child', 'example_external_task_marker_parent' retrieved from /home/airflow/.local/lib/python3.12/site-packages/airflow/example_dags/example_external_task_marker_dag.py
[2025-12-09T19:20:37.084+0000] {logging_mixin.py:190} INFO - [2025-12-09T19:20:37.083+0000] {dag.py:3229} INFO - Sync 2 DAGs
[2025-12-09T19:20:28.525+0000] {logging_mixin.py:190} INFO - [2025-12-09T19:20:28.524+0000] {dag.py:4156} INFO - Setting next_dagrun for example_external_task_marker_child to None, run_after=None
[2025-12-09T19:20:28.556+0000] {logging_mixin.py:190} INFO - [2025-12-09T19:20:28.556+0000] {dag.py:4156} INFO - Setting next_dagrun for example_external_task_marker_parent to None, run_after=None
[2025-12-09T19:20:28.585+0000] {processor.py:208} INFO - Processing /home/airflow/.local/lib/python3.12/site-packages/airflow/example_dags/example_external_task_marker_dag.py took 0.191 seconds
[2025-12-09T19:20:58.759+0000] {processor.py:186} INFO - Started process (PID=793) to work on /home/airflow/.local/lib/python3.12/site-packages/airflow/example_dags/example_external_task_marker_dag.py
[2025-12-09T19:20:58.795+0000] {processor.py:914} INFO - Processing file /home/airflow/.local/lib/python3.12/site-packages/airflow/example_dags/example_external_task_marker_dag.py for tasks to queue
[2025-12-09T19:20:58.802+0000] {logging_mixin.py:190} INFO - [2025-12-09T19:20:58.801+0000] {dagbag.py:587} INFO - Filling up the DagBag from /home/airflow/.local/lib/python3.12/site-packages/airflow/example_dags/example_external_task_marker_dag.py
[2025-12-09T19:20:58.816+0000] {processor.py:925} INFO - DAG(s) 'example_external_task_marker_parent', 'example_external_task_marker_child' retrieved from /home/airflow/.local/lib/python3.12/site-packages/airflow/example_dags/example_external_task_marker_dag.py
[2025-12-09T19:21:06.771+0000] {logging_mixin.py:190} INFO - [2025-12-09T19:21:06.770+0000] {dag.py:3229} INFO - Sync 2 DAGs
[2025-12-09T19:21:06.796+0000] {logging_mixin.py:190} INFO - [2025-12-09T19:21:06.796+0000] {dag.py:4156} INFO - Setting next_dagrun for example_external_task_marker_child to None, run_after=None
[2025-12-09T19:21:06.803+0000] {logging_mixin.py:190} INFO - [2025-12-09T19:21:06.802+0000] {dag.py:4156} INFO - Setting next_dagrun for example_external_task_marker_parent to None, run_after=None
[2025-12-09T19:21:06.864+0000] {processor.py:208} INFO - Processing /home/airflow/.local/lib/python3.12/site-packages/airflow/example_dags/example_external_task_marker_dag.py took 0.209 seconds
[2025-12-09T19:21:37.120+0000] {processor.py:186} INFO - Started process (PID=883) to work on /home/airflow/.local/lib/python3.12/site-packages/airflow/example_dags/example_external_task_marker_dag.py
[2025-12-09T19:21:37.156+0000] {processor.py:914} INFO - Processing file /home/airflow/.local/lib/python3.12/site-packages/airflow/example_dags/example_external_task_marker_dag.py for tasks to queue
[2025-12-09T19:21:37.162+0000] {logging_mixin.py:190} INFO - [2025-12-09T19:21:37.162+0000] {dagbag.py:587} INFO - Filling up the DagBag from /home/airflow/.local/lib/python3.12/site-packages/airflow/example_dags/example_external_task_marker_dag.py
[2025-12-09T19:21:37.179+0000] {processor.py:925} INFO - DAG(s) 'example_external_task_marker_parent', 'example_external_task_marker_child' retrieved from /home/airflow/.local/lib/python3.12/site-packages/airflow/example_dags/example_external_task_marker_dag.py
[2025-12-09T19:21:37.233+0000] {logging_mixin.py:190} INFO - [2025-12-09T19:21:37.233+0000] {dag.py:3229} INFO - Sync 2 DAGs
[2025-12-09T19:21:37.269+0000] {logging_mixin.py:190} INFO - [2025-12-09T19:21:37.268+0000] {dag.py:4156} INFO - Setting next_dagrun for example_external_task_marker_child to None, run_after=None
[2025-12-09T19:21:37.276+0000] {logging_mixin.py:190} INFO - [2025-12-09T19:21:37.275+0000] {dag.py:4156} INFO - Setting next_dagrun for example_external_task_marker_parent to None, run_after=None
[2025-12-09T19:21:37.315+0000] {processor.py:208} INFO - Processing /home/airflow/.local/lib/python3.12/site-packages/airflow/example_dags/example_external_task_marker_dag.py took 0.210 seconds
[2025-12-09T19:22:10.593+0000] {processor.py:186} INFO - Started process (PID=945) to work on /home/airflow/.local/lib/python3.12/site-packages/airflow/example_dags/example_external_task_marker_dag.py
[2025-12-09T19:22:02.020+0000] {processor.py:914} INFO - Processing file /home/airflow/.local/lib/python3.12/site-packages/airflow/example_dags/example_external_task_marker_dag.py for tasks to queue
[2025-12-09T19:22:02.024+0000] {logging_mixin.py:190} INFO - [2025-12-09T19:22:02.024+0000] {dagbag.py:587} INFO - Filling up the DagBag from /home/airflow/.local/lib/python3.12/site-packages/airflow/example_dags/example_external_task_marker_dag.py
[2025-12-09T19:22:02.036+0000] {processor.py:925} INFO - DAG(s) 'example_external_task_marker_parent', 'example_external_task_marker_child' retrieved from /home/airflow/.local/lib/python3.12/site-packages/airflow/example_dags/example_external_task_marker_dag.py
[2025-12-09T19:22:02.074+0000] {logging_mixin.py:190} INFO - [2025-12-09T19:22:02.074+0000] {dag.py:3229} INFO - Sync 2 DAGs
[2025-12-09T19:22:02.096+0000] {logging_mixin.py:190} INFO - [2025-12-09T19:22:02.095+0000] {dag.py:4156} INFO - Setting next_dagrun for example_external_task_marker_child to None, run_after=None
[2025-12-09T19:22:02.101+0000] {logging_mixin.py:190} INFO - [2025-12-09T19:22:02.101+0000] {dag.py:4156} INFO - Setting next_dagrun for example_external_task_marker_parent to None, run_after=None
[2025-12-09T19:22:02.125+0000] {processor.py:208} INFO - Processing /home/airflow/.local/lib/python3.12/site-packages/airflow/example_dags/example_external_task_marker_dag.py took 0.144 seconds
[2025-12-09T19:22:32.183+0000] {processor.py:186} INFO - Started process (PID=1001) to work on /home/airflow/.local/lib/python3.12/site-packages/airflow/example_dags/example_external_task_marker_dag.py
[2025-12-09T19:22:32.217+0000] {processor.py:914} INFO - Processing file /home/airflow/.local/lib/python3.12/site-packages/airflow/example_dags/example_external_task_marker_dag.py for tasks to queue
[2025-12-09T19:22:32.221+0000] {logging_mixin.py:190} INFO - [2025-12-09T19:22:32.220+0000] {dagbag.py:587} INFO - Filling up the DagBag from /home/airflow/.local/lib/python3.12/site-packages/airflow/example_dags/example_external_task_marker_dag.py
[2025-12-09T19:22:32.234+0000] {processor.py:925} INFO - DAG(s) 'example_external_task_marker_child', 'example_external_task_marker_parent' retrieved from /home/airflow/.local/lib/python3.12/site-packages/airflow/example_dags/example_external_task_marker_dag.py
[2025-12-09T19:22:32.275+0000] {logging_mixin.py:190} INFO - [2025-12-09T19:22:32.274+0000] {dag.py:3229} INFO - Sync 2 DAGs
[2025-12-09T19:22:32.299+0000] {logging_mixin.py:190} INFO - [2025-12-09T19:22:32.299+0000] {dag.py:4156} INFO - Setting next_dagrun for example_external_task_marker_child to None, run_after=None
[2025-12-09T19:22:32.313+0000] {logging_mixin.py:190} INFO - [2025-12-09T19:22:32.313+0000] {dag.py:4156} INFO - Setting next_dagrun for example_external_task_marker_parent to None, run_after=None
[2025-12-09T19:22:32.337+0000] {processor.py:208} INFO - Processing /home/airflow/.local/lib/python3.12/site-packages/airflow/example_dags/example_external_task_marker_dag.py took 0.165 seconds
[2025-12-09T19:23:02.933+0000] {processor.py:186} INFO - Started process (PID=1071) to work on /home/airflow/.local/lib/python3.12/site-packages/airflow/example_dags/example_external_task_marker_dag.py
[2025-12-09T19:23:02.965+0000] {processor.py:914} INFO - Processing file /home/airflow/.local/lib/python3.12/site-packages/airflow/example_dags/example_external_task_marker_dag.py for tasks to queue
[2025-12-09T19:23:02.970+0000] {logging_mixin.py:190} INFO - [2025-12-09T19:23:02.969+0000] {dagbag.py:587} INFO - Filling up the DagBag from /home/airflow/.local/lib/python3.12/site-packages/airflow/example_dags/example_external_task_marker_dag.py
[2025-12-09T19:23:02.984+0000] {processor.py:925} INFO - DAG(s) 'example_external_task_marker_parent', 'example_external_task_marker_child' retrieved from /home/airflow/.local/lib/python3.12/site-packages/airflow/example_dags/example_external_task_marker_dag.py
[2025-12-09T19:23:03.030+0000] {logging_mixin.py:190} INFO - [2025-12-09T19:23:03.030+0000] {dag.py:3229} INFO - Sync 2 DAGs
[2025-12-09T19:23:03.059+0000] {logging_mixin.py:190} INFO - [2025-12-09T19:23:03.058+0000] {dag.py:4156} INFO - Setting next_dagrun for example_external_task_marker_child to None, run_after=None
[2025-12-09T19:23:03.066+0000] {logging_mixin.py:190} INFO - [2025-12-09T19:23:03.066+0000] {dag.py:4156} INFO - Setting next_dagrun for example_external_task_marker_parent to None, run_after=None
[2025-12-09T19:23:03.098+0000] {processor.py:208} INFO - Processing /home/airflow/.local/lib/python3.12/site-packages/airflow/example_dags/example_external_task_marker_dag.py took 0.174 seconds
[2025-12-09T19:23:33.655+0000] {processor.py:186} INFO - Started process (PID=1133) to work on /home/airflow/.local/lib/python3.12/site-packages/airflow/example_dags/example_external_task_marker_dag.py
[2025-12-09T19:23:33.657+0000] {processor.py:914} INFO - Processing file /home/airflow/.local/lib/python3.12/site-packages/airflow/example_dags/example_external_task_marker_dag.py for tasks to queue
[2025-12-09T19:23:33.661+0000] {logging_mixin.py:190} INFO - [2025-12-09T19:23:33.661+0000] {dagbag.py:587} INFO - Filling up the DagBag from /home/airflow/.local/lib/python3.12/site-packages/airflow/example_dags/example_external_task_marker_dag.py
[2025-12-09T19:23:33.675+0000] {processor.py:925} INFO - DAG(s) 'example_external_task_marker_child', 'example_external_task_marker_parent' retrieved from /home/airflow/.local/lib/python3.12/site-packages/airflow/example_dags/example_external_task_marker_dag.py
[2025-12-09T19:23:33.718+0000] {logging_mixin.py:190} INFO - [2025-12-09T19:23:33.717+0000] {dag.py:3229} INFO - Sync 2 DAGs
[2025-12-09T19:23:33.741+0000] {logging_mixin.py:190} INFO - [2025-12-09T19:23:33.741+0000] {dag.py:4156} INFO - Setting next_dagrun for example_external_task_marker_child to None, run_after=None
[2025-12-09T19:23:33.747+0000] {logging_mixin.py:190} INFO - [2025-12-09T19:23:33.747+0000] {dag.py:4156} INFO - Setting next_dagrun for example_external_task_marker_parent to None, run_after=None
[2025-12-09T19:23:33.807+0000] {processor.py:208} INFO - Processing /home/airflow/.local/lib/python3.12/site-packages/airflow/example_dags/example_external_task_marker_dag.py took 0.166 seconds
[2025-12-09T19:24:12.135+0000] {processor.py:186} INFO - Started process (PID=1195) to work on /home/airflow/.local/lib/python3.12/site-packages/airflow/example_dags/example_external_task_marker_dag.py
[2025-12-09T19:24:12.170+0000] {processor.py:914} INFO - Processing file /home/airflow/.local/lib/python3.12/site-packages/airflow/example_dags/example_external_task_marker_dag.py for tasks to queue
[2025-12-09T19:24:12.174+0000] {logging_mixin.py:190} INFO - [2025-12-09T19:24:12.173+0000] {dagbag.py:587} INFO - Filling up the DagBag from /home/airflow/.local/lib/python3.12/site-packages/airflow/example_dags/example_external_task_marker_dag.py
[2025-12-09T19:24:12.192+0000] {processor.py:925} INFO - DAG(s) 'example_external_task_marker_child', 'example_external_task_marker_parent' retrieved from /home/airflow/.local/lib/python3.12/site-packages/airflow/example_dags/example_external_task_marker_dag.py
[2025-12-09T19:24:12.236+0000] {logging_mixin.py:190} INFO - [2025-12-09T19:24:12.235+0000] {dag.py:3229} INFO - Sync 2 DAGs
[2025-12-09T19:24:12.259+0000] {logging_mixin.py:190} INFO - [2025-12-09T19:24:12.258+0000] {dag.py:4156} INFO - Setting next_dagrun for example_external_task_marker_child to None, run_after=None
[2025-12-09T19:24:12.265+0000] {logging_mixin.py:190} INFO - [2025-12-09T19:24:12.265+0000] {dag.py:4156} INFO - Setting next_dagrun for example_external_task_marker_parent to None, run_after=None
[2025-12-09T19:24:12.324+0000] {processor.py:208} INFO - Processing /home/airflow/.local/lib/python3.12/site-packages/airflow/example_dags/example_external_task_marker_dag.py took 0.199 seconds
[2025-12-09T19:24:47.156+0000] {processor.py:186} INFO - Started process (PID=1258) to work on /home/airflow/.local/lib/python3.12/site-packages/airflow/example_dags/example_external_task_marker_dag.py
[2025-12-09T19:24:47.158+0000] {processor.py:914} INFO - Processing file /home/airflow/.local/lib/python3.12/site-packages/airflow/example_dags/example_external_task_marker_dag.py for tasks to queue
[2025-12-09T19:24:47.163+0000] {logging_mixin.py:190} INFO - [2025-12-09T19:24:47.162+0000] {dagbag.py:587} INFO - Filling up the DagBag from /home/airflow/.local/lib/python3.12/site-packages/airflow/example_dags/example_external_task_marker_dag.py
[2025-12-09T19:24:47.179+0000] {processor.py:925} INFO - DAG(s) 'example_external_task_marker_child', 'example_external_task_marker_parent' retrieved from /home/airflow/.local/lib/python3.12/site-packages/airflow/example_dags/example_external_task_marker_dag.py
[2025-12-09T19:24:47.224+0000] {logging_mixin.py:190} INFO - [2025-12-09T19:24:47.224+0000] {dag.py:3229} INFO - Sync 2 DAGs
[2025-12-09T19:24:47.247+0000] {logging_mixin.py:190} INFO - [2025-12-09T19:24:47.246+0000] {dag.py:4156} INFO - Setting next_dagrun for example_external_task_marker_child to None, run_after=None
[2025-12-09T19:24:47.251+0000] {logging_mixin.py:190} INFO - [2025-12-09T19:24:47.251+0000] {dag.py:4156} INFO - Setting next_dagrun for example_external_task_marker_parent to None, run_after=None
[2025-12-09T19:24:47.309+0000] {processor.py:208} INFO - Processing /home/airflow/.local/lib/python3.12/site-packages/airflow/example_dags/example_external_task_marker_dag.py took 0.163 seconds
[2025-12-09T19:25:21.302+0000] {processor.py:186} INFO - Started process (PID=1341) to work on /home/airflow/.local/lib/python3.12/site-packages/airflow/example_dags/example_external_task_marker_dag.py
[2025-12-09T19:25:21.305+0000] {processor.py:914} INFO - Processing file /home/airflow/.local/lib/python3.12/site-packages/airflow/example_dags/example_external_task_marker_dag.py for tasks to queue
[2025-12-09T19:25:21.308+0000] {logging_mixin.py:190} INFO - [2025-12-09T19:25:21.307+0000] {dagbag.py:587} INFO - Filling up the DagBag from /home/airflow/.local/lib/python3.12/site-packages/airflow/example_dags/example_external_task_marker_dag.py
[2025-12-09T19:25:21.320+0000] {processor.py:925} INFO - DAG(s) 'example_external_task_marker_parent', 'example_external_task_marker_child' retrieved from /home/airflow/.local/lib/python3.12/site-packages/airflow/example_dags/example_external_task_marker_dag.py
[2025-12-09T19:25:21.358+0000] {logging_mixin.py:190} INFO - [2025-12-09T19:25:21.358+0000] {dag.py:3229} INFO - Sync 2 DAGs
[2025-12-09T19:25:21.380+0000] {logging_mixin.py:190} INFO - [2025-12-09T19:25:21.380+0000] {dag.py:4156} INFO - Setting next_dagrun for example_external_task_marker_child to None, run_after=None
[2025-12-09T19:25:21.386+0000] {logging_mixin.py:190} INFO - [2025-12-09T19:25:21.385+0000] {dag.py:4156} INFO - Setting next_dagrun for example_external_task_marker_parent to None, run_after=None
[2025-12-09T19:25:21.444+0000] {processor.py:208} INFO - Processing /home/airflow/.local/lib/python3.12/site-packages/airflow/example_dags/example_external_task_marker_dag.py took 0.159 seconds
[2025-12-09T19:25:52.417+0000] {processor.py:186} INFO - Started process (PID=1406) to work on /home/airflow/.local/lib/python3.12/site-packages/airflow/example_dags/example_external_task_marker_dag.py
[2025-12-09T19:25:52.430+0000] {processor.py:914} INFO - Processing file /home/airflow/.local/lib/python3.12/site-packages/airflow/example_dags/example_external_task_marker_dag.py for tasks to queue
[2025-12-09T19:25:52.434+0000] {logging_mixin.py:190} INFO - [2025-12-09T19:25:52.434+0000] {dagbag.py:587} INFO - Filling up the DagBag from /home/airflow/.local/lib/python3.12/site-packages/airflow/example_dags/example_external_task_marker_dag.py
[2025-12-09T19:25:52.449+0000] {processor.py:925} INFO - DAG(s) 'example_external_task_marker_child', 'example_external_task_marker_parent' retrieved from /home/airflow/.local/lib/python3.12/site-packages/airflow/example_dags/example_external_task_marker_dag.py
[2025-12-09T19:25:52.495+0000] {logging_mixin.py:190} INFO - [2025-12-09T19:25:52.494+0000] {dag.py:3229} INFO - Sync 2 DAGs
[2025-12-09T19:25:52.519+0000] {logging_mixin.py:190} INFO - [2025-12-09T19:25:52.519+0000] {dag.py:4156} INFO - Setting next_dagrun for example_external_task_marker_child to None, run_after=None
[2025-12-09T19:25:52.526+0000] {logging_mixin.py:190} INFO - [2025-12-09T19:25:52.526+0000] {dag.py:4156} INFO - Setting next_dagrun for example_external_task_marker_parent to None, run_after=None
[2025-12-09T19:25:52.588+0000] {processor.py:208} INFO - Processing /home/airflow/.local/lib/python3.12/site-packages/airflow/example_dags/example_external_task_marker_dag.py took 0.183 seconds
