[2025-12-09T19:15:32.029+0000] {processor.py:186} INFO - Started process (PID=81) to work on /home/airflow/.local/lib/python3.12/site-packages/airflow/example_dags/example_bash_operator.py
[2025-12-09T19:15:32.031+0000] {processor.py:914} INFO - Processing file /home/airflow/.local/lib/python3.12/site-packages/airflow/example_dags/example_bash_operator.py for tasks to queue
[2025-12-09T19:15:32.037+0000] {logging_mixin.py:190} INFO - [2025-12-09T19:15:32.036+0000] {dagbag.py:587} INFO - Filling up the DagBag from /home/airflow/.local/lib/python3.12/site-packages/airflow/example_dags/example_bash_operator.py
[2025-12-09T19:15:32.065+0000] {processor.py:925} INFO - DAG(s) 'example_bash_operator' retrieved from /home/airflow/.local/lib/python3.12/site-packages/airflow/example_dags/example_bash_operator.py
[2025-12-09T19:15:32.258+0000] {logging_mixin.py:190} INFO - [2025-12-09T19:15:32.257+0000] {override.py:1900} INFO - Created Permission View: can read on DAG:example_bash_operator
[2025-12-09T19:15:32.273+0000] {logging_mixin.py:190} INFO - [2025-12-09T19:15:32.273+0000] {override.py:1900} INFO - Created Permission View: can delete on DAG:example_bash_operator
[2025-12-09T19:15:32.284+0000] {logging_mixin.py:190} INFO - [2025-12-09T19:15:32.284+0000] {override.py:1900} INFO - Created Permission View: can edit on DAG:example_bash_operator
[2025-12-09T19:15:32.295+0000] {logging_mixin.py:190} INFO - [2025-12-09T19:15:32.295+0000] {override.py:1900} INFO - Created Permission View: can read on DAG Run:example_bash_operator
[2025-12-09T19:15:32.304+0000] {logging_mixin.py:190} INFO - [2025-12-09T19:15:32.304+0000] {override.py:1900} INFO - Created Permission View: can delete on DAG Run:example_bash_operator
[2025-12-09T19:15:32.314+0000] {logging_mixin.py:190} INFO - [2025-12-09T19:15:32.313+0000] {override.py:1900} INFO - Created Permission View: menu access on DAG Run:example_bash_operator
[2025-12-09T19:15:32.323+0000] {logging_mixin.py:190} INFO - [2025-12-09T19:15:32.323+0000] {override.py:1900} INFO - Created Permission View: can create on DAG Run:example_bash_operator
[2025-12-09T19:15:32.323+0000] {logging_mixin.py:190} INFO - [2025-12-09T19:15:32.323+0000] {dag.py:3229} INFO - Sync 1 DAGs
[2025-12-09T19:15:32.344+0000] {logging_mixin.py:190} INFO - [2025-12-09T19:15:32.343+0000] {dag.py:3252} INFO - Creating ORM DAG for example_bash_operator
[2025-12-09T19:15:32.362+0000] {logging_mixin.py:190} INFO - [2025-12-09T19:15:32.361+0000] {dag.py:4156} INFO - Setting next_dagrun for example_bash_operator to 2025-12-08 00:00:00+00:00, run_after=2025-12-09 00:00:00+00:00
[2025-12-09T19:15:32.391+0000] {processor.py:208} INFO - Processing /home/airflow/.local/lib/python3.12/site-packages/airflow/example_dags/example_bash_operator.py took 0.373 seconds
[2025-12-09T19:16:03.194+0000] {processor.py:186} INFO - Started process (PID=149) to work on /home/airflow/.local/lib/python3.12/site-packages/airflow/example_dags/example_bash_operator.py
[2025-12-09T19:16:03.228+0000] {processor.py:914} INFO - Processing file /home/airflow/.local/lib/python3.12/site-packages/airflow/example_dags/example_bash_operator.py for tasks to queue
[2025-12-09T19:16:03.233+0000] {logging_mixin.py:190} INFO - [2025-12-09T19:16:03.232+0000] {dagbag.py:587} INFO - Filling up the DagBag from /home/airflow/.local/lib/python3.12/site-packages/airflow/example_dags/example_bash_operator.py
[2025-12-09T19:16:11.380+0000] {processor.py:925} INFO - DAG(s) 'example_bash_operator' retrieved from /home/airflow/.local/lib/python3.12/site-packages/airflow/example_dags/example_bash_operator.py
[2025-12-09T19:16:11.426+0000] {logging_mixin.py:190} INFO - [2025-12-09T19:16:11.426+0000] {dag.py:3229} INFO - Sync 1 DAGs
[2025-12-09T19:16:11.464+0000] {logging_mixin.py:190} INFO - [2025-12-09T19:16:11.464+0000] {dag.py:4156} INFO - Setting next_dagrun for example_bash_operator to 2025-12-08 00:00:00+00:00, run_after=2025-12-09 00:00:00+00:00
[2025-12-09T19:16:11.515+0000] {processor.py:208} INFO - Processing /home/airflow/.local/lib/python3.12/site-packages/airflow/example_dags/example_bash_operator.py took 0.209 seconds
[2025-12-09T19:16:42.135+0000] {processor.py:186} INFO - Started process (PID=250) to work on /home/airflow/.local/lib/python3.12/site-packages/airflow/example_dags/example_bash_operator.py
[2025-12-09T19:16:42.167+0000] {processor.py:914} INFO - Processing file /home/airflow/.local/lib/python3.12/site-packages/airflow/example_dags/example_bash_operator.py for tasks to queue
[2025-12-09T19:16:42.171+0000] {logging_mixin.py:190} INFO - [2025-12-09T19:16:42.171+0000] {dagbag.py:587} INFO - Filling up the DagBag from /home/airflow/.local/lib/python3.12/site-packages/airflow/example_dags/example_bash_operator.py
[2025-12-09T19:16:42.192+0000] {processor.py:925} INFO - DAG(s) 'example_bash_operator' retrieved from /home/airflow/.local/lib/python3.12/site-packages/airflow/example_dags/example_bash_operator.py
[2025-12-09T19:16:42.245+0000] {logging_mixin.py:190} INFO - [2025-12-09T19:16:42.244+0000] {dag.py:3229} INFO - Sync 1 DAGs
[2025-12-09T19:16:42.284+0000] {logging_mixin.py:190} INFO - [2025-12-09T19:16:42.284+0000] {dag.py:4156} INFO - Setting next_dagrun for example_bash_operator to 2025-12-08 00:00:00+00:00, run_after=2025-12-09 00:00:00+00:00
[2025-12-09T19:16:42.348+0000] {processor.py:208} INFO - Processing /home/airflow/.local/lib/python3.12/site-packages/airflow/example_dags/example_bash_operator.py took 0.226 seconds
[2025-12-09T19:17:12.502+0000] {processor.py:186} INFO - Started process (PID=306) to work on /home/airflow/.local/lib/python3.12/site-packages/airflow/example_dags/example_bash_operator.py
[2025-12-09T19:17:12.536+0000] {processor.py:914} INFO - Processing file /home/airflow/.local/lib/python3.12/site-packages/airflow/example_dags/example_bash_operator.py for tasks to queue
[2025-12-09T19:17:12.540+0000] {logging_mixin.py:190} INFO - [2025-12-09T19:17:12.539+0000] {dagbag.py:587} INFO - Filling up the DagBag from /home/airflow/.local/lib/python3.12/site-packages/airflow/example_dags/example_bash_operator.py
[2025-12-09T19:17:12.558+0000] {processor.py:925} INFO - DAG(s) 'example_bash_operator' retrieved from /home/airflow/.local/lib/python3.12/site-packages/airflow/example_dags/example_bash_operator.py
[2025-12-09T19:17:12.600+0000] {logging_mixin.py:190} INFO - [2025-12-09T19:17:12.600+0000] {dag.py:3229} INFO - Sync 1 DAGs
[2025-12-09T19:17:12.637+0000] {logging_mixin.py:190} INFO - [2025-12-09T19:17:12.637+0000] {dag.py:4156} INFO - Setting next_dagrun for example_bash_operator to 2025-12-08 00:00:00+00:00, run_after=2025-12-09 00:00:00+00:00
[2025-12-09T19:17:12.699+0000] {processor.py:208} INFO - Processing /home/airflow/.local/lib/python3.12/site-packages/airflow/example_dags/example_bash_operator.py took 0.206 seconds
[2025-12-09T19:17:46.822+0000] {processor.py:186} INFO - Started process (PID=364) to work on /home/airflow/.local/lib/python3.12/site-packages/airflow/example_dags/example_bash_operator.py
[2025-12-09T19:17:46.855+0000] {processor.py:914} INFO - Processing file /home/airflow/.local/lib/python3.12/site-packages/airflow/example_dags/example_bash_operator.py for tasks to queue
[2025-12-09T19:17:46.860+0000] {logging_mixin.py:190} INFO - [2025-12-09T19:17:46.859+0000] {dagbag.py:587} INFO - Filling up the DagBag from /home/airflow/.local/lib/python3.12/site-packages/airflow/example_dags/example_bash_operator.py
[2025-12-09T19:17:46.882+0000] {processor.py:925} INFO - DAG(s) 'example_bash_operator' retrieved from /home/airflow/.local/lib/python3.12/site-packages/airflow/example_dags/example_bash_operator.py
[2025-12-09T19:17:46.929+0000] {logging_mixin.py:190} INFO - [2025-12-09T19:17:46.928+0000] {dag.py:3229} INFO - Sync 1 DAGs
[2025-12-09T19:17:38.336+0000] {logging_mixin.py:190} INFO - [2025-12-09T19:17:38.336+0000] {dag.py:4156} INFO - Setting next_dagrun for example_bash_operator to 2025-12-08 00:00:00+00:00, run_after=2025-12-09 00:00:00+00:00
[2025-12-09T19:17:38.372+0000] {processor.py:208} INFO - Processing /home/airflow/.local/lib/python3.12/site-packages/airflow/example_dags/example_bash_operator.py took 0.192 seconds
[2025-12-09T19:18:03.409+0000] {processor.py:186} INFO - Started process (PID=419) to work on /home/airflow/.local/lib/python3.12/site-packages/airflow/example_dags/example_bash_operator.py
[2025-12-09T19:18:03.412+0000] {processor.py:914} INFO - Processing file /home/airflow/.local/lib/python3.12/site-packages/airflow/example_dags/example_bash_operator.py for tasks to queue
[2025-12-09T19:18:03.417+0000] {logging_mixin.py:190} INFO - [2025-12-09T19:18:03.416+0000] {dagbag.py:587} INFO - Filling up the DagBag from /home/airflow/.local/lib/python3.12/site-packages/airflow/example_dags/example_bash_operator.py
[2025-12-09T19:18:03.442+0000] {processor.py:925} INFO - DAG(s) 'example_bash_operator' retrieved from /home/airflow/.local/lib/python3.12/site-packages/airflow/example_dags/example_bash_operator.py
[2025-12-09T19:18:03.496+0000] {logging_mixin.py:190} INFO - [2025-12-09T19:18:03.495+0000] {dag.py:3229} INFO - Sync 1 DAGs
[2025-12-09T19:18:03.538+0000] {logging_mixin.py:190} INFO - [2025-12-09T19:18:03.538+0000] {dag.py:4156} INFO - Setting next_dagrun for example_bash_operator to 2025-12-08 00:00:00+00:00, run_after=2025-12-09 00:00:00+00:00
[2025-12-09T19:18:03.604+0000] {processor.py:208} INFO - Processing /home/airflow/.local/lib/python3.12/site-packages/airflow/example_dags/example_bash_operator.py took 0.206 seconds
[2025-12-09T19:18:33.472+0000] {processor.py:186} INFO - Started process (PID=480) to work on /home/airflow/.local/lib/python3.12/site-packages/airflow/example_dags/example_bash_operator.py
[2025-12-09T19:18:33.475+0000] {processor.py:914} INFO - Processing file /home/airflow/.local/lib/python3.12/site-packages/airflow/example_dags/example_bash_operator.py for tasks to queue
[2025-12-09T19:18:33.480+0000] {logging_mixin.py:190} INFO - [2025-12-09T19:18:33.479+0000] {dagbag.py:587} INFO - Filling up the DagBag from /home/airflow/.local/lib/python3.12/site-packages/airflow/example_dags/example_bash_operator.py
[2025-12-09T19:18:33.504+0000] {processor.py:925} INFO - DAG(s) 'example_bash_operator' retrieved from /home/airflow/.local/lib/python3.12/site-packages/airflow/example_dags/example_bash_operator.py
[2025-12-09T19:18:33.555+0000] {logging_mixin.py:190} INFO - [2025-12-09T19:18:33.555+0000] {dag.py:3229} INFO - Sync 1 DAGs
[2025-12-09T19:18:33.600+0000] {logging_mixin.py:190} INFO - [2025-12-09T19:18:33.599+0000] {dag.py:4156} INFO - Setting next_dagrun for example_bash_operator to 2025-12-08 00:00:00+00:00, run_after=2025-12-09 00:00:00+00:00
[2025-12-09T19:18:33.663+0000] {processor.py:208} INFO - Processing /home/airflow/.local/lib/python3.12/site-packages/airflow/example_dags/example_bash_operator.py took 0.201 seconds
[2025-12-09T19:18:58.441+0000] {processor.py:186} INFO - Started process (PID=536) to work on /home/airflow/.local/lib/python3.12/site-packages/airflow/example_dags/example_bash_operator.py
[2025-12-09T19:18:58.443+0000] {processor.py:914} INFO - Processing file /home/airflow/.local/lib/python3.12/site-packages/airflow/example_dags/example_bash_operator.py for tasks to queue
[2025-12-09T19:18:58.447+0000] {logging_mixin.py:190} INFO - [2025-12-09T19:18:58.447+0000] {dagbag.py:587} INFO - Filling up the DagBag from /home/airflow/.local/lib/python3.12/site-packages/airflow/example_dags/example_bash_operator.py
[2025-12-09T19:18:58.470+0000] {processor.py:925} INFO - DAG(s) 'example_bash_operator' retrieved from /home/airflow/.local/lib/python3.12/site-packages/airflow/example_dags/example_bash_operator.py
[2025-12-09T19:18:58.511+0000] {logging_mixin.py:190} INFO - [2025-12-09T19:18:58.510+0000] {dag.py:3229} INFO - Sync 1 DAGs
[2025-12-09T19:18:58.552+0000] {logging_mixin.py:190} INFO - [2025-12-09T19:18:58.552+0000] {dag.py:4156} INFO - Setting next_dagrun for example_bash_operator to 2025-12-08 00:00:00+00:00, run_after=2025-12-09 00:00:00+00:00
[2025-12-09T19:18:58.611+0000] {processor.py:208} INFO - Processing /home/airflow/.local/lib/python3.12/site-packages/airflow/example_dags/example_bash_operator.py took 0.180 seconds
[2025-12-09T19:19:31.992+0000] {processor.py:186} INFO - Started process (PID=589) to work on /home/airflow/.local/lib/python3.12/site-packages/airflow/example_dags/example_bash_operator.py
[2025-12-09T19:19:31.994+0000] {processor.py:914} INFO - Processing file /home/airflow/.local/lib/python3.12/site-packages/airflow/example_dags/example_bash_operator.py for tasks to queue
[2025-12-09T19:19:31.998+0000] {logging_mixin.py:190} INFO - [2025-12-09T19:19:31.998+0000] {dagbag.py:587} INFO - Filling up the DagBag from /home/airflow/.local/lib/python3.12/site-packages/airflow/example_dags/example_bash_operator.py
[2025-12-09T19:19:32.019+0000] {processor.py:925} INFO - DAG(s) 'example_bash_operator' retrieved from /home/airflow/.local/lib/python3.12/site-packages/airflow/example_dags/example_bash_operator.py
[2025-12-09T19:19:32.061+0000] {logging_mixin.py:190} INFO - [2025-12-09T19:19:32.061+0000] {dag.py:3229} INFO - Sync 1 DAGs
[2025-12-09T19:19:32.098+0000] {logging_mixin.py:190} INFO - [2025-12-09T19:19:32.098+0000] {dag.py:4156} INFO - Setting next_dagrun for example_bash_operator to 2025-12-08 00:00:00+00:00, run_after=2025-12-09 00:00:00+00:00
[2025-12-09T19:19:23.525+0000] {processor.py:208} INFO - Processing /home/airflow/.local/lib/python3.12/site-packages/airflow/example_dags/example_bash_operator.py took 0.167 seconds
[2025-12-09T19:19:56.946+0000] {processor.py:186} INFO - Started process (PID=638) to work on /home/airflow/.local/lib/python3.12/site-packages/airflow/example_dags/example_bash_operator.py
[2025-12-09T19:19:56.980+0000] {processor.py:914} INFO - Processing file /home/airflow/.local/lib/python3.12/site-packages/airflow/example_dags/example_bash_operator.py for tasks to queue
[2025-12-09T19:19:56.984+0000] {logging_mixin.py:190} INFO - [2025-12-09T19:19:56.983+0000] {dagbag.py:587} INFO - Filling up the DagBag from /home/airflow/.local/lib/python3.12/site-packages/airflow/example_dags/example_bash_operator.py
[2025-12-09T19:19:57.006+0000] {processor.py:925} INFO - DAG(s) 'example_bash_operator' retrieved from /home/airflow/.local/lib/python3.12/site-packages/airflow/example_dags/example_bash_operator.py
[2025-12-09T19:19:57.049+0000] {logging_mixin.py:190} INFO - [2025-12-09T19:19:57.049+0000] {dag.py:3229} INFO - Sync 1 DAGs
[2025-12-09T19:19:57.090+0000] {logging_mixin.py:190} INFO - [2025-12-09T19:19:57.090+0000] {dag.py:4156} INFO - Setting next_dagrun for example_bash_operator to 2025-12-08 00:00:00+00:00, run_after=2025-12-09 00:00:00+00:00
[2025-12-09T19:19:48.535+0000] {processor.py:208} INFO - Processing /home/airflow/.local/lib/python3.12/site-packages/airflow/example_dags/example_bash_operator.py took 0.206 seconds
[2025-12-09T19:20:26.702+0000] {processor.py:186} INFO - Started process (PID=700) to work on /home/airflow/.local/lib/python3.12/site-packages/airflow/example_dags/example_bash_operator.py
[2025-12-09T19:20:26.705+0000] {processor.py:914} INFO - Processing file /home/airflow/.local/lib/python3.12/site-packages/airflow/example_dags/example_bash_operator.py for tasks to queue
[2025-12-09T19:20:26.712+0000] {logging_mixin.py:190} INFO - [2025-12-09T19:20:26.710+0000] {dagbag.py:587} INFO - Filling up the DagBag from /home/airflow/.local/lib/python3.12/site-packages/airflow/example_dags/example_bash_operator.py
[2025-12-09T19:20:26.738+0000] {processor.py:925} INFO - DAG(s) 'example_bash_operator' retrieved from /home/airflow/.local/lib/python3.12/site-packages/airflow/example_dags/example_bash_operator.py
[2025-12-09T19:20:26.787+0000] {logging_mixin.py:190} INFO - [2025-12-09T19:20:26.786+0000] {dag.py:3229} INFO - Sync 1 DAGs
[2025-12-09T19:20:26.825+0000] {logging_mixin.py:190} INFO - [2025-12-09T19:20:26.825+0000] {dag.py:4156} INFO - Setting next_dagrun for example_bash_operator to 2025-12-08 00:00:00+00:00, run_after=2025-12-09 00:00:00+00:00
[2025-12-09T19:20:26.855+0000] {processor.py:208} INFO - Processing /home/airflow/.local/lib/python3.12/site-packages/airflow/example_dags/example_bash_operator.py took 0.169 seconds
[2025-12-09T19:20:57.233+0000] {processor.py:186} INFO - Started process (PID=789) to work on /home/airflow/.local/lib/python3.12/site-packages/airflow/example_dags/example_bash_operator.py
[2025-12-09T19:20:57.268+0000] {processor.py:914} INFO - Processing file /home/airflow/.local/lib/python3.12/site-packages/airflow/example_dags/example_bash_operator.py for tasks to queue
[2025-12-09T19:20:57.272+0000] {logging_mixin.py:190} INFO - [2025-12-09T19:20:57.272+0000] {dagbag.py:587} INFO - Filling up the DagBag from /home/airflow/.local/lib/python3.12/site-packages/airflow/example_dags/example_bash_operator.py
[2025-12-09T19:20:57.301+0000] {processor.py:925} INFO - DAG(s) 'example_bash_operator' retrieved from /home/airflow/.local/lib/python3.12/site-packages/airflow/example_dags/example_bash_operator.py
[2025-12-09T19:20:57.351+0000] {logging_mixin.py:190} INFO - [2025-12-09T19:20:57.350+0000] {dag.py:3229} INFO - Sync 1 DAGs
[2025-12-09T19:20:57.387+0000] {logging_mixin.py:190} INFO - [2025-12-09T19:20:57.386+0000] {dag.py:4156} INFO - Setting next_dagrun for example_bash_operator to 2025-12-08 00:00:00+00:00, run_after=2025-12-09 00:00:00+00:00
[2025-12-09T19:20:57.449+0000] {processor.py:208} INFO - Processing /home/airflow/.local/lib/python3.12/site-packages/airflow/example_dags/example_bash_operator.py took 0.227 seconds
[2025-12-09T19:21:28.349+0000] {processor.py:186} INFO - Started process (PID=851) to work on /home/airflow/.local/lib/python3.12/site-packages/airflow/example_dags/example_bash_operator.py
[2025-12-09T19:21:28.381+0000] {processor.py:914} INFO - Processing file /home/airflow/.local/lib/python3.12/site-packages/airflow/example_dags/example_bash_operator.py for tasks to queue
[2025-12-09T19:21:28.386+0000] {logging_mixin.py:190} INFO - [2025-12-09T19:21:28.386+0000] {dagbag.py:587} INFO - Filling up the DagBag from /home/airflow/.local/lib/python3.12/site-packages/airflow/example_dags/example_bash_operator.py
[2025-12-09T19:21:28.419+0000] {processor.py:925} INFO - DAG(s) 'example_bash_operator' retrieved from /home/airflow/.local/lib/python3.12/site-packages/airflow/example_dags/example_bash_operator.py
[2025-12-09T19:21:28.466+0000] {logging_mixin.py:190} INFO - [2025-12-09T19:21:28.466+0000] {dag.py:3229} INFO - Sync 1 DAGs
[2025-12-09T19:21:28.509+0000] {logging_mixin.py:190} INFO - [2025-12-09T19:21:28.509+0000] {dag.py:4156} INFO - Setting next_dagrun for example_bash_operator to 2025-12-08 00:00:00+00:00, run_after=2025-12-09 00:00:00+00:00
[2025-12-09T19:21:28.573+0000] {processor.py:208} INFO - Processing /home/airflow/.local/lib/python3.12/site-packages/airflow/example_dags/example_bash_operator.py took 0.239 seconds
[2025-12-09T19:22:02.263+0000] {processor.py:186} INFO - Started process (PID=916) to work on /home/airflow/.local/lib/python3.12/site-packages/airflow/example_dags/example_bash_operator.py
[2025-12-09T19:22:02.270+0000] {processor.py:914} INFO - Processing file /home/airflow/.local/lib/python3.12/site-packages/airflow/example_dags/example_bash_operator.py for tasks to queue
[2025-12-09T19:22:02.274+0000] {logging_mixin.py:190} INFO - [2025-12-09T19:22:02.274+0000] {dagbag.py:587} INFO - Filling up the DagBag from /home/airflow/.local/lib/python3.12/site-packages/airflow/example_dags/example_bash_operator.py
[2025-12-09T19:22:02.295+0000] {processor.py:925} INFO - DAG(s) 'example_bash_operator' retrieved from /home/airflow/.local/lib/python3.12/site-packages/airflow/example_dags/example_bash_operator.py
[2025-12-09T19:21:53.708+0000] {logging_mixin.py:190} INFO - [2025-12-09T19:21:53.707+0000] {dag.py:3229} INFO - Sync 1 DAGs
[2025-12-09T19:21:53.778+0000] {logging_mixin.py:190} INFO - [2025-12-09T19:21:53.777+0000] {dag.py:4156} INFO - Setting next_dagrun for example_bash_operator to 2025-12-08 00:00:00+00:00, run_after=2025-12-09 00:00:00+00:00
[2025-12-09T19:21:53.806+0000] {processor.py:208} INFO - Processing /home/airflow/.local/lib/python3.12/site-packages/airflow/example_dags/example_bash_operator.py took 0.183 seconds
[2025-12-09T19:22:24.220+0000] {processor.py:186} INFO - Started process (PID=976) to work on /home/airflow/.local/lib/python3.12/site-packages/airflow/example_dags/example_bash_operator.py
[2025-12-09T19:22:24.239+0000] {processor.py:914} INFO - Processing file /home/airflow/.local/lib/python3.12/site-packages/airflow/example_dags/example_bash_operator.py for tasks to queue
[2025-12-09T19:22:24.243+0000] {logging_mixin.py:190} INFO - [2025-12-09T19:22:24.242+0000] {dagbag.py:587} INFO - Filling up the DagBag from /home/airflow/.local/lib/python3.12/site-packages/airflow/example_dags/example_bash_operator.py
[2025-12-09T19:22:24.262+0000] {processor.py:925} INFO - DAG(s) 'example_bash_operator' retrieved from /home/airflow/.local/lib/python3.12/site-packages/airflow/example_dags/example_bash_operator.py
[2025-12-09T19:22:24.307+0000] {logging_mixin.py:190} INFO - [2025-12-09T19:22:24.306+0000] {dag.py:3229} INFO - Sync 1 DAGs
[2025-12-09T19:22:24.343+0000] {logging_mixin.py:190} INFO - [2025-12-09T19:22:24.342+0000] {dag.py:4156} INFO - Setting next_dagrun for example_bash_operator to 2025-12-08 00:00:00+00:00, run_after=2025-12-09 00:00:00+00:00
[2025-12-09T19:22:24.388+0000] {processor.py:208} INFO - Processing /home/airflow/.local/lib/python3.12/site-packages/airflow/example_dags/example_bash_operator.py took 0.178 seconds
[2025-12-09T19:22:56.977+0000] {processor.py:186} INFO - Started process (PID=1013) to work on /home/airflow/.local/lib/python3.12/site-packages/airflow/example_dags/example_bash_operator.py
[2025-12-09T19:22:56.997+0000] {processor.py:914} INFO - Processing file /home/airflow/.local/lib/python3.12/site-packages/airflow/example_dags/example_bash_operator.py for tasks to queue
[2025-12-09T19:22:57.001+0000] {logging_mixin.py:190} INFO - [2025-12-09T19:22:57.000+0000] {dagbag.py:587} INFO - Filling up the DagBag from /home/airflow/.local/lib/python3.12/site-packages/airflow/example_dags/example_bash_operator.py
[2025-12-09T19:22:57.018+0000] {processor.py:925} INFO - DAG(s) 'example_bash_operator' retrieved from /home/airflow/.local/lib/python3.12/site-packages/airflow/example_dags/example_bash_operator.py
[2025-12-09T19:22:57.061+0000] {logging_mixin.py:190} INFO - [2025-12-09T19:22:57.061+0000] {dag.py:3229} INFO - Sync 1 DAGs
[2025-12-09T19:22:57.095+0000] {logging_mixin.py:190} INFO - [2025-12-09T19:22:57.095+0000] {dag.py:4156} INFO - Setting next_dagrun for example_bash_operator to 2025-12-08 00:00:00+00:00, run_after=2025-12-09 00:00:00+00:00
[2025-12-09T19:22:57.136+0000] {processor.py:208} INFO - Processing /home/airflow/.local/lib/python3.12/site-packages/airflow/example_dags/example_bash_operator.py took 0.168 seconds
[2025-12-09T19:23:32.234+0000] {processor.py:186} INFO - Started process (PID=1111) to work on /home/airflow/.local/lib/python3.12/site-packages/airflow/example_dags/example_bash_operator.py
[2025-12-09T19:23:32.258+0000] {processor.py:914} INFO - Processing file /home/airflow/.local/lib/python3.12/site-packages/airflow/example_dags/example_bash_operator.py for tasks to queue
[2025-12-09T19:23:32.262+0000] {logging_mixin.py:190} INFO - [2025-12-09T19:23:32.261+0000] {dagbag.py:587} INFO - Filling up the DagBag from /home/airflow/.local/lib/python3.12/site-packages/airflow/example_dags/example_bash_operator.py
[2025-12-09T19:23:32.284+0000] {processor.py:925} INFO - DAG(s) 'example_bash_operator' retrieved from /home/airflow/.local/lib/python3.12/site-packages/airflow/example_dags/example_bash_operator.py
[2025-12-09T19:23:32.328+0000] {logging_mixin.py:190} INFO - [2025-12-09T19:23:32.328+0000] {dag.py:3229} INFO - Sync 1 DAGs
[2025-12-09T19:23:32.365+0000] {logging_mixin.py:190} INFO - [2025-12-09T19:23:32.364+0000] {dag.py:4156} INFO - Setting next_dagrun for example_bash_operator to 2025-12-08 00:00:00+00:00, run_after=2025-12-09 00:00:00+00:00
[2025-12-09T19:23:23.832+0000] {processor.py:208} INFO - Processing /home/airflow/.local/lib/python3.12/site-packages/airflow/example_dags/example_bash_operator.py took 0.170 seconds
[2025-12-09T19:24:02.178+0000] {processor.py:186} INFO - Started process (PID=1165) to work on /home/airflow/.local/lib/python3.12/site-packages/airflow/example_dags/example_bash_operator.py
[2025-12-09T19:24:02.180+0000] {processor.py:914} INFO - Processing file /home/airflow/.local/lib/python3.12/site-packages/airflow/example_dags/example_bash_operator.py for tasks to queue
[2025-12-09T19:24:02.184+0000] {logging_mixin.py:190} INFO - [2025-12-09T19:24:02.183+0000] {dagbag.py:587} INFO - Filling up the DagBag from /home/airflow/.local/lib/python3.12/site-packages/airflow/example_dags/example_bash_operator.py
[2025-12-09T19:24:02.203+0000] {processor.py:925} INFO - DAG(s) 'example_bash_operator' retrieved from /home/airflow/.local/lib/python3.12/site-packages/airflow/example_dags/example_bash_operator.py
[2025-12-09T19:24:02.254+0000] {logging_mixin.py:190} INFO - [2025-12-09T19:24:02.253+0000] {dag.py:3229} INFO - Sync 1 DAGs
[2025-12-09T19:24:02.295+0000] {logging_mixin.py:190} INFO - [2025-12-09T19:24:02.295+0000] {dag.py:4156} INFO - Setting next_dagrun for example_bash_operator to 2025-12-08 00:00:00+00:00, run_after=2025-12-09 00:00:00+00:00
[2025-12-09T19:24:02.363+0000] {processor.py:208} INFO - Processing /home/airflow/.local/lib/python3.12/site-packages/airflow/example_dags/example_bash_operator.py took 0.194 seconds
[2025-12-09T19:24:32.544+0000] {processor.py:186} INFO - Started process (PID=1248) to work on /home/airflow/.local/lib/python3.12/site-packages/airflow/example_dags/example_bash_operator.py
[2025-12-09T19:24:23.926+0000] {processor.py:914} INFO - Processing file /home/airflow/.local/lib/python3.12/site-packages/airflow/example_dags/example_bash_operator.py for tasks to queue
[2025-12-09T19:24:23.930+0000] {logging_mixin.py:190} INFO - [2025-12-09T19:24:23.929+0000] {dagbag.py:587} INFO - Filling up the DagBag from /home/airflow/.local/lib/python3.12/site-packages/airflow/example_dags/example_bash_operator.py
[2025-12-09T19:24:23.950+0000] {processor.py:925} INFO - DAG(s) 'example_bash_operator' retrieved from /home/airflow/.local/lib/python3.12/site-packages/airflow/example_dags/example_bash_operator.py
[2025-12-09T19:24:23.990+0000] {logging_mixin.py:190} INFO - [2025-12-09T19:24:23.990+0000] {dag.py:3229} INFO - Sync 1 DAGs
[2025-12-09T19:24:24.033+0000] {logging_mixin.py:190} INFO - [2025-12-09T19:24:24.032+0000] {dag.py:4156} INFO - Setting next_dagrun for example_bash_operator to 2025-12-08 00:00:00+00:00, run_after=2025-12-09 00:00:00+00:00
[2025-12-09T19:24:24.061+0000] {processor.py:208} INFO - Processing /home/airflow/.local/lib/python3.12/site-packages/airflow/example_dags/example_bash_operator.py took 0.177 seconds
[2025-12-09T19:24:57.375+0000] {processor.py:186} INFO - Started process (PID=1281) to work on /home/airflow/.local/lib/python3.12/site-packages/airflow/example_dags/example_bash_operator.py
[2025-12-09T19:24:57.377+0000] {processor.py:914} INFO - Processing file /home/airflow/.local/lib/python3.12/site-packages/airflow/example_dags/example_bash_operator.py for tasks to queue
[2025-12-09T19:24:57.382+0000] {logging_mixin.py:190} INFO - [2025-12-09T19:24:57.382+0000] {dagbag.py:587} INFO - Filling up the DagBag from /home/airflow/.local/lib/python3.12/site-packages/airflow/example_dags/example_bash_operator.py
[2025-12-09T19:24:57.403+0000] {processor.py:925} INFO - DAG(s) 'example_bash_operator' retrieved from /home/airflow/.local/lib/python3.12/site-packages/airflow/example_dags/example_bash_operator.py
[2025-12-09T19:24:57.446+0000] {logging_mixin.py:190} INFO - [2025-12-09T19:24:57.445+0000] {dag.py:3229} INFO - Sync 1 DAGs
[2025-12-09T19:24:57.476+0000] {logging_mixin.py:190} INFO - [2025-12-09T19:24:57.475+0000] {dag.py:4156} INFO - Setting next_dagrun for example_bash_operator to 2025-12-08 00:00:00+00:00, run_after=2025-12-09 00:00:00+00:00
[2025-12-09T19:24:57.533+0000] {processor.py:208} INFO - Processing /home/airflow/.local/lib/python3.12/site-packages/airflow/example_dags/example_bash_operator.py took 0.168 seconds
[2025-12-09T19:25:28.009+0000] {processor.py:186} INFO - Started process (PID=1377) to work on /home/airflow/.local/lib/python3.12/site-packages/airflow/example_dags/example_bash_operator.py
[2025-12-09T19:25:28.039+0000] {processor.py:914} INFO - Processing file /home/airflow/.local/lib/python3.12/site-packages/airflow/example_dags/example_bash_operator.py for tasks to queue
[2025-12-09T19:25:28.046+0000] {logging_mixin.py:190} INFO - [2025-12-09T19:25:28.045+0000] {dagbag.py:587} INFO - Filling up the DagBag from /home/airflow/.local/lib/python3.12/site-packages/airflow/example_dags/example_bash_operator.py
[2025-12-09T19:25:28.073+0000] {processor.py:925} INFO - DAG(s) 'example_bash_operator' retrieved from /home/airflow/.local/lib/python3.12/site-packages/airflow/example_dags/example_bash_operator.py
[2025-12-09T19:25:28.129+0000] {logging_mixin.py:190} INFO - [2025-12-09T19:25:28.129+0000] {dag.py:3229} INFO - Sync 1 DAGs
[2025-12-09T19:25:28.172+0000] {logging_mixin.py:190} INFO - [2025-12-09T19:25:28.171+0000] {dag.py:4156} INFO - Setting next_dagrun for example_bash_operator to 2025-12-08 00:00:00+00:00, run_after=2025-12-09 00:00:00+00:00
[2025-12-09T19:25:28.234+0000] {processor.py:208} INFO - Processing /home/airflow/.local/lib/python3.12/site-packages/airflow/example_dags/example_bash_operator.py took 0.240 seconds
[2025-12-09T19:25:58.527+0000] {processor.py:186} INFO - Started process (PID=1439) to work on /home/airflow/.local/lib/python3.12/site-packages/airflow/example_dags/example_bash_operator.py
[2025-12-09T19:25:58.530+0000] {processor.py:914} INFO - Processing file /home/airflow/.local/lib/python3.12/site-packages/airflow/example_dags/example_bash_operator.py for tasks to queue
[2025-12-09T19:25:58.534+0000] {logging_mixin.py:190} INFO - [2025-12-09T19:25:58.533+0000] {dagbag.py:587} INFO - Filling up the DagBag from /home/airflow/.local/lib/python3.12/site-packages/airflow/example_dags/example_bash_operator.py
[2025-12-09T19:25:58.555+0000] {processor.py:925} INFO - DAG(s) 'example_bash_operator' retrieved from /home/airflow/.local/lib/python3.12/site-packages/airflow/example_dags/example_bash_operator.py
[2025-12-09T19:25:58.603+0000] {logging_mixin.py:190} INFO - [2025-12-09T19:25:58.603+0000] {dag.py:3229} INFO - Sync 1 DAGs
[2025-12-09T19:25:58.652+0000] {logging_mixin.py:190} INFO - [2025-12-09T19:25:58.651+0000] {dag.py:4156} INFO - Setting next_dagrun for example_bash_operator to 2025-12-08 00:00:00+00:00, run_after=2025-12-09 00:00:00+00:00
[2025-12-09T19:25:58.689+0000] {processor.py:208} INFO - Processing /home/airflow/.local/lib/python3.12/site-packages/airflow/example_dags/example_bash_operator.py took 0.175 seconds
