[2025-12-09T19:15:34.381+0000] {processor.py:186} INFO - Started process (PID=100) to work on /home/airflow/.local/lib/python3.12/site-packages/airflow/example_dags/example_display_name.py
[2025-12-09T19:15:34.382+0000] {processor.py:914} INFO - Processing file /home/airflow/.local/lib/python3.12/site-packages/airflow/example_dags/example_display_name.py for tasks to queue
[2025-12-09T19:15:34.386+0000] {logging_mixin.py:190} INFO - [2025-12-09T19:15:34.385+0000] {dagbag.py:587} INFO - Filling up the DagBag from /home/airflow/.local/lib/python3.12/site-packages/airflow/example_dags/example_display_name.py
[2025-12-09T19:15:34.399+0000] {processor.py:925} INFO - DAG(s) 'example_display_name' retrieved from /home/airflow/.local/lib/python3.12/site-packages/airflow/example_dags/example_display_name.py
[2025-12-09T19:15:34.553+0000] {logging_mixin.py:190} INFO - [2025-12-09T19:15:34.552+0000] {override.py:1900} INFO - Created Permission View: can read on DAG:example_display_name
[2025-12-09T19:15:34.570+0000] {logging_mixin.py:190} INFO - [2025-12-09T19:15:34.569+0000] {override.py:1900} INFO - Created Permission View: can delete on DAG:example_display_name
[2025-12-09T19:15:34.580+0000] {logging_mixin.py:190} INFO - [2025-12-09T19:15:34.580+0000] {override.py:1900} INFO - Created Permission View: can edit on DAG:example_display_name
[2025-12-09T19:15:34.593+0000] {logging_mixin.py:190} INFO - [2025-12-09T19:15:34.592+0000] {override.py:1900} INFO - Created Permission View: can read on DAG Run:example_display_name
[2025-12-09T19:15:34.604+0000] {logging_mixin.py:190} INFO - [2025-12-09T19:15:34.603+0000] {override.py:1900} INFO - Created Permission View: can delete on DAG Run:example_display_name
[2025-12-09T19:15:34.614+0000] {logging_mixin.py:190} INFO - [2025-12-09T19:15:34.613+0000] {override.py:1900} INFO - Created Permission View: menu access on DAG Run:example_display_name
[2025-12-09T19:15:34.624+0000] {logging_mixin.py:190} INFO - [2025-12-09T19:15:34.624+0000] {override.py:1900} INFO - Created Permission View: can create on DAG Run:example_display_name
[2025-12-09T19:15:34.625+0000] {logging_mixin.py:190} INFO - [2025-12-09T19:15:34.625+0000] {dag.py:3229} INFO - Sync 1 DAGs
[2025-12-09T19:15:34.645+0000] {logging_mixin.py:190} INFO - [2025-12-09T19:15:34.644+0000] {dag.py:3252} INFO - Creating ORM DAG for example_display_name
[2025-12-09T19:15:34.646+0000] {logging_mixin.py:190} INFO - [2025-12-09T19:15:34.645+0000] {dag.py:4156} INFO - Setting next_dagrun for example_display_name to None, run_after=None
[2025-12-09T19:15:34.671+0000] {processor.py:208} INFO - Processing /home/airflow/.local/lib/python3.12/site-packages/airflow/example_dags/example_display_name.py took 0.299 seconds
[2025-12-09T19:16:04.342+0000] {processor.py:186} INFO - Started process (PID=162) to work on /home/airflow/.local/lib/python3.12/site-packages/airflow/example_dags/example_display_name.py
[2025-12-09T19:16:04.376+0000] {processor.py:914} INFO - Processing file /home/airflow/.local/lib/python3.12/site-packages/airflow/example_dags/example_display_name.py for tasks to queue
[2025-12-09T19:16:04.380+0000] {logging_mixin.py:190} INFO - [2025-12-09T19:16:04.379+0000] {dagbag.py:587} INFO - Filling up the DagBag from /home/airflow/.local/lib/python3.12/site-packages/airflow/example_dags/example_display_name.py
[2025-12-09T19:16:04.393+0000] {processor.py:925} INFO - DAG(s) 'example_display_name' retrieved from /home/airflow/.local/lib/python3.12/site-packages/airflow/example_dags/example_display_name.py
[2025-12-09T19:16:04.418+0000] {logging_mixin.py:190} INFO - [2025-12-09T19:16:04.417+0000] {dag.py:3229} INFO - Sync 1 DAGs
[2025-12-09T19:16:04.442+0000] {logging_mixin.py:190} INFO - [2025-12-09T19:16:04.442+0000] {dag.py:4156} INFO - Setting next_dagrun for example_display_name to None, run_after=None
[2025-12-09T19:16:04.507+0000] {processor.py:208} INFO - Processing /home/airflow/.local/lib/python3.12/site-packages/airflow/example_dags/example_display_name.py took 0.175 seconds
[2025-12-09T19:16:35.222+0000] {processor.py:186} INFO - Started process (PID=221) to work on /home/airflow/.local/lib/python3.12/site-packages/airflow/example_dags/example_display_name.py
[2025-12-09T19:16:35.257+0000] {processor.py:914} INFO - Processing file /home/airflow/.local/lib/python3.12/site-packages/airflow/example_dags/example_display_name.py for tasks to queue
[2025-12-09T19:16:35.262+0000] {logging_mixin.py:190} INFO - [2025-12-09T19:16:35.261+0000] {dagbag.py:587} INFO - Filling up the DagBag from /home/airflow/.local/lib/python3.12/site-packages/airflow/example_dags/example_display_name.py
[2025-12-09T19:16:35.278+0000] {processor.py:925} INFO - DAG(s) 'example_display_name' retrieved from /home/airflow/.local/lib/python3.12/site-packages/airflow/example_dags/example_display_name.py
[2025-12-09T19:16:35.316+0000] {logging_mixin.py:190} INFO - [2025-12-09T19:16:35.316+0000] {dag.py:3229} INFO - Sync 1 DAGs
[2025-12-09T19:16:35.342+0000] {logging_mixin.py:190} INFO - [2025-12-09T19:16:35.342+0000] {dag.py:4156} INFO - Setting next_dagrun for example_display_name to None, run_after=None
[2025-12-09T19:16:35.375+0000] {processor.py:208} INFO - Processing /home/airflow/.local/lib/python3.12/site-packages/airflow/example_dags/example_display_name.py took 0.165 seconds
[2025-12-09T19:16:59.100+0000] {processor.py:186} INFO - Started process (PID=280) to work on /home/airflow/.local/lib/python3.12/site-packages/airflow/example_dags/example_display_name.py
[2025-12-09T19:16:59.131+0000] {processor.py:914} INFO - Processing file /home/airflow/.local/lib/python3.12/site-packages/airflow/example_dags/example_display_name.py for tasks to queue
[2025-12-09T19:16:59.135+0000] {logging_mixin.py:190} INFO - [2025-12-09T19:16:59.135+0000] {dagbag.py:587} INFO - Filling up the DagBag from /home/airflow/.local/lib/python3.12/site-packages/airflow/example_dags/example_display_name.py
[2025-12-09T19:16:59.148+0000] {processor.py:925} INFO - DAG(s) 'example_display_name' retrieved from /home/airflow/.local/lib/python3.12/site-packages/airflow/example_dags/example_display_name.py
[2025-12-09T19:16:59.184+0000] {logging_mixin.py:190} INFO - [2025-12-09T19:16:59.183+0000] {dag.py:3229} INFO - Sync 1 DAGs
[2025-12-09T19:16:59.207+0000] {logging_mixin.py:190} INFO - [2025-12-09T19:16:59.206+0000] {dag.py:4156} INFO - Setting next_dagrun for example_display_name to None, run_after=None
[2025-12-09T19:16:59.235+0000] {processor.py:208} INFO - Processing /home/airflow/.local/lib/python3.12/site-packages/airflow/example_dags/example_display_name.py took 0.146 seconds
[2025-12-09T19:17:28.687+0000] {processor.py:186} INFO - Started process (PID=340) to work on /home/airflow/.local/lib/python3.12/site-packages/airflow/example_dags/example_display_name.py
[2025-12-09T19:17:28.706+0000] {processor.py:914} INFO - Processing file /home/airflow/.local/lib/python3.12/site-packages/airflow/example_dags/example_display_name.py for tasks to queue
[2025-12-09T19:17:28.709+0000] {logging_mixin.py:190} INFO - [2025-12-09T19:17:28.709+0000] {dagbag.py:587} INFO - Filling up the DagBag from /home/airflow/.local/lib/python3.12/site-packages/airflow/example_dags/example_display_name.py
[2025-12-09T19:17:28.720+0000] {processor.py:925} INFO - DAG(s) 'example_display_name' retrieved from /home/airflow/.local/lib/python3.12/site-packages/airflow/example_dags/example_display_name.py
[2025-12-09T19:17:28.752+0000] {logging_mixin.py:190} INFO - [2025-12-09T19:17:28.751+0000] {dag.py:3229} INFO - Sync 1 DAGs
[2025-12-09T19:17:28.772+0000] {logging_mixin.py:190} INFO - [2025-12-09T19:17:28.771+0000] {dag.py:4156} INFO - Setting next_dagrun for example_display_name to None, run_after=None
[2025-12-09T19:17:37.378+0000] {processor.py:208} INFO - Processing /home/airflow/.local/lib/python3.12/site-packages/airflow/example_dags/example_display_name.py took 0.151 seconds
[2025-12-09T19:18:04.472+0000] {processor.py:186} INFO - Started process (PID=427) to work on /home/airflow/.local/lib/python3.12/site-packages/airflow/example_dags/example_display_name.py
[2025-12-09T19:18:04.476+0000] {processor.py:914} INFO - Processing file /home/airflow/.local/lib/python3.12/site-packages/airflow/example_dags/example_display_name.py for tasks to queue
[2025-12-09T19:18:04.481+0000] {logging_mixin.py:190} INFO - [2025-12-09T19:18:04.480+0000] {dagbag.py:587} INFO - Filling up the DagBag from /home/airflow/.local/lib/python3.12/site-packages/airflow/example_dags/example_display_name.py
[2025-12-09T19:18:04.497+0000] {processor.py:925} INFO - DAG(s) 'example_display_name' retrieved from /home/airflow/.local/lib/python3.12/site-packages/airflow/example_dags/example_display_name.py
[2025-12-09T19:18:04.531+0000] {logging_mixin.py:190} INFO - [2025-12-09T19:18:04.530+0000] {dag.py:3229} INFO - Sync 1 DAGs
[2025-12-09T19:18:04.556+0000] {logging_mixin.py:190} INFO - [2025-12-09T19:18:04.555+0000] {dag.py:4156} INFO - Setting next_dagrun for example_display_name to None, run_after=None
[2025-12-09T19:18:04.602+0000] {processor.py:208} INFO - Processing /home/airflow/.local/lib/python3.12/site-packages/airflow/example_dags/example_display_name.py took 0.148 seconds
[2025-12-09T19:18:34.770+0000] {processor.py:186} INFO - Started process (PID=488) to work on /home/airflow/.local/lib/python3.12/site-packages/airflow/example_dags/example_display_name.py
[2025-12-09T19:18:34.779+0000] {processor.py:914} INFO - Processing file /home/airflow/.local/lib/python3.12/site-packages/airflow/example_dags/example_display_name.py for tasks to queue
[2025-12-09T19:18:34.783+0000] {logging_mixin.py:190} INFO - [2025-12-09T19:18:34.783+0000] {dagbag.py:587} INFO - Filling up the DagBag from /home/airflow/.local/lib/python3.12/site-packages/airflow/example_dags/example_display_name.py
[2025-12-09T19:18:34.797+0000] {processor.py:925} INFO - DAG(s) 'example_display_name' retrieved from /home/airflow/.local/lib/python3.12/site-packages/airflow/example_dags/example_display_name.py
[2025-12-09T19:18:34.833+0000] {logging_mixin.py:190} INFO - [2025-12-09T19:18:34.832+0000] {dag.py:3229} INFO - Sync 1 DAGs
[2025-12-09T19:18:34.855+0000] {logging_mixin.py:190} INFO - [2025-12-09T19:18:34.854+0000] {dag.py:4156} INFO - Setting next_dagrun for example_display_name to None, run_after=None
[2025-12-09T19:18:34.918+0000] {processor.py:208} INFO - Processing /home/airflow/.local/lib/python3.12/site-packages/airflow/example_dags/example_display_name.py took 0.158 seconds
[2025-12-09T19:18:59.716+0000] {processor.py:186} INFO - Started process (PID=549) to work on /home/airflow/.local/lib/python3.12/site-packages/airflow/example_dags/example_display_name.py
[2025-12-09T19:18:59.719+0000] {processor.py:914} INFO - Processing file /home/airflow/.local/lib/python3.12/site-packages/airflow/example_dags/example_display_name.py for tasks to queue
[2025-12-09T19:18:59.722+0000] {logging_mixin.py:190} INFO - [2025-12-09T19:18:59.722+0000] {dagbag.py:587} INFO - Filling up the DagBag from /home/airflow/.local/lib/python3.12/site-packages/airflow/example_dags/example_display_name.py
[2025-12-09T19:18:59.734+0000] {processor.py:925} INFO - DAG(s) 'example_display_name' retrieved from /home/airflow/.local/lib/python3.12/site-packages/airflow/example_dags/example_display_name.py
[2025-12-09T19:18:59.764+0000] {logging_mixin.py:190} INFO - [2025-12-09T19:18:59.764+0000] {dag.py:3229} INFO - Sync 1 DAGs
[2025-12-09T19:18:59.783+0000] {logging_mixin.py:190} INFO - [2025-12-09T19:18:59.783+0000] {dag.py:4156} INFO - Setting next_dagrun for example_display_name to None, run_after=None
[2025-12-09T19:18:59.843+0000] {processor.py:208} INFO - Processing /home/airflow/.local/lib/python3.12/site-packages/airflow/example_dags/example_display_name.py took 0.137 seconds
[2025-12-09T19:19:25.677+0000] {processor.py:186} INFO - Started process (PID=602) to work on /home/airflow/.local/lib/python3.12/site-packages/airflow/example_dags/example_display_name.py
[2025-12-09T19:19:25.690+0000] {processor.py:914} INFO - Processing file /home/airflow/.local/lib/python3.12/site-packages/airflow/example_dags/example_display_name.py for tasks to queue
[2025-12-09T19:19:25.694+0000] {logging_mixin.py:190} INFO - [2025-12-09T19:19:25.693+0000] {dagbag.py:587} INFO - Filling up the DagBag from /home/airflow/.local/lib/python3.12/site-packages/airflow/example_dags/example_display_name.py
[2025-12-09T19:19:25.706+0000] {processor.py:925} INFO - DAG(s) 'example_display_name' retrieved from /home/airflow/.local/lib/python3.12/site-packages/airflow/example_dags/example_display_name.py
[2025-12-09T19:19:25.739+0000] {logging_mixin.py:190} INFO - [2025-12-09T19:19:25.738+0000] {dag.py:3229} INFO - Sync 1 DAGs
[2025-12-09T19:19:25.761+0000] {logging_mixin.py:190} INFO - [2025-12-09T19:19:25.761+0000] {dag.py:4156} INFO - Setting next_dagrun for example_display_name to None, run_after=None
[2025-12-09T19:19:25.821+0000] {processor.py:208} INFO - Processing /home/airflow/.local/lib/python3.12/site-packages/airflow/example_dags/example_display_name.py took 0.154 seconds
[2025-12-09T19:19:50.121+0000] {processor.py:186} INFO - Started process (PID=651) to work on /home/airflow/.local/lib/python3.12/site-packages/airflow/example_dags/example_display_name.py
[2025-12-09T19:19:50.122+0000] {processor.py:914} INFO - Processing file /home/airflow/.local/lib/python3.12/site-packages/airflow/example_dags/example_display_name.py for tasks to queue
[2025-12-09T19:19:50.126+0000] {logging_mixin.py:190} INFO - [2025-12-09T19:19:50.125+0000] {dagbag.py:587} INFO - Filling up the DagBag from /home/airflow/.local/lib/python3.12/site-packages/airflow/example_dags/example_display_name.py
[2025-12-09T19:19:50.137+0000] {processor.py:925} INFO - DAG(s) 'example_display_name' retrieved from /home/airflow/.local/lib/python3.12/site-packages/airflow/example_dags/example_display_name.py
[2025-12-09T19:19:50.167+0000] {logging_mixin.py:190} INFO - [2025-12-09T19:19:50.167+0000] {dag.py:3229} INFO - Sync 1 DAGs
[2025-12-09T19:19:50.186+0000] {logging_mixin.py:190} INFO - [2025-12-09T19:19:50.186+0000] {dag.py:4156} INFO - Setting next_dagrun for example_display_name to None, run_after=None
[2025-12-09T19:19:50.243+0000] {processor.py:208} INFO - Processing /home/airflow/.local/lib/python3.12/site-packages/airflow/example_dags/example_display_name.py took 0.131 seconds
[2025-12-09T19:20:19.723+0000] {processor.py:186} INFO - Started process (PID=713) to work on /home/airflow/.local/lib/python3.12/site-packages/airflow/example_dags/example_display_name.py
[2025-12-09T19:20:19.725+0000] {processor.py:914} INFO - Processing file /home/airflow/.local/lib/python3.12/site-packages/airflow/example_dags/example_display_name.py for tasks to queue
[2025-12-09T19:20:19.729+0000] {logging_mixin.py:190} INFO - [2025-12-09T19:20:19.728+0000] {dagbag.py:587} INFO - Filling up the DagBag from /home/airflow/.local/lib/python3.12/site-packages/airflow/example_dags/example_display_name.py
[2025-12-09T19:20:19.742+0000] {processor.py:925} INFO - DAG(s) 'example_display_name' retrieved from /home/airflow/.local/lib/python3.12/site-packages/airflow/example_dags/example_display_name.py
[2025-12-09T19:20:19.777+0000] {logging_mixin.py:190} INFO - [2025-12-09T19:20:19.776+0000] {dag.py:3229} INFO - Sync 1 DAGs
[2025-12-09T19:20:19.795+0000] {logging_mixin.py:190} INFO - [2025-12-09T19:20:19.795+0000] {dag.py:4156} INFO - Setting next_dagrun for example_display_name to None, run_after=None
[2025-12-09T19:20:19.857+0000] {processor.py:208} INFO - Processing /home/airflow/.local/lib/python3.12/site-packages/airflow/example_dags/example_display_name.py took 0.142 seconds
[2025-12-09T19:20:50.575+0000] {processor.py:186} INFO - Started process (PID=771) to work on /home/airflow/.local/lib/python3.12/site-packages/airflow/example_dags/example_display_name.py
[2025-12-09T19:20:50.598+0000] {processor.py:914} INFO - Processing file /home/airflow/.local/lib/python3.12/site-packages/airflow/example_dags/example_display_name.py for tasks to queue
[2025-12-09T19:20:50.602+0000] {logging_mixin.py:190} INFO - [2025-12-09T19:20:50.602+0000] {dagbag.py:587} INFO - Filling up the DagBag from /home/airflow/.local/lib/python3.12/site-packages/airflow/example_dags/example_display_name.py
[2025-12-09T19:20:50.617+0000] {processor.py:925} INFO - DAG(s) 'example_display_name' retrieved from /home/airflow/.local/lib/python3.12/site-packages/airflow/example_dags/example_display_name.py
[2025-12-09T19:20:50.655+0000] {logging_mixin.py:190} INFO - [2025-12-09T19:20:50.655+0000] {dag.py:3229} INFO - Sync 1 DAGs
[2025-12-09T19:20:50.676+0000] {logging_mixin.py:190} INFO - [2025-12-09T19:20:50.675+0000] {dag.py:4156} INFO - Setting next_dagrun for example_display_name to None, run_after=None
[2025-12-09T19:20:50.738+0000] {processor.py:208} INFO - Processing /home/airflow/.local/lib/python3.12/site-packages/airflow/example_dags/example_display_name.py took 0.172 seconds
[2025-12-09T19:21:21.082+0000] {processor.py:186} INFO - Started process (PID=832) to work on /home/airflow/.local/lib/python3.12/site-packages/airflow/example_dags/example_display_name.py
[2025-12-09T19:21:21.115+0000] {processor.py:914} INFO - Processing file /home/airflow/.local/lib/python3.12/site-packages/airflow/example_dags/example_display_name.py for tasks to queue
[2025-12-09T19:21:21.119+0000] {logging_mixin.py:190} INFO - [2025-12-09T19:21:21.118+0000] {dagbag.py:587} INFO - Filling up the DagBag from /home/airflow/.local/lib/python3.12/site-packages/airflow/example_dags/example_display_name.py
[2025-12-09T19:21:21.133+0000] {processor.py:925} INFO - DAG(s) 'example_display_name' retrieved from /home/airflow/.local/lib/python3.12/site-packages/airflow/example_dags/example_display_name.py
[2025-12-09T19:21:21.168+0000] {logging_mixin.py:190} INFO - [2025-12-09T19:21:21.167+0000] {dag.py:3229} INFO - Sync 1 DAGs
[2025-12-09T19:21:21.190+0000] {logging_mixin.py:190} INFO - [2025-12-09T19:21:21.190+0000] {dag.py:4156} INFO - Setting next_dagrun for example_display_name to None, run_after=None
[2025-12-09T19:21:21.252+0000] {processor.py:208} INFO - Processing /home/airflow/.local/lib/python3.12/site-packages/airflow/example_dags/example_display_name.py took 0.182 seconds
[2025-12-09T19:21:49.268+0000] {processor.py:186} INFO - Started process (PID=895) to work on /home/airflow/.local/lib/python3.12/site-packages/airflow/example_dags/example_display_name.py
[2025-12-09T19:21:49.302+0000] {processor.py:914} INFO - Processing file /home/airflow/.local/lib/python3.12/site-packages/airflow/example_dags/example_display_name.py for tasks to queue
[2025-12-09T19:21:49.306+0000] {logging_mixin.py:190} INFO - [2025-12-09T19:21:49.305+0000] {dagbag.py:587} INFO - Filling up the DagBag from /home/airflow/.local/lib/python3.12/site-packages/airflow/example_dags/example_display_name.py
[2025-12-09T19:21:49.319+0000] {processor.py:925} INFO - DAG(s) 'example_display_name' retrieved from /home/airflow/.local/lib/python3.12/site-packages/airflow/example_dags/example_display_name.py
[2025-12-09T19:21:49.355+0000] {logging_mixin.py:190} INFO - [2025-12-09T19:21:49.355+0000] {dag.py:3229} INFO - Sync 1 DAGs
[2025-12-09T19:21:49.383+0000] {logging_mixin.py:190} INFO - [2025-12-09T19:21:49.383+0000] {dag.py:4156} INFO - Setting next_dagrun for example_display_name to None, run_after=None
[2025-12-09T19:21:49.448+0000] {processor.py:208} INFO - Processing /home/airflow/.local/lib/python3.12/site-packages/airflow/example_dags/example_display_name.py took 0.189 seconds
[2025-12-09T19:22:20.076+0000] {processor.py:186} INFO - Started process (PID=955) to work on /home/airflow/.local/lib/python3.12/site-packages/airflow/example_dags/example_display_name.py
[2025-12-09T19:22:20.109+0000] {processor.py:914} INFO - Processing file /home/airflow/.local/lib/python3.12/site-packages/airflow/example_dags/example_display_name.py for tasks to queue
[2025-12-09T19:22:20.113+0000] {logging_mixin.py:190} INFO - [2025-12-09T19:22:20.113+0000] {dagbag.py:587} INFO - Filling up the DagBag from /home/airflow/.local/lib/python3.12/site-packages/airflow/example_dags/example_display_name.py
[2025-12-09T19:22:20.125+0000] {processor.py:925} INFO - DAG(s) 'example_display_name' retrieved from /home/airflow/.local/lib/python3.12/site-packages/airflow/example_dags/example_display_name.py
[2025-12-09T19:22:20.157+0000] {logging_mixin.py:190} INFO - [2025-12-09T19:22:20.157+0000] {dag.py:3229} INFO - Sync 1 DAGs
[2025-12-09T19:22:20.178+0000] {logging_mixin.py:190} INFO - [2025-12-09T19:22:20.178+0000] {dag.py:4156} INFO - Setting next_dagrun for example_display_name to None, run_after=None
[2025-12-09T19:22:20.239+0000] {processor.py:208} INFO - Processing /home/airflow/.local/lib/python3.12/site-packages/airflow/example_dags/example_display_name.py took 0.173 seconds
[2025-12-09T19:22:49.599+0000] {processor.py:186} INFO - Started process (PID=1022) to work on /home/airflow/.local/lib/python3.12/site-packages/airflow/example_dags/example_display_name.py
[2025-12-09T19:22:49.601+0000] {processor.py:914} INFO - Processing file /home/airflow/.local/lib/python3.12/site-packages/airflow/example_dags/example_display_name.py for tasks to queue
[2025-12-09T19:22:49.605+0000] {logging_mixin.py:190} INFO - [2025-12-09T19:22:49.605+0000] {dagbag.py:587} INFO - Filling up the DagBag from /home/airflow/.local/lib/python3.12/site-packages/airflow/example_dags/example_display_name.py
[2025-12-09T19:22:49.619+0000] {processor.py:925} INFO - DAG(s) 'example_display_name' retrieved from /home/airflow/.local/lib/python3.12/site-packages/airflow/example_dags/example_display_name.py
[2025-12-09T19:22:49.657+0000] {logging_mixin.py:190} INFO - [2025-12-09T19:22:49.656+0000] {dag.py:3229} INFO - Sync 1 DAGs
[2025-12-09T19:22:49.678+0000] {logging_mixin.py:190} INFO - [2025-12-09T19:22:49.677+0000] {dag.py:4156} INFO - Setting next_dagrun for example_display_name to None, run_after=None
[2025-12-09T19:22:49.703+0000] {processor.py:208} INFO - Processing /home/airflow/.local/lib/python3.12/site-packages/airflow/example_dags/example_display_name.py took 0.113 seconds
[2025-12-09T19:23:20.746+0000] {processor.py:186} INFO - Started process (PID=1086) to work on /home/airflow/.local/lib/python3.12/site-packages/airflow/example_dags/example_display_name.py
[2025-12-09T19:23:20.777+0000] {processor.py:914} INFO - Processing file /home/airflow/.local/lib/python3.12/site-packages/airflow/example_dags/example_display_name.py for tasks to queue
[2025-12-09T19:23:20.781+0000] {logging_mixin.py:190} INFO - [2025-12-09T19:23:20.781+0000] {dagbag.py:587} INFO - Filling up the DagBag from /home/airflow/.local/lib/python3.12/site-packages/airflow/example_dags/example_display_name.py
[2025-12-09T19:23:20.797+0000] {processor.py:925} INFO - DAG(s) 'example_display_name' retrieved from /home/airflow/.local/lib/python3.12/site-packages/airflow/example_dags/example_display_name.py
[2025-12-09T19:23:20.836+0000] {logging_mixin.py:190} INFO - [2025-12-09T19:23:20.835+0000] {dag.py:3229} INFO - Sync 1 DAGs
[2025-12-09T19:23:20.866+0000] {logging_mixin.py:190} INFO - [2025-12-09T19:23:20.865+0000] {dag.py:4156} INFO - Setting next_dagrun for example_display_name to None, run_after=None
[2025-12-09T19:23:20.930+0000] {processor.py:208} INFO - Processing /home/airflow/.local/lib/python3.12/site-packages/airflow/example_dags/example_display_name.py took 0.197 seconds
[2025-12-09T19:23:51.094+0000] {processor.py:186} INFO - Started process (PID=1148) to work on /home/airflow/.local/lib/python3.12/site-packages/airflow/example_dags/example_display_name.py
[2025-12-09T19:23:51.097+0000] {processor.py:914} INFO - Processing file /home/airflow/.local/lib/python3.12/site-packages/airflow/example_dags/example_display_name.py for tasks to queue
[2025-12-09T19:23:51.103+0000] {logging_mixin.py:190} INFO - [2025-12-09T19:23:51.102+0000] {dagbag.py:587} INFO - Filling up the DagBag from /home/airflow/.local/lib/python3.12/site-packages/airflow/example_dags/example_display_name.py
[2025-12-09T19:23:51.120+0000] {processor.py:925} INFO - DAG(s) 'example_display_name' retrieved from /home/airflow/.local/lib/python3.12/site-packages/airflow/example_dags/example_display_name.py
[2025-12-09T19:23:51.158+0000] {logging_mixin.py:190} INFO - [2025-12-09T19:23:51.157+0000] {dag.py:3229} INFO - Sync 1 DAGs
[2025-12-09T19:23:51.180+0000] {logging_mixin.py:190} INFO - [2025-12-09T19:23:51.180+0000] {dag.py:4156} INFO - Setting next_dagrun for example_display_name to None, run_after=None
[2025-12-09T19:23:51.246+0000] {processor.py:208} INFO - Processing /home/airflow/.local/lib/python3.12/site-packages/airflow/example_dags/example_display_name.py took 0.163 seconds
[2025-12-09T19:24:14.768+0000] {processor.py:186} INFO - Started process (PID=1210) to work on /home/airflow/.local/lib/python3.12/site-packages/airflow/example_dags/example_display_name.py
[2025-12-09T19:24:14.784+0000] {processor.py:914} INFO - Processing file /home/airflow/.local/lib/python3.12/site-packages/airflow/example_dags/example_display_name.py for tasks to queue
[2025-12-09T19:24:14.788+0000] {logging_mixin.py:190} INFO - [2025-12-09T19:24:14.788+0000] {dagbag.py:587} INFO - Filling up the DagBag from /home/airflow/.local/lib/python3.12/site-packages/airflow/example_dags/example_display_name.py
[2025-12-09T19:24:14.799+0000] {processor.py:925} INFO - DAG(s) 'example_display_name' retrieved from /home/airflow/.local/lib/python3.12/site-packages/airflow/example_dags/example_display_name.py
[2025-12-09T19:24:14.832+0000] {logging_mixin.py:190} INFO - [2025-12-09T19:24:14.831+0000] {dag.py:3229} INFO - Sync 1 DAGs
[2025-12-09T19:24:14.850+0000] {logging_mixin.py:190} INFO - [2025-12-09T19:24:14.850+0000] {dag.py:4156} INFO - Setting next_dagrun for example_display_name to None, run_after=None
[2025-12-09T19:24:14.914+0000] {processor.py:208} INFO - Processing /home/airflow/.local/lib/python3.12/site-packages/airflow/example_dags/example_display_name.py took 0.162 seconds
[2025-12-09T19:24:39.503+0000] {processor.py:186} INFO - Started process (PID=1266) to work on /home/airflow/.local/lib/python3.12/site-packages/airflow/example_dags/example_display_name.py
[2025-12-09T19:24:39.538+0000] {processor.py:914} INFO - Processing file /home/airflow/.local/lib/python3.12/site-packages/airflow/example_dags/example_display_name.py for tasks to queue
[2025-12-09T19:24:39.542+0000] {logging_mixin.py:190} INFO - [2025-12-09T19:24:39.542+0000] {dagbag.py:587} INFO - Filling up the DagBag from /home/airflow/.local/lib/python3.12/site-packages/airflow/example_dags/example_display_name.py
[2025-12-09T19:24:39.558+0000] {processor.py:925} INFO - DAG(s) 'example_display_name' retrieved from /home/airflow/.local/lib/python3.12/site-packages/airflow/example_dags/example_display_name.py
[2025-12-09T19:24:39.597+0000] {logging_mixin.py:190} INFO - [2025-12-09T19:24:39.597+0000] {dag.py:3229} INFO - Sync 1 DAGs
[2025-12-09T19:24:39.622+0000] {logging_mixin.py:190} INFO - [2025-12-09T19:24:39.621+0000] {dag.py:4156} INFO - Setting next_dagrun for example_display_name to None, run_after=None
[2025-12-09T19:24:39.673+0000] {processor.py:208} INFO - Processing /home/airflow/.local/lib/python3.12/site-packages/airflow/example_dags/example_display_name.py took 0.180 seconds
[2025-12-09T19:25:04.327+0000] {processor.py:186} INFO - Started process (PID=1325) to work on /home/airflow/.local/lib/python3.12/site-packages/airflow/example_dags/example_display_name.py
[2025-12-09T19:25:04.342+0000] {processor.py:914} INFO - Processing file /home/airflow/.local/lib/python3.12/site-packages/airflow/example_dags/example_display_name.py for tasks to queue
[2025-12-09T19:25:04.346+0000] {logging_mixin.py:190} INFO - [2025-12-09T19:25:04.346+0000] {dagbag.py:587} INFO - Filling up the DagBag from /home/airflow/.local/lib/python3.12/site-packages/airflow/example_dags/example_display_name.py
[2025-12-09T19:25:04.362+0000] {processor.py:925} INFO - DAG(s) 'example_display_name' retrieved from /home/airflow/.local/lib/python3.12/site-packages/airflow/example_dags/example_display_name.py
[2025-12-09T19:25:04.401+0000] {logging_mixin.py:190} INFO - [2025-12-09T19:25:04.400+0000] {dag.py:3229} INFO - Sync 1 DAGs
[2025-12-09T19:25:04.425+0000] {logging_mixin.py:190} INFO - [2025-12-09T19:25:04.424+0000] {dag.py:4156} INFO - Setting next_dagrun for example_display_name to None, run_after=None
[2025-12-09T19:25:04.457+0000] {processor.py:208} INFO - Processing /home/airflow/.local/lib/python3.12/site-packages/airflow/example_dags/example_display_name.py took 0.142 seconds
[2025-12-09T19:25:29.292+0000] {processor.py:186} INFO - Started process (PID=1385) to work on /home/airflow/.local/lib/python3.12/site-packages/airflow/example_dags/example_display_name.py
[2025-12-09T19:25:29.327+0000] {processor.py:914} INFO - Processing file /home/airflow/.local/lib/python3.12/site-packages/airflow/example_dags/example_display_name.py for tasks to queue
[2025-12-09T19:25:29.330+0000] {logging_mixin.py:190} INFO - [2025-12-09T19:25:29.330+0000] {dagbag.py:587} INFO - Filling up the DagBag from /home/airflow/.local/lib/python3.12/site-packages/airflow/example_dags/example_display_name.py
[2025-12-09T19:25:29.342+0000] {processor.py:925} INFO - DAG(s) 'example_display_name' retrieved from /home/airflow/.local/lib/python3.12/site-packages/airflow/example_dags/example_display_name.py
[2025-12-09T19:25:29.374+0000] {logging_mixin.py:190} INFO - [2025-12-09T19:25:29.374+0000] {dag.py:3229} INFO - Sync 1 DAGs
[2025-12-09T19:25:29.394+0000] {logging_mixin.py:190} INFO - [2025-12-09T19:25:29.393+0000] {dag.py:4156} INFO - Setting next_dagrun for example_display_name to None, run_after=None
[2025-12-09T19:25:29.454+0000] {processor.py:208} INFO - Processing /home/airflow/.local/lib/python3.12/site-packages/airflow/example_dags/example_display_name.py took 0.171 seconds
[2025-12-09T19:25:59.659+0000] {processor.py:186} INFO - Started process (PID=1445) to work on /home/airflow/.local/lib/python3.12/site-packages/airflow/example_dags/example_display_name.py
[2025-12-09T19:25:59.694+0000] {processor.py:914} INFO - Processing file /home/airflow/.local/lib/python3.12/site-packages/airflow/example_dags/example_display_name.py for tasks to queue
[2025-12-09T19:25:59.698+0000] {logging_mixin.py:190} INFO - [2025-12-09T19:25:59.698+0000] {dagbag.py:587} INFO - Filling up the DagBag from /home/airflow/.local/lib/python3.12/site-packages/airflow/example_dags/example_display_name.py
[2025-12-09T19:25:59.710+0000] {processor.py:925} INFO - DAG(s) 'example_display_name' retrieved from /home/airflow/.local/lib/python3.12/site-packages/airflow/example_dags/example_display_name.py
[2025-12-09T19:25:59.741+0000] {logging_mixin.py:190} INFO - [2025-12-09T19:25:59.741+0000] {dag.py:3229} INFO - Sync 1 DAGs
[2025-12-09T19:25:59.763+0000] {logging_mixin.py:190} INFO - [2025-12-09T19:25:59.762+0000] {dag.py:4156} INFO - Setting next_dagrun for example_display_name to None, run_after=None
[2025-12-09T19:25:59.821+0000] {processor.py:208} INFO - Processing /home/airflow/.local/lib/python3.12/site-packages/airflow/example_dags/example_display_name.py took 0.173 seconds
