[2025-12-09T19:15:35.654+0000] {processor.py:186} INFO - Started process (PID=107) to work on /home/airflow/.local/lib/python3.12/site-packages/airflow/example_dags/example_short_circuit_operator.py
[2025-12-09T19:15:35.656+0000] {processor.py:914} INFO - Processing file /home/airflow/.local/lib/python3.12/site-packages/airflow/example_dags/example_short_circuit_operator.py for tasks to queue
[2025-12-09T19:15:35.659+0000] {logging_mixin.py:190} INFO - [2025-12-09T19:15:35.659+0000] {dagbag.py:587} INFO - Filling up the DagBag from /home/airflow/.local/lib/python3.12/site-packages/airflow/example_dags/example_short_circuit_operator.py
[2025-12-09T19:15:35.673+0000] {processor.py:925} INFO - DAG(s) 'example_short_circuit_operator' retrieved from /home/airflow/.local/lib/python3.12/site-packages/airflow/example_dags/example_short_circuit_operator.py
[2025-12-09T19:15:35.862+0000] {logging_mixin.py:190} INFO - [2025-12-09T19:15:35.861+0000] {override.py:1900} INFO - Created Permission View: can read on DAG:example_short_circuit_operator
[2025-12-09T19:15:35.878+0000] {logging_mixin.py:190} INFO - [2025-12-09T19:15:35.878+0000] {override.py:1900} INFO - Created Permission View: can delete on DAG:example_short_circuit_operator
[2025-12-09T19:15:35.889+0000] {logging_mixin.py:190} INFO - [2025-12-09T19:15:35.888+0000] {override.py:1900} INFO - Created Permission View: can edit on DAG:example_short_circuit_operator
[2025-12-09T19:15:35.900+0000] {logging_mixin.py:190} INFO - [2025-12-09T19:15:35.899+0000] {override.py:1900} INFO - Created Permission View: can read on DAG Run:example_short_circuit_operator
[2025-12-09T19:15:35.910+0000] {logging_mixin.py:190} INFO - [2025-12-09T19:15:35.909+0000] {override.py:1900} INFO - Created Permission View: can delete on DAG Run:example_short_circuit_operator
[2025-12-09T19:15:35.919+0000] {logging_mixin.py:190} INFO - [2025-12-09T19:15:35.919+0000] {override.py:1900} INFO - Created Permission View: menu access on DAG Run:example_short_circuit_operator
[2025-12-09T19:15:35.930+0000] {logging_mixin.py:190} INFO - [2025-12-09T19:15:35.929+0000] {override.py:1900} INFO - Created Permission View: can create on DAG Run:example_short_circuit_operator
[2025-12-09T19:15:35.930+0000] {logging_mixin.py:190} INFO - [2025-12-09T19:15:35.930+0000] {dag.py:3229} INFO - Sync 1 DAGs
[2025-12-09T19:15:35.949+0000] {logging_mixin.py:190} INFO - [2025-12-09T19:15:35.949+0000] {dag.py:3252} INFO - Creating ORM DAG for example_short_circuit_operator
[2025-12-09T19:15:35.950+0000] {logging_mixin.py:190} INFO - [2025-12-09T19:15:35.950+0000] {dag.py:4156} INFO - Setting next_dagrun for example_short_circuit_operator to None, run_after=None
[2025-12-09T19:15:35.973+0000] {processor.py:208} INFO - Processing /home/airflow/.local/lib/python3.12/site-packages/airflow/example_dags/example_short_circuit_operator.py took 0.329 seconds
[2025-12-09T19:16:05.268+0000] {processor.py:186} INFO - Started process (PID=169) to work on /home/airflow/.local/lib/python3.12/site-packages/airflow/example_dags/example_short_circuit_operator.py
[2025-12-09T19:16:05.303+0000] {processor.py:914} INFO - Processing file /home/airflow/.local/lib/python3.12/site-packages/airflow/example_dags/example_short_circuit_operator.py for tasks to queue
[2025-12-09T19:16:05.307+0000] {logging_mixin.py:190} INFO - [2025-12-09T19:16:05.307+0000] {dagbag.py:587} INFO - Filling up the DagBag from /home/airflow/.local/lib/python3.12/site-packages/airflow/example_dags/example_short_circuit_operator.py
[2025-12-09T19:16:05.321+0000] {processor.py:925} INFO - DAG(s) 'example_short_circuit_operator' retrieved from /home/airflow/.local/lib/python3.12/site-packages/airflow/example_dags/example_short_circuit_operator.py
[2025-12-09T19:16:05.343+0000] {logging_mixin.py:190} INFO - [2025-12-09T19:16:05.342+0000] {dag.py:3229} INFO - Sync 1 DAGs
[2025-12-09T19:16:05.364+0000] {logging_mixin.py:190} INFO - [2025-12-09T19:16:05.363+0000] {dag.py:4156} INFO - Setting next_dagrun for example_short_circuit_operator to None, run_after=None
[2025-12-09T19:16:05.427+0000] {processor.py:208} INFO - Processing /home/airflow/.local/lib/python3.12/site-packages/airflow/example_dags/example_short_circuit_operator.py took 0.169 seconds
[2025-12-09T19:16:36.243+0000] {processor.py:186} INFO - Started process (PID=228) to work on /home/airflow/.local/lib/python3.12/site-packages/airflow/example_dags/example_short_circuit_operator.py
[2025-12-09T19:16:36.246+0000] {processor.py:914} INFO - Processing file /home/airflow/.local/lib/python3.12/site-packages/airflow/example_dags/example_short_circuit_operator.py for tasks to queue
[2025-12-09T19:16:36.250+0000] {logging_mixin.py:190} INFO - [2025-12-09T19:16:36.250+0000] {dagbag.py:587} INFO - Filling up the DagBag from /home/airflow/.local/lib/python3.12/site-packages/airflow/example_dags/example_short_circuit_operator.py
[2025-12-09T19:16:36.266+0000] {processor.py:925} INFO - DAG(s) 'example_short_circuit_operator' retrieved from /home/airflow/.local/lib/python3.12/site-packages/airflow/example_dags/example_short_circuit_operator.py
[2025-12-09T19:16:36.307+0000] {logging_mixin.py:190} INFO - [2025-12-09T19:16:36.307+0000] {dag.py:3229} INFO - Sync 1 DAGs
[2025-12-09T19:16:36.332+0000] {logging_mixin.py:190} INFO - [2025-12-09T19:16:36.332+0000] {dag.py:4156} INFO - Setting next_dagrun for example_short_circuit_operator to None, run_after=None
[2025-12-09T19:16:36.389+0000] {processor.py:208} INFO - Processing /home/airflow/.local/lib/python3.12/site-packages/airflow/example_dags/example_short_circuit_operator.py took 0.159 seconds
[2025-12-09T19:16:59.888+0000] {processor.py:186} INFO - Started process (PID=287) to work on /home/airflow/.local/lib/python3.12/site-packages/airflow/example_dags/example_short_circuit_operator.py
[2025-12-09T19:16:59.894+0000] {processor.py:914} INFO - Processing file /home/airflow/.local/lib/python3.12/site-packages/airflow/example_dags/example_short_circuit_operator.py for tasks to queue
[2025-12-09T19:16:59.898+0000] {logging_mixin.py:190} INFO - [2025-12-09T19:16:59.898+0000] {dagbag.py:587} INFO - Filling up the DagBag from /home/airflow/.local/lib/python3.12/site-packages/airflow/example_dags/example_short_circuit_operator.py
[2025-12-09T19:16:59.912+0000] {processor.py:925} INFO - DAG(s) 'example_short_circuit_operator' retrieved from /home/airflow/.local/lib/python3.12/site-packages/airflow/example_dags/example_short_circuit_operator.py
[2025-12-09T19:16:59.959+0000] {logging_mixin.py:190} INFO - [2025-12-09T19:16:59.958+0000] {dag.py:3229} INFO - Sync 1 DAGs
[2025-12-09T19:16:59.990+0000] {logging_mixin.py:190} INFO - [2025-12-09T19:16:59.989+0000] {dag.py:4156} INFO - Setting next_dagrun for example_short_circuit_operator to None, run_after=None
[2025-12-09T19:17:00.025+0000] {processor.py:208} INFO - Processing /home/airflow/.local/lib/python3.12/site-packages/airflow/example_dags/example_short_circuit_operator.py took 0.149 seconds
[2025-12-09T19:17:29.596+0000] {processor.py:186} INFO - Started process (PID=347) to work on /home/airflow/.local/lib/python3.12/site-packages/airflow/example_dags/example_short_circuit_operator.py
[2025-12-09T19:17:29.627+0000] {processor.py:914} INFO - Processing file /home/airflow/.local/lib/python3.12/site-packages/airflow/example_dags/example_short_circuit_operator.py for tasks to queue
[2025-12-09T19:17:29.631+0000] {logging_mixin.py:190} INFO - [2025-12-09T19:17:29.631+0000] {dagbag.py:587} INFO - Filling up the DagBag from /home/airflow/.local/lib/python3.12/site-packages/airflow/example_dags/example_short_circuit_operator.py
[2025-12-09T19:17:29.643+0000] {processor.py:925} INFO - DAG(s) 'example_short_circuit_operator' retrieved from /home/airflow/.local/lib/python3.12/site-packages/airflow/example_dags/example_short_circuit_operator.py
[2025-12-09T19:17:29.679+0000] {logging_mixin.py:190} INFO - [2025-12-09T19:17:29.678+0000] {dag.py:3229} INFO - Sync 1 DAGs
[2025-12-09T19:17:29.698+0000] {logging_mixin.py:190} INFO - [2025-12-09T19:17:29.698+0000] {dag.py:4156} INFO - Setting next_dagrun for example_short_circuit_operator to None, run_after=None
[2025-12-09T19:17:29.758+0000] {processor.py:208} INFO - Processing /home/airflow/.local/lib/python3.12/site-packages/airflow/example_dags/example_short_circuit_operator.py took 0.171 seconds
[2025-12-09T19:17:53.884+0000] {processor.py:186} INFO - Started process (PID=401) to work on /home/airflow/.local/lib/python3.12/site-packages/airflow/example_dags/example_short_circuit_operator.py
[2025-12-09T19:17:53.916+0000] {processor.py:914} INFO - Processing file /home/airflow/.local/lib/python3.12/site-packages/airflow/example_dags/example_short_circuit_operator.py for tasks to queue
[2025-12-09T19:17:53.922+0000] {logging_mixin.py:190} INFO - [2025-12-09T19:17:53.921+0000] {dagbag.py:587} INFO - Filling up the DagBag from /home/airflow/.local/lib/python3.12/site-packages/airflow/example_dags/example_short_circuit_operator.py
[2025-12-09T19:17:53.942+0000] {processor.py:925} INFO - DAG(s) 'example_short_circuit_operator' retrieved from /home/airflow/.local/lib/python3.12/site-packages/airflow/example_dags/example_short_circuit_operator.py
[2025-12-09T19:17:53.992+0000] {logging_mixin.py:190} INFO - [2025-12-09T19:17:53.991+0000] {dag.py:3229} INFO - Sync 1 DAGs
[2025-12-09T19:17:54.023+0000] {logging_mixin.py:190} INFO - [2025-12-09T19:17:54.023+0000] {dag.py:4156} INFO - Setting next_dagrun for example_short_circuit_operator to None, run_after=None
[2025-12-09T19:17:54.089+0000] {processor.py:208} INFO - Processing /home/airflow/.local/lib/python3.12/site-packages/airflow/example_dags/example_short_circuit_operator.py took 0.218 seconds
[2025-12-09T19:18:24.012+0000] {processor.py:186} INFO - Started process (PID=460) to work on /home/airflow/.local/lib/python3.12/site-packages/airflow/example_dags/example_short_circuit_operator.py
[2025-12-09T19:18:24.046+0000] {processor.py:914} INFO - Processing file /home/airflow/.local/lib/python3.12/site-packages/airflow/example_dags/example_short_circuit_operator.py for tasks to queue
[2025-12-09T19:18:24.052+0000] {logging_mixin.py:190} INFO - [2025-12-09T19:18:24.051+0000] {dagbag.py:587} INFO - Filling up the DagBag from /home/airflow/.local/lib/python3.12/site-packages/airflow/example_dags/example_short_circuit_operator.py
[2025-12-09T19:18:24.069+0000] {processor.py:925} INFO - DAG(s) 'example_short_circuit_operator' retrieved from /home/airflow/.local/lib/python3.12/site-packages/airflow/example_dags/example_short_circuit_operator.py
[2025-12-09T19:18:24.113+0000] {logging_mixin.py:190} INFO - [2025-12-09T19:18:24.113+0000] {dag.py:3229} INFO - Sync 1 DAGs
[2025-12-09T19:18:24.137+0000] {logging_mixin.py:190} INFO - [2025-12-09T19:18:24.137+0000] {dag.py:4156} INFO - Setting next_dagrun for example_short_circuit_operator to None, run_after=None
[2025-12-09T19:18:24.199+0000] {processor.py:208} INFO - Processing /home/airflow/.local/lib/python3.12/site-packages/airflow/example_dags/example_short_circuit_operator.py took 0.203 seconds
[2025-12-09T19:18:54.955+0000] {processor.py:186} INFO - Started process (PID=517) to work on /home/airflow/.local/lib/python3.12/site-packages/airflow/example_dags/example_short_circuit_operator.py
[2025-12-09T19:18:54.990+0000] {processor.py:914} INFO - Processing file /home/airflow/.local/lib/python3.12/site-packages/airflow/example_dags/example_short_circuit_operator.py for tasks to queue
[2025-12-09T19:18:54.995+0000] {logging_mixin.py:190} INFO - [2025-12-09T19:18:54.994+0000] {dagbag.py:587} INFO - Filling up the DagBag from /home/airflow/.local/lib/python3.12/site-packages/airflow/example_dags/example_short_circuit_operator.py
[2025-12-09T19:18:55.009+0000] {processor.py:925} INFO - DAG(s) 'example_short_circuit_operator' retrieved from /home/airflow/.local/lib/python3.12/site-packages/airflow/example_dags/example_short_circuit_operator.py
[2025-12-09T19:18:55.051+0000] {logging_mixin.py:190} INFO - [2025-12-09T19:18:55.050+0000] {dag.py:3229} INFO - Sync 1 DAGs
[2025-12-09T19:18:55.071+0000] {logging_mixin.py:190} INFO - [2025-12-09T19:18:55.070+0000] {dag.py:4156} INFO - Setting next_dagrun for example_short_circuit_operator to None, run_after=None
[2025-12-09T19:18:55.138+0000] {processor.py:208} INFO - Processing /home/airflow/.local/lib/python3.12/site-packages/airflow/example_dags/example_short_circuit_operator.py took 0.193 seconds
[2025-12-09T19:19:26.729+0000] {processor.py:186} INFO - Started process (PID=579) to work on /home/airflow/.local/lib/python3.12/site-packages/airflow/example_dags/example_short_circuit_operator.py
[2025-12-09T19:19:26.759+0000] {processor.py:914} INFO - Processing file /home/airflow/.local/lib/python3.12/site-packages/airflow/example_dags/example_short_circuit_operator.py for tasks to queue
[2025-12-09T19:19:26.763+0000] {logging_mixin.py:190} INFO - [2025-12-09T19:19:26.763+0000] {dagbag.py:587} INFO - Filling up the DagBag from /home/airflow/.local/lib/python3.12/site-packages/airflow/example_dags/example_short_circuit_operator.py
[2025-12-09T19:19:26.776+0000] {processor.py:925} INFO - DAG(s) 'example_short_circuit_operator' retrieved from /home/airflow/.local/lib/python3.12/site-packages/airflow/example_dags/example_short_circuit_operator.py
[2025-12-09T19:19:26.813+0000] {logging_mixin.py:190} INFO - [2025-12-09T19:19:26.813+0000] {dag.py:3229} INFO - Sync 1 DAGs
[2025-12-09T19:19:26.834+0000] {logging_mixin.py:190} INFO - [2025-12-09T19:19:26.834+0000] {dag.py:4156} INFO - Setting next_dagrun for example_short_circuit_operator to None, run_after=None
[2025-12-09T19:19:26.879+0000] {processor.py:208} INFO - Processing /home/airflow/.local/lib/python3.12/site-packages/airflow/example_dags/example_short_circuit_operator.py took 0.160 seconds
[2025-12-09T19:19:51.191+0000] {processor.py:186} INFO - Started process (PID=658) to work on /home/airflow/.local/lib/python3.12/site-packages/airflow/example_dags/example_short_circuit_operator.py
[2025-12-09T19:19:51.195+0000] {processor.py:914} INFO - Processing file /home/airflow/.local/lib/python3.12/site-packages/airflow/example_dags/example_short_circuit_operator.py for tasks to queue
[2025-12-09T19:19:51.202+0000] {logging_mixin.py:190} INFO - [2025-12-09T19:19:51.200+0000] {dagbag.py:587} INFO - Filling up the DagBag from /home/airflow/.local/lib/python3.12/site-packages/airflow/example_dags/example_short_circuit_operator.py
[2025-12-09T19:19:51.221+0000] {processor.py:925} INFO - DAG(s) 'example_short_circuit_operator' retrieved from /home/airflow/.local/lib/python3.12/site-packages/airflow/example_dags/example_short_circuit_operator.py
[2025-12-09T19:19:51.260+0000] {logging_mixin.py:190} INFO - [2025-12-09T19:19:51.260+0000] {dag.py:3229} INFO - Sync 1 DAGs
[2025-12-09T19:19:51.281+0000] {logging_mixin.py:190} INFO - [2025-12-09T19:19:51.280+0000] {dag.py:4156} INFO - Setting next_dagrun for example_short_circuit_operator to None, run_after=None
[2025-12-09T19:19:51.339+0000] {processor.py:208} INFO - Processing /home/airflow/.local/lib/python3.12/site-packages/airflow/example_dags/example_short_circuit_operator.py took 0.158 seconds
[2025-12-09T19:20:20.769+0000] {processor.py:186} INFO - Started process (PID=720) to work on /home/airflow/.local/lib/python3.12/site-packages/airflow/example_dags/example_short_circuit_operator.py
[2025-12-09T19:20:20.800+0000] {processor.py:914} INFO - Processing file /home/airflow/.local/lib/python3.12/site-packages/airflow/example_dags/example_short_circuit_operator.py for tasks to queue
[2025-12-09T19:20:20.804+0000] {logging_mixin.py:190} INFO - [2025-12-09T19:20:20.804+0000] {dagbag.py:587} INFO - Filling up the DagBag from /home/airflow/.local/lib/python3.12/site-packages/airflow/example_dags/example_short_circuit_operator.py
[2025-12-09T19:20:20.817+0000] {processor.py:925} INFO - DAG(s) 'example_short_circuit_operator' retrieved from /home/airflow/.local/lib/python3.12/site-packages/airflow/example_dags/example_short_circuit_operator.py
[2025-12-09T19:20:20.859+0000] {logging_mixin.py:190} INFO - [2025-12-09T19:20:20.859+0000] {dag.py:3229} INFO - Sync 1 DAGs
[2025-12-09T19:20:20.881+0000] {logging_mixin.py:190} INFO - [2025-12-09T19:20:20.880+0000] {dag.py:4156} INFO - Setting next_dagrun for example_short_circuit_operator to None, run_after=None
[2025-12-09T19:20:20.942+0000] {processor.py:208} INFO - Processing /home/airflow/.local/lib/python3.12/site-packages/airflow/example_dags/example_short_circuit_operator.py took 0.187 seconds
[2025-12-09T19:20:51.695+0000] {processor.py:186} INFO - Started process (PID=778) to work on /home/airflow/.local/lib/python3.12/site-packages/airflow/example_dags/example_short_circuit_operator.py
[2025-12-09T19:20:51.726+0000] {processor.py:914} INFO - Processing file /home/airflow/.local/lib/python3.12/site-packages/airflow/example_dags/example_short_circuit_operator.py for tasks to queue
[2025-12-09T19:20:51.730+0000] {logging_mixin.py:190} INFO - [2025-12-09T19:20:51.730+0000] {dagbag.py:587} INFO - Filling up the DagBag from /home/airflow/.local/lib/python3.12/site-packages/airflow/example_dags/example_short_circuit_operator.py
[2025-12-09T19:20:51.742+0000] {processor.py:925} INFO - DAG(s) 'example_short_circuit_operator' retrieved from /home/airflow/.local/lib/python3.12/site-packages/airflow/example_dags/example_short_circuit_operator.py
[2025-12-09T19:20:51.780+0000] {logging_mixin.py:190} INFO - [2025-12-09T19:20:51.780+0000] {dag.py:3229} INFO - Sync 1 DAGs
[2025-12-09T19:20:51.807+0000] {logging_mixin.py:190} INFO - [2025-12-09T19:20:51.806+0000] {dag.py:4156} INFO - Setting next_dagrun for example_short_circuit_operator to None, run_after=None
[2025-12-09T19:20:51.876+0000] {processor.py:208} INFO - Processing /home/airflow/.local/lib/python3.12/site-packages/airflow/example_dags/example_short_circuit_operator.py took 0.191 seconds
[2025-12-09T19:21:22.259+0000] {processor.py:186} INFO - Started process (PID=840) to work on /home/airflow/.local/lib/python3.12/site-packages/airflow/example_dags/example_short_circuit_operator.py
[2025-12-09T19:21:22.277+0000] {processor.py:914} INFO - Processing file /home/airflow/.local/lib/python3.12/site-packages/airflow/example_dags/example_short_circuit_operator.py for tasks to queue
[2025-12-09T19:21:22.281+0000] {logging_mixin.py:190} INFO - [2025-12-09T19:21:22.281+0000] {dagbag.py:587} INFO - Filling up the DagBag from /home/airflow/.local/lib/python3.12/site-packages/airflow/example_dags/example_short_circuit_operator.py
[2025-12-09T19:21:22.297+0000] {processor.py:925} INFO - DAG(s) 'example_short_circuit_operator' retrieved from /home/airflow/.local/lib/python3.12/site-packages/airflow/example_dags/example_short_circuit_operator.py
[2025-12-09T19:21:22.341+0000] {logging_mixin.py:190} INFO - [2025-12-09T19:21:22.341+0000] {dag.py:3229} INFO - Sync 1 DAGs
[2025-12-09T19:21:22.366+0000] {logging_mixin.py:190} INFO - [2025-12-09T19:21:22.366+0000] {dag.py:4156} INFO - Setting next_dagrun for example_short_circuit_operator to None, run_after=None
[2025-12-09T19:21:22.393+0000] {processor.py:208} INFO - Processing /home/airflow/.local/lib/python3.12/site-packages/airflow/example_dags/example_short_circuit_operator.py took 0.145 seconds
[2025-12-09T19:21:50.227+0000] {processor.py:186} INFO - Started process (PID=902) to work on /home/airflow/.local/lib/python3.12/site-packages/airflow/example_dags/example_short_circuit_operator.py
[2025-12-09T19:21:50.242+0000] {processor.py:914} INFO - Processing file /home/airflow/.local/lib/python3.12/site-packages/airflow/example_dags/example_short_circuit_operator.py for tasks to queue
[2025-12-09T19:21:50.246+0000] {logging_mixin.py:190} INFO - [2025-12-09T19:21:50.245+0000] {dagbag.py:587} INFO - Filling up the DagBag from /home/airflow/.local/lib/python3.12/site-packages/airflow/example_dags/example_short_circuit_operator.py
[2025-12-09T19:21:50.261+0000] {processor.py:925} INFO - DAG(s) 'example_short_circuit_operator' retrieved from /home/airflow/.local/lib/python3.12/site-packages/airflow/example_dags/example_short_circuit_operator.py
[2025-12-09T19:21:50.304+0000] {logging_mixin.py:190} INFO - [2025-12-09T19:21:50.304+0000] {dag.py:3229} INFO - Sync 1 DAGs
[2025-12-09T19:21:50.324+0000] {logging_mixin.py:190} INFO - [2025-12-09T19:21:50.323+0000] {dag.py:4156} INFO - Setting next_dagrun for example_short_circuit_operator to None, run_after=None
[2025-12-09T19:21:50.383+0000] {processor.py:208} INFO - Processing /home/airflow/.local/lib/python3.12/site-packages/airflow/example_dags/example_short_circuit_operator.py took 0.167 seconds
[2025-12-09T19:22:20.979+0000] {processor.py:186} INFO - Started process (PID=962) to work on /home/airflow/.local/lib/python3.12/site-packages/airflow/example_dags/example_short_circuit_operator.py
[2025-12-09T19:22:20.991+0000] {processor.py:914} INFO - Processing file /home/airflow/.local/lib/python3.12/site-packages/airflow/example_dags/example_short_circuit_operator.py for tasks to queue
[2025-12-09T19:22:20.995+0000] {logging_mixin.py:190} INFO - [2025-12-09T19:22:20.995+0000] {dagbag.py:587} INFO - Filling up the DagBag from /home/airflow/.local/lib/python3.12/site-packages/airflow/example_dags/example_short_circuit_operator.py
[2025-12-09T19:22:21.011+0000] {processor.py:925} INFO - DAG(s) 'example_short_circuit_operator' retrieved from /home/airflow/.local/lib/python3.12/site-packages/airflow/example_dags/example_short_circuit_operator.py
[2025-12-09T19:22:21.051+0000] {logging_mixin.py:190} INFO - [2025-12-09T19:22:21.050+0000] {dag.py:3229} INFO - Sync 1 DAGs
[2025-12-09T19:22:21.071+0000] {logging_mixin.py:190} INFO - [2025-12-09T19:22:21.071+0000] {dag.py:4156} INFO - Setting next_dagrun for example_short_circuit_operator to None, run_after=None
[2025-12-09T19:22:21.131+0000] {processor.py:208} INFO - Processing /home/airflow/.local/lib/python3.12/site-packages/airflow/example_dags/example_short_circuit_operator.py took 0.163 seconds
[2025-12-09T19:22:50.497+0000] {processor.py:186} INFO - Started process (PID=1029) to work on /home/airflow/.local/lib/python3.12/site-packages/airflow/example_dags/example_short_circuit_operator.py
[2025-12-09T19:22:50.531+0000] {processor.py:914} INFO - Processing file /home/airflow/.local/lib/python3.12/site-packages/airflow/example_dags/example_short_circuit_operator.py for tasks to queue
[2025-12-09T19:22:50.535+0000] {logging_mixin.py:190} INFO - [2025-12-09T19:22:50.535+0000] {dagbag.py:587} INFO - Filling up the DagBag from /home/airflow/.local/lib/python3.12/site-packages/airflow/example_dags/example_short_circuit_operator.py
[2025-12-09T19:22:50.551+0000] {processor.py:925} INFO - DAG(s) 'example_short_circuit_operator' retrieved from /home/airflow/.local/lib/python3.12/site-packages/airflow/example_dags/example_short_circuit_operator.py
[2025-12-09T19:22:50.590+0000] {logging_mixin.py:190} INFO - [2025-12-09T19:22:50.589+0000] {dag.py:3229} INFO - Sync 1 DAGs
[2025-12-09T19:22:50.610+0000] {logging_mixin.py:190} INFO - [2025-12-09T19:22:50.609+0000] {dag.py:4156} INFO - Setting next_dagrun for example_short_circuit_operator to None, run_after=None
[2025-12-09T19:22:50.671+0000] {processor.py:208} INFO - Processing /home/airflow/.local/lib/python3.12/site-packages/airflow/example_dags/example_short_circuit_operator.py took 0.184 seconds
[2025-12-09T19:23:21.721+0000] {processor.py:186} INFO - Started process (PID=1093) to work on /home/airflow/.local/lib/python3.12/site-packages/airflow/example_dags/example_short_circuit_operator.py
[2025-12-09T19:23:21.728+0000] {processor.py:914} INFO - Processing file /home/airflow/.local/lib/python3.12/site-packages/airflow/example_dags/example_short_circuit_operator.py for tasks to queue
[2025-12-09T19:23:21.732+0000] {logging_mixin.py:190} INFO - [2025-12-09T19:23:21.731+0000] {dagbag.py:587} INFO - Filling up the DagBag from /home/airflow/.local/lib/python3.12/site-packages/airflow/example_dags/example_short_circuit_operator.py
[2025-12-09T19:23:21.746+0000] {processor.py:925} INFO - DAG(s) 'example_short_circuit_operator' retrieved from /home/airflow/.local/lib/python3.12/site-packages/airflow/example_dags/example_short_circuit_operator.py
[2025-12-09T19:23:21.785+0000] {logging_mixin.py:190} INFO - [2025-12-09T19:23:21.785+0000] {dag.py:3229} INFO - Sync 1 DAGs
[2025-12-09T19:23:21.806+0000] {logging_mixin.py:190} INFO - [2025-12-09T19:23:21.805+0000] {dag.py:4156} INFO - Setting next_dagrun for example_short_circuit_operator to None, run_after=None
[2025-12-09T19:23:21.870+0000] {processor.py:208} INFO - Processing /home/airflow/.local/lib/python3.12/site-packages/airflow/example_dags/example_short_circuit_operator.py took 0.159 seconds
[2025-12-09T19:23:52.033+0000] {processor.py:186} INFO - Started process (PID=1155) to work on /home/airflow/.local/lib/python3.12/site-packages/airflow/example_dags/example_short_circuit_operator.py
[2025-12-09T19:23:52.065+0000] {processor.py:914} INFO - Processing file /home/airflow/.local/lib/python3.12/site-packages/airflow/example_dags/example_short_circuit_operator.py for tasks to queue
[2025-12-09T19:23:52.069+0000] {logging_mixin.py:190} INFO - [2025-12-09T19:23:52.069+0000] {dagbag.py:587} INFO - Filling up the DagBag from /home/airflow/.local/lib/python3.12/site-packages/airflow/example_dags/example_short_circuit_operator.py
[2025-12-09T19:23:52.084+0000] {processor.py:925} INFO - DAG(s) 'example_short_circuit_operator' retrieved from /home/airflow/.local/lib/python3.12/site-packages/airflow/example_dags/example_short_circuit_operator.py
[2025-12-09T19:23:52.127+0000] {logging_mixin.py:190} INFO - [2025-12-09T19:23:52.127+0000] {dag.py:3229} INFO - Sync 1 DAGs
[2025-12-09T19:23:52.150+0000] {logging_mixin.py:190} INFO - [2025-12-09T19:23:52.149+0000] {dag.py:4156} INFO - Setting next_dagrun for example_short_circuit_operator to None, run_after=None
[2025-12-09T19:23:52.183+0000] {processor.py:208} INFO - Processing /home/airflow/.local/lib/python3.12/site-packages/airflow/example_dags/example_short_circuit_operator.py took 0.162 seconds
[2025-12-09T19:24:15.584+0000] {processor.py:186} INFO - Started process (PID=1217) to work on /home/airflow/.local/lib/python3.12/site-packages/airflow/example_dags/example_short_circuit_operator.py
[2025-12-09T19:24:15.606+0000] {processor.py:914} INFO - Processing file /home/airflow/.local/lib/python3.12/site-packages/airflow/example_dags/example_short_circuit_operator.py for tasks to queue
[2025-12-09T19:24:15.609+0000] {logging_mixin.py:190} INFO - [2025-12-09T19:24:15.609+0000] {dagbag.py:587} INFO - Filling up the DagBag from /home/airflow/.local/lib/python3.12/site-packages/airflow/example_dags/example_short_circuit_operator.py
[2025-12-09T19:24:15.621+0000] {processor.py:925} INFO - DAG(s) 'example_short_circuit_operator' retrieved from /home/airflow/.local/lib/python3.12/site-packages/airflow/example_dags/example_short_circuit_operator.py
[2025-12-09T19:24:15.658+0000] {logging_mixin.py:190} INFO - [2025-12-09T19:24:15.657+0000] {dag.py:3229} INFO - Sync 1 DAGs
[2025-12-09T19:24:15.677+0000] {logging_mixin.py:190} INFO - [2025-12-09T19:24:15.677+0000] {dag.py:4156} INFO - Setting next_dagrun for example_short_circuit_operator to None, run_after=None
[2025-12-09T19:24:15.735+0000] {processor.py:208} INFO - Processing /home/airflow/.local/lib/python3.12/site-packages/airflow/example_dags/example_short_circuit_operator.py took 0.160 seconds
[2025-12-09T19:24:40.354+0000] {processor.py:186} INFO - Started process (PID=1273) to work on /home/airflow/.local/lib/python3.12/site-packages/airflow/example_dags/example_short_circuit_operator.py
[2025-12-09T19:24:40.388+0000] {processor.py:914} INFO - Processing file /home/airflow/.local/lib/python3.12/site-packages/airflow/example_dags/example_short_circuit_operator.py for tasks to queue
[2025-12-09T19:24:40.392+0000] {logging_mixin.py:190} INFO - [2025-12-09T19:24:40.392+0000] {dagbag.py:587} INFO - Filling up the DagBag from /home/airflow/.local/lib/python3.12/site-packages/airflow/example_dags/example_short_circuit_operator.py
[2025-12-09T19:24:40.409+0000] {processor.py:925} INFO - DAG(s) 'example_short_circuit_operator' retrieved from /home/airflow/.local/lib/python3.12/site-packages/airflow/example_dags/example_short_circuit_operator.py
[2025-12-09T19:24:40.455+0000] {logging_mixin.py:190} INFO - [2025-12-09T19:24:40.455+0000] {dag.py:3229} INFO - Sync 1 DAGs
[2025-12-09T19:24:40.479+0000] {logging_mixin.py:190} INFO - [2025-12-09T19:24:40.479+0000] {dag.py:4156} INFO - Setting next_dagrun for example_short_circuit_operator to None, run_after=None
[2025-12-09T19:24:40.516+0000] {processor.py:208} INFO - Processing /home/airflow/.local/lib/python3.12/site-packages/airflow/example_dags/example_short_circuit_operator.py took 0.176 seconds
[2025-12-09T19:25:05.207+0000] {processor.py:186} INFO - Started process (PID=1332) to work on /home/airflow/.local/lib/python3.12/site-packages/airflow/example_dags/example_short_circuit_operator.py
[2025-12-09T19:25:05.228+0000] {processor.py:914} INFO - Processing file /home/airflow/.local/lib/python3.12/site-packages/airflow/example_dags/example_short_circuit_operator.py for tasks to queue
[2025-12-09T19:25:05.232+0000] {logging_mixin.py:190} INFO - [2025-12-09T19:25:05.231+0000] {dagbag.py:587} INFO - Filling up the DagBag from /home/airflow/.local/lib/python3.12/site-packages/airflow/example_dags/example_short_circuit_operator.py
[2025-12-09T19:25:05.248+0000] {processor.py:925} INFO - DAG(s) 'example_short_circuit_operator' retrieved from /home/airflow/.local/lib/python3.12/site-packages/airflow/example_dags/example_short_circuit_operator.py
[2025-12-09T19:25:05.285+0000] {logging_mixin.py:190} INFO - [2025-12-09T19:25:05.284+0000] {dag.py:3229} INFO - Sync 1 DAGs
[2025-12-09T19:25:05.304+0000] {logging_mixin.py:190} INFO - [2025-12-09T19:25:05.303+0000] {dag.py:4156} INFO - Setting next_dagrun for example_short_circuit_operator to None, run_after=None
[2025-12-09T19:25:05.361+0000] {processor.py:208} INFO - Processing /home/airflow/.local/lib/python3.12/site-packages/airflow/example_dags/example_short_circuit_operator.py took 0.164 seconds
[2025-12-09T19:25:30.218+0000] {processor.py:186} INFO - Started process (PID=1392) to work on /home/airflow/.local/lib/python3.12/site-packages/airflow/example_dags/example_short_circuit_operator.py
[2025-12-09T19:25:30.220+0000] {processor.py:914} INFO - Processing file /home/airflow/.local/lib/python3.12/site-packages/airflow/example_dags/example_short_circuit_operator.py for tasks to queue
[2025-12-09T19:25:30.224+0000] {logging_mixin.py:190} INFO - [2025-12-09T19:25:30.223+0000] {dagbag.py:587} INFO - Filling up the DagBag from /home/airflow/.local/lib/python3.12/site-packages/airflow/example_dags/example_short_circuit_operator.py
[2025-12-09T19:25:30.235+0000] {processor.py:925} INFO - DAG(s) 'example_short_circuit_operator' retrieved from /home/airflow/.local/lib/python3.12/site-packages/airflow/example_dags/example_short_circuit_operator.py
[2025-12-09T19:25:30.274+0000] {logging_mixin.py:190} INFO - [2025-12-09T19:25:30.273+0000] {dag.py:3229} INFO - Sync 1 DAGs
[2025-12-09T19:25:30.297+0000] {logging_mixin.py:190} INFO - [2025-12-09T19:25:30.296+0000] {dag.py:4156} INFO - Setting next_dagrun for example_short_circuit_operator to None, run_after=None
[2025-12-09T19:25:30.358+0000] {processor.py:208} INFO - Processing /home/airflow/.local/lib/python3.12/site-packages/airflow/example_dags/example_short_circuit_operator.py took 0.150 seconds
[2025-12-09T19:26:00.744+0000] {processor.py:186} INFO - Started process (PID=1452) to work on /home/airflow/.local/lib/python3.12/site-packages/airflow/example_dags/example_short_circuit_operator.py
[2025-12-09T19:26:00.750+0000] {processor.py:914} INFO - Processing file /home/airflow/.local/lib/python3.12/site-packages/airflow/example_dags/example_short_circuit_operator.py for tasks to queue
[2025-12-09T19:26:00.753+0000] {logging_mixin.py:190} INFO - [2025-12-09T19:26:00.753+0000] {dagbag.py:587} INFO - Filling up the DagBag from /home/airflow/.local/lib/python3.12/site-packages/airflow/example_dags/example_short_circuit_operator.py
[2025-12-09T19:26:00.766+0000] {processor.py:925} INFO - DAG(s) 'example_short_circuit_operator' retrieved from /home/airflow/.local/lib/python3.12/site-packages/airflow/example_dags/example_short_circuit_operator.py
[2025-12-09T19:26:00.802+0000] {logging_mixin.py:190} INFO - [2025-12-09T19:26:00.801+0000] {dag.py:3229} INFO - Sync 1 DAGs
[2025-12-09T19:26:00.821+0000] {logging_mixin.py:190} INFO - [2025-12-09T19:26:00.820+0000] {dag.py:4156} INFO - Setting next_dagrun for example_short_circuit_operator to None, run_after=None
[2025-12-09T19:26:00.881+0000] {processor.py:208} INFO - Processing /home/airflow/.local/lib/python3.12/site-packages/airflow/example_dags/example_short_circuit_operator.py took 0.146 seconds
