[2025-12-09T19:15:35.308+0000] {processor.py:186} INFO - Started process (PID=105) to work on /home/airflow/.local/lib/python3.12/site-packages/airflow/example_dags/example_sensor_decorator.py
[2025-12-09T19:15:35.310+0000] {processor.py:914} INFO - Processing file /home/airflow/.local/lib/python3.12/site-packages/airflow/example_dags/example_sensor_decorator.py for tasks to queue
[2025-12-09T19:15:35.314+0000] {logging_mixin.py:190} INFO - [2025-12-09T19:15:35.314+0000] {dagbag.py:587} INFO - Filling up the DagBag from /home/airflow/.local/lib/python3.12/site-packages/airflow/example_dags/example_sensor_decorator.py
[2025-12-09T19:15:35.328+0000] {processor.py:925} INFO - DAG(s) 'example_sensor_decorator' retrieved from /home/airflow/.local/lib/python3.12/site-packages/airflow/example_dags/example_sensor_decorator.py
[2025-12-09T19:15:35.493+0000] {logging_mixin.py:190} INFO - [2025-12-09T19:15:35.492+0000] {override.py:1900} INFO - Created Permission View: can read on DAG:example_sensor_decorator
[2025-12-09T19:15:35.508+0000] {logging_mixin.py:190} INFO - [2025-12-09T19:15:35.507+0000] {override.py:1900} INFO - Created Permission View: can delete on DAG:example_sensor_decorator
[2025-12-09T19:15:35.517+0000] {logging_mixin.py:190} INFO - [2025-12-09T19:15:35.517+0000] {override.py:1900} INFO - Created Permission View: can edit on DAG:example_sensor_decorator
[2025-12-09T19:15:35.529+0000] {logging_mixin.py:190} INFO - [2025-12-09T19:15:35.529+0000] {override.py:1900} INFO - Created Permission View: can read on DAG Run:example_sensor_decorator
[2025-12-09T19:15:35.539+0000] {logging_mixin.py:190} INFO - [2025-12-09T19:15:35.539+0000] {override.py:1900} INFO - Created Permission View: can delete on DAG Run:example_sensor_decorator
[2025-12-09T19:15:35.549+0000] {logging_mixin.py:190} INFO - [2025-12-09T19:15:35.548+0000] {override.py:1900} INFO - Created Permission View: menu access on DAG Run:example_sensor_decorator
[2025-12-09T19:15:35.558+0000] {logging_mixin.py:190} INFO - [2025-12-09T19:15:35.558+0000] {override.py:1900} INFO - Created Permission View: can create on DAG Run:example_sensor_decorator
[2025-12-09T19:15:35.559+0000] {logging_mixin.py:190} INFO - [2025-12-09T19:15:35.559+0000] {dag.py:3229} INFO - Sync 1 DAGs
[2025-12-09T19:15:35.575+0000] {logging_mixin.py:190} INFO - [2025-12-09T19:15:35.575+0000] {dag.py:3252} INFO - Creating ORM DAG for example_sensor_decorator
[2025-12-09T19:15:35.576+0000] {logging_mixin.py:190} INFO - [2025-12-09T19:15:35.576+0000] {dag.py:4156} INFO - Setting next_dagrun for example_sensor_decorator to None, run_after=None
[2025-12-09T19:15:35.600+0000] {processor.py:208} INFO - Processing /home/airflow/.local/lib/python3.12/site-packages/airflow/example_dags/example_sensor_decorator.py took 0.308 seconds
[2025-12-09T19:16:05.030+0000] {processor.py:186} INFO - Started process (PID=167) to work on /home/airflow/.local/lib/python3.12/site-packages/airflow/example_dags/example_sensor_decorator.py
[2025-12-09T19:16:05.061+0000] {processor.py:914} INFO - Processing file /home/airflow/.local/lib/python3.12/site-packages/airflow/example_dags/example_sensor_decorator.py for tasks to queue
[2025-12-09T19:16:05.065+0000] {logging_mixin.py:190} INFO - [2025-12-09T19:16:05.065+0000] {dagbag.py:587} INFO - Filling up the DagBag from /home/airflow/.local/lib/python3.12/site-packages/airflow/example_dags/example_sensor_decorator.py
[2025-12-09T19:16:05.079+0000] {processor.py:925} INFO - DAG(s) 'example_sensor_decorator' retrieved from /home/airflow/.local/lib/python3.12/site-packages/airflow/example_dags/example_sensor_decorator.py
[2025-12-09T19:16:05.102+0000] {logging_mixin.py:190} INFO - [2025-12-09T19:16:05.102+0000] {dag.py:3229} INFO - Sync 1 DAGs
[2025-12-09T19:16:05.131+0000] {logging_mixin.py:190} INFO - [2025-12-09T19:16:05.131+0000] {dag.py:4156} INFO - Setting next_dagrun for example_sensor_decorator to None, run_after=None
[2025-12-09T19:16:05.210+0000] {processor.py:208} INFO - Processing /home/airflow/.local/lib/python3.12/site-packages/airflow/example_dags/example_sensor_decorator.py took 0.193 seconds
[2025-12-09T19:16:36.017+0000] {processor.py:186} INFO - Started process (PID=226) to work on /home/airflow/.local/lib/python3.12/site-packages/airflow/example_dags/example_sensor_decorator.py
[2025-12-09T19:16:36.025+0000] {processor.py:914} INFO - Processing file /home/airflow/.local/lib/python3.12/site-packages/airflow/example_dags/example_sensor_decorator.py for tasks to queue
[2025-12-09T19:16:36.033+0000] {logging_mixin.py:190} INFO - [2025-12-09T19:16:36.032+0000] {dagbag.py:587} INFO - Filling up the DagBag from /home/airflow/.local/lib/python3.12/site-packages/airflow/example_dags/example_sensor_decorator.py
[2025-12-09T19:16:36.053+0000] {processor.py:925} INFO - DAG(s) 'example_sensor_decorator' retrieved from /home/airflow/.local/lib/python3.12/site-packages/airflow/example_dags/example_sensor_decorator.py
[2025-12-09T19:16:36.098+0000] {logging_mixin.py:190} INFO - [2025-12-09T19:16:36.098+0000] {dag.py:3229} INFO - Sync 1 DAGs
[2025-12-09T19:16:36.121+0000] {logging_mixin.py:190} INFO - [2025-12-09T19:16:36.121+0000] {dag.py:4156} INFO - Setting next_dagrun for example_sensor_decorator to None, run_after=None
[2025-12-09T19:16:36.151+0000] {processor.py:208} INFO - Processing /home/airflow/.local/lib/python3.12/site-packages/airflow/example_dags/example_sensor_decorator.py took 0.148 seconds
[2025-12-09T19:16:59.667+0000] {processor.py:186} INFO - Started process (PID=285) to work on /home/airflow/.local/lib/python3.12/site-packages/airflow/example_dags/example_sensor_decorator.py
[2025-12-09T19:16:59.702+0000] {processor.py:914} INFO - Processing file /home/airflow/.local/lib/python3.12/site-packages/airflow/example_dags/example_sensor_decorator.py for tasks to queue
[2025-12-09T19:16:59.706+0000] {logging_mixin.py:190} INFO - [2025-12-09T19:16:59.705+0000] {dagbag.py:587} INFO - Filling up the DagBag from /home/airflow/.local/lib/python3.12/site-packages/airflow/example_dags/example_sensor_decorator.py
[2025-12-09T19:16:59.719+0000] {processor.py:925} INFO - DAG(s) 'example_sensor_decorator' retrieved from /home/airflow/.local/lib/python3.12/site-packages/airflow/example_dags/example_sensor_decorator.py
[2025-12-09T19:16:59.755+0000] {logging_mixin.py:190} INFO - [2025-12-09T19:16:59.754+0000] {dag.py:3229} INFO - Sync 1 DAGs
[2025-12-09T19:16:59.776+0000] {logging_mixin.py:190} INFO - [2025-12-09T19:16:59.776+0000] {dag.py:4156} INFO - Setting next_dagrun for example_sensor_decorator to None, run_after=None
[2025-12-09T19:16:59.826+0000] {processor.py:208} INFO - Processing /home/airflow/.local/lib/python3.12/site-packages/airflow/example_dags/example_sensor_decorator.py took 0.172 seconds
[2025-12-09T19:17:29.401+0000] {processor.py:186} INFO - Started process (PID=345) to work on /home/airflow/.local/lib/python3.12/site-packages/airflow/example_dags/example_sensor_decorator.py
[2025-12-09T19:17:29.417+0000] {processor.py:914} INFO - Processing file /home/airflow/.local/lib/python3.12/site-packages/airflow/example_dags/example_sensor_decorator.py for tasks to queue
[2025-12-09T19:17:29.420+0000] {logging_mixin.py:190} INFO - [2025-12-09T19:17:29.420+0000] {dagbag.py:587} INFO - Filling up the DagBag from /home/airflow/.local/lib/python3.12/site-packages/airflow/example_dags/example_sensor_decorator.py
[2025-12-09T19:17:29.432+0000] {processor.py:925} INFO - DAG(s) 'example_sensor_decorator' retrieved from /home/airflow/.local/lib/python3.12/site-packages/airflow/example_dags/example_sensor_decorator.py
[2025-12-09T19:17:29.465+0000] {logging_mixin.py:190} INFO - [2025-12-09T19:17:29.464+0000] {dag.py:3229} INFO - Sync 1 DAGs
[2025-12-09T19:17:29.485+0000] {logging_mixin.py:190} INFO - [2025-12-09T19:17:29.485+0000] {dag.py:4156} INFO - Setting next_dagrun for example_sensor_decorator to None, run_after=None
[2025-12-09T19:17:29.543+0000] {processor.py:208} INFO - Processing /home/airflow/.local/lib/python3.12/site-packages/airflow/example_dags/example_sensor_decorator.py took 0.152 seconds
[2025-12-09T19:17:53.472+0000] {processor.py:186} INFO - Started process (PID=399) to work on /home/airflow/.local/lib/python3.12/site-packages/airflow/example_dags/example_sensor_decorator.py
[2025-12-09T19:17:53.474+0000] {processor.py:914} INFO - Processing file /home/airflow/.local/lib/python3.12/site-packages/airflow/example_dags/example_sensor_decorator.py for tasks to queue
[2025-12-09T19:17:53.479+0000] {logging_mixin.py:190} INFO - [2025-12-09T19:17:53.478+0000] {dagbag.py:587} INFO - Filling up the DagBag from /home/airflow/.local/lib/python3.12/site-packages/airflow/example_dags/example_sensor_decorator.py
[2025-12-09T19:17:53.493+0000] {processor.py:925} INFO - DAG(s) 'example_sensor_decorator' retrieved from /home/airflow/.local/lib/python3.12/site-packages/airflow/example_dags/example_sensor_decorator.py
[2025-12-09T19:17:53.527+0000] {logging_mixin.py:190} INFO - [2025-12-09T19:17:53.527+0000] {dag.py:3229} INFO - Sync 1 DAGs
[2025-12-09T19:17:53.549+0000] {logging_mixin.py:190} INFO - [2025-12-09T19:17:53.549+0000] {dag.py:4156} INFO - Setting next_dagrun for example_sensor_decorator to None, run_after=None
[2025-12-09T19:17:53.587+0000] {processor.py:208} INFO - Processing /home/airflow/.local/lib/python3.12/site-packages/airflow/example_dags/example_sensor_decorator.py took 0.125 seconds
[2025-12-09T19:18:23.778+0000] {processor.py:186} INFO - Started process (PID=458) to work on /home/airflow/.local/lib/python3.12/site-packages/airflow/example_dags/example_sensor_decorator.py
[2025-12-09T19:18:23.808+0000] {processor.py:914} INFO - Processing file /home/airflow/.local/lib/python3.12/site-packages/airflow/example_dags/example_sensor_decorator.py for tasks to queue
[2025-12-09T19:18:23.813+0000] {logging_mixin.py:190} INFO - [2025-12-09T19:18:23.812+0000] {dagbag.py:587} INFO - Filling up the DagBag from /home/airflow/.local/lib/python3.12/site-packages/airflow/example_dags/example_sensor_decorator.py
[2025-12-09T19:18:23.830+0000] {processor.py:925} INFO - DAG(s) 'example_sensor_decorator' retrieved from /home/airflow/.local/lib/python3.12/site-packages/airflow/example_dags/example_sensor_decorator.py
[2025-12-09T19:18:23.876+0000] {logging_mixin.py:190} INFO - [2025-12-09T19:18:23.875+0000] {dag.py:3229} INFO - Sync 1 DAGs
[2025-12-09T19:18:23.909+0000] {logging_mixin.py:190} INFO - [2025-12-09T19:18:23.909+0000] {dag.py:4156} INFO - Setting next_dagrun for example_sensor_decorator to None, run_after=None
[2025-12-09T19:18:23.946+0000] {processor.py:208} INFO - Processing /home/airflow/.local/lib/python3.12/site-packages/airflow/example_dags/example_sensor_decorator.py took 0.180 seconds
[2025-12-09T19:18:54.743+0000] {processor.py:186} INFO - Started process (PID=515) to work on /home/airflow/.local/lib/python3.12/site-packages/airflow/example_dags/example_sensor_decorator.py
[2025-12-09T19:18:54.746+0000] {processor.py:914} INFO - Processing file /home/airflow/.local/lib/python3.12/site-packages/airflow/example_dags/example_sensor_decorator.py for tasks to queue
[2025-12-09T19:18:54.750+0000] {logging_mixin.py:190} INFO - [2025-12-09T19:18:54.750+0000] {dagbag.py:587} INFO - Filling up the DagBag from /home/airflow/.local/lib/python3.12/site-packages/airflow/example_dags/example_sensor_decorator.py
[2025-12-09T19:18:54.764+0000] {processor.py:925} INFO - DAG(s) 'example_sensor_decorator' retrieved from /home/airflow/.local/lib/python3.12/site-packages/airflow/example_dags/example_sensor_decorator.py
[2025-12-09T19:18:54.806+0000] {logging_mixin.py:190} INFO - [2025-12-09T19:18:54.806+0000] {dag.py:3229} INFO - Sync 1 DAGs
[2025-12-09T19:18:54.832+0000] {logging_mixin.py:190} INFO - [2025-12-09T19:18:54.832+0000] {dag.py:4156} INFO - Setting next_dagrun for example_sensor_decorator to None, run_after=None
[2025-12-09T19:18:54.894+0000] {processor.py:208} INFO - Processing /home/airflow/.local/lib/python3.12/site-packages/airflow/example_dags/example_sensor_decorator.py took 0.165 seconds
[2025-12-09T19:19:26.516+0000] {processor.py:186} INFO - Started process (PID=577) to work on /home/airflow/.local/lib/python3.12/site-packages/airflow/example_dags/example_sensor_decorator.py
[2025-12-09T19:19:26.547+0000] {processor.py:914} INFO - Processing file /home/airflow/.local/lib/python3.12/site-packages/airflow/example_dags/example_sensor_decorator.py for tasks to queue
[2025-12-09T19:19:26.552+0000] {logging_mixin.py:190} INFO - [2025-12-09T19:19:26.551+0000] {dagbag.py:587} INFO - Filling up the DagBag from /home/airflow/.local/lib/python3.12/site-packages/airflow/example_dags/example_sensor_decorator.py
[2025-12-09T19:19:26.563+0000] {processor.py:925} INFO - DAG(s) 'example_sensor_decorator' retrieved from /home/airflow/.local/lib/python3.12/site-packages/airflow/example_dags/example_sensor_decorator.py
[2025-12-09T19:19:26.596+0000] {logging_mixin.py:190} INFO - [2025-12-09T19:19:26.596+0000] {dag.py:3229} INFO - Sync 1 DAGs
[2025-12-09T19:19:26.617+0000] {logging_mixin.py:190} INFO - [2025-12-09T19:19:26.617+0000] {dag.py:4156} INFO - Setting next_dagrun for example_sensor_decorator to None, run_after=None
[2025-12-09T19:19:26.678+0000] {processor.py:208} INFO - Processing /home/airflow/.local/lib/python3.12/site-packages/airflow/example_dags/example_sensor_decorator.py took 0.172 seconds
[2025-12-09T19:19:50.773+0000] {processor.py:186} INFO - Started process (PID=656) to work on /home/airflow/.local/lib/python3.12/site-packages/airflow/example_dags/example_sensor_decorator.py
[2025-12-09T19:19:50.789+0000] {processor.py:914} INFO - Processing file /home/airflow/.local/lib/python3.12/site-packages/airflow/example_dags/example_sensor_decorator.py for tasks to queue
[2025-12-09T19:19:50.793+0000] {logging_mixin.py:190} INFO - [2025-12-09T19:19:50.793+0000] {dagbag.py:587} INFO - Filling up the DagBag from /home/airflow/.local/lib/python3.12/site-packages/airflow/example_dags/example_sensor_decorator.py
[2025-12-09T19:19:50.806+0000] {processor.py:925} INFO - DAG(s) 'example_sensor_decorator' retrieved from /home/airflow/.local/lib/python3.12/site-packages/airflow/example_dags/example_sensor_decorator.py
[2025-12-09T19:19:50.839+0000] {logging_mixin.py:190} INFO - [2025-12-09T19:19:50.839+0000] {dag.py:3229} INFO - Sync 1 DAGs
[2025-12-09T19:19:50.860+0000] {logging_mixin.py:190} INFO - [2025-12-09T19:19:50.860+0000] {dag.py:4156} INFO - Setting next_dagrun for example_sensor_decorator to None, run_after=None
[2025-12-09T19:19:50.919+0000] {processor.py:208} INFO - Processing /home/airflow/.local/lib/python3.12/site-packages/airflow/example_dags/example_sensor_decorator.py took 0.155 seconds
[2025-12-09T19:20:20.552+0000] {processor.py:186} INFO - Started process (PID=718) to work on /home/airflow/.local/lib/python3.12/site-packages/airflow/example_dags/example_sensor_decorator.py
[2025-12-09T19:20:20.583+0000] {processor.py:914} INFO - Processing file /home/airflow/.local/lib/python3.12/site-packages/airflow/example_dags/example_sensor_decorator.py for tasks to queue
[2025-12-09T19:20:20.587+0000] {logging_mixin.py:190} INFO - [2025-12-09T19:20:20.587+0000] {dagbag.py:587} INFO - Filling up the DagBag from /home/airflow/.local/lib/python3.12/site-packages/airflow/example_dags/example_sensor_decorator.py
[2025-12-09T19:20:20.600+0000] {processor.py:925} INFO - DAG(s) 'example_sensor_decorator' retrieved from /home/airflow/.local/lib/python3.12/site-packages/airflow/example_dags/example_sensor_decorator.py
[2025-12-09T19:20:20.630+0000] {logging_mixin.py:190} INFO - [2025-12-09T19:20:20.630+0000] {dag.py:3229} INFO - Sync 1 DAGs
[2025-12-09T19:20:20.651+0000] {logging_mixin.py:190} INFO - [2025-12-09T19:20:20.651+0000] {dag.py:4156} INFO - Setting next_dagrun for example_sensor_decorator to None, run_after=None
[2025-12-09T19:20:20.710+0000] {processor.py:208} INFO - Processing /home/airflow/.local/lib/python3.12/site-packages/airflow/example_dags/example_sensor_decorator.py took 0.167 seconds
[2025-12-09T19:20:51.468+0000] {processor.py:186} INFO - Started process (PID=776) to work on /home/airflow/.local/lib/python3.12/site-packages/airflow/example_dags/example_sensor_decorator.py
[2025-12-09T19:20:51.501+0000] {processor.py:914} INFO - Processing file /home/airflow/.local/lib/python3.12/site-packages/airflow/example_dags/example_sensor_decorator.py for tasks to queue
[2025-12-09T19:20:51.505+0000] {logging_mixin.py:190} INFO - [2025-12-09T19:20:51.505+0000] {dagbag.py:587} INFO - Filling up the DagBag from /home/airflow/.local/lib/python3.12/site-packages/airflow/example_dags/example_sensor_decorator.py
[2025-12-09T19:20:51.519+0000] {processor.py:925} INFO - DAG(s) 'example_sensor_decorator' retrieved from /home/airflow/.local/lib/python3.12/site-packages/airflow/example_dags/example_sensor_decorator.py
[2025-12-09T19:20:51.552+0000] {logging_mixin.py:190} INFO - [2025-12-09T19:20:51.552+0000] {dag.py:3229} INFO - Sync 1 DAGs
[2025-12-09T19:20:51.572+0000] {logging_mixin.py:190} INFO - [2025-12-09T19:20:51.572+0000] {dag.py:4156} INFO - Setting next_dagrun for example_sensor_decorator to None, run_after=None
[2025-12-09T19:20:51.633+0000] {processor.py:208} INFO - Processing /home/airflow/.local/lib/python3.12/site-packages/airflow/example_dags/example_sensor_decorator.py took 0.175 seconds
[2025-12-09T19:21:22.017+0000] {processor.py:186} INFO - Started process (PID=838) to work on /home/airflow/.local/lib/python3.12/site-packages/airflow/example_dags/example_sensor_decorator.py
[2025-12-09T19:21:22.029+0000] {processor.py:914} INFO - Processing file /home/airflow/.local/lib/python3.12/site-packages/airflow/example_dags/example_sensor_decorator.py for tasks to queue
[2025-12-09T19:21:22.033+0000] {logging_mixin.py:190} INFO - [2025-12-09T19:21:22.033+0000] {dagbag.py:587} INFO - Filling up the DagBag from /home/airflow/.local/lib/python3.12/site-packages/airflow/example_dags/example_sensor_decorator.py
[2025-12-09T19:21:22.048+0000] {processor.py:925} INFO - DAG(s) 'example_sensor_decorator' retrieved from /home/airflow/.local/lib/python3.12/site-packages/airflow/example_dags/example_sensor_decorator.py
[2025-12-09T19:21:22.086+0000] {logging_mixin.py:190} INFO - [2025-12-09T19:21:22.086+0000] {dag.py:3229} INFO - Sync 1 DAGs
[2025-12-09T19:21:22.111+0000] {logging_mixin.py:190} INFO - [2025-12-09T19:21:22.110+0000] {dag.py:4156} INFO - Setting next_dagrun for example_sensor_decorator to None, run_after=None
[2025-12-09T19:21:22.176+0000] {processor.py:208} INFO - Processing /home/airflow/.local/lib/python3.12/site-packages/airflow/example_dags/example_sensor_decorator.py took 0.170 seconds
[2025-12-09T19:21:49.996+0000] {processor.py:186} INFO - Started process (PID=900) to work on /home/airflow/.local/lib/python3.12/site-packages/airflow/example_dags/example_sensor_decorator.py
[2025-12-09T19:21:50.026+0000] {processor.py:914} INFO - Processing file /home/airflow/.local/lib/python3.12/site-packages/airflow/example_dags/example_sensor_decorator.py for tasks to queue
[2025-12-09T19:21:50.030+0000] {logging_mixin.py:190} INFO - [2025-12-09T19:21:50.029+0000] {dagbag.py:587} INFO - Filling up the DagBag from /home/airflow/.local/lib/python3.12/site-packages/airflow/example_dags/example_sensor_decorator.py
[2025-12-09T19:21:50.044+0000] {processor.py:925} INFO - DAG(s) 'example_sensor_decorator' retrieved from /home/airflow/.local/lib/python3.12/site-packages/airflow/example_dags/example_sensor_decorator.py
[2025-12-09T19:21:50.076+0000] {logging_mixin.py:190} INFO - [2025-12-09T19:21:50.076+0000] {dag.py:3229} INFO - Sync 1 DAGs
[2025-12-09T19:21:50.096+0000] {logging_mixin.py:190} INFO - [2025-12-09T19:21:50.095+0000] {dag.py:4156} INFO - Setting next_dagrun for example_sensor_decorator to None, run_after=None
[2025-12-09T19:21:50.156+0000] {processor.py:208} INFO - Processing /home/airflow/.local/lib/python3.12/site-packages/airflow/example_dags/example_sensor_decorator.py took 0.170 seconds
[2025-12-09T19:22:20.713+0000] {processor.py:186} INFO - Started process (PID=960) to work on /home/airflow/.local/lib/python3.12/site-packages/airflow/example_dags/example_sensor_decorator.py
[2025-12-09T19:22:20.747+0000] {processor.py:914} INFO - Processing file /home/airflow/.local/lib/python3.12/site-packages/airflow/example_dags/example_sensor_decorator.py for tasks to queue
[2025-12-09T19:22:20.751+0000] {logging_mixin.py:190} INFO - [2025-12-09T19:22:20.750+0000] {dagbag.py:587} INFO - Filling up the DagBag from /home/airflow/.local/lib/python3.12/site-packages/airflow/example_dags/example_sensor_decorator.py
[2025-12-09T19:22:20.769+0000] {processor.py:925} INFO - DAG(s) 'example_sensor_decorator' retrieved from /home/airflow/.local/lib/python3.12/site-packages/airflow/example_dags/example_sensor_decorator.py
[2025-12-09T19:22:20.816+0000] {logging_mixin.py:190} INFO - [2025-12-09T19:22:20.815+0000] {dag.py:3229} INFO - Sync 1 DAGs
[2025-12-09T19:22:20.848+0000] {logging_mixin.py:190} INFO - [2025-12-09T19:22:20.847+0000] {dag.py:4156} INFO - Setting next_dagrun for example_sensor_decorator to None, run_after=None
[2025-12-09T19:22:20.914+0000] {processor.py:208} INFO - Processing /home/airflow/.local/lib/python3.12/site-packages/airflow/example_dags/example_sensor_decorator.py took 0.210 seconds
[2025-12-09T19:22:50.178+0000] {processor.py:186} INFO - Started process (PID=1027) to work on /home/airflow/.local/lib/python3.12/site-packages/airflow/example_dags/example_sensor_decorator.py
[2025-12-09T19:22:50.212+0000] {processor.py:914} INFO - Processing file /home/airflow/.local/lib/python3.12/site-packages/airflow/example_dags/example_sensor_decorator.py for tasks to queue
[2025-12-09T19:22:50.216+0000] {logging_mixin.py:190} INFO - [2025-12-09T19:22:50.216+0000] {dagbag.py:587} INFO - Filling up the DagBag from /home/airflow/.local/lib/python3.12/site-packages/airflow/example_dags/example_sensor_decorator.py
[2025-12-09T19:22:50.228+0000] {processor.py:925} INFO - DAG(s) 'example_sensor_decorator' retrieved from /home/airflow/.local/lib/python3.12/site-packages/airflow/example_dags/example_sensor_decorator.py
[2025-12-09T19:22:50.261+0000] {logging_mixin.py:190} INFO - [2025-12-09T19:22:50.260+0000] {dag.py:3229} INFO - Sync 1 DAGs
[2025-12-09T19:22:50.284+0000] {logging_mixin.py:190} INFO - [2025-12-09T19:22:50.284+0000] {dag.py:4156} INFO - Setting next_dagrun for example_sensor_decorator to None, run_after=None
[2025-12-09T19:22:50.418+0000] {processor.py:208} INFO - Processing /home/airflow/.local/lib/python3.12/site-packages/airflow/example_dags/example_sensor_decorator.py took 0.251 seconds
[2025-12-09T19:23:21.500+0000] {processor.py:186} INFO - Started process (PID=1091) to work on /home/airflow/.local/lib/python3.12/site-packages/airflow/example_dags/example_sensor_decorator.py
[2025-12-09T19:23:21.511+0000] {processor.py:914} INFO - Processing file /home/airflow/.local/lib/python3.12/site-packages/airflow/example_dags/example_sensor_decorator.py for tasks to queue
[2025-12-09T19:23:21.515+0000] {logging_mixin.py:190} INFO - [2025-12-09T19:23:21.514+0000] {dagbag.py:587} INFO - Filling up the DagBag from /home/airflow/.local/lib/python3.12/site-packages/airflow/example_dags/example_sensor_decorator.py
[2025-12-09T19:23:21.528+0000] {processor.py:925} INFO - DAG(s) 'example_sensor_decorator' retrieved from /home/airflow/.local/lib/python3.12/site-packages/airflow/example_dags/example_sensor_decorator.py
[2025-12-09T19:23:21.568+0000] {logging_mixin.py:190} INFO - [2025-12-09T19:23:21.567+0000] {dag.py:3229} INFO - Sync 1 DAGs
[2025-12-09T19:23:21.591+0000] {logging_mixin.py:190} INFO - [2025-12-09T19:23:21.591+0000] {dag.py:4156} INFO - Setting next_dagrun for example_sensor_decorator to None, run_after=None
[2025-12-09T19:23:21.658+0000] {processor.py:208} INFO - Processing /home/airflow/.local/lib/python3.12/site-packages/airflow/example_dags/example_sensor_decorator.py took 0.169 seconds
[2025-12-09T19:23:51.812+0000] {processor.py:186} INFO - Started process (PID=1153) to work on /home/airflow/.local/lib/python3.12/site-packages/airflow/example_dags/example_sensor_decorator.py
[2025-12-09T19:23:51.818+0000] {processor.py:914} INFO - Processing file /home/airflow/.local/lib/python3.12/site-packages/airflow/example_dags/example_sensor_decorator.py for tasks to queue
[2025-12-09T19:23:51.823+0000] {logging_mixin.py:190} INFO - [2025-12-09T19:23:51.822+0000] {dagbag.py:587} INFO - Filling up the DagBag from /home/airflow/.local/lib/python3.12/site-packages/airflow/example_dags/example_sensor_decorator.py
[2025-12-09T19:23:51.841+0000] {processor.py:925} INFO - DAG(s) 'example_sensor_decorator' retrieved from /home/airflow/.local/lib/python3.12/site-packages/airflow/example_dags/example_sensor_decorator.py
[2025-12-09T19:23:51.878+0000] {logging_mixin.py:190} INFO - [2025-12-09T19:23:51.877+0000] {dag.py:3229} INFO - Sync 1 DAGs
[2025-12-09T19:23:51.903+0000] {logging_mixin.py:190} INFO - [2025-12-09T19:23:51.902+0000] {dag.py:4156} INFO - Setting next_dagrun for example_sensor_decorator to None, run_after=None
[2025-12-09T19:23:51.970+0000] {processor.py:208} INFO - Processing /home/airflow/.local/lib/python3.12/site-packages/airflow/example_dags/example_sensor_decorator.py took 0.167 seconds
[2025-12-09T19:24:15.414+0000] {processor.py:186} INFO - Started process (PID=1215) to work on /home/airflow/.local/lib/python3.12/site-packages/airflow/example_dags/example_sensor_decorator.py
[2025-12-09T19:24:15.424+0000] {processor.py:914} INFO - Processing file /home/airflow/.local/lib/python3.12/site-packages/airflow/example_dags/example_sensor_decorator.py for tasks to queue
[2025-12-09T19:24:15.427+0000] {logging_mixin.py:190} INFO - [2025-12-09T19:24:15.427+0000] {dagbag.py:587} INFO - Filling up the DagBag from /home/airflow/.local/lib/python3.12/site-packages/airflow/example_dags/example_sensor_decorator.py
[2025-12-09T19:24:15.439+0000] {processor.py:925} INFO - DAG(s) 'example_sensor_decorator' retrieved from /home/airflow/.local/lib/python3.12/site-packages/airflow/example_dags/example_sensor_decorator.py
[2025-12-09T19:24:15.472+0000] {logging_mixin.py:190} INFO - [2025-12-09T19:24:15.471+0000] {dag.py:3229} INFO - Sync 1 DAGs
[2025-12-09T19:24:15.492+0000] {logging_mixin.py:190} INFO - [2025-12-09T19:24:15.492+0000] {dag.py:4156} INFO - Setting next_dagrun for example_sensor_decorator to None, run_after=None
[2025-12-09T19:24:15.521+0000] {processor.py:208} INFO - Processing /home/airflow/.local/lib/python3.12/site-packages/airflow/example_dags/example_sensor_decorator.py took 0.120 seconds
[2025-12-09T19:24:40.116+0000] {processor.py:186} INFO - Started process (PID=1271) to work on /home/airflow/.local/lib/python3.12/site-packages/airflow/example_dags/example_sensor_decorator.py
[2025-12-09T19:24:40.150+0000] {processor.py:914} INFO - Processing file /home/airflow/.local/lib/python3.12/site-packages/airflow/example_dags/example_sensor_decorator.py for tasks to queue
[2025-12-09T19:24:40.154+0000] {logging_mixin.py:190} INFO - [2025-12-09T19:24:40.154+0000] {dagbag.py:587} INFO - Filling up the DagBag from /home/airflow/.local/lib/python3.12/site-packages/airflow/example_dags/example_sensor_decorator.py
[2025-12-09T19:24:40.170+0000] {processor.py:925} INFO - DAG(s) 'example_sensor_decorator' retrieved from /home/airflow/.local/lib/python3.12/site-packages/airflow/example_dags/example_sensor_decorator.py
[2025-12-09T19:24:40.208+0000] {logging_mixin.py:190} INFO - [2025-12-09T19:24:40.208+0000] {dag.py:3229} INFO - Sync 1 DAGs
[2025-12-09T19:24:40.234+0000] {logging_mixin.py:190} INFO - [2025-12-09T19:24:40.233+0000] {dag.py:4156} INFO - Setting next_dagrun for example_sensor_decorator to None, run_after=None
[2025-12-09T19:24:40.280+0000] {processor.py:208} INFO - Processing /home/airflow/.local/lib/python3.12/site-packages/airflow/example_dags/example_sensor_decorator.py took 0.175 seconds
[2025-12-09T19:25:05.013+0000] {processor.py:186} INFO - Started process (PID=1330) to work on /home/airflow/.local/lib/python3.12/site-packages/airflow/example_dags/example_sensor_decorator.py
[2025-12-09T19:25:05.015+0000] {processor.py:914} INFO - Processing file /home/airflow/.local/lib/python3.12/site-packages/airflow/example_dags/example_sensor_decorator.py for tasks to queue
[2025-12-09T19:25:05.019+0000] {logging_mixin.py:190} INFO - [2025-12-09T19:25:05.019+0000] {dagbag.py:587} INFO - Filling up the DagBag from /home/airflow/.local/lib/python3.12/site-packages/airflow/example_dags/example_sensor_decorator.py
[2025-12-09T19:25:05.031+0000] {processor.py:925} INFO - DAG(s) 'example_sensor_decorator' retrieved from /home/airflow/.local/lib/python3.12/site-packages/airflow/example_dags/example_sensor_decorator.py
[2025-12-09T19:25:05.062+0000] {logging_mixin.py:190} INFO - [2025-12-09T19:25:05.061+0000] {dag.py:3229} INFO - Sync 1 DAGs
[2025-12-09T19:25:05.081+0000] {logging_mixin.py:190} INFO - [2025-12-09T19:25:05.081+0000] {dag.py:4156} INFO - Setting next_dagrun for example_sensor_decorator to None, run_after=None
[2025-12-09T19:25:05.141+0000] {processor.py:208} INFO - Processing /home/airflow/.local/lib/python3.12/site-packages/airflow/example_dags/example_sensor_decorator.py took 0.138 seconds
[2025-12-09T19:25:30.003+0000] {processor.py:186} INFO - Started process (PID=1390) to work on /home/airflow/.local/lib/python3.12/site-packages/airflow/example_dags/example_sensor_decorator.py
[2025-12-09T19:25:30.021+0000] {processor.py:914} INFO - Processing file /home/airflow/.local/lib/python3.12/site-packages/airflow/example_dags/example_sensor_decorator.py for tasks to queue
[2025-12-09T19:25:30.024+0000] {logging_mixin.py:190} INFO - [2025-12-09T19:25:30.023+0000] {dagbag.py:587} INFO - Filling up the DagBag from /home/airflow/.local/lib/python3.12/site-packages/airflow/example_dags/example_sensor_decorator.py
[2025-12-09T19:25:30.035+0000] {processor.py:925} INFO - DAG(s) 'example_sensor_decorator' retrieved from /home/airflow/.local/lib/python3.12/site-packages/airflow/example_dags/example_sensor_decorator.py
[2025-12-09T19:25:30.069+0000] {logging_mixin.py:190} INFO - [2025-12-09T19:25:30.068+0000] {dag.py:3229} INFO - Sync 1 DAGs
[2025-12-09T19:25:30.090+0000] {logging_mixin.py:190} INFO - [2025-12-09T19:25:30.090+0000] {dag.py:4156} INFO - Setting next_dagrun for example_sensor_decorator to None, run_after=None
[2025-12-09T19:25:30.124+0000] {processor.py:208} INFO - Processing /home/airflow/.local/lib/python3.12/site-packages/airflow/example_dags/example_sensor_decorator.py took 0.130 seconds
[2025-12-09T19:26:00.352+0000] {processor.py:186} INFO - Started process (PID=1450) to work on /home/airflow/.local/lib/python3.12/site-packages/airflow/example_dags/example_sensor_decorator.py
[2025-12-09T19:26:00.354+0000] {processor.py:914} INFO - Processing file /home/airflow/.local/lib/python3.12/site-packages/airflow/example_dags/example_sensor_decorator.py for tasks to queue
[2025-12-09T19:26:00.358+0000] {logging_mixin.py:190} INFO - [2025-12-09T19:26:00.357+0000] {dagbag.py:587} INFO - Filling up the DagBag from /home/airflow/.local/lib/python3.12/site-packages/airflow/example_dags/example_sensor_decorator.py
[2025-12-09T19:26:00.370+0000] {processor.py:925} INFO - DAG(s) 'example_sensor_decorator' retrieved from /home/airflow/.local/lib/python3.12/site-packages/airflow/example_dags/example_sensor_decorator.py
[2025-12-09T19:26:00.402+0000] {logging_mixin.py:190} INFO - [2025-12-09T19:26:00.402+0000] {dag.py:3229} INFO - Sync 1 DAGs
[2025-12-09T19:26:00.422+0000] {logging_mixin.py:190} INFO - [2025-12-09T19:26:00.421+0000] {dag.py:4156} INFO - Setting next_dagrun for example_sensor_decorator to None, run_after=None
[2025-12-09T19:26:00.482+0000] {processor.py:208} INFO - Processing /home/airflow/.local/lib/python3.12/site-packages/airflow/example_dags/example_sensor_decorator.py took 0.141 seconds
