[2025-12-09T19:15:33.610+0000] {processor.py:186} INFO - Started process (PID=97) to work on /home/airflow/.local/lib/python3.12/site-packages/airflow/example_dags/example_subdag_operator.py
[2025-12-09T19:15:33.611+0000] {processor.py:914} INFO - Processing file /home/airflow/.local/lib/python3.12/site-packages/airflow/example_dags/example_subdag_operator.py for tasks to queue
[2025-12-09T19:15:33.614+0000] {logging_mixin.py:190} INFO - [2025-12-09T19:15:33.614+0000] {dagbag.py:587} INFO - Filling up the DagBag from /home/airflow/.local/lib/python3.12/site-packages/airflow/example_dags/example_subdag_operator.py
[2025-12-09T19:15:33.662+0000] {processor.py:925} INFO - DAG(s) 'example_subdag_operator.section-1', 'example_subdag_operator.section-2', 'example_subdag_operator' retrieved from /home/airflow/.local/lib/python3.12/site-packages/airflow/example_dags/example_subdag_operator.py
[2025-12-09T19:15:33.819+0000] {logging_mixin.py:190} INFO - [2025-12-09T19:15:33.818+0000] {override.py:1900} INFO - Created Permission View: can read on DAG:example_subdag_operator
[2025-12-09T19:15:33.834+0000] {logging_mixin.py:190} INFO - [2025-12-09T19:15:33.834+0000] {override.py:1900} INFO - Created Permission View: can delete on DAG:example_subdag_operator
[2025-12-09T19:15:33.846+0000] {logging_mixin.py:190} INFO - [2025-12-09T19:15:33.846+0000] {override.py:1900} INFO - Created Permission View: can edit on DAG:example_subdag_operator
[2025-12-09T19:15:33.860+0000] {logging_mixin.py:190} INFO - [2025-12-09T19:15:33.860+0000] {override.py:1900} INFO - Created Permission View: can read on DAG Run:example_subdag_operator
[2025-12-09T19:15:33.871+0000] {logging_mixin.py:190} INFO - [2025-12-09T19:15:33.870+0000] {override.py:1900} INFO - Created Permission View: can delete on DAG Run:example_subdag_operator
[2025-12-09T19:15:33.881+0000] {logging_mixin.py:190} INFO - [2025-12-09T19:15:33.880+0000] {override.py:1900} INFO - Created Permission View: menu access on DAG Run:example_subdag_operator
[2025-12-09T19:15:33.891+0000] {logging_mixin.py:190} INFO - [2025-12-09T19:15:33.890+0000] {override.py:1900} INFO - Created Permission View: can create on DAG Run:example_subdag_operator
[2025-12-09T19:15:33.892+0000] {logging_mixin.py:190} INFO - [2025-12-09T19:15:33.891+0000] {dag.py:3229} INFO - Sync 3 DAGs
[2025-12-09T19:15:33.914+0000] {logging_mixin.py:190} INFO - [2025-12-09T19:15:33.913+0000] {dag.py:3252} INFO - Creating ORM DAG for example_subdag_operator
[2025-12-09T19:15:33.915+0000] {logging_mixin.py:190} INFO - [2025-12-09T19:15:33.915+0000] {dag.py:3252} INFO - Creating ORM DAG for example_subdag_operator.section-1
[2025-12-09T19:15:33.916+0000] {logging_mixin.py:190} INFO - [2025-12-09T19:15:33.915+0000] {dag.py:3252} INFO - Creating ORM DAG for example_subdag_operator.section-2
[2025-12-09T19:15:33.934+0000] {logging_mixin.py:190} INFO - [2025-12-09T19:15:33.933+0000] {dag.py:4156} INFO - Setting next_dagrun for example_subdag_operator to 2022-01-01 00:00:00+00:00, run_after=2022-01-01 00:00:00+00:00
[2025-12-09T19:15:33.935+0000] {logging_mixin.py:190} INFO - [2025-12-09T19:15:33.935+0000] {dag.py:4156} INFO - Setting next_dagrun for example_subdag_operator.section-1 to None, run_after=None
[2025-12-09T19:15:33.935+0000] {logging_mixin.py:190} INFO - [2025-12-09T19:15:33.935+0000] {dag.py:4156} INFO - Setting next_dagrun for example_subdag_operator.section-2 to None, run_after=None
[2025-12-09T19:15:33.948+0000] {logging_mixin.py:190} INFO - [2025-12-09T19:15:33.947+0000] {dag.py:3229} INFO - Sync 2 DAGs
[2025-12-09T19:15:33.957+0000] {logging_mixin.py:190} INFO - [2025-12-09T19:15:33.957+0000] {dag.py:4156} INFO - Setting next_dagrun for example_subdag_operator.section-1 to None, run_after=None
[2025-12-09T19:15:33.962+0000] {logging_mixin.py:190} INFO - [2025-12-09T19:15:33.961+0000] {dag.py:4156} INFO - Setting next_dagrun for example_subdag_operator.section-2 to None, run_after=None
[2025-12-09T19:15:33.982+0000] {processor.py:208} INFO - Processing /home/airflow/.local/lib/python3.12/site-packages/airflow/example_dags/example_subdag_operator.py took 0.381 seconds
[2025-12-09T19:16:03.852+0000] {processor.py:186} INFO - Started process (PID=159) to work on /home/airflow/.local/lib/python3.12/site-packages/airflow/example_dags/example_subdag_operator.py
[2025-12-09T19:16:03.855+0000] {processor.py:914} INFO - Processing file /home/airflow/.local/lib/python3.12/site-packages/airflow/example_dags/example_subdag_operator.py for tasks to queue
[2025-12-09T19:16:03.858+0000] {logging_mixin.py:190} INFO - [2025-12-09T19:16:03.858+0000] {dagbag.py:587} INFO - Filling up the DagBag from /home/airflow/.local/lib/python3.12/site-packages/airflow/example_dags/example_subdag_operator.py
[2025-12-09T19:16:03.922+0000] {processor.py:925} INFO - DAG(s) 'example_subdag_operator.section-1', 'example_subdag_operator.section-2', 'example_subdag_operator' retrieved from /home/airflow/.local/lib/python3.12/site-packages/airflow/example_dags/example_subdag_operator.py
[2025-12-09T19:16:03.956+0000] {logging_mixin.py:190} INFO - [2025-12-09T19:16:03.955+0000] {dag.py:3229} INFO - Sync 3 DAGs
[2025-12-09T19:16:04.020+0000] {logging_mixin.py:190} INFO - [2025-12-09T19:16:04.019+0000] {dag.py:4156} INFO - Setting next_dagrun for example_subdag_operator to 2022-01-01 00:00:00+00:00, run_after=2022-01-01 00:00:00+00:00
[2025-12-09T19:16:04.032+0000] {logging_mixin.py:190} INFO - [2025-12-09T19:16:04.031+0000] {dag.py:4156} INFO - Setting next_dagrun for example_subdag_operator.section-1 to None, run_after=None
[2025-12-09T19:16:04.035+0000] {logging_mixin.py:190} INFO - [2025-12-09T19:16:04.034+0000] {dag.py:4156} INFO - Setting next_dagrun for example_subdag_operator.section-2 to None, run_after=None
[2025-12-09T19:16:04.055+0000] {logging_mixin.py:190} INFO - [2025-12-09T19:16:04.055+0000] {dag.py:3229} INFO - Sync 2 DAGs
[2025-12-09T19:16:04.067+0000] {logging_mixin.py:190} INFO - [2025-12-09T19:16:04.066+0000] {dag.py:4156} INFO - Setting next_dagrun for example_subdag_operator.section-1 to None, run_after=None
[2025-12-09T19:16:04.067+0000] {logging_mixin.py:190} INFO - [2025-12-09T19:16:04.067+0000] {dag.py:4156} INFO - Setting next_dagrun for example_subdag_operator.section-2 to None, run_after=None
[2025-12-09T19:16:04.089+0000] {processor.py:208} INFO - Processing /home/airflow/.local/lib/python3.12/site-packages/airflow/example_dags/example_subdag_operator.py took 0.249 seconds
[2025-12-09T19:16:34.753+0000] {processor.py:186} INFO - Started process (PID=218) to work on /home/airflow/.local/lib/python3.12/site-packages/airflow/example_dags/example_subdag_operator.py
[2025-12-09T19:16:34.756+0000] {processor.py:914} INFO - Processing file /home/airflow/.local/lib/python3.12/site-packages/airflow/example_dags/example_subdag_operator.py for tasks to queue
[2025-12-09T19:16:34.761+0000] {logging_mixin.py:190} INFO - [2025-12-09T19:16:34.760+0000] {dagbag.py:587} INFO - Filling up the DagBag from /home/airflow/.local/lib/python3.12/site-packages/airflow/example_dags/example_subdag_operator.py
[2025-12-09T19:16:34.815+0000] {processor.py:925} INFO - DAG(s) 'example_subdag_operator.section-1', 'example_subdag_operator.section-2', 'example_subdag_operator' retrieved from /home/airflow/.local/lib/python3.12/site-packages/airflow/example_dags/example_subdag_operator.py
[2025-12-09T19:16:34.839+0000] {logging_mixin.py:190} INFO - [2025-12-09T19:16:34.839+0000] {dag.py:3229} INFO - Sync 3 DAGs
[2025-12-09T19:16:34.875+0000] {logging_mixin.py:190} INFO - [2025-12-09T19:16:34.875+0000] {dag.py:4156} INFO - Setting next_dagrun for example_subdag_operator to 2022-01-01 00:00:00+00:00, run_after=2022-01-01 00:00:00+00:00
[2025-12-09T19:16:34.880+0000] {logging_mixin.py:190} INFO - [2025-12-09T19:16:34.880+0000] {dag.py:4156} INFO - Setting next_dagrun for example_subdag_operator.section-1 to None, run_after=None
[2025-12-09T19:16:34.882+0000] {logging_mixin.py:190} INFO - [2025-12-09T19:16:34.882+0000] {dag.py:4156} INFO - Setting next_dagrun for example_subdag_operator.section-2 to None, run_after=None
[2025-12-09T19:16:34.891+0000] {logging_mixin.py:190} INFO - [2025-12-09T19:16:34.891+0000] {dag.py:3229} INFO - Sync 2 DAGs
[2025-12-09T19:16:34.899+0000] {logging_mixin.py:190} INFO - [2025-12-09T19:16:34.899+0000] {dag.py:4156} INFO - Setting next_dagrun for example_subdag_operator.section-1 to None, run_after=None
[2025-12-09T19:16:34.900+0000] {logging_mixin.py:190} INFO - [2025-12-09T19:16:34.900+0000] {dag.py:4156} INFO - Setting next_dagrun for example_subdag_operator.section-2 to None, run_after=None
[2025-12-09T19:16:34.927+0000] {processor.py:208} INFO - Processing /home/airflow/.local/lib/python3.12/site-packages/airflow/example_dags/example_subdag_operator.py took 0.190 seconds
[2025-12-09T19:16:58.835+0000] {processor.py:186} INFO - Started process (PID=277) to work on /home/airflow/.local/lib/python3.12/site-packages/airflow/example_dags/example_subdag_operator.py
[2025-12-09T19:16:58.865+0000] {processor.py:914} INFO - Processing file /home/airflow/.local/lib/python3.12/site-packages/airflow/example_dags/example_subdag_operator.py for tasks to queue
[2025-12-09T19:16:58.869+0000] {logging_mixin.py:190} INFO - [2025-12-09T19:16:58.868+0000] {dagbag.py:587} INFO - Filling up the DagBag from /home/airflow/.local/lib/python3.12/site-packages/airflow/example_dags/example_subdag_operator.py
[2025-12-09T19:16:58.922+0000] {processor.py:925} INFO - DAG(s) 'example_subdag_operator.section-1', 'example_subdag_operator.section-2', 'example_subdag_operator' retrieved from /home/airflow/.local/lib/python3.12/site-packages/airflow/example_dags/example_subdag_operator.py
[2025-12-09T19:16:58.948+0000] {logging_mixin.py:190} INFO - [2025-12-09T19:16:58.947+0000] {dag.py:3229} INFO - Sync 3 DAGs
[2025-12-09T19:16:58.985+0000] {logging_mixin.py:190} INFO - [2025-12-09T19:16:58.984+0000] {dag.py:4156} INFO - Setting next_dagrun for example_subdag_operator to 2022-01-01 00:00:00+00:00, run_after=2022-01-01 00:00:00+00:00
[2025-12-09T19:16:58.990+0000] {logging_mixin.py:190} INFO - [2025-12-09T19:16:58.990+0000] {dag.py:4156} INFO - Setting next_dagrun for example_subdag_operator.section-1 to None, run_after=None
[2025-12-09T19:16:58.992+0000] {logging_mixin.py:190} INFO - [2025-12-09T19:16:58.991+0000] {dag.py:4156} INFO - Setting next_dagrun for example_subdag_operator.section-2 to None, run_after=None
[2025-12-09T19:16:59.003+0000] {logging_mixin.py:190} INFO - [2025-12-09T19:16:59.002+0000] {dag.py:3229} INFO - Sync 2 DAGs
[2025-12-09T19:16:59.011+0000] {logging_mixin.py:190} INFO - [2025-12-09T19:16:59.010+0000] {dag.py:4156} INFO - Setting next_dagrun for example_subdag_operator.section-1 to None, run_after=None
[2025-12-09T19:16:59.011+0000] {logging_mixin.py:190} INFO - [2025-12-09T19:16:59.011+0000] {dag.py:4156} INFO - Setting next_dagrun for example_subdag_operator.section-2 to None, run_after=None
[2025-12-09T19:16:59.034+0000] {processor.py:208} INFO - Processing /home/airflow/.local/lib/python3.12/site-packages/airflow/example_dags/example_subdag_operator.py took 0.210 seconds
[2025-12-09T19:17:28.463+0000] {processor.py:186} INFO - Started process (PID=337) to work on /home/airflow/.local/lib/python3.12/site-packages/airflow/example_dags/example_subdag_operator.py
[2025-12-09T19:17:28.466+0000] {processor.py:914} INFO - Processing file /home/airflow/.local/lib/python3.12/site-packages/airflow/example_dags/example_subdag_operator.py for tasks to queue
[2025-12-09T19:17:28.469+0000] {logging_mixin.py:190} INFO - [2025-12-09T19:17:28.469+0000] {dagbag.py:587} INFO - Filling up the DagBag from /home/airflow/.local/lib/python3.12/site-packages/airflow/example_dags/example_subdag_operator.py
[2025-12-09T19:17:28.515+0000] {processor.py:925} INFO - DAG(s) 'example_subdag_operator.section-1', 'example_subdag_operator.section-2', 'example_subdag_operator' retrieved from /home/airflow/.local/lib/python3.12/site-packages/airflow/example_dags/example_subdag_operator.py
[2025-12-09T19:17:28.539+0000] {logging_mixin.py:190} INFO - [2025-12-09T19:17:28.538+0000] {dag.py:3229} INFO - Sync 3 DAGs
[2025-12-09T19:17:28.570+0000] {logging_mixin.py:190} INFO - [2025-12-09T19:17:28.570+0000] {dag.py:4156} INFO - Setting next_dagrun for example_subdag_operator to 2022-01-01 00:00:00+00:00, run_after=2022-01-01 00:00:00+00:00
[2025-12-09T19:17:28.575+0000] {logging_mixin.py:190} INFO - [2025-12-09T19:17:28.575+0000] {dag.py:4156} INFO - Setting next_dagrun for example_subdag_operator.section-1 to None, run_after=None
[2025-12-09T19:17:28.576+0000] {logging_mixin.py:190} INFO - [2025-12-09T19:17:28.576+0000] {dag.py:4156} INFO - Setting next_dagrun for example_subdag_operator.section-2 to None, run_after=None
[2025-12-09T19:17:28.586+0000] {logging_mixin.py:190} INFO - [2025-12-09T19:17:28.586+0000] {dag.py:3229} INFO - Sync 2 DAGs
[2025-12-09T19:17:28.594+0000] {logging_mixin.py:190} INFO - [2025-12-09T19:17:28.594+0000] {dag.py:4156} INFO - Setting next_dagrun for example_subdag_operator.section-1 to None, run_after=None
[2025-12-09T19:17:28.594+0000] {logging_mixin.py:190} INFO - [2025-12-09T19:17:28.594+0000] {dag.py:4156} INFO - Setting next_dagrun for example_subdag_operator.section-2 to None, run_after=None
[2025-12-09T19:17:28.626+0000] {processor.py:208} INFO - Processing /home/airflow/.local/lib/python3.12/site-packages/airflow/example_dags/example_subdag_operator.py took 0.172 seconds
[2025-12-09T19:18:01.560+0000] {processor.py:186} INFO - Started process (PID=396) to work on /home/airflow/.local/lib/python3.12/site-packages/airflow/example_dags/example_subdag_operator.py
[2025-12-09T19:18:01.574+0000] {processor.py:914} INFO - Processing file /home/airflow/.local/lib/python3.12/site-packages/airflow/example_dags/example_subdag_operator.py for tasks to queue
[2025-12-09T19:18:01.579+0000] {logging_mixin.py:190} INFO - [2025-12-09T19:18:01.578+0000] {dagbag.py:587} INFO - Filling up the DagBag from /home/airflow/.local/lib/python3.12/site-packages/airflow/example_dags/example_subdag_operator.py
[2025-12-09T19:18:01.631+0000] {processor.py:925} INFO - DAG(s) 'example_subdag_operator.section-1', 'example_subdag_operator.section-2', 'example_subdag_operator' retrieved from /home/airflow/.local/lib/python3.12/site-packages/airflow/example_dags/example_subdag_operator.py
[2025-12-09T19:18:01.657+0000] {logging_mixin.py:190} INFO - [2025-12-09T19:18:01.657+0000] {dag.py:3229} INFO - Sync 3 DAGs
[2025-12-09T19:18:01.699+0000] {logging_mixin.py:190} INFO - [2025-12-09T19:18:01.698+0000] {dag.py:4156} INFO - Setting next_dagrun for example_subdag_operator to 2022-01-01 00:00:00+00:00, run_after=2022-01-01 00:00:00+00:00
[2025-12-09T19:18:01.707+0000] {logging_mixin.py:190} INFO - [2025-12-09T19:18:01.706+0000] {dag.py:4156} INFO - Setting next_dagrun for example_subdag_operator.section-1 to None, run_after=None
[2025-12-09T19:18:01.710+0000] {logging_mixin.py:190} INFO - [2025-12-09T19:18:01.709+0000] {dag.py:4156} INFO - Setting next_dagrun for example_subdag_operator.section-2 to None, run_after=None
[2025-12-09T19:18:01.728+0000] {logging_mixin.py:190} INFO - [2025-12-09T19:18:01.727+0000] {dag.py:3229} INFO - Sync 2 DAGs
[2025-12-09T19:18:01.739+0000] {logging_mixin.py:190} INFO - [2025-12-09T19:18:01.738+0000] {dag.py:4156} INFO - Setting next_dagrun for example_subdag_operator.section-1 to None, run_after=None
[2025-12-09T19:18:01.739+0000] {logging_mixin.py:190} INFO - [2025-12-09T19:18:01.739+0000] {dag.py:4156} INFO - Setting next_dagrun for example_subdag_operator.section-2 to None, run_after=None
[2025-12-09T19:18:01.760+0000] {processor.py:208} INFO - Processing /home/airflow/.local/lib/python3.12/site-packages/airflow/example_dags/example_subdag_operator.py took 0.212 seconds
[2025-12-09T19:18:32.666+0000] {processor.py:186} INFO - Started process (PID=477) to work on /home/airflow/.local/lib/python3.12/site-packages/airflow/example_dags/example_subdag_operator.py
[2025-12-09T19:18:32.697+0000] {processor.py:914} INFO - Processing file /home/airflow/.local/lib/python3.12/site-packages/airflow/example_dags/example_subdag_operator.py for tasks to queue
[2025-12-09T19:18:32.702+0000] {logging_mixin.py:190} INFO - [2025-12-09T19:18:32.701+0000] {dagbag.py:587} INFO - Filling up the DagBag from /home/airflow/.local/lib/python3.12/site-packages/airflow/example_dags/example_subdag_operator.py
[2025-12-09T19:18:32.746+0000] {processor.py:925} INFO - DAG(s) 'example_subdag_operator.section-1', 'example_subdag_operator.section-2', 'example_subdag_operator' retrieved from /home/airflow/.local/lib/python3.12/site-packages/airflow/example_dags/example_subdag_operator.py
[2025-12-09T19:18:32.768+0000] {logging_mixin.py:190} INFO - [2025-12-09T19:18:32.767+0000] {dag.py:3229} INFO - Sync 3 DAGs
[2025-12-09T19:18:32.803+0000] {logging_mixin.py:190} INFO - [2025-12-09T19:18:32.803+0000] {dag.py:4156} INFO - Setting next_dagrun for example_subdag_operator to 2022-01-01 00:00:00+00:00, run_after=2022-01-01 00:00:00+00:00
[2025-12-09T19:18:32.808+0000] {logging_mixin.py:190} INFO - [2025-12-09T19:18:32.808+0000] {dag.py:4156} INFO - Setting next_dagrun for example_subdag_operator.section-1 to None, run_after=None
[2025-12-09T19:18:32.810+0000] {logging_mixin.py:190} INFO - [2025-12-09T19:18:32.809+0000] {dag.py:4156} INFO - Setting next_dagrun for example_subdag_operator.section-2 to None, run_after=None
[2025-12-09T19:18:32.820+0000] {logging_mixin.py:190} INFO - [2025-12-09T19:18:32.820+0000] {dag.py:3229} INFO - Sync 2 DAGs
[2025-12-09T19:18:32.828+0000] {logging_mixin.py:190} INFO - [2025-12-09T19:18:32.828+0000] {dag.py:4156} INFO - Setting next_dagrun for example_subdag_operator.section-1 to None, run_after=None
[2025-12-09T19:18:32.828+0000] {logging_mixin.py:190} INFO - [2025-12-09T19:18:32.828+0000] {dag.py:4156} INFO - Setting next_dagrun for example_subdag_operator.section-2 to None, run_after=None
[2025-12-09T19:18:32.851+0000] {processor.py:208} INFO - Processing /home/airflow/.local/lib/python3.12/site-packages/airflow/example_dags/example_subdag_operator.py took 0.195 seconds
[2025-12-09T19:18:59.446+0000] {processor.py:186} INFO - Started process (PID=546) to work on /home/airflow/.local/lib/python3.12/site-packages/airflow/example_dags/example_subdag_operator.py
[2025-12-09T19:18:59.449+0000] {processor.py:914} INFO - Processing file /home/airflow/.local/lib/python3.12/site-packages/airflow/example_dags/example_subdag_operator.py for tasks to queue
[2025-12-09T19:18:59.453+0000] {logging_mixin.py:190} INFO - [2025-12-09T19:18:59.453+0000] {dagbag.py:587} INFO - Filling up the DagBag from /home/airflow/.local/lib/python3.12/site-packages/airflow/example_dags/example_subdag_operator.py
[2025-12-09T19:18:59.504+0000] {processor.py:925} INFO - DAG(s) 'example_subdag_operator.section-1', 'example_subdag_operator.section-2', 'example_subdag_operator' retrieved from /home/airflow/.local/lib/python3.12/site-packages/airflow/example_dags/example_subdag_operator.py
[2025-12-09T19:18:59.530+0000] {logging_mixin.py:190} INFO - [2025-12-09T19:18:59.529+0000] {dag.py:3229} INFO - Sync 3 DAGs
[2025-12-09T19:18:59.566+0000] {logging_mixin.py:190} INFO - [2025-12-09T19:18:59.566+0000] {dag.py:4156} INFO - Setting next_dagrun for example_subdag_operator to 2022-01-01 00:00:00+00:00, run_after=2022-01-01 00:00:00+00:00
[2025-12-09T19:18:59.571+0000] {logging_mixin.py:190} INFO - [2025-12-09T19:18:59.571+0000] {dag.py:4156} INFO - Setting next_dagrun for example_subdag_operator.section-1 to None, run_after=None
[2025-12-09T19:18:59.573+0000] {logging_mixin.py:190} INFO - [2025-12-09T19:18:59.573+0000] {dag.py:4156} INFO - Setting next_dagrun for example_subdag_operator.section-2 to None, run_after=None
[2025-12-09T19:18:59.585+0000] {logging_mixin.py:190} INFO - [2025-12-09T19:18:59.585+0000] {dag.py:3229} INFO - Sync 2 DAGs
[2025-12-09T19:18:59.593+0000] {logging_mixin.py:190} INFO - [2025-12-09T19:18:59.593+0000] {dag.py:4156} INFO - Setting next_dagrun for example_subdag_operator.section-1 to None, run_after=None
[2025-12-09T19:18:59.594+0000] {logging_mixin.py:190} INFO - [2025-12-09T19:18:59.593+0000] {dag.py:4156} INFO - Setting next_dagrun for example_subdag_operator.section-2 to None, run_after=None
[2025-12-09T19:18:59.642+0000] {processor.py:208} INFO - Processing /home/airflow/.local/lib/python3.12/site-packages/airflow/example_dags/example_subdag_operator.py took 0.206 seconds
[2025-12-09T19:19:25.151+0000] {processor.py:186} INFO - Started process (PID=599) to work on /home/airflow/.local/lib/python3.12/site-packages/airflow/example_dags/example_subdag_operator.py
[2025-12-09T19:19:25.185+0000] {processor.py:914} INFO - Processing file /home/airflow/.local/lib/python3.12/site-packages/airflow/example_dags/example_subdag_operator.py for tasks to queue
[2025-12-09T19:19:25.190+0000] {logging_mixin.py:190} INFO - [2025-12-09T19:19:25.189+0000] {dagbag.py:587} INFO - Filling up the DagBag from /home/airflow/.local/lib/python3.12/site-packages/airflow/example_dags/example_subdag_operator.py
[2025-12-09T19:19:25.237+0000] {processor.py:925} INFO - DAG(s) 'example_subdag_operator.section-1', 'example_subdag_operator.section-2', 'example_subdag_operator' retrieved from /home/airflow/.local/lib/python3.12/site-packages/airflow/example_dags/example_subdag_operator.py
[2025-12-09T19:19:25.261+0000] {logging_mixin.py:190} INFO - [2025-12-09T19:19:25.261+0000] {dag.py:3229} INFO - Sync 3 DAGs
[2025-12-09T19:19:25.309+0000] {logging_mixin.py:190} INFO - [2025-12-09T19:19:25.309+0000] {dag.py:4156} INFO - Setting next_dagrun for example_subdag_operator to 2022-01-01 00:00:00+00:00, run_after=2022-01-01 00:00:00+00:00
[2025-12-09T19:19:25.315+0000] {logging_mixin.py:190} INFO - [2025-12-09T19:19:25.315+0000] {dag.py:4156} INFO - Setting next_dagrun for example_subdag_operator.section-1 to None, run_after=None
[2025-12-09T19:19:25.317+0000] {logging_mixin.py:190} INFO - [2025-12-09T19:19:25.317+0000] {dag.py:4156} INFO - Setting next_dagrun for example_subdag_operator.section-2 to None, run_after=None
[2025-12-09T19:19:25.327+0000] {logging_mixin.py:190} INFO - [2025-12-09T19:19:25.327+0000] {dag.py:3229} INFO - Sync 2 DAGs
[2025-12-09T19:19:25.338+0000] {logging_mixin.py:190} INFO - [2025-12-09T19:19:25.338+0000] {dag.py:4156} INFO - Setting next_dagrun for example_subdag_operator.section-1 to None, run_after=None
[2025-12-09T19:19:25.338+0000] {logging_mixin.py:190} INFO - [2025-12-09T19:19:25.338+0000] {dag.py:4156} INFO - Setting next_dagrun for example_subdag_operator.section-2 to None, run_after=None
[2025-12-09T19:19:25.359+0000] {processor.py:208} INFO - Processing /home/airflow/.local/lib/python3.12/site-packages/airflow/example_dags/example_subdag_operator.py took 0.222 seconds
[2025-12-09T19:19:49.671+0000] {processor.py:186} INFO - Started process (PID=648) to work on /home/airflow/.local/lib/python3.12/site-packages/airflow/example_dags/example_subdag_operator.py
[2025-12-09T19:19:49.674+0000] {processor.py:914} INFO - Processing file /home/airflow/.local/lib/python3.12/site-packages/airflow/example_dags/example_subdag_operator.py for tasks to queue
[2025-12-09T19:19:49.677+0000] {logging_mixin.py:190} INFO - [2025-12-09T19:19:49.677+0000] {dagbag.py:587} INFO - Filling up the DagBag from /home/airflow/.local/lib/python3.12/site-packages/airflow/example_dags/example_subdag_operator.py
[2025-12-09T19:19:49.717+0000] {processor.py:925} INFO - DAG(s) 'example_subdag_operator.section-1', 'example_subdag_operator.section-2', 'example_subdag_operator' retrieved from /home/airflow/.local/lib/python3.12/site-packages/airflow/example_dags/example_subdag_operator.py
[2025-12-09T19:19:49.737+0000] {logging_mixin.py:190} INFO - [2025-12-09T19:19:49.736+0000] {dag.py:3229} INFO - Sync 3 DAGs
[2025-12-09T19:19:49.768+0000] {logging_mixin.py:190} INFO - [2025-12-09T19:19:49.768+0000] {dag.py:4156} INFO - Setting next_dagrun for example_subdag_operator to 2022-01-01 00:00:00+00:00, run_after=2022-01-01 00:00:00+00:00
[2025-12-09T19:19:49.772+0000] {logging_mixin.py:190} INFO - [2025-12-09T19:19:49.772+0000] {dag.py:4156} INFO - Setting next_dagrun for example_subdag_operator.section-1 to None, run_after=None
[2025-12-09T19:19:49.774+0000] {logging_mixin.py:190} INFO - [2025-12-09T19:19:49.774+0000] {dag.py:4156} INFO - Setting next_dagrun for example_subdag_operator.section-2 to None, run_after=None
[2025-12-09T19:19:49.784+0000] {logging_mixin.py:190} INFO - [2025-12-09T19:19:49.784+0000] {dag.py:3229} INFO - Sync 2 DAGs
[2025-12-09T19:19:49.792+0000] {logging_mixin.py:190} INFO - [2025-12-09T19:19:49.791+0000] {dag.py:4156} INFO - Setting next_dagrun for example_subdag_operator.section-1 to None, run_after=None
[2025-12-09T19:19:49.792+0000] {logging_mixin.py:190} INFO - [2025-12-09T19:19:49.792+0000] {dag.py:4156} INFO - Setting next_dagrun for example_subdag_operator.section-2 to None, run_after=None
[2025-12-09T19:19:49.840+0000] {processor.py:208} INFO - Processing /home/airflow/.local/lib/python3.12/site-packages/airflow/example_dags/example_subdag_operator.py took 0.179 seconds
[2025-12-09T19:20:19.292+0000] {processor.py:186} INFO - Started process (PID=710) to work on /home/airflow/.local/lib/python3.12/site-packages/airflow/example_dags/example_subdag_operator.py
[2025-12-09T19:20:19.312+0000] {processor.py:914} INFO - Processing file /home/airflow/.local/lib/python3.12/site-packages/airflow/example_dags/example_subdag_operator.py for tasks to queue
[2025-12-09T19:20:19.317+0000] {logging_mixin.py:190} INFO - [2025-12-09T19:20:19.316+0000] {dagbag.py:587} INFO - Filling up the DagBag from /home/airflow/.local/lib/python3.12/site-packages/airflow/example_dags/example_subdag_operator.py
[2025-12-09T19:20:19.358+0000] {processor.py:925} INFO - DAG(s) 'example_subdag_operator.section-1', 'example_subdag_operator.section-2', 'example_subdag_operator' retrieved from /home/airflow/.local/lib/python3.12/site-packages/airflow/example_dags/example_subdag_operator.py
[2025-12-09T19:20:19.380+0000] {logging_mixin.py:190} INFO - [2025-12-09T19:20:19.380+0000] {dag.py:3229} INFO - Sync 3 DAGs
[2025-12-09T19:20:19.412+0000] {logging_mixin.py:190} INFO - [2025-12-09T19:20:19.412+0000] {dag.py:4156} INFO - Setting next_dagrun for example_subdag_operator to 2022-01-01 00:00:00+00:00, run_after=2022-01-01 00:00:00+00:00
[2025-12-09T19:20:19.417+0000] {logging_mixin.py:190} INFO - [2025-12-09T19:20:19.417+0000] {dag.py:4156} INFO - Setting next_dagrun for example_subdag_operator.section-1 to None, run_after=None
[2025-12-09T19:20:19.419+0000] {logging_mixin.py:190} INFO - [2025-12-09T19:20:19.419+0000] {dag.py:4156} INFO - Setting next_dagrun for example_subdag_operator.section-2 to None, run_after=None
[2025-12-09T19:20:19.428+0000] {logging_mixin.py:190} INFO - [2025-12-09T19:20:19.428+0000] {dag.py:3229} INFO - Sync 2 DAGs
[2025-12-09T19:20:19.436+0000] {logging_mixin.py:190} INFO - [2025-12-09T19:20:19.435+0000] {dag.py:4156} INFO - Setting next_dagrun for example_subdag_operator.section-1 to None, run_after=None
[2025-12-09T19:20:19.436+0000] {logging_mixin.py:190} INFO - [2025-12-09T19:20:19.436+0000] {dag.py:4156} INFO - Setting next_dagrun for example_subdag_operator.section-2 to None, run_after=None
[2025-12-09T19:20:19.454+0000] {processor.py:208} INFO - Processing /home/airflow/.local/lib/python3.12/site-packages/airflow/example_dags/example_subdag_operator.py took 0.171 seconds
[2025-12-09T19:20:50.154+0000] {processor.py:186} INFO - Started process (PID=768) to work on /home/airflow/.local/lib/python3.12/site-packages/airflow/example_dags/example_subdag_operator.py
[2025-12-09T19:20:50.173+0000] {processor.py:914} INFO - Processing file /home/airflow/.local/lib/python3.12/site-packages/airflow/example_dags/example_subdag_operator.py for tasks to queue
[2025-12-09T19:20:50.177+0000] {logging_mixin.py:190} INFO - [2025-12-09T19:20:50.176+0000] {dagbag.py:587} INFO - Filling up the DagBag from /home/airflow/.local/lib/python3.12/site-packages/airflow/example_dags/example_subdag_operator.py
[2025-12-09T19:20:50.221+0000] {processor.py:925} INFO - DAG(s) 'example_subdag_operator.section-1', 'example_subdag_operator.section-2', 'example_subdag_operator' retrieved from /home/airflow/.local/lib/python3.12/site-packages/airflow/example_dags/example_subdag_operator.py
[2025-12-09T19:20:50.244+0000] {logging_mixin.py:190} INFO - [2025-12-09T19:20:50.243+0000] {dag.py:3229} INFO - Sync 3 DAGs
[2025-12-09T19:20:50.278+0000] {logging_mixin.py:190} INFO - [2025-12-09T19:20:50.278+0000] {dag.py:4156} INFO - Setting next_dagrun for example_subdag_operator to 2022-01-01 00:00:00+00:00, run_after=2022-01-01 00:00:00+00:00
[2025-12-09T19:20:50.283+0000] {logging_mixin.py:190} INFO - [2025-12-09T19:20:50.282+0000] {dag.py:4156} INFO - Setting next_dagrun for example_subdag_operator.section-1 to None, run_after=None
[2025-12-09T19:20:50.284+0000] {logging_mixin.py:190} INFO - [2025-12-09T19:20:50.284+0000] {dag.py:4156} INFO - Setting next_dagrun for example_subdag_operator.section-2 to None, run_after=None
[2025-12-09T19:20:50.293+0000] {logging_mixin.py:190} INFO - [2025-12-09T19:20:50.293+0000] {dag.py:3229} INFO - Sync 2 DAGs
[2025-12-09T19:20:50.300+0000] {logging_mixin.py:190} INFO - [2025-12-09T19:20:50.300+0000] {dag.py:4156} INFO - Setting next_dagrun for example_subdag_operator.section-1 to None, run_after=None
[2025-12-09T19:20:50.300+0000] {logging_mixin.py:190} INFO - [2025-12-09T19:20:50.300+0000] {dag.py:4156} INFO - Setting next_dagrun for example_subdag_operator.section-2 to None, run_after=None
[2025-12-09T19:20:50.316+0000] {processor.py:208} INFO - Processing /home/airflow/.local/lib/python3.12/site-packages/airflow/example_dags/example_subdag_operator.py took 0.174 seconds
[2025-12-09T19:21:20.551+0000] {processor.py:186} INFO - Started process (PID=830) to work on /home/airflow/.local/lib/python3.12/site-packages/airflow/example_dags/example_subdag_operator.py
[2025-12-09T19:21:20.566+0000] {processor.py:914} INFO - Processing file /home/airflow/.local/lib/python3.12/site-packages/airflow/example_dags/example_subdag_operator.py for tasks to queue
[2025-12-09T19:21:20.570+0000] {logging_mixin.py:190} INFO - [2025-12-09T19:21:20.570+0000] {dagbag.py:587} INFO - Filling up the DagBag from /home/airflow/.local/lib/python3.12/site-packages/airflow/example_dags/example_subdag_operator.py
[2025-12-09T19:21:20.621+0000] {processor.py:925} INFO - DAG(s) 'example_subdag_operator.section-1', 'example_subdag_operator.section-2', 'example_subdag_operator' retrieved from /home/airflow/.local/lib/python3.12/site-packages/airflow/example_dags/example_subdag_operator.py
[2025-12-09T19:21:20.647+0000] {logging_mixin.py:190} INFO - [2025-12-09T19:21:20.646+0000] {dag.py:3229} INFO - Sync 3 DAGs
[2025-12-09T19:21:20.691+0000] {logging_mixin.py:190} INFO - [2025-12-09T19:21:20.690+0000] {dag.py:4156} INFO - Setting next_dagrun for example_subdag_operator to 2022-01-01 00:00:00+00:00, run_after=2022-01-01 00:00:00+00:00
[2025-12-09T19:21:20.700+0000] {logging_mixin.py:190} INFO - [2025-12-09T19:21:20.700+0000] {dag.py:4156} INFO - Setting next_dagrun for example_subdag_operator.section-1 to None, run_after=None
[2025-12-09T19:21:20.704+0000] {logging_mixin.py:190} INFO - [2025-12-09T19:21:20.704+0000] {dag.py:4156} INFO - Setting next_dagrun for example_subdag_operator.section-2 to None, run_after=None
[2025-12-09T19:21:20.716+0000] {logging_mixin.py:190} INFO - [2025-12-09T19:21:20.716+0000] {dag.py:3229} INFO - Sync 2 DAGs
[2025-12-09T19:21:20.727+0000] {logging_mixin.py:190} INFO - [2025-12-09T19:21:20.727+0000] {dag.py:4156} INFO - Setting next_dagrun for example_subdag_operator.section-1 to None, run_after=None
[2025-12-09T19:21:20.728+0000] {logging_mixin.py:190} INFO - [2025-12-09T19:21:20.728+0000] {dag.py:4156} INFO - Setting next_dagrun for example_subdag_operator.section-2 to None, run_after=None
[2025-12-09T19:21:20.753+0000] {processor.py:208} INFO - Processing /home/airflow/.local/lib/python3.12/site-packages/airflow/example_dags/example_subdag_operator.py took 0.212 seconds
[2025-12-09T19:21:48.811+0000] {processor.py:186} INFO - Started process (PID=892) to work on /home/airflow/.local/lib/python3.12/site-packages/airflow/example_dags/example_subdag_operator.py
[2025-12-09T19:21:48.813+0000] {processor.py:914} INFO - Processing file /home/airflow/.local/lib/python3.12/site-packages/airflow/example_dags/example_subdag_operator.py for tasks to queue
[2025-12-09T19:21:48.816+0000] {logging_mixin.py:190} INFO - [2025-12-09T19:21:48.816+0000] {dagbag.py:587} INFO - Filling up the DagBag from /home/airflow/.local/lib/python3.12/site-packages/airflow/example_dags/example_subdag_operator.py
[2025-12-09T19:21:48.855+0000] {processor.py:925} INFO - DAG(s) 'example_subdag_operator.section-1', 'example_subdag_operator.section-2', 'example_subdag_operator' retrieved from /home/airflow/.local/lib/python3.12/site-packages/airflow/example_dags/example_subdag_operator.py
[2025-12-09T19:21:48.876+0000] {logging_mixin.py:190} INFO - [2025-12-09T19:21:48.876+0000] {dag.py:3229} INFO - Sync 3 DAGs
[2025-12-09T19:21:48.909+0000] {logging_mixin.py:190} INFO - [2025-12-09T19:21:48.908+0000] {dag.py:4156} INFO - Setting next_dagrun for example_subdag_operator to 2022-01-01 00:00:00+00:00, run_after=2022-01-01 00:00:00+00:00
[2025-12-09T19:21:48.916+0000] {logging_mixin.py:190} INFO - [2025-12-09T19:21:48.915+0000] {dag.py:4156} INFO - Setting next_dagrun for example_subdag_operator.section-1 to None, run_after=None
[2025-12-09T19:21:48.917+0000] {logging_mixin.py:190} INFO - [2025-12-09T19:21:48.917+0000] {dag.py:4156} INFO - Setting next_dagrun for example_subdag_operator.section-2 to None, run_after=None
[2025-12-09T19:21:48.930+0000] {logging_mixin.py:190} INFO - [2025-12-09T19:21:48.930+0000] {dag.py:3229} INFO - Sync 2 DAGs
[2025-12-09T19:21:48.939+0000] {logging_mixin.py:190} INFO - [2025-12-09T19:21:48.938+0000] {dag.py:4156} INFO - Setting next_dagrun for example_subdag_operator.section-1 to None, run_after=None
[2025-12-09T19:21:48.939+0000] {logging_mixin.py:190} INFO - [2025-12-09T19:21:48.939+0000] {dag.py:4156} INFO - Setting next_dagrun for example_subdag_operator.section-2 to None, run_after=None
[2025-12-09T19:21:48.990+0000] {processor.py:208} INFO - Processing /home/airflow/.local/lib/python3.12/site-packages/airflow/example_dags/example_subdag_operator.py took 0.190 seconds
[2025-12-09T19:22:19.647+0000] {processor.py:186} INFO - Started process (PID=952) to work on /home/airflow/.local/lib/python3.12/site-packages/airflow/example_dags/example_subdag_operator.py
[2025-12-09T19:22:19.649+0000] {processor.py:914} INFO - Processing file /home/airflow/.local/lib/python3.12/site-packages/airflow/example_dags/example_subdag_operator.py for tasks to queue
[2025-12-09T19:22:19.653+0000] {logging_mixin.py:190} INFO - [2025-12-09T19:22:19.652+0000] {dagbag.py:587} INFO - Filling up the DagBag from /home/airflow/.local/lib/python3.12/site-packages/airflow/example_dags/example_subdag_operator.py
[2025-12-09T19:22:19.696+0000] {processor.py:925} INFO - DAG(s) 'example_subdag_operator.section-1', 'example_subdag_operator.section-2', 'example_subdag_operator' retrieved from /home/airflow/.local/lib/python3.12/site-packages/airflow/example_dags/example_subdag_operator.py
[2025-12-09T19:22:19.717+0000] {logging_mixin.py:190} INFO - [2025-12-09T19:22:19.717+0000] {dag.py:3229} INFO - Sync 3 DAGs
[2025-12-09T19:22:19.749+0000] {logging_mixin.py:190} INFO - [2025-12-09T19:22:19.749+0000] {dag.py:4156} INFO - Setting next_dagrun for example_subdag_operator to 2022-01-01 00:00:00+00:00, run_after=2022-01-01 00:00:00+00:00
[2025-12-09T19:22:19.755+0000] {logging_mixin.py:190} INFO - [2025-12-09T19:22:19.754+0000] {dag.py:4156} INFO - Setting next_dagrun for example_subdag_operator.section-1 to None, run_after=None
[2025-12-09T19:22:19.757+0000] {logging_mixin.py:190} INFO - [2025-12-09T19:22:19.756+0000] {dag.py:4156} INFO - Setting next_dagrun for example_subdag_operator.section-2 to None, run_after=None
[2025-12-09T19:22:19.766+0000] {logging_mixin.py:190} INFO - [2025-12-09T19:22:19.766+0000] {dag.py:3229} INFO - Sync 2 DAGs
[2025-12-09T19:22:19.775+0000] {logging_mixin.py:190} INFO - [2025-12-09T19:22:19.775+0000] {dag.py:4156} INFO - Setting next_dagrun for example_subdag_operator.section-1 to None, run_after=None
[2025-12-09T19:22:19.775+0000] {logging_mixin.py:190} INFO - [2025-12-09T19:22:19.775+0000] {dag.py:4156} INFO - Setting next_dagrun for example_subdag_operator.section-2 to None, run_after=None
[2025-12-09T19:22:19.799+0000] {processor.py:208} INFO - Processing /home/airflow/.local/lib/python3.12/site-packages/airflow/example_dags/example_subdag_operator.py took 0.162 seconds
[2025-12-09T19:22:49.164+0000] {processor.py:186} INFO - Started process (PID=1019) to work on /home/airflow/.local/lib/python3.12/site-packages/airflow/example_dags/example_subdag_operator.py
[2025-12-09T19:22:49.175+0000] {processor.py:914} INFO - Processing file /home/airflow/.local/lib/python3.12/site-packages/airflow/example_dags/example_subdag_operator.py for tasks to queue
[2025-12-09T19:22:49.178+0000] {logging_mixin.py:190} INFO - [2025-12-09T19:22:49.178+0000] {dagbag.py:587} INFO - Filling up the DagBag from /home/airflow/.local/lib/python3.12/site-packages/airflow/example_dags/example_subdag_operator.py
[2025-12-09T19:22:49.218+0000] {processor.py:925} INFO - DAG(s) 'example_subdag_operator.section-1', 'example_subdag_operator.section-2', 'example_subdag_operator' retrieved from /home/airflow/.local/lib/python3.12/site-packages/airflow/example_dags/example_subdag_operator.py
[2025-12-09T19:22:49.239+0000] {logging_mixin.py:190} INFO - [2025-12-09T19:22:49.239+0000] {dag.py:3229} INFO - Sync 3 DAGs
[2025-12-09T19:22:49.271+0000] {logging_mixin.py:190} INFO - [2025-12-09T19:22:49.271+0000] {dag.py:4156} INFO - Setting next_dagrun for example_subdag_operator to 2022-01-01 00:00:00+00:00, run_after=2022-01-01 00:00:00+00:00
[2025-12-09T19:22:49.276+0000] {logging_mixin.py:190} INFO - [2025-12-09T19:22:49.276+0000] {dag.py:4156} INFO - Setting next_dagrun for example_subdag_operator.section-1 to None, run_after=None
[2025-12-09T19:22:49.278+0000] {logging_mixin.py:190} INFO - [2025-12-09T19:22:49.278+0000] {dag.py:4156} INFO - Setting next_dagrun for example_subdag_operator.section-2 to None, run_after=None
[2025-12-09T19:22:49.287+0000] {logging_mixin.py:190} INFO - [2025-12-09T19:22:49.286+0000] {dag.py:3229} INFO - Sync 2 DAGs
[2025-12-09T19:22:49.294+0000] {logging_mixin.py:190} INFO - [2025-12-09T19:22:49.294+0000] {dag.py:4156} INFO - Setting next_dagrun for example_subdag_operator.section-1 to None, run_after=None
[2025-12-09T19:22:49.295+0000] {logging_mixin.py:190} INFO - [2025-12-09T19:22:49.294+0000] {dag.py:4156} INFO - Setting next_dagrun for example_subdag_operator.section-2 to None, run_after=None
[2025-12-09T19:22:49.331+0000] {processor.py:208} INFO - Processing /home/airflow/.local/lib/python3.12/site-packages/airflow/example_dags/example_subdag_operator.py took 0.176 seconds
[2025-12-09T19:23:20.232+0000] {processor.py:186} INFO - Started process (PID=1083) to work on /home/airflow/.local/lib/python3.12/site-packages/airflow/example_dags/example_subdag_operator.py
[2025-12-09T19:23:20.263+0000] {processor.py:914} INFO - Processing file /home/airflow/.local/lib/python3.12/site-packages/airflow/example_dags/example_subdag_operator.py for tasks to queue
[2025-12-09T19:23:20.268+0000] {logging_mixin.py:190} INFO - [2025-12-09T19:23:20.267+0000] {dagbag.py:587} INFO - Filling up the DagBag from /home/airflow/.local/lib/python3.12/site-packages/airflow/example_dags/example_subdag_operator.py
[2025-12-09T19:23:20.316+0000] {processor.py:925} INFO - DAG(s) 'example_subdag_operator.section-1', 'example_subdag_operator.section-2', 'example_subdag_operator' retrieved from /home/airflow/.local/lib/python3.12/site-packages/airflow/example_dags/example_subdag_operator.py
[2025-12-09T19:23:20.341+0000] {logging_mixin.py:190} INFO - [2025-12-09T19:23:20.341+0000] {dag.py:3229} INFO - Sync 3 DAGs
[2025-12-09T19:23:20.384+0000] {logging_mixin.py:190} INFO - [2025-12-09T19:23:20.384+0000] {dag.py:4156} INFO - Setting next_dagrun for example_subdag_operator to 2022-01-01 00:00:00+00:00, run_after=2022-01-01 00:00:00+00:00
[2025-12-09T19:23:20.390+0000] {logging_mixin.py:190} INFO - [2025-12-09T19:23:20.390+0000] {dag.py:4156} INFO - Setting next_dagrun for example_subdag_operator.section-1 to None, run_after=None
[2025-12-09T19:23:20.392+0000] {logging_mixin.py:190} INFO - [2025-12-09T19:23:20.392+0000] {dag.py:4156} INFO - Setting next_dagrun for example_subdag_operator.section-2 to None, run_after=None
[2025-12-09T19:23:20.405+0000] {logging_mixin.py:190} INFO - [2025-12-09T19:23:20.404+0000] {dag.py:3229} INFO - Sync 2 DAGs
[2025-12-09T19:23:20.416+0000] {logging_mixin.py:190} INFO - [2025-12-09T19:23:20.416+0000] {dag.py:4156} INFO - Setting next_dagrun for example_subdag_operator.section-1 to None, run_after=None
[2025-12-09T19:23:20.417+0000] {logging_mixin.py:190} INFO - [2025-12-09T19:23:20.416+0000] {dag.py:4156} INFO - Setting next_dagrun for example_subdag_operator.section-2 to None, run_after=None
[2025-12-09T19:23:20.440+0000] {processor.py:208} INFO - Processing /home/airflow/.local/lib/python3.12/site-packages/airflow/example_dags/example_subdag_operator.py took 0.221 seconds
[2025-12-09T19:23:50.799+0000] {processor.py:186} INFO - Started process (PID=1145) to work on /home/airflow/.local/lib/python3.12/site-packages/airflow/example_dags/example_subdag_operator.py
[2025-12-09T19:23:50.834+0000] {processor.py:914} INFO - Processing file /home/airflow/.local/lib/python3.12/site-packages/airflow/example_dags/example_subdag_operator.py for tasks to queue
[2025-12-09T19:23:50.839+0000] {logging_mixin.py:190} INFO - [2025-12-09T19:23:50.838+0000] {dagbag.py:587} INFO - Filling up the DagBag from /home/airflow/.local/lib/python3.12/site-packages/airflow/example_dags/example_subdag_operator.py
[2025-12-09T19:23:50.889+0000] {processor.py:925} INFO - DAG(s) 'example_subdag_operator.section-1', 'example_subdag_operator.section-2', 'example_subdag_operator' retrieved from /home/airflow/.local/lib/python3.12/site-packages/airflow/example_dags/example_subdag_operator.py
[2025-12-09T19:23:50.912+0000] {logging_mixin.py:190} INFO - [2025-12-09T19:23:50.911+0000] {dag.py:3229} INFO - Sync 3 DAGs
[2025-12-09T19:23:50.951+0000] {logging_mixin.py:190} INFO - [2025-12-09T19:23:50.950+0000] {dag.py:4156} INFO - Setting next_dagrun for example_subdag_operator to 2022-01-01 00:00:00+00:00, run_after=2022-01-01 00:00:00+00:00
[2025-12-09T19:23:50.958+0000] {logging_mixin.py:190} INFO - [2025-12-09T19:23:50.957+0000] {dag.py:4156} INFO - Setting next_dagrun for example_subdag_operator.section-1 to None, run_after=None
[2025-12-09T19:23:50.960+0000] {logging_mixin.py:190} INFO - [2025-12-09T19:23:50.960+0000] {dag.py:4156} INFO - Setting next_dagrun for example_subdag_operator.section-2 to None, run_after=None
[2025-12-09T19:23:50.972+0000] {logging_mixin.py:190} INFO - [2025-12-09T19:23:50.971+0000] {dag.py:3229} INFO - Sync 2 DAGs
[2025-12-09T19:23:50.980+0000] {logging_mixin.py:190} INFO - [2025-12-09T19:23:50.980+0000] {dag.py:4156} INFO - Setting next_dagrun for example_subdag_operator.section-1 to None, run_after=None
[2025-12-09T19:23:50.980+0000] {logging_mixin.py:190} INFO - [2025-12-09T19:23:50.980+0000] {dag.py:4156} INFO - Setting next_dagrun for example_subdag_operator.section-2 to None, run_after=None
[2025-12-09T19:23:50.998+0000] {processor.py:208} INFO - Processing /home/airflow/.local/lib/python3.12/site-packages/airflow/example_dags/example_subdag_operator.py took 0.213 seconds
[2025-12-09T19:24:14.366+0000] {processor.py:186} INFO - Started process (PID=1207) to work on /home/airflow/.local/lib/python3.12/site-packages/airflow/example_dags/example_subdag_operator.py
[2025-12-09T19:24:14.371+0000] {processor.py:914} INFO - Processing file /home/airflow/.local/lib/python3.12/site-packages/airflow/example_dags/example_subdag_operator.py for tasks to queue
[2025-12-09T19:24:14.376+0000] {logging_mixin.py:190} INFO - [2025-12-09T19:24:14.376+0000] {dagbag.py:587} INFO - Filling up the DagBag from /home/airflow/.local/lib/python3.12/site-packages/airflow/example_dags/example_subdag_operator.py
[2025-12-09T19:24:14.419+0000] {processor.py:925} INFO - DAG(s) 'example_subdag_operator.section-1', 'example_subdag_operator.section-2', 'example_subdag_operator' retrieved from /home/airflow/.local/lib/python3.12/site-packages/airflow/example_dags/example_subdag_operator.py
[2025-12-09T19:24:14.441+0000] {logging_mixin.py:190} INFO - [2025-12-09T19:24:14.441+0000] {dag.py:3229} INFO - Sync 3 DAGs
[2025-12-09T19:24:14.472+0000] {logging_mixin.py:190} INFO - [2025-12-09T19:24:14.471+0000] {dag.py:4156} INFO - Setting next_dagrun for example_subdag_operator to 2022-01-01 00:00:00+00:00, run_after=2022-01-01 00:00:00+00:00
[2025-12-09T19:24:14.476+0000] {logging_mixin.py:190} INFO - [2025-12-09T19:24:14.476+0000] {dag.py:4156} INFO - Setting next_dagrun for example_subdag_operator.section-1 to None, run_after=None
[2025-12-09T19:24:14.478+0000] {logging_mixin.py:190} INFO - [2025-12-09T19:24:14.478+0000] {dag.py:4156} INFO - Setting next_dagrun for example_subdag_operator.section-2 to None, run_after=None
[2025-12-09T19:24:14.488+0000] {logging_mixin.py:190} INFO - [2025-12-09T19:24:14.488+0000] {dag.py:3229} INFO - Sync 2 DAGs
[2025-12-09T19:24:14.496+0000] {logging_mixin.py:190} INFO - [2025-12-09T19:24:14.496+0000] {dag.py:4156} INFO - Setting next_dagrun for example_subdag_operator.section-1 to None, run_after=None
[2025-12-09T19:24:14.496+0000] {logging_mixin.py:190} INFO - [2025-12-09T19:24:14.496+0000] {dag.py:4156} INFO - Setting next_dagrun for example_subdag_operator.section-2 to None, run_after=None
[2025-12-09T19:24:14.511+0000] {processor.py:208} INFO - Processing /home/airflow/.local/lib/python3.12/site-packages/airflow/example_dags/example_subdag_operator.py took 0.156 seconds
[2025-12-09T19:24:39.168+0000] {processor.py:186} INFO - Started process (PID=1263) to work on /home/airflow/.local/lib/python3.12/site-packages/airflow/example_dags/example_subdag_operator.py
[2025-12-09T19:24:39.203+0000] {processor.py:914} INFO - Processing file /home/airflow/.local/lib/python3.12/site-packages/airflow/example_dags/example_subdag_operator.py for tasks to queue
[2025-12-09T19:24:39.207+0000] {logging_mixin.py:190} INFO - [2025-12-09T19:24:39.206+0000] {dagbag.py:587} INFO - Filling up the DagBag from /home/airflow/.local/lib/python3.12/site-packages/airflow/example_dags/example_subdag_operator.py
[2025-12-09T19:24:39.248+0000] {processor.py:925} INFO - DAG(s) 'example_subdag_operator.section-1', 'example_subdag_operator.section-2', 'example_subdag_operator' retrieved from /home/airflow/.local/lib/python3.12/site-packages/airflow/example_dags/example_subdag_operator.py
[2025-12-09T19:24:39.269+0000] {logging_mixin.py:190} INFO - [2025-12-09T19:24:39.269+0000] {dag.py:3229} INFO - Sync 3 DAGs
[2025-12-09T19:24:39.301+0000] {logging_mixin.py:190} INFO - [2025-12-09T19:24:39.300+0000] {dag.py:4156} INFO - Setting next_dagrun for example_subdag_operator to 2022-01-01 00:00:00+00:00, run_after=2022-01-01 00:00:00+00:00
[2025-12-09T19:24:39.306+0000] {logging_mixin.py:190} INFO - [2025-12-09T19:24:39.305+0000] {dag.py:4156} INFO - Setting next_dagrun for example_subdag_operator.section-1 to None, run_after=None
[2025-12-09T19:24:39.307+0000] {logging_mixin.py:190} INFO - [2025-12-09T19:24:39.307+0000] {dag.py:4156} INFO - Setting next_dagrun for example_subdag_operator.section-2 to None, run_after=None
[2025-12-09T19:24:39.316+0000] {logging_mixin.py:190} INFO - [2025-12-09T19:24:39.316+0000] {dag.py:3229} INFO - Sync 2 DAGs
[2025-12-09T19:24:39.325+0000] {logging_mixin.py:190} INFO - [2025-12-09T19:24:39.325+0000] {dag.py:4156} INFO - Setting next_dagrun for example_subdag_operator.section-1 to None, run_after=None
[2025-12-09T19:24:39.326+0000] {logging_mixin.py:190} INFO - [2025-12-09T19:24:39.326+0000] {dag.py:4156} INFO - Setting next_dagrun for example_subdag_operator.section-2 to None, run_after=None
[2025-12-09T19:24:39.344+0000] {processor.py:208} INFO - Processing /home/airflow/.local/lib/python3.12/site-packages/airflow/example_dags/example_subdag_operator.py took 0.185 seconds
[2025-12-09T19:25:12.550+0000] {processor.py:186} INFO - Started process (PID=1322) to work on /home/airflow/.local/lib/python3.12/site-packages/airflow/example_dags/example_subdag_operator.py
[2025-12-09T19:25:03.956+0000] {processor.py:914} INFO - Processing file /home/airflow/.local/lib/python3.12/site-packages/airflow/example_dags/example_subdag_operator.py for tasks to queue
[2025-12-09T19:25:03.959+0000] {logging_mixin.py:190} INFO - [2025-12-09T19:25:03.959+0000] {dagbag.py:587} INFO - Filling up the DagBag from /home/airflow/.local/lib/python3.12/site-packages/airflow/example_dags/example_subdag_operator.py
[2025-12-09T19:25:04.004+0000] {processor.py:925} INFO - DAG(s) 'example_subdag_operator.section-1', 'example_subdag_operator.section-2', 'example_subdag_operator' retrieved from /home/airflow/.local/lib/python3.12/site-packages/airflow/example_dags/example_subdag_operator.py
[2025-12-09T19:25:04.026+0000] {logging_mixin.py:190} INFO - [2025-12-09T19:25:04.025+0000] {dag.py:3229} INFO - Sync 3 DAGs
[2025-12-09T19:25:04.062+0000] {logging_mixin.py:190} INFO - [2025-12-09T19:25:04.062+0000] {dag.py:4156} INFO - Setting next_dagrun for example_subdag_operator to 2022-01-01 00:00:00+00:00, run_after=2022-01-01 00:00:00+00:00
[2025-12-09T19:25:04.067+0000] {logging_mixin.py:190} INFO - [2025-12-09T19:25:04.066+0000] {dag.py:4156} INFO - Setting next_dagrun for example_subdag_operator.section-1 to None, run_after=None
[2025-12-09T19:25:04.068+0000] {logging_mixin.py:190} INFO - [2025-12-09T19:25:04.068+0000] {dag.py:4156} INFO - Setting next_dagrun for example_subdag_operator.section-2 to None, run_after=None
[2025-12-09T19:25:04.078+0000] {logging_mixin.py:190} INFO - [2025-12-09T19:25:04.078+0000] {dag.py:3229} INFO - Sync 2 DAGs
[2025-12-09T19:25:04.085+0000] {logging_mixin.py:190} INFO - [2025-12-09T19:25:04.085+0000] {dag.py:4156} INFO - Setting next_dagrun for example_subdag_operator.section-1 to None, run_after=None
[2025-12-09T19:25:04.086+0000] {logging_mixin.py:190} INFO - [2025-12-09T19:25:04.086+0000] {dag.py:4156} INFO - Setting next_dagrun for example_subdag_operator.section-2 to None, run_after=None
[2025-12-09T19:25:04.102+0000] {processor.py:208} INFO - Processing /home/airflow/.local/lib/python3.12/site-packages/airflow/example_dags/example_subdag_operator.py took 0.176 seconds
[2025-12-09T19:25:37.459+0000] {processor.py:186} INFO - Started process (PID=1382) to work on /home/airflow/.local/lib/python3.12/site-packages/airflow/example_dags/example_subdag_operator.py
[2025-12-09T19:25:28.931+0000] {processor.py:914} INFO - Processing file /home/airflow/.local/lib/python3.12/site-packages/airflow/example_dags/example_subdag_operator.py for tasks to queue
[2025-12-09T19:25:28.935+0000] {logging_mixin.py:190} INFO - [2025-12-09T19:25:28.935+0000] {dagbag.py:587} INFO - Filling up the DagBag from /home/airflow/.local/lib/python3.12/site-packages/airflow/example_dags/example_subdag_operator.py
[2025-12-09T19:25:28.977+0000] {processor.py:925} INFO - DAG(s) 'example_subdag_operator.section-1', 'example_subdag_operator.section-2', 'example_subdag_operator' retrieved from /home/airflow/.local/lib/python3.12/site-packages/airflow/example_dags/example_subdag_operator.py
[2025-12-09T19:25:28.998+0000] {logging_mixin.py:190} INFO - [2025-12-09T19:25:28.997+0000] {dag.py:3229} INFO - Sync 3 DAGs
[2025-12-09T19:25:29.030+0000] {logging_mixin.py:190} INFO - [2025-12-09T19:25:29.030+0000] {dag.py:4156} INFO - Setting next_dagrun for example_subdag_operator to 2022-01-01 00:00:00+00:00, run_after=2022-01-01 00:00:00+00:00
[2025-12-09T19:25:29.035+0000] {logging_mixin.py:190} INFO - [2025-12-09T19:25:29.035+0000] {dag.py:4156} INFO - Setting next_dagrun for example_subdag_operator.section-1 to None, run_after=None
[2025-12-09T19:25:29.037+0000] {logging_mixin.py:190} INFO - [2025-12-09T19:25:29.037+0000] {dag.py:4156} INFO - Setting next_dagrun for example_subdag_operator.section-2 to None, run_after=None
[2025-12-09T19:25:29.046+0000] {logging_mixin.py:190} INFO - [2025-12-09T19:25:29.046+0000] {dag.py:3229} INFO - Sync 2 DAGs
[2025-12-09T19:25:29.055+0000] {logging_mixin.py:190} INFO - [2025-12-09T19:25:29.054+0000] {dag.py:4156} INFO - Setting next_dagrun for example_subdag_operator.section-1 to None, run_after=None
[2025-12-09T19:25:29.055+0000] {logging_mixin.py:190} INFO - [2025-12-09T19:25:29.055+0000] {dag.py:4156} INFO - Setting next_dagrun for example_subdag_operator.section-2 to None, run_after=None
[2025-12-09T19:25:29.072+0000] {processor.py:208} INFO - Processing /home/airflow/.local/lib/python3.12/site-packages/airflow/example_dags/example_subdag_operator.py took 0.168 seconds
[2025-12-09T19:25:59.266+0000] {processor.py:186} INFO - Started process (PID=1442) to work on /home/airflow/.local/lib/python3.12/site-packages/airflow/example_dags/example_subdag_operator.py
[2025-12-09T19:25:59.269+0000] {processor.py:914} INFO - Processing file /home/airflow/.local/lib/python3.12/site-packages/airflow/example_dags/example_subdag_operator.py for tasks to queue
[2025-12-09T19:25:59.274+0000] {logging_mixin.py:190} INFO - [2025-12-09T19:25:59.274+0000] {dagbag.py:587} INFO - Filling up the DagBag from /home/airflow/.local/lib/python3.12/site-packages/airflow/example_dags/example_subdag_operator.py
[2025-12-09T19:25:59.323+0000] {processor.py:925} INFO - DAG(s) 'example_subdag_operator.section-1', 'example_subdag_operator.section-2', 'example_subdag_operator' retrieved from /home/airflow/.local/lib/python3.12/site-packages/airflow/example_dags/example_subdag_operator.py
[2025-12-09T19:25:59.346+0000] {logging_mixin.py:190} INFO - [2025-12-09T19:25:59.346+0000] {dag.py:3229} INFO - Sync 3 DAGs
[2025-12-09T19:25:59.385+0000] {logging_mixin.py:190} INFO - [2025-12-09T19:25:59.385+0000] {dag.py:4156} INFO - Setting next_dagrun for example_subdag_operator to 2022-01-01 00:00:00+00:00, run_after=2022-01-01 00:00:00+00:00
[2025-12-09T19:25:59.390+0000] {logging_mixin.py:190} INFO - [2025-12-09T19:25:59.389+0000] {dag.py:4156} INFO - Setting next_dagrun for example_subdag_operator.section-1 to None, run_after=None
[2025-12-09T19:25:59.393+0000] {logging_mixin.py:190} INFO - [2025-12-09T19:25:59.391+0000] {dag.py:4156} INFO - Setting next_dagrun for example_subdag_operator.section-2 to None, run_after=None
[2025-12-09T19:25:59.403+0000] {logging_mixin.py:190} INFO - [2025-12-09T19:25:59.403+0000] {dag.py:3229} INFO - Sync 2 DAGs
[2025-12-09T19:25:59.412+0000] {logging_mixin.py:190} INFO - [2025-12-09T19:25:59.411+0000] {dag.py:4156} INFO - Setting next_dagrun for example_subdag_operator.section-1 to None, run_after=None
[2025-12-09T19:25:59.412+0000] {logging_mixin.py:190} INFO - [2025-12-09T19:25:59.412+0000] {dag.py:4156} INFO - Setting next_dagrun for example_subdag_operator.section-2 to None, run_after=None
[2025-12-09T19:25:59.430+0000] {processor.py:208} INFO - Processing /home/airflow/.local/lib/python3.12/site-packages/airflow/example_dags/example_subdag_operator.py took 0.174 seconds
