[2025-12-09T19:15:35.542+0000] {processor.py:186} INFO - Started process (PID=106) to work on /home/airflow/.local/lib/python3.12/site-packages/airflow/example_dags/example_sensors.py
[2025-12-09T19:15:35.543+0000] {processor.py:914} INFO - Processing file /home/airflow/.local/lib/python3.12/site-packages/airflow/example_dags/example_sensors.py for tasks to queue
[2025-12-09T19:15:35.547+0000] {logging_mixin.py:190} INFO - [2025-12-09T19:15:35.547+0000] {dagbag.py:587} INFO - Filling up the DagBag from /home/airflow/.local/lib/python3.12/site-packages/airflow/example_dags/example_sensors.py
[2025-12-09T19:15:35.565+0000] {processor.py:925} INFO - DAG(s) 'example_sensors' retrieved from /home/airflow/.local/lib/python3.12/site-packages/airflow/example_dags/example_sensors.py
[2025-12-09T19:15:35.749+0000] {logging_mixin.py:190} INFO - [2025-12-09T19:15:35.748+0000] {override.py:1900} INFO - Created Permission View: can read on DAG:example_sensors
[2025-12-09T19:15:35.763+0000] {logging_mixin.py:190} INFO - [2025-12-09T19:15:35.763+0000] {override.py:1900} INFO - Created Permission View: can delete on DAG:example_sensors
[2025-12-09T19:15:35.772+0000] {logging_mixin.py:190} INFO - [2025-12-09T19:15:35.772+0000] {override.py:1900} INFO - Created Permission View: can edit on DAG:example_sensors
[2025-12-09T19:15:35.784+0000] {logging_mixin.py:190} INFO - [2025-12-09T19:15:35.783+0000] {override.py:1900} INFO - Created Permission View: can read on DAG Run:example_sensors
[2025-12-09T19:15:35.792+0000] {logging_mixin.py:190} INFO - [2025-12-09T19:15:35.792+0000] {override.py:1900} INFO - Created Permission View: can delete on DAG Run:example_sensors
[2025-12-09T19:15:35.801+0000] {logging_mixin.py:190} INFO - [2025-12-09T19:15:35.800+0000] {override.py:1900} INFO - Created Permission View: menu access on DAG Run:example_sensors
[2025-12-09T19:15:35.809+0000] {logging_mixin.py:190} INFO - [2025-12-09T19:15:35.809+0000] {override.py:1900} INFO - Created Permission View: can create on DAG Run:example_sensors
[2025-12-09T19:15:35.810+0000] {logging_mixin.py:190} INFO - [2025-12-09T19:15:35.810+0000] {dag.py:3229} INFO - Sync 1 DAGs
[2025-12-09T19:15:35.831+0000] {logging_mixin.py:190} INFO - [2025-12-09T19:15:35.831+0000] {dag.py:3252} INFO - Creating ORM DAG for example_sensors
[2025-12-09T19:15:35.833+0000] {logging_mixin.py:190} INFO - [2025-12-09T19:15:35.832+0000] {dag.py:4156} INFO - Setting next_dagrun for example_sensors to None, run_after=None
[2025-12-09T19:15:35.856+0000] {processor.py:208} INFO - Processing /home/airflow/.local/lib/python3.12/site-packages/airflow/example_dags/example_sensors.py took 0.326 seconds
[2025-12-09T19:16:05.047+0000] {processor.py:186} INFO - Started process (PID=168) to work on /home/airflow/.local/lib/python3.12/site-packages/airflow/example_dags/example_sensors.py
[2025-12-09T19:16:05.061+0000] {processor.py:914} INFO - Processing file /home/airflow/.local/lib/python3.12/site-packages/airflow/example_dags/example_sensors.py for tasks to queue
[2025-12-09T19:16:05.065+0000] {logging_mixin.py:190} INFO - [2025-12-09T19:16:05.065+0000] {dagbag.py:587} INFO - Filling up the DagBag from /home/airflow/.local/lib/python3.12/site-packages/airflow/example_dags/example_sensors.py
[2025-12-09T19:16:05.082+0000] {processor.py:925} INFO - DAG(s) 'example_sensors' retrieved from /home/airflow/.local/lib/python3.12/site-packages/airflow/example_dags/example_sensors.py
[2025-12-09T19:16:05.102+0000] {logging_mixin.py:190} INFO - [2025-12-09T19:16:05.102+0000] {dag.py:3229} INFO - Sync 1 DAGs
[2025-12-09T19:16:05.136+0000] {logging_mixin.py:190} INFO - [2025-12-09T19:16:05.136+0000] {dag.py:4156} INFO - Setting next_dagrun for example_sensors to None, run_after=None
[2025-12-09T19:16:05.210+0000] {processor.py:208} INFO - Processing /home/airflow/.local/lib/python3.12/site-packages/airflow/example_dags/example_sensors.py took 0.175 seconds
[2025-12-09T19:16:36.208+0000] {processor.py:186} INFO - Started process (PID=227) to work on /home/airflow/.local/lib/python3.12/site-packages/airflow/example_dags/example_sensors.py
[2025-12-09T19:16:36.242+0000] {processor.py:914} INFO - Processing file /home/airflow/.local/lib/python3.12/site-packages/airflow/example_dags/example_sensors.py for tasks to queue
[2025-12-09T19:16:36.246+0000] {logging_mixin.py:190} INFO - [2025-12-09T19:16:36.245+0000] {dagbag.py:587} INFO - Filling up the DagBag from /home/airflow/.local/lib/python3.12/site-packages/airflow/example_dags/example_sensors.py
[2025-12-09T19:16:36.262+0000] {processor.py:925} INFO - DAG(s) 'example_sensors' retrieved from /home/airflow/.local/lib/python3.12/site-packages/airflow/example_dags/example_sensors.py
[2025-12-09T19:16:36.305+0000] {logging_mixin.py:190} INFO - [2025-12-09T19:16:36.305+0000] {dag.py:3229} INFO - Sync 1 DAGs
[2025-12-09T19:16:36.328+0000] {logging_mixin.py:190} INFO - [2025-12-09T19:16:36.328+0000] {dag.py:4156} INFO - Setting next_dagrun for example_sensors to None, run_after=None
[2025-12-09T19:16:36.387+0000] {processor.py:208} INFO - Processing /home/airflow/.local/lib/python3.12/site-packages/airflow/example_dags/example_sensors.py took 0.189 seconds
[2025-12-09T19:16:59.776+0000] {processor.py:186} INFO - Started process (PID=286) to work on /home/airflow/.local/lib/python3.12/site-packages/airflow/example_dags/example_sensors.py
[2025-12-09T19:16:59.810+0000] {processor.py:914} INFO - Processing file /home/airflow/.local/lib/python3.12/site-packages/airflow/example_dags/example_sensors.py for tasks to queue
[2025-12-09T19:16:59.815+0000] {logging_mixin.py:190} INFO - [2025-12-09T19:16:59.815+0000] {dagbag.py:587} INFO - Filling up the DagBag from /home/airflow/.local/lib/python3.12/site-packages/airflow/example_dags/example_sensors.py
[2025-12-09T19:16:59.833+0000] {processor.py:925} INFO - DAG(s) 'example_sensors' retrieved from /home/airflow/.local/lib/python3.12/site-packages/airflow/example_dags/example_sensors.py
[2025-12-09T19:16:59.876+0000] {logging_mixin.py:190} INFO - [2025-12-09T19:16:59.876+0000] {dag.py:3229} INFO - Sync 1 DAGs
[2025-12-09T19:16:59.901+0000] {logging_mixin.py:190} INFO - [2025-12-09T19:16:59.900+0000] {dag.py:4156} INFO - Setting next_dagrun for example_sensors to None, run_after=None
[2025-12-09T19:16:59.929+0000] {processor.py:208} INFO - Processing /home/airflow/.local/lib/python3.12/site-packages/airflow/example_dags/example_sensors.py took 0.163 seconds
[2025-12-09T19:17:29.414+0000] {processor.py:186} INFO - Started process (PID=346) to work on /home/airflow/.local/lib/python3.12/site-packages/airflow/example_dags/example_sensors.py
[2025-12-09T19:17:29.417+0000] {processor.py:914} INFO - Processing file /home/airflow/.local/lib/python3.12/site-packages/airflow/example_dags/example_sensors.py for tasks to queue
[2025-12-09T19:17:29.420+0000] {logging_mixin.py:190} INFO - [2025-12-09T19:17:29.420+0000] {dagbag.py:587} INFO - Filling up the DagBag from /home/airflow/.local/lib/python3.12/site-packages/airflow/example_dags/example_sensors.py
[2025-12-09T19:17:29.436+0000] {processor.py:925} INFO - DAG(s) 'example_sensors' retrieved from /home/airflow/.local/lib/python3.12/site-packages/airflow/example_dags/example_sensors.py
[2025-12-09T19:17:29.474+0000] {logging_mixin.py:190} INFO - [2025-12-09T19:17:29.474+0000] {dag.py:3229} INFO - Sync 1 DAGs
[2025-12-09T19:17:29.497+0000] {logging_mixin.py:190} INFO - [2025-12-09T19:17:29.497+0000] {dag.py:4156} INFO - Setting next_dagrun for example_sensors to None, run_after=None
[2025-12-09T19:17:29.543+0000] {processor.py:208} INFO - Processing /home/airflow/.local/lib/python3.12/site-packages/airflow/example_dags/example_sensors.py took 0.138 seconds
[2025-12-09T19:17:53.649+0000] {processor.py:186} INFO - Started process (PID=400) to work on /home/airflow/.local/lib/python3.12/site-packages/airflow/example_dags/example_sensors.py
[2025-12-09T19:17:53.683+0000] {processor.py:914} INFO - Processing file /home/airflow/.local/lib/python3.12/site-packages/airflow/example_dags/example_sensors.py for tasks to queue
[2025-12-09T19:17:53.688+0000] {logging_mixin.py:190} INFO - [2025-12-09T19:17:53.687+0000] {dagbag.py:587} INFO - Filling up the DagBag from /home/airflow/.local/lib/python3.12/site-packages/airflow/example_dags/example_sensors.py
[2025-12-09T19:17:53.706+0000] {processor.py:925} INFO - DAG(s) 'example_sensors' retrieved from /home/airflow/.local/lib/python3.12/site-packages/airflow/example_dags/example_sensors.py
[2025-12-09T19:17:53.758+0000] {logging_mixin.py:190} INFO - [2025-12-09T19:17:53.758+0000] {dag.py:3229} INFO - Sync 1 DAGs
[2025-12-09T19:17:53.786+0000] {logging_mixin.py:190} INFO - [2025-12-09T19:17:53.786+0000] {dag.py:4156} INFO - Setting next_dagrun for example_sensors to None, run_after=None
[2025-12-09T19:17:53.818+0000] {processor.py:208} INFO - Processing /home/airflow/.local/lib/python3.12/site-packages/airflow/example_dags/example_sensors.py took 0.181 seconds
[2025-12-09T19:18:23.798+0000] {processor.py:186} INFO - Started process (PID=459) to work on /home/airflow/.local/lib/python3.12/site-packages/airflow/example_dags/example_sensors.py
[2025-12-09T19:18:23.808+0000] {processor.py:914} INFO - Processing file /home/airflow/.local/lib/python3.12/site-packages/airflow/example_dags/example_sensors.py for tasks to queue
[2025-12-09T19:18:23.813+0000] {logging_mixin.py:190} INFO - [2025-12-09T19:18:23.812+0000] {dagbag.py:587} INFO - Filling up the DagBag from /home/airflow/.local/lib/python3.12/site-packages/airflow/example_dags/example_sensors.py
[2025-12-09T19:18:23.835+0000] {processor.py:925} INFO - DAG(s) 'example_sensors' retrieved from /home/airflow/.local/lib/python3.12/site-packages/airflow/example_dags/example_sensors.py
[2025-12-09T19:18:23.890+0000] {logging_mixin.py:190} INFO - [2025-12-09T19:18:23.889+0000] {dag.py:3229} INFO - Sync 1 DAGs
[2025-12-09T19:18:23.922+0000] {logging_mixin.py:190} INFO - [2025-12-09T19:18:23.922+0000] {dag.py:4156} INFO - Setting next_dagrun for example_sensors to None, run_after=None
[2025-12-09T19:18:23.958+0000] {processor.py:208} INFO - Processing /home/airflow/.local/lib/python3.12/site-packages/airflow/example_dags/example_sensors.py took 0.172 seconds
[2025-12-09T19:18:54.762+0000] {processor.py:186} INFO - Started process (PID=516) to work on /home/airflow/.local/lib/python3.12/site-packages/airflow/example_dags/example_sensors.py
[2025-12-09T19:18:54.764+0000] {processor.py:914} INFO - Processing file /home/airflow/.local/lib/python3.12/site-packages/airflow/example_dags/example_sensors.py for tasks to queue
[2025-12-09T19:18:54.768+0000] {logging_mixin.py:190} INFO - [2025-12-09T19:18:54.768+0000] {dagbag.py:587} INFO - Filling up the DagBag from /home/airflow/.local/lib/python3.12/site-packages/airflow/example_dags/example_sensors.py
[2025-12-09T19:18:54.791+0000] {processor.py:925} INFO - DAG(s) 'example_sensors' retrieved from /home/airflow/.local/lib/python3.12/site-packages/airflow/example_dags/example_sensors.py
[2025-12-09T19:18:54.838+0000] {logging_mixin.py:190} INFO - [2025-12-09T19:18:54.837+0000] {dag.py:3229} INFO - Sync 1 DAGs
[2025-12-09T19:18:54.863+0000] {logging_mixin.py:190} INFO - [2025-12-09T19:18:54.863+0000] {dag.py:4156} INFO - Setting next_dagrun for example_sensors to None, run_after=None
[2025-12-09T19:18:54.894+0000] {processor.py:208} INFO - Processing /home/airflow/.local/lib/python3.12/site-packages/airflow/example_dags/example_sensors.py took 0.144 seconds
[2025-12-09T19:19:26.533+0000] {processor.py:186} INFO - Started process (PID=578) to work on /home/airflow/.local/lib/python3.12/site-packages/airflow/example_dags/example_sensors.py
[2025-12-09T19:19:26.547+0000] {processor.py:914} INFO - Processing file /home/airflow/.local/lib/python3.12/site-packages/airflow/example_dags/example_sensors.py for tasks to queue
[2025-12-09T19:19:26.552+0000] {logging_mixin.py:190} INFO - [2025-12-09T19:19:26.551+0000] {dagbag.py:587} INFO - Filling up the DagBag from /home/airflow/.local/lib/python3.12/site-packages/airflow/example_dags/example_sensors.py
[2025-12-09T19:19:26.567+0000] {processor.py:925} INFO - DAG(s) 'example_sensors' retrieved from /home/airflow/.local/lib/python3.12/site-packages/airflow/example_dags/example_sensors.py
[2025-12-09T19:19:26.607+0000] {logging_mixin.py:190} INFO - [2025-12-09T19:19:26.606+0000] {dag.py:3229} INFO - Sync 1 DAGs
[2025-12-09T19:19:26.632+0000] {logging_mixin.py:190} INFO - [2025-12-09T19:19:26.632+0000] {dag.py:4156} INFO - Setting next_dagrun for example_sensors to None, run_after=None
[2025-12-09T19:19:26.679+0000] {processor.py:208} INFO - Processing /home/airflow/.local/lib/python3.12/site-packages/airflow/example_dags/example_sensors.py took 0.155 seconds
[2025-12-09T19:19:50.970+0000] {processor.py:186} INFO - Started process (PID=657) to work on /home/airflow/.local/lib/python3.12/site-packages/airflow/example_dags/example_sensors.py
[2025-12-09T19:19:51.004+0000] {processor.py:914} INFO - Processing file /home/airflow/.local/lib/python3.12/site-packages/airflow/example_dags/example_sensors.py for tasks to queue
[2025-12-09T19:19:51.008+0000] {logging_mixin.py:190} INFO - [2025-12-09T19:19:51.007+0000] {dagbag.py:587} INFO - Filling up the DagBag from /home/airflow/.local/lib/python3.12/site-packages/airflow/example_dags/example_sensors.py
[2025-12-09T19:19:51.023+0000] {processor.py:925} INFO - DAG(s) 'example_sensors' retrieved from /home/airflow/.local/lib/python3.12/site-packages/airflow/example_dags/example_sensors.py
[2025-12-09T19:19:51.062+0000] {logging_mixin.py:190} INFO - [2025-12-09T19:19:51.061+0000] {dag.py:3229} INFO - Sync 1 DAGs
[2025-12-09T19:19:51.080+0000] {logging_mixin.py:190} INFO - [2025-12-09T19:19:51.080+0000] {dag.py:4156} INFO - Setting next_dagrun for example_sensors to None, run_after=None
[2025-12-09T19:19:51.139+0000] {processor.py:208} INFO - Processing /home/airflow/.local/lib/python3.12/site-packages/airflow/example_dags/example_sensors.py took 0.178 seconds
[2025-12-09T19:20:20.571+0000] {processor.py:186} INFO - Started process (PID=719) to work on /home/airflow/.local/lib/python3.12/site-packages/airflow/example_dags/example_sensors.py
[2025-12-09T19:20:20.583+0000] {processor.py:914} INFO - Processing file /home/airflow/.local/lib/python3.12/site-packages/airflow/example_dags/example_sensors.py for tasks to queue
[2025-12-09T19:20:20.587+0000] {logging_mixin.py:190} INFO - [2025-12-09T19:20:20.587+0000] {dagbag.py:587} INFO - Filling up the DagBag from /home/airflow/.local/lib/python3.12/site-packages/airflow/example_dags/example_sensors.py
[2025-12-09T19:20:20.603+0000] {processor.py:925} INFO - DAG(s) 'example_sensors' retrieved from /home/airflow/.local/lib/python3.12/site-packages/airflow/example_dags/example_sensors.py
[2025-12-09T19:20:20.642+0000] {logging_mixin.py:190} INFO - [2025-12-09T19:20:20.641+0000] {dag.py:3229} INFO - Sync 1 DAGs
[2025-12-09T19:20:20.661+0000] {logging_mixin.py:190} INFO - [2025-12-09T19:20:20.660+0000] {dag.py:4156} INFO - Setting next_dagrun for example_sensors to None, run_after=None
[2025-12-09T19:20:20.711+0000] {processor.py:208} INFO - Processing /home/airflow/.local/lib/python3.12/site-packages/airflow/example_dags/example_sensors.py took 0.151 seconds
[2025-12-09T19:20:51.484+0000] {processor.py:186} INFO - Started process (PID=777) to work on /home/airflow/.local/lib/python3.12/site-packages/airflow/example_dags/example_sensors.py
[2025-12-09T19:20:51.501+0000] {processor.py:914} INFO - Processing file /home/airflow/.local/lib/python3.12/site-packages/airflow/example_dags/example_sensors.py for tasks to queue
[2025-12-09T19:20:51.505+0000] {logging_mixin.py:190} INFO - [2025-12-09T19:20:51.504+0000] {dagbag.py:587} INFO - Filling up the DagBag from /home/airflow/.local/lib/python3.12/site-packages/airflow/example_dags/example_sensors.py
[2025-12-09T19:20:51.521+0000] {processor.py:925} INFO - DAG(s) 'example_sensors' retrieved from /home/airflow/.local/lib/python3.12/site-packages/airflow/example_dags/example_sensors.py
[2025-12-09T19:20:51.562+0000] {logging_mixin.py:190} INFO - [2025-12-09T19:20:51.561+0000] {dag.py:3229} INFO - Sync 1 DAGs
[2025-12-09T19:20:51.582+0000] {logging_mixin.py:190} INFO - [2025-12-09T19:20:51.582+0000] {dag.py:4156} INFO - Setting next_dagrun for example_sensors to None, run_after=None
[2025-12-09T19:20:51.634+0000] {processor.py:208} INFO - Processing /home/airflow/.local/lib/python3.12/site-packages/airflow/example_dags/example_sensors.py took 0.161 seconds
[2025-12-09T19:21:22.243+0000] {processor.py:186} INFO - Started process (PID=839) to work on /home/airflow/.local/lib/python3.12/site-packages/airflow/example_dags/example_sensors.py
[2025-12-09T19:21:22.277+0000] {processor.py:914} INFO - Processing file /home/airflow/.local/lib/python3.12/site-packages/airflow/example_dags/example_sensors.py for tasks to queue
[2025-12-09T19:21:22.281+0000] {logging_mixin.py:190} INFO - [2025-12-09T19:21:22.281+0000] {dagbag.py:587} INFO - Filling up the DagBag from /home/airflow/.local/lib/python3.12/site-packages/airflow/example_dags/example_sensors.py
[2025-12-09T19:21:22.299+0000] {processor.py:925} INFO - DAG(s) 'example_sensors' retrieved from /home/airflow/.local/lib/python3.12/site-packages/airflow/example_dags/example_sensors.py
[2025-12-09T19:21:22.343+0000] {logging_mixin.py:190} INFO - [2025-12-09T19:21:22.343+0000] {dag.py:3229} INFO - Sync 1 DAGs
[2025-12-09T19:21:22.365+0000] {logging_mixin.py:190} INFO - [2025-12-09T19:21:22.365+0000] {dag.py:4156} INFO - Setting next_dagrun for example_sensors to None, run_after=None
[2025-12-09T19:21:22.395+0000] {processor.py:208} INFO - Processing /home/airflow/.local/lib/python3.12/site-packages/airflow/example_dags/example_sensors.py took 0.163 seconds
[2025-12-09T19:21:50.208+0000] {processor.py:186} INFO - Started process (PID=901) to work on /home/airflow/.local/lib/python3.12/site-packages/airflow/example_dags/example_sensors.py
[2025-12-09T19:21:50.242+0000] {processor.py:914} INFO - Processing file /home/airflow/.local/lib/python3.12/site-packages/airflow/example_dags/example_sensors.py for tasks to queue
[2025-12-09T19:21:50.246+0000] {logging_mixin.py:190} INFO - [2025-12-09T19:21:50.245+0000] {dagbag.py:587} INFO - Filling up the DagBag from /home/airflow/.local/lib/python3.12/site-packages/airflow/example_dags/example_sensors.py
[2025-12-09T19:21:50.261+0000] {processor.py:925} INFO - DAG(s) 'example_sensors' retrieved from /home/airflow/.local/lib/python3.12/site-packages/airflow/example_dags/example_sensors.py
[2025-12-09T19:21:50.305+0000] {logging_mixin.py:190} INFO - [2025-12-09T19:21:50.305+0000] {dag.py:3229} INFO - Sync 1 DAGs
[2025-12-09T19:21:50.324+0000] {logging_mixin.py:190} INFO - [2025-12-09T19:21:50.323+0000] {dag.py:4156} INFO - Setting next_dagrun for example_sensors to None, run_after=None
[2025-12-09T19:21:50.384+0000] {processor.py:208} INFO - Processing /home/airflow/.local/lib/python3.12/site-packages/airflow/example_dags/example_sensors.py took 0.186 seconds
[2025-12-09T19:22:20.964+0000] {processor.py:186} INFO - Started process (PID=961) to work on /home/airflow/.local/lib/python3.12/site-packages/airflow/example_dags/example_sensors.py
[2025-12-09T19:22:20.991+0000] {processor.py:914} INFO - Processing file /home/airflow/.local/lib/python3.12/site-packages/airflow/example_dags/example_sensors.py for tasks to queue
[2025-12-09T19:22:20.995+0000] {logging_mixin.py:190} INFO - [2025-12-09T19:22:20.995+0000] {dagbag.py:587} INFO - Filling up the DagBag from /home/airflow/.local/lib/python3.12/site-packages/airflow/example_dags/example_sensors.py
[2025-12-09T19:22:21.014+0000] {processor.py:925} INFO - DAG(s) 'example_sensors' retrieved from /home/airflow/.local/lib/python3.12/site-packages/airflow/example_dags/example_sensors.py
[2025-12-09T19:22:21.052+0000] {logging_mixin.py:190} INFO - [2025-12-09T19:22:21.051+0000] {dag.py:3229} INFO - Sync 1 DAGs
[2025-12-09T19:22:21.071+0000] {logging_mixin.py:190} INFO - [2025-12-09T19:22:21.070+0000] {dag.py:4156} INFO - Setting next_dagrun for example_sensors to None, run_after=None
[2025-12-09T19:22:21.130+0000] {processor.py:208} INFO - Processing /home/airflow/.local/lib/python3.12/site-packages/airflow/example_dags/example_sensors.py took 0.176 seconds
[2025-12-09T19:22:50.191+0000] {processor.py:186} INFO - Started process (PID=1028) to work on /home/airflow/.local/lib/python3.12/site-packages/airflow/example_dags/example_sensors.py
[2025-12-09T19:22:50.212+0000] {processor.py:914} INFO - Processing file /home/airflow/.local/lib/python3.12/site-packages/airflow/example_dags/example_sensors.py for tasks to queue
[2025-12-09T19:22:50.216+0000] {logging_mixin.py:190} INFO - [2025-12-09T19:22:50.216+0000] {dagbag.py:587} INFO - Filling up the DagBag from /home/airflow/.local/lib/python3.12/site-packages/airflow/example_dags/example_sensors.py
[2025-12-09T19:22:50.231+0000] {processor.py:925} INFO - DAG(s) 'example_sensors' retrieved from /home/airflow/.local/lib/python3.12/site-packages/airflow/example_dags/example_sensors.py
[2025-12-09T19:22:50.270+0000] {logging_mixin.py:190} INFO - [2025-12-09T19:22:50.270+0000] {dag.py:3229} INFO - Sync 1 DAGs
[2025-12-09T19:22:50.292+0000] {logging_mixin.py:190} INFO - [2025-12-09T19:22:50.292+0000] {dag.py:4156} INFO - Setting next_dagrun for example_sensors to None, run_after=None
[2025-12-09T19:22:50.421+0000] {processor.py:208} INFO - Processing /home/airflow/.local/lib/python3.12/site-packages/airflow/example_dags/example_sensors.py took 0.239 seconds
[2025-12-09T19:23:21.516+0000] {processor.py:186} INFO - Started process (PID=1092) to work on /home/airflow/.local/lib/python3.12/site-packages/airflow/example_dags/example_sensors.py
[2025-12-09T19:23:21.518+0000] {processor.py:914} INFO - Processing file /home/airflow/.local/lib/python3.12/site-packages/airflow/example_dags/example_sensors.py for tasks to queue
[2025-12-09T19:23:21.523+0000] {logging_mixin.py:190} INFO - [2025-12-09T19:23:21.522+0000] {dagbag.py:587} INFO - Filling up the DagBag from /home/airflow/.local/lib/python3.12/site-packages/airflow/example_dags/example_sensors.py
[2025-12-09T19:23:21.544+0000] {processor.py:925} INFO - DAG(s) 'example_sensors' retrieved from /home/airflow/.local/lib/python3.12/site-packages/airflow/example_dags/example_sensors.py
[2025-12-09T19:23:21.589+0000] {logging_mixin.py:190} INFO - [2025-12-09T19:23:21.588+0000] {dag.py:3229} INFO - Sync 1 DAGs
[2025-12-09T19:23:21.616+0000] {logging_mixin.py:190} INFO - [2025-12-09T19:23:21.616+0000] {dag.py:4156} INFO - Setting next_dagrun for example_sensors to None, run_after=None
[2025-12-09T19:23:21.659+0000] {processor.py:208} INFO - Processing /home/airflow/.local/lib/python3.12/site-packages/airflow/example_dags/example_sensors.py took 0.153 seconds
[2025-12-09T19:23:51.832+0000] {processor.py:186} INFO - Started process (PID=1154) to work on /home/airflow/.local/lib/python3.12/site-packages/airflow/example_dags/example_sensors.py
[2025-12-09T19:23:51.835+0000] {processor.py:914} INFO - Processing file /home/airflow/.local/lib/python3.12/site-packages/airflow/example_dags/example_sensors.py for tasks to queue
[2025-12-09T19:23:51.841+0000] {logging_mixin.py:190} INFO - [2025-12-09T19:23:51.840+0000] {dagbag.py:587} INFO - Filling up the DagBag from /home/airflow/.local/lib/python3.12/site-packages/airflow/example_dags/example_sensors.py
[2025-12-09T19:23:51.864+0000] {processor.py:925} INFO - DAG(s) 'example_sensors' retrieved from /home/airflow/.local/lib/python3.12/site-packages/airflow/example_dags/example_sensors.py
[2025-12-09T19:23:51.913+0000] {logging_mixin.py:190} INFO - [2025-12-09T19:23:51.913+0000] {dag.py:3229} INFO - Sync 1 DAGs
[2025-12-09T19:23:51.936+0000] {logging_mixin.py:190} INFO - [2025-12-09T19:23:51.935+0000] {dag.py:4156} INFO - Setting next_dagrun for example_sensors to None, run_after=None
[2025-12-09T19:23:51.970+0000] {processor.py:208} INFO - Processing /home/airflow/.local/lib/python3.12/site-packages/airflow/example_dags/example_sensors.py took 0.149 seconds
[2025-12-09T19:24:15.569+0000] {processor.py:186} INFO - Started process (PID=1216) to work on /home/airflow/.local/lib/python3.12/site-packages/airflow/example_dags/example_sensors.py
[2025-12-09T19:24:15.606+0000] {processor.py:914} INFO - Processing file /home/airflow/.local/lib/python3.12/site-packages/airflow/example_dags/example_sensors.py for tasks to queue
[2025-12-09T19:24:15.609+0000] {logging_mixin.py:190} INFO - [2025-12-09T19:24:15.609+0000] {dagbag.py:587} INFO - Filling up the DagBag from /home/airflow/.local/lib/python3.12/site-packages/airflow/example_dags/example_sensors.py
[2025-12-09T19:24:15.624+0000] {processor.py:925} INFO - DAG(s) 'example_sensors' retrieved from /home/airflow/.local/lib/python3.12/site-packages/airflow/example_dags/example_sensors.py
[2025-12-09T19:24:15.661+0000] {logging_mixin.py:190} INFO - [2025-12-09T19:24:15.660+0000] {dag.py:3229} INFO - Sync 1 DAGs
[2025-12-09T19:24:15.678+0000] {logging_mixin.py:190} INFO - [2025-12-09T19:24:15.678+0000] {dag.py:4156} INFO - Setting next_dagrun for example_sensors to None, run_after=None
[2025-12-09T19:24:15.737+0000] {processor.py:208} INFO - Processing /home/airflow/.local/lib/python3.12/site-packages/airflow/example_dags/example_sensors.py took 0.177 seconds
[2025-12-09T19:24:40.231+0000] {processor.py:186} INFO - Started process (PID=1272) to work on /home/airflow/.local/lib/python3.12/site-packages/airflow/example_dags/example_sensors.py
[2025-12-09T19:24:40.262+0000] {processor.py:914} INFO - Processing file /home/airflow/.local/lib/python3.12/site-packages/airflow/example_dags/example_sensors.py for tasks to queue
[2025-12-09T19:24:40.267+0000] {logging_mixin.py:190} INFO - [2025-12-09T19:24:40.266+0000] {dagbag.py:587} INFO - Filling up the DagBag from /home/airflow/.local/lib/python3.12/site-packages/airflow/example_dags/example_sensors.py
[2025-12-09T19:24:40.288+0000] {processor.py:925} INFO - DAG(s) 'example_sensors' retrieved from /home/airflow/.local/lib/python3.12/site-packages/airflow/example_dags/example_sensors.py
[2025-12-09T19:24:40.339+0000] {logging_mixin.py:190} INFO - [2025-12-09T19:24:40.339+0000] {dag.py:3229} INFO - Sync 1 DAGs
[2025-12-09T19:24:40.366+0000] {logging_mixin.py:190} INFO - [2025-12-09T19:24:40.365+0000] {dag.py:4156} INFO - Setting next_dagrun for example_sensors to None, run_after=None
[2025-12-09T19:24:40.403+0000] {processor.py:208} INFO - Processing /home/airflow/.local/lib/python3.12/site-packages/airflow/example_dags/example_sensors.py took 0.184 seconds
[2025-12-09T19:25:05.194+0000] {processor.py:186} INFO - Started process (PID=1331) to work on /home/airflow/.local/lib/python3.12/site-packages/airflow/example_dags/example_sensors.py
[2025-12-09T19:25:05.228+0000] {processor.py:914} INFO - Processing file /home/airflow/.local/lib/python3.12/site-packages/airflow/example_dags/example_sensors.py for tasks to queue
[2025-12-09T19:25:05.232+0000] {logging_mixin.py:190} INFO - [2025-12-09T19:25:05.231+0000] {dagbag.py:587} INFO - Filling up the DagBag from /home/airflow/.local/lib/python3.12/site-packages/airflow/example_dags/example_sensors.py
[2025-12-09T19:25:05.251+0000] {processor.py:925} INFO - DAG(s) 'example_sensors' retrieved from /home/airflow/.local/lib/python3.12/site-packages/airflow/example_dags/example_sensors.py
[2025-12-09T19:25:05.288+0000] {logging_mixin.py:190} INFO - [2025-12-09T19:25:05.288+0000] {dag.py:3229} INFO - Sync 1 DAGs
[2025-12-09T19:25:05.306+0000] {logging_mixin.py:190} INFO - [2025-12-09T19:25:05.305+0000] {dag.py:4156} INFO - Setting next_dagrun for example_sensors to None, run_after=None
[2025-12-09T19:25:05.361+0000] {processor.py:208} INFO - Processing /home/airflow/.local/lib/python3.12/site-packages/airflow/example_dags/example_sensors.py took 0.178 seconds
[2025-12-09T19:25:30.183+0000] {processor.py:186} INFO - Started process (PID=1391) to work on /home/airflow/.local/lib/python3.12/site-packages/airflow/example_dags/example_sensors.py
[2025-12-09T19:25:30.219+0000] {processor.py:914} INFO - Processing file /home/airflow/.local/lib/python3.12/site-packages/airflow/example_dags/example_sensors.py for tasks to queue
[2025-12-09T19:25:30.224+0000] {logging_mixin.py:190} INFO - [2025-12-09T19:25:30.223+0000] {dagbag.py:587} INFO - Filling up the DagBag from /home/airflow/.local/lib/python3.12/site-packages/airflow/example_dags/example_sensors.py
[2025-12-09T19:25:30.238+0000] {processor.py:925} INFO - DAG(s) 'example_sensors' retrieved from /home/airflow/.local/lib/python3.12/site-packages/airflow/example_dags/example_sensors.py
[2025-12-09T19:25:30.274+0000] {logging_mixin.py:190} INFO - [2025-12-09T19:25:30.274+0000] {dag.py:3229} INFO - Sync 1 DAGs
[2025-12-09T19:25:30.296+0000] {logging_mixin.py:190} INFO - [2025-12-09T19:25:30.296+0000] {dag.py:4156} INFO - Setting next_dagrun for example_sensors to None, run_after=None
[2025-12-09T19:25:30.357+0000] {processor.py:208} INFO - Processing /home/airflow/.local/lib/python3.12/site-packages/airflow/example_dags/example_sensors.py took 0.185 seconds
[2025-12-09T19:26:00.536+0000] {processor.py:186} INFO - Started process (PID=1451) to work on /home/airflow/.local/lib/python3.12/site-packages/airflow/example_dags/example_sensors.py
[2025-12-09T19:26:00.547+0000] {processor.py:914} INFO - Processing file /home/airflow/.local/lib/python3.12/site-packages/airflow/example_dags/example_sensors.py for tasks to queue
[2025-12-09T19:26:00.551+0000] {logging_mixin.py:190} INFO - [2025-12-09T19:26:00.551+0000] {dagbag.py:587} INFO - Filling up the DagBag from /home/airflow/.local/lib/python3.12/site-packages/airflow/example_dags/example_sensors.py
[2025-12-09T19:26:00.570+0000] {processor.py:925} INFO - DAG(s) 'example_sensors' retrieved from /home/airflow/.local/lib/python3.12/site-packages/airflow/example_dags/example_sensors.py
[2025-12-09T19:26:00.615+0000] {logging_mixin.py:190} INFO - [2025-12-09T19:26:00.615+0000] {dag.py:3229} INFO - Sync 1 DAGs
[2025-12-09T19:26:00.638+0000] {logging_mixin.py:190} INFO - [2025-12-09T19:26:00.637+0000] {dag.py:4156} INFO - Setting next_dagrun for example_sensors to None, run_after=None
[2025-12-09T19:26:00.695+0000] {processor.py:208} INFO - Processing /home/airflow/.local/lib/python3.12/site-packages/airflow/example_dags/example_sensors.py took 0.169 seconds
