[2025-12-09T19:15:34.870+0000] {processor.py:186} INFO - Started process (PID=103) to work on /home/airflow/.local/lib/python3.12/site-packages/airflow/example_dags/example_kubernetes_executor.py
[2025-12-09T19:15:34.872+0000] {processor.py:914} INFO - Processing file /home/airflow/.local/lib/python3.12/site-packages/airflow/example_dags/example_kubernetes_executor.py for tasks to queue
[2025-12-09T19:15:34.876+0000] {logging_mixin.py:190} INFO - [2025-12-09T19:15:34.876+0000] {dagbag.py:587} INFO - Filling up the DagBag from /home/airflow/.local/lib/python3.12/site-packages/airflow/example_dags/example_kubernetes_executor.py
[2025-12-09T19:15:34.909+0000] {processor.py:925} INFO - DAG(s) 'example_kubernetes_executor' retrieved from /home/airflow/.local/lib/python3.12/site-packages/airflow/example_dags/example_kubernetes_executor.py
[2025-12-09T19:15:35.135+0000] {logging_mixin.py:190} INFO - [2025-12-09T19:15:35.134+0000] {override.py:1900} INFO - Created Permission View: can read on DAG:example_kubernetes_executor
[2025-12-09T19:15:35.151+0000] {logging_mixin.py:190} INFO - [2025-12-09T19:15:35.150+0000] {override.py:1900} INFO - Created Permission View: can delete on DAG:example_kubernetes_executor
[2025-12-09T19:15:35.161+0000] {logging_mixin.py:190} INFO - [2025-12-09T19:15:35.160+0000] {override.py:1900} INFO - Created Permission View: can edit on DAG:example_kubernetes_executor
[2025-12-09T19:15:35.172+0000] {logging_mixin.py:190} INFO - [2025-12-09T19:15:35.171+0000] {override.py:1900} INFO - Created Permission View: can read on DAG Run:example_kubernetes_executor
[2025-12-09T19:15:35.181+0000] {logging_mixin.py:190} INFO - [2025-12-09T19:15:35.181+0000] {override.py:1900} INFO - Created Permission View: can delete on DAG Run:example_kubernetes_executor
[2025-12-09T19:15:35.191+0000] {logging_mixin.py:190} INFO - [2025-12-09T19:15:35.190+0000] {override.py:1900} INFO - Created Permission View: menu access on DAG Run:example_kubernetes_executor
[2025-12-09T19:15:35.200+0000] {logging_mixin.py:190} INFO - [2025-12-09T19:15:35.199+0000] {override.py:1900} INFO - Created Permission View: can create on DAG Run:example_kubernetes_executor
[2025-12-09T19:15:35.201+0000] {logging_mixin.py:190} INFO - [2025-12-09T19:15:35.200+0000] {dag.py:3229} INFO - Sync 1 DAGs
[2025-12-09T19:15:35.220+0000] {logging_mixin.py:190} INFO - [2025-12-09T19:15:35.219+0000] {dag.py:3252} INFO - Creating ORM DAG for example_kubernetes_executor
[2025-12-09T19:15:35.221+0000] {logging_mixin.py:190} INFO - [2025-12-09T19:15:35.220+0000] {dag.py:4156} INFO - Setting next_dagrun for example_kubernetes_executor to None, run_after=None
[2025-12-09T19:15:35.245+0000] {processor.py:208} INFO - Processing /home/airflow/.local/lib/python3.12/site-packages/airflow/example_dags/example_kubernetes_executor.py took 0.387 seconds
[2025-12-09T19:16:04.799+0000] {processor.py:186} INFO - Started process (PID=165) to work on /home/airflow/.local/lib/python3.12/site-packages/airflow/example_dags/example_kubernetes_executor.py
[2025-12-09T19:16:04.802+0000] {processor.py:914} INFO - Processing file /home/airflow/.local/lib/python3.12/site-packages/airflow/example_dags/example_kubernetes_executor.py for tasks to queue
[2025-12-09T19:16:04.808+0000] {logging_mixin.py:190} INFO - [2025-12-09T19:16:04.807+0000] {dagbag.py:587} INFO - Filling up the DagBag from /home/airflow/.local/lib/python3.12/site-packages/airflow/example_dags/example_kubernetes_executor.py
[2025-12-09T19:16:04.837+0000] {processor.py:925} INFO - DAG(s) 'example_kubernetes_executor' retrieved from /home/airflow/.local/lib/python3.12/site-packages/airflow/example_dags/example_kubernetes_executor.py
[2025-12-09T19:16:04.862+0000] {logging_mixin.py:190} INFO - [2025-12-09T19:16:04.861+0000] {dag.py:3229} INFO - Sync 1 DAGs
[2025-12-09T19:16:04.897+0000] {logging_mixin.py:190} INFO - [2025-12-09T19:16:04.897+0000] {dag.py:4156} INFO - Setting next_dagrun for example_kubernetes_executor to None, run_after=None
[2025-12-09T19:16:04.968+0000] {processor.py:208} INFO - Processing /home/airflow/.local/lib/python3.12/site-packages/airflow/example_dags/example_kubernetes_executor.py took 0.181 seconds
[2025-12-09T19:16:35.709+0000] {processor.py:186} INFO - Started process (PID=224) to work on /home/airflow/.local/lib/python3.12/site-packages/airflow/example_dags/example_kubernetes_executor.py
[2025-12-09T19:16:35.741+0000] {processor.py:914} INFO - Processing file /home/airflow/.local/lib/python3.12/site-packages/airflow/example_dags/example_kubernetes_executor.py for tasks to queue
[2025-12-09T19:16:35.746+0000] {logging_mixin.py:190} INFO - [2025-12-09T19:16:35.745+0000] {dagbag.py:587} INFO - Filling up the DagBag from /home/airflow/.local/lib/python3.12/site-packages/airflow/example_dags/example_kubernetes_executor.py
[2025-12-09T19:16:35.771+0000] {processor.py:925} INFO - DAG(s) 'example_kubernetes_executor' retrieved from /home/airflow/.local/lib/python3.12/site-packages/airflow/example_dags/example_kubernetes_executor.py
[2025-12-09T19:16:35.834+0000] {logging_mixin.py:190} INFO - [2025-12-09T19:16:35.834+0000] {dag.py:3229} INFO - Sync 1 DAGs
[2025-12-09T19:16:35.862+0000] {logging_mixin.py:190} INFO - [2025-12-09T19:16:35.861+0000] {dag.py:4156} INFO - Setting next_dagrun for example_kubernetes_executor to None, run_after=None
[2025-12-09T19:16:35.932+0000] {processor.py:208} INFO - Processing /home/airflow/.local/lib/python3.12/site-packages/airflow/example_dags/example_kubernetes_executor.py took 0.235 seconds
[2025-12-09T19:16:59.428+0000] {processor.py:186} INFO - Started process (PID=283) to work on /home/airflow/.local/lib/python3.12/site-packages/airflow/example_dags/example_kubernetes_executor.py
[2025-12-09T19:16:59.460+0000] {processor.py:914} INFO - Processing file /home/airflow/.local/lib/python3.12/site-packages/airflow/example_dags/example_kubernetes_executor.py for tasks to queue
[2025-12-09T19:16:59.464+0000] {logging_mixin.py:190} INFO - [2025-12-09T19:16:59.463+0000] {dagbag.py:587} INFO - Filling up the DagBag from /home/airflow/.local/lib/python3.12/site-packages/airflow/example_dags/example_kubernetes_executor.py
[2025-12-09T19:16:59.486+0000] {processor.py:925} INFO - DAG(s) 'example_kubernetes_executor' retrieved from /home/airflow/.local/lib/python3.12/site-packages/airflow/example_dags/example_kubernetes_executor.py
[2025-12-09T19:16:59.548+0000] {logging_mixin.py:190} INFO - [2025-12-09T19:16:59.548+0000] {dag.py:3229} INFO - Sync 1 DAGs
[2025-12-09T19:16:59.569+0000] {logging_mixin.py:190} INFO - [2025-12-09T19:16:59.568+0000] {dag.py:4156} INFO - Setting next_dagrun for example_kubernetes_executor to None, run_after=None
[2025-12-09T19:16:59.603+0000] {processor.py:208} INFO - Processing /home/airflow/.local/lib/python3.12/site-packages/airflow/example_dags/example_kubernetes_executor.py took 0.186 seconds
[2025-12-09T19:17:37.647+0000] {processor.py:186} INFO - Started process (PID=343) to work on /home/airflow/.local/lib/python3.12/site-packages/airflow/example_dags/example_kubernetes_executor.py
[2025-12-09T19:17:37.661+0000] {processor.py:914} INFO - Processing file /home/airflow/.local/lib/python3.12/site-packages/airflow/example_dags/example_kubernetes_executor.py for tasks to queue
[2025-12-09T19:17:37.666+0000] {logging_mixin.py:190} INFO - [2025-12-09T19:17:37.665+0000] {dagbag.py:587} INFO - Filling up the DagBag from /home/airflow/.local/lib/python3.12/site-packages/airflow/example_dags/example_kubernetes_executor.py
[2025-12-09T19:17:37.687+0000] {processor.py:925} INFO - DAG(s) 'example_kubernetes_executor' retrieved from /home/airflow/.local/lib/python3.12/site-packages/airflow/example_dags/example_kubernetes_executor.py
[2025-12-09T19:17:37.745+0000] {logging_mixin.py:190} INFO - [2025-12-09T19:17:37.744+0000] {dag.py:3229} INFO - Sync 1 DAGs
[2025-12-09T19:17:37.770+0000] {logging_mixin.py:190} INFO - [2025-12-09T19:17:37.769+0000] {dag.py:4156} INFO - Setting next_dagrun for example_kubernetes_executor to None, run_after=None
[2025-12-09T19:17:37.799+0000] {processor.py:208} INFO - Processing /home/airflow/.local/lib/python3.12/site-packages/airflow/example_dags/example_kubernetes_executor.py took 0.163 seconds
[2025-12-09T19:18:04.781+0000] {processor.py:186} INFO - Started process (PID=430) to work on /home/airflow/.local/lib/python3.12/site-packages/airflow/example_dags/example_kubernetes_executor.py
[2025-12-09T19:18:04.784+0000] {processor.py:914} INFO - Processing file /home/airflow/.local/lib/python3.12/site-packages/airflow/example_dags/example_kubernetes_executor.py for tasks to queue
[2025-12-09T19:18:04.787+0000] {logging_mixin.py:190} INFO - [2025-12-09T19:18:04.787+0000] {dagbag.py:587} INFO - Filling up the DagBag from /home/airflow/.local/lib/python3.12/site-packages/airflow/example_dags/example_kubernetes_executor.py
[2025-12-09T19:18:04.809+0000] {processor.py:925} INFO - DAG(s) 'example_kubernetes_executor' retrieved from /home/airflow/.local/lib/python3.12/site-packages/airflow/example_dags/example_kubernetes_executor.py
[2025-12-09T19:18:04.876+0000] {logging_mixin.py:190} INFO - [2025-12-09T19:18:04.876+0000] {dag.py:3229} INFO - Sync 1 DAGs
[2025-12-09T19:18:04.901+0000] {logging_mixin.py:190} INFO - [2025-12-09T19:18:04.900+0000] {dag.py:4156} INFO - Setting next_dagrun for example_kubernetes_executor to None, run_after=None
[2025-12-09T19:18:04.938+0000] {processor.py:208} INFO - Processing /home/airflow/.local/lib/python3.12/site-packages/airflow/example_dags/example_kubernetes_executor.py took 0.166 seconds
[2025-12-09T19:18:35.186+0000] {processor.py:186} INFO - Started process (PID=491) to work on /home/airflow/.local/lib/python3.12/site-packages/airflow/example_dags/example_kubernetes_executor.py
[2025-12-09T19:18:35.221+0000] {processor.py:914} INFO - Processing file /home/airflow/.local/lib/python3.12/site-packages/airflow/example_dags/example_kubernetes_executor.py for tasks to queue
[2025-12-09T19:18:35.226+0000] {logging_mixin.py:190} INFO - [2025-12-09T19:18:35.225+0000] {dagbag.py:587} INFO - Filling up the DagBag from /home/airflow/.local/lib/python3.12/site-packages/airflow/example_dags/example_kubernetes_executor.py
[2025-12-09T19:18:35.247+0000] {processor.py:925} INFO - DAG(s) 'example_kubernetes_executor' retrieved from /home/airflow/.local/lib/python3.12/site-packages/airflow/example_dags/example_kubernetes_executor.py
[2025-12-09T19:18:35.306+0000] {logging_mixin.py:190} INFO - [2025-12-09T19:18:35.305+0000] {dag.py:3229} INFO - Sync 1 DAGs
[2025-12-09T19:18:35.328+0000] {logging_mixin.py:190} INFO - [2025-12-09T19:18:35.328+0000] {dag.py:4156} INFO - Setting next_dagrun for example_kubernetes_executor to None, run_after=None
[2025-12-09T19:18:35.393+0000] {processor.py:208} INFO - Processing /home/airflow/.local/lib/python3.12/site-packages/airflow/example_dags/example_kubernetes_executor.py took 0.217 seconds
[2025-12-09T19:19:00.135+0000] {processor.py:186} INFO - Started process (PID=552) to work on /home/airflow/.local/lib/python3.12/site-packages/airflow/example_dags/example_kubernetes_executor.py
[2025-12-09T19:19:00.152+0000] {processor.py:914} INFO - Processing file /home/airflow/.local/lib/python3.12/site-packages/airflow/example_dags/example_kubernetes_executor.py for tasks to queue
[2025-12-09T19:19:00.156+0000] {logging_mixin.py:190} INFO - [2025-12-09T19:19:00.155+0000] {dagbag.py:587} INFO - Filling up the DagBag from /home/airflow/.local/lib/python3.12/site-packages/airflow/example_dags/example_kubernetes_executor.py
[2025-12-09T19:19:00.179+0000] {processor.py:925} INFO - DAG(s) 'example_kubernetes_executor' retrieved from /home/airflow/.local/lib/python3.12/site-packages/airflow/example_dags/example_kubernetes_executor.py
[2025-12-09T19:19:00.249+0000] {logging_mixin.py:190} INFO - [2025-12-09T19:19:00.248+0000] {dag.py:3229} INFO - Sync 1 DAGs
[2025-12-09T19:19:00.278+0000] {logging_mixin.py:190} INFO - [2025-12-09T19:19:00.277+0000] {dag.py:4156} INFO - Setting next_dagrun for example_kubernetes_executor to None, run_after=None
[2025-12-09T19:19:00.315+0000] {processor.py:208} INFO - Processing /home/airflow/.local/lib/python3.12/site-packages/airflow/example_dags/example_kubernetes_executor.py took 0.189 seconds
[2025-12-09T19:19:26.111+0000] {processor.py:186} INFO - Started process (PID=605) to work on /home/airflow/.local/lib/python3.12/site-packages/airflow/example_dags/example_kubernetes_executor.py
[2025-12-09T19:19:26.113+0000] {processor.py:914} INFO - Processing file /home/airflow/.local/lib/python3.12/site-packages/airflow/example_dags/example_kubernetes_executor.py for tasks to queue
[2025-12-09T19:19:26.117+0000] {logging_mixin.py:190} INFO - [2025-12-09T19:19:26.117+0000] {dagbag.py:587} INFO - Filling up the DagBag from /home/airflow/.local/lib/python3.12/site-packages/airflow/example_dags/example_kubernetes_executor.py
[2025-12-09T19:19:26.138+0000] {processor.py:925} INFO - DAG(s) 'example_kubernetes_executor' retrieved from /home/airflow/.local/lib/python3.12/site-packages/airflow/example_dags/example_kubernetes_executor.py
[2025-12-09T19:19:26.202+0000] {logging_mixin.py:190} INFO - [2025-12-09T19:19:26.202+0000] {dag.py:3229} INFO - Sync 1 DAGs
[2025-12-09T19:19:26.224+0000] {logging_mixin.py:190} INFO - [2025-12-09T19:19:26.224+0000] {dag.py:4156} INFO - Setting next_dagrun for example_kubernetes_executor to None, run_after=None
[2025-12-09T19:19:26.252+0000] {processor.py:208} INFO - Processing /home/airflow/.local/lib/python3.12/site-packages/airflow/example_dags/example_kubernetes_executor.py took 0.151 seconds
[2025-12-09T19:19:50.503+0000] {processor.py:186} INFO - Started process (PID=654) to work on /home/airflow/.local/lib/python3.12/site-packages/airflow/example_dags/example_kubernetes_executor.py
[2025-12-09T19:19:50.535+0000] {processor.py:914} INFO - Processing file /home/airflow/.local/lib/python3.12/site-packages/airflow/example_dags/example_kubernetes_executor.py for tasks to queue
[2025-12-09T19:19:50.539+0000] {logging_mixin.py:190} INFO - [2025-12-09T19:19:50.538+0000] {dagbag.py:587} INFO - Filling up the DagBag from /home/airflow/.local/lib/python3.12/site-packages/airflow/example_dags/example_kubernetes_executor.py
[2025-12-09T19:19:50.559+0000] {processor.py:925} INFO - DAG(s) 'example_kubernetes_executor' retrieved from /home/airflow/.local/lib/python3.12/site-packages/airflow/example_dags/example_kubernetes_executor.py
[2025-12-09T19:19:50.617+0000] {logging_mixin.py:190} INFO - [2025-12-09T19:19:50.617+0000] {dag.py:3229} INFO - Sync 1 DAGs
[2025-12-09T19:19:50.643+0000] {logging_mixin.py:190} INFO - [2025-12-09T19:19:50.643+0000] {dag.py:4156} INFO - Setting next_dagrun for example_kubernetes_executor to None, run_after=None
[2025-12-09T19:19:50.704+0000] {processor.py:208} INFO - Processing /home/airflow/.local/lib/python3.12/site-packages/airflow/example_dags/example_kubernetes_executor.py took 0.211 seconds
[2025-12-09T19:20:20.141+0000] {processor.py:186} INFO - Started process (PID=716) to work on /home/airflow/.local/lib/python3.12/site-packages/airflow/example_dags/example_kubernetes_executor.py
[2025-12-09T19:20:20.156+0000] {processor.py:914} INFO - Processing file /home/airflow/.local/lib/python3.12/site-packages/airflow/example_dags/example_kubernetes_executor.py for tasks to queue
[2025-12-09T19:20:20.160+0000] {logging_mixin.py:190} INFO - [2025-12-09T19:20:20.159+0000] {dagbag.py:587} INFO - Filling up the DagBag from /home/airflow/.local/lib/python3.12/site-packages/airflow/example_dags/example_kubernetes_executor.py
[2025-12-09T19:20:20.182+0000] {processor.py:925} INFO - DAG(s) 'example_kubernetes_executor' retrieved from /home/airflow/.local/lib/python3.12/site-packages/airflow/example_dags/example_kubernetes_executor.py
[2025-12-09T19:20:20.240+0000] {logging_mixin.py:190} INFO - [2025-12-09T19:20:20.239+0000] {dag.py:3229} INFO - Sync 1 DAGs
[2025-12-09T19:20:20.258+0000] {logging_mixin.py:190} INFO - [2025-12-09T19:20:20.257+0000] {dag.py:4156} INFO - Setting next_dagrun for example_kubernetes_executor to None, run_after=None
[2025-12-09T19:20:20.303+0000] {processor.py:208} INFO - Processing /home/airflow/.local/lib/python3.12/site-packages/airflow/example_dags/example_kubernetes_executor.py took 0.173 seconds
[2025-12-09T19:20:51.045+0000] {processor.py:186} INFO - Started process (PID=774) to work on /home/airflow/.local/lib/python3.12/site-packages/airflow/example_dags/example_kubernetes_executor.py
[2025-12-09T19:20:51.048+0000] {processor.py:914} INFO - Processing file /home/airflow/.local/lib/python3.12/site-packages/airflow/example_dags/example_kubernetes_executor.py for tasks to queue
[2025-12-09T19:20:51.051+0000] {logging_mixin.py:190} INFO - [2025-12-09T19:20:51.051+0000] {dagbag.py:587} INFO - Filling up the DagBag from /home/airflow/.local/lib/python3.12/site-packages/airflow/example_dags/example_kubernetes_executor.py
[2025-12-09T19:20:51.072+0000] {processor.py:925} INFO - DAG(s) 'example_kubernetes_executor' retrieved from /home/airflow/.local/lib/python3.12/site-packages/airflow/example_dags/example_kubernetes_executor.py
[2025-12-09T19:20:51.129+0000] {logging_mixin.py:190} INFO - [2025-12-09T19:20:51.129+0000] {dag.py:3229} INFO - Sync 1 DAGs
[2025-12-09T19:20:51.150+0000] {logging_mixin.py:190} INFO - [2025-12-09T19:20:51.150+0000] {dag.py:4156} INFO - Setting next_dagrun for example_kubernetes_executor to None, run_after=None
[2025-12-09T19:20:51.179+0000] {processor.py:208} INFO - Processing /home/airflow/.local/lib/python3.12/site-packages/airflow/example_dags/example_kubernetes_executor.py took 0.144 seconds
[2025-12-09T19:21:21.752+0000] {processor.py:186} INFO - Started process (PID=836) to work on /home/airflow/.local/lib/python3.12/site-packages/airflow/example_dags/example_kubernetes_executor.py
[2025-12-09T19:21:21.786+0000] {processor.py:914} INFO - Processing file /home/airflow/.local/lib/python3.12/site-packages/airflow/example_dags/example_kubernetes_executor.py for tasks to queue
[2025-12-09T19:21:21.792+0000] {logging_mixin.py:190} INFO - [2025-12-09T19:21:21.791+0000] {dagbag.py:587} INFO - Filling up the DagBag from /home/airflow/.local/lib/python3.12/site-packages/airflow/example_dags/example_kubernetes_executor.py
[2025-12-09T19:21:21.815+0000] {processor.py:925} INFO - DAG(s) 'example_kubernetes_executor' retrieved from /home/airflow/.local/lib/python3.12/site-packages/airflow/example_dags/example_kubernetes_executor.py
[2025-12-09T19:21:21.879+0000] {logging_mixin.py:190} INFO - [2025-12-09T19:21:21.878+0000] {dag.py:3229} INFO - Sync 1 DAGs
[2025-12-09T19:21:21.901+0000] {logging_mixin.py:190} INFO - [2025-12-09T19:21:21.901+0000] {dag.py:4156} INFO - Setting next_dagrun for example_kubernetes_executor to None, run_after=None
[2025-12-09T19:21:21.934+0000] {processor.py:208} INFO - Processing /home/airflow/.local/lib/python3.12/site-packages/airflow/example_dags/example_kubernetes_executor.py took 0.193 seconds
[2025-12-09T19:21:49.739+0000] {processor.py:186} INFO - Started process (PID=898) to work on /home/airflow/.local/lib/python3.12/site-packages/airflow/example_dags/example_kubernetes_executor.py
[2025-12-09T19:21:49.773+0000] {processor.py:914} INFO - Processing file /home/airflow/.local/lib/python3.12/site-packages/airflow/example_dags/example_kubernetes_executor.py for tasks to queue
[2025-12-09T19:21:49.777+0000] {logging_mixin.py:190} INFO - [2025-12-09T19:21:49.777+0000] {dagbag.py:587} INFO - Filling up the DagBag from /home/airflow/.local/lib/python3.12/site-packages/airflow/example_dags/example_kubernetes_executor.py
[2025-12-09T19:21:49.801+0000] {processor.py:925} INFO - DAG(s) 'example_kubernetes_executor' retrieved from /home/airflow/.local/lib/python3.12/site-packages/airflow/example_dags/example_kubernetes_executor.py
[2025-12-09T19:21:49.871+0000] {logging_mixin.py:190} INFO - [2025-12-09T19:21:49.871+0000] {dag.py:3229} INFO - Sync 1 DAGs
[2025-12-09T19:21:49.901+0000] {logging_mixin.py:190} INFO - [2025-12-09T19:21:49.901+0000] {dag.py:4156} INFO - Setting next_dagrun for example_kubernetes_executor to None, run_after=None
[2025-12-09T19:21:49.943+0000] {processor.py:208} INFO - Processing /home/airflow/.local/lib/python3.12/site-packages/airflow/example_dags/example_kubernetes_executor.py took 0.216 seconds
[2025-12-09T19:22:20.515+0000] {processor.py:186} INFO - Started process (PID=958) to work on /home/airflow/.local/lib/python3.12/site-packages/airflow/example_dags/example_kubernetes_executor.py
[2025-12-09T19:22:20.546+0000] {processor.py:914} INFO - Processing file /home/airflow/.local/lib/python3.12/site-packages/airflow/example_dags/example_kubernetes_executor.py for tasks to queue
[2025-12-09T19:22:20.550+0000] {logging_mixin.py:190} INFO - [2025-12-09T19:22:20.549+0000] {dagbag.py:587} INFO - Filling up the DagBag from /home/airflow/.local/lib/python3.12/site-packages/airflow/example_dags/example_kubernetes_executor.py
[2025-12-09T19:22:20.569+0000] {processor.py:925} INFO - DAG(s) 'example_kubernetes_executor' retrieved from /home/airflow/.local/lib/python3.12/site-packages/airflow/example_dags/example_kubernetes_executor.py
[2025-12-09T19:22:20.627+0000] {logging_mixin.py:190} INFO - [2025-12-09T19:22:20.627+0000] {dag.py:3229} INFO - Sync 1 DAGs
[2025-12-09T19:22:20.647+0000] {logging_mixin.py:190} INFO - [2025-12-09T19:22:20.646+0000] {dag.py:4156} INFO - Setting next_dagrun for example_kubernetes_executor to None, run_after=None
[2025-12-09T19:22:20.673+0000] {processor.py:208} INFO - Processing /home/airflow/.local/lib/python3.12/site-packages/airflow/example_dags/example_kubernetes_executor.py took 0.171 seconds
[2025-12-09T19:22:49.797+0000] {processor.py:186} INFO - Started process (PID=1025) to work on /home/airflow/.local/lib/python3.12/site-packages/airflow/example_dags/example_kubernetes_executor.py
[2025-12-09T19:22:49.808+0000] {processor.py:914} INFO - Processing file /home/airflow/.local/lib/python3.12/site-packages/airflow/example_dags/example_kubernetes_executor.py for tasks to queue
[2025-12-09T19:22:49.813+0000] {logging_mixin.py:190} INFO - [2025-12-09T19:22:49.812+0000] {dagbag.py:587} INFO - Filling up the DagBag from /home/airflow/.local/lib/python3.12/site-packages/airflow/example_dags/example_kubernetes_executor.py
[2025-12-09T19:22:49.835+0000] {processor.py:925} INFO - DAG(s) 'example_kubernetes_executor' retrieved from /home/airflow/.local/lib/python3.12/site-packages/airflow/example_dags/example_kubernetes_executor.py
[2025-12-09T19:22:49.893+0000] {logging_mixin.py:190} INFO - [2025-12-09T19:22:49.893+0000] {dag.py:3229} INFO - Sync 1 DAGs
[2025-12-09T19:22:49.913+0000] {logging_mixin.py:190} INFO - [2025-12-09T19:22:49.913+0000] {dag.py:4156} INFO - Setting next_dagrun for example_kubernetes_executor to None, run_after=None
[2025-12-09T19:22:49.941+0000] {processor.py:208} INFO - Processing /home/airflow/.local/lib/python3.12/site-packages/airflow/example_dags/example_kubernetes_executor.py took 0.156 seconds
[2025-12-09T19:23:21.015+0000] {processor.py:186} INFO - Started process (PID=1089) to work on /home/airflow/.local/lib/python3.12/site-packages/airflow/example_dags/example_kubernetes_executor.py
[2025-12-09T19:23:21.023+0000] {processor.py:914} INFO - Processing file /home/airflow/.local/lib/python3.12/site-packages/airflow/example_dags/example_kubernetes_executor.py for tasks to queue
[2025-12-09T19:23:21.027+0000] {logging_mixin.py:190} INFO - [2025-12-09T19:23:21.026+0000] {dagbag.py:587} INFO - Filling up the DagBag from /home/airflow/.local/lib/python3.12/site-packages/airflow/example_dags/example_kubernetes_executor.py
[2025-12-09T19:23:21.053+0000] {processor.py:925} INFO - DAG(s) 'example_kubernetes_executor' retrieved from /home/airflow/.local/lib/python3.12/site-packages/airflow/example_dags/example_kubernetes_executor.py
[2025-12-09T19:23:21.116+0000] {logging_mixin.py:190} INFO - [2025-12-09T19:23:21.116+0000] {dag.py:3229} INFO - Sync 1 DAGs
[2025-12-09T19:23:21.142+0000] {logging_mixin.py:190} INFO - [2025-12-09T19:23:21.141+0000] {dag.py:4156} INFO - Setting next_dagrun for example_kubernetes_executor to None, run_after=None
[2025-12-09T19:23:21.186+0000] {processor.py:208} INFO - Processing /home/airflow/.local/lib/python3.12/site-packages/airflow/example_dags/example_kubernetes_executor.py took 0.183 seconds
[2025-12-09T19:23:51.334+0000] {processor.py:186} INFO - Started process (PID=1151) to work on /home/airflow/.local/lib/python3.12/site-packages/airflow/example_dags/example_kubernetes_executor.py
[2025-12-09T19:23:51.346+0000] {processor.py:914} INFO - Processing file /home/airflow/.local/lib/python3.12/site-packages/airflow/example_dags/example_kubernetes_executor.py for tasks to queue
[2025-12-09T19:23:51.350+0000] {logging_mixin.py:190} INFO - [2025-12-09T19:23:51.350+0000] {dagbag.py:587} INFO - Filling up the DagBag from /home/airflow/.local/lib/python3.12/site-packages/airflow/example_dags/example_kubernetes_executor.py
[2025-12-09T19:23:51.376+0000] {processor.py:925} INFO - DAG(s) 'example_kubernetes_executor' retrieved from /home/airflow/.local/lib/python3.12/site-packages/airflow/example_dags/example_kubernetes_executor.py
[2025-12-09T19:23:51.439+0000] {logging_mixin.py:190} INFO - [2025-12-09T19:23:51.438+0000] {dag.py:3229} INFO - Sync 1 DAGs
[2025-12-09T19:23:51.465+0000] {logging_mixin.py:190} INFO - [2025-12-09T19:23:51.464+0000] {dag.py:4156} INFO - Setting next_dagrun for example_kubernetes_executor to None, run_after=None
[2025-12-09T19:23:51.512+0000] {processor.py:208} INFO - Processing /home/airflow/.local/lib/python3.12/site-packages/airflow/example_dags/example_kubernetes_executor.py took 0.190 seconds
[2025-12-09T19:24:15.174+0000] {processor.py:186} INFO - Started process (PID=1213) to work on /home/airflow/.local/lib/python3.12/site-packages/airflow/example_dags/example_kubernetes_executor.py
[2025-12-09T19:24:15.202+0000] {processor.py:914} INFO - Processing file /home/airflow/.local/lib/python3.12/site-packages/airflow/example_dags/example_kubernetes_executor.py for tasks to queue
[2025-12-09T19:24:15.206+0000] {logging_mixin.py:190} INFO - [2025-12-09T19:24:15.205+0000] {dagbag.py:587} INFO - Filling up the DagBag from /home/airflow/.local/lib/python3.12/site-packages/airflow/example_dags/example_kubernetes_executor.py
[2025-12-09T19:24:15.224+0000] {processor.py:925} INFO - DAG(s) 'example_kubernetes_executor' retrieved from /home/airflow/.local/lib/python3.12/site-packages/airflow/example_dags/example_kubernetes_executor.py
[2025-12-09T19:24:15.283+0000] {logging_mixin.py:190} INFO - [2025-12-09T19:24:15.282+0000] {dag.py:3229} INFO - Sync 1 DAGs
[2025-12-09T19:24:15.306+0000] {logging_mixin.py:190} INFO - [2025-12-09T19:24:15.305+0000] {dag.py:4156} INFO - Setting next_dagrun for example_kubernetes_executor to None, run_after=None
[2025-12-09T19:24:15.351+0000] {processor.py:208} INFO - Processing /home/airflow/.local/lib/python3.12/site-packages/airflow/example_dags/example_kubernetes_executor.py took 0.185 seconds
[2025-12-09T19:24:39.856+0000] {processor.py:186} INFO - Started process (PID=1269) to work on /home/airflow/.local/lib/python3.12/site-packages/airflow/example_dags/example_kubernetes_executor.py
[2025-12-09T19:24:39.890+0000] {processor.py:914} INFO - Processing file /home/airflow/.local/lib/python3.12/site-packages/airflow/example_dags/example_kubernetes_executor.py for tasks to queue
[2025-12-09T19:24:39.895+0000] {logging_mixin.py:190} INFO - [2025-12-09T19:24:39.895+0000] {dagbag.py:587} INFO - Filling up the DagBag from /home/airflow/.local/lib/python3.12/site-packages/airflow/example_dags/example_kubernetes_executor.py
[2025-12-09T19:24:39.923+0000] {processor.py:925} INFO - DAG(s) 'example_kubernetes_executor' retrieved from /home/airflow/.local/lib/python3.12/site-packages/airflow/example_dags/example_kubernetes_executor.py
[2025-12-09T19:24:39.991+0000] {logging_mixin.py:190} INFO - [2025-12-09T19:24:39.991+0000] {dag.py:3229} INFO - Sync 1 DAGs
[2025-12-09T19:24:40.016+0000] {logging_mixin.py:190} INFO - [2025-12-09T19:24:40.016+0000] {dag.py:4156} INFO - Setting next_dagrun for example_kubernetes_executor to None, run_after=None
[2025-12-09T19:24:40.049+0000] {processor.py:208} INFO - Processing /home/airflow/.local/lib/python3.12/site-packages/airflow/example_dags/example_kubernetes_executor.py took 0.205 seconds
[2025-12-09T19:25:04.728+0000] {processor.py:186} INFO - Started process (PID=1328) to work on /home/airflow/.local/lib/python3.12/site-packages/airflow/example_dags/example_kubernetes_executor.py
[2025-12-09T19:25:04.759+0000] {processor.py:914} INFO - Processing file /home/airflow/.local/lib/python3.12/site-packages/airflow/example_dags/example_kubernetes_executor.py for tasks to queue
[2025-12-09T19:25:04.765+0000] {logging_mixin.py:190} INFO - [2025-12-09T19:25:04.764+0000] {dagbag.py:587} INFO - Filling up the DagBag from /home/airflow/.local/lib/python3.12/site-packages/airflow/example_dags/example_kubernetes_executor.py
[2025-12-09T19:25:04.791+0000] {processor.py:925} INFO - DAG(s) 'example_kubernetes_executor' retrieved from /home/airflow/.local/lib/python3.12/site-packages/airflow/example_dags/example_kubernetes_executor.py
[2025-12-09T19:25:04.854+0000] {logging_mixin.py:190} INFO - [2025-12-09T19:25:04.853+0000] {dag.py:3229} INFO - Sync 1 DAGs
[2025-12-09T19:25:04.875+0000] {logging_mixin.py:190} INFO - [2025-12-09T19:25:04.875+0000] {dag.py:4156} INFO - Setting next_dagrun for example_kubernetes_executor to None, run_after=None
[2025-12-09T19:25:04.939+0000] {processor.py:208} INFO - Processing /home/airflow/.local/lib/python3.12/site-packages/airflow/example_dags/example_kubernetes_executor.py took 0.223 seconds
[2025-12-09T19:25:29.734+0000] {processor.py:186} INFO - Started process (PID=1388) to work on /home/airflow/.local/lib/python3.12/site-packages/airflow/example_dags/example_kubernetes_executor.py
[2025-12-09T19:25:29.769+0000] {processor.py:914} INFO - Processing file /home/airflow/.local/lib/python3.12/site-packages/airflow/example_dags/example_kubernetes_executor.py for tasks to queue
[2025-12-09T19:25:29.773+0000] {logging_mixin.py:190} INFO - [2025-12-09T19:25:29.773+0000] {dagbag.py:587} INFO - Filling up the DagBag from /home/airflow/.local/lib/python3.12/site-packages/airflow/example_dags/example_kubernetes_executor.py
[2025-12-09T19:25:29.796+0000] {processor.py:925} INFO - DAG(s) 'example_kubernetes_executor' retrieved from /home/airflow/.local/lib/python3.12/site-packages/airflow/example_dags/example_kubernetes_executor.py
[2025-12-09T19:25:29.860+0000] {logging_mixin.py:190} INFO - [2025-12-09T19:25:29.860+0000] {dag.py:3229} INFO - Sync 1 DAGs
[2025-12-09T19:25:29.879+0000] {logging_mixin.py:190} INFO - [2025-12-09T19:25:29.878+0000] {dag.py:4156} INFO - Setting next_dagrun for example_kubernetes_executor to None, run_after=None
[2025-12-09T19:25:29.938+0000] {processor.py:208} INFO - Processing /home/airflow/.local/lib/python3.12/site-packages/airflow/example_dags/example_kubernetes_executor.py took 0.213 seconds
[2025-12-09T19:26:00.096+0000] {processor.py:186} INFO - Started process (PID=1448) to work on /home/airflow/.local/lib/python3.12/site-packages/airflow/example_dags/example_kubernetes_executor.py
[2025-12-09T19:26:00.130+0000] {processor.py:914} INFO - Processing file /home/airflow/.local/lib/python3.12/site-packages/airflow/example_dags/example_kubernetes_executor.py for tasks to queue
[2025-12-09T19:26:00.134+0000] {logging_mixin.py:190} INFO - [2025-12-09T19:26:00.133+0000] {dagbag.py:587} INFO - Filling up the DagBag from /home/airflow/.local/lib/python3.12/site-packages/airflow/example_dags/example_kubernetes_executor.py
[2025-12-09T19:26:00.153+0000] {processor.py:925} INFO - DAG(s) 'example_kubernetes_executor' retrieved from /home/airflow/.local/lib/python3.12/site-packages/airflow/example_dags/example_kubernetes_executor.py
[2025-12-09T19:26:00.209+0000] {logging_mixin.py:190} INFO - [2025-12-09T19:26:00.208+0000] {dag.py:3229} INFO - Sync 1 DAGs
[2025-12-09T19:26:00.229+0000] {logging_mixin.py:190} INFO - [2025-12-09T19:26:00.228+0000] {dag.py:4156} INFO - Setting next_dagrun for example_kubernetes_executor to None, run_after=None
[2025-12-09T19:26:00.287+0000] {processor.py:208} INFO - Processing /home/airflow/.local/lib/python3.12/site-packages/airflow/example_dags/example_kubernetes_executor.py took 0.200 seconds
