[2025-12-09T19:15:38.334+0000] {processor.py:186} INFO - Started process (PID=119) to work on /home/airflow/.local/lib/python3.12/site-packages/airflow/example_dags/tutorial_objectstorage.py
[2025-12-09T19:15:38.335+0000] {processor.py:914} INFO - Processing file /home/airflow/.local/lib/python3.12/site-packages/airflow/example_dags/tutorial_objectstorage.py for tasks to queue
[2025-12-09T19:15:38.340+0000] {logging_mixin.py:190} INFO - [2025-12-09T19:15:38.339+0000] {dagbag.py:587} INFO - Filling up the DagBag from /home/airflow/.local/lib/python3.12/site-packages/airflow/example_dags/tutorial_objectstorage.py
[2025-12-09T19:15:38.359+0000] {processor.py:925} INFO - DAG(s) 'tutorial_objectstorage' retrieved from /home/airflow/.local/lib/python3.12/site-packages/airflow/example_dags/tutorial_objectstorage.py
[2025-12-09T19:15:38.510+0000] {logging_mixin.py:190} INFO - [2025-12-09T19:15:38.509+0000] {override.py:1900} INFO - Created Permission View: can read on DAG:tutorial_objectstorage
[2025-12-09T19:15:38.525+0000] {logging_mixin.py:190} INFO - [2025-12-09T19:15:38.525+0000] {override.py:1900} INFO - Created Permission View: can delete on DAG:tutorial_objectstorage
[2025-12-09T19:15:38.535+0000] {logging_mixin.py:190} INFO - [2025-12-09T19:15:38.535+0000] {override.py:1900} INFO - Created Permission View: can edit on DAG:tutorial_objectstorage
[2025-12-09T19:15:38.547+0000] {logging_mixin.py:190} INFO - [2025-12-09T19:15:38.546+0000] {override.py:1900} INFO - Created Permission View: can read on DAG Run:tutorial_objectstorage
[2025-12-09T19:15:38.556+0000] {logging_mixin.py:190} INFO - [2025-12-09T19:15:38.556+0000] {override.py:1900} INFO - Created Permission View: can delete on DAG Run:tutorial_objectstorage
[2025-12-09T19:15:38.566+0000] {logging_mixin.py:190} INFO - [2025-12-09T19:15:38.565+0000] {override.py:1900} INFO - Created Permission View: menu access on DAG Run:tutorial_objectstorage
[2025-12-09T19:15:38.575+0000] {logging_mixin.py:190} INFO - [2025-12-09T19:15:38.575+0000] {override.py:1900} INFO - Created Permission View: can create on DAG Run:tutorial_objectstorage
[2025-12-09T19:15:38.576+0000] {logging_mixin.py:190} INFO - [2025-12-09T19:15:38.576+0000] {dag.py:3229} INFO - Sync 1 DAGs
[2025-12-09T19:15:38.595+0000] {logging_mixin.py:190} INFO - [2025-12-09T19:15:38.595+0000] {dag.py:3252} INFO - Creating ORM DAG for tutorial_objectstorage
[2025-12-09T19:15:38.596+0000] {logging_mixin.py:190} INFO - [2025-12-09T19:15:38.596+0000] {dag.py:4156} INFO - Setting next_dagrun for tutorial_objectstorage to None, run_after=None
[2025-12-09T19:15:38.617+0000] {processor.py:208} INFO - Processing /home/airflow/.local/lib/python3.12/site-packages/airflow/example_dags/tutorial_objectstorage.py took 0.296 seconds
[2025-12-09T19:16:06.842+0000] {processor.py:186} INFO - Started process (PID=179) to work on /home/airflow/.local/lib/python3.12/site-packages/airflow/example_dags/tutorial_objectstorage.py
[2025-12-09T19:16:06.844+0000] {processor.py:914} INFO - Processing file /home/airflow/.local/lib/python3.12/site-packages/airflow/example_dags/tutorial_objectstorage.py for tasks to queue
[2025-12-09T19:16:06.848+0000] {logging_mixin.py:190} INFO - [2025-12-09T19:16:06.847+0000] {dagbag.py:587} INFO - Filling up the DagBag from /home/airflow/.local/lib/python3.12/site-packages/airflow/example_dags/tutorial_objectstorage.py
[2025-12-09T19:16:06.864+0000] {processor.py:925} INFO - DAG(s) 'tutorial_objectstorage' retrieved from /home/airflow/.local/lib/python3.12/site-packages/airflow/example_dags/tutorial_objectstorage.py
[2025-12-09T19:16:06.887+0000] {logging_mixin.py:190} INFO - [2025-12-09T19:16:06.886+0000] {dag.py:3229} INFO - Sync 1 DAGs
[2025-12-09T19:16:06.912+0000] {logging_mixin.py:190} INFO - [2025-12-09T19:16:06.912+0000] {dag.py:4156} INFO - Setting next_dagrun for tutorial_objectstorage to None, run_after=None
[2025-12-09T19:16:06.947+0000] {processor.py:208} INFO - Processing /home/airflow/.local/lib/python3.12/site-packages/airflow/example_dags/tutorial_objectstorage.py took 0.115 seconds
[2025-12-09T19:16:38.086+0000] {processor.py:186} INFO - Started process (PID=238) to work on /home/airflow/.local/lib/python3.12/site-packages/airflow/example_dags/tutorial_objectstorage.py
[2025-12-09T19:16:38.119+0000] {processor.py:914} INFO - Processing file /home/airflow/.local/lib/python3.12/site-packages/airflow/example_dags/tutorial_objectstorage.py for tasks to queue
[2025-12-09T19:16:38.123+0000] {logging_mixin.py:190} INFO - [2025-12-09T19:16:38.122+0000] {dagbag.py:587} INFO - Filling up the DagBag from /home/airflow/.local/lib/python3.12/site-packages/airflow/example_dags/tutorial_objectstorage.py
[2025-12-09T19:16:46.407+0000] {processor.py:925} INFO - DAG(s) 'tutorial_objectstorage' retrieved from /home/airflow/.local/lib/python3.12/site-packages/airflow/example_dags/tutorial_objectstorage.py
[2025-12-09T19:16:46.441+0000] {logging_mixin.py:190} INFO - [2025-12-09T19:16:46.441+0000] {dag.py:3229} INFO - Sync 1 DAGs
[2025-12-09T19:16:46.462+0000] {logging_mixin.py:190} INFO - [2025-12-09T19:16:46.462+0000] {dag.py:4156} INFO - Setting next_dagrun for tutorial_objectstorage to None, run_after=None
[2025-12-09T19:16:46.523+0000] {processor.py:208} INFO - Processing /home/airflow/.local/lib/python3.12/site-packages/airflow/example_dags/tutorial_objectstorage.py took 0.177 seconds
[2025-12-09T19:17:13.930+0000] {processor.py:186} INFO - Started process (PID=318) to work on /home/airflow/.local/lib/python3.12/site-packages/airflow/example_dags/tutorial_objectstorage.py
[2025-12-09T19:17:13.964+0000] {processor.py:914} INFO - Processing file /home/airflow/.local/lib/python3.12/site-packages/airflow/example_dags/tutorial_objectstorage.py for tasks to queue
[2025-12-09T19:17:13.969+0000] {logging_mixin.py:190} INFO - [2025-12-09T19:17:13.968+0000] {dagbag.py:587} INFO - Filling up the DagBag from /home/airflow/.local/lib/python3.12/site-packages/airflow/example_dags/tutorial_objectstorage.py
[2025-12-09T19:17:13.994+0000] {processor.py:925} INFO - DAG(s) 'tutorial_objectstorage' retrieved from /home/airflow/.local/lib/python3.12/site-packages/airflow/example_dags/tutorial_objectstorage.py
[2025-12-09T19:17:14.038+0000] {logging_mixin.py:190} INFO - [2025-12-09T19:17:14.038+0000] {dag.py:3229} INFO - Sync 1 DAGs
[2025-12-09T19:17:14.086+0000] {logging_mixin.py:190} INFO - [2025-12-09T19:17:14.085+0000] {dag.py:4156} INFO - Setting next_dagrun for tutorial_objectstorage to None, run_after=None
[2025-12-09T19:17:14.147+0000] {processor.py:208} INFO - Processing /home/airflow/.local/lib/python3.12/site-packages/airflow/example_dags/tutorial_objectstorage.py took 0.228 seconds
[2025-12-09T19:17:39.359+0000] {processor.py:186} INFO - Started process (PID=373) to work on /home/airflow/.local/lib/python3.12/site-packages/airflow/example_dags/tutorial_objectstorage.py
[2025-12-09T19:17:39.379+0000] {processor.py:914} INFO - Processing file /home/airflow/.local/lib/python3.12/site-packages/airflow/example_dags/tutorial_objectstorage.py for tasks to queue
[2025-12-09T19:17:39.382+0000] {logging_mixin.py:190} INFO - [2025-12-09T19:17:39.382+0000] {dagbag.py:587} INFO - Filling up the DagBag from /home/airflow/.local/lib/python3.12/site-packages/airflow/example_dags/tutorial_objectstorage.py
[2025-12-09T19:17:39.395+0000] {processor.py:925} INFO - DAG(s) 'tutorial_objectstorage' retrieved from /home/airflow/.local/lib/python3.12/site-packages/airflow/example_dags/tutorial_objectstorage.py
[2025-12-09T19:17:39.429+0000] {logging_mixin.py:190} INFO - [2025-12-09T19:17:39.428+0000] {dag.py:3229} INFO - Sync 1 DAGs
[2025-12-09T19:17:39.454+0000] {logging_mixin.py:190} INFO - [2025-12-09T19:17:39.454+0000] {dag.py:4156} INFO - Setting next_dagrun for tutorial_objectstorage to None, run_after=None
[2025-12-09T19:17:39.515+0000] {processor.py:208} INFO - Processing /home/airflow/.local/lib/python3.12/site-packages/airflow/example_dags/tutorial_objectstorage.py took 0.165 seconds
[2025-12-09T19:18:05.542+0000] {processor.py:186} INFO - Started process (PID=436) to work on /home/airflow/.local/lib/python3.12/site-packages/airflow/example_dags/tutorial_objectstorage.py
[2025-12-09T19:18:05.557+0000] {processor.py:914} INFO - Processing file /home/airflow/.local/lib/python3.12/site-packages/airflow/example_dags/tutorial_objectstorage.py for tasks to queue
[2025-12-09T19:18:05.561+0000] {logging_mixin.py:190} INFO - [2025-12-09T19:18:05.560+0000] {dagbag.py:587} INFO - Filling up the DagBag from /home/airflow/.local/lib/python3.12/site-packages/airflow/example_dags/tutorial_objectstorage.py
[2025-12-09T19:18:05.575+0000] {processor.py:925} INFO - DAG(s) 'tutorial_objectstorage' retrieved from /home/airflow/.local/lib/python3.12/site-packages/airflow/example_dags/tutorial_objectstorage.py
[2025-12-09T19:18:05.609+0000] {logging_mixin.py:190} INFO - [2025-12-09T19:18:05.608+0000] {dag.py:3229} INFO - Sync 1 DAGs
[2025-12-09T19:18:05.631+0000] {logging_mixin.py:190} INFO - [2025-12-09T19:18:05.630+0000] {dag.py:4156} INFO - Setting next_dagrun for tutorial_objectstorage to None, run_after=None
[2025-12-09T19:18:05.694+0000] {processor.py:208} INFO - Processing /home/airflow/.local/lib/python3.12/site-packages/airflow/example_dags/tutorial_objectstorage.py took 0.161 seconds
[2025-12-09T19:18:36.354+0000] {processor.py:186} INFO - Started process (PID=497) to work on /home/airflow/.local/lib/python3.12/site-packages/airflow/example_dags/tutorial_objectstorage.py
[2025-12-09T19:18:36.364+0000] {processor.py:914} INFO - Processing file /home/airflow/.local/lib/python3.12/site-packages/airflow/example_dags/tutorial_objectstorage.py for tasks to queue
[2025-12-09T19:18:36.368+0000] {logging_mixin.py:190} INFO - [2025-12-09T19:18:36.367+0000] {dagbag.py:587} INFO - Filling up the DagBag from /home/airflow/.local/lib/python3.12/site-packages/airflow/example_dags/tutorial_objectstorage.py
[2025-12-09T19:18:36.384+0000] {processor.py:925} INFO - DAG(s) 'tutorial_objectstorage' retrieved from /home/airflow/.local/lib/python3.12/site-packages/airflow/example_dags/tutorial_objectstorage.py
[2025-12-09T19:18:36.424+0000] {logging_mixin.py:190} INFO - [2025-12-09T19:18:36.424+0000] {dag.py:3229} INFO - Sync 1 DAGs
[2025-12-09T19:18:36.449+0000] {logging_mixin.py:190} INFO - [2025-12-09T19:18:36.449+0000] {dag.py:4156} INFO - Setting next_dagrun for tutorial_objectstorage to None, run_after=None
[2025-12-09T19:18:36.499+0000] {processor.py:208} INFO - Processing /home/airflow/.local/lib/python3.12/site-packages/airflow/example_dags/tutorial_objectstorage.py took 0.157 seconds
[2025-12-09T19:19:01.227+0000] {processor.py:186} INFO - Started process (PID=559) to work on /home/airflow/.local/lib/python3.12/site-packages/airflow/example_dags/tutorial_objectstorage.py
[2025-12-09T19:19:01.246+0000] {processor.py:914} INFO - Processing file /home/airflow/.local/lib/python3.12/site-packages/airflow/example_dags/tutorial_objectstorage.py for tasks to queue
[2025-12-09T19:19:01.250+0000] {logging_mixin.py:190} INFO - [2025-12-09T19:19:01.249+0000] {dagbag.py:587} INFO - Filling up the DagBag from /home/airflow/.local/lib/python3.12/site-packages/airflow/example_dags/tutorial_objectstorage.py
[2025-12-09T19:19:01.263+0000] {processor.py:925} INFO - DAG(s) 'tutorial_objectstorage' retrieved from /home/airflow/.local/lib/python3.12/site-packages/airflow/example_dags/tutorial_objectstorage.py
[2025-12-09T19:19:01.294+0000] {logging_mixin.py:190} INFO - [2025-12-09T19:19:01.294+0000] {dag.py:3229} INFO - Sync 1 DAGs
[2025-12-09T19:19:01.315+0000] {logging_mixin.py:190} INFO - [2025-12-09T19:19:01.314+0000] {dag.py:4156} INFO - Setting next_dagrun for tutorial_objectstorage to None, run_after=None
[2025-12-09T19:19:01.342+0000] {processor.py:208} INFO - Processing /home/airflow/.local/lib/python3.12/site-packages/airflow/example_dags/tutorial_objectstorage.py took 0.124 seconds
[2025-12-09T19:19:27.107+0000] {processor.py:186} INFO - Started process (PID=612) to work on /home/airflow/.local/lib/python3.12/site-packages/airflow/example_dags/tutorial_objectstorage.py
[2025-12-09T19:19:27.139+0000] {processor.py:914} INFO - Processing file /home/airflow/.local/lib/python3.12/site-packages/airflow/example_dags/tutorial_objectstorage.py for tasks to queue
[2025-12-09T19:19:27.143+0000] {logging_mixin.py:190} INFO - [2025-12-09T19:19:27.142+0000] {dagbag.py:587} INFO - Filling up the DagBag from /home/airflow/.local/lib/python3.12/site-packages/airflow/example_dags/tutorial_objectstorage.py
[2025-12-09T19:19:27.157+0000] {processor.py:925} INFO - DAG(s) 'tutorial_objectstorage' retrieved from /home/airflow/.local/lib/python3.12/site-packages/airflow/example_dags/tutorial_objectstorage.py
[2025-12-09T19:19:27.191+0000] {logging_mixin.py:190} INFO - [2025-12-09T19:19:27.190+0000] {dag.py:3229} INFO - Sync 1 DAGs
[2025-12-09T19:19:27.215+0000] {logging_mixin.py:190} INFO - [2025-12-09T19:19:27.215+0000] {dag.py:4156} INFO - Setting next_dagrun for tutorial_objectstorage to None, run_after=None
[2025-12-09T19:19:27.250+0000] {processor.py:208} INFO - Processing /home/airflow/.local/lib/python3.12/site-packages/airflow/example_dags/tutorial_objectstorage.py took 0.154 seconds
[2025-12-09T19:19:58.045+0000] {processor.py:186} INFO - Started process (PID=672) to work on /home/airflow/.local/lib/python3.12/site-packages/airflow/example_dags/tutorial_objectstorage.py
[2025-12-09T19:19:58.076+0000] {processor.py:914} INFO - Processing file /home/airflow/.local/lib/python3.12/site-packages/airflow/example_dags/tutorial_objectstorage.py for tasks to queue
[2025-12-09T19:19:58.080+0000] {logging_mixin.py:190} INFO - [2025-12-09T19:19:58.079+0000] {dagbag.py:587} INFO - Filling up the DagBag from /home/airflow/.local/lib/python3.12/site-packages/airflow/example_dags/tutorial_objectstorage.py
[2025-12-09T19:19:58.097+0000] {processor.py:925} INFO - DAG(s) 'tutorial_objectstorage' retrieved from /home/airflow/.local/lib/python3.12/site-packages/airflow/example_dags/tutorial_objectstorage.py
[2025-12-09T19:19:58.131+0000] {logging_mixin.py:190} INFO - [2025-12-09T19:19:58.131+0000] {dag.py:3229} INFO - Sync 1 DAGs
[2025-12-09T19:19:58.152+0000] {logging_mixin.py:190} INFO - [2025-12-09T19:19:58.152+0000] {dag.py:4156} INFO - Setting next_dagrun for tutorial_objectstorage to None, run_after=None
[2025-12-09T19:19:58.202+0000] {processor.py:208} INFO - Processing /home/airflow/.local/lib/python3.12/site-packages/airflow/example_dags/tutorial_objectstorage.py took 0.166 seconds
[2025-12-09T19:20:36.800+0000] {processor.py:186} INFO - Started process (PID=734) to work on /home/airflow/.local/lib/python3.12/site-packages/airflow/example_dags/tutorial_objectstorage.py
[2025-12-09T19:20:36.803+0000] {processor.py:914} INFO - Processing file /home/airflow/.local/lib/python3.12/site-packages/airflow/example_dags/tutorial_objectstorage.py for tasks to queue
[2025-12-09T19:20:36.807+0000] {logging_mixin.py:190} INFO - [2025-12-09T19:20:36.806+0000] {dagbag.py:587} INFO - Filling up the DagBag from /home/airflow/.local/lib/python3.12/site-packages/airflow/example_dags/tutorial_objectstorage.py
[2025-12-09T19:20:36.826+0000] {processor.py:925} INFO - DAG(s) 'tutorial_objectstorage' retrieved from /home/airflow/.local/lib/python3.12/site-packages/airflow/example_dags/tutorial_objectstorage.py
[2025-12-09T19:20:36.865+0000] {logging_mixin.py:190} INFO - [2025-12-09T19:20:36.864+0000] {dag.py:3229} INFO - Sync 1 DAGs
[2025-12-09T19:20:36.886+0000] {logging_mixin.py:190} INFO - [2025-12-09T19:20:36.886+0000] {dag.py:4156} INFO - Setting next_dagrun for tutorial_objectstorage to None, run_after=None
[2025-12-09T19:20:36.930+0000] {processor.py:208} INFO - Processing /home/airflow/.local/lib/python3.12/site-packages/airflow/example_dags/tutorial_objectstorage.py took 0.140 seconds
[2025-12-09T19:20:58.941+0000] {processor.py:186} INFO - Started process (PID=799) to work on /home/airflow/.local/lib/python3.12/site-packages/airflow/example_dags/tutorial_objectstorage.py
[2025-12-09T19:20:58.949+0000] {processor.py:914} INFO - Processing file /home/airflow/.local/lib/python3.12/site-packages/airflow/example_dags/tutorial_objectstorage.py for tasks to queue
[2025-12-09T19:20:58.953+0000] {logging_mixin.py:190} INFO - [2025-12-09T19:20:58.953+0000] {dagbag.py:587} INFO - Filling up the DagBag from /home/airflow/.local/lib/python3.12/site-packages/airflow/example_dags/tutorial_objectstorage.py
[2025-12-09T19:20:58.971+0000] {processor.py:925} INFO - DAG(s) 'tutorial_objectstorage' retrieved from /home/airflow/.local/lib/python3.12/site-packages/airflow/example_dags/tutorial_objectstorage.py
[2025-12-09T19:20:59.009+0000] {logging_mixin.py:190} INFO - [2025-12-09T19:20:59.008+0000] {dag.py:3229} INFO - Sync 1 DAGs
[2025-12-09T19:20:59.032+0000] {logging_mixin.py:190} INFO - [2025-12-09T19:20:59.031+0000] {dag.py:4156} INFO - Setting next_dagrun for tutorial_objectstorage to None, run_after=None
[2025-12-09T19:20:59.064+0000] {processor.py:208} INFO - Processing /home/airflow/.local/lib/python3.12/site-packages/airflow/example_dags/tutorial_objectstorage.py took 0.134 seconds
[2025-12-09T19:21:29.312+0000] {processor.py:186} INFO - Started process (PID=858) to work on /home/airflow/.local/lib/python3.12/site-packages/airflow/example_dags/tutorial_objectstorage.py
[2025-12-09T19:21:29.333+0000] {processor.py:914} INFO - Processing file /home/airflow/.local/lib/python3.12/site-packages/airflow/example_dags/tutorial_objectstorage.py for tasks to queue
[2025-12-09T19:21:29.337+0000] {logging_mixin.py:190} INFO - [2025-12-09T19:21:29.336+0000] {dagbag.py:587} INFO - Filling up the DagBag from /home/airflow/.local/lib/python3.12/site-packages/airflow/example_dags/tutorial_objectstorage.py
[2025-12-09T19:21:29.349+0000] {processor.py:925} INFO - DAG(s) 'tutorial_objectstorage' retrieved from /home/airflow/.local/lib/python3.12/site-packages/airflow/example_dags/tutorial_objectstorage.py
[2025-12-09T19:21:29.381+0000] {logging_mixin.py:190} INFO - [2025-12-09T19:21:29.381+0000] {dag.py:3229} INFO - Sync 1 DAGs
[2025-12-09T19:21:29.401+0000] {logging_mixin.py:190} INFO - [2025-12-09T19:21:29.401+0000] {dag.py:4156} INFO - Setting next_dagrun for tutorial_objectstorage to None, run_after=None
[2025-12-09T19:21:29.427+0000] {processor.py:208} INFO - Processing /home/airflow/.local/lib/python3.12/site-packages/airflow/example_dags/tutorial_objectstorage.py took 0.125 seconds
[2025-12-09T19:21:54.572+0000] {processor.py:186} INFO - Started process (PID=922) to work on /home/airflow/.local/lib/python3.12/site-packages/airflow/example_dags/tutorial_objectstorage.py
[2025-12-09T19:21:54.603+0000] {processor.py:914} INFO - Processing file /home/airflow/.local/lib/python3.12/site-packages/airflow/example_dags/tutorial_objectstorage.py for tasks to queue
[2025-12-09T19:21:54.607+0000] {logging_mixin.py:190} INFO - [2025-12-09T19:21:54.606+0000] {dagbag.py:587} INFO - Filling up the DagBag from /home/airflow/.local/lib/python3.12/site-packages/airflow/example_dags/tutorial_objectstorage.py
[2025-12-09T19:21:54.622+0000] {processor.py:925} INFO - DAG(s) 'tutorial_objectstorage' retrieved from /home/airflow/.local/lib/python3.12/site-packages/airflow/example_dags/tutorial_objectstorage.py
[2025-12-09T19:21:54.657+0000] {logging_mixin.py:190} INFO - [2025-12-09T19:21:54.656+0000] {dag.py:3229} INFO - Sync 1 DAGs
[2025-12-09T19:21:54.678+0000] {logging_mixin.py:190} INFO - [2025-12-09T19:21:54.678+0000] {dag.py:4156} INFO - Setting next_dagrun for tutorial_objectstorage to None, run_after=None
[2025-12-09T19:21:54.708+0000] {processor.py:208} INFO - Processing /home/airflow/.local/lib/python3.12/site-packages/airflow/example_dags/tutorial_objectstorage.py took 0.147 seconds
[2025-12-09T19:22:25.468+0000] {processor.py:186} INFO - Started process (PID=982) to work on /home/airflow/.local/lib/python3.12/site-packages/airflow/example_dags/tutorial_objectstorage.py
[2025-12-09T19:22:25.471+0000] {processor.py:914} INFO - Processing file /home/airflow/.local/lib/python3.12/site-packages/airflow/example_dags/tutorial_objectstorage.py for tasks to queue
[2025-12-09T19:22:25.474+0000] {logging_mixin.py:190} INFO - [2025-12-09T19:22:25.474+0000] {dagbag.py:587} INFO - Filling up the DagBag from /home/airflow/.local/lib/python3.12/site-packages/airflow/example_dags/tutorial_objectstorage.py
[2025-12-09T19:22:25.500+0000] {processor.py:925} INFO - DAG(s) 'tutorial_objectstorage' retrieved from /home/airflow/.local/lib/python3.12/site-packages/airflow/example_dags/tutorial_objectstorage.py
[2025-12-09T19:22:25.536+0000] {logging_mixin.py:190} INFO - [2025-12-09T19:22:25.536+0000] {dag.py:3229} INFO - Sync 1 DAGs
[2025-12-09T19:22:25.559+0000] {logging_mixin.py:190} INFO - [2025-12-09T19:22:25.559+0000] {dag.py:4156} INFO - Setting next_dagrun for tutorial_objectstorage to None, run_after=None
[2025-12-09T19:22:25.625+0000] {processor.py:208} INFO - Processing /home/airflow/.local/lib/python3.12/site-packages/airflow/example_dags/tutorial_objectstorage.py took 0.168 seconds
[2025-12-09T19:22:52.705+0000] {processor.py:186} INFO - Started process (PID=1047) to work on /home/airflow/.local/lib/python3.12/site-packages/airflow/example_dags/tutorial_objectstorage.py
[2025-12-09T19:22:52.739+0000] {processor.py:914} INFO - Processing file /home/airflow/.local/lib/python3.12/site-packages/airflow/example_dags/tutorial_objectstorage.py for tasks to queue
[2025-12-09T19:22:52.743+0000] {logging_mixin.py:190} INFO - [2025-12-09T19:22:52.742+0000] {dagbag.py:587} INFO - Filling up the DagBag from /home/airflow/.local/lib/python3.12/site-packages/airflow/example_dags/tutorial_objectstorage.py
[2025-12-09T19:22:52.756+0000] {processor.py:925} INFO - DAG(s) 'tutorial_objectstorage' retrieved from /home/airflow/.local/lib/python3.12/site-packages/airflow/example_dags/tutorial_objectstorage.py
[2025-12-09T19:22:52.794+0000] {logging_mixin.py:190} INFO - [2025-12-09T19:22:52.793+0000] {dag.py:3229} INFO - Sync 1 DAGs
[2025-12-09T19:22:52.815+0000] {logging_mixin.py:190} INFO - [2025-12-09T19:22:52.814+0000] {dag.py:4156} INFO - Setting next_dagrun for tutorial_objectstorage to None, run_after=None
[2025-12-09T19:22:52.843+0000] {processor.py:208} INFO - Processing /home/airflow/.local/lib/python3.12/site-packages/airflow/example_dags/tutorial_objectstorage.py took 0.149 seconds
[2025-12-09T19:23:23.611+0000] {processor.py:186} INFO - Started process (PID=1105) to work on /home/airflow/.local/lib/python3.12/site-packages/airflow/example_dags/tutorial_objectstorage.py
[2025-12-09T19:23:23.645+0000] {processor.py:914} INFO - Processing file /home/airflow/.local/lib/python3.12/site-packages/airflow/example_dags/tutorial_objectstorage.py for tasks to queue
[2025-12-09T19:23:23.648+0000] {logging_mixin.py:190} INFO - [2025-12-09T19:23:23.648+0000] {dagbag.py:587} INFO - Filling up the DagBag from /home/airflow/.local/lib/python3.12/site-packages/airflow/example_dags/tutorial_objectstorage.py
[2025-12-09T19:23:23.661+0000] {processor.py:925} INFO - DAG(s) 'tutorial_objectstorage' retrieved from /home/airflow/.local/lib/python3.12/site-packages/airflow/example_dags/tutorial_objectstorage.py
[2025-12-09T19:23:23.691+0000] {logging_mixin.py:190} INFO - [2025-12-09T19:23:23.691+0000] {dag.py:3229} INFO - Sync 1 DAGs
[2025-12-09T19:23:23.710+0000] {logging_mixin.py:190} INFO - [2025-12-09T19:23:23.710+0000] {dag.py:4156} INFO - Setting next_dagrun for tutorial_objectstorage to None, run_after=None
[2025-12-09T19:23:23.746+0000] {processor.py:208} INFO - Processing /home/airflow/.local/lib/python3.12/site-packages/airflow/example_dags/tutorial_objectstorage.py took 0.145 seconds
[2025-12-09T19:23:54.743+0000] {processor.py:186} INFO - Started process (PID=1173) to work on /home/airflow/.local/lib/python3.12/site-packages/airflow/example_dags/tutorial_objectstorage.py
[2025-12-09T19:23:54.777+0000] {processor.py:914} INFO - Processing file /home/airflow/.local/lib/python3.12/site-packages/airflow/example_dags/tutorial_objectstorage.py for tasks to queue
[2025-12-09T19:23:54.781+0000] {logging_mixin.py:190} INFO - [2025-12-09T19:23:54.780+0000] {dagbag.py:587} INFO - Filling up the DagBag from /home/airflow/.local/lib/python3.12/site-packages/airflow/example_dags/tutorial_objectstorage.py
[2025-12-09T19:23:54.794+0000] {processor.py:925} INFO - DAG(s) 'tutorial_objectstorage' retrieved from /home/airflow/.local/lib/python3.12/site-packages/airflow/example_dags/tutorial_objectstorage.py
[2025-12-09T19:23:54.829+0000] {logging_mixin.py:190} INFO - [2025-12-09T19:23:54.829+0000] {dag.py:3229} INFO - Sync 1 DAGs
[2025-12-09T19:23:54.854+0000] {logging_mixin.py:190} INFO - [2025-12-09T19:23:54.853+0000] {dag.py:4156} INFO - Setting next_dagrun for tutorial_objectstorage to None, run_after=None
[2025-12-09T19:23:54.890+0000] {processor.py:208} INFO - Processing /home/airflow/.local/lib/python3.12/site-packages/airflow/example_dags/tutorial_objectstorage.py took 0.157 seconds
[2025-12-09T19:24:20.465+0000] {processor.py:186} INFO - Started process (PID=1232) to work on /home/airflow/.local/lib/python3.12/site-packages/airflow/example_dags/tutorial_objectstorage.py
[2025-12-09T19:24:20.495+0000] {processor.py:914} INFO - Processing file /home/airflow/.local/lib/python3.12/site-packages/airflow/example_dags/tutorial_objectstorage.py for tasks to queue
[2025-12-09T19:24:20.499+0000] {logging_mixin.py:190} INFO - [2025-12-09T19:24:20.499+0000] {dagbag.py:587} INFO - Filling up the DagBag from /home/airflow/.local/lib/python3.12/site-packages/airflow/example_dags/tutorial_objectstorage.py
[2025-12-09T19:24:20.514+0000] {processor.py:925} INFO - DAG(s) 'tutorial_objectstorage' retrieved from /home/airflow/.local/lib/python3.12/site-packages/airflow/example_dags/tutorial_objectstorage.py
[2025-12-09T19:24:20.548+0000] {logging_mixin.py:190} INFO - [2025-12-09T19:24:20.547+0000] {dag.py:3229} INFO - Sync 1 DAGs
[2025-12-09T19:24:20.568+0000] {logging_mixin.py:190} INFO - [2025-12-09T19:24:20.567+0000] {dag.py:4156} INFO - Setting next_dagrun for tutorial_objectstorage to None, run_after=None
[2025-12-09T19:24:20.627+0000] {processor.py:208} INFO - Processing /home/airflow/.local/lib/python3.12/site-packages/airflow/example_dags/tutorial_objectstorage.py took 0.171 seconds
[2025-12-09T19:24:51.053+0000] {processor.py:186} INFO - Started process (PID=1295) to work on /home/airflow/.local/lib/python3.12/site-packages/airflow/example_dags/tutorial_objectstorage.py
[2025-12-09T19:24:51.055+0000] {processor.py:914} INFO - Processing file /home/airflow/.local/lib/python3.12/site-packages/airflow/example_dags/tutorial_objectstorage.py for tasks to queue
[2025-12-09T19:24:51.058+0000] {logging_mixin.py:190} INFO - [2025-12-09T19:24:51.058+0000] {dagbag.py:587} INFO - Filling up the DagBag from /home/airflow/.local/lib/python3.12/site-packages/airflow/example_dags/tutorial_objectstorage.py
[2025-12-09T19:24:51.071+0000] {processor.py:925} INFO - DAG(s) 'tutorial_objectstorage' retrieved from /home/airflow/.local/lib/python3.12/site-packages/airflow/example_dags/tutorial_objectstorage.py
[2025-12-09T19:24:51.105+0000] {logging_mixin.py:190} INFO - [2025-12-09T19:24:51.104+0000] {dag.py:3229} INFO - Sync 1 DAGs
[2025-12-09T19:24:51.124+0000] {logging_mixin.py:190} INFO - [2025-12-09T19:24:51.124+0000] {dag.py:4156} INFO - Setting next_dagrun for tutorial_objectstorage to None, run_after=None
[2025-12-09T19:24:51.150+0000] {processor.py:208} INFO - Processing /home/airflow/.local/lib/python3.12/site-packages/airflow/example_dags/tutorial_objectstorage.py took 0.106 seconds
[2025-12-09T19:25:15.417+0000] {processor.py:186} INFO - Started process (PID=1355) to work on /home/airflow/.local/lib/python3.12/site-packages/airflow/example_dags/tutorial_objectstorage.py
[2025-12-09T19:25:15.447+0000] {processor.py:914} INFO - Processing file /home/airflow/.local/lib/python3.12/site-packages/airflow/example_dags/tutorial_objectstorage.py for tasks to queue
[2025-12-09T19:25:15.451+0000] {logging_mixin.py:190} INFO - [2025-12-09T19:25:15.450+0000] {dagbag.py:587} INFO - Filling up the DagBag from /home/airflow/.local/lib/python3.12/site-packages/airflow/example_dags/tutorial_objectstorage.py
[2025-12-09T19:25:15.466+0000] {processor.py:925} INFO - DAG(s) 'tutorial_objectstorage' retrieved from /home/airflow/.local/lib/python3.12/site-packages/airflow/example_dags/tutorial_objectstorage.py
[2025-12-09T19:25:15.505+0000] {logging_mixin.py:190} INFO - [2025-12-09T19:25:15.505+0000] {dag.py:3229} INFO - Sync 1 DAGs
[2025-12-09T19:25:15.526+0000] {logging_mixin.py:190} INFO - [2025-12-09T19:25:15.525+0000] {dag.py:4156} INFO - Setting next_dagrun for tutorial_objectstorage to None, run_after=None
[2025-12-09T19:25:15.580+0000] {processor.py:208} INFO - Processing /home/airflow/.local/lib/python3.12/site-packages/airflow/example_dags/tutorial_objectstorage.py took 0.173 seconds
[2025-12-09T19:25:45.973+0000] {processor.py:186} INFO - Started process (PID=1415) to work on /home/airflow/.local/lib/python3.12/site-packages/airflow/example_dags/tutorial_objectstorage.py
[2025-12-09T19:25:46.007+0000] {processor.py:914} INFO - Processing file /home/airflow/.local/lib/python3.12/site-packages/airflow/example_dags/tutorial_objectstorage.py for tasks to queue
[2025-12-09T19:25:46.011+0000] {logging_mixin.py:190} INFO - [2025-12-09T19:25:46.011+0000] {dagbag.py:587} INFO - Filling up the DagBag from /home/airflow/.local/lib/python3.12/site-packages/airflow/example_dags/tutorial_objectstorage.py
[2025-12-09T19:25:46.029+0000] {processor.py:925} INFO - DAG(s) 'tutorial_objectstorage' retrieved from /home/airflow/.local/lib/python3.12/site-packages/airflow/example_dags/tutorial_objectstorage.py
[2025-12-09T19:25:46.069+0000] {logging_mixin.py:190} INFO - [2025-12-09T19:25:46.068+0000] {dag.py:3229} INFO - Sync 1 DAGs
[2025-12-09T19:25:46.097+0000] {logging_mixin.py:190} INFO - [2025-12-09T19:25:46.096+0000] {dag.py:4156} INFO - Setting next_dagrun for tutorial_objectstorage to None, run_after=None
[2025-12-09T19:25:46.149+0000] {processor.py:208} INFO - Processing /home/airflow/.local/lib/python3.12/site-packages/airflow/example_dags/tutorial_objectstorage.py took 0.186 seconds
