[2025-12-09T19:15:32.473+0000] {processor.py:186} INFO - Started process (PID=83) to work on /home/airflow/.local/lib/python3.12/site-packages/airflow/example_dags/tutorial.py
[2025-12-09T19:15:32.474+0000] {processor.py:914} INFO - Processing file /home/airflow/.local/lib/python3.12/site-packages/airflow/example_dags/tutorial.py for tasks to queue
[2025-12-09T19:15:32.478+0000] {logging_mixin.py:190} INFO - [2025-12-09T19:15:32.478+0000] {dagbag.py:587} INFO - Filling up the DagBag from /home/airflow/.local/lib/python3.12/site-packages/airflow/example_dags/tutorial.py
[2025-12-09T19:15:32.492+0000] {processor.py:925} INFO - DAG(s) 'tutorial' retrieved from /home/airflow/.local/lib/python3.12/site-packages/airflow/example_dags/tutorial.py
[2025-12-09T19:15:32.675+0000] {logging_mixin.py:190} INFO - [2025-12-09T19:15:32.674+0000] {override.py:1900} INFO - Created Permission View: can read on DAG:tutorial
[2025-12-09T19:15:32.689+0000] {logging_mixin.py:190} INFO - [2025-12-09T19:15:32.688+0000] {override.py:1900} INFO - Created Permission View: can delete on DAG:tutorial
[2025-12-09T19:15:32.699+0000] {logging_mixin.py:190} INFO - [2025-12-09T19:15:32.698+0000] {override.py:1900} INFO - Created Permission View: can edit on DAG:tutorial
[2025-12-09T19:15:32.710+0000] {logging_mixin.py:190} INFO - [2025-12-09T19:15:32.710+0000] {override.py:1900} INFO - Created Permission View: can read on DAG Run:tutorial
[2025-12-09T19:15:32.720+0000] {logging_mixin.py:190} INFO - [2025-12-09T19:15:32.719+0000] {override.py:1900} INFO - Created Permission View: can delete on DAG Run:tutorial
[2025-12-09T19:15:32.730+0000] {logging_mixin.py:190} INFO - [2025-12-09T19:15:32.729+0000] {override.py:1900} INFO - Created Permission View: menu access on DAG Run:tutorial
[2025-12-09T19:15:32.739+0000] {logging_mixin.py:190} INFO - [2025-12-09T19:15:32.739+0000] {override.py:1900} INFO - Created Permission View: can create on DAG Run:tutorial
[2025-12-09T19:15:32.739+0000] {logging_mixin.py:190} INFO - [2025-12-09T19:15:32.739+0000] {dag.py:3229} INFO - Sync 1 DAGs
[2025-12-09T19:15:32.759+0000] {logging_mixin.py:190} INFO - [2025-12-09T19:15:32.759+0000] {dag.py:3252} INFO - Creating ORM DAG for tutorial
[2025-12-09T19:15:32.774+0000] {logging_mixin.py:190} INFO - [2025-12-09T19:15:32.773+0000] {dag.py:4156} INFO - Setting next_dagrun for tutorial to 2025-12-08 00:00:00+00:00, run_after=2025-12-09 00:00:00+00:00
[2025-12-09T19:15:32.803+0000] {processor.py:208} INFO - Processing /home/airflow/.local/lib/python3.12/site-packages/airflow/example_dags/tutorial.py took 0.340 seconds
[2025-12-09T19:16:11.590+0000] {processor.py:186} INFO - Started process (PID=151) to work on /home/airflow/.local/lib/python3.12/site-packages/airflow/example_dags/tutorial.py
[2025-12-09T19:16:11.606+0000] {processor.py:914} INFO - Processing file /home/airflow/.local/lib/python3.12/site-packages/airflow/example_dags/tutorial.py for tasks to queue
[2025-12-09T19:16:11.610+0000] {logging_mixin.py:190} INFO - [2025-12-09T19:16:11.610+0000] {dagbag.py:587} INFO - Filling up the DagBag from /home/airflow/.local/lib/python3.12/site-packages/airflow/example_dags/tutorial.py
[2025-12-09T19:16:11.624+0000] {processor.py:925} INFO - DAG(s) 'tutorial' retrieved from /home/airflow/.local/lib/python3.12/site-packages/airflow/example_dags/tutorial.py
[2025-12-09T19:16:11.662+0000] {logging_mixin.py:190} INFO - [2025-12-09T19:16:11.662+0000] {dag.py:3229} INFO - Sync 1 DAGs
[2025-12-09T19:16:11.701+0000] {logging_mixin.py:190} INFO - [2025-12-09T19:16:11.701+0000] {dag.py:4156} INFO - Setting next_dagrun for tutorial to 2025-12-08 00:00:00+00:00, run_after=2025-12-09 00:00:00+00:00
[2025-12-09T19:16:11.767+0000] {processor.py:208} INFO - Processing /home/airflow/.local/lib/python3.12/site-packages/airflow/example_dags/tutorial.py took 0.189 seconds
[2025-12-09T19:16:42.409+0000] {processor.py:186} INFO - Started process (PID=252) to work on /home/airflow/.local/lib/python3.12/site-packages/airflow/example_dags/tutorial.py
[2025-12-09T19:16:42.444+0000] {processor.py:914} INFO - Processing file /home/airflow/.local/lib/python3.12/site-packages/airflow/example_dags/tutorial.py for tasks to queue
[2025-12-09T19:16:42.448+0000] {logging_mixin.py:190} INFO - [2025-12-09T19:16:42.448+0000] {dagbag.py:587} INFO - Filling up the DagBag from /home/airflow/.local/lib/python3.12/site-packages/airflow/example_dags/tutorial.py
[2025-12-09T19:16:42.462+0000] {processor.py:925} INFO - DAG(s) 'tutorial' retrieved from /home/airflow/.local/lib/python3.12/site-packages/airflow/example_dags/tutorial.py
[2025-12-09T19:16:42.498+0000] {logging_mixin.py:190} INFO - [2025-12-09T19:16:42.498+0000] {dag.py:3229} INFO - Sync 1 DAGs
[2025-12-09T19:16:42.536+0000] {logging_mixin.py:190} INFO - [2025-12-09T19:16:42.535+0000] {dag.py:4156} INFO - Setting next_dagrun for tutorial to 2025-12-08 00:00:00+00:00, run_after=2025-12-09 00:00:00+00:00
[2025-12-09T19:16:42.604+0000] {processor.py:208} INFO - Processing /home/airflow/.local/lib/python3.12/site-packages/airflow/example_dags/tutorial.py took 0.207 seconds
[2025-12-09T19:17:12.751+0000] {processor.py:186} INFO - Started process (PID=308) to work on /home/airflow/.local/lib/python3.12/site-packages/airflow/example_dags/tutorial.py
[2025-12-09T19:17:12.782+0000] {processor.py:914} INFO - Processing file /home/airflow/.local/lib/python3.12/site-packages/airflow/example_dags/tutorial.py for tasks to queue
[2025-12-09T19:17:12.786+0000] {logging_mixin.py:190} INFO - [2025-12-09T19:17:12.785+0000] {dagbag.py:587} INFO - Filling up the DagBag from /home/airflow/.local/lib/python3.12/site-packages/airflow/example_dags/tutorial.py
[2025-12-09T19:17:12.798+0000] {processor.py:925} INFO - DAG(s) 'tutorial' retrieved from /home/airflow/.local/lib/python3.12/site-packages/airflow/example_dags/tutorial.py
[2025-12-09T19:17:12.833+0000] {logging_mixin.py:190} INFO - [2025-12-09T19:17:12.833+0000] {dag.py:3229} INFO - Sync 1 DAGs
[2025-12-09T19:17:12.866+0000] {logging_mixin.py:190} INFO - [2025-12-09T19:17:12.865+0000] {dag.py:4156} INFO - Setting next_dagrun for tutorial to 2025-12-08 00:00:00+00:00, run_after=2025-12-09 00:00:00+00:00
[2025-12-09T19:17:12.925+0000] {processor.py:208} INFO - Processing /home/airflow/.local/lib/python3.12/site-packages/airflow/example_dags/tutorial.py took 0.185 seconds
[2025-12-09T19:17:38.424+0000] {processor.py:186} INFO - Started process (PID=366) to work on /home/airflow/.local/lib/python3.12/site-packages/airflow/example_dags/tutorial.py
[2025-12-09T19:17:38.427+0000] {processor.py:914} INFO - Processing file /home/airflow/.local/lib/python3.12/site-packages/airflow/example_dags/tutorial.py for tasks to queue
[2025-12-09T19:17:38.431+0000] {logging_mixin.py:190} INFO - [2025-12-09T19:17:38.430+0000] {dagbag.py:587} INFO - Filling up the DagBag from /home/airflow/.local/lib/python3.12/site-packages/airflow/example_dags/tutorial.py
[2025-12-09T19:17:38.446+0000] {processor.py:925} INFO - DAG(s) 'tutorial' retrieved from /home/airflow/.local/lib/python3.12/site-packages/airflow/example_dags/tutorial.py
[2025-12-09T19:17:38.476+0000] {logging_mixin.py:190} INFO - [2025-12-09T19:17:38.476+0000] {dag.py:3229} INFO - Sync 1 DAGs
[2025-12-09T19:17:38.508+0000] {logging_mixin.py:190} INFO - [2025-12-09T19:17:38.508+0000] {dag.py:4156} INFO - Setting next_dagrun for tutorial to 2025-12-08 00:00:00+00:00, run_after=2025-12-09 00:00:00+00:00
[2025-12-09T19:17:38.567+0000] {processor.py:208} INFO - Processing /home/airflow/.local/lib/python3.12/site-packages/airflow/example_dags/tutorial.py took 0.153 seconds
[2025-12-09T19:18:03.668+0000] {processor.py:186} INFO - Started process (PID=421) to work on /home/airflow/.local/lib/python3.12/site-packages/airflow/example_dags/tutorial.py
[2025-12-09T19:18:03.699+0000] {processor.py:914} INFO - Processing file /home/airflow/.local/lib/python3.12/site-packages/airflow/example_dags/tutorial.py for tasks to queue
[2025-12-09T19:18:03.704+0000] {logging_mixin.py:190} INFO - [2025-12-09T19:18:03.703+0000] {dagbag.py:587} INFO - Filling up the DagBag from /home/airflow/.local/lib/python3.12/site-packages/airflow/example_dags/tutorial.py
[2025-12-09T19:18:03.718+0000] {processor.py:925} INFO - DAG(s) 'tutorial' retrieved from /home/airflow/.local/lib/python3.12/site-packages/airflow/example_dags/tutorial.py
[2025-12-09T19:18:03.753+0000] {logging_mixin.py:190} INFO - [2025-12-09T19:18:03.753+0000] {dag.py:3229} INFO - Sync 1 DAGs
[2025-12-09T19:18:03.800+0000] {logging_mixin.py:190} INFO - [2025-12-09T19:18:03.800+0000] {dag.py:4156} INFO - Setting next_dagrun for tutorial to 2025-12-08 00:00:00+00:00, run_after=2025-12-09 00:00:00+00:00
[2025-12-09T19:18:03.829+0000] {processor.py:208} INFO - Processing /home/airflow/.local/lib/python3.12/site-packages/airflow/example_dags/tutorial.py took 0.172 seconds
[2025-12-09T19:18:33.739+0000] {processor.py:186} INFO - Started process (PID=482) to work on /home/airflow/.local/lib/python3.12/site-packages/airflow/example_dags/tutorial.py
[2025-12-09T19:18:33.774+0000] {processor.py:914} INFO - Processing file /home/airflow/.local/lib/python3.12/site-packages/airflow/example_dags/tutorial.py for tasks to queue
[2025-12-09T19:18:33.779+0000] {logging_mixin.py:190} INFO - [2025-12-09T19:18:33.779+0000] {dagbag.py:587} INFO - Filling up the DagBag from /home/airflow/.local/lib/python3.12/site-packages/airflow/example_dags/tutorial.py
[2025-12-09T19:18:33.795+0000] {processor.py:925} INFO - DAG(s) 'tutorial' retrieved from /home/airflow/.local/lib/python3.12/site-packages/airflow/example_dags/tutorial.py
[2025-12-09T19:18:33.838+0000] {logging_mixin.py:190} INFO - [2025-12-09T19:18:33.837+0000] {dag.py:3229} INFO - Sync 1 DAGs
[2025-12-09T19:18:33.881+0000] {logging_mixin.py:190} INFO - [2025-12-09T19:18:33.880+0000] {dag.py:4156} INFO - Setting next_dagrun for tutorial to 2025-12-08 00:00:00+00:00, run_after=2025-12-09 00:00:00+00:00
[2025-12-09T19:18:33.949+0000] {processor.py:208} INFO - Processing /home/airflow/.local/lib/python3.12/site-packages/airflow/example_dags/tutorial.py took 0.223 seconds
[2025-12-09T19:18:58.659+0000] {processor.py:186} INFO - Started process (PID=538) to work on /home/airflow/.local/lib/python3.12/site-packages/airflow/example_dags/tutorial.py
[2025-12-09T19:18:58.661+0000] {processor.py:914} INFO - Processing file /home/airflow/.local/lib/python3.12/site-packages/airflow/example_dags/tutorial.py for tasks to queue
[2025-12-09T19:18:58.665+0000] {logging_mixin.py:190} INFO - [2025-12-09T19:18:58.664+0000] {dagbag.py:587} INFO - Filling up the DagBag from /home/airflow/.local/lib/python3.12/site-packages/airflow/example_dags/tutorial.py
[2025-12-09T19:18:58.677+0000] {processor.py:925} INFO - DAG(s) 'tutorial' retrieved from /home/airflow/.local/lib/python3.12/site-packages/airflow/example_dags/tutorial.py
[2025-12-09T19:18:58.707+0000] {logging_mixin.py:190} INFO - [2025-12-09T19:18:58.707+0000] {dag.py:3229} INFO - Sync 1 DAGs
[2025-12-09T19:18:58.744+0000] {logging_mixin.py:190} INFO - [2025-12-09T19:18:58.744+0000] {dag.py:4156} INFO - Setting next_dagrun for tutorial to 2025-12-08 00:00:00+00:00, run_after=2025-12-09 00:00:00+00:00
[2025-12-09T19:18:58.770+0000] {processor.py:208} INFO - Processing /home/airflow/.local/lib/python3.12/site-packages/airflow/example_dags/tutorial.py took 0.120 seconds
[2025-12-09T19:19:23.590+0000] {processor.py:186} INFO - Started process (PID=591) to work on /home/airflow/.local/lib/python3.12/site-packages/airflow/example_dags/tutorial.py
[2025-12-09T19:19:23.592+0000] {processor.py:914} INFO - Processing file /home/airflow/.local/lib/python3.12/site-packages/airflow/example_dags/tutorial.py for tasks to queue
[2025-12-09T19:19:23.597+0000] {logging_mixin.py:190} INFO - [2025-12-09T19:19:23.596+0000] {dagbag.py:587} INFO - Filling up the DagBag from /home/airflow/.local/lib/python3.12/site-packages/airflow/example_dags/tutorial.py
[2025-12-09T19:19:23.611+0000] {processor.py:925} INFO - DAG(s) 'tutorial' retrieved from /home/airflow/.local/lib/python3.12/site-packages/airflow/example_dags/tutorial.py
[2025-12-09T19:19:23.643+0000] {logging_mixin.py:190} INFO - [2025-12-09T19:19:23.643+0000] {dag.py:3229} INFO - Sync 1 DAGs
[2025-12-09T19:19:23.675+0000] {logging_mixin.py:190} INFO - [2025-12-09T19:19:23.674+0000] {dag.py:4156} INFO - Setting next_dagrun for tutorial to 2025-12-08 00:00:00+00:00, run_after=2025-12-09 00:00:00+00:00
[2025-12-09T19:19:23.732+0000] {processor.py:208} INFO - Processing /home/airflow/.local/lib/python3.12/site-packages/airflow/example_dags/tutorial.py took 0.152 seconds
[2025-12-09T19:19:48.589+0000] {processor.py:186} INFO - Started process (PID=640) to work on /home/airflow/.local/lib/python3.12/site-packages/airflow/example_dags/tutorial.py
[2025-12-09T19:19:48.591+0000] {processor.py:914} INFO - Processing file /home/airflow/.local/lib/python3.12/site-packages/airflow/example_dags/tutorial.py for tasks to queue
[2025-12-09T19:19:48.594+0000] {logging_mixin.py:190} INFO - [2025-12-09T19:19:48.593+0000] {dagbag.py:587} INFO - Filling up the DagBag from /home/airflow/.local/lib/python3.12/site-packages/airflow/example_dags/tutorial.py
[2025-12-09T19:19:48.610+0000] {processor.py:925} INFO - DAG(s) 'tutorial' retrieved from /home/airflow/.local/lib/python3.12/site-packages/airflow/example_dags/tutorial.py
[2025-12-09T19:19:48.643+0000] {logging_mixin.py:190} INFO - [2025-12-09T19:19:48.643+0000] {dag.py:3229} INFO - Sync 1 DAGs
[2025-12-09T19:19:48.682+0000] {logging_mixin.py:190} INFO - [2025-12-09T19:19:48.682+0000] {dag.py:4156} INFO - Setting next_dagrun for tutorial to 2025-12-08 00:00:00+00:00, run_after=2025-12-09 00:00:00+00:00
[2025-12-09T19:19:48.719+0000] {processor.py:208} INFO - Processing /home/airflow/.local/lib/python3.12/site-packages/airflow/example_dags/tutorial.py took 0.140 seconds
[2025-12-09T19:20:26.912+0000] {processor.py:186} INFO - Started process (PID=702) to work on /home/airflow/.local/lib/python3.12/site-packages/airflow/example_dags/tutorial.py
[2025-12-09T19:20:26.914+0000] {processor.py:914} INFO - Processing file /home/airflow/.local/lib/python3.12/site-packages/airflow/example_dags/tutorial.py for tasks to queue
[2025-12-09T19:20:26.920+0000] {logging_mixin.py:190} INFO - [2025-12-09T19:20:26.919+0000] {dagbag.py:587} INFO - Filling up the DagBag from /home/airflow/.local/lib/python3.12/site-packages/airflow/example_dags/tutorial.py
[2025-12-09T19:20:26.935+0000] {processor.py:925} INFO - DAG(s) 'tutorial' retrieved from /home/airflow/.local/lib/python3.12/site-packages/airflow/example_dags/tutorial.py
[2025-12-09T19:20:26.971+0000] {logging_mixin.py:190} INFO - [2025-12-09T19:20:26.970+0000] {dag.py:3229} INFO - Sync 1 DAGs
[2025-12-09T19:20:27.010+0000] {logging_mixin.py:190} INFO - [2025-12-09T19:20:27.010+0000] {dag.py:4156} INFO - Setting next_dagrun for tutorial to 2025-12-08 00:00:00+00:00, run_after=2025-12-09 00:00:00+00:00
[2025-12-09T19:20:27.074+0000] {processor.py:208} INFO - Processing /home/airflow/.local/lib/python3.12/site-packages/airflow/example_dags/tutorial.py took 0.173 seconds
[2025-12-09T19:20:57.506+0000] {processor.py:186} INFO - Started process (PID=791) to work on /home/airflow/.local/lib/python3.12/site-packages/airflow/example_dags/tutorial.py
[2025-12-09T19:20:57.540+0000] {processor.py:914} INFO - Processing file /home/airflow/.local/lib/python3.12/site-packages/airflow/example_dags/tutorial.py for tasks to queue
[2025-12-09T19:20:57.545+0000] {logging_mixin.py:190} INFO - [2025-12-09T19:20:57.545+0000] {dagbag.py:587} INFO - Filling up the DagBag from /home/airflow/.local/lib/python3.12/site-packages/airflow/example_dags/tutorial.py
[2025-12-09T19:20:57.559+0000] {processor.py:925} INFO - DAG(s) 'tutorial' retrieved from /home/airflow/.local/lib/python3.12/site-packages/airflow/example_dags/tutorial.py
[2025-12-09T19:20:57.596+0000] {logging_mixin.py:190} INFO - [2025-12-09T19:20:57.596+0000] {dag.py:3229} INFO - Sync 1 DAGs
[2025-12-09T19:20:57.632+0000] {logging_mixin.py:190} INFO - [2025-12-09T19:20:57.632+0000] {dag.py:4156} INFO - Setting next_dagrun for tutorial to 2025-12-08 00:00:00+00:00, run_after=2025-12-09 00:00:00+00:00
[2025-12-09T19:20:57.669+0000] {processor.py:208} INFO - Processing /home/airflow/.local/lib/python3.12/site-packages/airflow/example_dags/tutorial.py took 0.174 seconds
[2025-12-09T19:21:28.625+0000] {processor.py:186} INFO - Started process (PID=853) to work on /home/airflow/.local/lib/python3.12/site-packages/airflow/example_dags/tutorial.py
[2025-12-09T19:21:28.656+0000] {processor.py:914} INFO - Processing file /home/airflow/.local/lib/python3.12/site-packages/airflow/example_dags/tutorial.py for tasks to queue
[2025-12-09T19:21:28.661+0000] {logging_mixin.py:190} INFO - [2025-12-09T19:21:28.661+0000] {dagbag.py:587} INFO - Filling up the DagBag from /home/airflow/.local/lib/python3.12/site-packages/airflow/example_dags/tutorial.py
[2025-12-09T19:21:28.673+0000] {processor.py:925} INFO - DAG(s) 'tutorial' retrieved from /home/airflow/.local/lib/python3.12/site-packages/airflow/example_dags/tutorial.py
[2025-12-09T19:21:28.705+0000] {logging_mixin.py:190} INFO - [2025-12-09T19:21:28.704+0000] {dag.py:3229} INFO - Sync 1 DAGs
[2025-12-09T19:21:28.737+0000] {logging_mixin.py:190} INFO - [2025-12-09T19:21:28.737+0000] {dag.py:4156} INFO - Setting next_dagrun for tutorial to 2025-12-08 00:00:00+00:00, run_after=2025-12-09 00:00:00+00:00
[2025-12-09T19:21:28.798+0000] {processor.py:208} INFO - Processing /home/airflow/.local/lib/python3.12/site-packages/airflow/example_dags/tutorial.py took 0.182 seconds
[2025-12-09T19:21:53.861+0000] {processor.py:186} INFO - Started process (PID=918) to work on /home/airflow/.local/lib/python3.12/site-packages/airflow/example_dags/tutorial.py
[2025-12-09T19:21:53.863+0000] {processor.py:914} INFO - Processing file /home/airflow/.local/lib/python3.12/site-packages/airflow/example_dags/tutorial.py for tasks to queue
[2025-12-09T19:21:53.867+0000] {logging_mixin.py:190} INFO - [2025-12-09T19:21:53.867+0000] {dagbag.py:587} INFO - Filling up the DagBag from /home/airflow/.local/lib/python3.12/site-packages/airflow/example_dags/tutorial.py
[2025-12-09T19:21:53.879+0000] {processor.py:925} INFO - DAG(s) 'tutorial' retrieved from /home/airflow/.local/lib/python3.12/site-packages/airflow/example_dags/tutorial.py
[2025-12-09T19:21:53.911+0000] {logging_mixin.py:190} INFO - [2025-12-09T19:21:53.911+0000] {dag.py:3229} INFO - Sync 1 DAGs
[2025-12-09T19:21:53.945+0000] {logging_mixin.py:190} INFO - [2025-12-09T19:21:53.945+0000] {dag.py:4156} INFO - Setting next_dagrun for tutorial to 2025-12-08 00:00:00+00:00, run_after=2025-12-09 00:00:00+00:00
[2025-12-09T19:21:54.009+0000] {processor.py:208} INFO - Processing /home/airflow/.local/lib/python3.12/site-packages/airflow/example_dags/tutorial.py took 0.157 seconds
[2025-12-09T19:22:24.711+0000] {processor.py:186} INFO - Started process (PID=978) to work on /home/airflow/.local/lib/python3.12/site-packages/airflow/example_dags/tutorial.py
[2025-12-09T19:22:24.745+0000] {processor.py:914} INFO - Processing file /home/airflow/.local/lib/python3.12/site-packages/airflow/example_dags/tutorial.py for tasks to queue
[2025-12-09T19:22:24.751+0000] {logging_mixin.py:190} INFO - [2025-12-09T19:22:24.750+0000] {dagbag.py:587} INFO - Filling up the DagBag from /home/airflow/.local/lib/python3.12/site-packages/airflow/example_dags/tutorial.py
[2025-12-09T19:22:24.766+0000] {processor.py:925} INFO - DAG(s) 'tutorial' retrieved from /home/airflow/.local/lib/python3.12/site-packages/airflow/example_dags/tutorial.py
[2025-12-09T19:22:24.801+0000] {logging_mixin.py:190} INFO - [2025-12-09T19:22:24.801+0000] {dag.py:3229} INFO - Sync 1 DAGs
[2025-12-09T19:22:24.845+0000] {logging_mixin.py:190} INFO - [2025-12-09T19:22:24.845+0000] {dag.py:4156} INFO - Setting next_dagrun for tutorial to 2025-12-08 00:00:00+00:00, run_after=2025-12-09 00:00:00+00:00
[2025-12-09T19:22:24.907+0000] {processor.py:208} INFO - Processing /home/airflow/.local/lib/python3.12/site-packages/airflow/example_dags/tutorial.py took 0.206 seconds
[2025-12-09T19:22:57.194+0000] {processor.py:186} INFO - Started process (PID=1015) to work on /home/airflow/.local/lib/python3.12/site-packages/airflow/example_dags/tutorial.py
[2025-12-09T19:22:57.216+0000] {processor.py:914} INFO - Processing file /home/airflow/.local/lib/python3.12/site-packages/airflow/example_dags/tutorial.py for tasks to queue
[2025-12-09T19:22:57.219+0000] {logging_mixin.py:190} INFO - [2025-12-09T19:22:57.219+0000] {dagbag.py:587} INFO - Filling up the DagBag from /home/airflow/.local/lib/python3.12/site-packages/airflow/example_dags/tutorial.py
[2025-12-09T19:22:57.231+0000] {processor.py:925} INFO - DAG(s) 'tutorial' retrieved from /home/airflow/.local/lib/python3.12/site-packages/airflow/example_dags/tutorial.py
[2025-12-09T19:22:57.262+0000] {logging_mixin.py:190} INFO - [2025-12-09T19:22:57.262+0000] {dag.py:3229} INFO - Sync 1 DAGs
[2025-12-09T19:22:57.294+0000] {logging_mixin.py:190} INFO - [2025-12-09T19:22:57.294+0000] {dag.py:4156} INFO - Setting next_dagrun for tutorial to 2025-12-08 00:00:00+00:00, run_after=2025-12-09 00:00:00+00:00
[2025-12-09T19:22:57.353+0000] {processor.py:208} INFO - Processing /home/airflow/.local/lib/python3.12/site-packages/airflow/example_dags/tutorial.py took 0.168 seconds
[2025-12-09T19:23:23.891+0000] {processor.py:186} INFO - Started process (PID=1113) to work on /home/airflow/.local/lib/python3.12/site-packages/airflow/example_dags/tutorial.py
[2025-12-09T19:23:23.893+0000] {processor.py:914} INFO - Processing file /home/airflow/.local/lib/python3.12/site-packages/airflow/example_dags/tutorial.py for tasks to queue
[2025-12-09T19:23:23.897+0000] {logging_mixin.py:190} INFO - [2025-12-09T19:23:23.896+0000] {dagbag.py:587} INFO - Filling up the DagBag from /home/airflow/.local/lib/python3.12/site-packages/airflow/example_dags/tutorial.py
[2025-12-09T19:23:23.910+0000] {processor.py:925} INFO - DAG(s) 'tutorial' retrieved from /home/airflow/.local/lib/python3.12/site-packages/airflow/example_dags/tutorial.py
[2025-12-09T19:23:23.942+0000] {logging_mixin.py:190} INFO - [2025-12-09T19:23:23.942+0000] {dag.py:3229} INFO - Sync 1 DAGs
[2025-12-09T19:23:23.973+0000] {logging_mixin.py:190} INFO - [2025-12-09T19:23:23.973+0000] {dag.py:4156} INFO - Setting next_dagrun for tutorial to 2025-12-08 00:00:00+00:00, run_after=2025-12-09 00:00:00+00:00
[2025-12-09T19:23:24.011+0000] {processor.py:208} INFO - Processing /home/airflow/.local/lib/python3.12/site-packages/airflow/example_dags/tutorial.py took 0.129 seconds
[2025-12-09T19:24:02.419+0000] {processor.py:186} INFO - Started process (PID=1167) to work on /home/airflow/.local/lib/python3.12/site-packages/airflow/example_dags/tutorial.py
[2025-12-09T19:24:02.453+0000] {processor.py:914} INFO - Processing file /home/airflow/.local/lib/python3.12/site-packages/airflow/example_dags/tutorial.py for tasks to queue
[2025-12-09T19:24:02.456+0000] {logging_mixin.py:190} INFO - [2025-12-09T19:24:02.456+0000] {dagbag.py:587} INFO - Filling up the DagBag from /home/airflow/.local/lib/python3.12/site-packages/airflow/example_dags/tutorial.py
[2025-12-09T19:24:02.470+0000] {processor.py:925} INFO - DAG(s) 'tutorial' retrieved from /home/airflow/.local/lib/python3.12/site-packages/airflow/example_dags/tutorial.py
[2025-12-09T19:23:53.883+0000] {logging_mixin.py:190} INFO - [2025-12-09T19:23:53.883+0000] {dag.py:3229} INFO - Sync 1 DAGs
[2025-12-09T19:23:53.922+0000] {logging_mixin.py:190} INFO - [2025-12-09T19:23:53.921+0000] {dag.py:4156} INFO - Setting next_dagrun for tutorial to 2025-12-08 00:00:00+00:00, run_after=2025-12-09 00:00:00+00:00
[2025-12-09T19:23:53.950+0000] {processor.py:208} INFO - Processing /home/airflow/.local/lib/python3.12/site-packages/airflow/example_dags/tutorial.py took 0.165 seconds
[2025-12-09T19:24:27.187+0000] {processor.py:186} INFO - Started process (PID=1219) to work on /home/airflow/.local/lib/python3.12/site-packages/airflow/example_dags/tutorial.py
[2025-12-09T19:24:27.190+0000] {processor.py:914} INFO - Processing file /home/airflow/.local/lib/python3.12/site-packages/airflow/example_dags/tutorial.py for tasks to queue
[2025-12-09T19:24:27.193+0000] {logging_mixin.py:190} INFO - [2025-12-09T19:24:27.192+0000] {dagbag.py:587} INFO - Filling up the DagBag from /home/airflow/.local/lib/python3.12/site-packages/airflow/example_dags/tutorial.py
[2025-12-09T19:24:27.205+0000] {processor.py:925} INFO - DAG(s) 'tutorial' retrieved from /home/airflow/.local/lib/python3.12/site-packages/airflow/example_dags/tutorial.py
[2025-12-09T19:24:27.240+0000] {logging_mixin.py:190} INFO - [2025-12-09T19:24:27.239+0000] {dag.py:3229} INFO - Sync 1 DAGs
[2025-12-09T19:24:27.275+0000] {logging_mixin.py:190} INFO - [2025-12-09T19:24:27.274+0000] {dag.py:4156} INFO - Setting next_dagrun for tutorial to 2025-12-08 00:00:00+00:00, run_after=2025-12-09 00:00:00+00:00
[2025-12-09T19:24:27.334+0000] {processor.py:208} INFO - Processing /home/airflow/.local/lib/python3.12/site-packages/airflow/example_dags/tutorial.py took 0.159 seconds
[2025-12-09T19:25:02.228+0000] {processor.py:186} INFO - Started process (PID=1312) to work on /home/airflow/.local/lib/python3.12/site-packages/airflow/example_dags/tutorial.py
[2025-12-09T19:25:02.230+0000] {processor.py:914} INFO - Processing file /home/airflow/.local/lib/python3.12/site-packages/airflow/example_dags/tutorial.py for tasks to queue
[2025-12-09T19:25:02.233+0000] {logging_mixin.py:190} INFO - [2025-12-09T19:25:02.233+0000] {dagbag.py:587} INFO - Filling up the DagBag from /home/airflow/.local/lib/python3.12/site-packages/airflow/example_dags/tutorial.py
[2025-12-09T19:25:02.245+0000] {processor.py:925} INFO - DAG(s) 'tutorial' retrieved from /home/airflow/.local/lib/python3.12/site-packages/airflow/example_dags/tutorial.py
[2025-12-09T19:25:02.278+0000] {logging_mixin.py:190} INFO - [2025-12-09T19:25:02.277+0000] {dag.py:3229} INFO - Sync 1 DAGs
[2025-12-09T19:25:02.309+0000] {logging_mixin.py:190} INFO - [2025-12-09T19:25:02.308+0000] {dag.py:4156} INFO - Setting next_dagrun for tutorial to 2025-12-08 00:00:00+00:00, run_after=2025-12-09 00:00:00+00:00
[2025-12-09T19:25:02.365+0000] {processor.py:208} INFO - Processing /home/airflow/.local/lib/python3.12/site-packages/airflow/example_dags/tutorial.py took 0.147 seconds
[2025-12-09T19:25:37.263+0000] {processor.py:186} INFO - Started process (PID=1380) to work on /home/airflow/.local/lib/python3.12/site-packages/airflow/example_dags/tutorial.py
[2025-12-09T19:25:37.265+0000] {processor.py:914} INFO - Processing file /home/airflow/.local/lib/python3.12/site-packages/airflow/example_dags/tutorial.py for tasks to queue
[2025-12-09T19:25:37.268+0000] {logging_mixin.py:190} INFO - [2025-12-09T19:25:37.268+0000] {dagbag.py:587} INFO - Filling up the DagBag from /home/airflow/.local/lib/python3.12/site-packages/airflow/example_dags/tutorial.py
[2025-12-09T19:25:37.282+0000] {processor.py:925} INFO - DAG(s) 'tutorial' retrieved from /home/airflow/.local/lib/python3.12/site-packages/airflow/example_dags/tutorial.py
[2025-12-09T19:25:37.314+0000] {logging_mixin.py:190} INFO - [2025-12-09T19:25:37.313+0000] {dag.py:3229} INFO - Sync 1 DAGs
[2025-12-09T19:25:37.348+0000] {logging_mixin.py:190} INFO - [2025-12-09T19:25:37.347+0000] {dag.py:4156} INFO - Setting next_dagrun for tutorial to 2025-12-08 00:00:00+00:00, run_after=2025-12-09 00:00:00+00:00
[2025-12-09T19:25:37.401+0000] {processor.py:208} INFO - Processing /home/airflow/.local/lib/python3.12/site-packages/airflow/example_dags/tutorial.py took 0.148 seconds
[2025-12-09T19:26:07.521+0000] {processor.py:186} INFO - Started process (PID=1461) to work on /home/airflow/.local/lib/python3.12/site-packages/airflow/example_dags/tutorial.py
[2025-12-09T19:26:07.537+0000] {processor.py:914} INFO - Processing file /home/airflow/.local/lib/python3.12/site-packages/airflow/example_dags/tutorial.py for tasks to queue
[2025-12-09T19:26:15.735+0000] {logging_mixin.py:190} INFO - [2025-12-09T19:26:15.734+0000] {dagbag.py:587} INFO - Filling up the DagBag from /home/airflow/.local/lib/python3.12/site-packages/airflow/example_dags/tutorial.py
[2025-12-09T19:26:15.751+0000] {processor.py:925} INFO - DAG(s) 'tutorial' retrieved from /home/airflow/.local/lib/python3.12/site-packages/airflow/example_dags/tutorial.py
[2025-12-09T19:26:15.792+0000] {logging_mixin.py:190} INFO - [2025-12-09T19:26:15.791+0000] {dag.py:3229} INFO - Sync 1 DAGs
[2025-12-09T19:26:15.835+0000] {logging_mixin.py:190} INFO - [2025-12-09T19:26:15.835+0000] {dag.py:4156} INFO - Setting next_dagrun for tutorial to 2025-12-08 00:00:00+00:00, run_after=2025-12-09 00:00:00+00:00
[2025-12-09T19:26:15.876+0000] {processor.py:208} INFO - Processing /home/airflow/.local/lib/python3.12/site-packages/airflow/example_dags/tutorial.py took 0.176 seconds
